[2023-08-18 16:02:32,570] {taskinstance.py:1159} INFO - Dependencies all met for <TaskInstance: dados_climaticos.cria_pasta scheduled__2023-08-07T00:00:00+00:00 [queued]>
[2023-08-18 16:02:32,576] {taskinstance.py:1159} INFO - Dependencies all met for <TaskInstance: dados_climaticos.cria_pasta scheduled__2023-08-07T00:00:00+00:00 [queued]>
[2023-08-18 16:02:32,576] {taskinstance.py:1356} INFO - 
--------------------------------------------------------------------------------
[2023-08-18 16:02:32,576] {taskinstance.py:1357} INFO - Starting attempt 1 of 1
[2023-08-18 16:02:32,576] {taskinstance.py:1358} INFO - 
--------------------------------------------------------------------------------
[2023-08-18 16:02:32,587] {taskinstance.py:1377} INFO - Executing <Task(BashOperator): cria_pasta> on 2023-08-07 00:00:00+00:00
[2023-08-18 16:02:32,591] {standard_task_runner.py:52} INFO - Started process 13278 to run task
[2023-08-18 16:02:32,596] {standard_task_runner.py:79} INFO - Running: ['airflow', 'tasks', 'run', 'dados_climaticos', 'cria_pasta', 'scheduled__2023-08-07T00:00:00+00:00', '--job-id', '5', '--raw', '--subdir', 'DAGS_FOLDER/dados_climaticos.py', '--cfg-path', '/tmp/tmplj4405_w', '--error-file', '/tmp/tmpkmrnpmi1']
[2023-08-18 16:02:32,597] {standard_task_runner.py:80} INFO - Job 5: Subtask cria_pasta
[2023-08-18 16:02:32,639] {task_command.py:370} INFO - Running <TaskInstance: dados_climaticos.cria_pasta scheduled__2023-08-07T00:00:00+00:00 [running]> on host linuxlite-virtual-machine
[2023-08-18 16:02:32,684] {taskinstance.py:1569} INFO - Exporting the following env vars:
AIRFLOW_CTX_DAG_OWNER=airflow
AIRFLOW_CTX_DAG_ID=dados_climaticos
AIRFLOW_CTX_TASK_ID=cria_pasta
AIRFLOW_CTX_EXECUTION_DATE=2023-08-07T00:00:00+00:00
AIRFLOW_CTX_TRY_NUMBER=1
AIRFLOW_CTX_DAG_RUN_ID=scheduled__2023-08-07T00:00:00+00:00
[2023-08-18 16:02:32,685] {subprocess.py:62} INFO - Tmp dir root location: 
 /tmp
[2023-08-18 16:02:32,686] {subprocess.py:74} INFO - Running command: ['bash', '-c', 'mkdir -p "/home/linuxlite/Documentos/airflow/semana=2023-08-14"']
[2023-08-18 16:02:32,694] {subprocess.py:85} INFO - Output:
[2023-08-18 16:02:32,700] {subprocess.py:96} INFO - Command exited with return code 0
[2023-08-18 16:02:32,720] {taskinstance.py:1395} INFO - Marking task as SUCCESS. dag_id=dados_climaticos, task_id=cria_pasta, execution_date=20230807T000000, start_date=20230818T190232, end_date=20230818T190232
[2023-08-18 16:02:32,770] {local_task_job.py:156} INFO - Task exited with return code 0
[2023-08-18 16:02:32,790] {local_task_job.py:273} INFO - 1 downstream tasks scheduled from follow-on schedule check
[2023-08-18 16:05:11,465] {taskinstance.py:1159} INFO - Dependencies all met for <TaskInstance: dados_climaticos.cria_pasta scheduled__2023-08-07T00:00:00+00:00 [queued]>
[2023-08-18 16:05:11,473] {taskinstance.py:1159} INFO - Dependencies all met for <TaskInstance: dados_climaticos.cria_pasta scheduled__2023-08-07T00:00:00+00:00 [queued]>
[2023-08-18 16:05:11,473] {taskinstance.py:1356} INFO - 
--------------------------------------------------------------------------------
[2023-08-18 16:05:11,474] {taskinstance.py:1357} INFO - Starting attempt 1 of 1
[2023-08-18 16:05:11,474] {taskinstance.py:1358} INFO - 
--------------------------------------------------------------------------------
[2023-08-18 16:05:11,489] {taskinstance.py:1377} INFO - Executing <Task(BashOperator): cria_pasta> on 2023-08-07 00:00:00+00:00
[2023-08-18 16:05:11,493] {standard_task_runner.py:52} INFO - Started process 13464 to run task
[2023-08-18 16:05:11,498] {standard_task_runner.py:79} INFO - Running: ['airflow', 'tasks', 'run', 'dados_climaticos', 'cria_pasta', 'scheduled__2023-08-07T00:00:00+00:00', '--job-id', '5', '--raw', '--subdir', 'DAGS_FOLDER/dados_climaticos.py', '--cfg-path', '/tmp/tmpnyj37p8f', '--error-file', '/tmp/tmp4c3_an_s']
[2023-08-18 16:05:11,499] {standard_task_runner.py:80} INFO - Job 5: Subtask cria_pasta
[2023-08-18 16:05:11,577] {task_command.py:370} INFO - Running <TaskInstance: dados_climaticos.cria_pasta scheduled__2023-08-07T00:00:00+00:00 [running]> on host linuxlite-virtual-machine
[2023-08-18 16:05:11,673] {taskinstance.py:1569} INFO - Exporting the following env vars:
AIRFLOW_CTX_DAG_OWNER=airflow
AIRFLOW_CTX_DAG_ID=dados_climaticos
AIRFLOW_CTX_TASK_ID=cria_pasta
AIRFLOW_CTX_EXECUTION_DATE=2023-08-07T00:00:00+00:00
AIRFLOW_CTX_TRY_NUMBER=1
AIRFLOW_CTX_DAG_RUN_ID=scheduled__2023-08-07T00:00:00+00:00
[2023-08-18 16:05:11,675] {subprocess.py:62} INFO - Tmp dir root location: 
 /tmp
[2023-08-18 16:05:11,675] {subprocess.py:74} INFO - Running command: ['bash', '-c', 'mkdir -p "/home/linuxlite/Documentos/airflow/semana=2023-08-14"']
[2023-08-18 16:05:11,690] {subprocess.py:85} INFO - Output:
[2023-08-18 16:05:11,694] {subprocess.py:96} INFO - Command exited with return code 0
[2023-08-18 16:05:11,747] {taskinstance.py:1395} INFO - Marking task as SUCCESS. dag_id=dados_climaticos, task_id=cria_pasta, execution_date=20230807T000000, start_date=20230818T190511, end_date=20230818T190511
[2023-08-18 16:05:11,794] {local_task_job.py:156} INFO - Task exited with return code 0
[2023-08-18 16:05:11,886] {local_task_job.py:273} INFO - 1 downstream tasks scheduled from follow-on schedule check
