[2023-08-28 23:10:06,187] {taskinstance.py:1159} INFO - Dependencies all met for <TaskInstance: dados_climaticos.cria_pasta scheduled__2023-08-21T00:00:00+00:00 [queued]>
[2023-08-28 23:10:06,263] {taskinstance.py:1159} INFO - Dependencies all met for <TaskInstance: dados_climaticos.cria_pasta scheduled__2023-08-21T00:00:00+00:00 [queued]>
[2023-08-28 23:10:06,264] {taskinstance.py:1356} INFO - 
--------------------------------------------------------------------------------
[2023-08-28 23:10:06,264] {taskinstance.py:1357} INFO - Starting attempt 1 of 1
[2023-08-28 23:10:06,264] {taskinstance.py:1358} INFO - 
--------------------------------------------------------------------------------
[2023-08-28 23:10:06,358] {taskinstance.py:1377} INFO - Executing <Task(BashOperator): cria_pasta> on 2023-08-21 00:00:00+00:00
[2023-08-28 23:10:06,370] {standard_task_runner.py:52} INFO - Started process 59596 to run task
[2023-08-28 23:10:06,407] {standard_task_runner.py:79} INFO - Running: ['airflow', 'tasks', 'run', 'dados_climaticos', 'cria_pasta', 'scheduled__2023-08-21T00:00:00+00:00', '--job-id', '19', '--raw', '--subdir', 'DAGS_FOLDER/dados_climaticos.py', '--cfg-path', '/tmp/tmpraf592r7', '--error-file', '/tmp/tmp1_19ey0k']
[2023-08-28 23:10:06,408] {standard_task_runner.py:80} INFO - Job 19: Subtask cria_pasta
[2023-08-28 23:10:06,596] {task_command.py:370} INFO - Running <TaskInstance: dados_climaticos.cria_pasta scheduled__2023-08-21T00:00:00+00:00 [running]> on host linuxlite-virtual-machine
[2023-08-28 23:10:07,082] {taskinstance.py:1569} INFO - Exporting the following env vars:
AIRFLOW_CTX_DAG_OWNER=airflow
AIRFLOW_CTX_DAG_ID=dados_climaticos
AIRFLOW_CTX_TASK_ID=cria_pasta
AIRFLOW_CTX_EXECUTION_DATE=2023-08-21T00:00:00+00:00
AIRFLOW_CTX_TRY_NUMBER=1
AIRFLOW_CTX_DAG_RUN_ID=scheduled__2023-08-21T00:00:00+00:00
[2023-08-28 23:10:07,088] {subprocess.py:62} INFO - Tmp dir root location: 
 /tmp
[2023-08-28 23:10:07,090] {subprocess.py:74} INFO - Running command: ['bash', '-c', 'mkdir -p "/home/linuxlite/Documentos/airflow/semana=2023-08-28"']
[2023-08-28 23:10:07,126] {subprocess.py:85} INFO - Output:
[2023-08-28 23:10:07,138] {subprocess.py:96} INFO - Command exited with return code 0
[2023-08-28 23:10:07,191] {taskinstance.py:1395} INFO - Marking task as SUCCESS. dag_id=dados_climaticos, task_id=cria_pasta, execution_date=20230821T000000, start_date=20230829T021006, end_date=20230829T021007
[2023-08-28 23:10:07,265] {local_task_job.py:156} INFO - Task exited with return code 0
[2023-08-28 23:10:07,414] {local_task_job.py:273} INFO - 1 downstream tasks scheduled from follow-on schedule check
