[2023-08-28 23:10:08,747] {processor.py:153} INFO - Started process (PID=59648) to work on /home/linuxlite/Documentos/airflow/venv/lib/python3.9/site-packages/airflow/example_dags/subdags/subdag.py
[2023-08-28 23:10:08,752] {processor.py:641} INFO - Processing file /home/linuxlite/Documentos/airflow/venv/lib/python3.9/site-packages/airflow/example_dags/subdags/subdag.py for tasks to queue
[2023-08-28 23:10:08,765] {logging_mixin.py:115} INFO - [2023-08-28 23:10:08,762] {dagbag.py:507} INFO - Filling up the DagBag from /home/linuxlite/Documentos/airflow/venv/lib/python3.9/site-packages/airflow/example_dags/subdags/subdag.py
[2023-08-28 23:10:08,786] {processor.py:653} WARNING - No viable dags retrieved from /home/linuxlite/Documentos/airflow/venv/lib/python3.9/site-packages/airflow/example_dags/subdags/subdag.py
[2023-08-28 23:10:08,875] {processor.py:161} INFO - Processing /home/linuxlite/Documentos/airflow/venv/lib/python3.9/site-packages/airflow/example_dags/subdags/subdag.py took 0.141 seconds
[2023-08-28 23:11:15,467] {processor.py:153} INFO - Started process (PID=60045) to work on /home/linuxlite/Documentos/airflow/venv/lib/python3.9/site-packages/airflow/example_dags/subdags/subdag.py
[2023-08-28 23:11:15,467] {processor.py:641} INFO - Processing file /home/linuxlite/Documentos/airflow/venv/lib/python3.9/site-packages/airflow/example_dags/subdags/subdag.py for tasks to queue
[2023-08-28 23:11:15,468] {logging_mixin.py:115} INFO - [2023-08-28 23:11:15,468] {dagbag.py:507} INFO - Filling up the DagBag from /home/linuxlite/Documentos/airflow/venv/lib/python3.9/site-packages/airflow/example_dags/subdags/subdag.py
[2023-08-28 23:11:15,469] {processor.py:653} WARNING - No viable dags retrieved from /home/linuxlite/Documentos/airflow/venv/lib/python3.9/site-packages/airflow/example_dags/subdags/subdag.py
[2023-08-28 23:11:15,482] {processor.py:161} INFO - Processing /home/linuxlite/Documentos/airflow/venv/lib/python3.9/site-packages/airflow/example_dags/subdags/subdag.py took 0.018 seconds
[2023-08-28 23:11:51,136] {processor.py:153} INFO - Started process (PID=60082) to work on /home/linuxlite/Documentos/airflow/venv/lib/python3.9/site-packages/airflow/example_dags/subdags/subdag.py
[2023-08-28 23:11:51,136] {processor.py:641} INFO - Processing file /home/linuxlite/Documentos/airflow/venv/lib/python3.9/site-packages/airflow/example_dags/subdags/subdag.py for tasks to queue
[2023-08-28 23:11:51,137] {logging_mixin.py:115} INFO - [2023-08-28 23:11:51,137] {dagbag.py:507} INFO - Filling up the DagBag from /home/linuxlite/Documentos/airflow/venv/lib/python3.9/site-packages/airflow/example_dags/subdags/subdag.py
[2023-08-28 23:11:51,138] {processor.py:653} WARNING - No viable dags retrieved from /home/linuxlite/Documentos/airflow/venv/lib/python3.9/site-packages/airflow/example_dags/subdags/subdag.py
[2023-08-28 23:11:51,150] {processor.py:161} INFO - Processing /home/linuxlite/Documentos/airflow/venv/lib/python3.9/site-packages/airflow/example_dags/subdags/subdag.py took 0.017 seconds
[2023-08-28 23:12:24,893] {processor.py:153} INFO - Started process (PID=60124) to work on /home/linuxlite/Documentos/airflow/venv/lib/python3.9/site-packages/airflow/example_dags/subdags/subdag.py
[2023-08-28 23:12:24,896] {processor.py:641} INFO - Processing file /home/linuxlite/Documentos/airflow/venv/lib/python3.9/site-packages/airflow/example_dags/subdags/subdag.py for tasks to queue
[2023-08-28 23:12:24,897] {logging_mixin.py:115} INFO - [2023-08-28 23:12:24,897] {dagbag.py:507} INFO - Filling up the DagBag from /home/linuxlite/Documentos/airflow/venv/lib/python3.9/site-packages/airflow/example_dags/subdags/subdag.py
[2023-08-28 23:12:24,898] {processor.py:653} WARNING - No viable dags retrieved from /home/linuxlite/Documentos/airflow/venv/lib/python3.9/site-packages/airflow/example_dags/subdags/subdag.py
[2023-08-28 23:12:24,940] {processor.py:161} INFO - Processing /home/linuxlite/Documentos/airflow/venv/lib/python3.9/site-packages/airflow/example_dags/subdags/subdag.py took 0.054 seconds
[2023-08-28 23:13:00,082] {processor.py:153} INFO - Started process (PID=60163) to work on /home/linuxlite/Documentos/airflow/venv/lib/python3.9/site-packages/airflow/example_dags/subdags/subdag.py
[2023-08-28 23:13:00,083] {processor.py:641} INFO - Processing file /home/linuxlite/Documentos/airflow/venv/lib/python3.9/site-packages/airflow/example_dags/subdags/subdag.py for tasks to queue
[2023-08-28 23:13:00,083] {logging_mixin.py:115} INFO - [2023-08-28 23:13:00,083] {dagbag.py:507} INFO - Filling up the DagBag from /home/linuxlite/Documentos/airflow/venv/lib/python3.9/site-packages/airflow/example_dags/subdags/subdag.py
[2023-08-28 23:13:00,085] {processor.py:653} WARNING - No viable dags retrieved from /home/linuxlite/Documentos/airflow/venv/lib/python3.9/site-packages/airflow/example_dags/subdags/subdag.py
[2023-08-28 23:13:00,096] {processor.py:161} INFO - Processing /home/linuxlite/Documentos/airflow/venv/lib/python3.9/site-packages/airflow/example_dags/subdags/subdag.py took 0.017 seconds
[2023-08-28 23:13:33,216] {processor.py:153} INFO - Started process (PID=60200) to work on /home/linuxlite/Documentos/airflow/venv/lib/python3.9/site-packages/airflow/example_dags/subdags/subdag.py
[2023-08-28 23:13:33,217] {processor.py:641} INFO - Processing file /home/linuxlite/Documentos/airflow/venv/lib/python3.9/site-packages/airflow/example_dags/subdags/subdag.py for tasks to queue
[2023-08-28 23:13:33,218] {logging_mixin.py:115} INFO - [2023-08-28 23:13:33,218] {dagbag.py:507} INFO - Filling up the DagBag from /home/linuxlite/Documentos/airflow/venv/lib/python3.9/site-packages/airflow/example_dags/subdags/subdag.py
[2023-08-28 23:13:33,219] {processor.py:653} WARNING - No viable dags retrieved from /home/linuxlite/Documentos/airflow/venv/lib/python3.9/site-packages/airflow/example_dags/subdags/subdag.py
[2023-08-28 23:13:33,231] {processor.py:161} INFO - Processing /home/linuxlite/Documentos/airflow/venv/lib/python3.9/site-packages/airflow/example_dags/subdags/subdag.py took 0.019 seconds
[2023-08-28 23:14:07,123] {processor.py:153} INFO - Started process (PID=60241) to work on /home/linuxlite/Documentos/airflow/venv/lib/python3.9/site-packages/airflow/example_dags/subdags/subdag.py
[2023-08-28 23:14:07,128] {processor.py:641} INFO - Processing file /home/linuxlite/Documentos/airflow/venv/lib/python3.9/site-packages/airflow/example_dags/subdags/subdag.py for tasks to queue
[2023-08-28 23:14:07,129] {logging_mixin.py:115} INFO - [2023-08-28 23:14:07,129] {dagbag.py:507} INFO - Filling up the DagBag from /home/linuxlite/Documentos/airflow/venv/lib/python3.9/site-packages/airflow/example_dags/subdags/subdag.py
[2023-08-28 23:14:07,131] {processor.py:653} WARNING - No viable dags retrieved from /home/linuxlite/Documentos/airflow/venv/lib/python3.9/site-packages/airflow/example_dags/subdags/subdag.py
[2023-08-28 23:14:07,147] {processor.py:161} INFO - Processing /home/linuxlite/Documentos/airflow/venv/lib/python3.9/site-packages/airflow/example_dags/subdags/subdag.py took 0.028 seconds
[2023-08-28 23:14:38,094] {processor.py:153} INFO - Started process (PID=60286) to work on /home/linuxlite/Documentos/airflow/venv/lib/python3.9/site-packages/airflow/example_dags/subdags/subdag.py
[2023-08-28 23:14:38,095] {processor.py:641} INFO - Processing file /home/linuxlite/Documentos/airflow/venv/lib/python3.9/site-packages/airflow/example_dags/subdags/subdag.py for tasks to queue
[2023-08-28 23:14:38,096] {logging_mixin.py:115} INFO - [2023-08-28 23:14:38,096] {dagbag.py:507} INFO - Filling up the DagBag from /home/linuxlite/Documentos/airflow/venv/lib/python3.9/site-packages/airflow/example_dags/subdags/subdag.py
[2023-08-28 23:14:38,098] {processor.py:653} WARNING - No viable dags retrieved from /home/linuxlite/Documentos/airflow/venv/lib/python3.9/site-packages/airflow/example_dags/subdags/subdag.py
[2023-08-28 23:14:38,112] {processor.py:161} INFO - Processing /home/linuxlite/Documentos/airflow/venv/lib/python3.9/site-packages/airflow/example_dags/subdags/subdag.py took 0.025 seconds
[2023-08-28 23:15:09,249] {processor.py:153} INFO - Started process (PID=60422) to work on /home/linuxlite/Documentos/airflow/venv/lib/python3.9/site-packages/airflow/example_dags/subdags/subdag.py
[2023-08-28 23:15:09,250] {processor.py:641} INFO - Processing file /home/linuxlite/Documentos/airflow/venv/lib/python3.9/site-packages/airflow/example_dags/subdags/subdag.py for tasks to queue
[2023-08-28 23:15:09,250] {logging_mixin.py:115} INFO - [2023-08-28 23:15:09,250] {dagbag.py:507} INFO - Filling up the DagBag from /home/linuxlite/Documentos/airflow/venv/lib/python3.9/site-packages/airflow/example_dags/subdags/subdag.py
[2023-08-28 23:15:09,252] {processor.py:653} WARNING - No viable dags retrieved from /home/linuxlite/Documentos/airflow/venv/lib/python3.9/site-packages/airflow/example_dags/subdags/subdag.py
[2023-08-28 23:15:09,264] {processor.py:161} INFO - Processing /home/linuxlite/Documentos/airflow/venv/lib/python3.9/site-packages/airflow/example_dags/subdags/subdag.py took 0.018 seconds
[2023-08-28 23:15:41,503] {processor.py:153} INFO - Started process (PID=60562) to work on /home/linuxlite/Documentos/airflow/venv/lib/python3.9/site-packages/airflow/example_dags/subdags/subdag.py
[2023-08-28 23:15:41,504] {processor.py:641} INFO - Processing file /home/linuxlite/Documentos/airflow/venv/lib/python3.9/site-packages/airflow/example_dags/subdags/subdag.py for tasks to queue
[2023-08-28 23:15:41,505] {logging_mixin.py:115} INFO - [2023-08-28 23:15:41,504] {dagbag.py:507} INFO - Filling up the DagBag from /home/linuxlite/Documentos/airflow/venv/lib/python3.9/site-packages/airflow/example_dags/subdags/subdag.py
[2023-08-28 23:15:41,506] {processor.py:653} WARNING - No viable dags retrieved from /home/linuxlite/Documentos/airflow/venv/lib/python3.9/site-packages/airflow/example_dags/subdags/subdag.py
[2023-08-28 23:15:41,517] {processor.py:161} INFO - Processing /home/linuxlite/Documentos/airflow/venv/lib/python3.9/site-packages/airflow/example_dags/subdags/subdag.py took 0.018 seconds
[2023-08-28 23:16:15,208] {processor.py:153} INFO - Started process (PID=60599) to work on /home/linuxlite/Documentos/airflow/venv/lib/python3.9/site-packages/airflow/example_dags/subdags/subdag.py
[2023-08-28 23:16:15,209] {processor.py:641} INFO - Processing file /home/linuxlite/Documentos/airflow/venv/lib/python3.9/site-packages/airflow/example_dags/subdags/subdag.py for tasks to queue
[2023-08-28 23:16:15,210] {logging_mixin.py:115} INFO - [2023-08-28 23:16:15,210] {dagbag.py:507} INFO - Filling up the DagBag from /home/linuxlite/Documentos/airflow/venv/lib/python3.9/site-packages/airflow/example_dags/subdags/subdag.py
[2023-08-28 23:16:15,212] {processor.py:653} WARNING - No viable dags retrieved from /home/linuxlite/Documentos/airflow/venv/lib/python3.9/site-packages/airflow/example_dags/subdags/subdag.py
[2023-08-28 23:16:15,224] {processor.py:161} INFO - Processing /home/linuxlite/Documentos/airflow/venv/lib/python3.9/site-packages/airflow/example_dags/subdags/subdag.py took 0.021 seconds
[2023-08-28 23:16:46,045] {processor.py:153} INFO - Started process (PID=60808) to work on /home/linuxlite/Documentos/airflow/venv/lib/python3.9/site-packages/airflow/example_dags/subdags/subdag.py
[2023-08-28 23:16:46,046] {processor.py:641} INFO - Processing file /home/linuxlite/Documentos/airflow/venv/lib/python3.9/site-packages/airflow/example_dags/subdags/subdag.py for tasks to queue
[2023-08-28 23:16:46,047] {logging_mixin.py:115} INFO - [2023-08-28 23:16:46,047] {dagbag.py:507} INFO - Filling up the DagBag from /home/linuxlite/Documentos/airflow/venv/lib/python3.9/site-packages/airflow/example_dags/subdags/subdag.py
[2023-08-28 23:16:46,049] {processor.py:653} WARNING - No viable dags retrieved from /home/linuxlite/Documentos/airflow/venv/lib/python3.9/site-packages/airflow/example_dags/subdags/subdag.py
[2023-08-28 23:16:46,075] {processor.py:161} INFO - Processing /home/linuxlite/Documentos/airflow/venv/lib/python3.9/site-packages/airflow/example_dags/subdags/subdag.py took 0.036 seconds
[2023-08-28 23:17:19,611] {processor.py:153} INFO - Started process (PID=60843) to work on /home/linuxlite/Documentos/airflow/venv/lib/python3.9/site-packages/airflow/example_dags/subdags/subdag.py
[2023-08-28 23:17:19,612] {processor.py:641} INFO - Processing file /home/linuxlite/Documentos/airflow/venv/lib/python3.9/site-packages/airflow/example_dags/subdags/subdag.py for tasks to queue
[2023-08-28 23:17:19,612] {logging_mixin.py:115} INFO - [2023-08-28 23:17:19,612] {dagbag.py:507} INFO - Filling up the DagBag from /home/linuxlite/Documentos/airflow/venv/lib/python3.9/site-packages/airflow/example_dags/subdags/subdag.py
[2023-08-28 23:17:19,614] {processor.py:653} WARNING - No viable dags retrieved from /home/linuxlite/Documentos/airflow/venv/lib/python3.9/site-packages/airflow/example_dags/subdags/subdag.py
[2023-08-28 23:17:19,628] {processor.py:161} INFO - Processing /home/linuxlite/Documentos/airflow/venv/lib/python3.9/site-packages/airflow/example_dags/subdags/subdag.py took 0.020 seconds
[2023-08-28 23:17:54,684] {processor.py:153} INFO - Started process (PID=61044) to work on /home/linuxlite/Documentos/airflow/venv/lib/python3.9/site-packages/airflow/example_dags/subdags/subdag.py
[2023-08-28 23:17:54,685] {processor.py:641} INFO - Processing file /home/linuxlite/Documentos/airflow/venv/lib/python3.9/site-packages/airflow/example_dags/subdags/subdag.py for tasks to queue
[2023-08-28 23:17:54,686] {logging_mixin.py:115} INFO - [2023-08-28 23:17:54,686] {dagbag.py:507} INFO - Filling up the DagBag from /home/linuxlite/Documentos/airflow/venv/lib/python3.9/site-packages/airflow/example_dags/subdags/subdag.py
[2023-08-28 23:17:54,689] {processor.py:653} WARNING - No viable dags retrieved from /home/linuxlite/Documentos/airflow/venv/lib/python3.9/site-packages/airflow/example_dags/subdags/subdag.py
[2023-08-28 23:17:54,702] {processor.py:161} INFO - Processing /home/linuxlite/Documentos/airflow/venv/lib/python3.9/site-packages/airflow/example_dags/subdags/subdag.py took 0.024 seconds
[2023-08-28 23:18:25,938] {processor.py:153} INFO - Started process (PID=61452) to work on /home/linuxlite/Documentos/airflow/venv/lib/python3.9/site-packages/airflow/example_dags/subdags/subdag.py
[2023-08-28 23:18:25,939] {processor.py:641} INFO - Processing file /home/linuxlite/Documentos/airflow/venv/lib/python3.9/site-packages/airflow/example_dags/subdags/subdag.py for tasks to queue
[2023-08-28 23:18:25,940] {logging_mixin.py:115} INFO - [2023-08-28 23:18:25,940] {dagbag.py:507} INFO - Filling up the DagBag from /home/linuxlite/Documentos/airflow/venv/lib/python3.9/site-packages/airflow/example_dags/subdags/subdag.py
[2023-08-28 23:18:25,941] {processor.py:653} WARNING - No viable dags retrieved from /home/linuxlite/Documentos/airflow/venv/lib/python3.9/site-packages/airflow/example_dags/subdags/subdag.py
[2023-08-28 23:18:25,953] {processor.py:161} INFO - Processing /home/linuxlite/Documentos/airflow/venv/lib/python3.9/site-packages/airflow/example_dags/subdags/subdag.py took 0.017 seconds
[2023-08-28 23:18:57,795] {processor.py:153} INFO - Started process (PID=61546) to work on /home/linuxlite/Documentos/airflow/venv/lib/python3.9/site-packages/airflow/example_dags/subdags/subdag.py
[2023-08-28 23:18:57,795] {processor.py:641} INFO - Processing file /home/linuxlite/Documentos/airflow/venv/lib/python3.9/site-packages/airflow/example_dags/subdags/subdag.py for tasks to queue
[2023-08-28 23:18:57,796] {logging_mixin.py:115} INFO - [2023-08-28 23:18:57,796] {dagbag.py:507} INFO - Filling up the DagBag from /home/linuxlite/Documentos/airflow/venv/lib/python3.9/site-packages/airflow/example_dags/subdags/subdag.py
[2023-08-28 23:18:57,797] {processor.py:653} WARNING - No viable dags retrieved from /home/linuxlite/Documentos/airflow/venv/lib/python3.9/site-packages/airflow/example_dags/subdags/subdag.py
[2023-08-28 23:18:57,809] {processor.py:161} INFO - Processing /home/linuxlite/Documentos/airflow/venv/lib/python3.9/site-packages/airflow/example_dags/subdags/subdag.py took 0.017 seconds
[2023-08-28 23:19:29,335] {processor.py:153} INFO - Started process (PID=61594) to work on /home/linuxlite/Documentos/airflow/venv/lib/python3.9/site-packages/airflow/example_dags/subdags/subdag.py
[2023-08-28 23:19:29,336] {processor.py:641} INFO - Processing file /home/linuxlite/Documentos/airflow/venv/lib/python3.9/site-packages/airflow/example_dags/subdags/subdag.py for tasks to queue
[2023-08-28 23:19:29,337] {logging_mixin.py:115} INFO - [2023-08-28 23:19:29,337] {dagbag.py:507} INFO - Filling up the DagBag from /home/linuxlite/Documentos/airflow/venv/lib/python3.9/site-packages/airflow/example_dags/subdags/subdag.py
[2023-08-28 23:19:29,338] {processor.py:653} WARNING - No viable dags retrieved from /home/linuxlite/Documentos/airflow/venv/lib/python3.9/site-packages/airflow/example_dags/subdags/subdag.py
[2023-08-28 23:19:29,351] {processor.py:161} INFO - Processing /home/linuxlite/Documentos/airflow/venv/lib/python3.9/site-packages/airflow/example_dags/subdags/subdag.py took 0.019 seconds
[2023-08-28 23:19:59,655] {processor.py:153} INFO - Started process (PID=61668) to work on /home/linuxlite/Documentos/airflow/venv/lib/python3.9/site-packages/airflow/example_dags/subdags/subdag.py
[2023-08-28 23:19:59,656] {processor.py:641} INFO - Processing file /home/linuxlite/Documentos/airflow/venv/lib/python3.9/site-packages/airflow/example_dags/subdags/subdag.py for tasks to queue
[2023-08-28 23:19:59,657] {logging_mixin.py:115} INFO - [2023-08-28 23:19:59,657] {dagbag.py:507} INFO - Filling up the DagBag from /home/linuxlite/Documentos/airflow/venv/lib/python3.9/site-packages/airflow/example_dags/subdags/subdag.py
[2023-08-28 23:19:59,658] {processor.py:653} WARNING - No viable dags retrieved from /home/linuxlite/Documentos/airflow/venv/lib/python3.9/site-packages/airflow/example_dags/subdags/subdag.py
[2023-08-28 23:19:59,673] {processor.py:161} INFO - Processing /home/linuxlite/Documentos/airflow/venv/lib/python3.9/site-packages/airflow/example_dags/subdags/subdag.py took 0.022 seconds
[2023-08-28 23:20:31,873] {processor.py:153} INFO - Started process (PID=61739) to work on /home/linuxlite/Documentos/airflow/venv/lib/python3.9/site-packages/airflow/example_dags/subdags/subdag.py
[2023-08-28 23:20:31,874] {processor.py:641} INFO - Processing file /home/linuxlite/Documentos/airflow/venv/lib/python3.9/site-packages/airflow/example_dags/subdags/subdag.py for tasks to queue
[2023-08-28 23:20:31,875] {logging_mixin.py:115} INFO - [2023-08-28 23:20:31,875] {dagbag.py:507} INFO - Filling up the DagBag from /home/linuxlite/Documentos/airflow/venv/lib/python3.9/site-packages/airflow/example_dags/subdags/subdag.py
[2023-08-28 23:20:31,877] {processor.py:653} WARNING - No viable dags retrieved from /home/linuxlite/Documentos/airflow/venv/lib/python3.9/site-packages/airflow/example_dags/subdags/subdag.py
[2023-08-28 23:20:31,893] {processor.py:161} INFO - Processing /home/linuxlite/Documentos/airflow/venv/lib/python3.9/site-packages/airflow/example_dags/subdags/subdag.py took 0.025 seconds
[2023-08-28 23:21:06,743] {processor.py:153} INFO - Started process (PID=61782) to work on /home/linuxlite/Documentos/airflow/venv/lib/python3.9/site-packages/airflow/example_dags/subdags/subdag.py
[2023-08-28 23:21:06,744] {processor.py:641} INFO - Processing file /home/linuxlite/Documentos/airflow/venv/lib/python3.9/site-packages/airflow/example_dags/subdags/subdag.py for tasks to queue
[2023-08-28 23:21:06,745] {logging_mixin.py:115} INFO - [2023-08-28 23:21:06,745] {dagbag.py:507} INFO - Filling up the DagBag from /home/linuxlite/Documentos/airflow/venv/lib/python3.9/site-packages/airflow/example_dags/subdags/subdag.py
[2023-08-28 23:21:06,747] {processor.py:653} WARNING - No viable dags retrieved from /home/linuxlite/Documentos/airflow/venv/lib/python3.9/site-packages/airflow/example_dags/subdags/subdag.py
[2023-08-28 23:21:06,758] {processor.py:161} INFO - Processing /home/linuxlite/Documentos/airflow/venv/lib/python3.9/site-packages/airflow/example_dags/subdags/subdag.py took 0.018 seconds
[2023-08-28 23:21:40,088] {processor.py:153} INFO - Started process (PID=61823) to work on /home/linuxlite/Documentos/airflow/venv/lib/python3.9/site-packages/airflow/example_dags/subdags/subdag.py
[2023-08-28 23:21:40,089] {processor.py:641} INFO - Processing file /home/linuxlite/Documentos/airflow/venv/lib/python3.9/site-packages/airflow/example_dags/subdags/subdag.py for tasks to queue
[2023-08-28 23:21:40,089] {logging_mixin.py:115} INFO - [2023-08-28 23:21:40,089] {dagbag.py:507} INFO - Filling up the DagBag from /home/linuxlite/Documentos/airflow/venv/lib/python3.9/site-packages/airflow/example_dags/subdags/subdag.py
[2023-08-28 23:21:40,091] {processor.py:653} WARNING - No viable dags retrieved from /home/linuxlite/Documentos/airflow/venv/lib/python3.9/site-packages/airflow/example_dags/subdags/subdag.py
[2023-08-28 23:21:40,103] {processor.py:161} INFO - Processing /home/linuxlite/Documentos/airflow/venv/lib/python3.9/site-packages/airflow/example_dags/subdags/subdag.py took 0.019 seconds
[2023-08-28 23:22:10,501] {processor.py:153} INFO - Started process (PID=61873) to work on /home/linuxlite/Documentos/airflow/venv/lib/python3.9/site-packages/airflow/example_dags/subdags/subdag.py
[2023-08-28 23:22:10,502] {processor.py:641} INFO - Processing file /home/linuxlite/Documentos/airflow/venv/lib/python3.9/site-packages/airflow/example_dags/subdags/subdag.py for tasks to queue
[2023-08-28 23:22:10,503] {logging_mixin.py:115} INFO - [2023-08-28 23:22:10,503] {dagbag.py:507} INFO - Filling up the DagBag from /home/linuxlite/Documentos/airflow/venv/lib/python3.9/site-packages/airflow/example_dags/subdags/subdag.py
[2023-08-28 23:22:10,505] {processor.py:653} WARNING - No viable dags retrieved from /home/linuxlite/Documentos/airflow/venv/lib/python3.9/site-packages/airflow/example_dags/subdags/subdag.py
[2023-08-28 23:22:10,519] {processor.py:161} INFO - Processing /home/linuxlite/Documentos/airflow/venv/lib/python3.9/site-packages/airflow/example_dags/subdags/subdag.py took 0.022 seconds
[2023-08-28 23:22:43,627] {processor.py:153} INFO - Started process (PID=61911) to work on /home/linuxlite/Documentos/airflow/venv/lib/python3.9/site-packages/airflow/example_dags/subdags/subdag.py
[2023-08-28 23:22:43,628] {processor.py:641} INFO - Processing file /home/linuxlite/Documentos/airflow/venv/lib/python3.9/site-packages/airflow/example_dags/subdags/subdag.py for tasks to queue
[2023-08-28 23:22:43,628] {logging_mixin.py:115} INFO - [2023-08-28 23:22:43,628] {dagbag.py:507} INFO - Filling up the DagBag from /home/linuxlite/Documentos/airflow/venv/lib/python3.9/site-packages/airflow/example_dags/subdags/subdag.py
[2023-08-28 23:22:43,630] {processor.py:653} WARNING - No viable dags retrieved from /home/linuxlite/Documentos/airflow/venv/lib/python3.9/site-packages/airflow/example_dags/subdags/subdag.py
[2023-08-28 23:22:43,640] {processor.py:161} INFO - Processing /home/linuxlite/Documentos/airflow/venv/lib/python3.9/site-packages/airflow/example_dags/subdags/subdag.py took 0.017 seconds
[2023-08-28 23:23:16,784] {processor.py:153} INFO - Started process (PID=61950) to work on /home/linuxlite/Documentos/airflow/venv/lib/python3.9/site-packages/airflow/example_dags/subdags/subdag.py
[2023-08-28 23:23:16,785] {processor.py:641} INFO - Processing file /home/linuxlite/Documentos/airflow/venv/lib/python3.9/site-packages/airflow/example_dags/subdags/subdag.py for tasks to queue
[2023-08-28 23:23:16,786] {logging_mixin.py:115} INFO - [2023-08-28 23:23:16,786] {dagbag.py:507} INFO - Filling up the DagBag from /home/linuxlite/Documentos/airflow/venv/lib/python3.9/site-packages/airflow/example_dags/subdags/subdag.py
[2023-08-28 23:23:16,787] {processor.py:653} WARNING - No viable dags retrieved from /home/linuxlite/Documentos/airflow/venv/lib/python3.9/site-packages/airflow/example_dags/subdags/subdag.py
[2023-08-28 23:23:16,800] {processor.py:161} INFO - Processing /home/linuxlite/Documentos/airflow/venv/lib/python3.9/site-packages/airflow/example_dags/subdags/subdag.py took 0.020 seconds
[2023-08-28 23:23:50,547] {processor.py:153} INFO - Started process (PID=61986) to work on /home/linuxlite/Documentos/airflow/venv/lib/python3.9/site-packages/airflow/example_dags/subdags/subdag.py
[2023-08-28 23:23:50,547] {processor.py:641} INFO - Processing file /home/linuxlite/Documentos/airflow/venv/lib/python3.9/site-packages/airflow/example_dags/subdags/subdag.py for tasks to queue
[2023-08-28 23:23:50,548] {logging_mixin.py:115} INFO - [2023-08-28 23:23:50,548] {dagbag.py:507} INFO - Filling up the DagBag from /home/linuxlite/Documentos/airflow/venv/lib/python3.9/site-packages/airflow/example_dags/subdags/subdag.py
[2023-08-28 23:23:50,550] {processor.py:653} WARNING - No viable dags retrieved from /home/linuxlite/Documentos/airflow/venv/lib/python3.9/site-packages/airflow/example_dags/subdags/subdag.py
[2023-08-28 23:23:50,561] {processor.py:161} INFO - Processing /home/linuxlite/Documentos/airflow/venv/lib/python3.9/site-packages/airflow/example_dags/subdags/subdag.py took 0.017 seconds
[2023-08-28 23:24:21,263] {processor.py:153} INFO - Started process (PID=62022) to work on /home/linuxlite/Documentos/airflow/venv/lib/python3.9/site-packages/airflow/example_dags/subdags/subdag.py
[2023-08-28 23:24:21,264] {processor.py:641} INFO - Processing file /home/linuxlite/Documentos/airflow/venv/lib/python3.9/site-packages/airflow/example_dags/subdags/subdag.py for tasks to queue
[2023-08-28 23:24:21,265] {logging_mixin.py:115} INFO - [2023-08-28 23:24:21,265] {dagbag.py:507} INFO - Filling up the DagBag from /home/linuxlite/Documentos/airflow/venv/lib/python3.9/site-packages/airflow/example_dags/subdags/subdag.py
[2023-08-28 23:24:21,266] {processor.py:653} WARNING - No viable dags retrieved from /home/linuxlite/Documentos/airflow/venv/lib/python3.9/site-packages/airflow/example_dags/subdags/subdag.py
[2023-08-28 23:24:21,278] {processor.py:161} INFO - Processing /home/linuxlite/Documentos/airflow/venv/lib/python3.9/site-packages/airflow/example_dags/subdags/subdag.py took 0.018 seconds
[2023-08-28 23:24:52,645] {processor.py:153} INFO - Started process (PID=62077) to work on /home/linuxlite/Documentos/airflow/venv/lib/python3.9/site-packages/airflow/example_dags/subdags/subdag.py
[2023-08-28 23:24:52,646] {processor.py:641} INFO - Processing file /home/linuxlite/Documentos/airflow/venv/lib/python3.9/site-packages/airflow/example_dags/subdags/subdag.py for tasks to queue
[2023-08-28 23:24:52,646] {logging_mixin.py:115} INFO - [2023-08-28 23:24:52,646] {dagbag.py:507} INFO - Filling up the DagBag from /home/linuxlite/Documentos/airflow/venv/lib/python3.9/site-packages/airflow/example_dags/subdags/subdag.py
[2023-08-28 23:24:52,648] {processor.py:653} WARNING - No viable dags retrieved from /home/linuxlite/Documentos/airflow/venv/lib/python3.9/site-packages/airflow/example_dags/subdags/subdag.py
[2023-08-28 23:24:52,661] {processor.py:161} INFO - Processing /home/linuxlite/Documentos/airflow/venv/lib/python3.9/site-packages/airflow/example_dags/subdags/subdag.py took 0.019 seconds
[2023-08-28 23:25:23,354] {processor.py:153} INFO - Started process (PID=62161) to work on /home/linuxlite/Documentos/airflow/venv/lib/python3.9/site-packages/airflow/example_dags/subdags/subdag.py
[2023-08-28 23:25:23,355] {processor.py:641} INFO - Processing file /home/linuxlite/Documentos/airflow/venv/lib/python3.9/site-packages/airflow/example_dags/subdags/subdag.py for tasks to queue
[2023-08-28 23:25:23,355] {logging_mixin.py:115} INFO - [2023-08-28 23:25:23,355] {dagbag.py:507} INFO - Filling up the DagBag from /home/linuxlite/Documentos/airflow/venv/lib/python3.9/site-packages/airflow/example_dags/subdags/subdag.py
[2023-08-28 23:25:23,357] {processor.py:653} WARNING - No viable dags retrieved from /home/linuxlite/Documentos/airflow/venv/lib/python3.9/site-packages/airflow/example_dags/subdags/subdag.py
[2023-08-28 23:25:23,369] {processor.py:161} INFO - Processing /home/linuxlite/Documentos/airflow/venv/lib/python3.9/site-packages/airflow/example_dags/subdags/subdag.py took 0.020 seconds
[2023-08-28 23:25:56,482] {processor.py:153} INFO - Started process (PID=62196) to work on /home/linuxlite/Documentos/airflow/venv/lib/python3.9/site-packages/airflow/example_dags/subdags/subdag.py
[2023-08-28 23:25:56,483] {processor.py:641} INFO - Processing file /home/linuxlite/Documentos/airflow/venv/lib/python3.9/site-packages/airflow/example_dags/subdags/subdag.py for tasks to queue
[2023-08-28 23:25:56,484] {logging_mixin.py:115} INFO - [2023-08-28 23:25:56,484] {dagbag.py:507} INFO - Filling up the DagBag from /home/linuxlite/Documentos/airflow/venv/lib/python3.9/site-packages/airflow/example_dags/subdags/subdag.py
[2023-08-28 23:25:56,486] {processor.py:653} WARNING - No viable dags retrieved from /home/linuxlite/Documentos/airflow/venv/lib/python3.9/site-packages/airflow/example_dags/subdags/subdag.py
[2023-08-28 23:25:56,499] {processor.py:161} INFO - Processing /home/linuxlite/Documentos/airflow/venv/lib/python3.9/site-packages/airflow/example_dags/subdags/subdag.py took 0.020 seconds
[2023-08-28 23:26:31,583] {processor.py:153} INFO - Started process (PID=62242) to work on /home/linuxlite/Documentos/airflow/venv/lib/python3.9/site-packages/airflow/example_dags/subdags/subdag.py
[2023-08-28 23:26:31,584] {processor.py:641} INFO - Processing file /home/linuxlite/Documentos/airflow/venv/lib/python3.9/site-packages/airflow/example_dags/subdags/subdag.py for tasks to queue
[2023-08-28 23:26:31,584] {logging_mixin.py:115} INFO - [2023-08-28 23:26:31,584] {dagbag.py:507} INFO - Filling up the DagBag from /home/linuxlite/Documentos/airflow/venv/lib/python3.9/site-packages/airflow/example_dags/subdags/subdag.py
[2023-08-28 23:26:31,586] {processor.py:653} WARNING - No viable dags retrieved from /home/linuxlite/Documentos/airflow/venv/lib/python3.9/site-packages/airflow/example_dags/subdags/subdag.py
[2023-08-28 23:26:31,597] {processor.py:161} INFO - Processing /home/linuxlite/Documentos/airflow/venv/lib/python3.9/site-packages/airflow/example_dags/subdags/subdag.py took 0.017 seconds
[2023-08-28 23:27:03,606] {processor.py:153} INFO - Started process (PID=62297) to work on /home/linuxlite/Documentos/airflow/venv/lib/python3.9/site-packages/airflow/example_dags/subdags/subdag.py
[2023-08-28 23:27:03,606] {processor.py:641} INFO - Processing file /home/linuxlite/Documentos/airflow/venv/lib/python3.9/site-packages/airflow/example_dags/subdags/subdag.py for tasks to queue
[2023-08-28 23:27:03,607] {logging_mixin.py:115} INFO - [2023-08-28 23:27:03,607] {dagbag.py:507} INFO - Filling up the DagBag from /home/linuxlite/Documentos/airflow/venv/lib/python3.9/site-packages/airflow/example_dags/subdags/subdag.py
[2023-08-28 23:27:03,609] {processor.py:653} WARNING - No viable dags retrieved from /home/linuxlite/Documentos/airflow/venv/lib/python3.9/site-packages/airflow/example_dags/subdags/subdag.py
[2023-08-28 23:27:03,631] {processor.py:161} INFO - Processing /home/linuxlite/Documentos/airflow/venv/lib/python3.9/site-packages/airflow/example_dags/subdags/subdag.py took 0.031 seconds
[2023-08-28 23:27:36,512] {processor.py:153} INFO - Started process (PID=62343) to work on /home/linuxlite/Documentos/airflow/venv/lib/python3.9/site-packages/airflow/example_dags/subdags/subdag.py
[2023-08-28 23:27:36,513] {processor.py:641} INFO - Processing file /home/linuxlite/Documentos/airflow/venv/lib/python3.9/site-packages/airflow/example_dags/subdags/subdag.py for tasks to queue
[2023-08-28 23:27:36,513] {logging_mixin.py:115} INFO - [2023-08-28 23:27:36,513] {dagbag.py:507} INFO - Filling up the DagBag from /home/linuxlite/Documentos/airflow/venv/lib/python3.9/site-packages/airflow/example_dags/subdags/subdag.py
[2023-08-28 23:27:36,515] {processor.py:653} WARNING - No viable dags retrieved from /home/linuxlite/Documentos/airflow/venv/lib/python3.9/site-packages/airflow/example_dags/subdags/subdag.py
[2023-08-28 23:27:36,527] {processor.py:161} INFO - Processing /home/linuxlite/Documentos/airflow/venv/lib/python3.9/site-packages/airflow/example_dags/subdags/subdag.py took 0.018 seconds
