[2023-08-28 23:10:45,895] {processor.py:153} INFO - Started process (PID=59912) to work on /home/linuxlite/Documentos/airflow/venv/lib/python3.9/site-packages/airflow/example_dags/plugins/workday.py
[2023-08-28 23:10:45,896] {processor.py:641} INFO - Processing file /home/linuxlite/Documentos/airflow/venv/lib/python3.9/site-packages/airflow/example_dags/plugins/workday.py for tasks to queue
[2023-08-28 23:10:45,896] {logging_mixin.py:115} INFO - [2023-08-28 23:10:45,896] {dagbag.py:507} INFO - Filling up the DagBag from /home/linuxlite/Documentos/airflow/venv/lib/python3.9/site-packages/airflow/example_dags/plugins/workday.py
[2023-08-28 23:10:45,898] {processor.py:653} WARNING - No viable dags retrieved from /home/linuxlite/Documentos/airflow/venv/lib/python3.9/site-packages/airflow/example_dags/plugins/workday.py
[2023-08-28 23:10:45,911] {processor.py:161} INFO - Processing /home/linuxlite/Documentos/airflow/venv/lib/python3.9/site-packages/airflow/example_dags/plugins/workday.py took 0.021 seconds
[2023-08-28 23:11:21,162] {processor.py:153} INFO - Started process (PID=60051) to work on /home/linuxlite/Documentos/airflow/venv/lib/python3.9/site-packages/airflow/example_dags/plugins/workday.py
[2023-08-28 23:11:21,163] {processor.py:641} INFO - Processing file /home/linuxlite/Documentos/airflow/venv/lib/python3.9/site-packages/airflow/example_dags/plugins/workday.py for tasks to queue
[2023-08-28 23:11:21,163] {logging_mixin.py:115} INFO - [2023-08-28 23:11:21,163] {dagbag.py:507} INFO - Filling up the DagBag from /home/linuxlite/Documentos/airflow/venv/lib/python3.9/site-packages/airflow/example_dags/plugins/workday.py
[2023-08-28 23:11:21,165] {processor.py:653} WARNING - No viable dags retrieved from /home/linuxlite/Documentos/airflow/venv/lib/python3.9/site-packages/airflow/example_dags/plugins/workday.py
[2023-08-28 23:11:21,177] {processor.py:161} INFO - Processing /home/linuxlite/Documentos/airflow/venv/lib/python3.9/site-packages/airflow/example_dags/plugins/workday.py took 0.018 seconds
[2023-08-28 23:11:56,270] {processor.py:153} INFO - Started process (PID=60088) to work on /home/linuxlite/Documentos/airflow/venv/lib/python3.9/site-packages/airflow/example_dags/plugins/workday.py
[2023-08-28 23:11:56,271] {processor.py:641} INFO - Processing file /home/linuxlite/Documentos/airflow/venv/lib/python3.9/site-packages/airflow/example_dags/plugins/workday.py for tasks to queue
[2023-08-28 23:11:56,272] {logging_mixin.py:115} INFO - [2023-08-28 23:11:56,272] {dagbag.py:507} INFO - Filling up the DagBag from /home/linuxlite/Documentos/airflow/venv/lib/python3.9/site-packages/airflow/example_dags/plugins/workday.py
[2023-08-28 23:11:56,275] {processor.py:653} WARNING - No viable dags retrieved from /home/linuxlite/Documentos/airflow/venv/lib/python3.9/site-packages/airflow/example_dags/plugins/workday.py
[2023-08-28 23:11:56,287] {processor.py:161} INFO - Processing /home/linuxlite/Documentos/airflow/venv/lib/python3.9/site-packages/airflow/example_dags/plugins/workday.py took 0.022 seconds
[2023-08-28 23:12:30,044] {processor.py:153} INFO - Started process (PID=60132) to work on /home/linuxlite/Documentos/airflow/venv/lib/python3.9/site-packages/airflow/example_dags/plugins/workday.py
[2023-08-28 23:12:30,045] {processor.py:641} INFO - Processing file /home/linuxlite/Documentos/airflow/venv/lib/python3.9/site-packages/airflow/example_dags/plugins/workday.py for tasks to queue
[2023-08-28 23:12:30,046] {logging_mixin.py:115} INFO - [2023-08-28 23:12:30,045] {dagbag.py:507} INFO - Filling up the DagBag from /home/linuxlite/Documentos/airflow/venv/lib/python3.9/site-packages/airflow/example_dags/plugins/workday.py
[2023-08-28 23:12:30,050] {processor.py:653} WARNING - No viable dags retrieved from /home/linuxlite/Documentos/airflow/venv/lib/python3.9/site-packages/airflow/example_dags/plugins/workday.py
[2023-08-28 23:12:30,065] {processor.py:161} INFO - Processing /home/linuxlite/Documentos/airflow/venv/lib/python3.9/site-packages/airflow/example_dags/plugins/workday.py took 0.024 seconds
[2023-08-28 23:13:05,113] {processor.py:153} INFO - Started process (PID=60168) to work on /home/linuxlite/Documentos/airflow/venv/lib/python3.9/site-packages/airflow/example_dags/plugins/workday.py
[2023-08-28 23:13:05,115] {processor.py:641} INFO - Processing file /home/linuxlite/Documentos/airflow/venv/lib/python3.9/site-packages/airflow/example_dags/plugins/workday.py for tasks to queue
[2023-08-28 23:13:05,116] {logging_mixin.py:115} INFO - [2023-08-28 23:13:05,116] {dagbag.py:507} INFO - Filling up the DagBag from /home/linuxlite/Documentos/airflow/venv/lib/python3.9/site-packages/airflow/example_dags/plugins/workday.py
[2023-08-28 23:13:05,121] {processor.py:653} WARNING - No viable dags retrieved from /home/linuxlite/Documentos/airflow/venv/lib/python3.9/site-packages/airflow/example_dags/plugins/workday.py
[2023-08-28 23:13:05,137] {processor.py:161} INFO - Processing /home/linuxlite/Documentos/airflow/venv/lib/python3.9/site-packages/airflow/example_dags/plugins/workday.py took 0.029 seconds
[2023-08-28 23:13:39,494] {processor.py:153} INFO - Started process (PID=60209) to work on /home/linuxlite/Documentos/airflow/venv/lib/python3.9/site-packages/airflow/example_dags/plugins/workday.py
[2023-08-28 23:13:39,495] {processor.py:641} INFO - Processing file /home/linuxlite/Documentos/airflow/venv/lib/python3.9/site-packages/airflow/example_dags/plugins/workday.py for tasks to queue
[2023-08-28 23:13:39,495] {logging_mixin.py:115} INFO - [2023-08-28 23:13:39,495] {dagbag.py:507} INFO - Filling up the DagBag from /home/linuxlite/Documentos/airflow/venv/lib/python3.9/site-packages/airflow/example_dags/plugins/workday.py
[2023-08-28 23:13:39,497] {processor.py:653} WARNING - No viable dags retrieved from /home/linuxlite/Documentos/airflow/venv/lib/python3.9/site-packages/airflow/example_dags/plugins/workday.py
[2023-08-28 23:13:39,509] {processor.py:161} INFO - Processing /home/linuxlite/Documentos/airflow/venv/lib/python3.9/site-packages/airflow/example_dags/plugins/workday.py took 0.019 seconds
[2023-08-28 23:14:13,903] {processor.py:153} INFO - Started process (PID=60248) to work on /home/linuxlite/Documentos/airflow/venv/lib/python3.9/site-packages/airflow/example_dags/plugins/workday.py
[2023-08-28 23:14:13,904] {processor.py:641} INFO - Processing file /home/linuxlite/Documentos/airflow/venv/lib/python3.9/site-packages/airflow/example_dags/plugins/workday.py for tasks to queue
[2023-08-28 23:14:13,904] {logging_mixin.py:115} INFO - [2023-08-28 23:14:13,904] {dagbag.py:507} INFO - Filling up the DagBag from /home/linuxlite/Documentos/airflow/venv/lib/python3.9/site-packages/airflow/example_dags/plugins/workday.py
[2023-08-28 23:14:13,907] {processor.py:653} WARNING - No viable dags retrieved from /home/linuxlite/Documentos/airflow/venv/lib/python3.9/site-packages/airflow/example_dags/plugins/workday.py
[2023-08-28 23:14:13,918] {processor.py:161} INFO - Processing /home/linuxlite/Documentos/airflow/venv/lib/python3.9/site-packages/airflow/example_dags/plugins/workday.py took 0.020 seconds
[2023-08-28 23:14:48,309] {processor.py:153} INFO - Started process (PID=60299) to work on /home/linuxlite/Documentos/airflow/venv/lib/python3.9/site-packages/airflow/example_dags/plugins/workday.py
[2023-08-28 23:14:48,310] {processor.py:641} INFO - Processing file /home/linuxlite/Documentos/airflow/venv/lib/python3.9/site-packages/airflow/example_dags/plugins/workday.py for tasks to queue
[2023-08-28 23:14:48,311] {logging_mixin.py:115} INFO - [2023-08-28 23:14:48,311] {dagbag.py:507} INFO - Filling up the DagBag from /home/linuxlite/Documentos/airflow/venv/lib/python3.9/site-packages/airflow/example_dags/plugins/workday.py
[2023-08-28 23:14:48,313] {processor.py:653} WARNING - No viable dags retrieved from /home/linuxlite/Documentos/airflow/venv/lib/python3.9/site-packages/airflow/example_dags/plugins/workday.py
[2023-08-28 23:14:48,326] {processor.py:161} INFO - Processing /home/linuxlite/Documentos/airflow/venv/lib/python3.9/site-packages/airflow/example_dags/plugins/workday.py took 0.021 seconds
[2023-08-28 23:15:21,981] {processor.py:153} INFO - Started process (PID=60543) to work on /home/linuxlite/Documentos/airflow/venv/lib/python3.9/site-packages/airflow/example_dags/plugins/workday.py
[2023-08-28 23:15:21,983] {processor.py:641} INFO - Processing file /home/linuxlite/Documentos/airflow/venv/lib/python3.9/site-packages/airflow/example_dags/plugins/workday.py for tasks to queue
[2023-08-28 23:15:21,983] {logging_mixin.py:115} INFO - [2023-08-28 23:15:21,983] {dagbag.py:507} INFO - Filling up the DagBag from /home/linuxlite/Documentos/airflow/venv/lib/python3.9/site-packages/airflow/example_dags/plugins/workday.py
[2023-08-28 23:15:21,986] {processor.py:653} WARNING - No viable dags retrieved from /home/linuxlite/Documentos/airflow/venv/lib/python3.9/site-packages/airflow/example_dags/plugins/workday.py
[2023-08-28 23:15:21,998] {processor.py:161} INFO - Processing /home/linuxlite/Documentos/airflow/venv/lib/python3.9/site-packages/airflow/example_dags/plugins/workday.py took 0.020 seconds
[2023-08-28 23:15:55,814] {processor.py:153} INFO - Started process (PID=60578) to work on /home/linuxlite/Documentos/airflow/venv/lib/python3.9/site-packages/airflow/example_dags/plugins/workday.py
[2023-08-28 23:15:55,815] {processor.py:641} INFO - Processing file /home/linuxlite/Documentos/airflow/venv/lib/python3.9/site-packages/airflow/example_dags/plugins/workday.py for tasks to queue
[2023-08-28 23:15:55,815] {logging_mixin.py:115} INFO - [2023-08-28 23:15:55,815] {dagbag.py:507} INFO - Filling up the DagBag from /home/linuxlite/Documentos/airflow/venv/lib/python3.9/site-packages/airflow/example_dags/plugins/workday.py
[2023-08-28 23:15:55,818] {processor.py:653} WARNING - No viable dags retrieved from /home/linuxlite/Documentos/airflow/venv/lib/python3.9/site-packages/airflow/example_dags/plugins/workday.py
[2023-08-28 23:15:55,829] {processor.py:161} INFO - Processing /home/linuxlite/Documentos/airflow/venv/lib/python3.9/site-packages/airflow/example_dags/plugins/workday.py took 0.018 seconds
[2023-08-28 23:16:29,176] {processor.py:153} INFO - Started process (PID=60613) to work on /home/linuxlite/Documentos/airflow/venv/lib/python3.9/site-packages/airflow/example_dags/plugins/workday.py
[2023-08-28 23:16:29,177] {processor.py:641} INFO - Processing file /home/linuxlite/Documentos/airflow/venv/lib/python3.9/site-packages/airflow/example_dags/plugins/workday.py for tasks to queue
[2023-08-28 23:16:29,178] {logging_mixin.py:115} INFO - [2023-08-28 23:16:29,178] {dagbag.py:507} INFO - Filling up the DagBag from /home/linuxlite/Documentos/airflow/venv/lib/python3.9/site-packages/airflow/example_dags/plugins/workday.py
[2023-08-28 23:16:29,183] {processor.py:653} WARNING - No viable dags retrieved from /home/linuxlite/Documentos/airflow/venv/lib/python3.9/site-packages/airflow/example_dags/plugins/workday.py
[2023-08-28 23:16:29,197] {processor.py:161} INFO - Processing /home/linuxlite/Documentos/airflow/venv/lib/python3.9/site-packages/airflow/example_dags/plugins/workday.py took 0.026 seconds
[2023-08-28 23:17:02,847] {processor.py:153} INFO - Started process (PID=60826) to work on /home/linuxlite/Documentos/airflow/venv/lib/python3.9/site-packages/airflow/example_dags/plugins/workday.py
[2023-08-28 23:17:02,848] {processor.py:641} INFO - Processing file /home/linuxlite/Documentos/airflow/venv/lib/python3.9/site-packages/airflow/example_dags/plugins/workday.py for tasks to queue
[2023-08-28 23:17:02,849] {logging_mixin.py:115} INFO - [2023-08-28 23:17:02,849] {dagbag.py:507} INFO - Filling up the DagBag from /home/linuxlite/Documentos/airflow/venv/lib/python3.9/site-packages/airflow/example_dags/plugins/workday.py
[2023-08-28 23:17:02,851] {processor.py:653} WARNING - No viable dags retrieved from /home/linuxlite/Documentos/airflow/venv/lib/python3.9/site-packages/airflow/example_dags/plugins/workday.py
[2023-08-28 23:17:02,862] {processor.py:161} INFO - Processing /home/linuxlite/Documentos/airflow/venv/lib/python3.9/site-packages/airflow/example_dags/plugins/workday.py took 0.018 seconds
[2023-08-28 23:17:36,169] {processor.py:153} INFO - Started process (PID=60863) to work on /home/linuxlite/Documentos/airflow/venv/lib/python3.9/site-packages/airflow/example_dags/plugins/workday.py
[2023-08-28 23:17:36,170] {processor.py:641} INFO - Processing file /home/linuxlite/Documentos/airflow/venv/lib/python3.9/site-packages/airflow/example_dags/plugins/workday.py for tasks to queue
[2023-08-28 23:17:36,170] {logging_mixin.py:115} INFO - [2023-08-28 23:17:36,170] {dagbag.py:507} INFO - Filling up the DagBag from /home/linuxlite/Documentos/airflow/venv/lib/python3.9/site-packages/airflow/example_dags/plugins/workday.py
[2023-08-28 23:17:36,172] {processor.py:653} WARNING - No viable dags retrieved from /home/linuxlite/Documentos/airflow/venv/lib/python3.9/site-packages/airflow/example_dags/plugins/workday.py
[2023-08-28 23:17:36,183] {processor.py:161} INFO - Processing /home/linuxlite/Documentos/airflow/venv/lib/python3.9/site-packages/airflow/example_dags/plugins/workday.py took 0.017 seconds
[2023-08-28 23:18:10,084] {processor.py:153} INFO - Started process (PID=61344) to work on /home/linuxlite/Documentos/airflow/venv/lib/python3.9/site-packages/airflow/example_dags/plugins/workday.py
[2023-08-28 23:18:10,085] {processor.py:641} INFO - Processing file /home/linuxlite/Documentos/airflow/venv/lib/python3.9/site-packages/airflow/example_dags/plugins/workday.py for tasks to queue
[2023-08-28 23:18:10,085] {logging_mixin.py:115} INFO - [2023-08-28 23:18:10,085] {dagbag.py:507} INFO - Filling up the DagBag from /home/linuxlite/Documentos/airflow/venv/lib/python3.9/site-packages/airflow/example_dags/plugins/workday.py
[2023-08-28 23:18:10,088] {processor.py:653} WARNING - No viable dags retrieved from /home/linuxlite/Documentos/airflow/venv/lib/python3.9/site-packages/airflow/example_dags/plugins/workday.py
[2023-08-28 23:18:10,101] {processor.py:161} INFO - Processing /home/linuxlite/Documentos/airflow/venv/lib/python3.9/site-packages/airflow/example_dags/plugins/workday.py took 0.021 seconds
[2023-08-28 23:18:43,657] {processor.py:153} INFO - Started process (PID=61527) to work on /home/linuxlite/Documentos/airflow/venv/lib/python3.9/site-packages/airflow/example_dags/plugins/workday.py
[2023-08-28 23:18:43,658] {processor.py:641} INFO - Processing file /home/linuxlite/Documentos/airflow/venv/lib/python3.9/site-packages/airflow/example_dags/plugins/workday.py for tasks to queue
[2023-08-28 23:18:43,658] {logging_mixin.py:115} INFO - [2023-08-28 23:18:43,658] {dagbag.py:507} INFO - Filling up the DagBag from /home/linuxlite/Documentos/airflow/venv/lib/python3.9/site-packages/airflow/example_dags/plugins/workday.py
[2023-08-28 23:18:43,660] {processor.py:653} WARNING - No viable dags retrieved from /home/linuxlite/Documentos/airflow/venv/lib/python3.9/site-packages/airflow/example_dags/plugins/workday.py
[2023-08-28 23:18:43,672] {processor.py:161} INFO - Processing /home/linuxlite/Documentos/airflow/venv/lib/python3.9/site-packages/airflow/example_dags/plugins/workday.py took 0.021 seconds
[2023-08-28 23:19:17,223] {processor.py:153} INFO - Started process (PID=61575) to work on /home/linuxlite/Documentos/airflow/venv/lib/python3.9/site-packages/airflow/example_dags/plugins/workday.py
[2023-08-28 23:19:17,224] {processor.py:641} INFO - Processing file /home/linuxlite/Documentos/airflow/venv/lib/python3.9/site-packages/airflow/example_dags/plugins/workday.py for tasks to queue
[2023-08-28 23:19:17,224] {logging_mixin.py:115} INFO - [2023-08-28 23:19:17,224] {dagbag.py:507} INFO - Filling up the DagBag from /home/linuxlite/Documentos/airflow/venv/lib/python3.9/site-packages/airflow/example_dags/plugins/workday.py
[2023-08-28 23:19:17,226] {processor.py:653} WARNING - No viable dags retrieved from /home/linuxlite/Documentos/airflow/venv/lib/python3.9/site-packages/airflow/example_dags/plugins/workday.py
[2023-08-28 23:19:17,237] {processor.py:161} INFO - Processing /home/linuxlite/Documentos/airflow/venv/lib/python3.9/site-packages/airflow/example_dags/plugins/workday.py took 0.017 seconds
[2023-08-28 23:19:49,619] {processor.py:153} INFO - Started process (PID=61635) to work on /home/linuxlite/Documentos/airflow/venv/lib/python3.9/site-packages/airflow/example_dags/plugins/workday.py
[2023-08-28 23:19:49,619] {processor.py:641} INFO - Processing file /home/linuxlite/Documentos/airflow/venv/lib/python3.9/site-packages/airflow/example_dags/plugins/workday.py for tasks to queue
[2023-08-28 23:19:49,620] {logging_mixin.py:115} INFO - [2023-08-28 23:19:49,620] {dagbag.py:507} INFO - Filling up the DagBag from /home/linuxlite/Documentos/airflow/venv/lib/python3.9/site-packages/airflow/example_dags/plugins/workday.py
[2023-08-28 23:19:49,623] {processor.py:653} WARNING - No viable dags retrieved from /home/linuxlite/Documentos/airflow/venv/lib/python3.9/site-packages/airflow/example_dags/plugins/workday.py
[2023-08-28 23:19:49,637] {processor.py:161} INFO - Processing /home/linuxlite/Documentos/airflow/venv/lib/python3.9/site-packages/airflow/example_dags/plugins/workday.py took 0.025 seconds
[2023-08-28 23:20:25,286] {processor.py:153} INFO - Started process (PID=61732) to work on /home/linuxlite/Documentos/airflow/venv/lib/python3.9/site-packages/airflow/example_dags/plugins/workday.py
[2023-08-28 23:20:25,287] {processor.py:641} INFO - Processing file /home/linuxlite/Documentos/airflow/venv/lib/python3.9/site-packages/airflow/example_dags/plugins/workday.py for tasks to queue
[2023-08-28 23:20:25,288] {logging_mixin.py:115} INFO - [2023-08-28 23:20:25,287] {dagbag.py:507} INFO - Filling up the DagBag from /home/linuxlite/Documentos/airflow/venv/lib/python3.9/site-packages/airflow/example_dags/plugins/workday.py
[2023-08-28 23:20:25,290] {processor.py:653} WARNING - No viable dags retrieved from /home/linuxlite/Documentos/airflow/venv/lib/python3.9/site-packages/airflow/example_dags/plugins/workday.py
[2023-08-28 23:20:25,300] {processor.py:161} INFO - Processing /home/linuxlite/Documentos/airflow/venv/lib/python3.9/site-packages/airflow/example_dags/plugins/workday.py took 0.018 seconds
[2023-08-28 23:20:56,152] {processor.py:153} INFO - Started process (PID=61766) to work on /home/linuxlite/Documentos/airflow/venv/lib/python3.9/site-packages/airflow/example_dags/plugins/workday.py
[2023-08-28 23:20:56,153] {processor.py:641} INFO - Processing file /home/linuxlite/Documentos/airflow/venv/lib/python3.9/site-packages/airflow/example_dags/plugins/workday.py for tasks to queue
[2023-08-28 23:20:56,153] {logging_mixin.py:115} INFO - [2023-08-28 23:20:56,153] {dagbag.py:507} INFO - Filling up the DagBag from /home/linuxlite/Documentos/airflow/venv/lib/python3.9/site-packages/airflow/example_dags/plugins/workday.py
[2023-08-28 23:20:56,156] {processor.py:653} WARNING - No viable dags retrieved from /home/linuxlite/Documentos/airflow/venv/lib/python3.9/site-packages/airflow/example_dags/plugins/workday.py
[2023-08-28 23:20:56,167] {processor.py:161} INFO - Processing /home/linuxlite/Documentos/airflow/venv/lib/python3.9/site-packages/airflow/example_dags/plugins/workday.py took 0.019 seconds
[2023-08-28 23:21:31,091] {processor.py:153} INFO - Started process (PID=61807) to work on /home/linuxlite/Documentos/airflow/venv/lib/python3.9/site-packages/airflow/example_dags/plugins/workday.py
[2023-08-28 23:21:31,092] {processor.py:641} INFO - Processing file /home/linuxlite/Documentos/airflow/venv/lib/python3.9/site-packages/airflow/example_dags/plugins/workday.py for tasks to queue
[2023-08-28 23:21:31,093] {logging_mixin.py:115} INFO - [2023-08-28 23:21:31,093] {dagbag.py:507} INFO - Filling up the DagBag from /home/linuxlite/Documentos/airflow/venv/lib/python3.9/site-packages/airflow/example_dags/plugins/workday.py
[2023-08-28 23:21:31,095] {processor.py:653} WARNING - No viable dags retrieved from /home/linuxlite/Documentos/airflow/venv/lib/python3.9/site-packages/airflow/example_dags/plugins/workday.py
[2023-08-28 23:21:31,109] {processor.py:161} INFO - Processing /home/linuxlite/Documentos/airflow/venv/lib/python3.9/site-packages/airflow/example_dags/plugins/workday.py took 0.022 seconds
[2023-08-28 23:22:03,804] {processor.py:153} INFO - Started process (PID=61866) to work on /home/linuxlite/Documentos/airflow/venv/lib/python3.9/site-packages/airflow/example_dags/plugins/workday.py
[2023-08-28 23:22:03,806] {processor.py:641} INFO - Processing file /home/linuxlite/Documentos/airflow/venv/lib/python3.9/site-packages/airflow/example_dags/plugins/workday.py for tasks to queue
[2023-08-28 23:22:03,806] {logging_mixin.py:115} INFO - [2023-08-28 23:22:03,806] {dagbag.py:507} INFO - Filling up the DagBag from /home/linuxlite/Documentos/airflow/venv/lib/python3.9/site-packages/airflow/example_dags/plugins/workday.py
[2023-08-28 23:22:03,808] {processor.py:653} WARNING - No viable dags retrieved from /home/linuxlite/Documentos/airflow/venv/lib/python3.9/site-packages/airflow/example_dags/plugins/workday.py
[2023-08-28 23:22:03,824] {processor.py:161} INFO - Processing /home/linuxlite/Documentos/airflow/venv/lib/python3.9/site-packages/airflow/example_dags/plugins/workday.py took 0.026 seconds
[2023-08-28 23:22:35,614] {processor.py:153} INFO - Started process (PID=61903) to work on /home/linuxlite/Documentos/airflow/venv/lib/python3.9/site-packages/airflow/example_dags/plugins/workday.py
[2023-08-28 23:22:35,615] {processor.py:641} INFO - Processing file /home/linuxlite/Documentos/airflow/venv/lib/python3.9/site-packages/airflow/example_dags/plugins/workday.py for tasks to queue
[2023-08-28 23:22:35,616] {logging_mixin.py:115} INFO - [2023-08-28 23:22:35,616] {dagbag.py:507} INFO - Filling up the DagBag from /home/linuxlite/Documentos/airflow/venv/lib/python3.9/site-packages/airflow/example_dags/plugins/workday.py
[2023-08-28 23:22:35,619] {processor.py:653} WARNING - No viable dags retrieved from /home/linuxlite/Documentos/airflow/venv/lib/python3.9/site-packages/airflow/example_dags/plugins/workday.py
[2023-08-28 23:22:35,631] {processor.py:161} INFO - Processing /home/linuxlite/Documentos/airflow/venv/lib/python3.9/site-packages/airflow/example_dags/plugins/workday.py took 0.020 seconds
[2023-08-28 23:23:11,302] {processor.py:153} INFO - Started process (PID=61945) to work on /home/linuxlite/Documentos/airflow/venv/lib/python3.9/site-packages/airflow/example_dags/plugins/workday.py
[2023-08-28 23:23:11,303] {processor.py:641} INFO - Processing file /home/linuxlite/Documentos/airflow/venv/lib/python3.9/site-packages/airflow/example_dags/plugins/workday.py for tasks to queue
[2023-08-28 23:23:11,304] {logging_mixin.py:115} INFO - [2023-08-28 23:23:11,304] {dagbag.py:507} INFO - Filling up the DagBag from /home/linuxlite/Documentos/airflow/venv/lib/python3.9/site-packages/airflow/example_dags/plugins/workday.py
[2023-08-28 23:23:11,306] {processor.py:653} WARNING - No viable dags retrieved from /home/linuxlite/Documentos/airflow/venv/lib/python3.9/site-packages/airflow/example_dags/plugins/workday.py
[2023-08-28 23:23:11,320] {processor.py:161} INFO - Processing /home/linuxlite/Documentos/airflow/venv/lib/python3.9/site-packages/airflow/example_dags/plugins/workday.py took 0.022 seconds
[2023-08-28 23:23:46,547] {processor.py:153} INFO - Started process (PID=61980) to work on /home/linuxlite/Documentos/airflow/venv/lib/python3.9/site-packages/airflow/example_dags/plugins/workday.py
[2023-08-28 23:23:46,548] {processor.py:641} INFO - Processing file /home/linuxlite/Documentos/airflow/venv/lib/python3.9/site-packages/airflow/example_dags/plugins/workday.py for tasks to queue
[2023-08-28 23:23:46,548] {logging_mixin.py:115} INFO - [2023-08-28 23:23:46,548] {dagbag.py:507} INFO - Filling up the DagBag from /home/linuxlite/Documentos/airflow/venv/lib/python3.9/site-packages/airflow/example_dags/plugins/workday.py
[2023-08-28 23:23:46,551] {processor.py:653} WARNING - No viable dags retrieved from /home/linuxlite/Documentos/airflow/venv/lib/python3.9/site-packages/airflow/example_dags/plugins/workday.py
[2023-08-28 23:23:46,563] {processor.py:161} INFO - Processing /home/linuxlite/Documentos/airflow/venv/lib/python3.9/site-packages/airflow/example_dags/plugins/workday.py took 0.019 seconds
[2023-08-28 23:24:21,706] {processor.py:153} INFO - Started process (PID=62023) to work on /home/linuxlite/Documentos/airflow/venv/lib/python3.9/site-packages/airflow/example_dags/plugins/workday.py
[2023-08-28 23:24:21,707] {processor.py:641} INFO - Processing file /home/linuxlite/Documentos/airflow/venv/lib/python3.9/site-packages/airflow/example_dags/plugins/workday.py for tasks to queue
[2023-08-28 23:24:21,708] {logging_mixin.py:115} INFO - [2023-08-28 23:24:21,708] {dagbag.py:507} INFO - Filling up the DagBag from /home/linuxlite/Documentos/airflow/venv/lib/python3.9/site-packages/airflow/example_dags/plugins/workday.py
[2023-08-28 23:24:21,710] {processor.py:653} WARNING - No viable dags retrieved from /home/linuxlite/Documentos/airflow/venv/lib/python3.9/site-packages/airflow/example_dags/plugins/workday.py
[2023-08-28 23:24:21,721] {processor.py:161} INFO - Processing /home/linuxlite/Documentos/airflow/venv/lib/python3.9/site-packages/airflow/example_dags/plugins/workday.py took 0.019 seconds
[2023-08-28 23:24:53,798] {processor.py:153} INFO - Started process (PID=62078) to work on /home/linuxlite/Documentos/airflow/venv/lib/python3.9/site-packages/airflow/example_dags/plugins/workday.py
[2023-08-28 23:24:53,799] {processor.py:641} INFO - Processing file /home/linuxlite/Documentos/airflow/venv/lib/python3.9/site-packages/airflow/example_dags/plugins/workday.py for tasks to queue
[2023-08-28 23:24:53,800] {logging_mixin.py:115} INFO - [2023-08-28 23:24:53,800] {dagbag.py:507} INFO - Filling up the DagBag from /home/linuxlite/Documentos/airflow/venv/lib/python3.9/site-packages/airflow/example_dags/plugins/workday.py
[2023-08-28 23:24:53,804] {processor.py:653} WARNING - No viable dags retrieved from /home/linuxlite/Documentos/airflow/venv/lib/python3.9/site-packages/airflow/example_dags/plugins/workday.py
[2023-08-28 23:24:53,829] {processor.py:161} INFO - Processing /home/linuxlite/Documentos/airflow/venv/lib/python3.9/site-packages/airflow/example_dags/plugins/workday.py took 0.041 seconds
[2023-08-28 23:25:27,891] {processor.py:153} INFO - Started process (PID=62165) to work on /home/linuxlite/Documentos/airflow/venv/lib/python3.9/site-packages/airflow/example_dags/plugins/workday.py
[2023-08-28 23:25:27,892] {processor.py:641} INFO - Processing file /home/linuxlite/Documentos/airflow/venv/lib/python3.9/site-packages/airflow/example_dags/plugins/workday.py for tasks to queue
[2023-08-28 23:25:27,893] {logging_mixin.py:115} INFO - [2023-08-28 23:25:27,893] {dagbag.py:507} INFO - Filling up the DagBag from /home/linuxlite/Documentos/airflow/venv/lib/python3.9/site-packages/airflow/example_dags/plugins/workday.py
[2023-08-28 23:25:27,895] {processor.py:653} WARNING - No viable dags retrieved from /home/linuxlite/Documentos/airflow/venv/lib/python3.9/site-packages/airflow/example_dags/plugins/workday.py
[2023-08-28 23:25:27,906] {processor.py:161} INFO - Processing /home/linuxlite/Documentos/airflow/venv/lib/python3.9/site-packages/airflow/example_dags/plugins/workday.py took 0.018 seconds
[2023-08-28 23:26:00,496] {processor.py:153} INFO - Started process (PID=62200) to work on /home/linuxlite/Documentos/airflow/venv/lib/python3.9/site-packages/airflow/example_dags/plugins/workday.py
[2023-08-28 23:26:00,497] {processor.py:641} INFO - Processing file /home/linuxlite/Documentos/airflow/venv/lib/python3.9/site-packages/airflow/example_dags/plugins/workday.py for tasks to queue
[2023-08-28 23:26:00,497] {logging_mixin.py:115} INFO - [2023-08-28 23:26:00,497] {dagbag.py:507} INFO - Filling up the DagBag from /home/linuxlite/Documentos/airflow/venv/lib/python3.9/site-packages/airflow/example_dags/plugins/workday.py
[2023-08-28 23:26:00,499] {processor.py:653} WARNING - No viable dags retrieved from /home/linuxlite/Documentos/airflow/venv/lib/python3.9/site-packages/airflow/example_dags/plugins/workday.py
[2023-08-28 23:26:00,511] {processor.py:161} INFO - Processing /home/linuxlite/Documentos/airflow/venv/lib/python3.9/site-packages/airflow/example_dags/plugins/workday.py took 0.020 seconds
[2023-08-28 23:26:32,717] {processor.py:153} INFO - Started process (PID=62243) to work on /home/linuxlite/Documentos/airflow/venv/lib/python3.9/site-packages/airflow/example_dags/plugins/workday.py
[2023-08-28 23:26:32,718] {processor.py:641} INFO - Processing file /home/linuxlite/Documentos/airflow/venv/lib/python3.9/site-packages/airflow/example_dags/plugins/workday.py for tasks to queue
[2023-08-28 23:26:32,718] {logging_mixin.py:115} INFO - [2023-08-28 23:26:32,718] {dagbag.py:507} INFO - Filling up the DagBag from /home/linuxlite/Documentos/airflow/venv/lib/python3.9/site-packages/airflow/example_dags/plugins/workday.py
[2023-08-28 23:26:32,721] {processor.py:653} WARNING - No viable dags retrieved from /home/linuxlite/Documentos/airflow/venv/lib/python3.9/site-packages/airflow/example_dags/plugins/workday.py
[2023-08-28 23:26:32,733] {processor.py:161} INFO - Processing /home/linuxlite/Documentos/airflow/venv/lib/python3.9/site-packages/airflow/example_dags/plugins/workday.py took 0.020 seconds
[2023-08-28 23:27:04,400] {processor.py:153} INFO - Started process (PID=62298) to work on /home/linuxlite/Documentos/airflow/venv/lib/python3.9/site-packages/airflow/example_dags/plugins/workday.py
[2023-08-28 23:27:04,400] {processor.py:641} INFO - Processing file /home/linuxlite/Documentos/airflow/venv/lib/python3.9/site-packages/airflow/example_dags/plugins/workday.py for tasks to queue
[2023-08-28 23:27:04,401] {logging_mixin.py:115} INFO - [2023-08-28 23:27:04,401] {dagbag.py:507} INFO - Filling up the DagBag from /home/linuxlite/Documentos/airflow/venv/lib/python3.9/site-packages/airflow/example_dags/plugins/workday.py
[2023-08-28 23:27:04,403] {processor.py:653} WARNING - No viable dags retrieved from /home/linuxlite/Documentos/airflow/venv/lib/python3.9/site-packages/airflow/example_dags/plugins/workday.py
[2023-08-28 23:27:04,414] {processor.py:161} INFO - Processing /home/linuxlite/Documentos/airflow/venv/lib/python3.9/site-packages/airflow/example_dags/plugins/workday.py took 0.017 seconds
[2023-08-28 23:27:37,528] {processor.py:153} INFO - Started process (PID=62344) to work on /home/linuxlite/Documentos/airflow/venv/lib/python3.9/site-packages/airflow/example_dags/plugins/workday.py
[2023-08-28 23:27:37,529] {processor.py:641} INFO - Processing file /home/linuxlite/Documentos/airflow/venv/lib/python3.9/site-packages/airflow/example_dags/plugins/workday.py for tasks to queue
[2023-08-28 23:27:37,529] {logging_mixin.py:115} INFO - [2023-08-28 23:27:37,529] {dagbag.py:507} INFO - Filling up the DagBag from /home/linuxlite/Documentos/airflow/venv/lib/python3.9/site-packages/airflow/example_dags/plugins/workday.py
[2023-08-28 23:27:37,531] {processor.py:653} WARNING - No viable dags retrieved from /home/linuxlite/Documentos/airflow/venv/lib/python3.9/site-packages/airflow/example_dags/plugins/workday.py
[2023-08-28 23:27:37,542] {processor.py:161} INFO - Processing /home/linuxlite/Documentos/airflow/venv/lib/python3.9/site-packages/airflow/example_dags/plugins/workday.py took 0.017 seconds
