[2023-08-18 19:10:51,497] {taskinstance.py:1159} INFO - Dependencies all met for <TaskInstance: dados_climaticos.cria_pasta manual__2023-08-18T22:10:47.813155+00:00 [queued]>
[2023-08-18 19:10:51,521] {taskinstance.py:1159} INFO - Dependencies all met for <TaskInstance: dados_climaticos.cria_pasta manual__2023-08-18T22:10:47.813155+00:00 [queued]>
[2023-08-18 19:10:51,521] {taskinstance.py:1356} INFO - 
--------------------------------------------------------------------------------
[2023-08-18 19:10:51,521] {taskinstance.py:1357} INFO - Starting attempt 1 of 1
[2023-08-18 19:10:51,521] {taskinstance.py:1358} INFO - 
--------------------------------------------------------------------------------
[2023-08-18 19:10:51,558] {taskinstance.py:1377} INFO - Executing <Task(BashOperator): cria_pasta> on 2023-08-18 22:10:47.813155+00:00
[2023-08-18 19:10:51,565] {standard_task_runner.py:52} INFO - Started process 6550 to run task
[2023-08-18 19:10:51,575] {standard_task_runner.py:79} INFO - Running: ['airflow', 'tasks', 'run', 'dados_climaticos', 'cria_pasta', 'manual__2023-08-18T22:10:47.813155+00:00', '--job-id', '13', '--raw', '--subdir', 'DAGS_FOLDER/dados_climaticos.py', '--cfg-path', '/tmp/tmpj_gjx6bw', '--error-file', '/tmp/tmpdd59y5u0']
[2023-08-18 19:10:51,576] {standard_task_runner.py:80} INFO - Job 13: Subtask cria_pasta
[2023-08-18 19:10:51,683] {task_command.py:370} INFO - Running <TaskInstance: dados_climaticos.cria_pasta manual__2023-08-18T22:10:47.813155+00:00 [running]> on host linuxlite-virtual-machine
[2023-08-18 19:10:51,767] {taskinstance.py:1569} INFO - Exporting the following env vars:
AIRFLOW_CTX_DAG_OWNER=airflow
AIRFLOW_CTX_DAG_ID=dados_climaticos
AIRFLOW_CTX_TASK_ID=cria_pasta
AIRFLOW_CTX_EXECUTION_DATE=2023-08-18T22:10:47.813155+00:00
AIRFLOW_CTX_TRY_NUMBER=1
AIRFLOW_CTX_DAG_RUN_ID=manual__2023-08-18T22:10:47.813155+00:00
[2023-08-18 19:10:51,770] {subprocess.py:62} INFO - Tmp dir root location: 
 /tmp
[2023-08-18 19:10:51,772] {subprocess.py:74} INFO - Running command: ['bash', '-c', 'mkdir -p "/home/linuxlite/Documentos/airflow/semana=2023-08-14"']
[2023-08-18 19:10:51,788] {subprocess.py:85} INFO - Output:
[2023-08-18 19:10:51,807] {subprocess.py:96} INFO - Command exited with return code 0
[2023-08-18 19:10:51,843] {taskinstance.py:1395} INFO - Marking task as SUCCESS. dag_id=dados_climaticos, task_id=cria_pasta, execution_date=20230818T221047, start_date=20230818T221051, end_date=20230818T221051
[2023-08-18 19:10:51,870] {local_task_job.py:156} INFO - Task exited with return code 0
[2023-08-18 19:10:51,909] {local_task_job.py:273} INFO - 1 downstream tasks scheduled from follow-on schedule check
