[2023-08-18 18:35:36,551] {processor.py:153} INFO - Started process (PID=18559) to work on /home/linuxlite/Documentos/airflow/venv/lib/python3.9/site-packages/airflow/example_dags/plugins/workday.py
[2023-08-18 18:35:36,564] {processor.py:641} INFO - Processing file /home/linuxlite/Documentos/airflow/venv/lib/python3.9/site-packages/airflow/example_dags/plugins/workday.py for tasks to queue
[2023-08-18 18:35:36,573] {logging_mixin.py:115} INFO - [2023-08-18 18:35:36,565] {dagbag.py:507} INFO - Filling up the DagBag from /home/linuxlite/Documentos/airflow/venv/lib/python3.9/site-packages/airflow/example_dags/plugins/workday.py
[2023-08-18 18:35:36,594] {processor.py:653} WARNING - No viable dags retrieved from /home/linuxlite/Documentos/airflow/venv/lib/python3.9/site-packages/airflow/example_dags/plugins/workday.py
[2023-08-18 18:35:36,684] {processor.py:161} INFO - Processing /home/linuxlite/Documentos/airflow/venv/lib/python3.9/site-packages/airflow/example_dags/plugins/workday.py took 0.146 seconds
[2023-08-18 18:40:08,241] {processor.py:153} INFO - Started process (PID=19414) to work on /home/linuxlite/Documentos/airflow/venv/lib/python3.9/site-packages/airflow/example_dags/plugins/workday.py
[2023-08-18 18:40:08,243] {processor.py:641} INFO - Processing file /home/linuxlite/Documentos/airflow/venv/lib/python3.9/site-packages/airflow/example_dags/plugins/workday.py for tasks to queue
[2023-08-18 18:40:08,244] {logging_mixin.py:115} INFO - [2023-08-18 18:40:08,244] {dagbag.py:507} INFO - Filling up the DagBag from /home/linuxlite/Documentos/airflow/venv/lib/python3.9/site-packages/airflow/example_dags/plugins/workday.py
[2023-08-18 18:40:08,251] {processor.py:653} WARNING - No viable dags retrieved from /home/linuxlite/Documentos/airflow/venv/lib/python3.9/site-packages/airflow/example_dags/plugins/workday.py
[2023-08-18 18:40:08,313] {processor.py:161} INFO - Processing /home/linuxlite/Documentos/airflow/venv/lib/python3.9/site-packages/airflow/example_dags/plugins/workday.py took 0.100 seconds
[2023-08-18 18:40:54,310] {processor.py:153} INFO - Started process (PID=19686) to work on /home/linuxlite/Documentos/airflow/venv/lib/python3.9/site-packages/airflow/example_dags/plugins/workday.py
[2023-08-18 18:40:54,322] {processor.py:641} INFO - Processing file /home/linuxlite/Documentos/airflow/venv/lib/python3.9/site-packages/airflow/example_dags/plugins/workday.py for tasks to queue
[2023-08-18 18:40:54,323] {logging_mixin.py:115} INFO - [2023-08-18 18:40:54,323] {dagbag.py:507} INFO - Filling up the DagBag from /home/linuxlite/Documentos/airflow/venv/lib/python3.9/site-packages/airflow/example_dags/plugins/workday.py
[2023-08-18 18:40:54,326] {processor.py:653} WARNING - No viable dags retrieved from /home/linuxlite/Documentos/airflow/venv/lib/python3.9/site-packages/airflow/example_dags/plugins/workday.py
[2023-08-18 18:40:54,371] {processor.py:161} INFO - Processing /home/linuxlite/Documentos/airflow/venv/lib/python3.9/site-packages/airflow/example_dags/plugins/workday.py took 0.078 seconds
[2023-08-18 18:41:34,029] {processor.py:153} INFO - Started process (PID=19838) to work on /home/linuxlite/Documentos/airflow/venv/lib/python3.9/site-packages/airflow/example_dags/plugins/workday.py
[2023-08-18 18:41:34,038] {processor.py:641} INFO - Processing file /home/linuxlite/Documentos/airflow/venv/lib/python3.9/site-packages/airflow/example_dags/plugins/workday.py for tasks to queue
[2023-08-18 18:41:34,038] {logging_mixin.py:115} INFO - [2023-08-18 18:41:34,038] {dagbag.py:507} INFO - Filling up the DagBag from /home/linuxlite/Documentos/airflow/venv/lib/python3.9/site-packages/airflow/example_dags/plugins/workday.py
[2023-08-18 18:41:34,042] {processor.py:653} WARNING - No viable dags retrieved from /home/linuxlite/Documentos/airflow/venv/lib/python3.9/site-packages/airflow/example_dags/plugins/workday.py
[2023-08-18 18:41:34,080] {processor.py:161} INFO - Processing /home/linuxlite/Documentos/airflow/venv/lib/python3.9/site-packages/airflow/example_dags/plugins/workday.py took 0.061 seconds
[2023-08-18 18:42:17,250] {processor.py:153} INFO - Started process (PID=20082) to work on /home/linuxlite/Documentos/airflow/venv/lib/python3.9/site-packages/airflow/example_dags/plugins/workday.py
[2023-08-18 18:42:17,257] {processor.py:641} INFO - Processing file /home/linuxlite/Documentos/airflow/venv/lib/python3.9/site-packages/airflow/example_dags/plugins/workday.py for tasks to queue
[2023-08-18 18:42:17,258] {logging_mixin.py:115} INFO - [2023-08-18 18:42:17,257] {dagbag.py:507} INFO - Filling up the DagBag from /home/linuxlite/Documentos/airflow/venv/lib/python3.9/site-packages/airflow/example_dags/plugins/workday.py
[2023-08-18 18:42:17,261] {processor.py:653} WARNING - No viable dags retrieved from /home/linuxlite/Documentos/airflow/venv/lib/python3.9/site-packages/airflow/example_dags/plugins/workday.py
[2023-08-18 18:42:17,312] {processor.py:161} INFO - Processing /home/linuxlite/Documentos/airflow/venv/lib/python3.9/site-packages/airflow/example_dags/plugins/workday.py took 0.068 seconds
