[2023-08-18 19:10:54,347] {taskinstance.py:1159} INFO - Dependencies all met for <TaskInstance: dados_climaticos.extrai_dados manual__2023-08-18T22:10:47.813155+00:00 [queued]>
[2023-08-18 19:10:54,355] {taskinstance.py:1159} INFO - Dependencies all met for <TaskInstance: dados_climaticos.extrai_dados manual__2023-08-18T22:10:47.813155+00:00 [queued]>
[2023-08-18 19:10:54,355] {taskinstance.py:1356} INFO - 
--------------------------------------------------------------------------------
[2023-08-18 19:10:54,356] {taskinstance.py:1357} INFO - Starting attempt 1 of 1
[2023-08-18 19:10:54,356] {taskinstance.py:1358} INFO - 
--------------------------------------------------------------------------------
[2023-08-18 19:10:54,370] {taskinstance.py:1377} INFO - Executing <Task(PythonOperator): extrai_dados> on 2023-08-18 22:10:47.813155+00:00
[2023-08-18 19:10:54,374] {standard_task_runner.py:52} INFO - Started process 6557 to run task
[2023-08-18 19:10:54,378] {standard_task_runner.py:79} INFO - Running: ['airflow', 'tasks', 'run', 'dados_climaticos', 'extrai_dados', 'manual__2023-08-18T22:10:47.813155+00:00', '--job-id', '14', '--raw', '--subdir', 'DAGS_FOLDER/dados_climaticos.py', '--cfg-path', '/tmp/tmp1h99mqlw', '--error-file', '/tmp/tmprmoex46a']
[2023-08-18 19:10:54,379] {standard_task_runner.py:80} INFO - Job 14: Subtask extrai_dados
[2023-08-18 19:10:54,429] {task_command.py:370} INFO - Running <TaskInstance: dados_climaticos.extrai_dados manual__2023-08-18T22:10:47.813155+00:00 [running]> on host linuxlite-virtual-machine
[2023-08-18 19:10:54,491] {taskinstance.py:1569} INFO - Exporting the following env vars:
AIRFLOW_CTX_DAG_OWNER=airflow
AIRFLOW_CTX_DAG_ID=dados_climaticos
AIRFLOW_CTX_TASK_ID=extrai_dados
AIRFLOW_CTX_EXECUTION_DATE=2023-08-18T22:10:47.813155+00:00
AIRFLOW_CTX_TRY_NUMBER=1
AIRFLOW_CTX_DAG_RUN_ID=manual__2023-08-18T22:10:47.813155+00:00
[2023-08-18 19:10:55,205] {python.py:173} INFO - Done. Returned value was: None
[2023-08-18 19:10:55,210] {taskinstance.py:1395} INFO - Marking task as SUCCESS. dag_id=dados_climaticos, task_id=extrai_dados, execution_date=20230818T221047, start_date=20230818T221054, end_date=20230818T221055
[2023-08-18 19:10:55,239] {local_task_job.py:156} INFO - Task exited with return code 0
[2023-08-18 19:10:55,258] {local_task_job.py:273} INFO - 0 downstream tasks scheduled from follow-on schedule check
