[2023-08-18 18:35:46,996] {processor.py:153} INFO - Started process (PID=18625) to work on /home/linuxlite/Documentos/airflow/venv/lib/python3.9/site-packages/airflow/example_dags/example_sla_dag.py
[2023-08-18 18:35:46,997] {processor.py:641} INFO - Processing file /home/linuxlite/Documentos/airflow/venv/lib/python3.9/site-packages/airflow/example_dags/example_sla_dag.py for tasks to queue
[2023-08-18 18:35:46,998] {logging_mixin.py:115} INFO - [2023-08-18 18:35:46,998] {dagbag.py:507} INFO - Filling up the DagBag from /home/linuxlite/Documentos/airflow/venv/lib/python3.9/site-packages/airflow/example_dags/example_sla_dag.py
[2023-08-18 18:35:47,174] {processor.py:651} INFO - DAG(s) dict_keys(['example_sla_dag']) retrieved from /home/linuxlite/Documentos/airflow/venv/lib/python3.9/site-packages/airflow/example_dags/example_sla_dag.py
[2023-08-18 18:35:47,884] {logging_mixin.py:115} INFO - [2023-08-18 18:35:47,884] {manager.py:508} INFO - Created Permission View: can read on DAG:example_sla_dag
[2023-08-18 18:35:48,009] {logging_mixin.py:115} INFO - [2023-08-18 18:35:48,009] {manager.py:508} INFO - Created Permission View: can delete on DAG:example_sla_dag
[2023-08-18 18:35:48,061] {logging_mixin.py:115} INFO - [2023-08-18 18:35:48,060] {manager.py:508} INFO - Created Permission View: can edit on DAG:example_sla_dag
[2023-08-18 18:35:48,061] {logging_mixin.py:115} INFO - [2023-08-18 18:35:48,061] {dag.py:2379} INFO - Sync 1 DAGs
[2023-08-18 18:35:48,130] {logging_mixin.py:115} INFO - [2023-08-18 18:35:48,130] {dag.py:2398} INFO - Creating ORM DAG for example_sla_dag
[2023-08-18 18:35:48,251] {logging_mixin.py:115} INFO - [2023-08-18 18:35:48,251] {dag.py:2927} INFO - Setting next_dagrun for example_sla_dag to 2023-08-18T21:32:00+00:00, run_after=2023-08-18T21:34:00+00:00
[2023-08-18 18:35:48,327] {processor.py:161} INFO - Processing /home/linuxlite/Documentos/airflow/venv/lib/python3.9/site-packages/airflow/example_dags/example_sla_dag.py took 1.369 seconds
[2023-08-18 18:40:16,470] {processor.py:153} INFO - Started process (PID=19489) to work on /home/linuxlite/Documentos/airflow/venv/lib/python3.9/site-packages/airflow/example_dags/example_sla_dag.py
[2023-08-18 18:40:16,474] {processor.py:641} INFO - Processing file /home/linuxlite/Documentos/airflow/venv/lib/python3.9/site-packages/airflow/example_dags/example_sla_dag.py for tasks to queue
[2023-08-18 18:40:16,475] {logging_mixin.py:115} INFO - [2023-08-18 18:40:16,475] {dagbag.py:507} INFO - Filling up the DagBag from /home/linuxlite/Documentos/airflow/venv/lib/python3.9/site-packages/airflow/example_dags/example_sla_dag.py
[2023-08-18 18:40:16,513] {processor.py:651} INFO - DAG(s) dict_keys(['example_sla_dag']) retrieved from /home/linuxlite/Documentos/airflow/venv/lib/python3.9/site-packages/airflow/example_dags/example_sla_dag.py
[2023-08-18 18:40:16,554] {logging_mixin.py:115} INFO - [2023-08-18 18:40:16,553] {dag.py:2379} INFO - Sync 1 DAGs
[2023-08-18 18:40:16,620] {logging_mixin.py:115} INFO - [2023-08-18 18:40:16,620] {dag.py:2927} INFO - Setting next_dagrun for example_sla_dag to 2023-08-18T21:38:00+00:00, run_after=2023-08-18T21:40:00+00:00
[2023-08-18 18:40:16,636] {processor.py:161} INFO - Processing /home/linuxlite/Documentos/airflow/venv/lib/python3.9/site-packages/airflow/example_dags/example_sla_dag.py took 0.182 seconds
[2023-08-18 18:41:01,849] {processor.py:153} INFO - Started process (PID=19712) to work on /home/linuxlite/Documentos/airflow/venv/lib/python3.9/site-packages/airflow/example_dags/example_sla_dag.py
[2023-08-18 18:41:01,862] {processor.py:641} INFO - Processing file /home/linuxlite/Documentos/airflow/venv/lib/python3.9/site-packages/airflow/example_dags/example_sla_dag.py for tasks to queue
[2023-08-18 18:41:01,862] {logging_mixin.py:115} INFO - [2023-08-18 18:41:01,862] {dagbag.py:507} INFO - Filling up the DagBag from /home/linuxlite/Documentos/airflow/venv/lib/python3.9/site-packages/airflow/example_dags/example_sla_dag.py
[2023-08-18 18:41:01,917] {processor.py:651} INFO - DAG(s) dict_keys(['example_sla_dag']) retrieved from /home/linuxlite/Documentos/airflow/venv/lib/python3.9/site-packages/airflow/example_dags/example_sla_dag.py
[2023-08-18 18:41:01,979] {logging_mixin.py:115} INFO - [2023-08-18 18:41:01,979] {dag.py:2379} INFO - Sync 1 DAGs
[2023-08-18 18:41:02,058] {logging_mixin.py:115} INFO - [2023-08-18 18:41:02,056] {dag.py:2927} INFO - Setting next_dagrun for example_sla_dag to 2023-08-18T21:38:00+00:00, run_after=2023-08-18T21:40:00+00:00
[2023-08-18 18:41:02,085] {processor.py:161} INFO - Processing /home/linuxlite/Documentos/airflow/venv/lib/python3.9/site-packages/airflow/example_dags/example_sla_dag.py took 0.254 seconds
[2023-08-18 18:41:43,986] {processor.py:153} INFO - Started process (PID=19875) to work on /home/linuxlite/Documentos/airflow/venv/lib/python3.9/site-packages/airflow/example_dags/example_sla_dag.py
[2023-08-18 18:41:43,989] {processor.py:641} INFO - Processing file /home/linuxlite/Documentos/airflow/venv/lib/python3.9/site-packages/airflow/example_dags/example_sla_dag.py for tasks to queue
[2023-08-18 18:41:43,992] {logging_mixin.py:115} INFO - [2023-08-18 18:41:43,992] {dagbag.py:507} INFO - Filling up the DagBag from /home/linuxlite/Documentos/airflow/venv/lib/python3.9/site-packages/airflow/example_dags/example_sla_dag.py
[2023-08-18 18:41:44,068] {processor.py:651} INFO - DAG(s) dict_keys(['example_sla_dag']) retrieved from /home/linuxlite/Documentos/airflow/venv/lib/python3.9/site-packages/airflow/example_dags/example_sla_dag.py
[2023-08-18 18:41:44,144] {logging_mixin.py:115} INFO - [2023-08-18 18:41:44,144] {dag.py:2379} INFO - Sync 1 DAGs
[2023-08-18 18:41:44,281] {logging_mixin.py:115} INFO - [2023-08-18 18:41:44,269] {dag.py:2927} INFO - Setting next_dagrun for example_sla_dag to 2023-08-18T21:38:00+00:00, run_after=2023-08-18T21:40:00+00:00
[2023-08-18 18:41:44,313] {processor.py:161} INFO - Processing /home/linuxlite/Documentos/airflow/venv/lib/python3.9/site-packages/airflow/example_dags/example_sla_dag.py took 0.335 seconds
