[2023-08-18 18:35:57,536] {processor.py:153} INFO - Started process (PID=18671) to work on /home/linuxlite/Documentos/airflow/venv/lib/python3.9/site-packages/airflow/example_dags/example_kubernetes_executor.py
[2023-08-18 18:35:57,537] {processor.py:641} INFO - Processing file /home/linuxlite/Documentos/airflow/venv/lib/python3.9/site-packages/airflow/example_dags/example_kubernetes_executor.py for tasks to queue
[2023-08-18 18:35:57,538] {logging_mixin.py:115} INFO - [2023-08-18 18:35:57,538] {dagbag.py:507} INFO - Filling up the DagBag from /home/linuxlite/Documentos/airflow/venv/lib/python3.9/site-packages/airflow/example_dags/example_kubernetes_executor.py
[2023-08-18 18:35:57,612] {logging_mixin.py:115} INFO - [2023-08-18 18:35:57,612] {example_kubernetes_executor.py:39} WARNING - The example_kubernetes_executor example DAG requires the kubernetes provider. Please install it with: pip install apache-airflow[cncf.kubernetes]
[2023-08-18 18:35:57,612] {processor.py:653} WARNING - No viable dags retrieved from /home/linuxlite/Documentos/airflow/venv/lib/python3.9/site-packages/airflow/example_dags/example_kubernetes_executor.py
[2023-08-18 18:35:57,639] {processor.py:161} INFO - Processing /home/linuxlite/Documentos/airflow/venv/lib/python3.9/site-packages/airflow/example_dags/example_kubernetes_executor.py took 0.108 seconds
[2023-08-18 18:40:24,467] {processor.py:153} INFO - Started process (PID=19516) to work on /home/linuxlite/Documentos/airflow/venv/lib/python3.9/site-packages/airflow/example_dags/example_kubernetes_executor.py
[2023-08-18 18:40:24,473] {processor.py:641} INFO - Processing file /home/linuxlite/Documentos/airflow/venv/lib/python3.9/site-packages/airflow/example_dags/example_kubernetes_executor.py for tasks to queue
[2023-08-18 18:40:24,473] {logging_mixin.py:115} INFO - [2023-08-18 18:40:24,473] {dagbag.py:507} INFO - Filling up the DagBag from /home/linuxlite/Documentos/airflow/venv/lib/python3.9/site-packages/airflow/example_dags/example_kubernetes_executor.py
[2023-08-18 18:40:24,553] {logging_mixin.py:115} INFO - [2023-08-18 18:40:24,552] {example_kubernetes_executor.py:39} WARNING - The example_kubernetes_executor example DAG requires the kubernetes provider. Please install it with: pip install apache-airflow[cncf.kubernetes]
[2023-08-18 18:40:24,553] {processor.py:653} WARNING - No viable dags retrieved from /home/linuxlite/Documentos/airflow/venv/lib/python3.9/site-packages/airflow/example_dags/example_kubernetes_executor.py
[2023-08-18 18:40:24,586] {processor.py:161} INFO - Processing /home/linuxlite/Documentos/airflow/venv/lib/python3.9/site-packages/airflow/example_dags/example_kubernetes_executor.py took 0.135 seconds
[2023-08-18 18:41:08,579] {processor.py:153} INFO - Started process (PID=19738) to work on /home/linuxlite/Documentos/airflow/venv/lib/python3.9/site-packages/airflow/example_dags/example_kubernetes_executor.py
[2023-08-18 18:41:08,590] {processor.py:641} INFO - Processing file /home/linuxlite/Documentos/airflow/venv/lib/python3.9/site-packages/airflow/example_dags/example_kubernetes_executor.py for tasks to queue
[2023-08-18 18:41:08,591] {logging_mixin.py:115} INFO - [2023-08-18 18:41:08,591] {dagbag.py:507} INFO - Filling up the DagBag from /home/linuxlite/Documentos/airflow/venv/lib/python3.9/site-packages/airflow/example_dags/example_kubernetes_executor.py
[2023-08-18 18:41:08,635] {logging_mixin.py:115} INFO - [2023-08-18 18:41:08,635] {example_kubernetes_executor.py:39} WARNING - The example_kubernetes_executor example DAG requires the kubernetes provider. Please install it with: pip install apache-airflow[cncf.kubernetes]
[2023-08-18 18:41:08,636] {processor.py:653} WARNING - No viable dags retrieved from /home/linuxlite/Documentos/airflow/venv/lib/python3.9/site-packages/airflow/example_dags/example_kubernetes_executor.py
[2023-08-18 18:41:08,697] {processor.py:161} INFO - Processing /home/linuxlite/Documentos/airflow/venv/lib/python3.9/site-packages/airflow/example_dags/example_kubernetes_executor.py took 0.132 seconds
[2023-08-18 18:41:51,577] {processor.py:153} INFO - Started process (PID=19899) to work on /home/linuxlite/Documentos/airflow/venv/lib/python3.9/site-packages/airflow/example_dags/example_kubernetes_executor.py
[2023-08-18 18:41:51,593] {processor.py:641} INFO - Processing file /home/linuxlite/Documentos/airflow/venv/lib/python3.9/site-packages/airflow/example_dags/example_kubernetes_executor.py for tasks to queue
[2023-08-18 18:41:51,594] {logging_mixin.py:115} INFO - [2023-08-18 18:41:51,594] {dagbag.py:507} INFO - Filling up the DagBag from /home/linuxlite/Documentos/airflow/venv/lib/python3.9/site-packages/airflow/example_dags/example_kubernetes_executor.py
[2023-08-18 18:41:51,688] {logging_mixin.py:115} INFO - [2023-08-18 18:41:51,688] {example_kubernetes_executor.py:39} WARNING - The example_kubernetes_executor example DAG requires the kubernetes provider. Please install it with: pip install apache-airflow[cncf.kubernetes]
[2023-08-18 18:41:51,688] {processor.py:653} WARNING - No viable dags retrieved from /home/linuxlite/Documentos/airflow/venv/lib/python3.9/site-packages/airflow/example_dags/example_kubernetes_executor.py
[2023-08-18 18:41:51,753] {processor.py:161} INFO - Processing /home/linuxlite/Documentos/airflow/venv/lib/python3.9/site-packages/airflow/example_dags/example_kubernetes_executor.py took 0.201 seconds
