[2023-08-18 18:36:04,388] {processor.py:153} INFO - Started process (PID=18701) to work on /home/linuxlite/Documentos/airflow/venv/lib/python3.9/site-packages/airflow/example_dags/example_dag_decorator.py
[2023-08-18 18:36:04,399] {processor.py:641} INFO - Processing file /home/linuxlite/Documentos/airflow/venv/lib/python3.9/site-packages/airflow/example_dags/example_dag_decorator.py for tasks to queue
[2023-08-18 18:36:04,400] {logging_mixin.py:115} INFO - [2023-08-18 18:36:04,400] {dagbag.py:507} INFO - Filling up the DagBag from /home/linuxlite/Documentos/airflow/venv/lib/python3.9/site-packages/airflow/example_dags/example_dag_decorator.py
[2023-08-18 18:36:04,515] {processor.py:651} INFO - DAG(s) dict_keys(['example_dag_decorator']) retrieved from /home/linuxlite/Documentos/airflow/venv/lib/python3.9/site-packages/airflow/example_dags/example_dag_decorator.py
[2023-08-18 18:36:04,790] {logging_mixin.py:115} INFO - [2023-08-18 18:36:04,790] {manager.py:508} INFO - Created Permission View: can read on DAG:example_dag_decorator
[2023-08-18 18:36:04,858] {logging_mixin.py:115} INFO - [2023-08-18 18:36:04,858] {manager.py:508} INFO - Created Permission View: can delete on DAG:example_dag_decorator
[2023-08-18 18:36:04,902] {logging_mixin.py:115} INFO - [2023-08-18 18:36:04,902] {manager.py:508} INFO - Created Permission View: can edit on DAG:example_dag_decorator
[2023-08-18 18:36:04,903] {logging_mixin.py:115} INFO - [2023-08-18 18:36:04,903] {dag.py:2379} INFO - Sync 1 DAGs
[2023-08-18 18:36:04,958] {logging_mixin.py:115} INFO - [2023-08-18 18:36:04,955] {dag.py:2398} INFO - Creating ORM DAG for example_dag_decorator
[2023-08-18 18:36:05,020] {logging_mixin.py:115} INFO - [2023-08-18 18:36:05,019] {dag.py:2927} INFO - Setting next_dagrun for example_dag_decorator to None, run_after=None
[2023-08-18 18:36:05,068] {processor.py:161} INFO - Processing /home/linuxlite/Documentos/airflow/venv/lib/python3.9/site-packages/airflow/example_dags/example_dag_decorator.py took 0.712 seconds
[2023-08-18 18:40:30,114] {processor.py:153} INFO - Started process (PID=19527) to work on /home/linuxlite/Documentos/airflow/venv/lib/python3.9/site-packages/airflow/example_dags/example_dag_decorator.py
[2023-08-18 18:40:30,126] {processor.py:641} INFO - Processing file /home/linuxlite/Documentos/airflow/venv/lib/python3.9/site-packages/airflow/example_dags/example_dag_decorator.py for tasks to queue
[2023-08-18 18:40:30,127] {logging_mixin.py:115} INFO - [2023-08-18 18:40:30,126] {dagbag.py:507} INFO - Filling up the DagBag from /home/linuxlite/Documentos/airflow/venv/lib/python3.9/site-packages/airflow/example_dags/example_dag_decorator.py
[2023-08-18 18:40:30,212] {processor.py:651} INFO - DAG(s) dict_keys(['example_dag_decorator']) retrieved from /home/linuxlite/Documentos/airflow/venv/lib/python3.9/site-packages/airflow/example_dags/example_dag_decorator.py
[2023-08-18 18:40:30,367] {logging_mixin.py:115} INFO - [2023-08-18 18:40:30,367] {dag.py:2379} INFO - Sync 1 DAGs
[2023-08-18 18:40:30,435] {logging_mixin.py:115} INFO - [2023-08-18 18:40:30,435] {dag.py:2927} INFO - Setting next_dagrun for example_dag_decorator to None, run_after=None
[2023-08-18 18:40:30,462] {processor.py:161} INFO - Processing /home/linuxlite/Documentos/airflow/venv/lib/python3.9/site-packages/airflow/example_dags/example_dag_decorator.py took 0.356 seconds
[2023-08-18 18:41:13,789] {processor.py:153} INFO - Started process (PID=19758) to work on /home/linuxlite/Documentos/airflow/venv/lib/python3.9/site-packages/airflow/example_dags/example_dag_decorator.py
[2023-08-18 18:41:13,790] {processor.py:641} INFO - Processing file /home/linuxlite/Documentos/airflow/venv/lib/python3.9/site-packages/airflow/example_dags/example_dag_decorator.py for tasks to queue
[2023-08-18 18:41:13,790] {logging_mixin.py:115} INFO - [2023-08-18 18:41:13,790] {dagbag.py:507} INFO - Filling up the DagBag from /home/linuxlite/Documentos/airflow/venv/lib/python3.9/site-packages/airflow/example_dags/example_dag_decorator.py
[2023-08-18 18:41:13,843] {processor.py:651} INFO - DAG(s) dict_keys(['example_dag_decorator']) retrieved from /home/linuxlite/Documentos/airflow/venv/lib/python3.9/site-packages/airflow/example_dags/example_dag_decorator.py
[2023-08-18 18:41:13,922] {logging_mixin.py:115} INFO - [2023-08-18 18:41:13,921] {dag.py:2379} INFO - Sync 1 DAGs
[2023-08-18 18:41:13,975] {logging_mixin.py:115} INFO - [2023-08-18 18:41:13,974] {dag.py:2927} INFO - Setting next_dagrun for example_dag_decorator to None, run_after=None
[2023-08-18 18:41:14,003] {processor.py:161} INFO - Processing /home/linuxlite/Documentos/airflow/venv/lib/python3.9/site-packages/airflow/example_dags/example_dag_decorator.py took 0.220 seconds
[2023-08-18 18:41:58,196] {processor.py:153} INFO - Started process (PID=19953) to work on /home/linuxlite/Documentos/airflow/venv/lib/python3.9/site-packages/airflow/example_dags/example_dag_decorator.py
[2023-08-18 18:41:58,198] {processor.py:641} INFO - Processing file /home/linuxlite/Documentos/airflow/venv/lib/python3.9/site-packages/airflow/example_dags/example_dag_decorator.py for tasks to queue
[2023-08-18 18:41:58,199] {logging_mixin.py:115} INFO - [2023-08-18 18:41:58,199] {dagbag.py:507} INFO - Filling up the DagBag from /home/linuxlite/Documentos/airflow/venv/lib/python3.9/site-packages/airflow/example_dags/example_dag_decorator.py
[2023-08-18 18:41:58,265] {processor.py:651} INFO - DAG(s) dict_keys(['example_dag_decorator']) retrieved from /home/linuxlite/Documentos/airflow/venv/lib/python3.9/site-packages/airflow/example_dags/example_dag_decorator.py
[2023-08-18 18:41:58,326] {logging_mixin.py:115} INFO - [2023-08-18 18:41:58,326] {dag.py:2379} INFO - Sync 1 DAGs
[2023-08-18 18:41:58,424] {logging_mixin.py:115} INFO - [2023-08-18 18:41:58,424] {dag.py:2927} INFO - Setting next_dagrun for example_dag_decorator to None, run_after=None
[2023-08-18 18:41:58,454] {processor.py:161} INFO - Processing /home/linuxlite/Documentos/airflow/venv/lib/python3.9/site-packages/airflow/example_dags/example_dag_decorator.py took 0.272 seconds
