[2023-08-18 18:35:41,796] {processor.py:153} INFO - Started process (PID=18606) to work on /home/linuxlite/Documentos/airflow/venv/lib/python3.9/site-packages/airflow/example_dags/example_time_delta_sensor_async.py
[2023-08-18 18:35:41,797] {processor.py:641} INFO - Processing file /home/linuxlite/Documentos/airflow/venv/lib/python3.9/site-packages/airflow/example_dags/example_time_delta_sensor_async.py for tasks to queue
[2023-08-18 18:35:41,797] {logging_mixin.py:115} INFO - [2023-08-18 18:35:41,797] {dagbag.py:507} INFO - Filling up the DagBag from /home/linuxlite/Documentos/airflow/venv/lib/python3.9/site-packages/airflow/example_dags/example_time_delta_sensor_async.py
[2023-08-18 18:35:41,824] {processor.py:651} INFO - DAG(s) dict_keys(['example_time_delta_sensor_async']) retrieved from /home/linuxlite/Documentos/airflow/venv/lib/python3.9/site-packages/airflow/example_dags/example_time_delta_sensor_async.py
[2023-08-18 18:35:41,990] {logging_mixin.py:115} INFO - [2023-08-18 18:35:41,989] {manager.py:508} INFO - Created Permission View: can read on DAG:example_time_delta_sensor_async
[2023-08-18 18:35:42,040] {logging_mixin.py:115} INFO - [2023-08-18 18:35:42,039] {manager.py:508} INFO - Created Permission View: can delete on DAG:example_time_delta_sensor_async
[2023-08-18 18:35:42,076] {logging_mixin.py:115} INFO - [2023-08-18 18:35:42,075] {manager.py:508} INFO - Created Permission View: can edit on DAG:example_time_delta_sensor_async
[2023-08-18 18:35:42,076] {logging_mixin.py:115} INFO - [2023-08-18 18:35:42,076] {dag.py:2379} INFO - Sync 1 DAGs
[2023-08-18 18:35:42,099] {logging_mixin.py:115} INFO - [2023-08-18 18:35:42,099] {dag.py:2398} INFO - Creating ORM DAG for example_time_delta_sensor_async
[2023-08-18 18:35:42,136] {logging_mixin.py:115} INFO - [2023-08-18 18:35:42,135] {dag.py:2927} INFO - Setting next_dagrun for example_time_delta_sensor_async to None, run_after=None
[2023-08-18 18:35:42,208] {processor.py:161} INFO - Processing /home/linuxlite/Documentos/airflow/venv/lib/python3.9/site-packages/airflow/example_dags/example_time_delta_sensor_async.py took 0.427 seconds
[2023-08-18 18:40:12,239] {processor.py:153} INFO - Started process (PID=19451) to work on /home/linuxlite/Documentos/airflow/venv/lib/python3.9/site-packages/airflow/example_dags/example_time_delta_sensor_async.py
[2023-08-18 18:40:12,241] {processor.py:641} INFO - Processing file /home/linuxlite/Documentos/airflow/venv/lib/python3.9/site-packages/airflow/example_dags/example_time_delta_sensor_async.py for tasks to queue
[2023-08-18 18:40:12,241] {logging_mixin.py:115} INFO - [2023-08-18 18:40:12,241] {dagbag.py:507} INFO - Filling up the DagBag from /home/linuxlite/Documentos/airflow/venv/lib/python3.9/site-packages/airflow/example_dags/example_time_delta_sensor_async.py
[2023-08-18 18:40:12,271] {processor.py:651} INFO - DAG(s) dict_keys(['example_time_delta_sensor_async']) retrieved from /home/linuxlite/Documentos/airflow/venv/lib/python3.9/site-packages/airflow/example_dags/example_time_delta_sensor_async.py
[2023-08-18 18:40:12,363] {logging_mixin.py:115} INFO - [2023-08-18 18:40:12,363] {dag.py:2379} INFO - Sync 1 DAGs
[2023-08-18 18:40:12,472] {logging_mixin.py:115} INFO - [2023-08-18 18:40:12,471] {dag.py:2927} INFO - Setting next_dagrun for example_time_delta_sensor_async to None, run_after=None
[2023-08-18 18:40:12,521] {processor.py:161} INFO - Processing /home/linuxlite/Documentos/airflow/venv/lib/python3.9/site-packages/airflow/example_dags/example_time_delta_sensor_async.py took 0.301 seconds
[2023-08-18 18:40:57,853] {processor.py:153} INFO - Started process (PID=19693) to work on /home/linuxlite/Documentos/airflow/venv/lib/python3.9/site-packages/airflow/example_dags/example_time_delta_sensor_async.py
[2023-08-18 18:40:57,866] {processor.py:641} INFO - Processing file /home/linuxlite/Documentos/airflow/venv/lib/python3.9/site-packages/airflow/example_dags/example_time_delta_sensor_async.py for tasks to queue
[2023-08-18 18:40:57,867] {logging_mixin.py:115} INFO - [2023-08-18 18:40:57,867] {dagbag.py:507} INFO - Filling up the DagBag from /home/linuxlite/Documentos/airflow/venv/lib/python3.9/site-packages/airflow/example_dags/example_time_delta_sensor_async.py
[2023-08-18 18:40:57,876] {processor.py:651} INFO - DAG(s) dict_keys(['example_time_delta_sensor_async']) retrieved from /home/linuxlite/Documentos/airflow/venv/lib/python3.9/site-packages/airflow/example_dags/example_time_delta_sensor_async.py
[2023-08-18 18:40:57,967] {logging_mixin.py:115} INFO - [2023-08-18 18:40:57,967] {dag.py:2379} INFO - Sync 1 DAGs
[2023-08-18 18:40:58,038] {logging_mixin.py:115} INFO - [2023-08-18 18:40:58,038] {dag.py:2927} INFO - Setting next_dagrun for example_time_delta_sensor_async to None, run_after=None
[2023-08-18 18:40:58,093] {processor.py:161} INFO - Processing /home/linuxlite/Documentos/airflow/venv/lib/python3.9/site-packages/airflow/example_dags/example_time_delta_sensor_async.py took 0.262 seconds
[2023-08-18 18:41:37,444] {processor.py:153} INFO - Started process (PID=19856) to work on /home/linuxlite/Documentos/airflow/venv/lib/python3.9/site-packages/airflow/example_dags/example_time_delta_sensor_async.py
[2023-08-18 18:41:37,454] {processor.py:641} INFO - Processing file /home/linuxlite/Documentos/airflow/venv/lib/python3.9/site-packages/airflow/example_dags/example_time_delta_sensor_async.py for tasks to queue
[2023-08-18 18:41:37,455] {logging_mixin.py:115} INFO - [2023-08-18 18:41:37,455] {dagbag.py:507} INFO - Filling up the DagBag from /home/linuxlite/Documentos/airflow/venv/lib/python3.9/site-packages/airflow/example_dags/example_time_delta_sensor_async.py
[2023-08-18 18:41:37,486] {processor.py:651} INFO - DAG(s) dict_keys(['example_time_delta_sensor_async']) retrieved from /home/linuxlite/Documentos/airflow/venv/lib/python3.9/site-packages/airflow/example_dags/example_time_delta_sensor_async.py
[2023-08-18 18:41:37,620] {logging_mixin.py:115} INFO - [2023-08-18 18:41:37,620] {dag.py:2379} INFO - Sync 1 DAGs
[2023-08-18 18:41:37,757] {logging_mixin.py:115} INFO - [2023-08-18 18:41:37,757] {dag.py:2927} INFO - Setting next_dagrun for example_time_delta_sensor_async to None, run_after=None
[2023-08-18 18:41:37,836] {processor.py:161} INFO - Processing /home/linuxlite/Documentos/airflow/venv/lib/python3.9/site-packages/airflow/example_dags/example_time_delta_sensor_async.py took 0.412 seconds
[2023-08-18 18:42:19,517] {processor.py:153} INFO - Started process (PID=20103) to work on /home/linuxlite/Documentos/airflow/venv/lib/python3.9/site-packages/airflow/example_dags/example_time_delta_sensor_async.py
[2023-08-18 18:42:19,531] {processor.py:641} INFO - Processing file /home/linuxlite/Documentos/airflow/venv/lib/python3.9/site-packages/airflow/example_dags/example_time_delta_sensor_async.py for tasks to queue
[2023-08-18 18:42:19,532] {logging_mixin.py:115} INFO - [2023-08-18 18:42:19,532] {dagbag.py:507} INFO - Filling up the DagBag from /home/linuxlite/Documentos/airflow/venv/lib/python3.9/site-packages/airflow/example_dags/example_time_delta_sensor_async.py
[2023-08-18 18:42:19,559] {processor.py:651} INFO - DAG(s) dict_keys(['example_time_delta_sensor_async']) retrieved from /home/linuxlite/Documentos/airflow/venv/lib/python3.9/site-packages/airflow/example_dags/example_time_delta_sensor_async.py
[2023-08-18 18:42:19,620] {logging_mixin.py:115} INFO - [2023-08-18 18:42:19,620] {dag.py:2379} INFO - Sync 1 DAGs
[2023-08-18 18:42:19,679] {logging_mixin.py:115} INFO - [2023-08-18 18:42:19,678] {dag.py:2927} INFO - Setting next_dagrun for example_time_delta_sensor_async to None, run_after=None
[2023-08-18 18:42:19,697] {processor.py:161} INFO - Processing /home/linuxlite/Documentos/airflow/venv/lib/python3.9/site-packages/airflow/example_dags/example_time_delta_sensor_async.py took 0.187 seconds
