[2023-08-18 18:35:56,348] {processor.py:153} INFO - Started process (PID=18669) to work on /home/linuxlite/Documentos/airflow/venv/lib/python3.9/site-packages/airflow/example_dags/example_short_circuit_operator.py
[2023-08-18 18:35:56,349] {processor.py:641} INFO - Processing file /home/linuxlite/Documentos/airflow/venv/lib/python3.9/site-packages/airflow/example_dags/example_short_circuit_operator.py for tasks to queue
[2023-08-18 18:35:56,351] {logging_mixin.py:115} INFO - [2023-08-18 18:35:56,350] {dagbag.py:507} INFO - Filling up the DagBag from /home/linuxlite/Documentos/airflow/venv/lib/python3.9/site-packages/airflow/example_dags/example_short_circuit_operator.py
[2023-08-18 18:35:56,386] {processor.py:651} INFO - DAG(s) dict_keys(['example_short_circuit_operator']) retrieved from /home/linuxlite/Documentos/airflow/venv/lib/python3.9/site-packages/airflow/example_dags/example_short_circuit_operator.py
[2023-08-18 18:35:56,645] {logging_mixin.py:115} INFO - [2023-08-18 18:35:56,642] {manager.py:508} INFO - Created Permission View: can read on DAG:example_short_circuit_operator
[2023-08-18 18:35:56,686] {logging_mixin.py:115} INFO - [2023-08-18 18:35:56,686] {manager.py:508} INFO - Created Permission View: can delete on DAG:example_short_circuit_operator
[2023-08-18 18:35:56,715] {logging_mixin.py:115} INFO - [2023-08-18 18:35:56,715] {manager.py:508} INFO - Created Permission View: can edit on DAG:example_short_circuit_operator
[2023-08-18 18:35:56,715] {logging_mixin.py:115} INFO - [2023-08-18 18:35:56,715] {dag.py:2379} INFO - Sync 1 DAGs
[2023-08-18 18:35:56,737] {logging_mixin.py:115} INFO - [2023-08-18 18:35:56,736] {dag.py:2398} INFO - Creating ORM DAG for example_short_circuit_operator
[2023-08-18 18:35:56,766] {logging_mixin.py:115} INFO - [2023-08-18 18:35:56,766] {dag.py:2927} INFO - Setting next_dagrun for example_short_circuit_operator to 2023-08-17T21:35:56.765604+00:00, run_after=2023-08-18T21:35:56.765604+00:00
[2023-08-18 18:35:56,823] {processor.py:161} INFO - Processing /home/linuxlite/Documentos/airflow/venv/lib/python3.9/site-packages/airflow/example_dags/example_short_circuit_operator.py took 0.486 seconds
[2023-08-18 18:40:23,191] {processor.py:153} INFO - Started process (PID=19510) to work on /home/linuxlite/Documentos/airflow/venv/lib/python3.9/site-packages/airflow/example_dags/example_short_circuit_operator.py
[2023-08-18 18:40:23,202] {processor.py:641} INFO - Processing file /home/linuxlite/Documentos/airflow/venv/lib/python3.9/site-packages/airflow/example_dags/example_short_circuit_operator.py for tasks to queue
[2023-08-18 18:40:23,205] {logging_mixin.py:115} INFO - [2023-08-18 18:40:23,205] {dagbag.py:507} INFO - Filling up the DagBag from /home/linuxlite/Documentos/airflow/venv/lib/python3.9/site-packages/airflow/example_dags/example_short_circuit_operator.py
[2023-08-18 18:40:23,231] {processor.py:651} INFO - DAG(s) dict_keys(['example_short_circuit_operator']) retrieved from /home/linuxlite/Documentos/airflow/venv/lib/python3.9/site-packages/airflow/example_dags/example_short_circuit_operator.py
[2023-08-18 18:40:23,263] {logging_mixin.py:115} INFO - [2023-08-18 18:40:23,263] {dag.py:2379} INFO - Sync 1 DAGs
[2023-08-18 18:40:23,303] {logging_mixin.py:115} INFO - [2023-08-18 18:40:23,303] {dag.py:2927} INFO - Setting next_dagrun for example_short_circuit_operator to 2023-08-17T21:40:23.303015+00:00, run_after=2023-08-18T21:40:23.303015+00:00
[2023-08-18 18:40:23,325] {processor.py:161} INFO - Processing /home/linuxlite/Documentos/airflow/venv/lib/python3.9/site-packages/airflow/example_dags/example_short_circuit_operator.py took 0.157 seconds
[2023-08-18 18:41:07,249] {processor.py:153} INFO - Started process (PID=19737) to work on /home/linuxlite/Documentos/airflow/venv/lib/python3.9/site-packages/airflow/example_dags/example_short_circuit_operator.py
[2023-08-18 18:41:07,250] {processor.py:641} INFO - Processing file /home/linuxlite/Documentos/airflow/venv/lib/python3.9/site-packages/airflow/example_dags/example_short_circuit_operator.py for tasks to queue
[2023-08-18 18:41:07,250] {logging_mixin.py:115} INFO - [2023-08-18 18:41:07,250] {dagbag.py:507} INFO - Filling up the DagBag from /home/linuxlite/Documentos/airflow/venv/lib/python3.9/site-packages/airflow/example_dags/example_short_circuit_operator.py
[2023-08-18 18:41:07,271] {processor.py:651} INFO - DAG(s) dict_keys(['example_short_circuit_operator']) retrieved from /home/linuxlite/Documentos/airflow/venv/lib/python3.9/site-packages/airflow/example_dags/example_short_circuit_operator.py
[2023-08-18 18:41:07,306] {logging_mixin.py:115} INFO - [2023-08-18 18:41:07,306] {dag.py:2379} INFO - Sync 1 DAGs
[2023-08-18 18:41:07,361] {logging_mixin.py:115} INFO - [2023-08-18 18:41:07,361] {dag.py:2927} INFO - Setting next_dagrun for example_short_circuit_operator to 2023-08-17T21:41:07.360715+00:00, run_after=2023-08-18T21:41:07.360715+00:00
[2023-08-18 18:41:07,380] {processor.py:161} INFO - Processing /home/linuxlite/Documentos/airflow/venv/lib/python3.9/site-packages/airflow/example_dags/example_short_circuit_operator.py took 0.137 seconds
[2023-08-18 18:41:50,003] {processor.py:153} INFO - Started process (PID=19897) to work on /home/linuxlite/Documentos/airflow/venv/lib/python3.9/site-packages/airflow/example_dags/example_short_circuit_operator.py
[2023-08-18 18:41:50,005] {processor.py:641} INFO - Processing file /home/linuxlite/Documentos/airflow/venv/lib/python3.9/site-packages/airflow/example_dags/example_short_circuit_operator.py for tasks to queue
[2023-08-18 18:41:50,007] {logging_mixin.py:115} INFO - [2023-08-18 18:41:50,006] {dagbag.py:507} INFO - Filling up the DagBag from /home/linuxlite/Documentos/airflow/venv/lib/python3.9/site-packages/airflow/example_dags/example_short_circuit_operator.py
[2023-08-18 18:41:50,032] {processor.py:651} INFO - DAG(s) dict_keys(['example_short_circuit_operator']) retrieved from /home/linuxlite/Documentos/airflow/venv/lib/python3.9/site-packages/airflow/example_dags/example_short_circuit_operator.py
[2023-08-18 18:41:50,105] {logging_mixin.py:115} INFO - [2023-08-18 18:41:50,105] {dag.py:2379} INFO - Sync 1 DAGs
[2023-08-18 18:41:50,147] {logging_mixin.py:115} INFO - [2023-08-18 18:41:50,147] {dag.py:2927} INFO - Setting next_dagrun for example_short_circuit_operator to 2023-08-17T21:41:50.146788+00:00, run_after=2023-08-18T21:41:50.146788+00:00
[2023-08-18 18:41:50,201] {processor.py:161} INFO - Processing /home/linuxlite/Documentos/airflow/venv/lib/python3.9/site-packages/airflow/example_dags/example_short_circuit_operator.py took 0.203 seconds
