[2023-08-18 18:40:47,141] {processor.py:153} INFO - Started process (PID=19650) to work on /home/linuxlite/Documentos/airflow/venv/lib/python3.9/site-packages/airflow/example_dags/example_bash_operator.py
[2023-08-18 18:40:47,142] {processor.py:641} INFO - Processing file /home/linuxlite/Documentos/airflow/venv/lib/python3.9/site-packages/airflow/example_dags/example_bash_operator.py for tasks to queue
[2023-08-18 18:40:47,143] {logging_mixin.py:115} INFO - [2023-08-18 18:40:47,142] {dagbag.py:507} INFO - Filling up the DagBag from /home/linuxlite/Documentos/airflow/venv/lib/python3.9/site-packages/airflow/example_dags/example_bash_operator.py
[2023-08-18 18:40:47,172] {processor.py:651} INFO - DAG(s) dict_keys(['example_bash_operator']) retrieved from /home/linuxlite/Documentos/airflow/venv/lib/python3.9/site-packages/airflow/example_dags/example_bash_operator.py
[2023-08-18 18:40:47,368] {logging_mixin.py:115} INFO - [2023-08-18 18:40:47,367] {manager.py:508} INFO - Created Permission View: can edit on DAG:example_bash_operator
[2023-08-18 18:40:47,406] {logging_mixin.py:115} INFO - [2023-08-18 18:40:47,406] {manager.py:508} INFO - Created Permission View: can delete on DAG:example_bash_operator
[2023-08-18 18:40:47,429] {logging_mixin.py:115} INFO - [2023-08-18 18:40:47,429] {manager.py:508} INFO - Created Permission View: can read on DAG:example_bash_operator
[2023-08-18 18:40:47,429] {logging_mixin.py:115} INFO - [2023-08-18 18:40:47,429] {dag.py:2379} INFO - Sync 1 DAGs
[2023-08-18 18:40:47,443] {logging_mixin.py:115} INFO - [2023-08-18 18:40:47,443] {dag.py:2398} INFO - Creating ORM DAG for example_bash_operator
[2023-08-18 18:40:47,464] {logging_mixin.py:115} INFO - [2023-08-18 18:40:47,463] {dag.py:2927} INFO - Setting next_dagrun for example_bash_operator to 2023-08-17T00:00:00+00:00, run_after=2023-08-18T00:00:00+00:00
[2023-08-18 18:40:47,495] {processor.py:161} INFO - Processing /home/linuxlite/Documentos/airflow/venv/lib/python3.9/site-packages/airflow/example_dags/example_bash_operator.py took 0.360 seconds
[2023-08-18 18:41:39,036] {processor.py:153} INFO - Started process (PID=19857) to work on /home/linuxlite/Documentos/airflow/venv/lib/python3.9/site-packages/airflow/example_dags/example_bash_operator.py
[2023-08-18 18:41:39,042] {processor.py:641} INFO - Processing file /home/linuxlite/Documentos/airflow/venv/lib/python3.9/site-packages/airflow/example_dags/example_bash_operator.py for tasks to queue
[2023-08-18 18:41:39,043] {logging_mixin.py:115} INFO - [2023-08-18 18:41:39,043] {dagbag.py:507} INFO - Filling up the DagBag from /home/linuxlite/Documentos/airflow/venv/lib/python3.9/site-packages/airflow/example_dags/example_bash_operator.py
[2023-08-18 18:41:39,084] {processor.py:651} INFO - DAG(s) dict_keys(['example_bash_operator']) retrieved from /home/linuxlite/Documentos/airflow/venv/lib/python3.9/site-packages/airflow/example_dags/example_bash_operator.py
[2023-08-18 18:41:39,139] {logging_mixin.py:115} INFO - [2023-08-18 18:41:39,138] {dag.py:2379} INFO - Sync 1 DAGs
[2023-08-18 18:41:39,264] {logging_mixin.py:115} INFO - [2023-08-18 18:41:39,264] {dag.py:2927} INFO - Setting next_dagrun for example_bash_operator to 2023-08-17T00:00:00+00:00, run_after=2023-08-18T00:00:00+00:00
[2023-08-18 18:41:39,301] {processor.py:161} INFO - Processing /home/linuxlite/Documentos/airflow/venv/lib/python3.9/site-packages/airflow/example_dags/example_bash_operator.py took 0.271 seconds
[2023-08-18 18:42:25,840] {processor.py:153} INFO - Started process (PID=20139) to work on /home/linuxlite/Documentos/airflow/venv/lib/python3.9/site-packages/airflow/example_dags/example_bash_operator.py
[2023-08-18 18:42:25,842] {processor.py:641} INFO - Processing file /home/linuxlite/Documentos/airflow/venv/lib/python3.9/site-packages/airflow/example_dags/example_bash_operator.py for tasks to queue
[2023-08-18 18:42:25,843] {logging_mixin.py:115} INFO - [2023-08-18 18:42:25,843] {dagbag.py:507} INFO - Filling up the DagBag from /home/linuxlite/Documentos/airflow/venv/lib/python3.9/site-packages/airflow/example_dags/example_bash_operator.py
[2023-08-18 18:42:25,893] {processor.py:651} INFO - DAG(s) dict_keys(['example_bash_operator']) retrieved from /home/linuxlite/Documentos/airflow/venv/lib/python3.9/site-packages/airflow/example_dags/example_bash_operator.py
[2023-08-18 18:42:25,929] {logging_mixin.py:115} INFO - [2023-08-18 18:42:25,929] {dag.py:2379} INFO - Sync 1 DAGs
[2023-08-18 18:42:25,971] {logging_mixin.py:115} INFO - [2023-08-18 18:42:25,970] {dag.py:2927} INFO - Setting next_dagrun for example_bash_operator to 2023-08-17T00:00:00+00:00, run_after=2023-08-18T00:00:00+00:00
[2023-08-18 18:42:25,992] {processor.py:161} INFO - Processing /home/linuxlite/Documentos/airflow/venv/lib/python3.9/site-packages/airflow/example_dags/example_bash_operator.py took 0.167 seconds
