[2023-08-18 18:40:35,819] {processor.py:153} INFO - Started process (PID=19587) to work on /home/linuxlite/Documentos/airflow/venv/lib/python3.9/site-packages/airflow/example_dags/example_python_operator.py
[2023-08-18 18:40:35,820] {processor.py:641} INFO - Processing file /home/linuxlite/Documentos/airflow/venv/lib/python3.9/site-packages/airflow/example_dags/example_python_operator.py for tasks to queue
[2023-08-18 18:40:35,821] {logging_mixin.py:115} INFO - [2023-08-18 18:40:35,821] {dagbag.py:507} INFO - Filling up the DagBag from /home/linuxlite/Documentos/airflow/venv/lib/python3.9/site-packages/airflow/example_dags/example_python_operator.py
[2023-08-18 18:40:35,938] {logging_mixin.py:115} INFO - [2023-08-18 18:40:35,937] {example_python_operator.py:68} WARNING - The virtalenv_python example task requires virtualenv, please install it.
[2023-08-18 18:40:35,939] {processor.py:651} INFO - DAG(s) dict_keys(['example_python_operator']) retrieved from /home/linuxlite/Documentos/airflow/venv/lib/python3.9/site-packages/airflow/example_dags/example_python_operator.py
[2023-08-18 18:40:36,194] {logging_mixin.py:115} INFO - [2023-08-18 18:40:36,194] {manager.py:508} INFO - Created Permission View: can edit on DAG:example_python_operator
[2023-08-18 18:40:36,211] {logging_mixin.py:115} INFO - [2023-08-18 18:40:36,211] {manager.py:508} INFO - Created Permission View: can delete on DAG:example_python_operator
[2023-08-18 18:40:36,221] {logging_mixin.py:115} INFO - [2023-08-18 18:40:36,220] {manager.py:508} INFO - Created Permission View: can read on DAG:example_python_operator
[2023-08-18 18:40:36,221] {logging_mixin.py:115} INFO - [2023-08-18 18:40:36,221] {dag.py:2379} INFO - Sync 1 DAGs
[2023-08-18 18:40:36,242] {logging_mixin.py:115} INFO - [2023-08-18 18:40:36,241] {dag.py:2398} INFO - Creating ORM DAG for example_python_operator
[2023-08-18 18:40:36,257] {logging_mixin.py:115} INFO - [2023-08-18 18:40:36,257] {dag.py:2927} INFO - Setting next_dagrun for example_python_operator to None, run_after=None
[2023-08-18 18:40:36,296] {processor.py:161} INFO - Processing /home/linuxlite/Documentos/airflow/venv/lib/python3.9/site-packages/airflow/example_dags/example_python_operator.py took 0.493 seconds
[2023-08-18 18:41:19,438] {processor.py:153} INFO - Started process (PID=19782) to work on /home/linuxlite/Documentos/airflow/venv/lib/python3.9/site-packages/airflow/example_dags/example_python_operator.py
[2023-08-18 18:41:19,440] {processor.py:641} INFO - Processing file /home/linuxlite/Documentos/airflow/venv/lib/python3.9/site-packages/airflow/example_dags/example_python_operator.py for tasks to queue
[2023-08-18 18:41:19,441] {logging_mixin.py:115} INFO - [2023-08-18 18:41:19,440] {dagbag.py:507} INFO - Filling up the DagBag from /home/linuxlite/Documentos/airflow/venv/lib/python3.9/site-packages/airflow/example_dags/example_python_operator.py
[2023-08-18 18:41:19,504] {logging_mixin.py:115} INFO - [2023-08-18 18:41:19,503] {example_python_operator.py:68} WARNING - The virtalenv_python example task requires virtualenv, please install it.
[2023-08-18 18:41:19,504] {processor.py:651} INFO - DAG(s) dict_keys(['example_python_operator']) retrieved from /home/linuxlite/Documentos/airflow/venv/lib/python3.9/site-packages/airflow/example_dags/example_python_operator.py
[2023-08-18 18:41:19,582] {logging_mixin.py:115} INFO - [2023-08-18 18:41:19,582] {dag.py:2379} INFO - Sync 1 DAGs
[2023-08-18 18:41:19,671] {logging_mixin.py:115} INFO - [2023-08-18 18:41:19,671] {dag.py:2927} INFO - Setting next_dagrun for example_python_operator to None, run_after=None
[2023-08-18 18:41:19,755] {processor.py:161} INFO - Processing /home/linuxlite/Documentos/airflow/venv/lib/python3.9/site-packages/airflow/example_dags/example_python_operator.py took 0.339 seconds
[2023-08-18 18:42:03,926] {processor.py:153} INFO - Started process (PID=20016) to work on /home/linuxlite/Documentos/airflow/venv/lib/python3.9/site-packages/airflow/example_dags/example_python_operator.py
[2023-08-18 18:42:03,929] {processor.py:641} INFO - Processing file /home/linuxlite/Documentos/airflow/venv/lib/python3.9/site-packages/airflow/example_dags/example_python_operator.py for tasks to queue
[2023-08-18 18:42:03,930] {logging_mixin.py:115} INFO - [2023-08-18 18:42:03,930] {dagbag.py:507} INFO - Filling up the DagBag from /home/linuxlite/Documentos/airflow/venv/lib/python3.9/site-packages/airflow/example_dags/example_python_operator.py
[2023-08-18 18:42:04,029] {logging_mixin.py:115} INFO - [2023-08-18 18:42:04,029] {example_python_operator.py:68} WARNING - The virtalenv_python example task requires virtualenv, please install it.
[2023-08-18 18:42:04,030] {processor.py:651} INFO - DAG(s) dict_keys(['example_python_operator']) retrieved from /home/linuxlite/Documentos/airflow/venv/lib/python3.9/site-packages/airflow/example_dags/example_python_operator.py
[2023-08-18 18:42:04,124] {logging_mixin.py:115} INFO - [2023-08-18 18:42:04,124] {dag.py:2379} INFO - Sync 1 DAGs
[2023-08-18 18:42:04,224] {logging_mixin.py:115} INFO - [2023-08-18 18:42:04,224] {dag.py:2927} INFO - Setting next_dagrun for example_python_operator to None, run_after=None
[2023-08-18 18:42:04,284] {processor.py:161} INFO - Processing /home/linuxlite/Documentos/airflow/venv/lib/python3.9/site-packages/airflow/example_dags/example_python_operator.py took 0.377 seconds
