[2023-08-18 18:40:42,360] {processor.py:153} INFO - Started process (PID=19621) to work on /home/linuxlite/Documentos/airflow/venv/lib/python3.9/site-packages/airflow/example_dags/example_branch_operator_decorator.py
[2023-08-18 18:40:42,361] {processor.py:641} INFO - Processing file /home/linuxlite/Documentos/airflow/venv/lib/python3.9/site-packages/airflow/example_dags/example_branch_operator_decorator.py for tasks to queue
[2023-08-18 18:40:42,362] {logging_mixin.py:115} INFO - [2023-08-18 18:40:42,362] {dagbag.py:507} INFO - Filling up the DagBag from /home/linuxlite/Documentos/airflow/venv/lib/python3.9/site-packages/airflow/example_dags/example_branch_operator_decorator.py
[2023-08-18 18:40:42,423] {processor.py:651} INFO - DAG(s) dict_keys(['example_branch_python_operator_decorator']) retrieved from /home/linuxlite/Documentos/airflow/venv/lib/python3.9/site-packages/airflow/example_dags/example_branch_operator_decorator.py
[2023-08-18 18:40:42,620] {logging_mixin.py:115} INFO - [2023-08-18 18:40:42,620] {manager.py:508} INFO - Created Permission View: can edit on DAG:example_branch_python_operator_decorator
[2023-08-18 18:40:42,653] {logging_mixin.py:115} INFO - [2023-08-18 18:40:42,653] {manager.py:508} INFO - Created Permission View: can delete on DAG:example_branch_python_operator_decorator
[2023-08-18 18:40:42,670] {logging_mixin.py:115} INFO - [2023-08-18 18:40:42,670] {manager.py:508} INFO - Created Permission View: can read on DAG:example_branch_python_operator_decorator
[2023-08-18 18:40:42,670] {logging_mixin.py:115} INFO - [2023-08-18 18:40:42,670] {dag.py:2379} INFO - Sync 1 DAGs
[2023-08-18 18:40:42,683] {logging_mixin.py:115} INFO - [2023-08-18 18:40:42,683] {dag.py:2398} INFO - Creating ORM DAG for example_branch_python_operator_decorator
[2023-08-18 18:40:42,710] {logging_mixin.py:115} INFO - [2023-08-18 18:40:42,710] {dag.py:2927} INFO - Setting next_dagrun for example_branch_python_operator_decorator to 2023-08-17T00:00:00+00:00, run_after=2023-08-18T00:00:00+00:00
[2023-08-18 18:40:42,771] {processor.py:161} INFO - Processing /home/linuxlite/Documentos/airflow/venv/lib/python3.9/site-packages/airflow/example_dags/example_branch_operator_decorator.py took 0.420 seconds
[2023-08-18 18:41:25,562] {processor.py:153} INFO - Started process (PID=19805) to work on /home/linuxlite/Documentos/airflow/venv/lib/python3.9/site-packages/airflow/example_dags/example_branch_operator_decorator.py
[2023-08-18 18:41:25,563] {processor.py:641} INFO - Processing file /home/linuxlite/Documentos/airflow/venv/lib/python3.9/site-packages/airflow/example_dags/example_branch_operator_decorator.py for tasks to queue
[2023-08-18 18:41:25,565] {logging_mixin.py:115} INFO - [2023-08-18 18:41:25,564] {dagbag.py:507} INFO - Filling up the DagBag from /home/linuxlite/Documentos/airflow/venv/lib/python3.9/site-packages/airflow/example_dags/example_branch_operator_decorator.py
[2023-08-18 18:41:25,607] {processor.py:651} INFO - DAG(s) dict_keys(['example_branch_python_operator_decorator']) retrieved from /home/linuxlite/Documentos/airflow/venv/lib/python3.9/site-packages/airflow/example_dags/example_branch_operator_decorator.py
[2023-08-18 18:41:25,655] {logging_mixin.py:115} INFO - [2023-08-18 18:41:25,654] {dag.py:2379} INFO - Sync 1 DAGs
[2023-08-18 18:41:25,696] {logging_mixin.py:115} INFO - [2023-08-18 18:41:25,696] {dag.py:2927} INFO - Setting next_dagrun for example_branch_python_operator_decorator to 2023-08-17T00:00:00+00:00, run_after=2023-08-18T00:00:00+00:00
[2023-08-18 18:41:25,714] {processor.py:161} INFO - Processing /home/linuxlite/Documentos/airflow/venv/lib/python3.9/site-packages/airflow/example_dags/example_branch_operator_decorator.py took 0.167 seconds
[2023-08-18 18:42:22,332] {processor.py:153} INFO - Started process (PID=20107) to work on /home/linuxlite/Documentos/airflow/venv/lib/python3.9/site-packages/airflow/example_dags/example_branch_operator_decorator.py
[2023-08-18 18:42:22,333] {processor.py:641} INFO - Processing file /home/linuxlite/Documentos/airflow/venv/lib/python3.9/site-packages/airflow/example_dags/example_branch_operator_decorator.py for tasks to queue
[2023-08-18 18:42:22,334] {logging_mixin.py:115} INFO - [2023-08-18 18:42:22,334] {dagbag.py:507} INFO - Filling up the DagBag from /home/linuxlite/Documentos/airflow/venv/lib/python3.9/site-packages/airflow/example_dags/example_branch_operator_decorator.py
[2023-08-18 18:42:22,379] {processor.py:651} INFO - DAG(s) dict_keys(['example_branch_python_operator_decorator']) retrieved from /home/linuxlite/Documentos/airflow/venv/lib/python3.9/site-packages/airflow/example_dags/example_branch_operator_decorator.py
[2023-08-18 18:42:22,413] {logging_mixin.py:115} INFO - [2023-08-18 18:42:22,413] {dag.py:2379} INFO - Sync 1 DAGs
[2023-08-18 18:42:22,449] {logging_mixin.py:115} INFO - [2023-08-18 18:42:22,449] {dag.py:2927} INFO - Setting next_dagrun for example_branch_python_operator_decorator to 2023-08-17T00:00:00+00:00, run_after=2023-08-18T00:00:00+00:00
[2023-08-18 18:42:22,467] {processor.py:161} INFO - Processing /home/linuxlite/Documentos/airflow/venv/lib/python3.9/site-packages/airflow/example_dags/example_branch_operator_decorator.py took 0.148 seconds
