[2023-08-18 18:40:37,493] {processor.py:153} INFO - Started process (PID=19592) to work on /home/linuxlite/Documentos/airflow/venv/lib/python3.9/site-packages/airflow/example_dags/example_local_kubernetes_executor.py
[2023-08-18 18:40:37,495] {processor.py:641} INFO - Processing file /home/linuxlite/Documentos/airflow/venv/lib/python3.9/site-packages/airflow/example_dags/example_local_kubernetes_executor.py for tasks to queue
[2023-08-18 18:40:37,496] {logging_mixin.py:115} INFO - [2023-08-18 18:40:37,495] {dagbag.py:507} INFO - Filling up the DagBag from /home/linuxlite/Documentos/airflow/venv/lib/python3.9/site-packages/airflow/example_dags/example_local_kubernetes_executor.py
[2023-08-18 18:40:37,551] {logging_mixin.py:115} INFO - [2023-08-18 18:40:37,550] {example_local_kubernetes_executor.py:37} WARNING - Could not import DAGs in example_local_kubernetes_executor.py
Traceback (most recent call last):
  File "/home/linuxlite/Documentos/airflow/venv/lib/python3.9/site-packages/airflow/example_dags/example_local_kubernetes_executor.py", line 35, in <module>
    from kubernetes.client import models as k8s
ModuleNotFoundError: No module named 'kubernetes'
[2023-08-18 18:40:37,551] {logging_mixin.py:115} INFO - [2023-08-18 18:40:37,551] {example_local_kubernetes_executor.py:38} WARNING - Install Kubernetes dependencies with: pip install apache-airflow[cncf.kubernetes]
[2023-08-18 18:40:37,551] {processor.py:653} WARNING - No viable dags retrieved from /home/linuxlite/Documentos/airflow/venv/lib/python3.9/site-packages/airflow/example_dags/example_local_kubernetes_executor.py
[2023-08-18 18:40:37,608] {processor.py:161} INFO - Processing /home/linuxlite/Documentos/airflow/venv/lib/python3.9/site-packages/airflow/example_dags/example_local_kubernetes_executor.py took 0.138 seconds
[2023-08-18 18:41:20,879] {processor.py:153} INFO - Started process (PID=19795) to work on /home/linuxlite/Documentos/airflow/venv/lib/python3.9/site-packages/airflow/example_dags/example_local_kubernetes_executor.py
[2023-08-18 18:41:20,880] {processor.py:641} INFO - Processing file /home/linuxlite/Documentos/airflow/venv/lib/python3.9/site-packages/airflow/example_dags/example_local_kubernetes_executor.py for tasks to queue
[2023-08-18 18:41:20,881] {logging_mixin.py:115} INFO - [2023-08-18 18:41:20,881] {dagbag.py:507} INFO - Filling up the DagBag from /home/linuxlite/Documentos/airflow/venv/lib/python3.9/site-packages/airflow/example_dags/example_local_kubernetes_executor.py
[2023-08-18 18:41:20,938] {logging_mixin.py:115} INFO - [2023-08-18 18:41:20,937] {example_local_kubernetes_executor.py:37} WARNING - Could not import DAGs in example_local_kubernetes_executor.py
Traceback (most recent call last):
  File "/home/linuxlite/Documentos/airflow/venv/lib/python3.9/site-packages/airflow/example_dags/example_local_kubernetes_executor.py", line 35, in <module>
    from kubernetes.client import models as k8s
ModuleNotFoundError: No module named 'kubernetes'
[2023-08-18 18:41:20,938] {logging_mixin.py:115} INFO - [2023-08-18 18:41:20,938] {example_local_kubernetes_executor.py:38} WARNING - Install Kubernetes dependencies with: pip install apache-airflow[cncf.kubernetes]
[2023-08-18 18:41:20,938] {processor.py:653} WARNING - No viable dags retrieved from /home/linuxlite/Documentos/airflow/venv/lib/python3.9/site-packages/airflow/example_dags/example_local_kubernetes_executor.py
[2023-08-18 18:41:20,993] {processor.py:161} INFO - Processing /home/linuxlite/Documentos/airflow/venv/lib/python3.9/site-packages/airflow/example_dags/example_local_kubernetes_executor.py took 0.119 seconds
[2023-08-18 18:42:05,519] {processor.py:153} INFO - Started process (PID=20018) to work on /home/linuxlite/Documentos/airflow/venv/lib/python3.9/site-packages/airflow/example_dags/example_local_kubernetes_executor.py
[2023-08-18 18:42:05,522] {processor.py:641} INFO - Processing file /home/linuxlite/Documentos/airflow/venv/lib/python3.9/site-packages/airflow/example_dags/example_local_kubernetes_executor.py for tasks to queue
[2023-08-18 18:42:05,527] {logging_mixin.py:115} INFO - [2023-08-18 18:42:05,526] {dagbag.py:507} INFO - Filling up the DagBag from /home/linuxlite/Documentos/airflow/venv/lib/python3.9/site-packages/airflow/example_dags/example_local_kubernetes_executor.py
[2023-08-18 18:42:05,585] {logging_mixin.py:115} INFO - [2023-08-18 18:42:05,584] {example_local_kubernetes_executor.py:37} WARNING - Could not import DAGs in example_local_kubernetes_executor.py
Traceback (most recent call last):
  File "/home/linuxlite/Documentos/airflow/venv/lib/python3.9/site-packages/airflow/example_dags/example_local_kubernetes_executor.py", line 35, in <module>
    from kubernetes.client import models as k8s
ModuleNotFoundError: No module named 'kubernetes'
[2023-08-18 18:42:05,585] {logging_mixin.py:115} INFO - [2023-08-18 18:42:05,585] {example_local_kubernetes_executor.py:38} WARNING - Install Kubernetes dependencies with: pip install apache-airflow[cncf.kubernetes]
[2023-08-18 18:42:05,586] {processor.py:653} WARNING - No viable dags retrieved from /home/linuxlite/Documentos/airflow/venv/lib/python3.9/site-packages/airflow/example_dags/example_local_kubernetes_executor.py
[2023-08-18 18:42:05,620] {processor.py:161} INFO - Processing /home/linuxlite/Documentos/airflow/venv/lib/python3.9/site-packages/airflow/example_dags/example_local_kubernetes_executor.py took 0.107 seconds
