[2023-08-18 18:36:02,263] {processor.py:153} INFO - Started process (PID=18699) to work on /home/linuxlite/Documentos/airflow/venv/lib/python3.9/site-packages/airflow/example_dags/example_latest_only_with_trigger.py
[2023-08-18 18:36:02,265] {processor.py:641} INFO - Processing file /home/linuxlite/Documentos/airflow/venv/lib/python3.9/site-packages/airflow/example_dags/example_latest_only_with_trigger.py for tasks to queue
[2023-08-18 18:36:02,273] {logging_mixin.py:115} INFO - [2023-08-18 18:36:02,272] {dagbag.py:507} INFO - Filling up the DagBag from /home/linuxlite/Documentos/airflow/venv/lib/python3.9/site-packages/airflow/example_dags/example_latest_only_with_trigger.py
[2023-08-18 18:36:02,341] {processor.py:651} INFO - DAG(s) dict_keys(['latest_only_with_trigger']) retrieved from /home/linuxlite/Documentos/airflow/venv/lib/python3.9/site-packages/airflow/example_dags/example_latest_only_with_trigger.py
[2023-08-18 18:36:02,873] {logging_mixin.py:115} INFO - [2023-08-18 18:36:02,872] {manager.py:508} INFO - Created Permission View: can read on DAG:latest_only_with_trigger
[2023-08-18 18:36:02,923] {logging_mixin.py:115} INFO - [2023-08-18 18:36:02,923] {manager.py:508} INFO - Created Permission View: can delete on DAG:latest_only_with_trigger
[2023-08-18 18:36:02,964] {logging_mixin.py:115} INFO - [2023-08-18 18:36:02,964] {manager.py:508} INFO - Created Permission View: can edit on DAG:latest_only_with_trigger
[2023-08-18 18:36:02,965] {logging_mixin.py:115} INFO - [2023-08-18 18:36:02,965] {dag.py:2379} INFO - Sync 1 DAGs
[2023-08-18 18:36:03,011] {logging_mixin.py:115} INFO - [2023-08-18 18:36:03,011] {dag.py:2398} INFO - Creating ORM DAG for latest_only_with_trigger
[2023-08-18 18:36:03,077] {logging_mixin.py:115} INFO - [2023-08-18 18:36:03,077] {dag.py:2927} INFO - Setting next_dagrun for latest_only_with_trigger to 2023-08-18T17:36:03.076940+00:00, run_after=2023-08-18T21:36:03.076940+00:00
[2023-08-18 18:36:03,198] {processor.py:161} INFO - Processing /home/linuxlite/Documentos/airflow/venv/lib/python3.9/site-packages/airflow/example_dags/example_latest_only_with_trigger.py took 0.945 seconds
[2023-08-18 18:40:28,469] {processor.py:153} INFO - Started process (PID=19526) to work on /home/linuxlite/Documentos/airflow/venv/lib/python3.9/site-packages/airflow/example_dags/example_latest_only_with_trigger.py
[2023-08-18 18:40:28,483] {processor.py:641} INFO - Processing file /home/linuxlite/Documentos/airflow/venv/lib/python3.9/site-packages/airflow/example_dags/example_latest_only_with_trigger.py for tasks to queue
[2023-08-18 18:40:28,486] {logging_mixin.py:115} INFO - [2023-08-18 18:40:28,485] {dagbag.py:507} INFO - Filling up the DagBag from /home/linuxlite/Documentos/airflow/venv/lib/python3.9/site-packages/airflow/example_dags/example_latest_only_with_trigger.py
[2023-08-18 18:40:28,556] {processor.py:651} INFO - DAG(s) dict_keys(['latest_only_with_trigger']) retrieved from /home/linuxlite/Documentos/airflow/venv/lib/python3.9/site-packages/airflow/example_dags/example_latest_only_with_trigger.py
[2023-08-18 18:40:28,696] {logging_mixin.py:115} INFO - [2023-08-18 18:40:28,695] {dag.py:2379} INFO - Sync 1 DAGs
[2023-08-18 18:40:28,838] {logging_mixin.py:115} INFO - [2023-08-18 18:40:28,821] {dag.py:2927} INFO - Setting next_dagrun for latest_only_with_trigger to 2023-08-18T17:40:28.819530+00:00, run_after=2023-08-18T21:40:28.819530+00:00
[2023-08-18 18:40:28,886] {processor.py:161} INFO - Processing /home/linuxlite/Documentos/airflow/venv/lib/python3.9/site-packages/airflow/example_dags/example_latest_only_with_trigger.py took 0.428 seconds
[2023-08-18 18:41:12,582] {processor.py:153} INFO - Started process (PID=19757) to work on /home/linuxlite/Documentos/airflow/venv/lib/python3.9/site-packages/airflow/example_dags/example_latest_only_with_trigger.py
[2023-08-18 18:41:12,595] {processor.py:641} INFO - Processing file /home/linuxlite/Documentos/airflow/venv/lib/python3.9/site-packages/airflow/example_dags/example_latest_only_with_trigger.py for tasks to queue
[2023-08-18 18:41:12,596] {logging_mixin.py:115} INFO - [2023-08-18 18:41:12,596] {dagbag.py:507} INFO - Filling up the DagBag from /home/linuxlite/Documentos/airflow/venv/lib/python3.9/site-packages/airflow/example_dags/example_latest_only_with_trigger.py
[2023-08-18 18:41:12,617] {processor.py:651} INFO - DAG(s) dict_keys(['latest_only_with_trigger']) retrieved from /home/linuxlite/Documentos/airflow/venv/lib/python3.9/site-packages/airflow/example_dags/example_latest_only_with_trigger.py
[2023-08-18 18:41:12,672] {logging_mixin.py:115} INFO - [2023-08-18 18:41:12,671] {dag.py:2379} INFO - Sync 1 DAGs
[2023-08-18 18:41:12,750] {logging_mixin.py:115} INFO - [2023-08-18 18:41:12,750] {dag.py:2927} INFO - Setting next_dagrun for latest_only_with_trigger to 2023-08-18T17:41:12.749673+00:00, run_after=2023-08-18T21:41:12.749673+00:00
[2023-08-18 18:41:12,778] {processor.py:161} INFO - Processing /home/linuxlite/Documentos/airflow/venv/lib/python3.9/site-packages/airflow/example_dags/example_latest_only_with_trigger.py took 0.202 seconds
[2023-08-18 18:41:56,747] {processor.py:153} INFO - Started process (PID=19951) to work on /home/linuxlite/Documentos/airflow/venv/lib/python3.9/site-packages/airflow/example_dags/example_latest_only_with_trigger.py
[2023-08-18 18:41:56,758] {processor.py:641} INFO - Processing file /home/linuxlite/Documentos/airflow/venv/lib/python3.9/site-packages/airflow/example_dags/example_latest_only_with_trigger.py for tasks to queue
[2023-08-18 18:41:56,759] {logging_mixin.py:115} INFO - [2023-08-18 18:41:56,759] {dagbag.py:507} INFO - Filling up the DagBag from /home/linuxlite/Documentos/airflow/venv/lib/python3.9/site-packages/airflow/example_dags/example_latest_only_with_trigger.py
[2023-08-18 18:41:56,786] {processor.py:651} INFO - DAG(s) dict_keys(['latest_only_with_trigger']) retrieved from /home/linuxlite/Documentos/airflow/venv/lib/python3.9/site-packages/airflow/example_dags/example_latest_only_with_trigger.py
[2023-08-18 18:41:56,875] {logging_mixin.py:115} INFO - [2023-08-18 18:41:56,875] {dag.py:2379} INFO - Sync 1 DAGs
[2023-08-18 18:41:56,972] {logging_mixin.py:115} INFO - [2023-08-18 18:41:56,972] {dag.py:2927} INFO - Setting next_dagrun for latest_only_with_trigger to 2023-08-18T17:41:56.972210+00:00, run_after=2023-08-18T21:41:56.972210+00:00
[2023-08-18 18:41:57,022] {processor.py:161} INFO - Processing /home/linuxlite/Documentos/airflow/venv/lib/python3.9/site-packages/airflow/example_dags/example_latest_only_with_trigger.py took 0.300 seconds
