[2023-08-18 18:40:38,757] {processor.py:153} INFO - Started process (PID=19598) to work on /home/linuxlite/Documentos/airflow/venv/lib/python3.9/site-packages/airflow/example_dags/example_branch_day_of_week_operator.py
[2023-08-18 18:40:38,759] {processor.py:641} INFO - Processing file /home/linuxlite/Documentos/airflow/venv/lib/python3.9/site-packages/airflow/example_dags/example_branch_day_of_week_operator.py for tasks to queue
[2023-08-18 18:40:38,762] {logging_mixin.py:115} INFO - [2023-08-18 18:40:38,761] {dagbag.py:507} INFO - Filling up the DagBag from /home/linuxlite/Documentos/airflow/venv/lib/python3.9/site-packages/airflow/example_dags/example_branch_day_of_week_operator.py
[2023-08-18 18:40:38,820] {processor.py:651} INFO - DAG(s) dict_keys(['example_weekday_branch_operator']) retrieved from /home/linuxlite/Documentos/airflow/venv/lib/python3.9/site-packages/airflow/example_dags/example_branch_day_of_week_operator.py
[2023-08-18 18:40:39,129] {logging_mixin.py:115} INFO - [2023-08-18 18:40:39,128] {manager.py:508} INFO - Created Permission View: can edit on DAG:example_weekday_branch_operator
[2023-08-18 18:40:39,164] {logging_mixin.py:115} INFO - [2023-08-18 18:40:39,164] {manager.py:508} INFO - Created Permission View: can delete on DAG:example_weekday_branch_operator
[2023-08-18 18:40:39,193] {logging_mixin.py:115} INFO - [2023-08-18 18:40:39,192] {manager.py:508} INFO - Created Permission View: can read on DAG:example_weekday_branch_operator
[2023-08-18 18:40:39,193] {logging_mixin.py:115} INFO - [2023-08-18 18:40:39,193] {dag.py:2379} INFO - Sync 1 DAGs
[2023-08-18 18:40:39,207] {logging_mixin.py:115} INFO - [2023-08-18 18:40:39,207] {dag.py:2398} INFO - Creating ORM DAG for example_weekday_branch_operator
[2023-08-18 18:40:39,253] {logging_mixin.py:115} INFO - [2023-08-18 18:40:39,253] {dag.py:2927} INFO - Setting next_dagrun for example_weekday_branch_operator to 2023-08-17T00:00:00+00:00, run_after=2023-08-18T00:00:00+00:00
[2023-08-18 18:40:39,292] {processor.py:161} INFO - Processing /home/linuxlite/Documentos/airflow/venv/lib/python3.9/site-packages/airflow/example_dags/example_branch_day_of_week_operator.py took 0.550 seconds
[2023-08-18 18:41:22,177] {processor.py:153} INFO - Started process (PID=19800) to work on /home/linuxlite/Documentos/airflow/venv/lib/python3.9/site-packages/airflow/example_dags/example_branch_day_of_week_operator.py
[2023-08-18 18:41:22,183] {processor.py:641} INFO - Processing file /home/linuxlite/Documentos/airflow/venv/lib/python3.9/site-packages/airflow/example_dags/example_branch_day_of_week_operator.py for tasks to queue
[2023-08-18 18:41:22,184] {logging_mixin.py:115} INFO - [2023-08-18 18:41:22,184] {dagbag.py:507} INFO - Filling up the DagBag from /home/linuxlite/Documentos/airflow/venv/lib/python3.9/site-packages/airflow/example_dags/example_branch_day_of_week_operator.py
[2023-08-18 18:41:22,203] {processor.py:651} INFO - DAG(s) dict_keys(['example_weekday_branch_operator']) retrieved from /home/linuxlite/Documentos/airflow/venv/lib/python3.9/site-packages/airflow/example_dags/example_branch_day_of_week_operator.py
[2023-08-18 18:41:22,231] {logging_mixin.py:115} INFO - [2023-08-18 18:41:22,231] {dag.py:2379} INFO - Sync 1 DAGs
[2023-08-18 18:41:22,275] {logging_mixin.py:115} INFO - [2023-08-18 18:41:22,275] {dag.py:2927} INFO - Setting next_dagrun for example_weekday_branch_operator to 2023-08-17T00:00:00+00:00, run_after=2023-08-18T00:00:00+00:00
[2023-08-18 18:41:22,315] {processor.py:161} INFO - Processing /home/linuxlite/Documentos/airflow/venv/lib/python3.9/site-packages/airflow/example_dags/example_branch_day_of_week_operator.py took 0.166 seconds
[2023-08-18 18:42:06,270] {processor.py:153} INFO - Started process (PID=20020) to work on /home/linuxlite/Documentos/airflow/venv/lib/python3.9/site-packages/airflow/example_dags/example_branch_day_of_week_operator.py
[2023-08-18 18:42:06,271] {processor.py:641} INFO - Processing file /home/linuxlite/Documentos/airflow/venv/lib/python3.9/site-packages/airflow/example_dags/example_branch_day_of_week_operator.py for tasks to queue
[2023-08-18 18:42:06,272] {logging_mixin.py:115} INFO - [2023-08-18 18:42:06,272] {dagbag.py:507} INFO - Filling up the DagBag from /home/linuxlite/Documentos/airflow/venv/lib/python3.9/site-packages/airflow/example_dags/example_branch_day_of_week_operator.py
[2023-08-18 18:42:06,297] {processor.py:651} INFO - DAG(s) dict_keys(['example_weekday_branch_operator']) retrieved from /home/linuxlite/Documentos/airflow/venv/lib/python3.9/site-packages/airflow/example_dags/example_branch_day_of_week_operator.py
[2023-08-18 18:42:06,370] {logging_mixin.py:115} INFO - [2023-08-18 18:42:06,370] {dag.py:2379} INFO - Sync 1 DAGs
[2023-08-18 18:42:06,470] {logging_mixin.py:115} INFO - [2023-08-18 18:42:06,470] {dag.py:2927} INFO - Setting next_dagrun for example_weekday_branch_operator to 2023-08-17T00:00:00+00:00, run_after=2023-08-18T00:00:00+00:00
[2023-08-18 18:42:06,503] {processor.py:161} INFO - Processing /home/linuxlite/Documentos/airflow/venv/lib/python3.9/site-packages/airflow/example_dags/example_branch_day_of_week_operator.py took 0.240 seconds
