[2023-08-18 18:40:39,842] {processor.py:153} INFO - Started process (PID=19608) to work on /home/linuxlite/Documentos/airflow/venv/lib/python3.9/site-packages/airflow/example_dags/example_branch_datetime_operator.py
[2023-08-18 18:40:39,845] {processor.py:641} INFO - Processing file /home/linuxlite/Documentos/airflow/venv/lib/python3.9/site-packages/airflow/example_dags/example_branch_datetime_operator.py for tasks to queue
[2023-08-18 18:40:39,846] {logging_mixin.py:115} INFO - [2023-08-18 18:40:39,846] {dagbag.py:507} INFO - Filling up the DagBag from /home/linuxlite/Documentos/airflow/venv/lib/python3.9/site-packages/airflow/example_dags/example_branch_datetime_operator.py
[2023-08-18 18:40:39,892] {processor.py:651} INFO - DAG(s) dict_keys(['example_branch_datetime_operator_2']) retrieved from /home/linuxlite/Documentos/airflow/venv/lib/python3.9/site-packages/airflow/example_dags/example_branch_datetime_operator.py
[2023-08-18 18:40:40,101] {logging_mixin.py:115} INFO - [2023-08-18 18:40:40,100] {manager.py:508} INFO - Created Permission View: can edit on DAG:example_branch_datetime_operator_2
[2023-08-18 18:40:40,119] {logging_mixin.py:115} INFO - [2023-08-18 18:40:40,119] {manager.py:508} INFO - Created Permission View: can delete on DAG:example_branch_datetime_operator_2
[2023-08-18 18:40:40,131] {logging_mixin.py:115} INFO - [2023-08-18 18:40:40,130] {manager.py:508} INFO - Created Permission View: can read on DAG:example_branch_datetime_operator_2
[2023-08-18 18:40:40,131] {logging_mixin.py:115} INFO - [2023-08-18 18:40:40,131] {dag.py:2379} INFO - Sync 1 DAGs
[2023-08-18 18:40:40,147] {logging_mixin.py:115} INFO - [2023-08-18 18:40:40,147] {dag.py:2398} INFO - Creating ORM DAG for example_branch_datetime_operator_2
[2023-08-18 18:40:40,181] {logging_mixin.py:115} INFO - [2023-08-18 18:40:40,181] {dag.py:2927} INFO - Setting next_dagrun for example_branch_datetime_operator_2 to 2023-08-17T00:00:00+00:00, run_after=2023-08-18T00:00:00+00:00
[2023-08-18 18:40:40,203] {processor.py:161} INFO - Processing /home/linuxlite/Documentos/airflow/venv/lib/python3.9/site-packages/airflow/example_dags/example_branch_datetime_operator.py took 0.380 seconds
[2023-08-18 18:41:23,431] {processor.py:153} INFO - Started process (PID=19801) to work on /home/linuxlite/Documentos/airflow/venv/lib/python3.9/site-packages/airflow/example_dags/example_branch_datetime_operator.py
[2023-08-18 18:41:23,443] {processor.py:641} INFO - Processing file /home/linuxlite/Documentos/airflow/venv/lib/python3.9/site-packages/airflow/example_dags/example_branch_datetime_operator.py for tasks to queue
[2023-08-18 18:41:23,444] {logging_mixin.py:115} INFO - [2023-08-18 18:41:23,443] {dagbag.py:507} INFO - Filling up the DagBag from /home/linuxlite/Documentos/airflow/venv/lib/python3.9/site-packages/airflow/example_dags/example_branch_datetime_operator.py
[2023-08-18 18:41:23,463] {processor.py:651} INFO - DAG(s) dict_keys(['example_branch_datetime_operator_2']) retrieved from /home/linuxlite/Documentos/airflow/venv/lib/python3.9/site-packages/airflow/example_dags/example_branch_datetime_operator.py
[2023-08-18 18:41:23,545] {logging_mixin.py:115} INFO - [2023-08-18 18:41:23,545] {dag.py:2379} INFO - Sync 1 DAGs
[2023-08-18 18:41:23,623] {logging_mixin.py:115} INFO - [2023-08-18 18:41:23,623] {dag.py:2927} INFO - Setting next_dagrun for example_branch_datetime_operator_2 to 2023-08-17T00:00:00+00:00, run_after=2023-08-18T00:00:00+00:00
[2023-08-18 18:41:23,665] {processor.py:161} INFO - Processing /home/linuxlite/Documentos/airflow/venv/lib/python3.9/site-packages/airflow/example_dags/example_branch_datetime_operator.py took 0.241 seconds
[2023-08-18 18:42:07,891] {processor.py:153} INFO - Started process (PID=20037) to work on /home/linuxlite/Documentos/airflow/venv/lib/python3.9/site-packages/airflow/example_dags/example_branch_datetime_operator.py
[2023-08-18 18:42:07,896] {processor.py:641} INFO - Processing file /home/linuxlite/Documentos/airflow/venv/lib/python3.9/site-packages/airflow/example_dags/example_branch_datetime_operator.py for tasks to queue
[2023-08-18 18:42:07,899] {logging_mixin.py:115} INFO - [2023-08-18 18:42:07,899] {dagbag.py:507} INFO - Filling up the DagBag from /home/linuxlite/Documentos/airflow/venv/lib/python3.9/site-packages/airflow/example_dags/example_branch_datetime_operator.py
[2023-08-18 18:42:07,936] {processor.py:651} INFO - DAG(s) dict_keys(['example_branch_datetime_operator_2']) retrieved from /home/linuxlite/Documentos/airflow/venv/lib/python3.9/site-packages/airflow/example_dags/example_branch_datetime_operator.py
[2023-08-18 18:42:08,087] {logging_mixin.py:115} INFO - [2023-08-18 18:42:08,087] {dag.py:2379} INFO - Sync 1 DAGs
[2023-08-18 18:42:08,269] {logging_mixin.py:115} INFO - [2023-08-18 18:42:08,269] {dag.py:2927} INFO - Setting next_dagrun for example_branch_datetime_operator_2 to 2023-08-17T00:00:00+00:00, run_after=2023-08-18T00:00:00+00:00
[2023-08-18 18:42:08,345] {processor.py:161} INFO - Processing /home/linuxlite/Documentos/airflow/venv/lib/python3.9/site-packages/airflow/example_dags/example_branch_datetime_operator.py took 0.494 seconds
