[2023-08-18 18:40:43,936] {processor.py:153} INFO - Started process (PID=19628) to work on /home/linuxlite/Documentos/airflow/venv/lib/python3.9/site-packages/airflow/example_dags/example_branch_python_dop_operator_3.py
[2023-08-18 18:40:43,937] {processor.py:641} INFO - Processing file /home/linuxlite/Documentos/airflow/venv/lib/python3.9/site-packages/airflow/example_dags/example_branch_python_dop_operator_3.py for tasks to queue
[2023-08-18 18:40:43,953] {logging_mixin.py:115} INFO - [2023-08-18 18:40:43,953] {dagbag.py:507} INFO - Filling up the DagBag from /home/linuxlite/Documentos/airflow/venv/lib/python3.9/site-packages/airflow/example_dags/example_branch_python_dop_operator_3.py
[2023-08-18 18:40:43,992] {processor.py:651} INFO - DAG(s) dict_keys(['example_branch_dop_operator_v3']) retrieved from /home/linuxlite/Documentos/airflow/venv/lib/python3.9/site-packages/airflow/example_dags/example_branch_python_dop_operator_3.py
[2023-08-18 18:40:44,297] {logging_mixin.py:115} INFO - [2023-08-18 18:40:44,296] {manager.py:508} INFO - Created Permission View: can edit on DAG:example_branch_dop_operator_v3
[2023-08-18 18:40:44,328] {logging_mixin.py:115} INFO - [2023-08-18 18:40:44,327] {manager.py:508} INFO - Created Permission View: can delete on DAG:example_branch_dop_operator_v3
[2023-08-18 18:40:44,360] {logging_mixin.py:115} INFO - [2023-08-18 18:40:44,359] {manager.py:508} INFO - Created Permission View: can read on DAG:example_branch_dop_operator_v3
[2023-08-18 18:40:44,360] {logging_mixin.py:115} INFO - [2023-08-18 18:40:44,360] {dag.py:2379} INFO - Sync 1 DAGs
[2023-08-18 18:40:44,383] {logging_mixin.py:115} INFO - [2023-08-18 18:40:44,383] {dag.py:2398} INFO - Creating ORM DAG for example_branch_dop_operator_v3
[2023-08-18 18:40:44,461] {logging_mixin.py:115} INFO - [2023-08-18 18:40:44,461] {dag.py:2927} INFO - Setting next_dagrun for example_branch_dop_operator_v3 to 2023-08-18T21:39:00+00:00, run_after=2023-08-18T21:40:00+00:00
[2023-08-18 18:40:44,517] {processor.py:161} INFO - Processing /home/linuxlite/Documentos/airflow/venv/lib/python3.9/site-packages/airflow/example_dags/example_branch_python_dop_operator_3.py took 0.588 seconds
[2023-08-18 18:41:26,807] {processor.py:153} INFO - Started process (PID=19818) to work on /home/linuxlite/Documentos/airflow/venv/lib/python3.9/site-packages/airflow/example_dags/example_branch_python_dop_operator_3.py
[2023-08-18 18:41:26,814] {processor.py:641} INFO - Processing file /home/linuxlite/Documentos/airflow/venv/lib/python3.9/site-packages/airflow/example_dags/example_branch_python_dop_operator_3.py for tasks to queue
[2023-08-18 18:41:26,815] {logging_mixin.py:115} INFO - [2023-08-18 18:41:26,815] {dagbag.py:507} INFO - Filling up the DagBag from /home/linuxlite/Documentos/airflow/venv/lib/python3.9/site-packages/airflow/example_dags/example_branch_python_dop_operator_3.py
[2023-08-18 18:41:26,864] {processor.py:651} INFO - DAG(s) dict_keys(['example_branch_dop_operator_v3']) retrieved from /home/linuxlite/Documentos/airflow/venv/lib/python3.9/site-packages/airflow/example_dags/example_branch_python_dop_operator_3.py
[2023-08-18 18:41:26,956] {logging_mixin.py:115} INFO - [2023-08-18 18:41:26,956] {dag.py:2379} INFO - Sync 1 DAGs
[2023-08-18 18:41:27,094] {logging_mixin.py:115} INFO - [2023-08-18 18:41:27,093] {dag.py:2927} INFO - Setting next_dagrun for example_branch_dop_operator_v3 to 2023-08-18T21:40:00+00:00, run_after=2023-08-18T21:41:00+00:00
[2023-08-18 18:41:27,156] {processor.py:161} INFO - Processing /home/linuxlite/Documentos/airflow/venv/lib/python3.9/site-packages/airflow/example_dags/example_branch_python_dop_operator_3.py took 0.360 seconds
[2023-08-18 18:42:22,919] {processor.py:153} INFO - Started process (PID=20108) to work on /home/linuxlite/Documentos/airflow/venv/lib/python3.9/site-packages/airflow/example_dags/example_branch_python_dop_operator_3.py
[2023-08-18 18:42:22,920] {processor.py:641} INFO - Processing file /home/linuxlite/Documentos/airflow/venv/lib/python3.9/site-packages/airflow/example_dags/example_branch_python_dop_operator_3.py for tasks to queue
[2023-08-18 18:42:22,921] {logging_mixin.py:115} INFO - [2023-08-18 18:42:22,921] {dagbag.py:507} INFO - Filling up the DagBag from /home/linuxlite/Documentos/airflow/venv/lib/python3.9/site-packages/airflow/example_dags/example_branch_python_dop_operator_3.py
[2023-08-18 18:42:22,960] {processor.py:651} INFO - DAG(s) dict_keys(['example_branch_dop_operator_v3']) retrieved from /home/linuxlite/Documentos/airflow/venv/lib/python3.9/site-packages/airflow/example_dags/example_branch_python_dop_operator_3.py
[2023-08-18 18:42:23,040] {logging_mixin.py:115} INFO - [2023-08-18 18:42:23,040] {dag.py:2379} INFO - Sync 1 DAGs
[2023-08-18 18:42:23,148] {logging_mixin.py:115} INFO - [2023-08-18 18:42:23,147] {dag.py:2927} INFO - Setting next_dagrun for example_branch_dop_operator_v3 to 2023-08-18T21:41:00+00:00, run_after=2023-08-18T21:42:00+00:00
[2023-08-18 18:42:23,193] {processor.py:161} INFO - Processing /home/linuxlite/Documentos/airflow/venv/lib/python3.9/site-packages/airflow/example_dags/example_branch_python_dop_operator_3.py took 0.295 seconds
