[2023-08-18 18:35:54,691] {processor.py:153} INFO - Started process (PID=18668) to work on /home/linuxlite/Documentos/airflow/venv/lib/python3.9/site-packages/airflow/example_dags/example_task_group_decorator.py
[2023-08-18 18:35:54,692] {processor.py:641} INFO - Processing file /home/linuxlite/Documentos/airflow/venv/lib/python3.9/site-packages/airflow/example_dags/example_task_group_decorator.py for tasks to queue
[2023-08-18 18:35:54,693] {logging_mixin.py:115} INFO - [2023-08-18 18:35:54,693] {dagbag.py:507} INFO - Filling up the DagBag from /home/linuxlite/Documentos/airflow/venv/lib/python3.9/site-packages/airflow/example_dags/example_task_group_decorator.py
[2023-08-18 18:35:54,810] {processor.py:651} INFO - DAG(s) dict_keys(['example_task_group_decorator']) retrieved from /home/linuxlite/Documentos/airflow/venv/lib/python3.9/site-packages/airflow/example_dags/example_task_group_decorator.py
[2023-08-18 18:35:55,069] {logging_mixin.py:115} INFO - [2023-08-18 18:35:55,067] {manager.py:508} INFO - Created Permission View: can read on DAG:example_task_group_decorator
[2023-08-18 18:35:55,108] {logging_mixin.py:115} INFO - [2023-08-18 18:35:55,108] {manager.py:508} INFO - Created Permission View: can delete on DAG:example_task_group_decorator
[2023-08-18 18:35:55,140] {logging_mixin.py:115} INFO - [2023-08-18 18:35:55,140] {manager.py:508} INFO - Created Permission View: can edit on DAG:example_task_group_decorator
[2023-08-18 18:35:55,141] {logging_mixin.py:115} INFO - [2023-08-18 18:35:55,141] {dag.py:2379} INFO - Sync 1 DAGs
[2023-08-18 18:35:55,181] {logging_mixin.py:115} INFO - [2023-08-18 18:35:55,171] {dag.py:2398} INFO - Creating ORM DAG for example_task_group_decorator
[2023-08-18 18:35:55,210] {logging_mixin.py:115} INFO - [2023-08-18 18:35:55,209] {dag.py:2927} INFO - Setting next_dagrun for example_task_group_decorator to 2023-08-17T21:35:55.209180+00:00, run_after=2023-08-18T21:35:55.209180+00:00
[2023-08-18 18:35:55,249] {processor.py:161} INFO - Processing /home/linuxlite/Documentos/airflow/venv/lib/python3.9/site-packages/airflow/example_dags/example_task_group_decorator.py took 0.563 seconds
[2023-08-18 18:40:21,766] {processor.py:153} INFO - Started process (PID=19506) to work on /home/linuxlite/Documentos/airflow/venv/lib/python3.9/site-packages/airflow/example_dags/example_task_group_decorator.py
[2023-08-18 18:40:21,770] {processor.py:641} INFO - Processing file /home/linuxlite/Documentos/airflow/venv/lib/python3.9/site-packages/airflow/example_dags/example_task_group_decorator.py for tasks to queue
[2023-08-18 18:40:21,771] {logging_mixin.py:115} INFO - [2023-08-18 18:40:21,771] {dagbag.py:507} INFO - Filling up the DagBag from /home/linuxlite/Documentos/airflow/venv/lib/python3.9/site-packages/airflow/example_dags/example_task_group_decorator.py
[2023-08-18 18:40:21,889] {processor.py:651} INFO - DAG(s) dict_keys(['example_task_group_decorator']) retrieved from /home/linuxlite/Documentos/airflow/venv/lib/python3.9/site-packages/airflow/example_dags/example_task_group_decorator.py
[2023-08-18 18:40:22,095] {logging_mixin.py:115} INFO - [2023-08-18 18:40:22,095] {dag.py:2379} INFO - Sync 1 DAGs
[2023-08-18 18:40:22,138] {logging_mixin.py:115} INFO - [2023-08-18 18:40:22,138] {dag.py:2927} INFO - Setting next_dagrun for example_task_group_decorator to 2023-08-17T21:40:22.138342+00:00, run_after=2023-08-18T21:40:22.138342+00:00
[2023-08-18 18:40:22,166] {processor.py:161} INFO - Processing /home/linuxlite/Documentos/airflow/venv/lib/python3.9/site-packages/airflow/example_dags/example_task_group_decorator.py took 0.423 seconds
[2023-08-18 18:41:06,202] {processor.py:153} INFO - Started process (PID=19728) to work on /home/linuxlite/Documentos/airflow/venv/lib/python3.9/site-packages/airflow/example_dags/example_task_group_decorator.py
[2023-08-18 18:41:06,203] {processor.py:641} INFO - Processing file /home/linuxlite/Documentos/airflow/venv/lib/python3.9/site-packages/airflow/example_dags/example_task_group_decorator.py for tasks to queue
[2023-08-18 18:41:06,204] {logging_mixin.py:115} INFO - [2023-08-18 18:41:06,204] {dagbag.py:507} INFO - Filling up the DagBag from /home/linuxlite/Documentos/airflow/venv/lib/python3.9/site-packages/airflow/example_dags/example_task_group_decorator.py
[2023-08-18 18:41:06,285] {processor.py:651} INFO - DAG(s) dict_keys(['example_task_group_decorator']) retrieved from /home/linuxlite/Documentos/airflow/venv/lib/python3.9/site-packages/airflow/example_dags/example_task_group_decorator.py
[2023-08-18 18:41:06,398] {logging_mixin.py:115} INFO - [2023-08-18 18:41:06,398] {dag.py:2379} INFO - Sync 1 DAGs
[2023-08-18 18:41:06,424] {logging_mixin.py:115} INFO - [2023-08-18 18:41:06,423] {dag.py:2927} INFO - Setting next_dagrun for example_task_group_decorator to 2023-08-17T21:41:06.423499+00:00, run_after=2023-08-18T21:41:06.423499+00:00
[2023-08-18 18:41:06,445] {processor.py:161} INFO - Processing /home/linuxlite/Documentos/airflow/venv/lib/python3.9/site-packages/airflow/example_dags/example_task_group_decorator.py took 0.262 seconds
[2023-08-18 18:41:48,799] {processor.py:153} INFO - Started process (PID=19895) to work on /home/linuxlite/Documentos/airflow/venv/lib/python3.9/site-packages/airflow/example_dags/example_task_group_decorator.py
[2023-08-18 18:41:48,809] {processor.py:641} INFO - Processing file /home/linuxlite/Documentos/airflow/venv/lib/python3.9/site-packages/airflow/example_dags/example_task_group_decorator.py for tasks to queue
[2023-08-18 18:41:48,811] {logging_mixin.py:115} INFO - [2023-08-18 18:41:48,810] {dagbag.py:507} INFO - Filling up the DagBag from /home/linuxlite/Documentos/airflow/venv/lib/python3.9/site-packages/airflow/example_dags/example_task_group_decorator.py
[2023-08-18 18:41:48,968] {processor.py:651} INFO - DAG(s) dict_keys(['example_task_group_decorator']) retrieved from /home/linuxlite/Documentos/airflow/venv/lib/python3.9/site-packages/airflow/example_dags/example_task_group_decorator.py
[2023-08-18 18:41:49,159] {logging_mixin.py:115} INFO - [2023-08-18 18:41:49,158] {dag.py:2379} INFO - Sync 1 DAGs
[2023-08-18 18:41:49,198] {logging_mixin.py:115} INFO - [2023-08-18 18:41:49,198] {dag.py:2927} INFO - Setting next_dagrun for example_task_group_decorator to 2023-08-17T21:41:49.197711+00:00, run_after=2023-08-18T21:41:49.197711+00:00
[2023-08-18 18:41:49,237] {processor.py:161} INFO - Processing /home/linuxlite/Documentos/airflow/venv/lib/python3.9/site-packages/airflow/example_dags/example_task_group_decorator.py took 0.452 seconds
