[2023-08-18 18:35:38,026] {processor.py:153} INFO - Started process (PID=18583) to work on /home/linuxlite/Documentos/airflow/venv/lib/python3.9/site-packages/airflow/example_dags/example_trigger_controller_dag.py
[2023-08-18 18:35:38,031] {processor.py:641} INFO - Processing file /home/linuxlite/Documentos/airflow/venv/lib/python3.9/site-packages/airflow/example_dags/example_trigger_controller_dag.py for tasks to queue
[2023-08-18 18:35:38,033] {logging_mixin.py:115} INFO - [2023-08-18 18:35:38,032] {dagbag.py:507} INFO - Filling up the DagBag from /home/linuxlite/Documentos/airflow/venv/lib/python3.9/site-packages/airflow/example_dags/example_trigger_controller_dag.py
[2023-08-18 18:35:38,054] {processor.py:651} INFO - DAG(s) dict_keys(['example_trigger_controller_dag']) retrieved from /home/linuxlite/Documentos/airflow/venv/lib/python3.9/site-packages/airflow/example_dags/example_trigger_controller_dag.py
[2023-08-18 18:35:38,470] {logging_mixin.py:115} INFO - [2023-08-18 18:35:38,470] {manager.py:508} INFO - Created Permission View: can read on DAG:example_trigger_controller_dag
[2023-08-18 18:35:38,513] {logging_mixin.py:115} INFO - [2023-08-18 18:35:38,513] {manager.py:508} INFO - Created Permission View: can delete on DAG:example_trigger_controller_dag
[2023-08-18 18:35:38,571] {logging_mixin.py:115} INFO - [2023-08-18 18:35:38,571] {manager.py:508} INFO - Created Permission View: can edit on DAG:example_trigger_controller_dag
[2023-08-18 18:35:38,571] {logging_mixin.py:115} INFO - [2023-08-18 18:35:38,571] {dag.py:2379} INFO - Sync 1 DAGs
[2023-08-18 18:35:38,594] {logging_mixin.py:115} INFO - [2023-08-18 18:35:38,592] {dag.py:2398} INFO - Creating ORM DAG for example_trigger_controller_dag
[2023-08-18 18:35:38,617] {logging_mixin.py:115} INFO - [2023-08-18 18:35:38,617] {dag.py:2927} INFO - Setting next_dagrun for example_trigger_controller_dag to 2021-01-01T00:00:00+00:00, run_after=2021-01-01T00:00:00+00:00
[2023-08-18 18:35:38,664] {processor.py:161} INFO - Processing /home/linuxlite/Documentos/airflow/venv/lib/python3.9/site-packages/airflow/example_dags/example_trigger_controller_dag.py took 0.682 seconds
[2023-08-18 18:40:09,507] {processor.py:153} INFO - Started process (PID=19436) to work on /home/linuxlite/Documentos/airflow/venv/lib/python3.9/site-packages/airflow/example_dags/example_trigger_controller_dag.py
[2023-08-18 18:40:09,515] {processor.py:641} INFO - Processing file /home/linuxlite/Documentos/airflow/venv/lib/python3.9/site-packages/airflow/example_dags/example_trigger_controller_dag.py for tasks to queue
[2023-08-18 18:40:09,520] {logging_mixin.py:115} INFO - [2023-08-18 18:40:09,519] {dagbag.py:507} INFO - Filling up the DagBag from /home/linuxlite/Documentos/airflow/venv/lib/python3.9/site-packages/airflow/example_dags/example_trigger_controller_dag.py
[2023-08-18 18:40:09,525] {processor.py:651} INFO - DAG(s) dict_keys(['example_trigger_controller_dag']) retrieved from /home/linuxlite/Documentos/airflow/venv/lib/python3.9/site-packages/airflow/example_dags/example_trigger_controller_dag.py
[2023-08-18 18:40:09,603] {logging_mixin.py:115} INFO - [2023-08-18 18:40:09,603] {dag.py:2379} INFO - Sync 1 DAGs
[2023-08-18 18:40:09,713] {logging_mixin.py:115} INFO - [2023-08-18 18:40:09,712] {dag.py:2927} INFO - Setting next_dagrun for example_trigger_controller_dag to 2021-01-01T00:00:00+00:00, run_after=2021-01-01T00:00:00+00:00
[2023-08-18 18:40:09,783] {processor.py:161} INFO - Processing /home/linuxlite/Documentos/airflow/venv/lib/python3.9/site-packages/airflow/example_dags/example_trigger_controller_dag.py took 0.282 seconds
[2023-08-18 18:40:55,483] {processor.py:153} INFO - Started process (PID=19691) to work on /home/linuxlite/Documentos/airflow/venv/lib/python3.9/site-packages/airflow/example_dags/example_trigger_controller_dag.py
[2023-08-18 18:40:55,494] {processor.py:641} INFO - Processing file /home/linuxlite/Documentos/airflow/venv/lib/python3.9/site-packages/airflow/example_dags/example_trigger_controller_dag.py for tasks to queue
[2023-08-18 18:40:55,495] {logging_mixin.py:115} INFO - [2023-08-18 18:40:55,495] {dagbag.py:507} INFO - Filling up the DagBag from /home/linuxlite/Documentos/airflow/venv/lib/python3.9/site-packages/airflow/example_dags/example_trigger_controller_dag.py
[2023-08-18 18:40:55,501] {processor.py:651} INFO - DAG(s) dict_keys(['example_trigger_controller_dag']) retrieved from /home/linuxlite/Documentos/airflow/venv/lib/python3.9/site-packages/airflow/example_dags/example_trigger_controller_dag.py
[2023-08-18 18:40:55,623] {logging_mixin.py:115} INFO - [2023-08-18 18:40:55,623] {dag.py:2379} INFO - Sync 1 DAGs
[2023-08-18 18:40:55,682] {logging_mixin.py:115} INFO - [2023-08-18 18:40:55,681] {dag.py:2927} INFO - Setting next_dagrun for example_trigger_controller_dag to 2021-01-01T00:00:00+00:00, run_after=2021-01-01T00:00:00+00:00
[2023-08-18 18:40:55,702] {processor.py:161} INFO - Processing /home/linuxlite/Documentos/airflow/venv/lib/python3.9/site-packages/airflow/example_dags/example_trigger_controller_dag.py took 0.235 seconds
[2023-08-18 18:41:34,577] {processor.py:153} INFO - Started process (PID=19845) to work on /home/linuxlite/Documentos/airflow/venv/lib/python3.9/site-packages/airflow/example_dags/example_trigger_controller_dag.py
[2023-08-18 18:41:34,579] {processor.py:641} INFO - Processing file /home/linuxlite/Documentos/airflow/venv/lib/python3.9/site-packages/airflow/example_dags/example_trigger_controller_dag.py for tasks to queue
[2023-08-18 18:41:34,581] {logging_mixin.py:115} INFO - [2023-08-18 18:41:34,580] {dagbag.py:507} INFO - Filling up the DagBag from /home/linuxlite/Documentos/airflow/venv/lib/python3.9/site-packages/airflow/example_dags/example_trigger_controller_dag.py
[2023-08-18 18:41:34,596] {processor.py:651} INFO - DAG(s) dict_keys(['example_trigger_controller_dag']) retrieved from /home/linuxlite/Documentos/airflow/venv/lib/python3.9/site-packages/airflow/example_dags/example_trigger_controller_dag.py
[2023-08-18 18:41:34,680] {logging_mixin.py:115} INFO - [2023-08-18 18:41:34,679] {dag.py:2379} INFO - Sync 1 DAGs
[2023-08-18 18:41:34,773] {logging_mixin.py:115} INFO - [2023-08-18 18:41:34,773] {dag.py:2927} INFO - Setting next_dagrun for example_trigger_controller_dag to 2021-01-01T00:00:00+00:00, run_after=2021-01-01T00:00:00+00:00
[2023-08-18 18:41:34,808] {processor.py:161} INFO - Processing /home/linuxlite/Documentos/airflow/venv/lib/python3.9/site-packages/airflow/example_dags/example_trigger_controller_dag.py took 0.246 seconds
[2023-08-18 18:42:17,502] {processor.py:153} INFO - Started process (PID=20083) to work on /home/linuxlite/Documentos/airflow/venv/lib/python3.9/site-packages/airflow/example_dags/example_trigger_controller_dag.py
[2023-08-18 18:42:17,504] {processor.py:641} INFO - Processing file /home/linuxlite/Documentos/airflow/venv/lib/python3.9/site-packages/airflow/example_dags/example_trigger_controller_dag.py for tasks to queue
[2023-08-18 18:42:17,505] {logging_mixin.py:115} INFO - [2023-08-18 18:42:17,505] {dagbag.py:507} INFO - Filling up the DagBag from /home/linuxlite/Documentos/airflow/venv/lib/python3.9/site-packages/airflow/example_dags/example_trigger_controller_dag.py
[2023-08-18 18:42:17,513] {processor.py:651} INFO - DAG(s) dict_keys(['example_trigger_controller_dag']) retrieved from /home/linuxlite/Documentos/airflow/venv/lib/python3.9/site-packages/airflow/example_dags/example_trigger_controller_dag.py
[2023-08-18 18:42:17,576] {logging_mixin.py:115} INFO - [2023-08-18 18:42:17,576] {dag.py:2379} INFO - Sync 1 DAGs
[2023-08-18 18:42:17,647] {logging_mixin.py:115} INFO - [2023-08-18 18:42:17,647] {dag.py:2927} INFO - Setting next_dagrun for example_trigger_controller_dag to 2021-01-01T00:00:00+00:00, run_after=2021-01-01T00:00:00+00:00
[2023-08-18 18:42:17,684] {processor.py:161} INFO - Processing /home/linuxlite/Documentos/airflow/venv/lib/python3.9/site-packages/airflow/example_dags/example_trigger_controller_dag.py took 0.205 seconds
