[2023-08-18 18:35:31,845] {processor.py:153} INFO - Started process (PID=18521) to work on /home/linuxlite/Documentos/airflow/venv/lib/python3.9/site-packages/airflow/example_dags/tutorial.py
[2023-08-18 18:35:31,846] {processor.py:641} INFO - Processing file /home/linuxlite/Documentos/airflow/venv/lib/python3.9/site-packages/airflow/example_dags/tutorial.py for tasks to queue
[2023-08-18 18:35:31,847] {logging_mixin.py:115} INFO - [2023-08-18 18:35:31,846] {dagbag.py:507} INFO - Filling up the DagBag from /home/linuxlite/Documentos/airflow/venv/lib/python3.9/site-packages/airflow/example_dags/tutorial.py
[2023-08-18 18:35:31,931] {processor.py:651} INFO - DAG(s) dict_keys(['tutorial']) retrieved from /home/linuxlite/Documentos/airflow/venv/lib/python3.9/site-packages/airflow/example_dags/tutorial.py
[2023-08-18 18:35:32,791] {logging_mixin.py:115} INFO - [2023-08-18 18:35:32,791] {manager.py:508} INFO - Created Permission View: can read on DAG:tutorial
[2023-08-18 18:35:32,861] {logging_mixin.py:115} INFO - [2023-08-18 18:35:32,861] {manager.py:508} INFO - Created Permission View: can delete on DAG:tutorial
[2023-08-18 18:35:32,951] {logging_mixin.py:115} INFO - [2023-08-18 18:35:32,951] {manager.py:508} INFO - Created Permission View: can edit on DAG:tutorial
[2023-08-18 18:35:32,954] {logging_mixin.py:115} INFO - [2023-08-18 18:35:32,951] {dag.py:2379} INFO - Sync 1 DAGs
[2023-08-18 18:35:33,070] {logging_mixin.py:115} INFO - [2023-08-18 18:35:33,070] {dag.py:2398} INFO - Creating ORM DAG for tutorial
[2023-08-18 18:35:33,147] {logging_mixin.py:115} INFO - [2023-08-18 18:35:33,147] {dag.py:2927} INFO - Setting next_dagrun for tutorial to 2023-08-17T21:35:33.146748+00:00, run_after=2023-08-18T21:35:33.146748+00:00
[2023-08-18 18:35:33,242] {processor.py:161} INFO - Processing /home/linuxlite/Documentos/airflow/venv/lib/python3.9/site-packages/airflow/example_dags/tutorial.py took 1.431 seconds
[2023-08-18 18:40:05,893] {processor.py:153} INFO - Started process (PID=19390) to work on /home/linuxlite/Documentos/airflow/venv/lib/python3.9/site-packages/airflow/example_dags/tutorial.py
[2023-08-18 18:40:05,895] {processor.py:641} INFO - Processing file /home/linuxlite/Documentos/airflow/venv/lib/python3.9/site-packages/airflow/example_dags/tutorial.py for tasks to queue
[2023-08-18 18:40:05,898] {logging_mixin.py:115} INFO - [2023-08-18 18:40:05,897] {dagbag.py:507} INFO - Filling up the DagBag from /home/linuxlite/Documentos/airflow/venv/lib/python3.9/site-packages/airflow/example_dags/tutorial.py
[2023-08-18 18:40:05,926] {processor.py:651} INFO - DAG(s) dict_keys(['tutorial']) retrieved from /home/linuxlite/Documentos/airflow/venv/lib/python3.9/site-packages/airflow/example_dags/tutorial.py
[2023-08-18 18:40:05,961] {logging_mixin.py:115} INFO - [2023-08-18 18:40:05,961] {dag.py:2379} INFO - Sync 1 DAGs
[2023-08-18 18:40:06,009] {logging_mixin.py:115} INFO - [2023-08-18 18:40:06,009] {dag.py:2927} INFO - Setting next_dagrun for tutorial to 2023-08-17T21:40:06.009121+00:00, run_after=2023-08-18T21:40:06.009121+00:00
[2023-08-18 18:40:06,030] {processor.py:161} INFO - Processing /home/linuxlite/Documentos/airflow/venv/lib/python3.9/site-packages/airflow/example_dags/tutorial.py took 0.156 seconds
[2023-08-18 18:40:52,453] {processor.py:153} INFO - Started process (PID=19668) to work on /home/linuxlite/Documentos/airflow/venv/lib/python3.9/site-packages/airflow/example_dags/tutorial.py
[2023-08-18 18:40:52,462] {processor.py:641} INFO - Processing file /home/linuxlite/Documentos/airflow/venv/lib/python3.9/site-packages/airflow/example_dags/tutorial.py for tasks to queue
[2023-08-18 18:40:52,462] {logging_mixin.py:115} INFO - [2023-08-18 18:40:52,462] {dagbag.py:507} INFO - Filling up the DagBag from /home/linuxlite/Documentos/airflow/venv/lib/python3.9/site-packages/airflow/example_dags/tutorial.py
[2023-08-18 18:40:52,492] {processor.py:651} INFO - DAG(s) dict_keys(['tutorial']) retrieved from /home/linuxlite/Documentos/airflow/venv/lib/python3.9/site-packages/airflow/example_dags/tutorial.py
[2023-08-18 18:40:52,598] {logging_mixin.py:115} INFO - [2023-08-18 18:40:52,597] {dag.py:2379} INFO - Sync 1 DAGs
[2023-08-18 18:40:52,668] {logging_mixin.py:115} INFO - [2023-08-18 18:40:52,668] {dag.py:2927} INFO - Setting next_dagrun for tutorial to 2023-08-17T21:40:52.667998+00:00, run_after=2023-08-18T21:40:52.667998+00:00
[2023-08-18 18:40:52,690] {processor.py:161} INFO - Processing /home/linuxlite/Documentos/airflow/venv/lib/python3.9/site-packages/airflow/example_dags/tutorial.py took 0.242 seconds
[2023-08-18 18:41:32,694] {processor.py:153} INFO - Started process (PID=19829) to work on /home/linuxlite/Documentos/airflow/venv/lib/python3.9/site-packages/airflow/example_dags/tutorial.py
[2023-08-18 18:41:32,699] {processor.py:641} INFO - Processing file /home/linuxlite/Documentos/airflow/venv/lib/python3.9/site-packages/airflow/example_dags/tutorial.py for tasks to queue
[2023-08-18 18:41:32,706] {logging_mixin.py:115} INFO - [2023-08-18 18:41:32,705] {dagbag.py:507} INFO - Filling up the DagBag from /home/linuxlite/Documentos/airflow/venv/lib/python3.9/site-packages/airflow/example_dags/tutorial.py
[2023-08-18 18:41:32,727] {processor.py:651} INFO - DAG(s) dict_keys(['tutorial']) retrieved from /home/linuxlite/Documentos/airflow/venv/lib/python3.9/site-packages/airflow/example_dags/tutorial.py
[2023-08-18 18:41:32,796] {logging_mixin.py:115} INFO - [2023-08-18 18:41:32,795] {dag.py:2379} INFO - Sync 1 DAGs
[2023-08-18 18:41:32,885] {logging_mixin.py:115} INFO - [2023-08-18 18:41:32,885] {dag.py:2927} INFO - Setting next_dagrun for tutorial to 2023-08-17T21:41:32.884558+00:00, run_after=2023-08-18T21:41:32.884558+00:00
[2023-08-18 18:41:32,948] {processor.py:161} INFO - Processing /home/linuxlite/Documentos/airflow/venv/lib/python3.9/site-packages/airflow/example_dags/tutorial.py took 0.265 seconds
[2023-08-18 18:42:14,864] {processor.py:153} INFO - Started process (PID=20079) to work on /home/linuxlite/Documentos/airflow/venv/lib/python3.9/site-packages/airflow/example_dags/tutorial.py
[2023-08-18 18:42:14,866] {processor.py:641} INFO - Processing file /home/linuxlite/Documentos/airflow/venv/lib/python3.9/site-packages/airflow/example_dags/tutorial.py for tasks to queue
[2023-08-18 18:42:14,869] {logging_mixin.py:115} INFO - [2023-08-18 18:42:14,867] {dagbag.py:507} INFO - Filling up the DagBag from /home/linuxlite/Documentos/airflow/venv/lib/python3.9/site-packages/airflow/example_dags/tutorial.py
[2023-08-18 18:42:14,982] {processor.py:651} INFO - DAG(s) dict_keys(['tutorial']) retrieved from /home/linuxlite/Documentos/airflow/venv/lib/python3.9/site-packages/airflow/example_dags/tutorial.py
[2023-08-18 18:42:15,095] {logging_mixin.py:115} INFO - [2023-08-18 18:42:15,095] {dag.py:2379} INFO - Sync 1 DAGs
[2023-08-18 18:42:15,213] {logging_mixin.py:115} INFO - [2023-08-18 18:42:15,213] {dag.py:2927} INFO - Setting next_dagrun for tutorial to 2023-08-17T21:42:15.212996+00:00, run_after=2023-08-18T21:42:15.212996+00:00
[2023-08-18 18:42:15,258] {processor.py:161} INFO - Processing /home/linuxlite/Documentos/airflow/venv/lib/python3.9/site-packages/airflow/example_dags/tutorial.py took 0.424 seconds
