[2023-08-18 18:35:28,929] {processor.py:153} INFO - Started process (PID=18507) to work on /home/linuxlite/Documentos/airflow/venv/lib/python3.9/site-packages/airflow/example_dags/tutorial_taskflow_api_etl.py
[2023-08-18 18:35:28,931] {processor.py:641} INFO - Processing file /home/linuxlite/Documentos/airflow/venv/lib/python3.9/site-packages/airflow/example_dags/tutorial_taskflow_api_etl.py for tasks to queue
[2023-08-18 18:35:28,932] {logging_mixin.py:115} INFO - [2023-08-18 18:35:28,932] {dagbag.py:507} INFO - Filling up the DagBag from /home/linuxlite/Documentos/airflow/venv/lib/python3.9/site-packages/airflow/example_dags/tutorial_taskflow_api_etl.py
[2023-08-18 18:35:29,091] {processor.py:651} INFO - DAG(s) dict_keys(['tutorial_taskflow_api_etl']) retrieved from /home/linuxlite/Documentos/airflow/venv/lib/python3.9/site-packages/airflow/example_dags/tutorial_taskflow_api_etl.py
[2023-08-18 18:35:29,753] {logging_mixin.py:115} INFO - [2023-08-18 18:35:29,753] {manager.py:508} INFO - Created Permission View: can read on DAG:tutorial_taskflow_api_etl
[2023-08-18 18:35:29,814] {logging_mixin.py:115} INFO - [2023-08-18 18:35:29,814] {manager.py:508} INFO - Created Permission View: can delete on DAG:tutorial_taskflow_api_etl
[2023-08-18 18:35:29,849] {logging_mixin.py:115} INFO - [2023-08-18 18:35:29,849] {manager.py:508} INFO - Created Permission View: can edit on DAG:tutorial_taskflow_api_etl
[2023-08-18 18:35:29,849] {logging_mixin.py:115} INFO - [2023-08-18 18:35:29,849] {dag.py:2379} INFO - Sync 1 DAGs
[2023-08-18 18:35:29,902] {logging_mixin.py:115} INFO - [2023-08-18 18:35:29,902] {dag.py:2398} INFO - Creating ORM DAG for tutorial_taskflow_api_etl
[2023-08-18 18:35:29,960] {logging_mixin.py:115} INFO - [2023-08-18 18:35:29,958] {dag.py:2927} INFO - Setting next_dagrun for tutorial_taskflow_api_etl to None, run_after=None
[2023-08-18 18:35:30,090] {processor.py:161} INFO - Processing /home/linuxlite/Documentos/airflow/venv/lib/python3.9/site-packages/airflow/example_dags/tutorial_taskflow_api_etl.py took 1.173 seconds
[2023-08-18 18:40:03,022] {processor.py:153} INFO - Started process (PID=19368) to work on /home/linuxlite/Documentos/airflow/venv/lib/python3.9/site-packages/airflow/example_dags/tutorial_taskflow_api_etl.py
[2023-08-18 18:40:03,026] {processor.py:641} INFO - Processing file /home/linuxlite/Documentos/airflow/venv/lib/python3.9/site-packages/airflow/example_dags/tutorial_taskflow_api_etl.py for tasks to queue
[2023-08-18 18:40:03,027] {logging_mixin.py:115} INFO - [2023-08-18 18:40:03,027] {dagbag.py:507} INFO - Filling up the DagBag from /home/linuxlite/Documentos/airflow/venv/lib/python3.9/site-packages/airflow/example_dags/tutorial_taskflow_api_etl.py
[2023-08-18 18:40:03,120] {processor.py:651} INFO - DAG(s) dict_keys(['tutorial_taskflow_api_etl']) retrieved from /home/linuxlite/Documentos/airflow/venv/lib/python3.9/site-packages/airflow/example_dags/tutorial_taskflow_api_etl.py
[2023-08-18 18:40:03,264] {logging_mixin.py:115} INFO - [2023-08-18 18:40:03,263] {dag.py:2379} INFO - Sync 1 DAGs
[2023-08-18 18:40:03,290] {logging_mixin.py:115} INFO - [2023-08-18 18:40:03,290] {dag.py:2927} INFO - Setting next_dagrun for tutorial_taskflow_api_etl to None, run_after=None
[2023-08-18 18:40:03,310] {processor.py:161} INFO - Processing /home/linuxlite/Documentos/airflow/venv/lib/python3.9/site-packages/airflow/example_dags/tutorial_taskflow_api_etl.py took 0.309 seconds
[2023-08-18 18:40:49,870] {processor.py:153} INFO - Started process (PID=19659) to work on /home/linuxlite/Documentos/airflow/venv/lib/python3.9/site-packages/airflow/example_dags/tutorial_taskflow_api_etl.py
[2023-08-18 18:40:49,873] {processor.py:641} INFO - Processing file /home/linuxlite/Documentos/airflow/venv/lib/python3.9/site-packages/airflow/example_dags/tutorial_taskflow_api_etl.py for tasks to queue
[2023-08-18 18:40:49,874] {logging_mixin.py:115} INFO - [2023-08-18 18:40:49,874] {dagbag.py:507} INFO - Filling up the DagBag from /home/linuxlite/Documentos/airflow/venv/lib/python3.9/site-packages/airflow/example_dags/tutorial_taskflow_api_etl.py
[2023-08-18 18:40:49,945] {processor.py:651} INFO - DAG(s) dict_keys(['tutorial_taskflow_api_etl']) retrieved from /home/linuxlite/Documentos/airflow/venv/lib/python3.9/site-packages/airflow/example_dags/tutorial_taskflow_api_etl.py
[2023-08-18 18:40:50,122] {logging_mixin.py:115} INFO - [2023-08-18 18:40:50,122] {dag.py:2379} INFO - Sync 1 DAGs
[2023-08-18 18:40:50,165] {logging_mixin.py:115} INFO - [2023-08-18 18:40:50,165] {dag.py:2927} INFO - Setting next_dagrun for tutorial_taskflow_api_etl to None, run_after=None
[2023-08-18 18:40:50,190] {processor.py:161} INFO - Processing /home/linuxlite/Documentos/airflow/venv/lib/python3.9/site-packages/airflow/example_dags/tutorial_taskflow_api_etl.py took 0.339 seconds
[2023-08-18 18:41:30,024] {processor.py:153} INFO - Started process (PID=19827) to work on /home/linuxlite/Documentos/airflow/venv/lib/python3.9/site-packages/airflow/example_dags/tutorial_taskflow_api_etl.py
[2023-08-18 18:41:30,030] {processor.py:641} INFO - Processing file /home/linuxlite/Documentos/airflow/venv/lib/python3.9/site-packages/airflow/example_dags/tutorial_taskflow_api_etl.py for tasks to queue
[2023-08-18 18:41:30,031] {logging_mixin.py:115} INFO - [2023-08-18 18:41:30,031] {dagbag.py:507} INFO - Filling up the DagBag from /home/linuxlite/Documentos/airflow/venv/lib/python3.9/site-packages/airflow/example_dags/tutorial_taskflow_api_etl.py
[2023-08-18 18:41:30,119] {processor.py:651} INFO - DAG(s) dict_keys(['tutorial_taskflow_api_etl']) retrieved from /home/linuxlite/Documentos/airflow/venv/lib/python3.9/site-packages/airflow/example_dags/tutorial_taskflow_api_etl.py
[2023-08-18 18:41:30,171] {logging_mixin.py:115} INFO - [2023-08-18 18:41:30,171] {dag.py:2379} INFO - Sync 1 DAGs
[2023-08-18 18:41:30,212] {logging_mixin.py:115} INFO - [2023-08-18 18:41:30,205] {dag.py:2927} INFO - Setting next_dagrun for tutorial_taskflow_api_etl to None, run_after=None
[2023-08-18 18:41:30,232] {processor.py:161} INFO - Processing /home/linuxlite/Documentos/airflow/venv/lib/python3.9/site-packages/airflow/example_dags/tutorial_taskflow_api_etl.py took 0.221 seconds
[2023-08-18 18:42:11,865] {processor.py:153} INFO - Started process (PID=20068) to work on /home/linuxlite/Documentos/airflow/venv/lib/python3.9/site-packages/airflow/example_dags/tutorial_taskflow_api_etl.py
[2023-08-18 18:42:11,867] {processor.py:641} INFO - Processing file /home/linuxlite/Documentos/airflow/venv/lib/python3.9/site-packages/airflow/example_dags/tutorial_taskflow_api_etl.py for tasks to queue
[2023-08-18 18:42:11,868] {logging_mixin.py:115} INFO - [2023-08-18 18:42:11,868] {dagbag.py:507} INFO - Filling up the DagBag from /home/linuxlite/Documentos/airflow/venv/lib/python3.9/site-packages/airflow/example_dags/tutorial_taskflow_api_etl.py
[2023-08-18 18:42:11,929] {processor.py:651} INFO - DAG(s) dict_keys(['tutorial_taskflow_api_etl']) retrieved from /home/linuxlite/Documentos/airflow/venv/lib/python3.9/site-packages/airflow/example_dags/tutorial_taskflow_api_etl.py
[2023-08-18 18:42:12,139] {logging_mixin.py:115} INFO - [2023-08-18 18:42:12,139] {dag.py:2379} INFO - Sync 1 DAGs
[2023-08-18 18:42:12,228] {logging_mixin.py:115} INFO - [2023-08-18 18:42:12,228] {dag.py:2927} INFO - Setting next_dagrun for tutorial_taskflow_api_etl to None, run_after=None
[2023-08-18 18:42:12,266] {processor.py:161} INFO - Processing /home/linuxlite/Documentos/airflow/venv/lib/python3.9/site-packages/airflow/example_dags/tutorial_taskflow_api_etl.py took 0.420 seconds
