[2023-08-28 23:10:14,234] {taskinstance.py:1159} INFO - Dependencies all met for <TaskInstance: dados_climaticos.extrai_dados scheduled__2023-08-21T00:00:00+00:00 [queued]>
[2023-08-28 23:10:14,244] {taskinstance.py:1159} INFO - Dependencies all met for <TaskInstance: dados_climaticos.extrai_dados scheduled__2023-08-21T00:00:00+00:00 [queued]>
[2023-08-28 23:10:14,244] {taskinstance.py:1356} INFO - 
--------------------------------------------------------------------------------
[2023-08-28 23:10:14,244] {taskinstance.py:1357} INFO - Starting attempt 1 of 1
[2023-08-28 23:10:14,244] {taskinstance.py:1358} INFO - 
--------------------------------------------------------------------------------
[2023-08-28 23:10:14,273] {taskinstance.py:1377} INFO - Executing <Task(PythonOperator): extrai_dados> on 2023-08-21 00:00:00+00:00
[2023-08-28 23:10:14,281] {standard_task_runner.py:52} INFO - Started process 59724 to run task
[2023-08-28 23:10:14,329] {standard_task_runner.py:79} INFO - Running: ['airflow', 'tasks', 'run', 'dados_climaticos', 'extrai_dados', 'scheduled__2023-08-21T00:00:00+00:00', '--job-id', '20', '--raw', '--subdir', 'DAGS_FOLDER/dados_climaticos.py', '--cfg-path', '/tmp/tmpcj80v5qo', '--error-file', '/tmp/tmpwxehj63j']
[2023-08-28 23:10:14,330] {standard_task_runner.py:80} INFO - Job 20: Subtask extrai_dados
[2023-08-28 23:10:14,452] {task_command.py:370} INFO - Running <TaskInstance: dados_climaticos.extrai_dados scheduled__2023-08-21T00:00:00+00:00 [running]> on host linuxlite-virtual-machine
[2023-08-28 23:10:14,573] {taskinstance.py:1569} INFO - Exporting the following env vars:
AIRFLOW_CTX_DAG_OWNER=airflow
AIRFLOW_CTX_DAG_ID=dados_climaticos
AIRFLOW_CTX_TASK_ID=extrai_dados
AIRFLOW_CTX_EXECUTION_DATE=2023-08-21T00:00:00+00:00
AIRFLOW_CTX_TRY_NUMBER=1
AIRFLOW_CTX_DAG_RUN_ID=scheduled__2023-08-21T00:00:00+00:00
[2023-08-28 23:10:40,473] {python.py:173} INFO - Done. Returned value was: None
[2023-08-28 23:10:40,480] {taskinstance.py:1395} INFO - Marking task as SUCCESS. dag_id=dados_climaticos, task_id=extrai_dados, execution_date=20230821T000000, start_date=20230829T021014, end_date=20230829T021040
[2023-08-28 23:10:40,503] {local_task_job.py:156} INFO - Task exited with return code 0
[2023-08-28 23:10:40,512] {local_task_job.py:273} INFO - 0 downstream tasks scheduled from follow-on schedule check
