[2023-08-18 18:45:23,976] {taskinstance.py:1159} INFO - Dependencies all met for <TaskInstance: dados_climaticos.cria_pasta manual__2023-08-18T21:45:19.472749+00:00 [queued]>
[2023-08-18 18:45:23,988] {taskinstance.py:1159} INFO - Dependencies all met for <TaskInstance: dados_climaticos.cria_pasta manual__2023-08-18T21:45:19.472749+00:00 [queued]>
[2023-08-18 18:45:23,989] {taskinstance.py:1356} INFO - 
--------------------------------------------------------------------------------
[2023-08-18 18:45:23,989] {taskinstance.py:1357} INFO - Starting attempt 1 of 1
[2023-08-18 18:45:23,989] {taskinstance.py:1358} INFO - 
--------------------------------------------------------------------------------
[2023-08-18 18:45:24,012] {taskinstance.py:1377} INFO - Executing <Task(BashOperator): cria_pasta> on 2023-08-18 21:45:19.472749+00:00
[2023-08-18 18:45:24,017] {standard_task_runner.py:52} INFO - Started process 4817 to run task
[2023-08-18 18:45:24,023] {standard_task_runner.py:79} INFO - Running: ['airflow', 'tasks', 'run', 'dados_climaticos', 'cria_pasta', 'manual__2023-08-18T21:45:19.472749+00:00', '--job-id', '11', '--raw', '--subdir', 'DAGS_FOLDER/dados_climaticos.py', '--cfg-path', '/tmp/tmpmdnh3jl0', '--error-file', '/tmp/tmp49jufwny']
[2023-08-18 18:45:24,024] {standard_task_runner.py:80} INFO - Job 11: Subtask cria_pasta
[2023-08-18 18:45:24,096] {task_command.py:370} INFO - Running <TaskInstance: dados_climaticos.cria_pasta manual__2023-08-18T21:45:19.472749+00:00 [running]> on host linuxlite-virtual-machine
[2023-08-18 18:45:24,160] {taskinstance.py:1569} INFO - Exporting the following env vars:
AIRFLOW_CTX_DAG_OWNER=airflow
AIRFLOW_CTX_DAG_ID=dados_climaticos
AIRFLOW_CTX_TASK_ID=cria_pasta
AIRFLOW_CTX_EXECUTION_DATE=2023-08-18T21:45:19.472749+00:00
AIRFLOW_CTX_TRY_NUMBER=1
AIRFLOW_CTX_DAG_RUN_ID=manual__2023-08-18T21:45:19.472749+00:00
[2023-08-18 18:45:24,161] {subprocess.py:62} INFO - Tmp dir root location: 
 /tmp
[2023-08-18 18:45:24,162] {subprocess.py:74} INFO - Running command: ['bash', '-c', 'mkdir -p "/home/linuxlite/Documentos/airflow/semana=2023-08-14"']
[2023-08-18 18:45:24,171] {subprocess.py:85} INFO - Output:
[2023-08-18 18:45:24,174] {subprocess.py:96} INFO - Command exited with return code 0
[2023-08-18 18:45:24,200] {taskinstance.py:1395} INFO - Marking task as SUCCESS. dag_id=dados_climaticos, task_id=cria_pasta, execution_date=20230818T214519, start_date=20230818T214523, end_date=20230818T214524
[2023-08-18 18:45:24,242] {local_task_job.py:156} INFO - Task exited with return code 0
[2023-08-18 18:45:24,270] {local_task_job.py:273} INFO - 1 downstream tasks scheduled from follow-on schedule check
