[2023-08-21 10:40:24,029] {taskinstance.py:1159} INFO - Dependencies all met for <TaskInstance: dados_climaticos.extrai_dados scheduled__2023-08-14T00:00:00+00:00 [queued]>
[2023-08-21 10:40:24,036] {taskinstance.py:1159} INFO - Dependencies all met for <TaskInstance: dados_climaticos.extrai_dados scheduled__2023-08-14T00:00:00+00:00 [queued]>
[2023-08-21 10:40:24,036] {taskinstance.py:1356} INFO - 
--------------------------------------------------------------------------------
[2023-08-21 10:40:24,037] {taskinstance.py:1357} INFO - Starting attempt 1 of 1
[2023-08-21 10:40:24,038] {taskinstance.py:1358} INFO - 
--------------------------------------------------------------------------------
[2023-08-21 10:40:24,054] {taskinstance.py:1377} INFO - Executing <Task(PythonOperator): extrai_dados> on 2023-08-14 00:00:00+00:00
[2023-08-21 10:40:24,059] {standard_task_runner.py:52} INFO - Started process 97345 to run task
[2023-08-21 10:40:24,064] {standard_task_runner.py:79} INFO - Running: ['airflow', 'tasks', 'run', 'dados_climaticos', 'extrai_dados', 'scheduled__2023-08-14T00:00:00+00:00', '--job-id', '16', '--raw', '--subdir', 'DAGS_FOLDER/dados_climaticos.py', '--cfg-path', '/tmp/tmp5jpl344b', '--error-file', '/tmp/tmp8etgyr2a']
[2023-08-21 10:40:24,065] {standard_task_runner.py:80} INFO - Job 16: Subtask extrai_dados
[2023-08-21 10:40:24,112] {task_command.py:370} INFO - Running <TaskInstance: dados_climaticos.extrai_dados scheduled__2023-08-14T00:00:00+00:00 [running]> on host linuxlite-virtual-machine
[2023-08-21 10:40:24,162] {taskinstance.py:1569} INFO - Exporting the following env vars:
AIRFLOW_CTX_DAG_OWNER=airflow
AIRFLOW_CTX_DAG_ID=dados_climaticos
AIRFLOW_CTX_TASK_ID=extrai_dados
AIRFLOW_CTX_EXECUTION_DATE=2023-08-14T00:00:00+00:00
AIRFLOW_CTX_TRY_NUMBER=1
AIRFLOW_CTX_DAG_RUN_ID=scheduled__2023-08-14T00:00:00+00:00
[2023-08-21 10:40:25,197] {python.py:173} INFO - Done. Returned value was: None
[2023-08-21 10:40:25,203] {taskinstance.py:1395} INFO - Marking task as SUCCESS. dag_id=dados_climaticos, task_id=extrai_dados, execution_date=20230814T000000, start_date=20230821T134024, end_date=20230821T134025
[2023-08-21 10:40:25,253] {local_task_job.py:156} INFO - Task exited with return code 0
[2023-08-21 10:40:25,272] {local_task_job.py:273} INFO - 0 downstream tasks scheduled from follow-on schedule check
