[2023-08-18 18:35:26,739] {manager.py:480} INFO - Processing files using up to 1 processes at a time 
[2023-08-18 18:35:26,740] {manager.py:481} INFO - Process each file at most once every 30 seconds
[2023-08-18 18:35:26,740] {manager.py:482} INFO - Checking for new files in /home/linuxlite/airflow/dags every 300 seconds
[2023-08-18 18:35:26,749] {manager.py:690} INFO - Searching for files in /home/linuxlite/airflow/dags
[2023-08-18 18:35:26,908] {manager.py:693} INFO - There are 34 files in /home/linuxlite/airflow/dags
[2023-08-18 18:35:27,437] {manager.py:809} INFO - 
================================================================================
DAG File Processing Stats

File Path                                                                                                                            PID    Runtime      # DAGs    # Errors  Last Runtime    Last Run
-----------------------------------------------------------------------------------------------------------------------------------  -----  ---------  --------  ----------  --------------  -------------------
/home/linuxlite/Documentos/airflow/venv/lib/python3.9/site-packages/airflow/example_dags/example_short_circuit_operator.py                                    0           0
/home/linuxlite/Documentos/airflow/venv/lib/python3.9/site-packages/airflow/example_dags/example_kubernetes_executor.py                                       0           0
/home/linuxlite/Documentos/airflow/venv/lib/python3.9/site-packages/airflow/example_dags/tutorial_taskflow_api_etl.py                                         0           0
/home/linuxlite/Documentos/airflow/venv/lib/python3.9/site-packages/airflow/example_dags/example_trigger_controller_dag.py                                    0           0
/home/linuxlite/Documentos/airflow/venv/lib/python3.9/site-packages/airflow/example_dags/example_external_task_marker_dag.py                                  0           0
/home/linuxlite/Documentos/airflow/venv/lib/python3.9/site-packages/airflow/example_dags/example_complex.py                                                   0           0
/home/linuxlite/Documentos/airflow/venv/lib/python3.9/site-packages/airflow/example_dags/example_xcom.py                                                      0           0
/home/linuxlite/Documentos/airflow/venv/lib/python3.9/site-packages/airflow/example_dags/tutorial_taskflow_api_etl_virtualenv.py                              0           0
/home/linuxlite/Documentos/airflow/venv/lib/python3.9/site-packages/airflow/example_dags/example_time_delta_sensor_async.py                                   0           0
/home/linuxlite/Documentos/airflow/venv/lib/python3.9/site-packages/airflow/example_dags/example_branch_day_of_week_operator.py                               0           0
/home/linuxlite/Documentos/airflow/venv/lib/python3.9/site-packages/airflow/example_dags/example_subdag_operator.py                                           0           0
/home/linuxlite/Documentos/airflow/venv/lib/python3.9/site-packages/airflow/example_dags/example_latest_only_with_trigger.py                                  0           0
/home/linuxlite/Documentos/airflow/venv/lib/python3.9/site-packages/airflow/example_dags/example_dag_decorator.py                                             0           0
/home/linuxlite/Documentos/airflow/venv/lib/python3.9/site-packages/airflow/example_dags/example_nested_branch_dag.py                                         0           0
/home/linuxlite/Documentos/airflow/venv/lib/python3.9/site-packages/airflow/example_dags/tutorial.py                                                          0           0
/home/linuxlite/Documentos/airflow/venv/lib/python3.9/site-packages/airflow/example_dags/example_trigger_target_dag.py                                        0           0
/home/linuxlite/Documentos/airflow/venv/lib/python3.9/site-packages/airflow/example_dags/example_sla_dag.py                                                   0           0
/home/linuxlite/Documentos/airflow/venv/lib/python3.9/site-packages/airflow/example_dags/example_skip_dag.py                                                  0           0
/home/linuxlite/Documentos/airflow/venv/lib/python3.9/site-packages/airflow/example_dags/example_latest_only.py                                               0           0
/home/linuxlite/Documentos/airflow/venv/lib/python3.9/site-packages/airflow/example_dags/example_passing_params_via_test_command.py                           0           0
/home/linuxlite/Documentos/airflow/venv/lib/python3.9/site-packages/airflow/example_dags/example_branch_datetime_operator.py                                  0           0
/home/linuxlite/Documentos/airflow/venv/lib/python3.9/site-packages/airflow/example_dags/example_xcomargs.py                                                  0           0
/home/linuxlite/Documentos/airflow/venv/lib/python3.9/site-packages/airflow/example_dags/example_task_group.py                                                0           0
/home/linuxlite/Documentos/airflow/venv/lib/python3.9/site-packages/airflow/example_dags/example_branch_operator.py                                           0           0
/home/linuxlite/Documentos/airflow/venv/lib/python3.9/site-packages/airflow/example_dags/example_branch_operator_decorator.py                                 0           0
/home/linuxlite/Documentos/airflow/venv/lib/python3.9/site-packages/airflow/example_dags/example_branch_python_dop_operator_3.py                              0           0
/home/linuxlite/Documentos/airflow/venv/lib/python3.9/site-packages/airflow/example_dags/example_branch_labels.py                                             0           0
/home/linuxlite/Documentos/airflow/venv/lib/python3.9/site-packages/airflow/example_dags/example_task_group_decorator.py                                      0           0
/home/linuxlite/Documentos/airflow/venv/lib/python3.9/site-packages/airflow/example_dags/example_bash_operator.py                                             0           0
/home/linuxlite/Documentos/airflow/venv/lib/python3.9/site-packages/airflow/example_dags/example_python_operator.py                                           0           0
/home/linuxlite/Documentos/airflow/venv/lib/python3.9/site-packages/airflow/example_dags/tutorial_etl_dag.py                                                  0           0
/home/linuxlite/Documentos/airflow/venv/lib/python3.9/site-packages/airflow/example_dags/example_local_kubernetes_executor.py                                 0           0
/home/linuxlite/Documentos/airflow/venv/lib/python3.9/site-packages/airflow/example_dags/subdags/subdag.py                                                    0           0  0.34s           2023-08-18T21:35:27
/home/linuxlite/Documentos/airflow/venv/lib/python3.9/site-packages/airflow/example_dags/plugins/workday.py                                                   0           0
================================================================================
[2023-08-18 18:35:57,692] {manager.py:809} INFO - 
================================================================================
DAG File Processing Stats

File Path                                                                                                                            PID    Runtime      # DAGs    # Errors  Last Runtime    Last Run
-----------------------------------------------------------------------------------------------------------------------------------  -----  ---------  --------  ----------  --------------  -------------------
/home/linuxlite/Documentos/airflow/venv/lib/python3.9/site-packages/airflow/example_dags/example_kubernetes_executor.py                                       0           0  0.21s           2023-08-18T21:35:57
/home/linuxlite/Documentos/airflow/venv/lib/python3.9/site-packages/airflow/example_dags/example_external_task_marker_dag.py                                  0           0
/home/linuxlite/Documentos/airflow/venv/lib/python3.9/site-packages/airflow/example_dags/example_complex.py                                                   0           0
/home/linuxlite/Documentos/airflow/venv/lib/python3.9/site-packages/airflow/example_dags/tutorial_taskflow_api_etl_virtualenv.py                              0           0  0.11s           2023-08-18T21:35:31
/home/linuxlite/Documentos/airflow/venv/lib/python3.9/site-packages/airflow/example_dags/example_branch_day_of_week_operator.py                               0           0
/home/linuxlite/Documentos/airflow/venv/lib/python3.9/site-packages/airflow/example_dags/example_latest_only_with_trigger.py                                  0           0
/home/linuxlite/Documentos/airflow/venv/lib/python3.9/site-packages/airflow/example_dags/example_dag_decorator.py                                             0           0
/home/linuxlite/Documentos/airflow/venv/lib/python3.9/site-packages/airflow/example_dags/example_nested_branch_dag.py                                         0           0
/home/linuxlite/Documentos/airflow/venv/lib/python3.9/site-packages/airflow/example_dags/example_latest_only.py                                               0           0
/home/linuxlite/Documentos/airflow/venv/lib/python3.9/site-packages/airflow/example_dags/example_passing_params_via_test_command.py                           0           0
/home/linuxlite/Documentos/airflow/venv/lib/python3.9/site-packages/airflow/example_dags/example_branch_datetime_operator.py                                  0           0
/home/linuxlite/Documentos/airflow/venv/lib/python3.9/site-packages/airflow/example_dags/example_branch_operator.py                                           0           0
/home/linuxlite/Documentos/airflow/venv/lib/python3.9/site-packages/airflow/example_dags/example_branch_operator_decorator.py                                 0           0
/home/linuxlite/Documentos/airflow/venv/lib/python3.9/site-packages/airflow/example_dags/example_branch_python_dop_operator_3.py                              0           0
/home/linuxlite/Documentos/airflow/venv/lib/python3.9/site-packages/airflow/example_dags/example_branch_labels.py                                             0           0
/home/linuxlite/Documentos/airflow/venv/lib/python3.9/site-packages/airflow/example_dags/example_bash_operator.py                                             0           0
/home/linuxlite/Documentos/airflow/venv/lib/python3.9/site-packages/airflow/example_dags/example_python_operator.py                                           0           0
/home/linuxlite/Documentos/airflow/venv/lib/python3.9/site-packages/airflow/example_dags/example_local_kubernetes_executor.py                                 0           0
/home/linuxlite/Documentos/airflow/venv/lib/python3.9/site-packages/airflow/example_dags/subdags/subdag.py                                                    0           0  0.34s           2023-08-18T21:35:27
/home/linuxlite/Documentos/airflow/venv/lib/python3.9/site-packages/airflow/example_dags/plugins/workday.py                                                   0           0  0.23s           2023-08-18T21:35:36
/home/linuxlite/Documentos/airflow/venv/lib/python3.9/site-packages/airflow/example_dags/example_short_circuit_operator.py                                    1           0  0.53s           2023-08-18T21:35:56
/home/linuxlite/Documentos/airflow/venv/lib/python3.9/site-packages/airflow/example_dags/tutorial_taskflow_api_etl.py                                         1           0  1.33s           2023-08-18T21:35:30
/home/linuxlite/Documentos/airflow/venv/lib/python3.9/site-packages/airflow/example_dags/example_trigger_controller_dag.py                                    1           0  0.83s           2023-08-18T21:35:38
/home/linuxlite/Documentos/airflow/venv/lib/python3.9/site-packages/airflow/example_dags/example_xcom.py                                                      1           0  0.82s           2023-08-18T21:35:40
/home/linuxlite/Documentos/airflow/venv/lib/python3.9/site-packages/airflow/example_dags/example_time_delta_sensor_async.py                                   1           0  0.52s           2023-08-18T21:35:42
/home/linuxlite/Documentos/airflow/venv/lib/python3.9/site-packages/airflow/example_dags/tutorial.py                                                          1           0  1.55s           2023-08-18T21:35:33
/home/linuxlite/Documentos/airflow/venv/lib/python3.9/site-packages/airflow/example_dags/example_trigger_target_dag.py                                        1           0  0.52s           2023-08-18T21:35:46
/home/linuxlite/Documentos/airflow/venv/lib/python3.9/site-packages/airflow/example_dags/example_sla_dag.py                                                   1           0  1.52s           2023-08-18T21:35:48
/home/linuxlite/Documentos/airflow/venv/lib/python3.9/site-packages/airflow/example_dags/example_skip_dag.py                                                  1           0  0.41s           2023-08-18T21:35:49
/home/linuxlite/Documentos/airflow/venv/lib/python3.9/site-packages/airflow/example_dags/example_task_group.py                                                1           0  0.71s           2023-08-18T21:35:53
/home/linuxlite/Documentos/airflow/venv/lib/python3.9/site-packages/airflow/example_dags/example_task_group_decorator.py                                      1           0  0.62s           2023-08-18T21:35:55
/home/linuxlite/Documentos/airflow/venv/lib/python3.9/site-packages/airflow/example_dags/tutorial_etl_dag.py                                                  1           0  1.02s           2023-08-18T21:35:35
/home/linuxlite/Documentos/airflow/venv/lib/python3.9/site-packages/airflow/example_dags/example_xcomargs.py                                                  2           0  0.71s           2023-08-18T21:35:51
/home/linuxlite/Documentos/airflow/venv/lib/python3.9/site-packages/airflow/example_dags/example_subdag_operator.py                                           3           0  0.82s           2023-08-18T21:35:44
================================================================================
[2023-08-18 18:40:01,541] {manager.py:480} INFO - Processing files using up to 1 processes at a time 
[2023-08-18 18:40:01,541] {manager.py:481} INFO - Process each file at most once every 30 seconds
[2023-08-18 18:40:01,541] {manager.py:482} INFO - Checking for new files in /home/linuxlite/airflow/dags every 300 seconds
[2023-08-18 18:40:01,542] {manager.py:690} INFO - Searching for files in /home/linuxlite/airflow/dags
[2023-08-18 18:40:01,568] {manager.py:693} INFO - There are 34 files in /home/linuxlite/airflow/dags
[2023-08-18 18:40:01,750] {manager.py:809} INFO - 
================================================================================
DAG File Processing Stats

File Path                                                                                                                            PID    Runtime      # DAGs    # Errors  Last Runtime    Last Run
-----------------------------------------------------------------------------------------------------------------------------------  -----  ---------  --------  ----------  --------------  -------------------
/home/linuxlite/Documentos/airflow/venv/lib/python3.9/site-packages/airflow/example_dags/example_short_circuit_operator.py                                    0           0
/home/linuxlite/Documentos/airflow/venv/lib/python3.9/site-packages/airflow/example_dags/example_kubernetes_executor.py                                       0           0
/home/linuxlite/Documentos/airflow/venv/lib/python3.9/site-packages/airflow/example_dags/tutorial_taskflow_api_etl.py                                         0           0
/home/linuxlite/Documentos/airflow/venv/lib/python3.9/site-packages/airflow/example_dags/example_trigger_controller_dag.py                                    0           0
/home/linuxlite/Documentos/airflow/venv/lib/python3.9/site-packages/airflow/example_dags/example_external_task_marker_dag.py                                  0           0
/home/linuxlite/Documentos/airflow/venv/lib/python3.9/site-packages/airflow/example_dags/example_complex.py                                                   0           0
/home/linuxlite/Documentos/airflow/venv/lib/python3.9/site-packages/airflow/example_dags/example_xcom.py                                                      0           0
/home/linuxlite/Documentos/airflow/venv/lib/python3.9/site-packages/airflow/example_dags/tutorial_taskflow_api_etl_virtualenv.py                              0           0
/home/linuxlite/Documentos/airflow/venv/lib/python3.9/site-packages/airflow/example_dags/example_time_delta_sensor_async.py                                   0           0
/home/linuxlite/Documentos/airflow/venv/lib/python3.9/site-packages/airflow/example_dags/example_branch_day_of_week_operator.py                               0           0
/home/linuxlite/Documentos/airflow/venv/lib/python3.9/site-packages/airflow/example_dags/example_subdag_operator.py                                           0           0
/home/linuxlite/Documentos/airflow/venv/lib/python3.9/site-packages/airflow/example_dags/example_latest_only_with_trigger.py                                  0           0
/home/linuxlite/Documentos/airflow/venv/lib/python3.9/site-packages/airflow/example_dags/example_dag_decorator.py                                             0           0
/home/linuxlite/Documentos/airflow/venv/lib/python3.9/site-packages/airflow/example_dags/example_nested_branch_dag.py                                         0           0
/home/linuxlite/Documentos/airflow/venv/lib/python3.9/site-packages/airflow/example_dags/tutorial.py                                                          0           0
/home/linuxlite/Documentos/airflow/venv/lib/python3.9/site-packages/airflow/example_dags/example_trigger_target_dag.py                                        0           0
/home/linuxlite/Documentos/airflow/venv/lib/python3.9/site-packages/airflow/example_dags/example_sla_dag.py                                                   0           0
/home/linuxlite/Documentos/airflow/venv/lib/python3.9/site-packages/airflow/example_dags/example_skip_dag.py                                                  0           0
/home/linuxlite/Documentos/airflow/venv/lib/python3.9/site-packages/airflow/example_dags/example_latest_only.py                                               0           0
/home/linuxlite/Documentos/airflow/venv/lib/python3.9/site-packages/airflow/example_dags/example_passing_params_via_test_command.py                           0           0
/home/linuxlite/Documentos/airflow/venv/lib/python3.9/site-packages/airflow/example_dags/example_branch_datetime_operator.py                                  0           0
/home/linuxlite/Documentos/airflow/venv/lib/python3.9/site-packages/airflow/example_dags/example_xcomargs.py                                                  0           0
/home/linuxlite/Documentos/airflow/venv/lib/python3.9/site-packages/airflow/example_dags/example_task_group.py                                                0           0
/home/linuxlite/Documentos/airflow/venv/lib/python3.9/site-packages/airflow/example_dags/example_branch_operator.py                                           0           0
/home/linuxlite/Documentos/airflow/venv/lib/python3.9/site-packages/airflow/example_dags/example_branch_operator_decorator.py                                 0           0
/home/linuxlite/Documentos/airflow/venv/lib/python3.9/site-packages/airflow/example_dags/example_branch_python_dop_operator_3.py                              0           0
/home/linuxlite/Documentos/airflow/venv/lib/python3.9/site-packages/airflow/example_dags/example_branch_labels.py                                             0           0
/home/linuxlite/Documentos/airflow/venv/lib/python3.9/site-packages/airflow/example_dags/example_task_group_decorator.py                                      0           0
/home/linuxlite/Documentos/airflow/venv/lib/python3.9/site-packages/airflow/example_dags/example_bash_operator.py                                             0           0
/home/linuxlite/Documentos/airflow/venv/lib/python3.9/site-packages/airflow/example_dags/example_python_operator.py                                           0           0
/home/linuxlite/Documentos/airflow/venv/lib/python3.9/site-packages/airflow/example_dags/tutorial_etl_dag.py                                                  0           0
/home/linuxlite/Documentos/airflow/venv/lib/python3.9/site-packages/airflow/example_dags/example_local_kubernetes_executor.py                                 0           0
/home/linuxlite/Documentos/airflow/venv/lib/python3.9/site-packages/airflow/example_dags/subdags/subdag.py                                                    0           0  0.11s           2023-08-18T21:40:01
/home/linuxlite/Documentos/airflow/venv/lib/python3.9/site-packages/airflow/example_dags/plugins/workday.py                                                   0           0
================================================================================
[2023-08-18 18:40:32,077] {manager.py:809} INFO - 
================================================================================
DAG File Processing Stats

File Path                                                                                                                            PID    Runtime      # DAGs    # Errors  Last Runtime    Last Run
-----------------------------------------------------------------------------------------------------------------------------------  -----  ---------  --------  ----------  --------------  -------------------
/home/linuxlite/Documentos/airflow/venv/lib/python3.9/site-packages/airflow/example_dags/example_kubernetes_executor.py                                       0           0  0.21s           2023-08-18T21:40:24
/home/linuxlite/Documentos/airflow/venv/lib/python3.9/site-packages/airflow/example_dags/tutorial_taskflow_api_etl_virtualenv.py                              0           0  0.31s           2023-08-18T21:40:04
/home/linuxlite/Documentos/airflow/venv/lib/python3.9/site-packages/airflow/example_dags/example_branch_day_of_week_operator.py                               0           0
/home/linuxlite/Documentos/airflow/venv/lib/python3.9/site-packages/airflow/example_dags/example_latest_only.py                                               0           0
/home/linuxlite/Documentos/airflow/venv/lib/python3.9/site-packages/airflow/example_dags/example_passing_params_via_test_command.py                           0           0
/home/linuxlite/Documentos/airflow/venv/lib/python3.9/site-packages/airflow/example_dags/example_branch_datetime_operator.py                                  0           0
/home/linuxlite/Documentos/airflow/venv/lib/python3.9/site-packages/airflow/example_dags/example_branch_operator.py                                           0           0
/home/linuxlite/Documentos/airflow/venv/lib/python3.9/site-packages/airflow/example_dags/example_branch_operator_decorator.py                                 0           0
/home/linuxlite/Documentos/airflow/venv/lib/python3.9/site-packages/airflow/example_dags/example_branch_python_dop_operator_3.py                              0           0
/home/linuxlite/Documentos/airflow/venv/lib/python3.9/site-packages/airflow/example_dags/example_branch_labels.py                                             0           0
/home/linuxlite/Documentos/airflow/venv/lib/python3.9/site-packages/airflow/example_dags/example_bash_operator.py                                             0           0
/home/linuxlite/Documentos/airflow/venv/lib/python3.9/site-packages/airflow/example_dags/example_python_operator.py                                           0           0
/home/linuxlite/Documentos/airflow/venv/lib/python3.9/site-packages/airflow/example_dags/example_local_kubernetes_executor.py                                 0           0
/home/linuxlite/Documentos/airflow/venv/lib/python3.9/site-packages/airflow/example_dags/subdags/subdag.py                                                    0           0  0.11s           2023-08-18T21:40:01
/home/linuxlite/Documentos/airflow/venv/lib/python3.9/site-packages/airflow/example_dags/plugins/workday.py                                                   0           0  0.21s           2023-08-18T21:40:08
/home/linuxlite/Documentos/airflow/venv/lib/python3.9/site-packages/airflow/example_dags/example_short_circuit_operator.py                                    1           0  0.21s           2023-08-18T21:40:23
/home/linuxlite/Documentos/airflow/venv/lib/python3.9/site-packages/airflow/example_dags/tutorial_taskflow_api_etl.py                                         1           0  0.41s           2023-08-18T21:40:03
/home/linuxlite/Documentos/airflow/venv/lib/python3.9/site-packages/airflow/example_dags/example_trigger_controller_dag.py                                    1           0  0.41s           2023-08-18T21:40:09
/home/linuxlite/Documentos/airflow/venv/lib/python3.9/site-packages/airflow/example_dags/example_complex.py                                                   1           0  0.58s           2023-08-18T21:40:27
/home/linuxlite/Documentos/airflow/venv/lib/python3.9/site-packages/airflow/example_dags/example_xcom.py                                                      1           0  0.65s           2023-08-18T21:40:11
/home/linuxlite/Documentos/airflow/venv/lib/python3.9/site-packages/airflow/example_dags/example_time_delta_sensor_async.py                                   1           0  0.41s           2023-08-18T21:40:12
/home/linuxlite/Documentos/airflow/venv/lib/python3.9/site-packages/airflow/example_dags/example_latest_only_with_trigger.py                                  1           0  0.52s           2023-08-18T21:40:28
/home/linuxlite/Documentos/airflow/venv/lib/python3.9/site-packages/airflow/example_dags/example_dag_decorator.py                                             1           0  0.41s           2023-08-18T21:40:30
/home/linuxlite/Documentos/airflow/venv/lib/python3.9/site-packages/airflow/example_dags/example_nested_branch_dag.py                                         1           0  0.52s           2023-08-18T21:40:32
/home/linuxlite/Documentos/airflow/venv/lib/python3.9/site-packages/airflow/example_dags/tutorial.py                                                          1           0  0.21s           2023-08-18T21:40:06
/home/linuxlite/Documentos/airflow/venv/lib/python3.9/site-packages/airflow/example_dags/example_trigger_target_dag.py                                        1           0  0.21s           2023-08-18T21:40:15
/home/linuxlite/Documentos/airflow/venv/lib/python3.9/site-packages/airflow/example_dags/example_sla_dag.py                                                   1           0  0.21s           2023-08-18T21:40:16
/home/linuxlite/Documentos/airflow/venv/lib/python3.9/site-packages/airflow/example_dags/example_skip_dag.py                                                  1           0  0.31s           2023-08-18T21:40:17
/home/linuxlite/Documentos/airflow/venv/lib/python3.9/site-packages/airflow/example_dags/example_task_group.py                                                1           0  0.51s           2023-08-18T21:40:21
/home/linuxlite/Documentos/airflow/venv/lib/python3.9/site-packages/airflow/example_dags/example_task_group_decorator.py                                      1           0  0.51s           2023-08-18T21:40:22
/home/linuxlite/Documentos/airflow/venv/lib/python3.9/site-packages/airflow/example_dags/tutorial_etl_dag.py                                                  1           0  0.51s           2023-08-18T21:40:07
/home/linuxlite/Documentos/airflow/venv/lib/python3.9/site-packages/airflow/example_dags/example_external_task_marker_dag.py                                  2           0  0.41s           2023-08-18T21:40:26
/home/linuxlite/Documentos/airflow/venv/lib/python3.9/site-packages/airflow/example_dags/example_xcomargs.py                                                  2           0  0.61s           2023-08-18T21:40:19
/home/linuxlite/Documentos/airflow/venv/lib/python3.9/site-packages/airflow/example_dags/example_subdag_operator.py                                           3           0  0.41s           2023-08-18T21:40:14
================================================================================
[2023-08-18 18:41:02,120] {manager.py:809} INFO - 
================================================================================
DAG File Processing Stats

File Path                                                                                                                            PID    Runtime      # DAGs    # Errors  Last Runtime    Last Run
-----------------------------------------------------------------------------------------------------------------------------------  -----  ---------  --------  ----------  --------------  -------------------
/home/linuxlite/Documentos/airflow/venv/lib/python3.9/site-packages/airflow/example_dags/example_kubernetes_executor.py                                       0           0  0.21s           2023-08-18T21:40:24
/home/linuxlite/Documentos/airflow/venv/lib/python3.9/site-packages/airflow/example_dags/tutorial_taskflow_api_etl_virtualenv.py                              0           0  0.21s           2023-08-18T21:40:51
/home/linuxlite/Documentos/airflow/venv/lib/python3.9/site-packages/airflow/example_dags/example_local_kubernetes_executor.py                                 0           0  0.21s           2023-08-18T21:40:37
/home/linuxlite/Documentos/airflow/venv/lib/python3.9/site-packages/airflow/example_dags/subdags/subdag.py                                                    0           0  0.11s           2023-08-18T21:40:48
/home/linuxlite/Documentos/airflow/venv/lib/python3.9/site-packages/airflow/example_dags/plugins/workday.py                                                   0           0  0.12s           2023-08-18T21:40:54
/home/linuxlite/Documentos/airflow/venv/lib/python3.9/site-packages/airflow/example_dags/example_short_circuit_operator.py                                    1           0  0.21s           2023-08-18T21:40:23
/home/linuxlite/Documentos/airflow/venv/lib/python3.9/site-packages/airflow/example_dags/tutorial_taskflow_api_etl.py                                         1           0  0.41s           2023-08-18T21:40:50
/home/linuxlite/Documentos/airflow/venv/lib/python3.9/site-packages/airflow/example_dags/example_trigger_controller_dag.py                                    1           0  0.31s           2023-08-18T21:40:55
/home/linuxlite/Documentos/airflow/venv/lib/python3.9/site-packages/airflow/example_dags/example_complex.py                                                   1           0  0.58s           2023-08-18T21:40:27
/home/linuxlite/Documentos/airflow/venv/lib/python3.9/site-packages/airflow/example_dags/example_xcom.py                                                      1           0  0.31s           2023-08-18T21:40:56
/home/linuxlite/Documentos/airflow/venv/lib/python3.9/site-packages/airflow/example_dags/example_time_delta_sensor_async.py                                   1           0  0.31s           2023-08-18T21:40:58
/home/linuxlite/Documentos/airflow/venv/lib/python3.9/site-packages/airflow/example_dags/example_branch_day_of_week_operator.py                               1           0  0.61s           2023-08-18T21:40:39
/home/linuxlite/Documentos/airflow/venv/lib/python3.9/site-packages/airflow/example_dags/example_latest_only_with_trigger.py                                  1           0  0.52s           2023-08-18T21:40:28
/home/linuxlite/Documentos/airflow/venv/lib/python3.9/site-packages/airflow/example_dags/example_dag_decorator.py                                             1           0  0.41s           2023-08-18T21:40:30
/home/linuxlite/Documentos/airflow/venv/lib/python3.9/site-packages/airflow/example_dags/example_nested_branch_dag.py                                         1           0  0.52s           2023-08-18T21:40:32
/home/linuxlite/Documentos/airflow/venv/lib/python3.9/site-packages/airflow/example_dags/tutorial.py                                                          1           0  0.31s           2023-08-18T21:40:52
/home/linuxlite/Documentos/airflow/venv/lib/python3.9/site-packages/airflow/example_dags/example_trigger_target_dag.py                                        1           0  0.41s           2023-08-18T21:41:01
/home/linuxlite/Documentos/airflow/venv/lib/python3.9/site-packages/airflow/example_dags/example_sla_dag.py                                                   1           0  0.31s           2023-08-18T21:41:02
/home/linuxlite/Documentos/airflow/venv/lib/python3.9/site-packages/airflow/example_dags/example_skip_dag.py                                                  1           0  0.31s           2023-08-18T21:40:17
/home/linuxlite/Documentos/airflow/venv/lib/python3.9/site-packages/airflow/example_dags/example_latest_only.py                                               1           0  0.44s           2023-08-18T21:40:33
/home/linuxlite/Documentos/airflow/venv/lib/python3.9/site-packages/airflow/example_dags/example_passing_params_via_test_command.py                           1           0  0.61s           2023-08-18T21:40:34
/home/linuxlite/Documentos/airflow/venv/lib/python3.9/site-packages/airflow/example_dags/example_branch_datetime_operator.py                                  1           0  0.51s           2023-08-18T21:40:40
/home/linuxlite/Documentos/airflow/venv/lib/python3.9/site-packages/airflow/example_dags/example_task_group.py                                                1           0  0.51s           2023-08-18T21:40:21
/home/linuxlite/Documentos/airflow/venv/lib/python3.9/site-packages/airflow/example_dags/example_branch_operator.py                                           1           0  0.41s           2023-08-18T21:40:41
/home/linuxlite/Documentos/airflow/venv/lib/python3.9/site-packages/airflow/example_dags/example_branch_operator_decorator.py                                 1           0  0.51s           2023-08-18T21:40:42
/home/linuxlite/Documentos/airflow/venv/lib/python3.9/site-packages/airflow/example_dags/example_branch_python_dop_operator_3.py                              1           0  0.71s           2023-08-18T21:40:44
/home/linuxlite/Documentos/airflow/venv/lib/python3.9/site-packages/airflow/example_dags/example_branch_labels.py                                             1           0  0.61s           2023-08-18T21:40:45
/home/linuxlite/Documentos/airflow/venv/lib/python3.9/site-packages/airflow/example_dags/example_task_group_decorator.py                                      1           0  0.51s           2023-08-18T21:40:22
/home/linuxlite/Documentos/airflow/venv/lib/python3.9/site-packages/airflow/example_dags/example_bash_operator.py                                             1           0  0.41s           2023-08-18T21:40:47
/home/linuxlite/Documentos/airflow/venv/lib/python3.9/site-packages/airflow/example_dags/example_python_operator.py                                           1           0  0.61s           2023-08-18T21:40:36
/home/linuxlite/Documentos/airflow/venv/lib/python3.9/site-packages/airflow/example_dags/tutorial_etl_dag.py                                                  1           0  0.31s           2023-08-18T21:40:53
/home/linuxlite/Documentos/airflow/venv/lib/python3.9/site-packages/airflow/example_dags/example_external_task_marker_dag.py                                  2           0  0.41s           2023-08-18T21:40:26
/home/linuxlite/Documentos/airflow/venv/lib/python3.9/site-packages/airflow/example_dags/example_xcomargs.py                                                  2           0  0.61s           2023-08-18T21:40:19
/home/linuxlite/Documentos/airflow/venv/lib/python3.9/site-packages/airflow/example_dags/example_subdag_operator.py                                           3           0  0.52s           2023-08-18T21:40:59
================================================================================
[2023-08-18 18:41:32,973] {manager.py:809} INFO - 
================================================================================
DAG File Processing Stats

File Path                                                                                                                            PID    Runtime      # DAGs    # Errors  Last Runtime    Last Run
-----------------------------------------------------------------------------------------------------------------------------------  -----  ---------  --------  ----------  --------------  -------------------
/home/linuxlite/Documentos/airflow/venv/lib/python3.9/site-packages/airflow/example_dags/example_kubernetes_executor.py                                       0           0  0.21s           2023-08-18T21:41:08
/home/linuxlite/Documentos/airflow/venv/lib/python3.9/site-packages/airflow/example_dags/tutorial_taskflow_api_etl_virtualenv.py                              0           0  0.21s           2023-08-18T21:41:31
/home/linuxlite/Documentos/airflow/venv/lib/python3.9/site-packages/airflow/example_dags/example_local_kubernetes_executor.py                                 0           0  0.21s           2023-08-18T21:41:21
/home/linuxlite/Documentos/airflow/venv/lib/python3.9/site-packages/airflow/example_dags/subdags/subdag.py                                                    0           0  0.13s           2023-08-18T21:41:28
/home/linuxlite/Documentos/airflow/venv/lib/python3.9/site-packages/airflow/example_dags/plugins/workday.py                                                   0           0  0.12s           2023-08-18T21:40:54
/home/linuxlite/Documentos/airflow/venv/lib/python3.9/site-packages/airflow/example_dags/example_short_circuit_operator.py                                    1           0  0.21s           2023-08-18T21:41:07
/home/linuxlite/Documentos/airflow/venv/lib/python3.9/site-packages/airflow/example_dags/tutorial_taskflow_api_etl.py                                         1           0  0.31s           2023-08-18T21:41:30
/home/linuxlite/Documentos/airflow/venv/lib/python3.9/site-packages/airflow/example_dags/example_trigger_controller_dag.py                                    1           0  0.31s           2023-08-18T21:40:55
/home/linuxlite/Documentos/airflow/venv/lib/python3.9/site-packages/airflow/example_dags/example_complex.py                                                   1           0  0.41s           2023-08-18T21:41:11
/home/linuxlite/Documentos/airflow/venv/lib/python3.9/site-packages/airflow/example_dags/example_xcom.py                                                      1           0  0.31s           2023-08-18T21:40:56
/home/linuxlite/Documentos/airflow/venv/lib/python3.9/site-packages/airflow/example_dags/example_time_delta_sensor_async.py                                   1           0  0.31s           2023-08-18T21:40:58
/home/linuxlite/Documentos/airflow/venv/lib/python3.9/site-packages/airflow/example_dags/example_branch_day_of_week_operator.py                               1           0  0.21s           2023-08-18T21:41:22
/home/linuxlite/Documentos/airflow/venv/lib/python3.9/site-packages/airflow/example_dags/example_latest_only_with_trigger.py                                  1           0  0.31s           2023-08-18T21:41:12
/home/linuxlite/Documentos/airflow/venv/lib/python3.9/site-packages/airflow/example_dags/example_dag_decorator.py                                             1           0  0.31s           2023-08-18T21:41:14
/home/linuxlite/Documentos/airflow/venv/lib/python3.9/site-packages/airflow/example_dags/example_nested_branch_dag.py                                         1           0  0.31s           2023-08-18T21:41:15
/home/linuxlite/Documentos/airflow/venv/lib/python3.9/site-packages/airflow/example_dags/tutorial.py                                                          1           0  0.31s           2023-08-18T21:41:32
/home/linuxlite/Documentos/airflow/venv/lib/python3.9/site-packages/airflow/example_dags/example_trigger_target_dag.py                                        1           0  0.41s           2023-08-18T21:41:01
/home/linuxlite/Documentos/airflow/venv/lib/python3.9/site-packages/airflow/example_dags/example_sla_dag.py                                                   1           0  0.31s           2023-08-18T21:41:02
/home/linuxlite/Documentos/airflow/venv/lib/python3.9/site-packages/airflow/example_dags/example_skip_dag.py                                                  1           0  0.21s           2023-08-18T21:41:02
/home/linuxlite/Documentos/airflow/venv/lib/python3.9/site-packages/airflow/example_dags/example_latest_only.py                                               1           0  0.31s           2023-08-18T21:41:16
/home/linuxlite/Documentos/airflow/venv/lib/python3.9/site-packages/airflow/example_dags/example_passing_params_via_test_command.py                           1           0  0.41s           2023-08-18T21:41:18
/home/linuxlite/Documentos/airflow/venv/lib/python3.9/site-packages/airflow/example_dags/example_branch_datetime_operator.py                                  1           0  0.31s           2023-08-18T21:41:23
/home/linuxlite/Documentos/airflow/venv/lib/python3.9/site-packages/airflow/example_dags/example_task_group.py                                                1           0  0.31s           2023-08-18T21:41:05
/home/linuxlite/Documentos/airflow/venv/lib/python3.9/site-packages/airflow/example_dags/example_branch_operator.py                                           1           0  0.31s           2023-08-18T21:41:24
/home/linuxlite/Documentos/airflow/venv/lib/python3.9/site-packages/airflow/example_dags/example_branch_operator_decorator.py                                 1           0  0.21s           2023-08-18T21:41:25
/home/linuxlite/Documentos/airflow/venv/lib/python3.9/site-packages/airflow/example_dags/example_branch_python_dop_operator_3.py                              1           0  0.41s           2023-08-18T21:41:27
/home/linuxlite/Documentos/airflow/venv/lib/python3.9/site-packages/airflow/example_dags/example_branch_labels.py                                             1           0  0.31s           2023-08-18T21:41:28
/home/linuxlite/Documentos/airflow/venv/lib/python3.9/site-packages/airflow/example_dags/example_task_group_decorator.py                                      1           0  0.31s           2023-08-18T21:41:06
/home/linuxlite/Documentos/airflow/venv/lib/python3.9/site-packages/airflow/example_dags/example_bash_operator.py                                             1           0  0.41s           2023-08-18T21:40:47
/home/linuxlite/Documentos/airflow/venv/lib/python3.9/site-packages/airflow/example_dags/example_python_operator.py                                           1           0  0.41s           2023-08-18T21:41:19
/home/linuxlite/Documentos/airflow/venv/lib/python3.9/site-packages/airflow/example_dags/tutorial_etl_dag.py                                                  1           0  0.31s           2023-08-18T21:40:53
/home/linuxlite/Documentos/airflow/venv/lib/python3.9/site-packages/airflow/example_dags/example_external_task_marker_dag.py                                  2           0  0.31s           2023-08-18T21:41:10
/home/linuxlite/Documentos/airflow/venv/lib/python3.9/site-packages/airflow/example_dags/example_xcomargs.py                                                  2           0  0.41s           2023-08-18T21:41:03
/home/linuxlite/Documentos/airflow/venv/lib/python3.9/site-packages/airflow/example_dags/example_subdag_operator.py                                           3           0  0.52s           2023-08-18T21:40:59
================================================================================
[2023-08-18 18:42:04,387] {manager.py:809} INFO - 
================================================================================
DAG File Processing Stats

File Path                                                                                                                            PID    Runtime      # DAGs    # Errors  Last Runtime    Last Run
-----------------------------------------------------------------------------------------------------------------------------------  -----  ---------  --------  ----------  --------------  -------------------
/home/linuxlite/Documentos/airflow/venv/lib/python3.9/site-packages/airflow/example_dags/example_kubernetes_executor.py                                       0           0  0.31s           2023-08-18T21:41:51
/home/linuxlite/Documentos/airflow/venv/lib/python3.9/site-packages/airflow/example_dags/tutorial_taskflow_api_etl_virtualenv.py                              0           0  0.21s           2023-08-18T21:41:31
/home/linuxlite/Documentos/airflow/venv/lib/python3.9/site-packages/airflow/example_dags/example_local_kubernetes_executor.py                                 0           0  0.21s           2023-08-18T21:41:21
/home/linuxlite/Documentos/airflow/venv/lib/python3.9/site-packages/airflow/example_dags/subdags/subdag.py                                                    0           0  0.13s           2023-08-18T21:41:28
/home/linuxlite/Documentos/airflow/venv/lib/python3.9/site-packages/airflow/example_dags/plugins/workday.py                                                   0           0  0.11s           2023-08-18T21:41:34
/home/linuxlite/Documentos/airflow/venv/lib/python3.9/site-packages/airflow/example_dags/example_short_circuit_operator.py                                    1           0  0.31s           2023-08-18T21:41:50
/home/linuxlite/Documentos/airflow/venv/lib/python3.9/site-packages/airflow/example_dags/tutorial_taskflow_api_etl.py                                         1           0  0.31s           2023-08-18T21:41:30
/home/linuxlite/Documentos/airflow/venv/lib/python3.9/site-packages/airflow/example_dags/example_trigger_controller_dag.py                                    1           0  0.31s           2023-08-18T21:41:34
/home/linuxlite/Documentos/airflow/venv/lib/python3.9/site-packages/airflow/example_dags/example_complex.py                                                   1           0  0.53s           2023-08-18T21:41:55
/home/linuxlite/Documentos/airflow/venv/lib/python3.9/site-packages/airflow/example_dags/example_xcom.py                                                      1           0  0.41s           2023-08-18T21:41:36
/home/linuxlite/Documentos/airflow/venv/lib/python3.9/site-packages/airflow/example_dags/example_time_delta_sensor_async.py                                   1           0  0.51s           2023-08-18T21:41:37
/home/linuxlite/Documentos/airflow/venv/lib/python3.9/site-packages/airflow/example_dags/example_branch_day_of_week_operator.py                               1           0  0.21s           2023-08-18T21:41:22
/home/linuxlite/Documentos/airflow/venv/lib/python3.9/site-packages/airflow/example_dags/example_latest_only_with_trigger.py                                  1           0  0.41s           2023-08-18T21:41:57
/home/linuxlite/Documentos/airflow/venv/lib/python3.9/site-packages/airflow/example_dags/example_dag_decorator.py                                             1           0  0.41s           2023-08-18T21:41:58
/home/linuxlite/Documentos/airflow/venv/lib/python3.9/site-packages/airflow/example_dags/example_nested_branch_dag.py                                         1           0  0.41s           2023-08-18T21:42:00
/home/linuxlite/Documentos/airflow/venv/lib/python3.9/site-packages/airflow/example_dags/tutorial.py                                                          1           0  0.31s           2023-08-18T21:41:32
/home/linuxlite/Documentos/airflow/venv/lib/python3.9/site-packages/airflow/example_dags/example_trigger_target_dag.py                                        1           0  0.71s           2023-08-18T21:41:42
/home/linuxlite/Documentos/airflow/venv/lib/python3.9/site-packages/airflow/example_dags/example_sla_dag.py                                                   1           0  0.41s           2023-08-18T21:41:44
/home/linuxlite/Documentos/airflow/venv/lib/python3.9/site-packages/airflow/example_dags/example_skip_dag.py                                                  1           0  0.41s           2023-08-18T21:41:44
/home/linuxlite/Documentos/airflow/venv/lib/python3.9/site-packages/airflow/example_dags/example_latest_only.py                                               1           0  0.41s           2023-08-18T21:42:01
/home/linuxlite/Documentos/airflow/venv/lib/python3.9/site-packages/airflow/example_dags/example_passing_params_via_test_command.py                           1           0  0.51s           2023-08-18T21:42:02
/home/linuxlite/Documentos/airflow/venv/lib/python3.9/site-packages/airflow/example_dags/example_branch_datetime_operator.py                                  1           0  0.31s           2023-08-18T21:41:23
/home/linuxlite/Documentos/airflow/venv/lib/python3.9/site-packages/airflow/example_dags/example_task_group.py                                                1           0  0.31s           2023-08-18T21:41:47
/home/linuxlite/Documentos/airflow/venv/lib/python3.9/site-packages/airflow/example_dags/example_branch_operator.py                                           1           0  0.31s           2023-08-18T21:41:24
/home/linuxlite/Documentos/airflow/venv/lib/python3.9/site-packages/airflow/example_dags/example_branch_operator_decorator.py                                 1           0  0.21s           2023-08-18T21:41:25
/home/linuxlite/Documentos/airflow/venv/lib/python3.9/site-packages/airflow/example_dags/example_branch_python_dop_operator_3.py                              1           0  0.41s           2023-08-18T21:41:27
/home/linuxlite/Documentos/airflow/venv/lib/python3.9/site-packages/airflow/example_dags/example_branch_labels.py                                             1           0  0.31s           2023-08-18T21:41:28
/home/linuxlite/Documentos/airflow/venv/lib/python3.9/site-packages/airflow/example_dags/example_task_group_decorator.py                                      1           0  0.51s           2023-08-18T21:41:49
/home/linuxlite/Documentos/airflow/venv/lib/python3.9/site-packages/airflow/example_dags/example_bash_operator.py                                             1           0  0.41s           2023-08-18T21:41:39
/home/linuxlite/Documentos/airflow/venv/lib/python3.9/site-packages/airflow/example_dags/example_python_operator.py                                           1           0  0.51s           2023-08-18T21:42:04
/home/linuxlite/Documentos/airflow/venv/lib/python3.9/site-packages/airflow/example_dags/tutorial_etl_dag.py                                                  1           0  0.31s           2023-08-18T21:41:33
/home/linuxlite/Documentos/airflow/venv/lib/python3.9/site-packages/airflow/example_dags/example_external_task_marker_dag.py                                  2           0  0.71s           2023-08-18T21:41:53
/home/linuxlite/Documentos/airflow/venv/lib/python3.9/site-packages/airflow/example_dags/example_xcomargs.py                                                  2           0  0.41s           2023-08-18T21:41:46
/home/linuxlite/Documentos/airflow/venv/lib/python3.9/site-packages/airflow/example_dags/example_subdag_operator.py                                           3           0  0.51s           2023-08-18T21:41:41
================================================================================
