[2023-08-28 23:10:50,567] {processor.py:153} INFO - Started process (PID=59967) to work on /home/linuxlite/Documentos/airflow/venv/lib/python3.9/site-packages/airflow/example_dags/example_subdag_operator.py
[2023-08-28 23:10:50,567] {processor.py:641} INFO - Processing file /home/linuxlite/Documentos/airflow/venv/lib/python3.9/site-packages/airflow/example_dags/example_subdag_operator.py for tasks to queue
[2023-08-28 23:10:50,568] {logging_mixin.py:115} INFO - [2023-08-28 23:10:50,568] {dagbag.py:507} INFO - Filling up the DagBag from /home/linuxlite/Documentos/airflow/venv/lib/python3.9/site-packages/airflow/example_dags/example_subdag_operator.py
[2023-08-28 23:10:50,589] {processor.py:651} INFO - DAG(s) dict_keys(['example_subdag_operator.section-1', 'example_subdag_operator.section-2', 'example_subdag_operator']) retrieved from /home/linuxlite/Documentos/airflow/venv/lib/python3.9/site-packages/airflow/example_dags/example_subdag_operator.py
[2023-08-28 23:10:50,608] {logging_mixin.py:115} INFO - [2023-08-28 23:10:50,608] {dag.py:2379} INFO - Sync 3 DAGs
[2023-08-28 23:10:50,626] {logging_mixin.py:115} INFO - [2023-08-28 23:10:50,626] {dag.py:2927} INFO - Setting next_dagrun for example_subdag_operator to 2022-01-01T00:00:00+00:00, run_after=2022-01-01T00:00:00+00:00
[2023-08-28 23:10:50,626] {logging_mixin.py:115} INFO - [2023-08-28 23:10:50,626] {dag.py:2927} INFO - Setting next_dagrun for example_subdag_operator.section-1 to None, run_after=None
[2023-08-28 23:10:50,626] {logging_mixin.py:115} INFO - [2023-08-28 23:10:50,626] {dag.py:2927} INFO - Setting next_dagrun for example_subdag_operator.section-2 to None, run_after=None
[2023-08-28 23:10:50,632] {logging_mixin.py:115} INFO - [2023-08-28 23:10:50,632] {dag.py:2379} INFO - Sync 2 DAGs
[2023-08-28 23:10:50,636] {logging_mixin.py:115} INFO - [2023-08-28 23:10:50,636] {dag.py:2927} INFO - Setting next_dagrun for example_subdag_operator.section-1 to None, run_after=None
[2023-08-28 23:10:50,636] {logging_mixin.py:115} INFO - [2023-08-28 23:10:50,636] {dag.py:2927} INFO - Setting next_dagrun for example_subdag_operator.section-2 to None, run_after=None
[2023-08-28 23:10:50,643] {processor.py:161} INFO - Processing /home/linuxlite/Documentos/airflow/venv/lib/python3.9/site-packages/airflow/example_dags/example_subdag_operator.py took 0.079 seconds
[2023-08-28 23:11:25,284] {processor.py:153} INFO - Started process (PID=60056) to work on /home/linuxlite/Documentos/airflow/venv/lib/python3.9/site-packages/airflow/example_dags/example_subdag_operator.py
[2023-08-28 23:11:25,285] {processor.py:641} INFO - Processing file /home/linuxlite/Documentos/airflow/venv/lib/python3.9/site-packages/airflow/example_dags/example_subdag_operator.py for tasks to queue
[2023-08-28 23:11:25,286] {logging_mixin.py:115} INFO - [2023-08-28 23:11:25,286] {dagbag.py:507} INFO - Filling up the DagBag from /home/linuxlite/Documentos/airflow/venv/lib/python3.9/site-packages/airflow/example_dags/example_subdag_operator.py
[2023-08-28 23:11:25,307] {processor.py:651} INFO - DAG(s) dict_keys(['example_subdag_operator.section-1', 'example_subdag_operator.section-2', 'example_subdag_operator']) retrieved from /home/linuxlite/Documentos/airflow/venv/lib/python3.9/site-packages/airflow/example_dags/example_subdag_operator.py
[2023-08-28 23:11:25,326] {logging_mixin.py:115} INFO - [2023-08-28 23:11:25,326] {dag.py:2379} INFO - Sync 3 DAGs
[2023-08-28 23:11:25,341] {logging_mixin.py:115} INFO - [2023-08-28 23:11:25,341] {dag.py:2927} INFO - Setting next_dagrun for example_subdag_operator to 2022-01-01T00:00:00+00:00, run_after=2022-01-01T00:00:00+00:00
[2023-08-28 23:11:25,341] {logging_mixin.py:115} INFO - [2023-08-28 23:11:25,341] {dag.py:2927} INFO - Setting next_dagrun for example_subdag_operator.section-1 to None, run_after=None
[2023-08-28 23:11:25,342] {logging_mixin.py:115} INFO - [2023-08-28 23:11:25,342] {dag.py:2927} INFO - Setting next_dagrun for example_subdag_operator.section-2 to None, run_after=None
[2023-08-28 23:11:25,345] {logging_mixin.py:115} INFO - [2023-08-28 23:11:25,345] {dag.py:2379} INFO - Sync 2 DAGs
[2023-08-28 23:11:25,348] {logging_mixin.py:115} INFO - [2023-08-28 23:11:25,348] {dag.py:2927} INFO - Setting next_dagrun for example_subdag_operator.section-1 to None, run_after=None
[2023-08-28 23:11:25,348] {logging_mixin.py:115} INFO - [2023-08-28 23:11:25,348] {dag.py:2927} INFO - Setting next_dagrun for example_subdag_operator.section-2 to None, run_after=None
[2023-08-28 23:11:25,355] {processor.py:161} INFO - Processing /home/linuxlite/Documentos/airflow/venv/lib/python3.9/site-packages/airflow/example_dags/example_subdag_operator.py took 0.074 seconds
[2023-08-28 23:11:59,136] {processor.py:153} INFO - Started process (PID=60092) to work on /home/linuxlite/Documentos/airflow/venv/lib/python3.9/site-packages/airflow/example_dags/example_subdag_operator.py
[2023-08-28 23:11:59,138] {processor.py:641} INFO - Processing file /home/linuxlite/Documentos/airflow/venv/lib/python3.9/site-packages/airflow/example_dags/example_subdag_operator.py for tasks to queue
[2023-08-28 23:11:59,138] {logging_mixin.py:115} INFO - [2023-08-28 23:11:59,138] {dagbag.py:507} INFO - Filling up the DagBag from /home/linuxlite/Documentos/airflow/venv/lib/python3.9/site-packages/airflow/example_dags/example_subdag_operator.py
[2023-08-28 23:11:59,160] {processor.py:651} INFO - DAG(s) dict_keys(['example_subdag_operator.section-1', 'example_subdag_operator.section-2', 'example_subdag_operator']) retrieved from /home/linuxlite/Documentos/airflow/venv/lib/python3.9/site-packages/airflow/example_dags/example_subdag_operator.py
[2023-08-28 23:11:59,177] {logging_mixin.py:115} INFO - [2023-08-28 23:11:59,177] {dag.py:2379} INFO - Sync 3 DAGs
[2023-08-28 23:11:59,191] {logging_mixin.py:115} INFO - [2023-08-28 23:11:59,191] {dag.py:2927} INFO - Setting next_dagrun for example_subdag_operator to 2022-01-01T00:00:00+00:00, run_after=2022-01-01T00:00:00+00:00
[2023-08-28 23:11:59,191] {logging_mixin.py:115} INFO - [2023-08-28 23:11:59,191] {dag.py:2927} INFO - Setting next_dagrun for example_subdag_operator.section-1 to None, run_after=None
[2023-08-28 23:11:59,191] {logging_mixin.py:115} INFO - [2023-08-28 23:11:59,191] {dag.py:2927} INFO - Setting next_dagrun for example_subdag_operator.section-2 to None, run_after=None
[2023-08-28 23:11:59,195] {logging_mixin.py:115} INFO - [2023-08-28 23:11:59,195] {dag.py:2379} INFO - Sync 2 DAGs
[2023-08-28 23:11:59,198] {logging_mixin.py:115} INFO - [2023-08-28 23:11:59,198] {dag.py:2927} INFO - Setting next_dagrun for example_subdag_operator.section-1 to None, run_after=None
[2023-08-28 23:11:59,198] {logging_mixin.py:115} INFO - [2023-08-28 23:11:59,198] {dag.py:2927} INFO - Setting next_dagrun for example_subdag_operator.section-2 to None, run_after=None
[2023-08-28 23:11:59,205] {processor.py:161} INFO - Processing /home/linuxlite/Documentos/airflow/venv/lib/python3.9/site-packages/airflow/example_dags/example_subdag_operator.py took 0.073 seconds
[2023-08-28 23:12:34,045] {processor.py:153} INFO - Started process (PID=60136) to work on /home/linuxlite/Documentos/airflow/venv/lib/python3.9/site-packages/airflow/example_dags/example_subdag_operator.py
[2023-08-28 23:12:34,046] {processor.py:641} INFO - Processing file /home/linuxlite/Documentos/airflow/venv/lib/python3.9/site-packages/airflow/example_dags/example_subdag_operator.py for tasks to queue
[2023-08-28 23:12:34,046] {logging_mixin.py:115} INFO - [2023-08-28 23:12:34,046] {dagbag.py:507} INFO - Filling up the DagBag from /home/linuxlite/Documentos/airflow/venv/lib/python3.9/site-packages/airflow/example_dags/example_subdag_operator.py
[2023-08-28 23:12:34,070] {processor.py:651} INFO - DAG(s) dict_keys(['example_subdag_operator.section-1', 'example_subdag_operator.section-2', 'example_subdag_operator']) retrieved from /home/linuxlite/Documentos/airflow/venv/lib/python3.9/site-packages/airflow/example_dags/example_subdag_operator.py
[2023-08-28 23:12:34,093] {logging_mixin.py:115} INFO - [2023-08-28 23:12:34,092] {dag.py:2379} INFO - Sync 3 DAGs
[2023-08-28 23:12:34,110] {logging_mixin.py:115} INFO - [2023-08-28 23:12:34,110] {dag.py:2927} INFO - Setting next_dagrun for example_subdag_operator to 2022-01-01T00:00:00+00:00, run_after=2022-01-01T00:00:00+00:00
[2023-08-28 23:12:34,110] {logging_mixin.py:115} INFO - [2023-08-28 23:12:34,110] {dag.py:2927} INFO - Setting next_dagrun for example_subdag_operator.section-1 to None, run_after=None
[2023-08-28 23:12:34,111] {logging_mixin.py:115} INFO - [2023-08-28 23:12:34,110] {dag.py:2927} INFO - Setting next_dagrun for example_subdag_operator.section-2 to None, run_after=None
[2023-08-28 23:12:34,115] {logging_mixin.py:115} INFO - [2023-08-28 23:12:34,115] {dag.py:2379} INFO - Sync 2 DAGs
[2023-08-28 23:12:34,119] {logging_mixin.py:115} INFO - [2023-08-28 23:12:34,119] {dag.py:2927} INFO - Setting next_dagrun for example_subdag_operator.section-1 to None, run_after=None
[2023-08-28 23:12:34,120] {logging_mixin.py:115} INFO - [2023-08-28 23:12:34,119] {dag.py:2927} INFO - Setting next_dagrun for example_subdag_operator.section-2 to None, run_after=None
[2023-08-28 23:12:34,134] {processor.py:161} INFO - Processing /home/linuxlite/Documentos/airflow/venv/lib/python3.9/site-packages/airflow/example_dags/example_subdag_operator.py took 0.093 seconds
[2023-08-28 23:13:09,682] {processor.py:153} INFO - Started process (PID=60172) to work on /home/linuxlite/Documentos/airflow/venv/lib/python3.9/site-packages/airflow/example_dags/example_subdag_operator.py
[2023-08-28 23:13:09,682] {processor.py:641} INFO - Processing file /home/linuxlite/Documentos/airflow/venv/lib/python3.9/site-packages/airflow/example_dags/example_subdag_operator.py for tasks to queue
[2023-08-28 23:13:09,684] {logging_mixin.py:115} INFO - [2023-08-28 23:13:09,683] {dagbag.py:507} INFO - Filling up the DagBag from /home/linuxlite/Documentos/airflow/venv/lib/python3.9/site-packages/airflow/example_dags/example_subdag_operator.py
[2023-08-28 23:13:09,742] {processor.py:651} INFO - DAG(s) dict_keys(['example_subdag_operator.section-1', 'example_subdag_operator.section-2', 'example_subdag_operator']) retrieved from /home/linuxlite/Documentos/airflow/venv/lib/python3.9/site-packages/airflow/example_dags/example_subdag_operator.py
[2023-08-28 23:13:09,778] {logging_mixin.py:115} INFO - [2023-08-28 23:13:09,778] {dag.py:2379} INFO - Sync 3 DAGs
[2023-08-28 23:13:09,809] {logging_mixin.py:115} INFO - [2023-08-28 23:13:09,809] {dag.py:2927} INFO - Setting next_dagrun for example_subdag_operator to 2022-01-01T00:00:00+00:00, run_after=2022-01-01T00:00:00+00:00
[2023-08-28 23:13:09,809] {logging_mixin.py:115} INFO - [2023-08-28 23:13:09,809] {dag.py:2927} INFO - Setting next_dagrun for example_subdag_operator.section-1 to None, run_after=None
[2023-08-28 23:13:09,810] {logging_mixin.py:115} INFO - [2023-08-28 23:13:09,810] {dag.py:2927} INFO - Setting next_dagrun for example_subdag_operator.section-2 to None, run_after=None
[2023-08-28 23:13:09,815] {logging_mixin.py:115} INFO - [2023-08-28 23:13:09,815] {dag.py:2379} INFO - Sync 2 DAGs
[2023-08-28 23:13:09,828] {logging_mixin.py:115} INFO - [2023-08-28 23:13:09,827] {dag.py:2927} INFO - Setting next_dagrun for example_subdag_operator.section-1 to None, run_after=None
[2023-08-28 23:13:09,828] {logging_mixin.py:115} INFO - [2023-08-28 23:13:09,828] {dag.py:2927} INFO - Setting next_dagrun for example_subdag_operator.section-2 to None, run_after=None
[2023-08-28 23:13:09,842] {processor.py:161} INFO - Processing /home/linuxlite/Documentos/airflow/venv/lib/python3.9/site-packages/airflow/example_dags/example_subdag_operator.py took 0.164 seconds
[2023-08-28 23:13:43,519] {processor.py:153} INFO - Started process (PID=60213) to work on /home/linuxlite/Documentos/airflow/venv/lib/python3.9/site-packages/airflow/example_dags/example_subdag_operator.py
[2023-08-28 23:13:43,521] {processor.py:641} INFO - Processing file /home/linuxlite/Documentos/airflow/venv/lib/python3.9/site-packages/airflow/example_dags/example_subdag_operator.py for tasks to queue
[2023-08-28 23:13:43,521] {logging_mixin.py:115} INFO - [2023-08-28 23:13:43,521] {dagbag.py:507} INFO - Filling up the DagBag from /home/linuxlite/Documentos/airflow/venv/lib/python3.9/site-packages/airflow/example_dags/example_subdag_operator.py
[2023-08-28 23:13:43,546] {processor.py:651} INFO - DAG(s) dict_keys(['example_subdag_operator.section-1', 'example_subdag_operator.section-2', 'example_subdag_operator']) retrieved from /home/linuxlite/Documentos/airflow/venv/lib/python3.9/site-packages/airflow/example_dags/example_subdag_operator.py
[2023-08-28 23:13:43,563] {logging_mixin.py:115} INFO - [2023-08-28 23:13:43,563] {dag.py:2379} INFO - Sync 3 DAGs
[2023-08-28 23:13:43,576] {logging_mixin.py:115} INFO - [2023-08-28 23:13:43,576] {dag.py:2927} INFO - Setting next_dagrun for example_subdag_operator to 2022-01-01T00:00:00+00:00, run_after=2022-01-01T00:00:00+00:00
[2023-08-28 23:13:43,576] {logging_mixin.py:115} INFO - [2023-08-28 23:13:43,576] {dag.py:2927} INFO - Setting next_dagrun for example_subdag_operator.section-1 to None, run_after=None
[2023-08-28 23:13:43,576] {logging_mixin.py:115} INFO - [2023-08-28 23:13:43,576] {dag.py:2927} INFO - Setting next_dagrun for example_subdag_operator.section-2 to None, run_after=None
[2023-08-28 23:13:43,580] {logging_mixin.py:115} INFO - [2023-08-28 23:13:43,580] {dag.py:2379} INFO - Sync 2 DAGs
[2023-08-28 23:13:43,582] {logging_mixin.py:115} INFO - [2023-08-28 23:13:43,582] {dag.py:2927} INFO - Setting next_dagrun for example_subdag_operator.section-1 to None, run_after=None
[2023-08-28 23:13:43,583] {logging_mixin.py:115} INFO - [2023-08-28 23:13:43,583] {dag.py:2927} INFO - Setting next_dagrun for example_subdag_operator.section-2 to None, run_after=None
[2023-08-28 23:13:43,590] {processor.py:161} INFO - Processing /home/linuxlite/Documentos/airflow/venv/lib/python3.9/site-packages/airflow/example_dags/example_subdag_operator.py took 0.077 seconds
[2023-08-28 23:14:19,584] {processor.py:153} INFO - Started process (PID=60254) to work on /home/linuxlite/Documentos/airflow/venv/lib/python3.9/site-packages/airflow/example_dags/example_subdag_operator.py
[2023-08-28 23:14:19,585] {processor.py:641} INFO - Processing file /home/linuxlite/Documentos/airflow/venv/lib/python3.9/site-packages/airflow/example_dags/example_subdag_operator.py for tasks to queue
[2023-08-28 23:14:19,585] {logging_mixin.py:115} INFO - [2023-08-28 23:14:19,585] {dagbag.py:507} INFO - Filling up the DagBag from /home/linuxlite/Documentos/airflow/venv/lib/python3.9/site-packages/airflow/example_dags/example_subdag_operator.py
[2023-08-28 23:14:19,604] {processor.py:651} INFO - DAG(s) dict_keys(['example_subdag_operator.section-1', 'example_subdag_operator.section-2', 'example_subdag_operator']) retrieved from /home/linuxlite/Documentos/airflow/venv/lib/python3.9/site-packages/airflow/example_dags/example_subdag_operator.py
[2023-08-28 23:14:19,621] {logging_mixin.py:115} INFO - [2023-08-28 23:14:19,621] {dag.py:2379} INFO - Sync 3 DAGs
[2023-08-28 23:14:19,637] {logging_mixin.py:115} INFO - [2023-08-28 23:14:19,637] {dag.py:2927} INFO - Setting next_dagrun for example_subdag_operator to 2022-01-01T00:00:00+00:00, run_after=2022-01-01T00:00:00+00:00
[2023-08-28 23:14:19,638] {logging_mixin.py:115} INFO - [2023-08-28 23:14:19,638] {dag.py:2927} INFO - Setting next_dagrun for example_subdag_operator.section-1 to None, run_after=None
[2023-08-28 23:14:19,638] {logging_mixin.py:115} INFO - [2023-08-28 23:14:19,638] {dag.py:2927} INFO - Setting next_dagrun for example_subdag_operator.section-2 to None, run_after=None
[2023-08-28 23:14:19,642] {logging_mixin.py:115} INFO - [2023-08-28 23:14:19,642] {dag.py:2379} INFO - Sync 2 DAGs
[2023-08-28 23:14:19,645] {logging_mixin.py:115} INFO - [2023-08-28 23:14:19,645] {dag.py:2927} INFO - Setting next_dagrun for example_subdag_operator.section-1 to None, run_after=None
[2023-08-28 23:14:19,645] {logging_mixin.py:115} INFO - [2023-08-28 23:14:19,645] {dag.py:2927} INFO - Setting next_dagrun for example_subdag_operator.section-2 to None, run_after=None
[2023-08-28 23:14:19,651] {processor.py:161} INFO - Processing /home/linuxlite/Documentos/airflow/venv/lib/python3.9/site-packages/airflow/example_dags/example_subdag_operator.py took 0.070 seconds
[2023-08-28 23:14:54,353] {processor.py:153} INFO - Started process (PID=60305) to work on /home/linuxlite/Documentos/airflow/venv/lib/python3.9/site-packages/airflow/example_dags/example_subdag_operator.py
[2023-08-28 23:14:54,354] {processor.py:641} INFO - Processing file /home/linuxlite/Documentos/airflow/venv/lib/python3.9/site-packages/airflow/example_dags/example_subdag_operator.py for tasks to queue
[2023-08-28 23:14:54,355] {logging_mixin.py:115} INFO - [2023-08-28 23:14:54,355] {dagbag.py:507} INFO - Filling up the DagBag from /home/linuxlite/Documentos/airflow/venv/lib/python3.9/site-packages/airflow/example_dags/example_subdag_operator.py
[2023-08-28 23:14:54,385] {processor.py:651} INFO - DAG(s) dict_keys(['example_subdag_operator.section-1', 'example_subdag_operator.section-2', 'example_subdag_operator']) retrieved from /home/linuxlite/Documentos/airflow/venv/lib/python3.9/site-packages/airflow/example_dags/example_subdag_operator.py
[2023-08-28 23:14:54,407] {logging_mixin.py:115} INFO - [2023-08-28 23:14:54,407] {dag.py:2379} INFO - Sync 3 DAGs
[2023-08-28 23:14:54,425] {logging_mixin.py:115} INFO - [2023-08-28 23:14:54,425] {dag.py:2927} INFO - Setting next_dagrun for example_subdag_operator to 2022-01-01T00:00:00+00:00, run_after=2022-01-01T00:00:00+00:00
[2023-08-28 23:14:54,425] {logging_mixin.py:115} INFO - [2023-08-28 23:14:54,425] {dag.py:2927} INFO - Setting next_dagrun for example_subdag_operator.section-1 to None, run_after=None
[2023-08-28 23:14:54,425] {logging_mixin.py:115} INFO - [2023-08-28 23:14:54,425] {dag.py:2927} INFO - Setting next_dagrun for example_subdag_operator.section-2 to None, run_after=None
[2023-08-28 23:14:54,430] {logging_mixin.py:115} INFO - [2023-08-28 23:14:54,430] {dag.py:2379} INFO - Sync 2 DAGs
[2023-08-28 23:14:54,435] {logging_mixin.py:115} INFO - [2023-08-28 23:14:54,435] {dag.py:2927} INFO - Setting next_dagrun for example_subdag_operator.section-1 to None, run_after=None
[2023-08-28 23:14:54,435] {logging_mixin.py:115} INFO - [2023-08-28 23:14:54,435] {dag.py:2927} INFO - Setting next_dagrun for example_subdag_operator.section-2 to None, run_after=None
[2023-08-28 23:14:54,447] {processor.py:161} INFO - Processing /home/linuxlite/Documentos/airflow/venv/lib/python3.9/site-packages/airflow/example_dags/example_subdag_operator.py took 0.098 seconds
[2023-08-28 23:15:28,241] {processor.py:153} INFO - Started process (PID=60549) to work on /home/linuxlite/Documentos/airflow/venv/lib/python3.9/site-packages/airflow/example_dags/example_subdag_operator.py
[2023-08-28 23:15:28,242] {processor.py:641} INFO - Processing file /home/linuxlite/Documentos/airflow/venv/lib/python3.9/site-packages/airflow/example_dags/example_subdag_operator.py for tasks to queue
[2023-08-28 23:15:28,242] {logging_mixin.py:115} INFO - [2023-08-28 23:15:28,242] {dagbag.py:507} INFO - Filling up the DagBag from /home/linuxlite/Documentos/airflow/venv/lib/python3.9/site-packages/airflow/example_dags/example_subdag_operator.py
[2023-08-28 23:15:28,263] {processor.py:651} INFO - DAG(s) dict_keys(['example_subdag_operator.section-1', 'example_subdag_operator.section-2', 'example_subdag_operator']) retrieved from /home/linuxlite/Documentos/airflow/venv/lib/python3.9/site-packages/airflow/example_dags/example_subdag_operator.py
[2023-08-28 23:15:28,282] {logging_mixin.py:115} INFO - [2023-08-28 23:15:28,282] {dag.py:2379} INFO - Sync 3 DAGs
[2023-08-28 23:15:28,299] {logging_mixin.py:115} INFO - [2023-08-28 23:15:28,298] {dag.py:2927} INFO - Setting next_dagrun for example_subdag_operator to 2022-01-01T00:00:00+00:00, run_after=2022-01-01T00:00:00+00:00
[2023-08-28 23:15:28,299] {logging_mixin.py:115} INFO - [2023-08-28 23:15:28,299] {dag.py:2927} INFO - Setting next_dagrun for example_subdag_operator.section-1 to None, run_after=None
[2023-08-28 23:15:28,299] {logging_mixin.py:115} INFO - [2023-08-28 23:15:28,299] {dag.py:2927} INFO - Setting next_dagrun for example_subdag_operator.section-2 to None, run_after=None
[2023-08-28 23:15:28,304] {logging_mixin.py:115} INFO - [2023-08-28 23:15:28,304] {dag.py:2379} INFO - Sync 2 DAGs
[2023-08-28 23:15:28,309] {logging_mixin.py:115} INFO - [2023-08-28 23:15:28,309] {dag.py:2927} INFO - Setting next_dagrun for example_subdag_operator.section-1 to None, run_after=None
[2023-08-28 23:15:28,310] {logging_mixin.py:115} INFO - [2023-08-28 23:15:28,310] {dag.py:2927} INFO - Setting next_dagrun for example_subdag_operator.section-2 to None, run_after=None
[2023-08-28 23:15:28,318] {processor.py:161} INFO - Processing /home/linuxlite/Documentos/airflow/venv/lib/python3.9/site-packages/airflow/example_dags/example_subdag_operator.py took 0.081 seconds
[2023-08-28 23:16:02,107] {processor.py:153} INFO - Started process (PID=60585) to work on /home/linuxlite/Documentos/airflow/venv/lib/python3.9/site-packages/airflow/example_dags/example_subdag_operator.py
[2023-08-28 23:16:02,108] {processor.py:641} INFO - Processing file /home/linuxlite/Documentos/airflow/venv/lib/python3.9/site-packages/airflow/example_dags/example_subdag_operator.py for tasks to queue
[2023-08-28 23:16:02,109] {logging_mixin.py:115} INFO - [2023-08-28 23:16:02,109] {dagbag.py:507} INFO - Filling up the DagBag from /home/linuxlite/Documentos/airflow/venv/lib/python3.9/site-packages/airflow/example_dags/example_subdag_operator.py
[2023-08-28 23:16:02,130] {processor.py:651} INFO - DAG(s) dict_keys(['example_subdag_operator.section-1', 'example_subdag_operator.section-2', 'example_subdag_operator']) retrieved from /home/linuxlite/Documentos/airflow/venv/lib/python3.9/site-packages/airflow/example_dags/example_subdag_operator.py
[2023-08-28 23:16:02,151] {logging_mixin.py:115} INFO - [2023-08-28 23:16:02,151] {dag.py:2379} INFO - Sync 3 DAGs
[2023-08-28 23:16:02,166] {logging_mixin.py:115} INFO - [2023-08-28 23:16:02,166] {dag.py:2927} INFO - Setting next_dagrun for example_subdag_operator to 2022-01-01T00:00:00+00:00, run_after=2022-01-01T00:00:00+00:00
[2023-08-28 23:16:02,166] {logging_mixin.py:115} INFO - [2023-08-28 23:16:02,166] {dag.py:2927} INFO - Setting next_dagrun for example_subdag_operator.section-1 to None, run_after=None
[2023-08-28 23:16:02,166] {logging_mixin.py:115} INFO - [2023-08-28 23:16:02,166] {dag.py:2927} INFO - Setting next_dagrun for example_subdag_operator.section-2 to None, run_after=None
[2023-08-28 23:16:02,171] {logging_mixin.py:115} INFO - [2023-08-28 23:16:02,171] {dag.py:2379} INFO - Sync 2 DAGs
[2023-08-28 23:16:02,174] {logging_mixin.py:115} INFO - [2023-08-28 23:16:02,174] {dag.py:2927} INFO - Setting next_dagrun for example_subdag_operator.section-1 to None, run_after=None
[2023-08-28 23:16:02,174] {logging_mixin.py:115} INFO - [2023-08-28 23:16:02,174] {dag.py:2927} INFO - Setting next_dagrun for example_subdag_operator.section-2 to None, run_after=None
[2023-08-28 23:16:02,183] {processor.py:161} INFO - Processing /home/linuxlite/Documentos/airflow/venv/lib/python3.9/site-packages/airflow/example_dags/example_subdag_operator.py took 0.080 seconds
[2023-08-28 23:16:37,032] {processor.py:153} INFO - Started process (PID=60696) to work on /home/linuxlite/Documentos/airflow/venv/lib/python3.9/site-packages/airflow/example_dags/example_subdag_operator.py
[2023-08-28 23:16:37,033] {processor.py:641} INFO - Processing file /home/linuxlite/Documentos/airflow/venv/lib/python3.9/site-packages/airflow/example_dags/example_subdag_operator.py for tasks to queue
[2023-08-28 23:16:37,033] {logging_mixin.py:115} INFO - [2023-08-28 23:16:37,033] {dagbag.py:507} INFO - Filling up the DagBag from /home/linuxlite/Documentos/airflow/venv/lib/python3.9/site-packages/airflow/example_dags/example_subdag_operator.py
[2023-08-28 23:16:37,063] {processor.py:651} INFO - DAG(s) dict_keys(['example_subdag_operator.section-1', 'example_subdag_operator.section-2', 'example_subdag_operator']) retrieved from /home/linuxlite/Documentos/airflow/venv/lib/python3.9/site-packages/airflow/example_dags/example_subdag_operator.py
[2023-08-28 23:16:37,084] {logging_mixin.py:115} INFO - [2023-08-28 23:16:37,084] {dag.py:2379} INFO - Sync 3 DAGs
[2023-08-28 23:16:37,101] {logging_mixin.py:115} INFO - [2023-08-28 23:16:37,101] {dag.py:2927} INFO - Setting next_dagrun for example_subdag_operator to 2022-01-01T00:00:00+00:00, run_after=2022-01-01T00:00:00+00:00
[2023-08-28 23:16:37,102] {logging_mixin.py:115} INFO - [2023-08-28 23:16:37,102] {dag.py:2927} INFO - Setting next_dagrun for example_subdag_operator.section-1 to None, run_after=None
[2023-08-28 23:16:37,102] {logging_mixin.py:115} INFO - [2023-08-28 23:16:37,102] {dag.py:2927} INFO - Setting next_dagrun for example_subdag_operator.section-2 to None, run_after=None
[2023-08-28 23:16:37,107] {logging_mixin.py:115} INFO - [2023-08-28 23:16:37,107] {dag.py:2379} INFO - Sync 2 DAGs
[2023-08-28 23:16:37,111] {logging_mixin.py:115} INFO - [2023-08-28 23:16:37,111] {dag.py:2927} INFO - Setting next_dagrun for example_subdag_operator.section-1 to None, run_after=None
[2023-08-28 23:16:37,111] {logging_mixin.py:115} INFO - [2023-08-28 23:16:37,111] {dag.py:2927} INFO - Setting next_dagrun for example_subdag_operator.section-2 to None, run_after=None
[2023-08-28 23:16:37,121] {processor.py:161} INFO - Processing /home/linuxlite/Documentos/airflow/venv/lib/python3.9/site-packages/airflow/example_dags/example_subdag_operator.py took 0.092 seconds
[2023-08-28 23:17:10,463] {processor.py:153} INFO - Started process (PID=60834) to work on /home/linuxlite/Documentos/airflow/venv/lib/python3.9/site-packages/airflow/example_dags/example_subdag_operator.py
[2023-08-28 23:17:10,465] {processor.py:641} INFO - Processing file /home/linuxlite/Documentos/airflow/venv/lib/python3.9/site-packages/airflow/example_dags/example_subdag_operator.py for tasks to queue
[2023-08-28 23:17:10,466] {logging_mixin.py:115} INFO - [2023-08-28 23:17:10,465] {dagbag.py:507} INFO - Filling up the DagBag from /home/linuxlite/Documentos/airflow/venv/lib/python3.9/site-packages/airflow/example_dags/example_subdag_operator.py
[2023-08-28 23:17:10,491] {processor.py:651} INFO - DAG(s) dict_keys(['example_subdag_operator.section-1', 'example_subdag_operator.section-2', 'example_subdag_operator']) retrieved from /home/linuxlite/Documentos/airflow/venv/lib/python3.9/site-packages/airflow/example_dags/example_subdag_operator.py
[2023-08-28 23:17:10,508] {logging_mixin.py:115} INFO - [2023-08-28 23:17:10,508] {dag.py:2379} INFO - Sync 3 DAGs
[2023-08-28 23:17:10,524] {logging_mixin.py:115} INFO - [2023-08-28 23:17:10,523] {dag.py:2927} INFO - Setting next_dagrun for example_subdag_operator to 2022-01-01T00:00:00+00:00, run_after=2022-01-01T00:00:00+00:00
[2023-08-28 23:17:10,524] {logging_mixin.py:115} INFO - [2023-08-28 23:17:10,524] {dag.py:2927} INFO - Setting next_dagrun for example_subdag_operator.section-1 to None, run_after=None
[2023-08-28 23:17:10,524] {logging_mixin.py:115} INFO - [2023-08-28 23:17:10,524] {dag.py:2927} INFO - Setting next_dagrun for example_subdag_operator.section-2 to None, run_after=None
[2023-08-28 23:17:10,531] {logging_mixin.py:115} INFO - [2023-08-28 23:17:10,530] {dag.py:2379} INFO - Sync 2 DAGs
[2023-08-28 23:17:10,535] {logging_mixin.py:115} INFO - [2023-08-28 23:17:10,535] {dag.py:2927} INFO - Setting next_dagrun for example_subdag_operator.section-1 to None, run_after=None
[2023-08-28 23:17:10,535] {logging_mixin.py:115} INFO - [2023-08-28 23:17:10,535] {dag.py:2927} INFO - Setting next_dagrun for example_subdag_operator.section-2 to None, run_after=None
[2023-08-28 23:17:10,554] {processor.py:161} INFO - Processing /home/linuxlite/Documentos/airflow/venv/lib/python3.9/site-packages/airflow/example_dags/example_subdag_operator.py took 0.097 seconds
[2023-08-28 23:17:44,143] {processor.py:153} INFO - Started process (PID=60871) to work on /home/linuxlite/Documentos/airflow/venv/lib/python3.9/site-packages/airflow/example_dags/example_subdag_operator.py
[2023-08-28 23:17:44,144] {processor.py:641} INFO - Processing file /home/linuxlite/Documentos/airflow/venv/lib/python3.9/site-packages/airflow/example_dags/example_subdag_operator.py for tasks to queue
[2023-08-28 23:17:44,145] {logging_mixin.py:115} INFO - [2023-08-28 23:17:44,145] {dagbag.py:507} INFO - Filling up the DagBag from /home/linuxlite/Documentos/airflow/venv/lib/python3.9/site-packages/airflow/example_dags/example_subdag_operator.py
[2023-08-28 23:17:44,172] {processor.py:651} INFO - DAG(s) dict_keys(['example_subdag_operator.section-1', 'example_subdag_operator.section-2', 'example_subdag_operator']) retrieved from /home/linuxlite/Documentos/airflow/venv/lib/python3.9/site-packages/airflow/example_dags/example_subdag_operator.py
[2023-08-28 23:17:44,196] {logging_mixin.py:115} INFO - [2023-08-28 23:17:44,196] {dag.py:2379} INFO - Sync 3 DAGs
[2023-08-28 23:17:44,215] {logging_mixin.py:115} INFO - [2023-08-28 23:17:44,215] {dag.py:2927} INFO - Setting next_dagrun for example_subdag_operator to 2022-01-01T00:00:00+00:00, run_after=2022-01-01T00:00:00+00:00
[2023-08-28 23:17:44,215] {logging_mixin.py:115} INFO - [2023-08-28 23:17:44,215] {dag.py:2927} INFO - Setting next_dagrun for example_subdag_operator.section-1 to None, run_after=None
[2023-08-28 23:17:44,215] {logging_mixin.py:115} INFO - [2023-08-28 23:17:44,215] {dag.py:2927} INFO - Setting next_dagrun for example_subdag_operator.section-2 to None, run_after=None
[2023-08-28 23:17:44,221] {logging_mixin.py:115} INFO - [2023-08-28 23:17:44,221] {dag.py:2379} INFO - Sync 2 DAGs
[2023-08-28 23:17:44,225] {logging_mixin.py:115} INFO - [2023-08-28 23:17:44,225] {dag.py:2927} INFO - Setting next_dagrun for example_subdag_operator.section-1 to None, run_after=None
[2023-08-28 23:17:44,225] {logging_mixin.py:115} INFO - [2023-08-28 23:17:44,225] {dag.py:2927} INFO - Setting next_dagrun for example_subdag_operator.section-2 to None, run_after=None
[2023-08-28 23:17:44,237] {processor.py:161} INFO - Processing /home/linuxlite/Documentos/airflow/venv/lib/python3.9/site-packages/airflow/example_dags/example_subdag_operator.py took 0.100 seconds
[2023-08-28 23:18:15,533] {processor.py:153} INFO - Started process (PID=61372) to work on /home/linuxlite/Documentos/airflow/venv/lib/python3.9/site-packages/airflow/example_dags/example_subdag_operator.py
[2023-08-28 23:18:15,534] {processor.py:641} INFO - Processing file /home/linuxlite/Documentos/airflow/venv/lib/python3.9/site-packages/airflow/example_dags/example_subdag_operator.py for tasks to queue
[2023-08-28 23:18:15,534] {logging_mixin.py:115} INFO - [2023-08-28 23:18:15,534] {dagbag.py:507} INFO - Filling up the DagBag from /home/linuxlite/Documentos/airflow/venv/lib/python3.9/site-packages/airflow/example_dags/example_subdag_operator.py
[2023-08-28 23:18:15,556] {processor.py:651} INFO - DAG(s) dict_keys(['example_subdag_operator.section-1', 'example_subdag_operator.section-2', 'example_subdag_operator']) retrieved from /home/linuxlite/Documentos/airflow/venv/lib/python3.9/site-packages/airflow/example_dags/example_subdag_operator.py
[2023-08-28 23:18:15,575] {logging_mixin.py:115} INFO - [2023-08-28 23:18:15,574] {dag.py:2379} INFO - Sync 3 DAGs
[2023-08-28 23:18:15,589] {logging_mixin.py:115} INFO - [2023-08-28 23:18:15,589] {dag.py:2927} INFO - Setting next_dagrun for example_subdag_operator to 2022-01-01T00:00:00+00:00, run_after=2022-01-01T00:00:00+00:00
[2023-08-28 23:18:15,589] {logging_mixin.py:115} INFO - [2023-08-28 23:18:15,589] {dag.py:2927} INFO - Setting next_dagrun for example_subdag_operator.section-1 to None, run_after=None
[2023-08-28 23:18:15,589] {logging_mixin.py:115} INFO - [2023-08-28 23:18:15,589] {dag.py:2927} INFO - Setting next_dagrun for example_subdag_operator.section-2 to None, run_after=None
[2023-08-28 23:18:15,594] {logging_mixin.py:115} INFO - [2023-08-28 23:18:15,594] {dag.py:2379} INFO - Sync 2 DAGs
[2023-08-28 23:18:15,597] {logging_mixin.py:115} INFO - [2023-08-28 23:18:15,597] {dag.py:2927} INFO - Setting next_dagrun for example_subdag_operator.section-1 to None, run_after=None
[2023-08-28 23:18:15,597] {logging_mixin.py:115} INFO - [2023-08-28 23:18:15,597] {dag.py:2927} INFO - Setting next_dagrun for example_subdag_operator.section-2 to None, run_after=None
[2023-08-28 23:18:15,604] {processor.py:161} INFO - Processing /home/linuxlite/Documentos/airflow/venv/lib/python3.9/site-packages/airflow/example_dags/example_subdag_operator.py took 0.076 seconds
[2023-08-28 23:18:49,926] {processor.py:153} INFO - Started process (PID=61533) to work on /home/linuxlite/Documentos/airflow/venv/lib/python3.9/site-packages/airflow/example_dags/example_subdag_operator.py
[2023-08-28 23:18:49,927] {processor.py:641} INFO - Processing file /home/linuxlite/Documentos/airflow/venv/lib/python3.9/site-packages/airflow/example_dags/example_subdag_operator.py for tasks to queue
[2023-08-28 23:18:49,928] {logging_mixin.py:115} INFO - [2023-08-28 23:18:49,928] {dagbag.py:507} INFO - Filling up the DagBag from /home/linuxlite/Documentos/airflow/venv/lib/python3.9/site-packages/airflow/example_dags/example_subdag_operator.py
[2023-08-28 23:18:49,948] {processor.py:651} INFO - DAG(s) dict_keys(['example_subdag_operator.section-1', 'example_subdag_operator.section-2', 'example_subdag_operator']) retrieved from /home/linuxlite/Documentos/airflow/venv/lib/python3.9/site-packages/airflow/example_dags/example_subdag_operator.py
[2023-08-28 23:18:49,967] {logging_mixin.py:115} INFO - [2023-08-28 23:18:49,967] {dag.py:2379} INFO - Sync 3 DAGs
[2023-08-28 23:18:49,982] {logging_mixin.py:115} INFO - [2023-08-28 23:18:49,982] {dag.py:2927} INFO - Setting next_dagrun for example_subdag_operator to 2022-01-01T00:00:00+00:00, run_after=2022-01-01T00:00:00+00:00
[2023-08-28 23:18:49,982] {logging_mixin.py:115} INFO - [2023-08-28 23:18:49,982] {dag.py:2927} INFO - Setting next_dagrun for example_subdag_operator.section-1 to None, run_after=None
[2023-08-28 23:18:49,982] {logging_mixin.py:115} INFO - [2023-08-28 23:18:49,982] {dag.py:2927} INFO - Setting next_dagrun for example_subdag_operator.section-2 to None, run_after=None
[2023-08-28 23:18:49,987] {logging_mixin.py:115} INFO - [2023-08-28 23:18:49,987] {dag.py:2379} INFO - Sync 2 DAGs
[2023-08-28 23:18:49,990] {logging_mixin.py:115} INFO - [2023-08-28 23:18:49,990] {dag.py:2927} INFO - Setting next_dagrun for example_subdag_operator.section-1 to None, run_after=None
[2023-08-28 23:18:49,990] {logging_mixin.py:115} INFO - [2023-08-28 23:18:49,990] {dag.py:2927} INFO - Setting next_dagrun for example_subdag_operator.section-2 to None, run_after=None
[2023-08-28 23:18:49,998] {processor.py:161} INFO - Processing /home/linuxlite/Documentos/airflow/venv/lib/python3.9/site-packages/airflow/example_dags/example_subdag_operator.py took 0.076 seconds
[2023-08-28 23:19:26,247] {processor.py:153} INFO - Started process (PID=61590) to work on /home/linuxlite/Documentos/airflow/venv/lib/python3.9/site-packages/airflow/example_dags/example_subdag_operator.py
[2023-08-28 23:19:26,248] {processor.py:641} INFO - Processing file /home/linuxlite/Documentos/airflow/venv/lib/python3.9/site-packages/airflow/example_dags/example_subdag_operator.py for tasks to queue
[2023-08-28 23:19:26,249] {logging_mixin.py:115} INFO - [2023-08-28 23:19:26,249] {dagbag.py:507} INFO - Filling up the DagBag from /home/linuxlite/Documentos/airflow/venv/lib/python3.9/site-packages/airflow/example_dags/example_subdag_operator.py
[2023-08-28 23:19:26,276] {processor.py:651} INFO - DAG(s) dict_keys(['example_subdag_operator.section-1', 'example_subdag_operator.section-2', 'example_subdag_operator']) retrieved from /home/linuxlite/Documentos/airflow/venv/lib/python3.9/site-packages/airflow/example_dags/example_subdag_operator.py
[2023-08-28 23:19:26,295] {logging_mixin.py:115} INFO - [2023-08-28 23:19:26,295] {dag.py:2379} INFO - Sync 3 DAGs
[2023-08-28 23:19:26,309] {logging_mixin.py:115} INFO - [2023-08-28 23:19:26,309] {dag.py:2927} INFO - Setting next_dagrun for example_subdag_operator to 2022-01-01T00:00:00+00:00, run_after=2022-01-01T00:00:00+00:00
[2023-08-28 23:19:26,309] {logging_mixin.py:115} INFO - [2023-08-28 23:19:26,309] {dag.py:2927} INFO - Setting next_dagrun for example_subdag_operator.section-1 to None, run_after=None
[2023-08-28 23:19:26,309] {logging_mixin.py:115} INFO - [2023-08-28 23:19:26,309] {dag.py:2927} INFO - Setting next_dagrun for example_subdag_operator.section-2 to None, run_after=None
[2023-08-28 23:19:26,314] {logging_mixin.py:115} INFO - [2023-08-28 23:19:26,314] {dag.py:2379} INFO - Sync 2 DAGs
[2023-08-28 23:19:26,316] {logging_mixin.py:115} INFO - [2023-08-28 23:19:26,316] {dag.py:2927} INFO - Setting next_dagrun for example_subdag_operator.section-1 to None, run_after=None
[2023-08-28 23:19:26,317] {logging_mixin.py:115} INFO - [2023-08-28 23:19:26,317] {dag.py:2927} INFO - Setting next_dagrun for example_subdag_operator.section-2 to None, run_after=None
[2023-08-28 23:19:26,324] {processor.py:161} INFO - Processing /home/linuxlite/Documentos/airflow/venv/lib/python3.9/site-packages/airflow/example_dags/example_subdag_operator.py took 0.083 seconds
[2023-08-28 23:19:58,150] {processor.py:153} INFO - Started process (PID=61643) to work on /home/linuxlite/Documentos/airflow/venv/lib/python3.9/site-packages/airflow/example_dags/example_subdag_operator.py
[2023-08-28 23:19:58,150] {processor.py:641} INFO - Processing file /home/linuxlite/Documentos/airflow/venv/lib/python3.9/site-packages/airflow/example_dags/example_subdag_operator.py for tasks to queue
[2023-08-28 23:19:58,151] {logging_mixin.py:115} INFO - [2023-08-28 23:19:58,151] {dagbag.py:507} INFO - Filling up the DagBag from /home/linuxlite/Documentos/airflow/venv/lib/python3.9/site-packages/airflow/example_dags/example_subdag_operator.py
[2023-08-28 23:19:58,170] {processor.py:651} INFO - DAG(s) dict_keys(['example_subdag_operator.section-1', 'example_subdag_operator.section-2', 'example_subdag_operator']) retrieved from /home/linuxlite/Documentos/airflow/venv/lib/python3.9/site-packages/airflow/example_dags/example_subdag_operator.py
[2023-08-28 23:19:58,189] {logging_mixin.py:115} INFO - [2023-08-28 23:19:58,189] {dag.py:2379} INFO - Sync 3 DAGs
[2023-08-28 23:19:58,203] {logging_mixin.py:115} INFO - [2023-08-28 23:19:58,203] {dag.py:2927} INFO - Setting next_dagrun for example_subdag_operator to 2022-01-01T00:00:00+00:00, run_after=2022-01-01T00:00:00+00:00
[2023-08-28 23:19:58,204] {logging_mixin.py:115} INFO - [2023-08-28 23:19:58,204] {dag.py:2927} INFO - Setting next_dagrun for example_subdag_operator.section-1 to None, run_after=None
[2023-08-28 23:19:58,204] {logging_mixin.py:115} INFO - [2023-08-28 23:19:58,204] {dag.py:2927} INFO - Setting next_dagrun for example_subdag_operator.section-2 to None, run_after=None
[2023-08-28 23:19:58,207] {logging_mixin.py:115} INFO - [2023-08-28 23:19:58,207] {dag.py:2379} INFO - Sync 2 DAGs
[2023-08-28 23:19:58,211] {logging_mixin.py:115} INFO - [2023-08-28 23:19:58,211] {dag.py:2927} INFO - Setting next_dagrun for example_subdag_operator.section-1 to None, run_after=None
[2023-08-28 23:19:58,211] {logging_mixin.py:115} INFO - [2023-08-28 23:19:58,211] {dag.py:2927} INFO - Setting next_dagrun for example_subdag_operator.section-2 to None, run_after=None
[2023-08-28 23:19:58,221] {processor.py:161} INFO - Processing /home/linuxlite/Documentos/airflow/venv/lib/python3.9/site-packages/airflow/example_dags/example_subdag_operator.py took 0.074 seconds
[2023-08-28 23:20:33,007] {processor.py:153} INFO - Started process (PID=61740) to work on /home/linuxlite/Documentos/airflow/venv/lib/python3.9/site-packages/airflow/example_dags/example_subdag_operator.py
[2023-08-28 23:20:33,008] {processor.py:641} INFO - Processing file /home/linuxlite/Documentos/airflow/venv/lib/python3.9/site-packages/airflow/example_dags/example_subdag_operator.py for tasks to queue
[2023-08-28 23:20:33,008] {logging_mixin.py:115} INFO - [2023-08-28 23:20:33,008] {dagbag.py:507} INFO - Filling up the DagBag from /home/linuxlite/Documentos/airflow/venv/lib/python3.9/site-packages/airflow/example_dags/example_subdag_operator.py
[2023-08-28 23:20:33,038] {processor.py:651} INFO - DAG(s) dict_keys(['example_subdag_operator.section-1', 'example_subdag_operator.section-2', 'example_subdag_operator']) retrieved from /home/linuxlite/Documentos/airflow/venv/lib/python3.9/site-packages/airflow/example_dags/example_subdag_operator.py
[2023-08-28 23:20:33,073] {logging_mixin.py:115} INFO - [2023-08-28 23:20:33,073] {dag.py:2379} INFO - Sync 3 DAGs
[2023-08-28 23:20:33,105] {logging_mixin.py:115} INFO - [2023-08-28 23:20:33,105] {dag.py:2927} INFO - Setting next_dagrun for example_subdag_operator to 2022-01-01T00:00:00+00:00, run_after=2022-01-01T00:00:00+00:00
[2023-08-28 23:20:33,105] {logging_mixin.py:115} INFO - [2023-08-28 23:20:33,105] {dag.py:2927} INFO - Setting next_dagrun for example_subdag_operator.section-1 to None, run_after=None
[2023-08-28 23:20:33,105] {logging_mixin.py:115} INFO - [2023-08-28 23:20:33,105] {dag.py:2927} INFO - Setting next_dagrun for example_subdag_operator.section-2 to None, run_after=None
[2023-08-28 23:20:33,110] {logging_mixin.py:115} INFO - [2023-08-28 23:20:33,110] {dag.py:2379} INFO - Sync 2 DAGs
[2023-08-28 23:20:33,118] {logging_mixin.py:115} INFO - [2023-08-28 23:20:33,118] {dag.py:2927} INFO - Setting next_dagrun for example_subdag_operator.section-1 to None, run_after=None
[2023-08-28 23:20:33,118] {logging_mixin.py:115} INFO - [2023-08-28 23:20:33,118] {dag.py:2927} INFO - Setting next_dagrun for example_subdag_operator.section-2 to None, run_after=None
[2023-08-28 23:20:33,126] {processor.py:161} INFO - Processing /home/linuxlite/Documentos/airflow/venv/lib/python3.9/site-packages/airflow/example_dags/example_subdag_operator.py took 0.123 seconds
[2023-08-28 23:21:07,879] {processor.py:153} INFO - Started process (PID=61783) to work on /home/linuxlite/Documentos/airflow/venv/lib/python3.9/site-packages/airflow/example_dags/example_subdag_operator.py
[2023-08-28 23:21:07,880] {processor.py:641} INFO - Processing file /home/linuxlite/Documentos/airflow/venv/lib/python3.9/site-packages/airflow/example_dags/example_subdag_operator.py for tasks to queue
[2023-08-28 23:21:07,881] {logging_mixin.py:115} INFO - [2023-08-28 23:21:07,881] {dagbag.py:507} INFO - Filling up the DagBag from /home/linuxlite/Documentos/airflow/venv/lib/python3.9/site-packages/airflow/example_dags/example_subdag_operator.py
[2023-08-28 23:21:07,901] {processor.py:651} INFO - DAG(s) dict_keys(['example_subdag_operator.section-1', 'example_subdag_operator.section-2', 'example_subdag_operator']) retrieved from /home/linuxlite/Documentos/airflow/venv/lib/python3.9/site-packages/airflow/example_dags/example_subdag_operator.py
[2023-08-28 23:21:07,919] {logging_mixin.py:115} INFO - [2023-08-28 23:21:07,919] {dag.py:2379} INFO - Sync 3 DAGs
[2023-08-28 23:21:07,934] {logging_mixin.py:115} INFO - [2023-08-28 23:21:07,934] {dag.py:2927} INFO - Setting next_dagrun for example_subdag_operator to 2022-01-01T00:00:00+00:00, run_after=2022-01-01T00:00:00+00:00
[2023-08-28 23:21:07,934] {logging_mixin.py:115} INFO - [2023-08-28 23:21:07,934] {dag.py:2927} INFO - Setting next_dagrun for example_subdag_operator.section-1 to None, run_after=None
[2023-08-28 23:21:07,935] {logging_mixin.py:115} INFO - [2023-08-28 23:21:07,935] {dag.py:2927} INFO - Setting next_dagrun for example_subdag_operator.section-2 to None, run_after=None
[2023-08-28 23:21:07,938] {logging_mixin.py:115} INFO - [2023-08-28 23:21:07,938] {dag.py:2379} INFO - Sync 2 DAGs
[2023-08-28 23:21:07,941] {logging_mixin.py:115} INFO - [2023-08-28 23:21:07,941] {dag.py:2927} INFO - Setting next_dagrun for example_subdag_operator.section-1 to None, run_after=None
[2023-08-28 23:21:07,941] {logging_mixin.py:115} INFO - [2023-08-28 23:21:07,941] {dag.py:2927} INFO - Setting next_dagrun for example_subdag_operator.section-2 to None, run_after=None
[2023-08-28 23:21:07,950] {processor.py:161} INFO - Processing /home/linuxlite/Documentos/airflow/venv/lib/python3.9/site-packages/airflow/example_dags/example_subdag_operator.py took 0.074 seconds
[2023-08-28 23:21:41,228] {processor.py:153} INFO - Started process (PID=61824) to work on /home/linuxlite/Documentos/airflow/venv/lib/python3.9/site-packages/airflow/example_dags/example_subdag_operator.py
[2023-08-28 23:21:41,229] {processor.py:641} INFO - Processing file /home/linuxlite/Documentos/airflow/venv/lib/python3.9/site-packages/airflow/example_dags/example_subdag_operator.py for tasks to queue
[2023-08-28 23:21:41,230] {logging_mixin.py:115} INFO - [2023-08-28 23:21:41,230] {dagbag.py:507} INFO - Filling up the DagBag from /home/linuxlite/Documentos/airflow/venv/lib/python3.9/site-packages/airflow/example_dags/example_subdag_operator.py
[2023-08-28 23:21:41,254] {processor.py:651} INFO - DAG(s) dict_keys(['example_subdag_operator.section-1', 'example_subdag_operator.section-2', 'example_subdag_operator']) retrieved from /home/linuxlite/Documentos/airflow/venv/lib/python3.9/site-packages/airflow/example_dags/example_subdag_operator.py
[2023-08-28 23:21:41,276] {logging_mixin.py:115} INFO - [2023-08-28 23:21:41,276] {dag.py:2379} INFO - Sync 3 DAGs
[2023-08-28 23:21:41,295] {logging_mixin.py:115} INFO - [2023-08-28 23:21:41,295] {dag.py:2927} INFO - Setting next_dagrun for example_subdag_operator to 2022-01-01T00:00:00+00:00, run_after=2022-01-01T00:00:00+00:00
[2023-08-28 23:21:41,295] {logging_mixin.py:115} INFO - [2023-08-28 23:21:41,295] {dag.py:2927} INFO - Setting next_dagrun for example_subdag_operator.section-1 to None, run_after=None
[2023-08-28 23:21:41,295] {logging_mixin.py:115} INFO - [2023-08-28 23:21:41,295] {dag.py:2927} INFO - Setting next_dagrun for example_subdag_operator.section-2 to None, run_after=None
[2023-08-28 23:21:41,302] {logging_mixin.py:115} INFO - [2023-08-28 23:21:41,302] {dag.py:2379} INFO - Sync 2 DAGs
[2023-08-28 23:21:41,306] {logging_mixin.py:115} INFO - [2023-08-28 23:21:41,306] {dag.py:2927} INFO - Setting next_dagrun for example_subdag_operator.section-1 to None, run_after=None
[2023-08-28 23:21:41,306] {logging_mixin.py:115} INFO - [2023-08-28 23:21:41,306] {dag.py:2927} INFO - Setting next_dagrun for example_subdag_operator.section-2 to None, run_after=None
[2023-08-28 23:21:41,316] {processor.py:161} INFO - Processing /home/linuxlite/Documentos/airflow/venv/lib/python3.9/site-packages/airflow/example_dags/example_subdag_operator.py took 0.091 seconds
[2023-08-28 23:22:15,041] {processor.py:153} INFO - Started process (PID=61877) to work on /home/linuxlite/Documentos/airflow/venv/lib/python3.9/site-packages/airflow/example_dags/example_subdag_operator.py
[2023-08-28 23:22:15,042] {processor.py:641} INFO - Processing file /home/linuxlite/Documentos/airflow/venv/lib/python3.9/site-packages/airflow/example_dags/example_subdag_operator.py for tasks to queue
[2023-08-28 23:22:15,043] {logging_mixin.py:115} INFO - [2023-08-28 23:22:15,043] {dagbag.py:507} INFO - Filling up the DagBag from /home/linuxlite/Documentos/airflow/venv/lib/python3.9/site-packages/airflow/example_dags/example_subdag_operator.py
[2023-08-28 23:22:15,068] {processor.py:651} INFO - DAG(s) dict_keys(['example_subdag_operator.section-1', 'example_subdag_operator.section-2', 'example_subdag_operator']) retrieved from /home/linuxlite/Documentos/airflow/venv/lib/python3.9/site-packages/airflow/example_dags/example_subdag_operator.py
[2023-08-28 23:22:15,088] {logging_mixin.py:115} INFO - [2023-08-28 23:22:15,088] {dag.py:2379} INFO - Sync 3 DAGs
[2023-08-28 23:22:15,104] {logging_mixin.py:115} INFO - [2023-08-28 23:22:15,104] {dag.py:2927} INFO - Setting next_dagrun for example_subdag_operator to 2022-01-01T00:00:00+00:00, run_after=2022-01-01T00:00:00+00:00
[2023-08-28 23:22:15,105] {logging_mixin.py:115} INFO - [2023-08-28 23:22:15,105] {dag.py:2927} INFO - Setting next_dagrun for example_subdag_operator.section-1 to None, run_after=None
[2023-08-28 23:22:15,105] {logging_mixin.py:115} INFO - [2023-08-28 23:22:15,105] {dag.py:2927} INFO - Setting next_dagrun for example_subdag_operator.section-2 to None, run_after=None
[2023-08-28 23:22:15,110] {logging_mixin.py:115} INFO - [2023-08-28 23:22:15,110] {dag.py:2379} INFO - Sync 2 DAGs
[2023-08-28 23:22:15,114] {logging_mixin.py:115} INFO - [2023-08-28 23:22:15,114] {dag.py:2927} INFO - Setting next_dagrun for example_subdag_operator.section-1 to None, run_after=None
[2023-08-28 23:22:15,114] {logging_mixin.py:115} INFO - [2023-08-28 23:22:15,114] {dag.py:2927} INFO - Setting next_dagrun for example_subdag_operator.section-2 to None, run_after=None
[2023-08-28 23:22:15,122] {processor.py:161} INFO - Processing /home/linuxlite/Documentos/airflow/venv/lib/python3.9/site-packages/airflow/example_dags/example_subdag_operator.py took 0.084 seconds
[2023-08-28 23:22:48,177] {processor.py:153} INFO - Started process (PID=61916) to work on /home/linuxlite/Documentos/airflow/venv/lib/python3.9/site-packages/airflow/example_dags/example_subdag_operator.py
[2023-08-28 23:22:48,178] {processor.py:641} INFO - Processing file /home/linuxlite/Documentos/airflow/venv/lib/python3.9/site-packages/airflow/example_dags/example_subdag_operator.py for tasks to queue
[2023-08-28 23:22:48,178] {logging_mixin.py:115} INFO - [2023-08-28 23:22:48,178] {dagbag.py:507} INFO - Filling up the DagBag from /home/linuxlite/Documentos/airflow/venv/lib/python3.9/site-packages/airflow/example_dags/example_subdag_operator.py
[2023-08-28 23:22:48,209] {processor.py:651} INFO - DAG(s) dict_keys(['example_subdag_operator.section-1', 'example_subdag_operator.section-2', 'example_subdag_operator']) retrieved from /home/linuxlite/Documentos/airflow/venv/lib/python3.9/site-packages/airflow/example_dags/example_subdag_operator.py
[2023-08-28 23:22:48,230] {logging_mixin.py:115} INFO - [2023-08-28 23:22:48,230] {dag.py:2379} INFO - Sync 3 DAGs
[2023-08-28 23:22:48,246] {logging_mixin.py:115} INFO - [2023-08-28 23:22:48,246] {dag.py:2927} INFO - Setting next_dagrun for example_subdag_operator to 2022-01-01T00:00:00+00:00, run_after=2022-01-01T00:00:00+00:00
[2023-08-28 23:22:48,246] {logging_mixin.py:115} INFO - [2023-08-28 23:22:48,246] {dag.py:2927} INFO - Setting next_dagrun for example_subdag_operator.section-1 to None, run_after=None
[2023-08-28 23:22:48,247] {logging_mixin.py:115} INFO - [2023-08-28 23:22:48,247] {dag.py:2927} INFO - Setting next_dagrun for example_subdag_operator.section-2 to None, run_after=None
[2023-08-28 23:22:48,254] {logging_mixin.py:115} INFO - [2023-08-28 23:22:48,254] {dag.py:2379} INFO - Sync 2 DAGs
[2023-08-28 23:22:48,257] {logging_mixin.py:115} INFO - [2023-08-28 23:22:48,257] {dag.py:2927} INFO - Setting next_dagrun for example_subdag_operator.section-1 to None, run_after=None
[2023-08-28 23:22:48,257] {logging_mixin.py:115} INFO - [2023-08-28 23:22:48,257] {dag.py:2927} INFO - Setting next_dagrun for example_subdag_operator.section-2 to None, run_after=None
[2023-08-28 23:22:48,266] {processor.py:161} INFO - Processing /home/linuxlite/Documentos/airflow/venv/lib/python3.9/site-packages/airflow/example_dags/example_subdag_operator.py took 0.092 seconds
[2023-08-28 23:23:22,574] {processor.py:153} INFO - Started process (PID=61956) to work on /home/linuxlite/Documentos/airflow/venv/lib/python3.9/site-packages/airflow/example_dags/example_subdag_operator.py
[2023-08-28 23:23:22,576] {processor.py:641} INFO - Processing file /home/linuxlite/Documentos/airflow/venv/lib/python3.9/site-packages/airflow/example_dags/example_subdag_operator.py for tasks to queue
[2023-08-28 23:23:22,576] {logging_mixin.py:115} INFO - [2023-08-28 23:23:22,576] {dagbag.py:507} INFO - Filling up the DagBag from /home/linuxlite/Documentos/airflow/venv/lib/python3.9/site-packages/airflow/example_dags/example_subdag_operator.py
[2023-08-28 23:23:22,598] {processor.py:651} INFO - DAG(s) dict_keys(['example_subdag_operator.section-1', 'example_subdag_operator.section-2', 'example_subdag_operator']) retrieved from /home/linuxlite/Documentos/airflow/venv/lib/python3.9/site-packages/airflow/example_dags/example_subdag_operator.py
[2023-08-28 23:23:22,617] {logging_mixin.py:115} INFO - [2023-08-28 23:23:22,616] {dag.py:2379} INFO - Sync 3 DAGs
[2023-08-28 23:23:22,633] {logging_mixin.py:115} INFO - [2023-08-28 23:23:22,633] {dag.py:2927} INFO - Setting next_dagrun for example_subdag_operator to 2022-01-01T00:00:00+00:00, run_after=2022-01-01T00:00:00+00:00
[2023-08-28 23:23:22,633] {logging_mixin.py:115} INFO - [2023-08-28 23:23:22,633] {dag.py:2927} INFO - Setting next_dagrun for example_subdag_operator.section-1 to None, run_after=None
[2023-08-28 23:23:22,634] {logging_mixin.py:115} INFO - [2023-08-28 23:23:22,634] {dag.py:2927} INFO - Setting next_dagrun for example_subdag_operator.section-2 to None, run_after=None
[2023-08-28 23:23:22,638] {logging_mixin.py:115} INFO - [2023-08-28 23:23:22,638] {dag.py:2379} INFO - Sync 2 DAGs
[2023-08-28 23:23:22,642] {logging_mixin.py:115} INFO - [2023-08-28 23:23:22,642] {dag.py:2927} INFO - Setting next_dagrun for example_subdag_operator.section-1 to None, run_after=None
[2023-08-28 23:23:22,642] {logging_mixin.py:115} INFO - [2023-08-28 23:23:22,642] {dag.py:2927} INFO - Setting next_dagrun for example_subdag_operator.section-2 to None, run_after=None
[2023-08-28 23:23:22,650] {processor.py:161} INFO - Processing /home/linuxlite/Documentos/airflow/venv/lib/python3.9/site-packages/airflow/example_dags/example_subdag_operator.py took 0.079 seconds
[2023-08-28 23:23:55,261] {processor.py:153} INFO - Started process (PID=61991) to work on /home/linuxlite/Documentos/airflow/venv/lib/python3.9/site-packages/airflow/example_dags/example_subdag_operator.py
[2023-08-28 23:23:55,261] {processor.py:641} INFO - Processing file /home/linuxlite/Documentos/airflow/venv/lib/python3.9/site-packages/airflow/example_dags/example_subdag_operator.py for tasks to queue
[2023-08-28 23:23:55,262] {logging_mixin.py:115} INFO - [2023-08-28 23:23:55,262] {dagbag.py:507} INFO - Filling up the DagBag from /home/linuxlite/Documentos/airflow/venv/lib/python3.9/site-packages/airflow/example_dags/example_subdag_operator.py
[2023-08-28 23:23:55,288] {processor.py:651} INFO - DAG(s) dict_keys(['example_subdag_operator.section-1', 'example_subdag_operator.section-2', 'example_subdag_operator']) retrieved from /home/linuxlite/Documentos/airflow/venv/lib/python3.9/site-packages/airflow/example_dags/example_subdag_operator.py
[2023-08-28 23:23:55,306] {logging_mixin.py:115} INFO - [2023-08-28 23:23:55,306] {dag.py:2379} INFO - Sync 3 DAGs
[2023-08-28 23:23:55,320] {logging_mixin.py:115} INFO - [2023-08-28 23:23:55,319] {dag.py:2927} INFO - Setting next_dagrun for example_subdag_operator to 2022-01-01T00:00:00+00:00, run_after=2022-01-01T00:00:00+00:00
[2023-08-28 23:23:55,320] {logging_mixin.py:115} INFO - [2023-08-28 23:23:55,320] {dag.py:2927} INFO - Setting next_dagrun for example_subdag_operator.section-1 to None, run_after=None
[2023-08-28 23:23:55,320] {logging_mixin.py:115} INFO - [2023-08-28 23:23:55,320] {dag.py:2927} INFO - Setting next_dagrun for example_subdag_operator.section-2 to None, run_after=None
[2023-08-28 23:23:55,324] {logging_mixin.py:115} INFO - [2023-08-28 23:23:55,324] {dag.py:2379} INFO - Sync 2 DAGs
[2023-08-28 23:23:55,327] {logging_mixin.py:115} INFO - [2023-08-28 23:23:55,327] {dag.py:2927} INFO - Setting next_dagrun for example_subdag_operator.section-1 to None, run_after=None
[2023-08-28 23:23:55,327] {logging_mixin.py:115} INFO - [2023-08-28 23:23:55,327] {dag.py:2927} INFO - Setting next_dagrun for example_subdag_operator.section-2 to None, run_after=None
[2023-08-28 23:23:55,335] {processor.py:161} INFO - Processing /home/linuxlite/Documentos/airflow/venv/lib/python3.9/site-packages/airflow/example_dags/example_subdag_operator.py took 0.080 seconds
[2023-08-28 23:24:27,924] {processor.py:153} INFO - Started process (PID=62033) to work on /home/linuxlite/Documentos/airflow/venv/lib/python3.9/site-packages/airflow/example_dags/example_subdag_operator.py
[2023-08-28 23:24:27,926] {processor.py:641} INFO - Processing file /home/linuxlite/Documentos/airflow/venv/lib/python3.9/site-packages/airflow/example_dags/example_subdag_operator.py for tasks to queue
[2023-08-28 23:24:27,927] {logging_mixin.py:115} INFO - [2023-08-28 23:24:27,926] {dagbag.py:507} INFO - Filling up the DagBag from /home/linuxlite/Documentos/airflow/venv/lib/python3.9/site-packages/airflow/example_dags/example_subdag_operator.py
[2023-08-28 23:24:27,952] {processor.py:651} INFO - DAG(s) dict_keys(['example_subdag_operator.section-1', 'example_subdag_operator.section-2', 'example_subdag_operator']) retrieved from /home/linuxlite/Documentos/airflow/venv/lib/python3.9/site-packages/airflow/example_dags/example_subdag_operator.py
[2023-08-28 23:24:27,973] {logging_mixin.py:115} INFO - [2023-08-28 23:24:27,973] {dag.py:2379} INFO - Sync 3 DAGs
[2023-08-28 23:24:27,987] {logging_mixin.py:115} INFO - [2023-08-28 23:24:27,987] {dag.py:2927} INFO - Setting next_dagrun for example_subdag_operator to 2022-01-01T00:00:00+00:00, run_after=2022-01-01T00:00:00+00:00
[2023-08-28 23:24:27,987] {logging_mixin.py:115} INFO - [2023-08-28 23:24:27,987] {dag.py:2927} INFO - Setting next_dagrun for example_subdag_operator.section-1 to None, run_after=None
[2023-08-28 23:24:27,987] {logging_mixin.py:115} INFO - [2023-08-28 23:24:27,987] {dag.py:2927} INFO - Setting next_dagrun for example_subdag_operator.section-2 to None, run_after=None
[2023-08-28 23:24:27,992] {logging_mixin.py:115} INFO - [2023-08-28 23:24:27,992] {dag.py:2379} INFO - Sync 2 DAGs
[2023-08-28 23:24:27,994] {logging_mixin.py:115} INFO - [2023-08-28 23:24:27,994] {dag.py:2927} INFO - Setting next_dagrun for example_subdag_operator.section-1 to None, run_after=None
[2023-08-28 23:24:27,995] {logging_mixin.py:115} INFO - [2023-08-28 23:24:27,995] {dag.py:2927} INFO - Setting next_dagrun for example_subdag_operator.section-2 to None, run_after=None
[2023-08-28 23:24:28,003] {processor.py:161} INFO - Processing /home/linuxlite/Documentos/airflow/venv/lib/python3.9/site-packages/airflow/example_dags/example_subdag_operator.py took 0.085 seconds
[2023-08-28 23:25:00,577] {processor.py:153} INFO - Started process (PID=62116) to work on /home/linuxlite/Documentos/airflow/venv/lib/python3.9/site-packages/airflow/example_dags/example_subdag_operator.py
[2023-08-28 23:25:00,579] {processor.py:641} INFO - Processing file /home/linuxlite/Documentos/airflow/venv/lib/python3.9/site-packages/airflow/example_dags/example_subdag_operator.py for tasks to queue
[2023-08-28 23:25:00,580] {logging_mixin.py:115} INFO - [2023-08-28 23:25:00,580] {dagbag.py:507} INFO - Filling up the DagBag from /home/linuxlite/Documentos/airflow/venv/lib/python3.9/site-packages/airflow/example_dags/example_subdag_operator.py
[2023-08-28 23:25:00,603] {processor.py:651} INFO - DAG(s) dict_keys(['example_subdag_operator.section-1', 'example_subdag_operator.section-2', 'example_subdag_operator']) retrieved from /home/linuxlite/Documentos/airflow/venv/lib/python3.9/site-packages/airflow/example_dags/example_subdag_operator.py
[2023-08-28 23:25:00,620] {logging_mixin.py:115} INFO - [2023-08-28 23:25:00,619] {dag.py:2379} INFO - Sync 3 DAGs
[2023-08-28 23:25:00,635] {logging_mixin.py:115} INFO - [2023-08-28 23:25:00,635] {dag.py:2927} INFO - Setting next_dagrun for example_subdag_operator to 2022-01-01T00:00:00+00:00, run_after=2022-01-01T00:00:00+00:00
[2023-08-28 23:25:00,636] {logging_mixin.py:115} INFO - [2023-08-28 23:25:00,635] {dag.py:2927} INFO - Setting next_dagrun for example_subdag_operator.section-1 to None, run_after=None
[2023-08-28 23:25:00,636] {logging_mixin.py:115} INFO - [2023-08-28 23:25:00,636] {dag.py:2927} INFO - Setting next_dagrun for example_subdag_operator.section-2 to None, run_after=None
[2023-08-28 23:25:00,640] {logging_mixin.py:115} INFO - [2023-08-28 23:25:00,640] {dag.py:2379} INFO - Sync 2 DAGs
[2023-08-28 23:25:00,643] {logging_mixin.py:115} INFO - [2023-08-28 23:25:00,643] {dag.py:2927} INFO - Setting next_dagrun for example_subdag_operator.section-1 to None, run_after=None
[2023-08-28 23:25:00,643] {logging_mixin.py:115} INFO - [2023-08-28 23:25:00,643] {dag.py:2927} INFO - Setting next_dagrun for example_subdag_operator.section-2 to None, run_after=None
[2023-08-28 23:25:00,652] {processor.py:161} INFO - Processing /home/linuxlite/Documentos/airflow/venv/lib/python3.9/site-packages/airflow/example_dags/example_subdag_operator.py took 0.080 seconds
[2023-08-28 23:25:33,028] {processor.py:153} INFO - Started process (PID=62170) to work on /home/linuxlite/Documentos/airflow/venv/lib/python3.9/site-packages/airflow/example_dags/example_subdag_operator.py
[2023-08-28 23:25:33,029] {processor.py:641} INFO - Processing file /home/linuxlite/Documentos/airflow/venv/lib/python3.9/site-packages/airflow/example_dags/example_subdag_operator.py for tasks to queue
[2023-08-28 23:25:33,030] {logging_mixin.py:115} INFO - [2023-08-28 23:25:33,030] {dagbag.py:507} INFO - Filling up the DagBag from /home/linuxlite/Documentos/airflow/venv/lib/python3.9/site-packages/airflow/example_dags/example_subdag_operator.py
[2023-08-28 23:25:33,057] {processor.py:651} INFO - DAG(s) dict_keys(['example_subdag_operator.section-1', 'example_subdag_operator.section-2', 'example_subdag_operator']) retrieved from /home/linuxlite/Documentos/airflow/venv/lib/python3.9/site-packages/airflow/example_dags/example_subdag_operator.py
[2023-08-28 23:25:33,076] {logging_mixin.py:115} INFO - [2023-08-28 23:25:33,076] {dag.py:2379} INFO - Sync 3 DAGs
[2023-08-28 23:25:33,092] {logging_mixin.py:115} INFO - [2023-08-28 23:25:33,092] {dag.py:2927} INFO - Setting next_dagrun for example_subdag_operator to 2022-01-01T00:00:00+00:00, run_after=2022-01-01T00:00:00+00:00
[2023-08-28 23:25:33,092] {logging_mixin.py:115} INFO - [2023-08-28 23:25:33,092] {dag.py:2927} INFO - Setting next_dagrun for example_subdag_operator.section-1 to None, run_after=None
[2023-08-28 23:25:33,092] {logging_mixin.py:115} INFO - [2023-08-28 23:25:33,092] {dag.py:2927} INFO - Setting next_dagrun for example_subdag_operator.section-2 to None, run_after=None
[2023-08-28 23:25:33,099] {logging_mixin.py:115} INFO - [2023-08-28 23:25:33,099] {dag.py:2379} INFO - Sync 2 DAGs
[2023-08-28 23:25:33,101] {logging_mixin.py:115} INFO - [2023-08-28 23:25:33,101] {dag.py:2927} INFO - Setting next_dagrun for example_subdag_operator.section-1 to None, run_after=None
[2023-08-28 23:25:33,102] {logging_mixin.py:115} INFO - [2023-08-28 23:25:33,102] {dag.py:2927} INFO - Setting next_dagrun for example_subdag_operator.section-2 to None, run_after=None
[2023-08-28 23:25:33,109] {processor.py:161} INFO - Processing /home/linuxlite/Documentos/airflow/venv/lib/python3.9/site-packages/airflow/example_dags/example_subdag_operator.py took 0.084 seconds
[2023-08-28 23:26:05,640] {processor.py:153} INFO - Started process (PID=62211) to work on /home/linuxlite/Documentos/airflow/venv/lib/python3.9/site-packages/airflow/example_dags/example_subdag_operator.py
[2023-08-28 23:26:05,641] {processor.py:641} INFO - Processing file /home/linuxlite/Documentos/airflow/venv/lib/python3.9/site-packages/airflow/example_dags/example_subdag_operator.py for tasks to queue
[2023-08-28 23:26:05,642] {logging_mixin.py:115} INFO - [2023-08-28 23:26:05,642] {dagbag.py:507} INFO - Filling up the DagBag from /home/linuxlite/Documentos/airflow/venv/lib/python3.9/site-packages/airflow/example_dags/example_subdag_operator.py
[2023-08-28 23:26:05,670] {processor.py:651} INFO - DAG(s) dict_keys(['example_subdag_operator.section-1', 'example_subdag_operator.section-2', 'example_subdag_operator']) retrieved from /home/linuxlite/Documentos/airflow/venv/lib/python3.9/site-packages/airflow/example_dags/example_subdag_operator.py
[2023-08-28 23:26:05,686] {logging_mixin.py:115} INFO - [2023-08-28 23:26:05,686] {dag.py:2379} INFO - Sync 3 DAGs
[2023-08-28 23:26:05,700] {logging_mixin.py:115} INFO - [2023-08-28 23:26:05,700] {dag.py:2927} INFO - Setting next_dagrun for example_subdag_operator to 2022-01-01T00:00:00+00:00, run_after=2022-01-01T00:00:00+00:00
[2023-08-28 23:26:05,700] {logging_mixin.py:115} INFO - [2023-08-28 23:26:05,700] {dag.py:2927} INFO - Setting next_dagrun for example_subdag_operator.section-1 to None, run_after=None
[2023-08-28 23:26:05,700] {logging_mixin.py:115} INFO - [2023-08-28 23:26:05,700] {dag.py:2927} INFO - Setting next_dagrun for example_subdag_operator.section-2 to None, run_after=None
[2023-08-28 23:26:05,704] {logging_mixin.py:115} INFO - [2023-08-28 23:26:05,704] {dag.py:2379} INFO - Sync 2 DAGs
[2023-08-28 23:26:05,706] {logging_mixin.py:115} INFO - [2023-08-28 23:26:05,706] {dag.py:2927} INFO - Setting next_dagrun for example_subdag_operator.section-1 to None, run_after=None
[2023-08-28 23:26:05,707] {logging_mixin.py:115} INFO - [2023-08-28 23:26:05,707] {dag.py:2927} INFO - Setting next_dagrun for example_subdag_operator.section-2 to None, run_after=None
[2023-08-28 23:26:05,715] {processor.py:161} INFO - Processing /home/linuxlite/Documentos/airflow/venv/lib/python3.9/site-packages/airflow/example_dags/example_subdag_operator.py took 0.081 seconds
[2023-08-28 23:26:39,306] {processor.py:153} INFO - Started process (PID=62251) to work on /home/linuxlite/Documentos/airflow/venv/lib/python3.9/site-packages/airflow/example_dags/example_subdag_operator.py
[2023-08-28 23:26:39,307] {processor.py:641} INFO - Processing file /home/linuxlite/Documentos/airflow/venv/lib/python3.9/site-packages/airflow/example_dags/example_subdag_operator.py for tasks to queue
[2023-08-28 23:26:39,307] {logging_mixin.py:115} INFO - [2023-08-28 23:26:39,307] {dagbag.py:507} INFO - Filling up the DagBag from /home/linuxlite/Documentos/airflow/venv/lib/python3.9/site-packages/airflow/example_dags/example_subdag_operator.py
[2023-08-28 23:26:39,331] {processor.py:651} INFO - DAG(s) dict_keys(['example_subdag_operator.section-1', 'example_subdag_operator.section-2', 'example_subdag_operator']) retrieved from /home/linuxlite/Documentos/airflow/venv/lib/python3.9/site-packages/airflow/example_dags/example_subdag_operator.py
[2023-08-28 23:26:39,345] {logging_mixin.py:115} INFO - [2023-08-28 23:26:39,345] {dag.py:2379} INFO - Sync 3 DAGs
[2023-08-28 23:26:39,360] {logging_mixin.py:115} INFO - [2023-08-28 23:26:39,360] {dag.py:2927} INFO - Setting next_dagrun for example_subdag_operator to 2022-01-01T00:00:00+00:00, run_after=2022-01-01T00:00:00+00:00
[2023-08-28 23:26:39,361] {logging_mixin.py:115} INFO - [2023-08-28 23:26:39,361] {dag.py:2927} INFO - Setting next_dagrun for example_subdag_operator.section-1 to None, run_after=None
[2023-08-28 23:26:39,361] {logging_mixin.py:115} INFO - [2023-08-28 23:26:39,361] {dag.py:2927} INFO - Setting next_dagrun for example_subdag_operator.section-2 to None, run_after=None
[2023-08-28 23:26:39,365] {logging_mixin.py:115} INFO - [2023-08-28 23:26:39,365] {dag.py:2379} INFO - Sync 2 DAGs
[2023-08-28 23:26:39,368] {logging_mixin.py:115} INFO - [2023-08-28 23:26:39,368] {dag.py:2927} INFO - Setting next_dagrun for example_subdag_operator.section-1 to None, run_after=None
[2023-08-28 23:26:39,368] {logging_mixin.py:115} INFO - [2023-08-28 23:26:39,368] {dag.py:2927} INFO - Setting next_dagrun for example_subdag_operator.section-2 to None, run_after=None
[2023-08-28 23:26:39,378] {processor.py:161} INFO - Processing /home/linuxlite/Documentos/airflow/venv/lib/python3.9/site-packages/airflow/example_dags/example_subdag_operator.py took 0.075 seconds
[2023-08-28 23:27:14,540] {processor.py:153} INFO - Started process (PID=62309) to work on /home/linuxlite/Documentos/airflow/venv/lib/python3.9/site-packages/airflow/example_dags/example_subdag_operator.py
[2023-08-28 23:27:14,541] {processor.py:641} INFO - Processing file /home/linuxlite/Documentos/airflow/venv/lib/python3.9/site-packages/airflow/example_dags/example_subdag_operator.py for tasks to queue
[2023-08-28 23:27:14,542] {logging_mixin.py:115} INFO - [2023-08-28 23:27:14,542] {dagbag.py:507} INFO - Filling up the DagBag from /home/linuxlite/Documentos/airflow/venv/lib/python3.9/site-packages/airflow/example_dags/example_subdag_operator.py
[2023-08-28 23:27:14,569] {processor.py:651} INFO - DAG(s) dict_keys(['example_subdag_operator.section-1', 'example_subdag_operator.section-2', 'example_subdag_operator']) retrieved from /home/linuxlite/Documentos/airflow/venv/lib/python3.9/site-packages/airflow/example_dags/example_subdag_operator.py
[2023-08-28 23:27:14,584] {logging_mixin.py:115} INFO - [2023-08-28 23:27:14,584] {dag.py:2379} INFO - Sync 3 DAGs
[2023-08-28 23:27:14,598] {logging_mixin.py:115} INFO - [2023-08-28 23:27:14,597] {dag.py:2927} INFO - Setting next_dagrun for example_subdag_operator to 2022-01-01T00:00:00+00:00, run_after=2022-01-01T00:00:00+00:00
[2023-08-28 23:27:14,598] {logging_mixin.py:115} INFO - [2023-08-28 23:27:14,598] {dag.py:2927} INFO - Setting next_dagrun for example_subdag_operator.section-1 to None, run_after=None
[2023-08-28 23:27:14,598] {logging_mixin.py:115} INFO - [2023-08-28 23:27:14,598] {dag.py:2927} INFO - Setting next_dagrun for example_subdag_operator.section-2 to None, run_after=None
[2023-08-28 23:27:14,602] {logging_mixin.py:115} INFO - [2023-08-28 23:27:14,602] {dag.py:2379} INFO - Sync 2 DAGs
[2023-08-28 23:27:14,605] {logging_mixin.py:115} INFO - [2023-08-28 23:27:14,605] {dag.py:2927} INFO - Setting next_dagrun for example_subdag_operator.section-1 to None, run_after=None
[2023-08-28 23:27:14,605] {logging_mixin.py:115} INFO - [2023-08-28 23:27:14,605] {dag.py:2927} INFO - Setting next_dagrun for example_subdag_operator.section-2 to None, run_after=None
[2023-08-28 23:27:14,613] {processor.py:161} INFO - Processing /home/linuxlite/Documentos/airflow/venv/lib/python3.9/site-packages/airflow/example_dags/example_subdag_operator.py took 0.078 seconds
[2023-08-28 23:27:51,322] {processor.py:153} INFO - Started process (PID=62435) to work on /home/linuxlite/Documentos/airflow/venv/lib/python3.9/site-packages/airflow/example_dags/example_subdag_operator.py
[2023-08-28 23:27:51,324] {processor.py:641} INFO - Processing file /home/linuxlite/Documentos/airflow/venv/lib/python3.9/site-packages/airflow/example_dags/example_subdag_operator.py for tasks to queue
[2023-08-28 23:27:51,325] {logging_mixin.py:115} INFO - [2023-08-28 23:27:51,325] {dagbag.py:507} INFO - Filling up the DagBag from /home/linuxlite/Documentos/airflow/venv/lib/python3.9/site-packages/airflow/example_dags/example_subdag_operator.py
[2023-08-28 23:27:51,360] {processor.py:651} INFO - DAG(s) dict_keys(['example_subdag_operator.section-1', 'example_subdag_operator.section-2', 'example_subdag_operator']) retrieved from /home/linuxlite/Documentos/airflow/venv/lib/python3.9/site-packages/airflow/example_dags/example_subdag_operator.py
[2023-08-28 23:27:51,388] {logging_mixin.py:115} INFO - [2023-08-28 23:27:51,388] {dag.py:2379} INFO - Sync 3 DAGs
[2023-08-28 23:27:51,407] {logging_mixin.py:115} INFO - [2023-08-28 23:27:51,407] {dag.py:2927} INFO - Setting next_dagrun for example_subdag_operator to 2022-01-01T00:00:00+00:00, run_after=2022-01-01T00:00:00+00:00
[2023-08-28 23:27:51,408] {logging_mixin.py:115} INFO - [2023-08-28 23:27:51,408] {dag.py:2927} INFO - Setting next_dagrun for example_subdag_operator.section-1 to None, run_after=None
[2023-08-28 23:27:51,408] {logging_mixin.py:115} INFO - [2023-08-28 23:27:51,408] {dag.py:2927} INFO - Setting next_dagrun for example_subdag_operator.section-2 to None, run_after=None
[2023-08-28 23:27:51,418] {logging_mixin.py:115} INFO - [2023-08-28 23:27:51,417] {dag.py:2379} INFO - Sync 2 DAGs
[2023-08-28 23:27:51,427] {logging_mixin.py:115} INFO - [2023-08-28 23:27:51,426] {dag.py:2927} INFO - Setting next_dagrun for example_subdag_operator.section-1 to None, run_after=None
[2023-08-28 23:27:51,427] {logging_mixin.py:115} INFO - [2023-08-28 23:27:51,427] {dag.py:2927} INFO - Setting next_dagrun for example_subdag_operator.section-2 to None, run_after=None
[2023-08-28 23:27:51,449] {processor.py:161} INFO - Processing /home/linuxlite/Documentos/airflow/venv/lib/python3.9/site-packages/airflow/example_dags/example_subdag_operator.py took 0.135 seconds
