[2023-08-28 23:11:08,774] {processor.py:153} INFO - Started process (PID=59988) to work on /home/linuxlite/Documentos/airflow/venv/lib/python3.9/site-packages/airflow/example_dags/example_branch_operator.py
[2023-08-28 23:11:08,775] {processor.py:641} INFO - Processing file /home/linuxlite/Documentos/airflow/venv/lib/python3.9/site-packages/airflow/example_dags/example_branch_operator.py for tasks to queue
[2023-08-28 23:11:08,775] {logging_mixin.py:115} INFO - [2023-08-28 23:11:08,775] {dagbag.py:507} INFO - Filling up the DagBag from /home/linuxlite/Documentos/airflow/venv/lib/python3.9/site-packages/airflow/example_dags/example_branch_operator.py
[2023-08-28 23:11:08,786] {processor.py:651} INFO - DAG(s) dict_keys(['example_branch_operator']) retrieved from /home/linuxlite/Documentos/airflow/venv/lib/python3.9/site-packages/airflow/example_dags/example_branch_operator.py
[2023-08-28 23:11:08,804] {logging_mixin.py:115} INFO - [2023-08-28 23:11:08,804] {dag.py:2379} INFO - Sync 1 DAGs
[2023-08-28 23:11:08,828] {logging_mixin.py:115} INFO - [2023-08-28 23:11:08,827] {dag.py:2927} INFO - Setting next_dagrun for example_branch_operator to 2023-08-28T00:00:00+00:00, run_after=2023-08-29T00:00:00+00:00
[2023-08-28 23:11:08,843] {processor.py:161} INFO - Processing /home/linuxlite/Documentos/airflow/venv/lib/python3.9/site-packages/airflow/example_dags/example_branch_operator.py took 0.071 seconds
[2023-08-28 23:11:46,283] {processor.py:153} INFO - Started process (PID=60077) to work on /home/linuxlite/Documentos/airflow/venv/lib/python3.9/site-packages/airflow/example_dags/example_branch_operator.py
[2023-08-28 23:11:46,284] {processor.py:641} INFO - Processing file /home/linuxlite/Documentos/airflow/venv/lib/python3.9/site-packages/airflow/example_dags/example_branch_operator.py for tasks to queue
[2023-08-28 23:11:46,284] {logging_mixin.py:115} INFO - [2023-08-28 23:11:46,284] {dagbag.py:507} INFO - Filling up the DagBag from /home/linuxlite/Documentos/airflow/venv/lib/python3.9/site-packages/airflow/example_dags/example_branch_operator.py
[2023-08-28 23:11:46,296] {processor.py:651} INFO - DAG(s) dict_keys(['example_branch_operator']) retrieved from /home/linuxlite/Documentos/airflow/venv/lib/python3.9/site-packages/airflow/example_dags/example_branch_operator.py
[2023-08-28 23:11:46,314] {logging_mixin.py:115} INFO - [2023-08-28 23:11:46,314] {dag.py:2379} INFO - Sync 1 DAGs
[2023-08-28 23:11:46,333] {logging_mixin.py:115} INFO - [2023-08-28 23:11:46,333] {dag.py:2927} INFO - Setting next_dagrun for example_branch_operator to 2023-08-28T00:00:00+00:00, run_after=2023-08-29T00:00:00+00:00
[2023-08-28 23:11:46,345] {processor.py:161} INFO - Processing /home/linuxlite/Documentos/airflow/venv/lib/python3.9/site-packages/airflow/example_dags/example_branch_operator.py took 0.067 seconds
[2023-08-28 23:12:19,751] {processor.py:153} INFO - Started process (PID=60118) to work on /home/linuxlite/Documentos/airflow/venv/lib/python3.9/site-packages/airflow/example_dags/example_branch_operator.py
[2023-08-28 23:12:19,757] {processor.py:641} INFO - Processing file /home/linuxlite/Documentos/airflow/venv/lib/python3.9/site-packages/airflow/example_dags/example_branch_operator.py for tasks to queue
[2023-08-28 23:12:19,768] {logging_mixin.py:115} INFO - [2023-08-28 23:12:19,768] {dagbag.py:507} INFO - Filling up the DagBag from /home/linuxlite/Documentos/airflow/venv/lib/python3.9/site-packages/airflow/example_dags/example_branch_operator.py
[2023-08-28 23:12:19,796] {processor.py:651} INFO - DAG(s) dict_keys(['example_branch_operator']) retrieved from /home/linuxlite/Documentos/airflow/venv/lib/python3.9/site-packages/airflow/example_dags/example_branch_operator.py
[2023-08-28 23:12:19,867] {logging_mixin.py:115} INFO - [2023-08-28 23:12:19,864] {dag.py:2379} INFO - Sync 1 DAGs
[2023-08-28 23:12:19,938] {logging_mixin.py:115} INFO - [2023-08-28 23:12:19,938] {dag.py:2927} INFO - Setting next_dagrun for example_branch_operator to 2023-08-28T00:00:00+00:00, run_after=2023-08-29T00:00:00+00:00
[2023-08-28 23:12:19,965] {processor.py:161} INFO - Processing /home/linuxlite/Documentos/airflow/venv/lib/python3.9/site-packages/airflow/example_dags/example_branch_operator.py took 0.223 seconds
[2023-08-28 23:12:54,936] {processor.py:153} INFO - Started process (PID=60158) to work on /home/linuxlite/Documentos/airflow/venv/lib/python3.9/site-packages/airflow/example_dags/example_branch_operator.py
[2023-08-28 23:12:54,937] {processor.py:641} INFO - Processing file /home/linuxlite/Documentos/airflow/venv/lib/python3.9/site-packages/airflow/example_dags/example_branch_operator.py for tasks to queue
[2023-08-28 23:12:54,937] {logging_mixin.py:115} INFO - [2023-08-28 23:12:54,937] {dagbag.py:507} INFO - Filling up the DagBag from /home/linuxlite/Documentos/airflow/venv/lib/python3.9/site-packages/airflow/example_dags/example_branch_operator.py
[2023-08-28 23:12:54,948] {processor.py:651} INFO - DAG(s) dict_keys(['example_branch_operator']) retrieved from /home/linuxlite/Documentos/airflow/venv/lib/python3.9/site-packages/airflow/example_dags/example_branch_operator.py
[2023-08-28 23:12:54,968] {logging_mixin.py:115} INFO - [2023-08-28 23:12:54,967] {dag.py:2379} INFO - Sync 1 DAGs
[2023-08-28 23:12:54,990] {logging_mixin.py:115} INFO - [2023-08-28 23:12:54,989] {dag.py:2927} INFO - Setting next_dagrun for example_branch_operator to 2023-08-28T00:00:00+00:00, run_after=2023-08-29T00:00:00+00:00
[2023-08-28 23:12:55,002] {processor.py:161} INFO - Processing /home/linuxlite/Documentos/airflow/venv/lib/python3.9/site-packages/airflow/example_dags/example_branch_operator.py took 0.070 seconds
[2023-08-28 23:13:30,698] {processor.py:153} INFO - Started process (PID=60195) to work on /home/linuxlite/Documentos/airflow/venv/lib/python3.9/site-packages/airflow/example_dags/example_branch_operator.py
[2023-08-28 23:13:30,699] {processor.py:641} INFO - Processing file /home/linuxlite/Documentos/airflow/venv/lib/python3.9/site-packages/airflow/example_dags/example_branch_operator.py for tasks to queue
[2023-08-28 23:13:30,700] {logging_mixin.py:115} INFO - [2023-08-28 23:13:30,699] {dagbag.py:507} INFO - Filling up the DagBag from /home/linuxlite/Documentos/airflow/venv/lib/python3.9/site-packages/airflow/example_dags/example_branch_operator.py
[2023-08-28 23:13:30,717] {processor.py:651} INFO - DAG(s) dict_keys(['example_branch_operator']) retrieved from /home/linuxlite/Documentos/airflow/venv/lib/python3.9/site-packages/airflow/example_dags/example_branch_operator.py
[2023-08-28 23:13:30,739] {logging_mixin.py:115} INFO - [2023-08-28 23:13:30,738] {dag.py:2379} INFO - Sync 1 DAGs
[2023-08-28 23:13:30,759] {logging_mixin.py:115} INFO - [2023-08-28 23:13:30,758] {dag.py:2927} INFO - Setting next_dagrun for example_branch_operator to 2023-08-28T00:00:00+00:00, run_after=2023-08-29T00:00:00+00:00
[2023-08-28 23:13:30,770] {processor.py:161} INFO - Processing /home/linuxlite/Documentos/airflow/venv/lib/python3.9/site-packages/airflow/example_dags/example_branch_operator.py took 0.075 seconds
[2023-08-28 23:14:04,917] {processor.py:153} INFO - Started process (PID=60239) to work on /home/linuxlite/Documentos/airflow/venv/lib/python3.9/site-packages/airflow/example_dags/example_branch_operator.py
[2023-08-28 23:14:04,918] {processor.py:641} INFO - Processing file /home/linuxlite/Documentos/airflow/venv/lib/python3.9/site-packages/airflow/example_dags/example_branch_operator.py for tasks to queue
[2023-08-28 23:14:04,918] {logging_mixin.py:115} INFO - [2023-08-28 23:14:04,918] {dagbag.py:507} INFO - Filling up the DagBag from /home/linuxlite/Documentos/airflow/venv/lib/python3.9/site-packages/airflow/example_dags/example_branch_operator.py
[2023-08-28 23:14:04,928] {processor.py:651} INFO - DAG(s) dict_keys(['example_branch_operator']) retrieved from /home/linuxlite/Documentos/airflow/venv/lib/python3.9/site-packages/airflow/example_dags/example_branch_operator.py
[2023-08-28 23:14:04,943] {logging_mixin.py:115} INFO - [2023-08-28 23:14:04,943] {dag.py:2379} INFO - Sync 1 DAGs
[2023-08-28 23:14:04,961] {logging_mixin.py:115} INFO - [2023-08-28 23:14:04,961] {dag.py:2927} INFO - Setting next_dagrun for example_branch_operator to 2023-08-28T00:00:00+00:00, run_after=2023-08-29T00:00:00+00:00
[2023-08-28 23:14:04,973] {processor.py:161} INFO - Processing /home/linuxlite/Documentos/airflow/venv/lib/python3.9/site-packages/airflow/example_dags/example_branch_operator.py took 0.059 seconds
[2023-08-28 23:14:42,647] {processor.py:153} INFO - Started process (PID=60290) to work on /home/linuxlite/Documentos/airflow/venv/lib/python3.9/site-packages/airflow/example_dags/example_branch_operator.py
[2023-08-28 23:14:42,648] {processor.py:641} INFO - Processing file /home/linuxlite/Documentos/airflow/venv/lib/python3.9/site-packages/airflow/example_dags/example_branch_operator.py for tasks to queue
[2023-08-28 23:14:42,648] {logging_mixin.py:115} INFO - [2023-08-28 23:14:42,648] {dagbag.py:507} INFO - Filling up the DagBag from /home/linuxlite/Documentos/airflow/venv/lib/python3.9/site-packages/airflow/example_dags/example_branch_operator.py
[2023-08-28 23:14:42,658] {processor.py:651} INFO - DAG(s) dict_keys(['example_branch_operator']) retrieved from /home/linuxlite/Documentos/airflow/venv/lib/python3.9/site-packages/airflow/example_dags/example_branch_operator.py
[2023-08-28 23:14:42,675] {logging_mixin.py:115} INFO - [2023-08-28 23:14:42,675] {dag.py:2379} INFO - Sync 1 DAGs
[2023-08-28 23:14:42,695] {logging_mixin.py:115} INFO - [2023-08-28 23:14:42,695] {dag.py:2927} INFO - Setting next_dagrun for example_branch_operator to 2023-08-28T00:00:00+00:00, run_after=2023-08-29T00:00:00+00:00
[2023-08-28 23:14:42,708] {processor.py:161} INFO - Processing /home/linuxlite/Documentos/airflow/venv/lib/python3.9/site-packages/airflow/example_dags/example_branch_operator.py took 0.065 seconds
[2023-08-28 23:15:15,867] {processor.py:153} INFO - Started process (PID=60537) to work on /home/linuxlite/Documentos/airflow/venv/lib/python3.9/site-packages/airflow/example_dags/example_branch_operator.py
[2023-08-28 23:15:15,868] {processor.py:641} INFO - Processing file /home/linuxlite/Documentos/airflow/venv/lib/python3.9/site-packages/airflow/example_dags/example_branch_operator.py for tasks to queue
[2023-08-28 23:15:15,868] {logging_mixin.py:115} INFO - [2023-08-28 23:15:15,868] {dagbag.py:507} INFO - Filling up the DagBag from /home/linuxlite/Documentos/airflow/venv/lib/python3.9/site-packages/airflow/example_dags/example_branch_operator.py
[2023-08-28 23:15:15,880] {processor.py:651} INFO - DAG(s) dict_keys(['example_branch_operator']) retrieved from /home/linuxlite/Documentos/airflow/venv/lib/python3.9/site-packages/airflow/example_dags/example_branch_operator.py
[2023-08-28 23:15:15,899] {logging_mixin.py:115} INFO - [2023-08-28 23:15:15,899] {dag.py:2379} INFO - Sync 1 DAGs
[2023-08-28 23:15:15,918] {logging_mixin.py:115} INFO - [2023-08-28 23:15:15,917] {dag.py:2927} INFO - Setting next_dagrun for example_branch_operator to 2023-08-28T00:00:00+00:00, run_after=2023-08-29T00:00:00+00:00
[2023-08-28 23:15:15,930] {processor.py:161} INFO - Processing /home/linuxlite/Documentos/airflow/venv/lib/python3.9/site-packages/airflow/example_dags/example_branch_operator.py took 0.067 seconds
[2023-08-28 23:15:54,149] {processor.py:153} INFO - Started process (PID=60575) to work on /home/linuxlite/Documentos/airflow/venv/lib/python3.9/site-packages/airflow/example_dags/example_branch_operator.py
[2023-08-28 23:15:54,150] {processor.py:641} INFO - Processing file /home/linuxlite/Documentos/airflow/venv/lib/python3.9/site-packages/airflow/example_dags/example_branch_operator.py for tasks to queue
[2023-08-28 23:15:54,150] {logging_mixin.py:115} INFO - [2023-08-28 23:15:54,150] {dagbag.py:507} INFO - Filling up the DagBag from /home/linuxlite/Documentos/airflow/venv/lib/python3.9/site-packages/airflow/example_dags/example_branch_operator.py
[2023-08-28 23:15:54,164] {processor.py:651} INFO - DAG(s) dict_keys(['example_branch_operator']) retrieved from /home/linuxlite/Documentos/airflow/venv/lib/python3.9/site-packages/airflow/example_dags/example_branch_operator.py
[2023-08-28 23:15:54,192] {logging_mixin.py:115} INFO - [2023-08-28 23:15:54,192] {dag.py:2379} INFO - Sync 1 DAGs
[2023-08-28 23:15:54,213] {logging_mixin.py:115} INFO - [2023-08-28 23:15:54,213] {dag.py:2927} INFO - Setting next_dagrun for example_branch_operator to 2023-08-28T00:00:00+00:00, run_after=2023-08-29T00:00:00+00:00
[2023-08-28 23:15:54,230] {processor.py:161} INFO - Processing /home/linuxlite/Documentos/airflow/venv/lib/python3.9/site-packages/airflow/example_dags/example_branch_operator.py took 0.085 seconds
[2023-08-28 23:16:30,328] {processor.py:153} INFO - Started process (PID=60614) to work on /home/linuxlite/Documentos/airflow/venv/lib/python3.9/site-packages/airflow/example_dags/example_branch_operator.py
[2023-08-28 23:16:30,329] {processor.py:641} INFO - Processing file /home/linuxlite/Documentos/airflow/venv/lib/python3.9/site-packages/airflow/example_dags/example_branch_operator.py for tasks to queue
[2023-08-28 23:16:30,330] {logging_mixin.py:115} INFO - [2023-08-28 23:16:30,330] {dagbag.py:507} INFO - Filling up the DagBag from /home/linuxlite/Documentos/airflow/venv/lib/python3.9/site-packages/airflow/example_dags/example_branch_operator.py
[2023-08-28 23:16:30,347] {processor.py:651} INFO - DAG(s) dict_keys(['example_branch_operator']) retrieved from /home/linuxlite/Documentos/airflow/venv/lib/python3.9/site-packages/airflow/example_dags/example_branch_operator.py
[2023-08-28 23:16:30,368] {logging_mixin.py:115} INFO - [2023-08-28 23:16:30,367] {dag.py:2379} INFO - Sync 1 DAGs
[2023-08-28 23:16:30,385] {logging_mixin.py:115} INFO - [2023-08-28 23:16:30,385] {dag.py:2927} INFO - Setting next_dagrun for example_branch_operator to 2023-08-28T00:00:00+00:00, run_after=2023-08-29T00:00:00+00:00
[2023-08-28 23:16:30,398] {processor.py:161} INFO - Processing /home/linuxlite/Documentos/airflow/venv/lib/python3.9/site-packages/airflow/example_dags/example_branch_operator.py took 0.078 seconds
[2023-08-28 23:17:04,181] {processor.py:153} INFO - Started process (PID=60828) to work on /home/linuxlite/Documentos/airflow/venv/lib/python3.9/site-packages/airflow/example_dags/example_branch_operator.py
[2023-08-28 23:17:04,182] {processor.py:641} INFO - Processing file /home/linuxlite/Documentos/airflow/venv/lib/python3.9/site-packages/airflow/example_dags/example_branch_operator.py for tasks to queue
[2023-08-28 23:17:04,182] {logging_mixin.py:115} INFO - [2023-08-28 23:17:04,182] {dagbag.py:507} INFO - Filling up the DagBag from /home/linuxlite/Documentos/airflow/venv/lib/python3.9/site-packages/airflow/example_dags/example_branch_operator.py
[2023-08-28 23:17:04,192] {processor.py:651} INFO - DAG(s) dict_keys(['example_branch_operator']) retrieved from /home/linuxlite/Documentos/airflow/venv/lib/python3.9/site-packages/airflow/example_dags/example_branch_operator.py
[2023-08-28 23:17:04,210] {logging_mixin.py:115} INFO - [2023-08-28 23:17:04,210] {dag.py:2379} INFO - Sync 1 DAGs
[2023-08-28 23:17:04,227] {logging_mixin.py:115} INFO - [2023-08-28 23:17:04,227] {dag.py:2927} INFO - Setting next_dagrun for example_branch_operator to 2023-08-28T00:00:00+00:00, run_after=2023-08-29T00:00:00+00:00
[2023-08-28 23:17:04,238] {processor.py:161} INFO - Processing /home/linuxlite/Documentos/airflow/venv/lib/python3.9/site-packages/airflow/example_dags/example_branch_operator.py took 0.062 seconds
[2023-08-28 23:17:40,140] {processor.py:153} INFO - Started process (PID=60867) to work on /home/linuxlite/Documentos/airflow/venv/lib/python3.9/site-packages/airflow/example_dags/example_branch_operator.py
[2023-08-28 23:17:40,141] {processor.py:641} INFO - Processing file /home/linuxlite/Documentos/airflow/venv/lib/python3.9/site-packages/airflow/example_dags/example_branch_operator.py for tasks to queue
[2023-08-28 23:17:40,141] {logging_mixin.py:115} INFO - [2023-08-28 23:17:40,141] {dagbag.py:507} INFO - Filling up the DagBag from /home/linuxlite/Documentos/airflow/venv/lib/python3.9/site-packages/airflow/example_dags/example_branch_operator.py
[2023-08-28 23:17:40,151] {processor.py:651} INFO - DAG(s) dict_keys(['example_branch_operator']) retrieved from /home/linuxlite/Documentos/airflow/venv/lib/python3.9/site-packages/airflow/example_dags/example_branch_operator.py
[2023-08-28 23:17:40,175] {logging_mixin.py:115} INFO - [2023-08-28 23:17:40,175] {dag.py:2379} INFO - Sync 1 DAGs
[2023-08-28 23:17:40,194] {logging_mixin.py:115} INFO - [2023-08-28 23:17:40,194] {dag.py:2927} INFO - Setting next_dagrun for example_branch_operator to 2023-08-28T00:00:00+00:00, run_after=2023-08-29T00:00:00+00:00
[2023-08-28 23:17:40,210] {processor.py:161} INFO - Processing /home/linuxlite/Documentos/airflow/venv/lib/python3.9/site-packages/airflow/example_dags/example_branch_operator.py took 0.073 seconds
[2023-08-28 23:18:18,374] {processor.py:153} INFO - Started process (PID=61390) to work on /home/linuxlite/Documentos/airflow/venv/lib/python3.9/site-packages/airflow/example_dags/example_branch_operator.py
[2023-08-28 23:18:18,375] {processor.py:641} INFO - Processing file /home/linuxlite/Documentos/airflow/venv/lib/python3.9/site-packages/airflow/example_dags/example_branch_operator.py for tasks to queue
[2023-08-28 23:18:18,376] {logging_mixin.py:115} INFO - [2023-08-28 23:18:18,376] {dagbag.py:507} INFO - Filling up the DagBag from /home/linuxlite/Documentos/airflow/venv/lib/python3.9/site-packages/airflow/example_dags/example_branch_operator.py
[2023-08-28 23:18:18,389] {processor.py:651} INFO - DAG(s) dict_keys(['example_branch_operator']) retrieved from /home/linuxlite/Documentos/airflow/venv/lib/python3.9/site-packages/airflow/example_dags/example_branch_operator.py
[2023-08-28 23:18:18,409] {logging_mixin.py:115} INFO - [2023-08-28 23:18:18,409] {dag.py:2379} INFO - Sync 1 DAGs
[2023-08-28 23:18:18,426] {logging_mixin.py:115} INFO - [2023-08-28 23:18:18,425] {dag.py:2927} INFO - Setting next_dagrun for example_branch_operator to 2023-08-28T00:00:00+00:00, run_after=2023-08-29T00:00:00+00:00
[2023-08-28 23:18:18,436] {processor.py:161} INFO - Processing /home/linuxlite/Documentos/airflow/venv/lib/python3.9/site-packages/airflow/example_dags/example_branch_operator.py took 0.067 seconds
[2023-08-28 23:18:52,806] {processor.py:153} INFO - Started process (PID=61536) to work on /home/linuxlite/Documentos/airflow/venv/lib/python3.9/site-packages/airflow/example_dags/example_branch_operator.py
[2023-08-28 23:18:52,807] {processor.py:641} INFO - Processing file /home/linuxlite/Documentos/airflow/venv/lib/python3.9/site-packages/airflow/example_dags/example_branch_operator.py for tasks to queue
[2023-08-28 23:18:52,807] {logging_mixin.py:115} INFO - [2023-08-28 23:18:52,807] {dagbag.py:507} INFO - Filling up the DagBag from /home/linuxlite/Documentos/airflow/venv/lib/python3.9/site-packages/airflow/example_dags/example_branch_operator.py
[2023-08-28 23:18:52,821] {processor.py:651} INFO - DAG(s) dict_keys(['example_branch_operator']) retrieved from /home/linuxlite/Documentos/airflow/venv/lib/python3.9/site-packages/airflow/example_dags/example_branch_operator.py
[2023-08-28 23:18:52,843] {logging_mixin.py:115} INFO - [2023-08-28 23:18:52,843] {dag.py:2379} INFO - Sync 1 DAGs
[2023-08-28 23:18:52,859] {logging_mixin.py:115} INFO - [2023-08-28 23:18:52,859] {dag.py:2927} INFO - Setting next_dagrun for example_branch_operator to 2023-08-28T00:00:00+00:00, run_after=2023-08-29T00:00:00+00:00
[2023-08-28 23:18:52,870] {processor.py:161} INFO - Processing /home/linuxlite/Documentos/airflow/venv/lib/python3.9/site-packages/airflow/example_dags/example_branch_operator.py took 0.069 seconds
[2023-08-28 23:19:28,202] {processor.py:153} INFO - Started process (PID=61593) to work on /home/linuxlite/Documentos/airflow/venv/lib/python3.9/site-packages/airflow/example_dags/example_branch_operator.py
[2023-08-28 23:19:28,203] {processor.py:641} INFO - Processing file /home/linuxlite/Documentos/airflow/venv/lib/python3.9/site-packages/airflow/example_dags/example_branch_operator.py for tasks to queue
[2023-08-28 23:19:28,204] {logging_mixin.py:115} INFO - [2023-08-28 23:19:28,203] {dagbag.py:507} INFO - Filling up the DagBag from /home/linuxlite/Documentos/airflow/venv/lib/python3.9/site-packages/airflow/example_dags/example_branch_operator.py
[2023-08-28 23:19:28,216] {processor.py:651} INFO - DAG(s) dict_keys(['example_branch_operator']) retrieved from /home/linuxlite/Documentos/airflow/venv/lib/python3.9/site-packages/airflow/example_dags/example_branch_operator.py
[2023-08-28 23:19:28,240] {logging_mixin.py:115} INFO - [2023-08-28 23:19:28,240] {dag.py:2379} INFO - Sync 1 DAGs
[2023-08-28 23:19:28,263] {logging_mixin.py:115} INFO - [2023-08-28 23:19:28,263] {dag.py:2927} INFO - Setting next_dagrun for example_branch_operator to 2023-08-28T00:00:00+00:00, run_after=2023-08-29T00:00:00+00:00
[2023-08-28 23:19:28,275] {processor.py:161} INFO - Processing /home/linuxlite/Documentos/airflow/venv/lib/python3.9/site-packages/airflow/example_dags/example_branch_operator.py took 0.077 seconds
[2023-08-28 23:20:02,635] {processor.py:153} INFO - Started process (PID=61705) to work on /home/linuxlite/Documentos/airflow/venv/lib/python3.9/site-packages/airflow/example_dags/example_branch_operator.py
[2023-08-28 23:20:02,636] {processor.py:641} INFO - Processing file /home/linuxlite/Documentos/airflow/venv/lib/python3.9/site-packages/airflow/example_dags/example_branch_operator.py for tasks to queue
[2023-08-28 23:20:02,636] {logging_mixin.py:115} INFO - [2023-08-28 23:20:02,636] {dagbag.py:507} INFO - Filling up the DagBag from /home/linuxlite/Documentos/airflow/venv/lib/python3.9/site-packages/airflow/example_dags/example_branch_operator.py
[2023-08-28 23:20:02,646] {processor.py:651} INFO - DAG(s) dict_keys(['example_branch_operator']) retrieved from /home/linuxlite/Documentos/airflow/venv/lib/python3.9/site-packages/airflow/example_dags/example_branch_operator.py
[2023-08-28 23:20:02,664] {logging_mixin.py:115} INFO - [2023-08-28 23:20:02,664] {dag.py:2379} INFO - Sync 1 DAGs
[2023-08-28 23:20:02,680] {logging_mixin.py:115} INFO - [2023-08-28 23:20:02,680] {dag.py:2927} INFO - Setting next_dagrun for example_branch_operator to 2023-08-28T00:00:00+00:00, run_after=2023-08-29T00:00:00+00:00
[2023-08-28 23:20:02,691] {processor.py:161} INFO - Processing /home/linuxlite/Documentos/airflow/venv/lib/python3.9/site-packages/airflow/example_dags/example_branch_operator.py took 0.060 seconds
[2023-08-28 23:20:40,613] {processor.py:153} INFO - Started process (PID=61748) to work on /home/linuxlite/Documentos/airflow/venv/lib/python3.9/site-packages/airflow/example_dags/example_branch_operator.py
[2023-08-28 23:20:40,614] {processor.py:641} INFO - Processing file /home/linuxlite/Documentos/airflow/venv/lib/python3.9/site-packages/airflow/example_dags/example_branch_operator.py for tasks to queue
[2023-08-28 23:20:40,614] {logging_mixin.py:115} INFO - [2023-08-28 23:20:40,614] {dagbag.py:507} INFO - Filling up the DagBag from /home/linuxlite/Documentos/airflow/venv/lib/python3.9/site-packages/airflow/example_dags/example_branch_operator.py
[2023-08-28 23:20:40,628] {processor.py:651} INFO - DAG(s) dict_keys(['example_branch_operator']) retrieved from /home/linuxlite/Documentos/airflow/venv/lib/python3.9/site-packages/airflow/example_dags/example_branch_operator.py
[2023-08-28 23:20:40,667] {logging_mixin.py:115} INFO - [2023-08-28 23:20:40,666] {dag.py:2379} INFO - Sync 1 DAGs
[2023-08-28 23:20:40,708] {logging_mixin.py:115} INFO - [2023-08-28 23:20:40,708] {dag.py:2927} INFO - Setting next_dagrun for example_branch_operator to 2023-08-28T00:00:00+00:00, run_after=2023-08-29T00:00:00+00:00
[2023-08-28 23:20:40,726] {processor.py:161} INFO - Processing /home/linuxlite/Documentos/airflow/venv/lib/python3.9/site-packages/airflow/example_dags/example_branch_operator.py took 0.117 seconds
[2023-08-28 23:21:18,410] {processor.py:153} INFO - Started process (PID=61794) to work on /home/linuxlite/Documentos/airflow/venv/lib/python3.9/site-packages/airflow/example_dags/example_branch_operator.py
[2023-08-28 23:21:18,412] {processor.py:641} INFO - Processing file /home/linuxlite/Documentos/airflow/venv/lib/python3.9/site-packages/airflow/example_dags/example_branch_operator.py for tasks to queue
[2023-08-28 23:21:18,413] {logging_mixin.py:115} INFO - [2023-08-28 23:21:18,413] {dagbag.py:507} INFO - Filling up the DagBag from /home/linuxlite/Documentos/airflow/venv/lib/python3.9/site-packages/airflow/example_dags/example_branch_operator.py
[2023-08-28 23:21:18,429] {processor.py:651} INFO - DAG(s) dict_keys(['example_branch_operator']) retrieved from /home/linuxlite/Documentos/airflow/venv/lib/python3.9/site-packages/airflow/example_dags/example_branch_operator.py
[2023-08-28 23:21:18,450] {logging_mixin.py:115} INFO - [2023-08-28 23:21:18,450] {dag.py:2379} INFO - Sync 1 DAGs
[2023-08-28 23:21:18,467] {logging_mixin.py:115} INFO - [2023-08-28 23:21:18,467] {dag.py:2927} INFO - Setting next_dagrun for example_branch_operator to 2023-08-28T00:00:00+00:00, run_after=2023-08-29T00:00:00+00:00
[2023-08-28 23:21:18,479] {processor.py:161} INFO - Processing /home/linuxlite/Documentos/airflow/venv/lib/python3.9/site-packages/airflow/example_dags/example_branch_operator.py took 0.075 seconds
[2023-08-28 23:21:51,361] {processor.py:153} INFO - Started process (PID=61852) to work on /home/linuxlite/Documentos/airflow/venv/lib/python3.9/site-packages/airflow/example_dags/example_branch_operator.py
[2023-08-28 23:21:51,362] {processor.py:641} INFO - Processing file /home/linuxlite/Documentos/airflow/venv/lib/python3.9/site-packages/airflow/example_dags/example_branch_operator.py for tasks to queue
[2023-08-28 23:21:51,363] {logging_mixin.py:115} INFO - [2023-08-28 23:21:51,363] {dagbag.py:507} INFO - Filling up the DagBag from /home/linuxlite/Documentos/airflow/venv/lib/python3.9/site-packages/airflow/example_dags/example_branch_operator.py
[2023-08-28 23:21:51,374] {processor.py:651} INFO - DAG(s) dict_keys(['example_branch_operator']) retrieved from /home/linuxlite/Documentos/airflow/venv/lib/python3.9/site-packages/airflow/example_dags/example_branch_operator.py
[2023-08-28 23:21:51,394] {logging_mixin.py:115} INFO - [2023-08-28 23:21:51,393] {dag.py:2379} INFO - Sync 1 DAGs
[2023-08-28 23:21:51,411] {logging_mixin.py:115} INFO - [2023-08-28 23:21:51,411] {dag.py:2927} INFO - Setting next_dagrun for example_branch_operator to 2023-08-28T00:00:00+00:00, run_after=2023-08-29T00:00:00+00:00
[2023-08-28 23:21:51,423] {processor.py:161} INFO - Processing /home/linuxlite/Documentos/airflow/venv/lib/python3.9/site-packages/airflow/example_dags/example_branch_operator.py took 0.065 seconds
[2023-08-28 23:22:25,329] {processor.py:153} INFO - Started process (PID=61888) to work on /home/linuxlite/Documentos/airflow/venv/lib/python3.9/site-packages/airflow/example_dags/example_branch_operator.py
[2023-08-28 23:22:25,330] {processor.py:641} INFO - Processing file /home/linuxlite/Documentos/airflow/venv/lib/python3.9/site-packages/airflow/example_dags/example_branch_operator.py for tasks to queue
[2023-08-28 23:22:25,330] {logging_mixin.py:115} INFO - [2023-08-28 23:22:25,330] {dagbag.py:507} INFO - Filling up the DagBag from /home/linuxlite/Documentos/airflow/venv/lib/python3.9/site-packages/airflow/example_dags/example_branch_operator.py
[2023-08-28 23:22:25,343] {processor.py:651} INFO - DAG(s) dict_keys(['example_branch_operator']) retrieved from /home/linuxlite/Documentos/airflow/venv/lib/python3.9/site-packages/airflow/example_dags/example_branch_operator.py
[2023-08-28 23:22:25,365] {logging_mixin.py:115} INFO - [2023-08-28 23:22:25,365] {dag.py:2379} INFO - Sync 1 DAGs
[2023-08-28 23:22:25,385] {logging_mixin.py:115} INFO - [2023-08-28 23:22:25,385] {dag.py:2927} INFO - Setting next_dagrun for example_branch_operator to 2023-08-28T00:00:00+00:00, run_after=2023-08-29T00:00:00+00:00
[2023-08-28 23:22:25,400] {processor.py:161} INFO - Processing /home/linuxlite/Documentos/airflow/venv/lib/python3.9/site-packages/airflow/example_dags/example_branch_operator.py took 0.075 seconds
[2023-08-28 23:23:02,305] {processor.py:153} INFO - Started process (PID=61930) to work on /home/linuxlite/Documentos/airflow/venv/lib/python3.9/site-packages/airflow/example_dags/example_branch_operator.py
[2023-08-28 23:23:02,306] {processor.py:641} INFO - Processing file /home/linuxlite/Documentos/airflow/venv/lib/python3.9/site-packages/airflow/example_dags/example_branch_operator.py for tasks to queue
[2023-08-28 23:23:02,306] {logging_mixin.py:115} INFO - [2023-08-28 23:23:02,306] {dagbag.py:507} INFO - Filling up the DagBag from /home/linuxlite/Documentos/airflow/venv/lib/python3.9/site-packages/airflow/example_dags/example_branch_operator.py
[2023-08-28 23:23:02,317] {processor.py:651} INFO - DAG(s) dict_keys(['example_branch_operator']) retrieved from /home/linuxlite/Documentos/airflow/venv/lib/python3.9/site-packages/airflow/example_dags/example_branch_operator.py
[2023-08-28 23:23:02,338] {logging_mixin.py:115} INFO - [2023-08-28 23:23:02,338] {dag.py:2379} INFO - Sync 1 DAGs
[2023-08-28 23:23:02,355] {logging_mixin.py:115} INFO - [2023-08-28 23:23:02,355] {dag.py:2927} INFO - Setting next_dagrun for example_branch_operator to 2023-08-28T00:00:00+00:00, run_after=2023-08-29T00:00:00+00:00
[2023-08-28 23:23:02,367] {processor.py:161} INFO - Processing /home/linuxlite/Documentos/airflow/venv/lib/python3.9/site-packages/airflow/example_dags/example_branch_operator.py took 0.065 seconds
[2023-08-28 23:23:38,424] {processor.py:153} INFO - Started process (PID=61972) to work on /home/linuxlite/Documentos/airflow/venv/lib/python3.9/site-packages/airflow/example_dags/example_branch_operator.py
[2023-08-28 23:23:38,424] {processor.py:641} INFO - Processing file /home/linuxlite/Documentos/airflow/venv/lib/python3.9/site-packages/airflow/example_dags/example_branch_operator.py for tasks to queue
[2023-08-28 23:23:38,425] {logging_mixin.py:115} INFO - [2023-08-28 23:23:38,425] {dagbag.py:507} INFO - Filling up the DagBag from /home/linuxlite/Documentos/airflow/venv/lib/python3.9/site-packages/airflow/example_dags/example_branch_operator.py
[2023-08-28 23:23:38,435] {processor.py:651} INFO - DAG(s) dict_keys(['example_branch_operator']) retrieved from /home/linuxlite/Documentos/airflow/venv/lib/python3.9/site-packages/airflow/example_dags/example_branch_operator.py
[2023-08-28 23:23:38,456] {logging_mixin.py:115} INFO - [2023-08-28 23:23:38,456] {dag.py:2379} INFO - Sync 1 DAGs
[2023-08-28 23:23:38,474] {logging_mixin.py:115} INFO - [2023-08-28 23:23:38,474] {dag.py:2927} INFO - Setting next_dagrun for example_branch_operator to 2023-08-28T00:00:00+00:00, run_after=2023-08-29T00:00:00+00:00
[2023-08-28 23:23:38,487] {processor.py:161} INFO - Processing /home/linuxlite/Documentos/airflow/venv/lib/python3.9/site-packages/airflow/example_dags/example_branch_operator.py took 0.067 seconds
[2023-08-28 23:24:14,386] {processor.py:153} INFO - Started process (PID=62015) to work on /home/linuxlite/Documentos/airflow/venv/lib/python3.9/site-packages/airflow/example_dags/example_branch_operator.py
[2023-08-28 23:24:14,387] {processor.py:641} INFO - Processing file /home/linuxlite/Documentos/airflow/venv/lib/python3.9/site-packages/airflow/example_dags/example_branch_operator.py for tasks to queue
[2023-08-28 23:24:14,388] {logging_mixin.py:115} INFO - [2023-08-28 23:24:14,388] {dagbag.py:507} INFO - Filling up the DagBag from /home/linuxlite/Documentos/airflow/venv/lib/python3.9/site-packages/airflow/example_dags/example_branch_operator.py
[2023-08-28 23:24:14,400] {processor.py:651} INFO - DAG(s) dict_keys(['example_branch_operator']) retrieved from /home/linuxlite/Documentos/airflow/venv/lib/python3.9/site-packages/airflow/example_dags/example_branch_operator.py
[2023-08-28 23:24:14,419] {logging_mixin.py:115} INFO - [2023-08-28 23:24:14,419] {dag.py:2379} INFO - Sync 1 DAGs
[2023-08-28 23:24:14,435] {logging_mixin.py:115} INFO - [2023-08-28 23:24:14,435] {dag.py:2927} INFO - Setting next_dagrun for example_branch_operator to 2023-08-28T00:00:00+00:00, run_after=2023-08-29T00:00:00+00:00
[2023-08-28 23:24:14,445] {processor.py:161} INFO - Processing /home/linuxlite/Documentos/airflow/venv/lib/python3.9/site-packages/airflow/example_dags/example_branch_operator.py took 0.064 seconds
[2023-08-28 23:24:47,344] {processor.py:153} INFO - Started process (PID=62060) to work on /home/linuxlite/Documentos/airflow/venv/lib/python3.9/site-packages/airflow/example_dags/example_branch_operator.py
[2023-08-28 23:24:47,346] {processor.py:641} INFO - Processing file /home/linuxlite/Documentos/airflow/venv/lib/python3.9/site-packages/airflow/example_dags/example_branch_operator.py for tasks to queue
[2023-08-28 23:24:47,346] {logging_mixin.py:115} INFO - [2023-08-28 23:24:47,346] {dagbag.py:507} INFO - Filling up the DagBag from /home/linuxlite/Documentos/airflow/venv/lib/python3.9/site-packages/airflow/example_dags/example_branch_operator.py
[2023-08-28 23:24:47,359] {processor.py:651} INFO - DAG(s) dict_keys(['example_branch_operator']) retrieved from /home/linuxlite/Documentos/airflow/venv/lib/python3.9/site-packages/airflow/example_dags/example_branch_operator.py
[2023-08-28 23:24:47,379] {logging_mixin.py:115} INFO - [2023-08-28 23:24:47,379] {dag.py:2379} INFO - Sync 1 DAGs
[2023-08-28 23:24:47,395] {logging_mixin.py:115} INFO - [2023-08-28 23:24:47,395] {dag.py:2927} INFO - Setting next_dagrun for example_branch_operator to 2023-08-28T00:00:00+00:00, run_after=2023-08-29T00:00:00+00:00
[2023-08-28 23:24:47,407] {processor.py:161} INFO - Processing /home/linuxlite/Documentos/airflow/venv/lib/python3.9/site-packages/airflow/example_dags/example_branch_operator.py took 0.067 seconds
[2023-08-28 23:25:22,633] {processor.py:153} INFO - Started process (PID=62159) to work on /home/linuxlite/Documentos/airflow/venv/lib/python3.9/site-packages/airflow/example_dags/example_branch_operator.py
[2023-08-28 23:25:22,635] {processor.py:641} INFO - Processing file /home/linuxlite/Documentos/airflow/venv/lib/python3.9/site-packages/airflow/example_dags/example_branch_operator.py for tasks to queue
[2023-08-28 23:25:22,636] {logging_mixin.py:115} INFO - [2023-08-28 23:25:22,635] {dagbag.py:507} INFO - Filling up the DagBag from /home/linuxlite/Documentos/airflow/venv/lib/python3.9/site-packages/airflow/example_dags/example_branch_operator.py
[2023-08-28 23:25:22,653] {processor.py:651} INFO - DAG(s) dict_keys(['example_branch_operator']) retrieved from /home/linuxlite/Documentos/airflow/venv/lib/python3.9/site-packages/airflow/example_dags/example_branch_operator.py
[2023-08-28 23:25:22,668] {logging_mixin.py:115} INFO - [2023-08-28 23:25:22,668] {dag.py:2379} INFO - Sync 1 DAGs
[2023-08-28 23:25:22,683] {logging_mixin.py:115} INFO - [2023-08-28 23:25:22,683] {dag.py:2927} INFO - Setting next_dagrun for example_branch_operator to 2023-08-28T00:00:00+00:00, run_after=2023-08-29T00:00:00+00:00
[2023-08-28 23:25:22,694] {processor.py:161} INFO - Processing /home/linuxlite/Documentos/airflow/venv/lib/python3.9/site-packages/airflow/example_dags/example_branch_operator.py took 0.068 seconds
[2023-08-28 23:25:55,352] {processor.py:153} INFO - Started process (PID=62195) to work on /home/linuxlite/Documentos/airflow/venv/lib/python3.9/site-packages/airflow/example_dags/example_branch_operator.py
[2023-08-28 23:25:55,353] {processor.py:641} INFO - Processing file /home/linuxlite/Documentos/airflow/venv/lib/python3.9/site-packages/airflow/example_dags/example_branch_operator.py for tasks to queue
[2023-08-28 23:25:55,354] {logging_mixin.py:115} INFO - [2023-08-28 23:25:55,354] {dagbag.py:507} INFO - Filling up the DagBag from /home/linuxlite/Documentos/airflow/venv/lib/python3.9/site-packages/airflow/example_dags/example_branch_operator.py
[2023-08-28 23:25:55,370] {processor.py:651} INFO - DAG(s) dict_keys(['example_branch_operator']) retrieved from /home/linuxlite/Documentos/airflow/venv/lib/python3.9/site-packages/airflow/example_dags/example_branch_operator.py
[2023-08-28 23:25:55,385] {logging_mixin.py:115} INFO - [2023-08-28 23:25:55,385] {dag.py:2379} INFO - Sync 1 DAGs
[2023-08-28 23:25:55,402] {logging_mixin.py:115} INFO - [2023-08-28 23:25:55,401] {dag.py:2927} INFO - Setting next_dagrun for example_branch_operator to 2023-08-28T00:00:00+00:00, run_after=2023-08-29T00:00:00+00:00
[2023-08-28 23:25:55,413] {processor.py:161} INFO - Processing /home/linuxlite/Documentos/airflow/venv/lib/python3.9/site-packages/airflow/example_dags/example_branch_operator.py took 0.066 seconds
[2023-08-28 23:26:35,132] {processor.py:153} INFO - Started process (PID=62246) to work on /home/linuxlite/Documentos/airflow/venv/lib/python3.9/site-packages/airflow/example_dags/example_branch_operator.py
[2023-08-28 23:26:35,133] {processor.py:641} INFO - Processing file /home/linuxlite/Documentos/airflow/venv/lib/python3.9/site-packages/airflow/example_dags/example_branch_operator.py for tasks to queue
[2023-08-28 23:26:35,134] {logging_mixin.py:115} INFO - [2023-08-28 23:26:35,134] {dagbag.py:507} INFO - Filling up the DagBag from /home/linuxlite/Documentos/airflow/venv/lib/python3.9/site-packages/airflow/example_dags/example_branch_operator.py
[2023-08-28 23:26:35,151] {processor.py:651} INFO - DAG(s) dict_keys(['example_branch_operator']) retrieved from /home/linuxlite/Documentos/airflow/venv/lib/python3.9/site-packages/airflow/example_dags/example_branch_operator.py
[2023-08-28 23:26:35,167] {logging_mixin.py:115} INFO - [2023-08-28 23:26:35,167] {dag.py:2379} INFO - Sync 1 DAGs
[2023-08-28 23:26:35,186] {logging_mixin.py:115} INFO - [2023-08-28 23:26:35,186] {dag.py:2927} INFO - Setting next_dagrun for example_branch_operator to 2023-08-28T00:00:00+00:00, run_after=2023-08-29T00:00:00+00:00
[2023-08-28 23:26:35,198] {processor.py:161} INFO - Processing /home/linuxlite/Documentos/airflow/venv/lib/python3.9/site-packages/airflow/example_dags/example_branch_operator.py took 0.070 seconds
[2023-08-28 23:27:09,872] {processor.py:153} INFO - Started process (PID=62304) to work on /home/linuxlite/Documentos/airflow/venv/lib/python3.9/site-packages/airflow/example_dags/example_branch_operator.py
[2023-08-28 23:27:09,873] {processor.py:641} INFO - Processing file /home/linuxlite/Documentos/airflow/venv/lib/python3.9/site-packages/airflow/example_dags/example_branch_operator.py for tasks to queue
[2023-08-28 23:27:09,873] {logging_mixin.py:115} INFO - [2023-08-28 23:27:09,873] {dagbag.py:507} INFO - Filling up the DagBag from /home/linuxlite/Documentos/airflow/venv/lib/python3.9/site-packages/airflow/example_dags/example_branch_operator.py
[2023-08-28 23:27:09,887] {processor.py:651} INFO - DAG(s) dict_keys(['example_branch_operator']) retrieved from /home/linuxlite/Documentos/airflow/venv/lib/python3.9/site-packages/airflow/example_dags/example_branch_operator.py
[2023-08-28 23:27:09,900] {logging_mixin.py:115} INFO - [2023-08-28 23:27:09,900] {dag.py:2379} INFO - Sync 1 DAGs
[2023-08-28 23:27:09,916] {logging_mixin.py:115} INFO - [2023-08-28 23:27:09,916] {dag.py:2927} INFO - Setting next_dagrun for example_branch_operator to 2023-08-28T00:00:00+00:00, run_after=2023-08-29T00:00:00+00:00
[2023-08-28 23:27:09,927] {processor.py:161} INFO - Processing /home/linuxlite/Documentos/airflow/venv/lib/python3.9/site-packages/airflow/example_dags/example_branch_operator.py took 0.059 seconds
[2023-08-28 23:27:46,134] {processor.py:153} INFO - Started process (PID=62377) to work on /home/linuxlite/Documentos/airflow/venv/lib/python3.9/site-packages/airflow/example_dags/example_branch_operator.py
[2023-08-28 23:27:46,136] {processor.py:641} INFO - Processing file /home/linuxlite/Documentos/airflow/venv/lib/python3.9/site-packages/airflow/example_dags/example_branch_operator.py for tasks to queue
[2023-08-28 23:27:46,137] {logging_mixin.py:115} INFO - [2023-08-28 23:27:46,137] {dagbag.py:507} INFO - Filling up the DagBag from /home/linuxlite/Documentos/airflow/venv/lib/python3.9/site-packages/airflow/example_dags/example_branch_operator.py
[2023-08-28 23:27:46,181] {processor.py:651} INFO - DAG(s) dict_keys(['example_branch_operator']) retrieved from /home/linuxlite/Documentos/airflow/venv/lib/python3.9/site-packages/airflow/example_dags/example_branch_operator.py
[2023-08-28 23:27:46,213] {logging_mixin.py:115} INFO - [2023-08-28 23:27:46,213] {dag.py:2379} INFO - Sync 1 DAGs
[2023-08-28 23:27:46,237] {logging_mixin.py:115} INFO - [2023-08-28 23:27:46,236] {dag.py:2927} INFO - Setting next_dagrun for example_branch_operator to 2023-08-28T00:00:00+00:00, run_after=2023-08-29T00:00:00+00:00
[2023-08-28 23:27:46,266] {processor.py:161} INFO - Processing /home/linuxlite/Documentos/airflow/venv/lib/python3.9/site-packages/airflow/example_dags/example_branch_operator.py took 0.151 seconds
