[2023-08-28 23:10:49,435] {processor.py:153} INFO - Started process (PID=59966) to work on /home/linuxlite/Documentos/airflow/venv/lib/python3.9/site-packages/airflow/example_dags/example_time_delta_sensor_async.py
[2023-08-28 23:10:49,436] {processor.py:641} INFO - Processing file /home/linuxlite/Documentos/airflow/venv/lib/python3.9/site-packages/airflow/example_dags/example_time_delta_sensor_async.py for tasks to queue
[2023-08-28 23:10:49,437] {logging_mixin.py:115} INFO - [2023-08-28 23:10:49,436] {dagbag.py:507} INFO - Filling up the DagBag from /home/linuxlite/Documentos/airflow/venv/lib/python3.9/site-packages/airflow/example_dags/example_time_delta_sensor_async.py
[2023-08-28 23:10:49,443] {processor.py:651} INFO - DAG(s) dict_keys(['example_time_delta_sensor_async']) retrieved from /home/linuxlite/Documentos/airflow/venv/lib/python3.9/site-packages/airflow/example_dags/example_time_delta_sensor_async.py
[2023-08-28 23:10:49,468] {logging_mixin.py:115} INFO - [2023-08-28 23:10:49,468] {dag.py:2379} INFO - Sync 1 DAGs
[2023-08-28 23:10:49,489] {logging_mixin.py:115} INFO - [2023-08-28 23:10:49,488] {dag.py:2927} INFO - Setting next_dagrun for example_time_delta_sensor_async to None, run_after=None
[2023-08-28 23:10:49,502] {processor.py:161} INFO - Processing /home/linuxlite/Documentos/airflow/venv/lib/python3.9/site-packages/airflow/example_dags/example_time_delta_sensor_async.py took 0.070 seconds
[2023-08-28 23:11:24,154] {processor.py:153} INFO - Started process (PID=60055) to work on /home/linuxlite/Documentos/airflow/venv/lib/python3.9/site-packages/airflow/example_dags/example_time_delta_sensor_async.py
[2023-08-28 23:11:24,155] {processor.py:641} INFO - Processing file /home/linuxlite/Documentos/airflow/venv/lib/python3.9/site-packages/airflow/example_dags/example_time_delta_sensor_async.py for tasks to queue
[2023-08-28 23:11:24,155] {logging_mixin.py:115} INFO - [2023-08-28 23:11:24,155] {dagbag.py:507} INFO - Filling up the DagBag from /home/linuxlite/Documentos/airflow/venv/lib/python3.9/site-packages/airflow/example_dags/example_time_delta_sensor_async.py
[2023-08-28 23:11:24,160] {processor.py:651} INFO - DAG(s) dict_keys(['example_time_delta_sensor_async']) retrieved from /home/linuxlite/Documentos/airflow/venv/lib/python3.9/site-packages/airflow/example_dags/example_time_delta_sensor_async.py
[2023-08-28 23:11:24,180] {logging_mixin.py:115} INFO - [2023-08-28 23:11:24,180] {dag.py:2379} INFO - Sync 1 DAGs
[2023-08-28 23:11:24,196] {logging_mixin.py:115} INFO - [2023-08-28 23:11:24,196] {dag.py:2927} INFO - Setting next_dagrun for example_time_delta_sensor_async to None, run_after=None
[2023-08-28 23:11:24,207] {processor.py:161} INFO - Processing /home/linuxlite/Documentos/airflow/venv/lib/python3.9/site-packages/airflow/example_dags/example_time_delta_sensor_async.py took 0.056 seconds
[2023-08-28 23:11:57,974] {processor.py:153} INFO - Started process (PID=60091) to work on /home/linuxlite/Documentos/airflow/venv/lib/python3.9/site-packages/airflow/example_dags/example_time_delta_sensor_async.py
[2023-08-28 23:11:57,975] {processor.py:641} INFO - Processing file /home/linuxlite/Documentos/airflow/venv/lib/python3.9/site-packages/airflow/example_dags/example_time_delta_sensor_async.py for tasks to queue
[2023-08-28 23:11:57,975] {logging_mixin.py:115} INFO - [2023-08-28 23:11:57,975] {dagbag.py:507} INFO - Filling up the DagBag from /home/linuxlite/Documentos/airflow/venv/lib/python3.9/site-packages/airflow/example_dags/example_time_delta_sensor_async.py
[2023-08-28 23:11:57,982] {processor.py:651} INFO - DAG(s) dict_keys(['example_time_delta_sensor_async']) retrieved from /home/linuxlite/Documentos/airflow/venv/lib/python3.9/site-packages/airflow/example_dags/example_time_delta_sensor_async.py
[2023-08-28 23:11:58,006] {logging_mixin.py:115} INFO - [2023-08-28 23:11:58,006] {dag.py:2379} INFO - Sync 1 DAGs
[2023-08-28 23:11:58,023] {logging_mixin.py:115} INFO - [2023-08-28 23:11:58,023] {dag.py:2927} INFO - Setting next_dagrun for example_time_delta_sensor_async to None, run_after=None
[2023-08-28 23:11:58,034] {processor.py:161} INFO - Processing /home/linuxlite/Documentos/airflow/venv/lib/python3.9/site-packages/airflow/example_dags/example_time_delta_sensor_async.py took 0.064 seconds
[2023-08-28 23:12:33,557] {processor.py:153} INFO - Started process (PID=60135) to work on /home/linuxlite/Documentos/airflow/venv/lib/python3.9/site-packages/airflow/example_dags/example_time_delta_sensor_async.py
[2023-08-28 23:12:33,558] {processor.py:641} INFO - Processing file /home/linuxlite/Documentos/airflow/venv/lib/python3.9/site-packages/airflow/example_dags/example_time_delta_sensor_async.py for tasks to queue
[2023-08-28 23:12:33,559] {logging_mixin.py:115} INFO - [2023-08-28 23:12:33,559] {dagbag.py:507} INFO - Filling up the DagBag from /home/linuxlite/Documentos/airflow/venv/lib/python3.9/site-packages/airflow/example_dags/example_time_delta_sensor_async.py
[2023-08-28 23:12:33,565] {processor.py:651} INFO - DAG(s) dict_keys(['example_time_delta_sensor_async']) retrieved from /home/linuxlite/Documentos/airflow/venv/lib/python3.9/site-packages/airflow/example_dags/example_time_delta_sensor_async.py
[2023-08-28 23:12:33,592] {logging_mixin.py:115} INFO - [2023-08-28 23:12:33,592] {dag.py:2379} INFO - Sync 1 DAGs
[2023-08-28 23:12:33,618] {logging_mixin.py:115} INFO - [2023-08-28 23:12:33,618] {dag.py:2927} INFO - Setting next_dagrun for example_time_delta_sensor_async to None, run_after=None
[2023-08-28 23:12:33,633] {processor.py:161} INFO - Processing /home/linuxlite/Documentos/airflow/venv/lib/python3.9/site-packages/airflow/example_dags/example_time_delta_sensor_async.py took 0.080 seconds
[2023-08-28 23:13:08,517] {processor.py:153} INFO - Started process (PID=60171) to work on /home/linuxlite/Documentos/airflow/venv/lib/python3.9/site-packages/airflow/example_dags/example_time_delta_sensor_async.py
[2023-08-28 23:13:08,518] {processor.py:641} INFO - Processing file /home/linuxlite/Documentos/airflow/venv/lib/python3.9/site-packages/airflow/example_dags/example_time_delta_sensor_async.py for tasks to queue
[2023-08-28 23:13:08,518] {logging_mixin.py:115} INFO - [2023-08-28 23:13:08,518] {dagbag.py:507} INFO - Filling up the DagBag from /home/linuxlite/Documentos/airflow/venv/lib/python3.9/site-packages/airflow/example_dags/example_time_delta_sensor_async.py
[2023-08-28 23:13:08,523] {processor.py:651} INFO - DAG(s) dict_keys(['example_time_delta_sensor_async']) retrieved from /home/linuxlite/Documentos/airflow/venv/lib/python3.9/site-packages/airflow/example_dags/example_time_delta_sensor_async.py
[2023-08-28 23:13:08,542] {logging_mixin.py:115} INFO - [2023-08-28 23:13:08,541] {dag.py:2379} INFO - Sync 1 DAGs
[2023-08-28 23:13:08,558] {logging_mixin.py:115} INFO - [2023-08-28 23:13:08,558] {dag.py:2927} INFO - Setting next_dagrun for example_time_delta_sensor_async to None, run_after=None
[2023-08-28 23:13:08,570] {processor.py:161} INFO - Processing /home/linuxlite/Documentos/airflow/venv/lib/python3.9/site-packages/airflow/example_dags/example_time_delta_sensor_async.py took 0.056 seconds
[2023-08-28 23:13:42,373] {processor.py:153} INFO - Started process (PID=60212) to work on /home/linuxlite/Documentos/airflow/venv/lib/python3.9/site-packages/airflow/example_dags/example_time_delta_sensor_async.py
[2023-08-28 23:13:42,373] {processor.py:641} INFO - Processing file /home/linuxlite/Documentos/airflow/venv/lib/python3.9/site-packages/airflow/example_dags/example_time_delta_sensor_async.py for tasks to queue
[2023-08-28 23:13:42,374] {logging_mixin.py:115} INFO - [2023-08-28 23:13:42,374] {dagbag.py:507} INFO - Filling up the DagBag from /home/linuxlite/Documentos/airflow/venv/lib/python3.9/site-packages/airflow/example_dags/example_time_delta_sensor_async.py
[2023-08-28 23:13:42,379] {processor.py:651} INFO - DAG(s) dict_keys(['example_time_delta_sensor_async']) retrieved from /home/linuxlite/Documentos/airflow/venv/lib/python3.9/site-packages/airflow/example_dags/example_time_delta_sensor_async.py
[2023-08-28 23:13:42,398] {logging_mixin.py:115} INFO - [2023-08-28 23:13:42,398] {dag.py:2379} INFO - Sync 1 DAGs
[2023-08-28 23:13:42,414] {logging_mixin.py:115} INFO - [2023-08-28 23:13:42,414] {dag.py:2927} INFO - Setting next_dagrun for example_time_delta_sensor_async to None, run_after=None
[2023-08-28 23:13:42,424] {processor.py:161} INFO - Processing /home/linuxlite/Documentos/airflow/venv/lib/python3.9/site-packages/airflow/example_dags/example_time_delta_sensor_async.py took 0.054 seconds
[2023-08-28 23:14:17,310] {processor.py:153} INFO - Started process (PID=60252) to work on /home/linuxlite/Documentos/airflow/venv/lib/python3.9/site-packages/airflow/example_dags/example_time_delta_sensor_async.py
[2023-08-28 23:14:17,312] {processor.py:641} INFO - Processing file /home/linuxlite/Documentos/airflow/venv/lib/python3.9/site-packages/airflow/example_dags/example_time_delta_sensor_async.py for tasks to queue
[2023-08-28 23:14:17,312] {logging_mixin.py:115} INFO - [2023-08-28 23:14:17,312] {dagbag.py:507} INFO - Filling up the DagBag from /home/linuxlite/Documentos/airflow/venv/lib/python3.9/site-packages/airflow/example_dags/example_time_delta_sensor_async.py
[2023-08-28 23:14:17,321] {processor.py:651} INFO - DAG(s) dict_keys(['example_time_delta_sensor_async']) retrieved from /home/linuxlite/Documentos/airflow/venv/lib/python3.9/site-packages/airflow/example_dags/example_time_delta_sensor_async.py
[2023-08-28 23:14:17,346] {logging_mixin.py:115} INFO - [2023-08-28 23:14:17,346] {dag.py:2379} INFO - Sync 1 DAGs
[2023-08-28 23:14:17,365] {logging_mixin.py:115} INFO - [2023-08-28 23:14:17,365] {dag.py:2927} INFO - Setting next_dagrun for example_time_delta_sensor_async to None, run_after=None
[2023-08-28 23:14:17,379] {processor.py:161} INFO - Processing /home/linuxlite/Documentos/airflow/venv/lib/python3.9/site-packages/airflow/example_dags/example_time_delta_sensor_async.py took 0.077 seconds
[2023-08-28 23:14:53,459] {processor.py:153} INFO - Started process (PID=60304) to work on /home/linuxlite/Documentos/airflow/venv/lib/python3.9/site-packages/airflow/example_dags/example_time_delta_sensor_async.py
[2023-08-28 23:14:53,460] {processor.py:641} INFO - Processing file /home/linuxlite/Documentos/airflow/venv/lib/python3.9/site-packages/airflow/example_dags/example_time_delta_sensor_async.py for tasks to queue
[2023-08-28 23:14:53,461] {logging_mixin.py:115} INFO - [2023-08-28 23:14:53,461] {dagbag.py:507} INFO - Filling up the DagBag from /home/linuxlite/Documentos/airflow/venv/lib/python3.9/site-packages/airflow/example_dags/example_time_delta_sensor_async.py
[2023-08-28 23:14:53,467] {processor.py:651} INFO - DAG(s) dict_keys(['example_time_delta_sensor_async']) retrieved from /home/linuxlite/Documentos/airflow/venv/lib/python3.9/site-packages/airflow/example_dags/example_time_delta_sensor_async.py
[2023-08-28 23:14:53,496] {logging_mixin.py:115} INFO - [2023-08-28 23:14:53,496] {dag.py:2379} INFO - Sync 1 DAGs
[2023-08-28 23:14:53,519] {logging_mixin.py:115} INFO - [2023-08-28 23:14:53,519] {dag.py:2927} INFO - Setting next_dagrun for example_time_delta_sensor_async to None, run_after=None
[2023-08-28 23:14:53,535] {processor.py:161} INFO - Processing /home/linuxlite/Documentos/airflow/venv/lib/python3.9/site-packages/airflow/example_dags/example_time_delta_sensor_async.py took 0.081 seconds
[2023-08-28 23:15:27,118] {processor.py:153} INFO - Started process (PID=60548) to work on /home/linuxlite/Documentos/airflow/venv/lib/python3.9/site-packages/airflow/example_dags/example_time_delta_sensor_async.py
[2023-08-28 23:15:27,119] {processor.py:641} INFO - Processing file /home/linuxlite/Documentos/airflow/venv/lib/python3.9/site-packages/airflow/example_dags/example_time_delta_sensor_async.py for tasks to queue
[2023-08-28 23:15:27,120] {logging_mixin.py:115} INFO - [2023-08-28 23:15:27,119] {dagbag.py:507} INFO - Filling up the DagBag from /home/linuxlite/Documentos/airflow/venv/lib/python3.9/site-packages/airflow/example_dags/example_time_delta_sensor_async.py
[2023-08-28 23:15:27,126] {processor.py:651} INFO - DAG(s) dict_keys(['example_time_delta_sensor_async']) retrieved from /home/linuxlite/Documentos/airflow/venv/lib/python3.9/site-packages/airflow/example_dags/example_time_delta_sensor_async.py
[2023-08-28 23:15:27,151] {logging_mixin.py:115} INFO - [2023-08-28 23:15:27,151] {dag.py:2379} INFO - Sync 1 DAGs
[2023-08-28 23:15:27,165] {logging_mixin.py:115} INFO - [2023-08-28 23:15:27,165] {dag.py:2927} INFO - Setting next_dagrun for example_time_delta_sensor_async to None, run_after=None
[2023-08-28 23:15:27,176] {processor.py:161} INFO - Processing /home/linuxlite/Documentos/airflow/venv/lib/python3.9/site-packages/airflow/example_dags/example_time_delta_sensor_async.py took 0.064 seconds
[2023-08-28 23:16:00,954] {processor.py:153} INFO - Started process (PID=60583) to work on /home/linuxlite/Documentos/airflow/venv/lib/python3.9/site-packages/airflow/example_dags/example_time_delta_sensor_async.py
[2023-08-28 23:16:00,955] {processor.py:641} INFO - Processing file /home/linuxlite/Documentos/airflow/venv/lib/python3.9/site-packages/airflow/example_dags/example_time_delta_sensor_async.py for tasks to queue
[2023-08-28 23:16:00,956] {logging_mixin.py:115} INFO - [2023-08-28 23:16:00,956] {dagbag.py:507} INFO - Filling up the DagBag from /home/linuxlite/Documentos/airflow/venv/lib/python3.9/site-packages/airflow/example_dags/example_time_delta_sensor_async.py
[2023-08-28 23:16:00,961] {processor.py:651} INFO - DAG(s) dict_keys(['example_time_delta_sensor_async']) retrieved from /home/linuxlite/Documentos/airflow/venv/lib/python3.9/site-packages/airflow/example_dags/example_time_delta_sensor_async.py
[2023-08-28 23:16:00,985] {logging_mixin.py:115} INFO - [2023-08-28 23:16:00,984] {dag.py:2379} INFO - Sync 1 DAGs
[2023-08-28 23:16:01,000] {logging_mixin.py:115} INFO - [2023-08-28 23:16:01,000] {dag.py:2927} INFO - Setting next_dagrun for example_time_delta_sensor_async to None, run_after=None
[2023-08-28 23:16:01,015] {processor.py:161} INFO - Processing /home/linuxlite/Documentos/airflow/venv/lib/python3.9/site-packages/airflow/example_dags/example_time_delta_sensor_async.py took 0.064 seconds
[2023-08-28 23:16:34,450] {processor.py:153} INFO - Started process (PID=60693) to work on /home/linuxlite/Documentos/airflow/venv/lib/python3.9/site-packages/airflow/example_dags/example_time_delta_sensor_async.py
[2023-08-28 23:16:34,451] {processor.py:641} INFO - Processing file /home/linuxlite/Documentos/airflow/venv/lib/python3.9/site-packages/airflow/example_dags/example_time_delta_sensor_async.py for tasks to queue
[2023-08-28 23:16:34,451] {logging_mixin.py:115} INFO - [2023-08-28 23:16:34,451] {dagbag.py:507} INFO - Filling up the DagBag from /home/linuxlite/Documentos/airflow/venv/lib/python3.9/site-packages/airflow/example_dags/example_time_delta_sensor_async.py
[2023-08-28 23:16:34,457] {processor.py:651} INFO - DAG(s) dict_keys(['example_time_delta_sensor_async']) retrieved from /home/linuxlite/Documentos/airflow/venv/lib/python3.9/site-packages/airflow/example_dags/example_time_delta_sensor_async.py
[2023-08-28 23:16:34,487] {logging_mixin.py:115} INFO - [2023-08-28 23:16:34,487] {dag.py:2379} INFO - Sync 1 DAGs
[2023-08-28 23:16:34,503] {logging_mixin.py:115} INFO - [2023-08-28 23:16:34,503] {dag.py:2927} INFO - Setting next_dagrun for example_time_delta_sensor_async to None, run_after=None
[2023-08-28 23:16:34,514] {processor.py:161} INFO - Processing /home/linuxlite/Documentos/airflow/venv/lib/python3.9/site-packages/airflow/example_dags/example_time_delta_sensor_async.py took 0.067 seconds
[2023-08-28 23:17:07,454] {processor.py:153} INFO - Started process (PID=60831) to work on /home/linuxlite/Documentos/airflow/venv/lib/python3.9/site-packages/airflow/example_dags/example_time_delta_sensor_async.py
[2023-08-28 23:17:07,454] {processor.py:641} INFO - Processing file /home/linuxlite/Documentos/airflow/venv/lib/python3.9/site-packages/airflow/example_dags/example_time_delta_sensor_async.py for tasks to queue
[2023-08-28 23:17:07,455] {logging_mixin.py:115} INFO - [2023-08-28 23:17:07,455] {dagbag.py:507} INFO - Filling up the DagBag from /home/linuxlite/Documentos/airflow/venv/lib/python3.9/site-packages/airflow/example_dags/example_time_delta_sensor_async.py
[2023-08-28 23:17:07,460] {processor.py:651} INFO - DAG(s) dict_keys(['example_time_delta_sensor_async']) retrieved from /home/linuxlite/Documentos/airflow/venv/lib/python3.9/site-packages/airflow/example_dags/example_time_delta_sensor_async.py
[2023-08-28 23:17:07,483] {logging_mixin.py:115} INFO - [2023-08-28 23:17:07,482] {dag.py:2379} INFO - Sync 1 DAGs
[2023-08-28 23:17:07,500] {logging_mixin.py:115} INFO - [2023-08-28 23:17:07,500] {dag.py:2927} INFO - Setting next_dagrun for example_time_delta_sensor_async to None, run_after=None
[2023-08-28 23:17:07,511] {processor.py:161} INFO - Processing /home/linuxlite/Documentos/airflow/venv/lib/python3.9/site-packages/airflow/example_dags/example_time_delta_sensor_async.py took 0.061 seconds
[2023-08-28 23:17:43,552] {processor.py:153} INFO - Started process (PID=60870) to work on /home/linuxlite/Documentos/airflow/venv/lib/python3.9/site-packages/airflow/example_dags/example_time_delta_sensor_async.py
[2023-08-28 23:17:43,553] {processor.py:641} INFO - Processing file /home/linuxlite/Documentos/airflow/venv/lib/python3.9/site-packages/airflow/example_dags/example_time_delta_sensor_async.py for tasks to queue
[2023-08-28 23:17:43,554] {logging_mixin.py:115} INFO - [2023-08-28 23:17:43,553] {dagbag.py:507} INFO - Filling up the DagBag from /home/linuxlite/Documentos/airflow/venv/lib/python3.9/site-packages/airflow/example_dags/example_time_delta_sensor_async.py
[2023-08-28 23:17:43,560] {processor.py:651} INFO - DAG(s) dict_keys(['example_time_delta_sensor_async']) retrieved from /home/linuxlite/Documentos/airflow/venv/lib/python3.9/site-packages/airflow/example_dags/example_time_delta_sensor_async.py
[2023-08-28 23:17:43,583] {logging_mixin.py:115} INFO - [2023-08-28 23:17:43,583] {dag.py:2379} INFO - Sync 1 DAGs
[2023-08-28 23:17:43,598] {logging_mixin.py:115} INFO - [2023-08-28 23:17:43,598] {dag.py:2927} INFO - Setting next_dagrun for example_time_delta_sensor_async to None, run_after=None
[2023-08-28 23:17:43,609] {processor.py:161} INFO - Processing /home/linuxlite/Documentos/airflow/venv/lib/python3.9/site-packages/airflow/example_dags/example_time_delta_sensor_async.py took 0.062 seconds
[2023-08-28 23:18:15,226] {processor.py:153} INFO - Started process (PID=61362) to work on /home/linuxlite/Documentos/airflow/venv/lib/python3.9/site-packages/airflow/example_dags/example_time_delta_sensor_async.py
[2023-08-28 23:18:15,227] {processor.py:641} INFO - Processing file /home/linuxlite/Documentos/airflow/venv/lib/python3.9/site-packages/airflow/example_dags/example_time_delta_sensor_async.py for tasks to queue
[2023-08-28 23:18:15,227] {logging_mixin.py:115} INFO - [2023-08-28 23:18:15,227] {dagbag.py:507} INFO - Filling up the DagBag from /home/linuxlite/Documentos/airflow/venv/lib/python3.9/site-packages/airflow/example_dags/example_time_delta_sensor_async.py
[2023-08-28 23:18:15,233] {processor.py:651} INFO - DAG(s) dict_keys(['example_time_delta_sensor_async']) retrieved from /home/linuxlite/Documentos/airflow/venv/lib/python3.9/site-packages/airflow/example_dags/example_time_delta_sensor_async.py
[2023-08-28 23:18:15,255] {logging_mixin.py:115} INFO - [2023-08-28 23:18:15,255] {dag.py:2379} INFO - Sync 1 DAGs
[2023-08-28 23:18:15,270] {logging_mixin.py:115} INFO - [2023-08-28 23:18:15,270] {dag.py:2927} INFO - Setting next_dagrun for example_time_delta_sensor_async to None, run_after=None
[2023-08-28 23:18:15,282] {processor.py:161} INFO - Processing /home/linuxlite/Documentos/airflow/venv/lib/python3.9/site-packages/airflow/example_dags/example_time_delta_sensor_async.py took 0.061 seconds
[2023-08-28 23:18:48,795] {processor.py:153} INFO - Started process (PID=61532) to work on /home/linuxlite/Documentos/airflow/venv/lib/python3.9/site-packages/airflow/example_dags/example_time_delta_sensor_async.py
[2023-08-28 23:18:48,796] {processor.py:641} INFO - Processing file /home/linuxlite/Documentos/airflow/venv/lib/python3.9/site-packages/airflow/example_dags/example_time_delta_sensor_async.py for tasks to queue
[2023-08-28 23:18:48,796] {logging_mixin.py:115} INFO - [2023-08-28 23:18:48,796] {dagbag.py:507} INFO - Filling up the DagBag from /home/linuxlite/Documentos/airflow/venv/lib/python3.9/site-packages/airflow/example_dags/example_time_delta_sensor_async.py
[2023-08-28 23:18:48,802] {processor.py:651} INFO - DAG(s) dict_keys(['example_time_delta_sensor_async']) retrieved from /home/linuxlite/Documentos/airflow/venv/lib/python3.9/site-packages/airflow/example_dags/example_time_delta_sensor_async.py
[2023-08-28 23:18:48,830] {logging_mixin.py:115} INFO - [2023-08-28 23:18:48,830] {dag.py:2379} INFO - Sync 1 DAGs
[2023-08-28 23:18:48,846] {logging_mixin.py:115} INFO - [2023-08-28 23:18:48,846] {dag.py:2927} INFO - Setting next_dagrun for example_time_delta_sensor_async to None, run_after=None
[2023-08-28 23:18:48,860] {processor.py:161} INFO - Processing /home/linuxlite/Documentos/airflow/venv/lib/python3.9/site-packages/airflow/example_dags/example_time_delta_sensor_async.py took 0.068 seconds
[2023-08-28 23:19:21,481] {processor.py:153} INFO - Started process (PID=61581) to work on /home/linuxlite/Documentos/airflow/venv/lib/python3.9/site-packages/airflow/example_dags/example_time_delta_sensor_async.py
[2023-08-28 23:19:21,482] {processor.py:641} INFO - Processing file /home/linuxlite/Documentos/airflow/venv/lib/python3.9/site-packages/airflow/example_dags/example_time_delta_sensor_async.py for tasks to queue
[2023-08-28 23:19:21,483] {logging_mixin.py:115} INFO - [2023-08-28 23:19:21,483] {dagbag.py:507} INFO - Filling up the DagBag from /home/linuxlite/Documentos/airflow/venv/lib/python3.9/site-packages/airflow/example_dags/example_time_delta_sensor_async.py
[2023-08-28 23:19:21,490] {processor.py:651} INFO - DAG(s) dict_keys(['example_time_delta_sensor_async']) retrieved from /home/linuxlite/Documentos/airflow/venv/lib/python3.9/site-packages/airflow/example_dags/example_time_delta_sensor_async.py
[2023-08-28 23:19:21,515] {logging_mixin.py:115} INFO - [2023-08-28 23:19:21,515] {dag.py:2379} INFO - Sync 1 DAGs
[2023-08-28 23:19:21,530] {logging_mixin.py:115} INFO - [2023-08-28 23:19:21,530] {dag.py:2927} INFO - Setting next_dagrun for example_time_delta_sensor_async to None, run_after=None
[2023-08-28 23:19:21,540] {processor.py:161} INFO - Processing /home/linuxlite/Documentos/airflow/venv/lib/python3.9/site-packages/airflow/example_dags/example_time_delta_sensor_async.py took 0.065 seconds
[2023-08-28 23:19:54,505] {processor.py:153} INFO - Started process (PID=61640) to work on /home/linuxlite/Documentos/airflow/venv/lib/python3.9/site-packages/airflow/example_dags/example_time_delta_sensor_async.py
[2023-08-28 23:19:54,506] {processor.py:641} INFO - Processing file /home/linuxlite/Documentos/airflow/venv/lib/python3.9/site-packages/airflow/example_dags/example_time_delta_sensor_async.py for tasks to queue
[2023-08-28 23:19:54,507] {logging_mixin.py:115} INFO - [2023-08-28 23:19:54,507] {dagbag.py:507} INFO - Filling up the DagBag from /home/linuxlite/Documentos/airflow/venv/lib/python3.9/site-packages/airflow/example_dags/example_time_delta_sensor_async.py
[2023-08-28 23:19:54,514] {processor.py:651} INFO - DAG(s) dict_keys(['example_time_delta_sensor_async']) retrieved from /home/linuxlite/Documentos/airflow/venv/lib/python3.9/site-packages/airflow/example_dags/example_time_delta_sensor_async.py
[2023-08-28 23:19:54,540] {logging_mixin.py:115} INFO - [2023-08-28 23:19:54,540] {dag.py:2379} INFO - Sync 1 DAGs
[2023-08-28 23:19:54,558] {logging_mixin.py:115} INFO - [2023-08-28 23:19:54,558] {dag.py:2927} INFO - Setting next_dagrun for example_time_delta_sensor_async to None, run_after=None
[2023-08-28 23:19:54,570] {processor.py:161} INFO - Processing /home/linuxlite/Documentos/airflow/venv/lib/python3.9/site-packages/airflow/example_dags/example_time_delta_sensor_async.py took 0.070 seconds
[2023-08-28 23:20:28,791] {processor.py:153} INFO - Started process (PID=61735) to work on /home/linuxlite/Documentos/airflow/venv/lib/python3.9/site-packages/airflow/example_dags/example_time_delta_sensor_async.py
[2023-08-28 23:20:28,792] {processor.py:641} INFO - Processing file /home/linuxlite/Documentos/airflow/venv/lib/python3.9/site-packages/airflow/example_dags/example_time_delta_sensor_async.py for tasks to queue
[2023-08-28 23:20:28,793] {logging_mixin.py:115} INFO - [2023-08-28 23:20:28,793] {dagbag.py:507} INFO - Filling up the DagBag from /home/linuxlite/Documentos/airflow/venv/lib/python3.9/site-packages/airflow/example_dags/example_time_delta_sensor_async.py
[2023-08-28 23:20:28,798] {processor.py:651} INFO - DAG(s) dict_keys(['example_time_delta_sensor_async']) retrieved from /home/linuxlite/Documentos/airflow/venv/lib/python3.9/site-packages/airflow/example_dags/example_time_delta_sensor_async.py
[2023-08-28 23:20:28,822] {logging_mixin.py:115} INFO - [2023-08-28 23:20:28,822] {dag.py:2379} INFO - Sync 1 DAGs
[2023-08-28 23:20:28,838] {logging_mixin.py:115} INFO - [2023-08-28 23:20:28,838] {dag.py:2927} INFO - Setting next_dagrun for example_time_delta_sensor_async to None, run_after=None
[2023-08-28 23:20:28,850] {processor.py:161} INFO - Processing /home/linuxlite/Documentos/airflow/venv/lib/python3.9/site-packages/airflow/example_dags/example_time_delta_sensor_async.py took 0.062 seconds
[2023-08-28 23:21:02,132] {processor.py:153} INFO - Started process (PID=61772) to work on /home/linuxlite/Documentos/airflow/venv/lib/python3.9/site-packages/airflow/example_dags/example_time_delta_sensor_async.py
[2023-08-28 23:21:02,133] {processor.py:641} INFO - Processing file /home/linuxlite/Documentos/airflow/venv/lib/python3.9/site-packages/airflow/example_dags/example_time_delta_sensor_async.py for tasks to queue
[2023-08-28 23:21:02,134] {logging_mixin.py:115} INFO - [2023-08-28 23:21:02,134] {dagbag.py:507} INFO - Filling up the DagBag from /home/linuxlite/Documentos/airflow/venv/lib/python3.9/site-packages/airflow/example_dags/example_time_delta_sensor_async.py
[2023-08-28 23:21:02,139] {processor.py:651} INFO - DAG(s) dict_keys(['example_time_delta_sensor_async']) retrieved from /home/linuxlite/Documentos/airflow/venv/lib/python3.9/site-packages/airflow/example_dags/example_time_delta_sensor_async.py
[2023-08-28 23:21:02,163] {logging_mixin.py:115} INFO - [2023-08-28 23:21:02,163] {dag.py:2379} INFO - Sync 1 DAGs
[2023-08-28 23:21:02,178] {logging_mixin.py:115} INFO - [2023-08-28 23:21:02,178] {dag.py:2927} INFO - Setting next_dagrun for example_time_delta_sensor_async to None, run_after=None
[2023-08-28 23:21:02,189] {processor.py:161} INFO - Processing /home/linuxlite/Documentos/airflow/venv/lib/python3.9/site-packages/airflow/example_dags/example_time_delta_sensor_async.py took 0.060 seconds
[2023-08-28 23:21:37,528] {processor.py:153} INFO - Started process (PID=61820) to work on /home/linuxlite/Documentos/airflow/venv/lib/python3.9/site-packages/airflow/example_dags/example_time_delta_sensor_async.py
[2023-08-28 23:21:37,528] {processor.py:641} INFO - Processing file /home/linuxlite/Documentos/airflow/venv/lib/python3.9/site-packages/airflow/example_dags/example_time_delta_sensor_async.py for tasks to queue
[2023-08-28 23:21:37,529] {logging_mixin.py:115} INFO - [2023-08-28 23:21:37,529] {dagbag.py:507} INFO - Filling up the DagBag from /home/linuxlite/Documentos/airflow/venv/lib/python3.9/site-packages/airflow/example_dags/example_time_delta_sensor_async.py
[2023-08-28 23:21:37,534] {processor.py:651} INFO - DAG(s) dict_keys(['example_time_delta_sensor_async']) retrieved from /home/linuxlite/Documentos/airflow/venv/lib/python3.9/site-packages/airflow/example_dags/example_time_delta_sensor_async.py
[2023-08-28 23:21:37,561] {logging_mixin.py:115} INFO - [2023-08-28 23:21:37,561] {dag.py:2379} INFO - Sync 1 DAGs
[2023-08-28 23:21:37,578] {logging_mixin.py:115} INFO - [2023-08-28 23:21:37,578] {dag.py:2927} INFO - Setting next_dagrun for example_time_delta_sensor_async to None, run_after=None
[2023-08-28 23:21:37,591] {processor.py:161} INFO - Processing /home/linuxlite/Documentos/airflow/venv/lib/python3.9/site-packages/airflow/example_dags/example_time_delta_sensor_async.py took 0.067 seconds
[2023-08-28 23:22:11,632] {processor.py:153} INFO - Started process (PID=61874) to work on /home/linuxlite/Documentos/airflow/venv/lib/python3.9/site-packages/airflow/example_dags/example_time_delta_sensor_async.py
[2023-08-28 23:22:11,633] {processor.py:641} INFO - Processing file /home/linuxlite/Documentos/airflow/venv/lib/python3.9/site-packages/airflow/example_dags/example_time_delta_sensor_async.py for tasks to queue
[2023-08-28 23:22:11,633] {logging_mixin.py:115} INFO - [2023-08-28 23:22:11,633] {dagbag.py:507} INFO - Filling up the DagBag from /home/linuxlite/Documentos/airflow/venv/lib/python3.9/site-packages/airflow/example_dags/example_time_delta_sensor_async.py
[2023-08-28 23:22:11,639] {processor.py:651} INFO - DAG(s) dict_keys(['example_time_delta_sensor_async']) retrieved from /home/linuxlite/Documentos/airflow/venv/lib/python3.9/site-packages/airflow/example_dags/example_time_delta_sensor_async.py
[2023-08-28 23:22:11,666] {logging_mixin.py:115} INFO - [2023-08-28 23:22:11,666] {dag.py:2379} INFO - Sync 1 DAGs
[2023-08-28 23:22:11,684] {logging_mixin.py:115} INFO - [2023-08-28 23:22:11,684] {dag.py:2927} INFO - Setting next_dagrun for example_time_delta_sensor_async to None, run_after=None
[2023-08-28 23:22:11,698] {processor.py:161} INFO - Processing /home/linuxlite/Documentos/airflow/venv/lib/python3.9/site-packages/airflow/example_dags/example_time_delta_sensor_async.py took 0.069 seconds
[2023-08-28 23:22:44,773] {processor.py:153} INFO - Started process (PID=61912) to work on /home/linuxlite/Documentos/airflow/venv/lib/python3.9/site-packages/airflow/example_dags/example_time_delta_sensor_async.py
[2023-08-28 23:22:44,774] {processor.py:641} INFO - Processing file /home/linuxlite/Documentos/airflow/venv/lib/python3.9/site-packages/airflow/example_dags/example_time_delta_sensor_async.py for tasks to queue
[2023-08-28 23:22:44,774] {logging_mixin.py:115} INFO - [2023-08-28 23:22:44,774] {dagbag.py:507} INFO - Filling up the DagBag from /home/linuxlite/Documentos/airflow/venv/lib/python3.9/site-packages/airflow/example_dags/example_time_delta_sensor_async.py
[2023-08-28 23:22:44,780] {processor.py:651} INFO - DAG(s) dict_keys(['example_time_delta_sensor_async']) retrieved from /home/linuxlite/Documentos/airflow/venv/lib/python3.9/site-packages/airflow/example_dags/example_time_delta_sensor_async.py
[2023-08-28 23:22:44,806] {logging_mixin.py:115} INFO - [2023-08-28 23:22:44,806] {dag.py:2379} INFO - Sync 1 DAGs
[2023-08-28 23:22:44,824] {logging_mixin.py:115} INFO - [2023-08-28 23:22:44,824] {dag.py:2927} INFO - Setting next_dagrun for example_time_delta_sensor_async to None, run_after=None
[2023-08-28 23:22:44,836] {processor.py:161} INFO - Processing /home/linuxlite/Documentos/airflow/venv/lib/python3.9/site-packages/airflow/example_dags/example_time_delta_sensor_async.py took 0.068 seconds
[2023-08-28 23:23:18,458] {processor.py:153} INFO - Started process (PID=61952) to work on /home/linuxlite/Documentos/airflow/venv/lib/python3.9/site-packages/airflow/example_dags/example_time_delta_sensor_async.py
[2023-08-28 23:23:18,459] {processor.py:641} INFO - Processing file /home/linuxlite/Documentos/airflow/venv/lib/python3.9/site-packages/airflow/example_dags/example_time_delta_sensor_async.py for tasks to queue
[2023-08-28 23:23:18,460] {logging_mixin.py:115} INFO - [2023-08-28 23:23:18,460] {dagbag.py:507} INFO - Filling up the DagBag from /home/linuxlite/Documentos/airflow/venv/lib/python3.9/site-packages/airflow/example_dags/example_time_delta_sensor_async.py
[2023-08-28 23:23:18,466] {processor.py:651} INFO - DAG(s) dict_keys(['example_time_delta_sensor_async']) retrieved from /home/linuxlite/Documentos/airflow/venv/lib/python3.9/site-packages/airflow/example_dags/example_time_delta_sensor_async.py
[2023-08-28 23:23:18,489] {logging_mixin.py:115} INFO - [2023-08-28 23:23:18,489] {dag.py:2379} INFO - Sync 1 DAGs
[2023-08-28 23:23:18,505] {logging_mixin.py:115} INFO - [2023-08-28 23:23:18,504] {dag.py:2927} INFO - Setting next_dagrun for example_time_delta_sensor_async to None, run_after=None
[2023-08-28 23:23:18,517] {processor.py:161} INFO - Processing /home/linuxlite/Documentos/airflow/venv/lib/python3.9/site-packages/airflow/example_dags/example_time_delta_sensor_async.py took 0.063 seconds
[2023-08-28 23:23:51,838] {processor.py:153} INFO - Started process (PID=61988) to work on /home/linuxlite/Documentos/airflow/venv/lib/python3.9/site-packages/airflow/example_dags/example_time_delta_sensor_async.py
[2023-08-28 23:23:51,839] {processor.py:641} INFO - Processing file /home/linuxlite/Documentos/airflow/venv/lib/python3.9/site-packages/airflow/example_dags/example_time_delta_sensor_async.py for tasks to queue
[2023-08-28 23:23:51,839] {logging_mixin.py:115} INFO - [2023-08-28 23:23:51,839] {dagbag.py:507} INFO - Filling up the DagBag from /home/linuxlite/Documentos/airflow/venv/lib/python3.9/site-packages/airflow/example_dags/example_time_delta_sensor_async.py
[2023-08-28 23:23:51,844] {processor.py:651} INFO - DAG(s) dict_keys(['example_time_delta_sensor_async']) retrieved from /home/linuxlite/Documentos/airflow/venv/lib/python3.9/site-packages/airflow/example_dags/example_time_delta_sensor_async.py
[2023-08-28 23:23:51,867] {logging_mixin.py:115} INFO - [2023-08-28 23:23:51,867] {dag.py:2379} INFO - Sync 1 DAGs
[2023-08-28 23:23:51,881] {logging_mixin.py:115} INFO - [2023-08-28 23:23:51,881] {dag.py:2927} INFO - Setting next_dagrun for example_time_delta_sensor_async to None, run_after=None
[2023-08-28 23:23:51,892] {processor.py:161} INFO - Processing /home/linuxlite/Documentos/airflow/venv/lib/python3.9/site-packages/airflow/example_dags/example_time_delta_sensor_async.py took 0.057 seconds
[2023-08-28 23:24:26,776] {processor.py:153} INFO - Started process (PID=62032) to work on /home/linuxlite/Documentos/airflow/venv/lib/python3.9/site-packages/airflow/example_dags/example_time_delta_sensor_async.py
[2023-08-28 23:24:26,777] {processor.py:641} INFO - Processing file /home/linuxlite/Documentos/airflow/venv/lib/python3.9/site-packages/airflow/example_dags/example_time_delta_sensor_async.py for tasks to queue
[2023-08-28 23:24:26,777] {logging_mixin.py:115} INFO - [2023-08-28 23:24:26,777] {dagbag.py:507} INFO - Filling up the DagBag from /home/linuxlite/Documentos/airflow/venv/lib/python3.9/site-packages/airflow/example_dags/example_time_delta_sensor_async.py
[2023-08-28 23:24:26,783] {processor.py:651} INFO - DAG(s) dict_keys(['example_time_delta_sensor_async']) retrieved from /home/linuxlite/Documentos/airflow/venv/lib/python3.9/site-packages/airflow/example_dags/example_time_delta_sensor_async.py
[2023-08-28 23:24:26,806] {logging_mixin.py:115} INFO - [2023-08-28 23:24:26,806] {dag.py:2379} INFO - Sync 1 DAGs
[2023-08-28 23:24:26,821] {logging_mixin.py:115} INFO - [2023-08-28 23:24:26,821] {dag.py:2927} INFO - Setting next_dagrun for example_time_delta_sensor_async to None, run_after=None
[2023-08-28 23:24:26,832] {processor.py:161} INFO - Processing /home/linuxlite/Documentos/airflow/venv/lib/python3.9/site-packages/airflow/example_dags/example_time_delta_sensor_async.py took 0.059 seconds
[2023-08-28 23:24:57,629] {processor.py:153} INFO - Started process (PID=62082) to work on /home/linuxlite/Documentos/airflow/venv/lib/python3.9/site-packages/airflow/example_dags/example_time_delta_sensor_async.py
[2023-08-28 23:24:57,630] {processor.py:641} INFO - Processing file /home/linuxlite/Documentos/airflow/venv/lib/python3.9/site-packages/airflow/example_dags/example_time_delta_sensor_async.py for tasks to queue
[2023-08-28 23:24:57,631] {logging_mixin.py:115} INFO - [2023-08-28 23:24:57,631] {dagbag.py:507} INFO - Filling up the DagBag from /home/linuxlite/Documentos/airflow/venv/lib/python3.9/site-packages/airflow/example_dags/example_time_delta_sensor_async.py
[2023-08-28 23:24:57,636] {processor.py:651} INFO - DAG(s) dict_keys(['example_time_delta_sensor_async']) retrieved from /home/linuxlite/Documentos/airflow/venv/lib/python3.9/site-packages/airflow/example_dags/example_time_delta_sensor_async.py
[2023-08-28 23:24:57,662] {logging_mixin.py:115} INFO - [2023-08-28 23:24:57,662] {dag.py:2379} INFO - Sync 1 DAGs
[2023-08-28 23:24:57,679] {logging_mixin.py:115} INFO - [2023-08-28 23:24:57,678] {dag.py:2927} INFO - Setting next_dagrun for example_time_delta_sensor_async to None, run_after=None
[2023-08-28 23:24:57,691] {processor.py:161} INFO - Processing /home/linuxlite/Documentos/airflow/venv/lib/python3.9/site-packages/airflow/example_dags/example_time_delta_sensor_async.py took 0.067 seconds
[2023-08-28 23:25:30,763] {processor.py:153} INFO - Started process (PID=62168) to work on /home/linuxlite/Documentos/airflow/venv/lib/python3.9/site-packages/airflow/example_dags/example_time_delta_sensor_async.py
[2023-08-28 23:25:30,764] {processor.py:641} INFO - Processing file /home/linuxlite/Documentos/airflow/venv/lib/python3.9/site-packages/airflow/example_dags/example_time_delta_sensor_async.py for tasks to queue
[2023-08-28 23:25:30,765] {logging_mixin.py:115} INFO - [2023-08-28 23:25:30,765] {dagbag.py:507} INFO - Filling up the DagBag from /home/linuxlite/Documentos/airflow/venv/lib/python3.9/site-packages/airflow/example_dags/example_time_delta_sensor_async.py
[2023-08-28 23:25:30,769] {processor.py:651} INFO - DAG(s) dict_keys(['example_time_delta_sensor_async']) retrieved from /home/linuxlite/Documentos/airflow/venv/lib/python3.9/site-packages/airflow/example_dags/example_time_delta_sensor_async.py
[2023-08-28 23:25:30,791] {logging_mixin.py:115} INFO - [2023-08-28 23:25:30,791] {dag.py:2379} INFO - Sync 1 DAGs
[2023-08-28 23:25:30,806] {logging_mixin.py:115} INFO - [2023-08-28 23:25:30,806] {dag.py:2927} INFO - Setting next_dagrun for example_time_delta_sensor_async to None, run_after=None
[2023-08-28 23:25:30,817] {processor.py:161} INFO - Processing /home/linuxlite/Documentos/airflow/venv/lib/python3.9/site-packages/airflow/example_dags/example_time_delta_sensor_async.py took 0.057 seconds
[2023-08-28 23:26:04,491] {processor.py:153} INFO - Started process (PID=62210) to work on /home/linuxlite/Documentos/airflow/venv/lib/python3.9/site-packages/airflow/example_dags/example_time_delta_sensor_async.py
[2023-08-28 23:26:04,491] {processor.py:641} INFO - Processing file /home/linuxlite/Documentos/airflow/venv/lib/python3.9/site-packages/airflow/example_dags/example_time_delta_sensor_async.py for tasks to queue
[2023-08-28 23:26:04,492] {logging_mixin.py:115} INFO - [2023-08-28 23:26:04,492] {dagbag.py:507} INFO - Filling up the DagBag from /home/linuxlite/Documentos/airflow/venv/lib/python3.9/site-packages/airflow/example_dags/example_time_delta_sensor_async.py
[2023-08-28 23:26:04,498] {processor.py:651} INFO - DAG(s) dict_keys(['example_time_delta_sensor_async']) retrieved from /home/linuxlite/Documentos/airflow/venv/lib/python3.9/site-packages/airflow/example_dags/example_time_delta_sensor_async.py
[2023-08-28 23:26:04,521] {logging_mixin.py:115} INFO - [2023-08-28 23:26:04,521] {dag.py:2379} INFO - Sync 1 DAGs
[2023-08-28 23:26:04,537] {logging_mixin.py:115} INFO - [2023-08-28 23:26:04,537] {dag.py:2927} INFO - Setting next_dagrun for example_time_delta_sensor_async to None, run_after=None
[2023-08-28 23:26:04,548] {processor.py:161} INFO - Processing /home/linuxlite/Documentos/airflow/venv/lib/python3.9/site-packages/airflow/example_dags/example_time_delta_sensor_async.py took 0.061 seconds
[2023-08-28 23:26:38,175] {processor.py:153} INFO - Started process (PID=62250) to work on /home/linuxlite/Documentos/airflow/venv/lib/python3.9/site-packages/airflow/example_dags/example_time_delta_sensor_async.py
[2023-08-28 23:26:38,176] {processor.py:641} INFO - Processing file /home/linuxlite/Documentos/airflow/venv/lib/python3.9/site-packages/airflow/example_dags/example_time_delta_sensor_async.py for tasks to queue
[2023-08-28 23:26:38,177] {logging_mixin.py:115} INFO - [2023-08-28 23:26:38,177] {dagbag.py:507} INFO - Filling up the DagBag from /home/linuxlite/Documentos/airflow/venv/lib/python3.9/site-packages/airflow/example_dags/example_time_delta_sensor_async.py
[2023-08-28 23:26:38,182] {processor.py:651} INFO - DAG(s) dict_keys(['example_time_delta_sensor_async']) retrieved from /home/linuxlite/Documentos/airflow/venv/lib/python3.9/site-packages/airflow/example_dags/example_time_delta_sensor_async.py
[2023-08-28 23:26:38,204] {logging_mixin.py:115} INFO - [2023-08-28 23:26:38,204] {dag.py:2379} INFO - Sync 1 DAGs
[2023-08-28 23:26:38,220] {logging_mixin.py:115} INFO - [2023-08-28 23:26:38,220] {dag.py:2927} INFO - Setting next_dagrun for example_time_delta_sensor_async to None, run_after=None
[2023-08-28 23:26:38,231] {processor.py:161} INFO - Processing /home/linuxlite/Documentos/airflow/venv/lib/python3.9/site-packages/airflow/example_dags/example_time_delta_sensor_async.py took 0.059 seconds
[2023-08-28 23:27:13,864] {processor.py:153} INFO - Started process (PID=62308) to work on /home/linuxlite/Documentos/airflow/venv/lib/python3.9/site-packages/airflow/example_dags/example_time_delta_sensor_async.py
[2023-08-28 23:27:13,865] {processor.py:641} INFO - Processing file /home/linuxlite/Documentos/airflow/venv/lib/python3.9/site-packages/airflow/example_dags/example_time_delta_sensor_async.py for tasks to queue
[2023-08-28 23:27:13,865] {logging_mixin.py:115} INFO - [2023-08-28 23:27:13,865] {dagbag.py:507} INFO - Filling up the DagBag from /home/linuxlite/Documentos/airflow/venv/lib/python3.9/site-packages/airflow/example_dags/example_time_delta_sensor_async.py
[2023-08-28 23:27:13,870] {processor.py:651} INFO - DAG(s) dict_keys(['example_time_delta_sensor_async']) retrieved from /home/linuxlite/Documentos/airflow/venv/lib/python3.9/site-packages/airflow/example_dags/example_time_delta_sensor_async.py
[2023-08-28 23:27:13,892] {logging_mixin.py:115} INFO - [2023-08-28 23:27:13,892] {dag.py:2379} INFO - Sync 1 DAGs
[2023-08-28 23:27:13,906] {logging_mixin.py:115} INFO - [2023-08-28 23:27:13,906] {dag.py:2927} INFO - Setting next_dagrun for example_time_delta_sensor_async to None, run_after=None
[2023-08-28 23:27:13,917] {processor.py:161} INFO - Processing /home/linuxlite/Documentos/airflow/venv/lib/python3.9/site-packages/airflow/example_dags/example_time_delta_sensor_async.py took 0.056 seconds
[2023-08-28 23:27:50,186] {processor.py:153} INFO - Started process (PID=62434) to work on /home/linuxlite/Documentos/airflow/venv/lib/python3.9/site-packages/airflow/example_dags/example_time_delta_sensor_async.py
[2023-08-28 23:27:50,187] {processor.py:641} INFO - Processing file /home/linuxlite/Documentos/airflow/venv/lib/python3.9/site-packages/airflow/example_dags/example_time_delta_sensor_async.py for tasks to queue
[2023-08-28 23:27:50,188] {logging_mixin.py:115} INFO - [2023-08-28 23:27:50,188] {dagbag.py:507} INFO - Filling up the DagBag from /home/linuxlite/Documentos/airflow/venv/lib/python3.9/site-packages/airflow/example_dags/example_time_delta_sensor_async.py
[2023-08-28 23:27:50,192] {processor.py:651} INFO - DAG(s) dict_keys(['example_time_delta_sensor_async']) retrieved from /home/linuxlite/Documentos/airflow/venv/lib/python3.9/site-packages/airflow/example_dags/example_time_delta_sensor_async.py
[2023-08-28 23:27:50,219] {logging_mixin.py:115} INFO - [2023-08-28 23:27:50,219] {dag.py:2379} INFO - Sync 1 DAGs
[2023-08-28 23:27:50,234] {logging_mixin.py:115} INFO - [2023-08-28 23:27:50,234] {dag.py:2927} INFO - Setting next_dagrun for example_time_delta_sensor_async to None, run_after=None
[2023-08-28 23:27:50,247] {processor.py:161} INFO - Processing /home/linuxlite/Documentos/airflow/venv/lib/python3.9/site-packages/airflow/example_dags/example_time_delta_sensor_async.py took 0.063 seconds
