[2023-08-28 23:10:55,621] {processor.py:153} INFO - Started process (PID=59974) to work on /home/linuxlite/Documentos/airflow/venv/lib/python3.9/site-packages/airflow/example_dags/example_task_group_decorator.py
[2023-08-28 23:10:55,622] {processor.py:641} INFO - Processing file /home/linuxlite/Documentos/airflow/venv/lib/python3.9/site-packages/airflow/example_dags/example_task_group_decorator.py for tasks to queue
[2023-08-28 23:10:55,622] {logging_mixin.py:115} INFO - [2023-08-28 23:10:55,622] {dagbag.py:507} INFO - Filling up the DagBag from /home/linuxlite/Documentos/airflow/venv/lib/python3.9/site-packages/airflow/example_dags/example_task_group_decorator.py
[2023-08-28 23:10:55,646] {processor.py:651} INFO - DAG(s) dict_keys(['example_task_group_decorator']) retrieved from /home/linuxlite/Documentos/airflow/venv/lib/python3.9/site-packages/airflow/example_dags/example_task_group_decorator.py
[2023-08-28 23:10:55,692] {logging_mixin.py:115} INFO - [2023-08-28 23:10:55,692] {dag.py:2379} INFO - Sync 1 DAGs
[2023-08-28 23:10:55,711] {logging_mixin.py:115} INFO - [2023-08-28 23:10:55,710] {dag.py:2927} INFO - Setting next_dagrun for example_task_group_decorator to 2023-08-28T02:10:55.710652+00:00, run_after=2023-08-29T02:10:55.710652+00:00
[2023-08-28 23:10:55,725] {processor.py:161} INFO - Processing /home/linuxlite/Documentos/airflow/venv/lib/python3.9/site-packages/airflow/example_dags/example_task_group_decorator.py took 0.107 seconds
[2023-08-28 23:11:31,302] {processor.py:153} INFO - Started process (PID=60062) to work on /home/linuxlite/Documentos/airflow/venv/lib/python3.9/site-packages/airflow/example_dags/example_task_group_decorator.py
[2023-08-28 23:11:31,303] {processor.py:641} INFO - Processing file /home/linuxlite/Documentos/airflow/venv/lib/python3.9/site-packages/airflow/example_dags/example_task_group_decorator.py for tasks to queue
[2023-08-28 23:11:31,304] {logging_mixin.py:115} INFO - [2023-08-28 23:11:31,304] {dagbag.py:507} INFO - Filling up the DagBag from /home/linuxlite/Documentos/airflow/venv/lib/python3.9/site-packages/airflow/example_dags/example_task_group_decorator.py
[2023-08-28 23:11:31,328] {processor.py:651} INFO - DAG(s) dict_keys(['example_task_group_decorator']) retrieved from /home/linuxlite/Documentos/airflow/venv/lib/python3.9/site-packages/airflow/example_dags/example_task_group_decorator.py
[2023-08-28 23:11:31,381] {logging_mixin.py:115} INFO - [2023-08-28 23:11:31,381] {dag.py:2379} INFO - Sync 1 DAGs
[2023-08-28 23:11:31,397] {logging_mixin.py:115} INFO - [2023-08-28 23:11:31,396] {dag.py:2927} INFO - Setting next_dagrun for example_task_group_decorator to 2023-08-28T02:11:31.396507+00:00, run_after=2023-08-29T02:11:31.396507+00:00
[2023-08-28 23:11:31,410] {processor.py:161} INFO - Processing /home/linuxlite/Documentos/airflow/venv/lib/python3.9/site-packages/airflow/example_dags/example_task_group_decorator.py took 0.112 seconds
[2023-08-28 23:12:05,411] {processor.py:153} INFO - Started process (PID=60098) to work on /home/linuxlite/Documentos/airflow/venv/lib/python3.9/site-packages/airflow/example_dags/example_task_group_decorator.py
[2023-08-28 23:12:05,412] {processor.py:641} INFO - Processing file /home/linuxlite/Documentos/airflow/venv/lib/python3.9/site-packages/airflow/example_dags/example_task_group_decorator.py for tasks to queue
[2023-08-28 23:12:05,413] {logging_mixin.py:115} INFO - [2023-08-28 23:12:05,413] {dagbag.py:507} INFO - Filling up the DagBag from /home/linuxlite/Documentos/airflow/venv/lib/python3.9/site-packages/airflow/example_dags/example_task_group_decorator.py
[2023-08-28 23:12:05,438] {processor.py:651} INFO - DAG(s) dict_keys(['example_task_group_decorator']) retrieved from /home/linuxlite/Documentos/airflow/venv/lib/python3.9/site-packages/airflow/example_dags/example_task_group_decorator.py
[2023-08-28 23:12:05,477] {logging_mixin.py:115} INFO - [2023-08-28 23:12:05,477] {dag.py:2379} INFO - Sync 1 DAGs
[2023-08-28 23:12:05,488] {logging_mixin.py:115} INFO - [2023-08-28 23:12:05,488] {dag.py:2927} INFO - Setting next_dagrun for example_task_group_decorator to 2023-08-28T02:12:05.488628+00:00, run_after=2023-08-29T02:12:05.488628+00:00
[2023-08-28 23:12:05,500] {processor.py:161} INFO - Processing /home/linuxlite/Documentos/airflow/venv/lib/python3.9/site-packages/airflow/example_dags/example_task_group_decorator.py took 0.096 seconds
[2023-08-28 23:12:40,347] {processor.py:153} INFO - Started process (PID=60143) to work on /home/linuxlite/Documentos/airflow/venv/lib/python3.9/site-packages/airflow/example_dags/example_task_group_decorator.py
[2023-08-28 23:12:40,348] {processor.py:641} INFO - Processing file /home/linuxlite/Documentos/airflow/venv/lib/python3.9/site-packages/airflow/example_dags/example_task_group_decorator.py for tasks to queue
[2023-08-28 23:12:40,349] {logging_mixin.py:115} INFO - [2023-08-28 23:12:40,349] {dagbag.py:507} INFO - Filling up the DagBag from /home/linuxlite/Documentos/airflow/venv/lib/python3.9/site-packages/airflow/example_dags/example_task_group_decorator.py
[2023-08-28 23:12:40,372] {processor.py:651} INFO - DAG(s) dict_keys(['example_task_group_decorator']) retrieved from /home/linuxlite/Documentos/airflow/venv/lib/python3.9/site-packages/airflow/example_dags/example_task_group_decorator.py
[2023-08-28 23:12:40,417] {logging_mixin.py:115} INFO - [2023-08-28 23:12:40,416] {dag.py:2379} INFO - Sync 1 DAGs
[2023-08-28 23:12:40,430] {logging_mixin.py:115} INFO - [2023-08-28 23:12:40,430] {dag.py:2927} INFO - Setting next_dagrun for example_task_group_decorator to 2023-08-28T02:12:40.430465+00:00, run_after=2023-08-29T02:12:40.430465+00:00
[2023-08-28 23:12:40,443] {processor.py:161} INFO - Processing /home/linuxlite/Documentos/airflow/venv/lib/python3.9/site-packages/airflow/example_dags/example_task_group_decorator.py took 0.099 seconds
[2023-08-28 23:13:15,412] {processor.py:153} INFO - Started process (PID=60178) to work on /home/linuxlite/Documentos/airflow/venv/lib/python3.9/site-packages/airflow/example_dags/example_task_group_decorator.py
[2023-08-28 23:13:15,412] {processor.py:641} INFO - Processing file /home/linuxlite/Documentos/airflow/venv/lib/python3.9/site-packages/airflow/example_dags/example_task_group_decorator.py for tasks to queue
[2023-08-28 23:13:15,413] {logging_mixin.py:115} INFO - [2023-08-28 23:13:15,413] {dagbag.py:507} INFO - Filling up the DagBag from /home/linuxlite/Documentos/airflow/venv/lib/python3.9/site-packages/airflow/example_dags/example_task_group_decorator.py
[2023-08-28 23:13:15,441] {processor.py:651} INFO - DAG(s) dict_keys(['example_task_group_decorator']) retrieved from /home/linuxlite/Documentos/airflow/venv/lib/python3.9/site-packages/airflow/example_dags/example_task_group_decorator.py
[2023-08-28 23:13:15,536] {logging_mixin.py:115} INFO - [2023-08-28 23:13:15,536] {dag.py:2379} INFO - Sync 1 DAGs
[2023-08-28 23:13:15,562] {logging_mixin.py:115} INFO - [2023-08-28 23:13:15,562] {dag.py:2927} INFO - Setting next_dagrun for example_task_group_decorator to 2023-08-28T02:13:15.561772+00:00, run_after=2023-08-29T02:13:15.561772+00:00
[2023-08-28 23:13:15,585] {processor.py:161} INFO - Processing /home/linuxlite/Documentos/airflow/venv/lib/python3.9/site-packages/airflow/example_dags/example_task_group_decorator.py took 0.178 seconds
[2023-08-28 23:13:49,922] {processor.py:153} INFO - Started process (PID=60221) to work on /home/linuxlite/Documentos/airflow/venv/lib/python3.9/site-packages/airflow/example_dags/example_task_group_decorator.py
[2023-08-28 23:13:49,923] {processor.py:641} INFO - Processing file /home/linuxlite/Documentos/airflow/venv/lib/python3.9/site-packages/airflow/example_dags/example_task_group_decorator.py for tasks to queue
[2023-08-28 23:13:49,923] {logging_mixin.py:115} INFO - [2023-08-28 23:13:49,923] {dagbag.py:507} INFO - Filling up the DagBag from /home/linuxlite/Documentos/airflow/venv/lib/python3.9/site-packages/airflow/example_dags/example_task_group_decorator.py
[2023-08-28 23:13:49,948] {processor.py:651} INFO - DAG(s) dict_keys(['example_task_group_decorator']) retrieved from /home/linuxlite/Documentos/airflow/venv/lib/python3.9/site-packages/airflow/example_dags/example_task_group_decorator.py
[2023-08-28 23:13:49,999] {logging_mixin.py:115} INFO - [2023-08-28 23:13:49,999] {dag.py:2379} INFO - Sync 1 DAGs
[2023-08-28 23:13:50,015] {logging_mixin.py:115} INFO - [2023-08-28 23:13:50,014] {dag.py:2927} INFO - Setting next_dagrun for example_task_group_decorator to 2023-08-28T02:13:50.014590+00:00, run_after=2023-08-29T02:13:50.014590+00:00
[2023-08-28 23:13:50,030] {processor.py:161} INFO - Processing /home/linuxlite/Documentos/airflow/venv/lib/python3.9/site-packages/airflow/example_dags/example_task_group_decorator.py took 0.111 seconds
[2023-08-28 23:14:25,172] {processor.py:153} INFO - Started process (PID=60268) to work on /home/linuxlite/Documentos/airflow/venv/lib/python3.9/site-packages/airflow/example_dags/example_task_group_decorator.py
[2023-08-28 23:14:25,173] {processor.py:641} INFO - Processing file /home/linuxlite/Documentos/airflow/venv/lib/python3.9/site-packages/airflow/example_dags/example_task_group_decorator.py for tasks to queue
[2023-08-28 23:14:25,174] {logging_mixin.py:115} INFO - [2023-08-28 23:14:25,174] {dagbag.py:507} INFO - Filling up the DagBag from /home/linuxlite/Documentos/airflow/venv/lib/python3.9/site-packages/airflow/example_dags/example_task_group_decorator.py
[2023-08-28 23:14:25,202] {processor.py:651} INFO - DAG(s) dict_keys(['example_task_group_decorator']) retrieved from /home/linuxlite/Documentos/airflow/venv/lib/python3.9/site-packages/airflow/example_dags/example_task_group_decorator.py
[2023-08-28 23:14:25,252] {logging_mixin.py:115} INFO - [2023-08-28 23:14:25,251] {dag.py:2379} INFO - Sync 1 DAGs
[2023-08-28 23:14:25,269] {logging_mixin.py:115} INFO - [2023-08-28 23:14:25,269] {dag.py:2927} INFO - Setting next_dagrun for example_task_group_decorator to 2023-08-28T02:14:25.269463+00:00, run_after=2023-08-29T02:14:25.269463+00:00
[2023-08-28 23:14:25,284] {processor.py:161} INFO - Processing /home/linuxlite/Documentos/airflow/venv/lib/python3.9/site-packages/airflow/example_dags/example_task_group_decorator.py took 0.114 seconds
[2023-08-28 23:15:01,010] {processor.py:153} INFO - Started process (PID=60363) to work on /home/linuxlite/Documentos/airflow/venv/lib/python3.9/site-packages/airflow/example_dags/example_task_group_decorator.py
[2023-08-28 23:15:01,011] {processor.py:641} INFO - Processing file /home/linuxlite/Documentos/airflow/venv/lib/python3.9/site-packages/airflow/example_dags/example_task_group_decorator.py for tasks to queue
[2023-08-28 23:15:01,012] {logging_mixin.py:115} INFO - [2023-08-28 23:15:01,012] {dagbag.py:507} INFO - Filling up the DagBag from /home/linuxlite/Documentos/airflow/venv/lib/python3.9/site-packages/airflow/example_dags/example_task_group_decorator.py
[2023-08-28 23:15:01,044] {processor.py:651} INFO - DAG(s) dict_keys(['example_task_group_decorator']) retrieved from /home/linuxlite/Documentos/airflow/venv/lib/python3.9/site-packages/airflow/example_dags/example_task_group_decorator.py
[2023-08-28 23:15:01,096] {logging_mixin.py:115} INFO - [2023-08-28 23:15:01,096] {dag.py:2379} INFO - Sync 1 DAGs
[2023-08-28 23:15:01,112] {logging_mixin.py:115} INFO - [2023-08-28 23:15:01,112] {dag.py:2927} INFO - Setting next_dagrun for example_task_group_decorator to 2023-08-28T02:15:01.112239+00:00, run_after=2023-08-29T02:15:01.112239+00:00
[2023-08-28 23:15:01,135] {processor.py:161} INFO - Processing /home/linuxlite/Documentos/airflow/venv/lib/python3.9/site-packages/airflow/example_dags/example_task_group_decorator.py took 0.128 seconds
[2023-08-28 23:15:34,641] {processor.py:153} INFO - Started process (PID=60556) to work on /home/linuxlite/Documentos/airflow/venv/lib/python3.9/site-packages/airflow/example_dags/example_task_group_decorator.py
[2023-08-28 23:15:34,642] {processor.py:641} INFO - Processing file /home/linuxlite/Documentos/airflow/venv/lib/python3.9/site-packages/airflow/example_dags/example_task_group_decorator.py for tasks to queue
[2023-08-28 23:15:34,643] {logging_mixin.py:115} INFO - [2023-08-28 23:15:34,643] {dagbag.py:507} INFO - Filling up the DagBag from /home/linuxlite/Documentos/airflow/venv/lib/python3.9/site-packages/airflow/example_dags/example_task_group_decorator.py
[2023-08-28 23:15:34,713] {processor.py:651} INFO - DAG(s) dict_keys(['example_task_group_decorator']) retrieved from /home/linuxlite/Documentos/airflow/venv/lib/python3.9/site-packages/airflow/example_dags/example_task_group_decorator.py
[2023-08-28 23:15:34,752] {logging_mixin.py:115} INFO - [2023-08-28 23:15:34,751] {dag.py:2379} INFO - Sync 1 DAGs
[2023-08-28 23:15:34,781] {logging_mixin.py:115} INFO - [2023-08-28 23:15:34,781] {dag.py:2927} INFO - Setting next_dagrun for example_task_group_decorator to 2023-08-28T02:15:34.780877+00:00, run_after=2023-08-29T02:15:34.780877+00:00
[2023-08-28 23:15:34,800] {processor.py:161} INFO - Processing /home/linuxlite/Documentos/airflow/venv/lib/python3.9/site-packages/airflow/example_dags/example_task_group_decorator.py took 0.165 seconds
[2023-08-28 23:16:08,370] {processor.py:153} INFO - Started process (PID=60592) to work on /home/linuxlite/Documentos/airflow/venv/lib/python3.9/site-packages/airflow/example_dags/example_task_group_decorator.py
[2023-08-28 23:16:08,371] {processor.py:641} INFO - Processing file /home/linuxlite/Documentos/airflow/venv/lib/python3.9/site-packages/airflow/example_dags/example_task_group_decorator.py for tasks to queue
[2023-08-28 23:16:08,372] {logging_mixin.py:115} INFO - [2023-08-28 23:16:08,371] {dagbag.py:507} INFO - Filling up the DagBag from /home/linuxlite/Documentos/airflow/venv/lib/python3.9/site-packages/airflow/example_dags/example_task_group_decorator.py
[2023-08-28 23:16:08,398] {processor.py:651} INFO - DAG(s) dict_keys(['example_task_group_decorator']) retrieved from /home/linuxlite/Documentos/airflow/venv/lib/python3.9/site-packages/airflow/example_dags/example_task_group_decorator.py
[2023-08-28 23:16:08,413] {logging_mixin.py:115} INFO - [2023-08-28 23:16:08,413] {dag.py:2379} INFO - Sync 1 DAGs
[2023-08-28 23:16:08,428] {logging_mixin.py:115} INFO - [2023-08-28 23:16:08,428] {dag.py:2927} INFO - Setting next_dagrun for example_task_group_decorator to 2023-08-28T02:16:08.428009+00:00, run_after=2023-08-29T02:16:08.428009+00:00
[2023-08-28 23:16:08,439] {processor.py:161} INFO - Processing /home/linuxlite/Documentos/airflow/venv/lib/python3.9/site-packages/airflow/example_dags/example_task_group_decorator.py took 0.072 seconds
[2023-08-28 23:16:43,476] {processor.py:153} INFO - Started process (PID=60754) to work on /home/linuxlite/Documentos/airflow/venv/lib/python3.9/site-packages/airflow/example_dags/example_task_group_decorator.py
[2023-08-28 23:16:43,477] {processor.py:641} INFO - Processing file /home/linuxlite/Documentos/airflow/venv/lib/python3.9/site-packages/airflow/example_dags/example_task_group_decorator.py for tasks to queue
[2023-08-28 23:16:43,478] {logging_mixin.py:115} INFO - [2023-08-28 23:16:43,478] {dagbag.py:507} INFO - Filling up the DagBag from /home/linuxlite/Documentos/airflow/venv/lib/python3.9/site-packages/airflow/example_dags/example_task_group_decorator.py
[2023-08-28 23:16:43,510] {processor.py:651} INFO - DAG(s) dict_keys(['example_task_group_decorator']) retrieved from /home/linuxlite/Documentos/airflow/venv/lib/python3.9/site-packages/airflow/example_dags/example_task_group_decorator.py
[2023-08-28 23:16:43,527] {logging_mixin.py:115} INFO - [2023-08-28 23:16:43,527] {dag.py:2379} INFO - Sync 1 DAGs
[2023-08-28 23:16:43,543] {logging_mixin.py:115} INFO - [2023-08-28 23:16:43,543] {dag.py:2927} INFO - Setting next_dagrun for example_task_group_decorator to 2023-08-28T02:16:43.542904+00:00, run_after=2023-08-29T02:16:43.542904+00:00
[2023-08-28 23:16:43,555] {processor.py:161} INFO - Processing /home/linuxlite/Documentos/airflow/venv/lib/python3.9/site-packages/airflow/example_dags/example_task_group_decorator.py took 0.087 seconds
[2023-08-28 23:17:17,588] {processor.py:153} INFO - Started process (PID=60841) to work on /home/linuxlite/Documentos/airflow/venv/lib/python3.9/site-packages/airflow/example_dags/example_task_group_decorator.py
[2023-08-28 23:17:17,589] {processor.py:641} INFO - Processing file /home/linuxlite/Documentos/airflow/venv/lib/python3.9/site-packages/airflow/example_dags/example_task_group_decorator.py for tasks to queue
[2023-08-28 23:17:17,590] {logging_mixin.py:115} INFO - [2023-08-28 23:17:17,589] {dagbag.py:507} INFO - Filling up the DagBag from /home/linuxlite/Documentos/airflow/venv/lib/python3.9/site-packages/airflow/example_dags/example_task_group_decorator.py
[2023-08-28 23:17:17,615] {processor.py:651} INFO - DAG(s) dict_keys(['example_task_group_decorator']) retrieved from /home/linuxlite/Documentos/airflow/venv/lib/python3.9/site-packages/airflow/example_dags/example_task_group_decorator.py
[2023-08-28 23:17:17,633] {logging_mixin.py:115} INFO - [2023-08-28 23:17:17,633] {dag.py:2379} INFO - Sync 1 DAGs
[2023-08-28 23:17:17,647] {logging_mixin.py:115} INFO - [2023-08-28 23:17:17,647] {dag.py:2927} INFO - Setting next_dagrun for example_task_group_decorator to 2023-08-28T02:17:17.647079+00:00, run_after=2023-08-29T02:17:17.647079+00:00
[2023-08-28 23:17:17,659] {processor.py:161} INFO - Processing /home/linuxlite/Documentos/airflow/venv/lib/python3.9/site-packages/airflow/example_dags/example_task_group_decorator.py took 0.074 seconds
[2023-08-28 23:17:54,077] {processor.py:153} INFO - Started process (PID=61043) to work on /home/linuxlite/Documentos/airflow/venv/lib/python3.9/site-packages/airflow/example_dags/example_task_group_decorator.py
[2023-08-28 23:17:54,079] {processor.py:641} INFO - Processing file /home/linuxlite/Documentos/airflow/venv/lib/python3.9/site-packages/airflow/example_dags/example_task_group_decorator.py for tasks to queue
[2023-08-28 23:17:54,079] {logging_mixin.py:115} INFO - [2023-08-28 23:17:54,079] {dagbag.py:507} INFO - Filling up the DagBag from /home/linuxlite/Documentos/airflow/venv/lib/python3.9/site-packages/airflow/example_dags/example_task_group_decorator.py
[2023-08-28 23:17:54,111] {processor.py:651} INFO - DAG(s) dict_keys(['example_task_group_decorator']) retrieved from /home/linuxlite/Documentos/airflow/venv/lib/python3.9/site-packages/airflow/example_dags/example_task_group_decorator.py
[2023-08-28 23:17:54,127] {logging_mixin.py:115} INFO - [2023-08-28 23:17:54,127] {dag.py:2379} INFO - Sync 1 DAGs
[2023-08-28 23:17:54,143] {logging_mixin.py:115} INFO - [2023-08-28 23:17:54,143] {dag.py:2927} INFO - Setting next_dagrun for example_task_group_decorator to 2023-08-28T02:17:54.143117+00:00, run_after=2023-08-29T02:17:54.143117+00:00
[2023-08-28 23:17:54,156] {processor.py:161} INFO - Processing /home/linuxlite/Documentos/airflow/venv/lib/python3.9/site-packages/airflow/example_dags/example_task_group_decorator.py took 0.082 seconds
[2023-08-28 23:18:29,792] {processor.py:153} INFO - Started process (PID=61468) to work on /home/linuxlite/Documentos/airflow/venv/lib/python3.9/site-packages/airflow/example_dags/example_task_group_decorator.py
[2023-08-28 23:18:29,794] {processor.py:641} INFO - Processing file /home/linuxlite/Documentos/airflow/venv/lib/python3.9/site-packages/airflow/example_dags/example_task_group_decorator.py for tasks to queue
[2023-08-28 23:18:29,795] {logging_mixin.py:115} INFO - [2023-08-28 23:18:29,795] {dagbag.py:507} INFO - Filling up the DagBag from /home/linuxlite/Documentos/airflow/venv/lib/python3.9/site-packages/airflow/example_dags/example_task_group_decorator.py
[2023-08-28 23:18:29,834] {processor.py:651} INFO - DAG(s) dict_keys(['example_task_group_decorator']) retrieved from /home/linuxlite/Documentos/airflow/venv/lib/python3.9/site-packages/airflow/example_dags/example_task_group_decorator.py
[2023-08-28 23:18:29,852] {logging_mixin.py:115} INFO - [2023-08-28 23:18:29,852] {dag.py:2379} INFO - Sync 1 DAGs
[2023-08-28 23:18:29,871] {logging_mixin.py:115} INFO - [2023-08-28 23:18:29,871] {dag.py:2927} INFO - Setting next_dagrun for example_task_group_decorator to 2023-08-28T02:18:29.870873+00:00, run_after=2023-08-29T02:18:29.870873+00:00
[2023-08-28 23:18:29,883] {processor.py:161} INFO - Processing /home/linuxlite/Documentos/airflow/venv/lib/python3.9/site-packages/airflow/example_dags/example_task_group_decorator.py took 0.100 seconds
[2023-08-28 23:19:05,369] {processor.py:153} INFO - Started process (PID=61553) to work on /home/linuxlite/Documentos/airflow/venv/lib/python3.9/site-packages/airflow/example_dags/example_task_group_decorator.py
[2023-08-28 23:19:05,370] {processor.py:641} INFO - Processing file /home/linuxlite/Documentos/airflow/venv/lib/python3.9/site-packages/airflow/example_dags/example_task_group_decorator.py for tasks to queue
[2023-08-28 23:19:05,370] {logging_mixin.py:115} INFO - [2023-08-28 23:19:05,370] {dagbag.py:507} INFO - Filling up the DagBag from /home/linuxlite/Documentos/airflow/venv/lib/python3.9/site-packages/airflow/example_dags/example_task_group_decorator.py
[2023-08-28 23:19:05,403] {processor.py:651} INFO - DAG(s) dict_keys(['example_task_group_decorator']) retrieved from /home/linuxlite/Documentos/airflow/venv/lib/python3.9/site-packages/airflow/example_dags/example_task_group_decorator.py
[2023-08-28 23:19:05,422] {logging_mixin.py:115} INFO - [2023-08-28 23:19:05,422] {dag.py:2379} INFO - Sync 1 DAGs
[2023-08-28 23:19:05,440] {logging_mixin.py:115} INFO - [2023-08-28 23:19:05,440] {dag.py:2927} INFO - Setting next_dagrun for example_task_group_decorator to 2023-08-28T02:19:05.439981+00:00, run_after=2023-08-29T02:19:05.439981+00:00
[2023-08-28 23:19:05,453] {processor.py:161} INFO - Processing /home/linuxlite/Documentos/airflow/venv/lib/python3.9/site-packages/airflow/example_dags/example_task_group_decorator.py took 0.087 seconds
[2023-08-28 23:19:38,338] {processor.py:153} INFO - Started process (PID=61613) to work on /home/linuxlite/Documentos/airflow/venv/lib/python3.9/site-packages/airflow/example_dags/example_task_group_decorator.py
[2023-08-28 23:19:38,339] {processor.py:641} INFO - Processing file /home/linuxlite/Documentos/airflow/venv/lib/python3.9/site-packages/airflow/example_dags/example_task_group_decorator.py for tasks to queue
[2023-08-28 23:19:38,340] {logging_mixin.py:115} INFO - [2023-08-28 23:19:38,340] {dagbag.py:507} INFO - Filling up the DagBag from /home/linuxlite/Documentos/airflow/venv/lib/python3.9/site-packages/airflow/example_dags/example_task_group_decorator.py
[2023-08-28 23:19:38,364] {processor.py:651} INFO - DAG(s) dict_keys(['example_task_group_decorator']) retrieved from /home/linuxlite/Documentos/airflow/venv/lib/python3.9/site-packages/airflow/example_dags/example_task_group_decorator.py
[2023-08-28 23:19:38,382] {logging_mixin.py:115} INFO - [2023-08-28 23:19:38,381] {dag.py:2379} INFO - Sync 1 DAGs
[2023-08-28 23:19:38,396] {logging_mixin.py:115} INFO - [2023-08-28 23:19:38,396] {dag.py:2927} INFO - Setting next_dagrun for example_task_group_decorator to 2023-08-28T02:19:38.396374+00:00, run_after=2023-08-29T02:19:38.396374+00:00
[2023-08-28 23:19:38,406] {processor.py:161} INFO - Processing /home/linuxlite/Documentos/airflow/venv/lib/python3.9/site-packages/airflow/example_dags/example_task_group_decorator.py took 0.071 seconds
[2023-08-28 23:20:13,353] {processor.py:153} INFO - Started process (PID=61720) to work on /home/linuxlite/Documentos/airflow/venv/lib/python3.9/site-packages/airflow/example_dags/example_task_group_decorator.py
[2023-08-28 23:20:13,354] {processor.py:641} INFO - Processing file /home/linuxlite/Documentos/airflow/venv/lib/python3.9/site-packages/airflow/example_dags/example_task_group_decorator.py for tasks to queue
[2023-08-28 23:20:13,355] {logging_mixin.py:115} INFO - [2023-08-28 23:20:13,355] {dagbag.py:507} INFO - Filling up the DagBag from /home/linuxlite/Documentos/airflow/venv/lib/python3.9/site-packages/airflow/example_dags/example_task_group_decorator.py
[2023-08-28 23:20:13,383] {processor.py:651} INFO - DAG(s) dict_keys(['example_task_group_decorator']) retrieved from /home/linuxlite/Documentos/airflow/venv/lib/python3.9/site-packages/airflow/example_dags/example_task_group_decorator.py
[2023-08-28 23:20:13,445] {logging_mixin.py:115} INFO - [2023-08-28 23:20:13,445] {dag.py:2379} INFO - Sync 1 DAGs
[2023-08-28 23:20:13,457] {logging_mixin.py:115} INFO - [2023-08-28 23:20:13,457] {dag.py:2927} INFO - Setting next_dagrun for example_task_group_decorator to 2023-08-28T02:20:13.457424+00:00, run_after=2023-08-29T02:20:13.457424+00:00
[2023-08-28 23:20:13,472] {processor.py:161} INFO - Processing /home/linuxlite/Documentos/airflow/venv/lib/python3.9/site-packages/airflow/example_dags/example_task_group_decorator.py took 0.122 seconds
[2023-08-28 23:20:46,998] {processor.py:153} INFO - Started process (PID=61755) to work on /home/linuxlite/Documentos/airflow/venv/lib/python3.9/site-packages/airflow/example_dags/example_task_group_decorator.py
[2023-08-28 23:20:46,999] {processor.py:641} INFO - Processing file /home/linuxlite/Documentos/airflow/venv/lib/python3.9/site-packages/airflow/example_dags/example_task_group_decorator.py for tasks to queue
[2023-08-28 23:20:46,999] {logging_mixin.py:115} INFO - [2023-08-28 23:20:46,999] {dagbag.py:507} INFO - Filling up the DagBag from /home/linuxlite/Documentos/airflow/venv/lib/python3.9/site-packages/airflow/example_dags/example_task_group_decorator.py
[2023-08-28 23:20:47,025] {processor.py:651} INFO - DAG(s) dict_keys(['example_task_group_decorator']) retrieved from /home/linuxlite/Documentos/airflow/venv/lib/python3.9/site-packages/airflow/example_dags/example_task_group_decorator.py
[2023-08-28 23:20:47,042] {logging_mixin.py:115} INFO - [2023-08-28 23:20:47,042] {dag.py:2379} INFO - Sync 1 DAGs
[2023-08-28 23:20:47,058] {logging_mixin.py:115} INFO - [2023-08-28 23:20:47,058] {dag.py:2927} INFO - Setting next_dagrun for example_task_group_decorator to 2023-08-28T02:20:47.058089+00:00, run_after=2023-08-29T02:20:47.058089+00:00
[2023-08-28 23:20:47,074] {processor.py:161} INFO - Processing /home/linuxlite/Documentos/airflow/venv/lib/python3.9/site-packages/airflow/example_dags/example_task_group_decorator.py took 0.079 seconds
[2023-08-28 23:21:19,817] {processor.py:153} INFO - Started process (PID=61796) to work on /home/linuxlite/Documentos/airflow/venv/lib/python3.9/site-packages/airflow/example_dags/example_task_group_decorator.py
[2023-08-28 23:21:19,817] {processor.py:641} INFO - Processing file /home/linuxlite/Documentos/airflow/venv/lib/python3.9/site-packages/airflow/example_dags/example_task_group_decorator.py for tasks to queue
[2023-08-28 23:21:19,818] {logging_mixin.py:115} INFO - [2023-08-28 23:21:19,818] {dagbag.py:507} INFO - Filling up the DagBag from /home/linuxlite/Documentos/airflow/venv/lib/python3.9/site-packages/airflow/example_dags/example_task_group_decorator.py
[2023-08-28 23:21:19,845] {processor.py:651} INFO - DAG(s) dict_keys(['example_task_group_decorator']) retrieved from /home/linuxlite/Documentos/airflow/venv/lib/python3.9/site-packages/airflow/example_dags/example_task_group_decorator.py
[2023-08-28 23:21:19,862] {logging_mixin.py:115} INFO - [2023-08-28 23:21:19,862] {dag.py:2379} INFO - Sync 1 DAGs
[2023-08-28 23:21:19,878] {logging_mixin.py:115} INFO - [2023-08-28 23:21:19,878] {dag.py:2927} INFO - Setting next_dagrun for example_task_group_decorator to 2023-08-28T02:21:19.878382+00:00, run_after=2023-08-29T02:21:19.878382+00:00
[2023-08-28 23:21:19,888] {processor.py:161} INFO - Processing /home/linuxlite/Documentos/airflow/venv/lib/python3.9/site-packages/airflow/example_dags/example_task_group_decorator.py took 0.075 seconds
[2023-08-28 23:21:53,086] {processor.py:153} INFO - Started process (PID=61854) to work on /home/linuxlite/Documentos/airflow/venv/lib/python3.9/site-packages/airflow/example_dags/example_task_group_decorator.py
[2023-08-28 23:21:53,087] {processor.py:641} INFO - Processing file /home/linuxlite/Documentos/airflow/venv/lib/python3.9/site-packages/airflow/example_dags/example_task_group_decorator.py for tasks to queue
[2023-08-28 23:21:53,087] {logging_mixin.py:115} INFO - [2023-08-28 23:21:53,087] {dagbag.py:507} INFO - Filling up the DagBag from /home/linuxlite/Documentos/airflow/venv/lib/python3.9/site-packages/airflow/example_dags/example_task_group_decorator.py
[2023-08-28 23:21:53,116] {processor.py:651} INFO - DAG(s) dict_keys(['example_task_group_decorator']) retrieved from /home/linuxlite/Documentos/airflow/venv/lib/python3.9/site-packages/airflow/example_dags/example_task_group_decorator.py
[2023-08-28 23:21:53,133] {logging_mixin.py:115} INFO - [2023-08-28 23:21:53,133] {dag.py:2379} INFO - Sync 1 DAGs
[2023-08-28 23:21:53,148] {logging_mixin.py:115} INFO - [2023-08-28 23:21:53,148] {dag.py:2927} INFO - Setting next_dagrun for example_task_group_decorator to 2023-08-28T02:21:53.148551+00:00, run_after=2023-08-29T02:21:53.148551+00:00
[2023-08-28 23:21:53,160] {processor.py:161} INFO - Processing /home/linuxlite/Documentos/airflow/venv/lib/python3.9/site-packages/airflow/example_dags/example_task_group_decorator.py took 0.078 seconds
[2023-08-28 23:22:29,336] {processor.py:153} INFO - Started process (PID=61892) to work on /home/linuxlite/Documentos/airflow/venv/lib/python3.9/site-packages/airflow/example_dags/example_task_group_decorator.py
[2023-08-28 23:22:29,336] {processor.py:641} INFO - Processing file /home/linuxlite/Documentos/airflow/venv/lib/python3.9/site-packages/airflow/example_dags/example_task_group_decorator.py for tasks to queue
[2023-08-28 23:22:29,337] {logging_mixin.py:115} INFO - [2023-08-28 23:22:29,337] {dagbag.py:507} INFO - Filling up the DagBag from /home/linuxlite/Documentos/airflow/venv/lib/python3.9/site-packages/airflow/example_dags/example_task_group_decorator.py
[2023-08-28 23:22:29,365] {processor.py:651} INFO - DAG(s) dict_keys(['example_task_group_decorator']) retrieved from /home/linuxlite/Documentos/airflow/venv/lib/python3.9/site-packages/airflow/example_dags/example_task_group_decorator.py
[2023-08-28 23:22:29,382] {logging_mixin.py:115} INFO - [2023-08-28 23:22:29,382] {dag.py:2379} INFO - Sync 1 DAGs
[2023-08-28 23:22:29,399] {logging_mixin.py:115} INFO - [2023-08-28 23:22:29,399] {dag.py:2927} INFO - Setting next_dagrun for example_task_group_decorator to 2023-08-28T02:22:29.399427+00:00, run_after=2023-08-29T02:22:29.399427+00:00
[2023-08-28 23:22:29,412] {processor.py:161} INFO - Processing /home/linuxlite/Documentos/airflow/venv/lib/python3.9/site-packages/airflow/example_dags/example_task_group_decorator.py took 0.080 seconds
[2023-08-28 23:23:05,366] {processor.py:153} INFO - Started process (PID=61933) to work on /home/linuxlite/Documentos/airflow/venv/lib/python3.9/site-packages/airflow/example_dags/example_task_group_decorator.py
[2023-08-28 23:23:05,367] {processor.py:641} INFO - Processing file /home/linuxlite/Documentos/airflow/venv/lib/python3.9/site-packages/airflow/example_dags/example_task_group_decorator.py for tasks to queue
[2023-08-28 23:23:05,367] {logging_mixin.py:115} INFO - [2023-08-28 23:23:05,367] {dagbag.py:507} INFO - Filling up the DagBag from /home/linuxlite/Documentos/airflow/venv/lib/python3.9/site-packages/airflow/example_dags/example_task_group_decorator.py
[2023-08-28 23:23:05,400] {processor.py:651} INFO - DAG(s) dict_keys(['example_task_group_decorator']) retrieved from /home/linuxlite/Documentos/airflow/venv/lib/python3.9/site-packages/airflow/example_dags/example_task_group_decorator.py
[2023-08-28 23:23:05,419] {logging_mixin.py:115} INFO - [2023-08-28 23:23:05,419] {dag.py:2379} INFO - Sync 1 DAGs
[2023-08-28 23:23:05,438] {logging_mixin.py:115} INFO - [2023-08-28 23:23:05,438] {dag.py:2927} INFO - Setting next_dagrun for example_task_group_decorator to 2023-08-28T02:23:05.437888+00:00, run_after=2023-08-29T02:23:05.437888+00:00
[2023-08-28 23:23:05,452] {processor.py:161} INFO - Processing /home/linuxlite/Documentos/airflow/venv/lib/python3.9/site-packages/airflow/example_dags/example_task_group_decorator.py took 0.091 seconds
[2023-08-28 23:23:40,160] {processor.py:153} INFO - Started process (PID=61974) to work on /home/linuxlite/Documentos/airflow/venv/lib/python3.9/site-packages/airflow/example_dags/example_task_group_decorator.py
[2023-08-28 23:23:40,162] {processor.py:641} INFO - Processing file /home/linuxlite/Documentos/airflow/venv/lib/python3.9/site-packages/airflow/example_dags/example_task_group_decorator.py for tasks to queue
[2023-08-28 23:23:40,162] {logging_mixin.py:115} INFO - [2023-08-28 23:23:40,162] {dagbag.py:507} INFO - Filling up the DagBag from /home/linuxlite/Documentos/airflow/venv/lib/python3.9/site-packages/airflow/example_dags/example_task_group_decorator.py
[2023-08-28 23:23:40,190] {processor.py:651} INFO - DAG(s) dict_keys(['example_task_group_decorator']) retrieved from /home/linuxlite/Documentos/airflow/venv/lib/python3.9/site-packages/airflow/example_dags/example_task_group_decorator.py
[2023-08-28 23:23:40,207] {logging_mixin.py:115} INFO - [2023-08-28 23:23:40,207] {dag.py:2379} INFO - Sync 1 DAGs
[2023-08-28 23:23:40,225] {logging_mixin.py:115} INFO - [2023-08-28 23:23:40,224] {dag.py:2927} INFO - Setting next_dagrun for example_task_group_decorator to 2023-08-28T02:23:40.224746+00:00, run_after=2023-08-29T02:23:40.224746+00:00
[2023-08-28 23:23:40,239] {processor.py:161} INFO - Processing /home/linuxlite/Documentos/airflow/venv/lib/python3.9/site-packages/airflow/example_dags/example_task_group_decorator.py took 0.082 seconds
[2023-08-28 23:24:13,248] {processor.py:153} INFO - Started process (PID=62014) to work on /home/linuxlite/Documentos/airflow/venv/lib/python3.9/site-packages/airflow/example_dags/example_task_group_decorator.py
[2023-08-28 23:24:13,249] {processor.py:641} INFO - Processing file /home/linuxlite/Documentos/airflow/venv/lib/python3.9/site-packages/airflow/example_dags/example_task_group_decorator.py for tasks to queue
[2023-08-28 23:24:13,249] {logging_mixin.py:115} INFO - [2023-08-28 23:24:13,249] {dagbag.py:507} INFO - Filling up the DagBag from /home/linuxlite/Documentos/airflow/venv/lib/python3.9/site-packages/airflow/example_dags/example_task_group_decorator.py
[2023-08-28 23:24:13,274] {processor.py:651} INFO - DAG(s) dict_keys(['example_task_group_decorator']) retrieved from /home/linuxlite/Documentos/airflow/venv/lib/python3.9/site-packages/airflow/example_dags/example_task_group_decorator.py
[2023-08-28 23:24:13,290] {logging_mixin.py:115} INFO - [2023-08-28 23:24:13,290] {dag.py:2379} INFO - Sync 1 DAGs
[2023-08-28 23:24:13,305] {logging_mixin.py:115} INFO - [2023-08-28 23:24:13,305] {dag.py:2927} INFO - Setting next_dagrun for example_task_group_decorator to 2023-08-28T02:24:13.304843+00:00, run_after=2023-08-29T02:24:13.304843+00:00
[2023-08-28 23:24:13,315] {processor.py:161} INFO - Processing /home/linuxlite/Documentos/airflow/venv/lib/python3.9/site-packages/airflow/example_dags/example_task_group_decorator.py took 0.070 seconds
[2023-08-28 23:24:47,038] {processor.py:153} INFO - Started process (PID=62059) to work on /home/linuxlite/Documentos/airflow/venv/lib/python3.9/site-packages/airflow/example_dags/example_task_group_decorator.py
[2023-08-28 23:24:47,039] {processor.py:641} INFO - Processing file /home/linuxlite/Documentos/airflow/venv/lib/python3.9/site-packages/airflow/example_dags/example_task_group_decorator.py for tasks to queue
[2023-08-28 23:24:47,039] {logging_mixin.py:115} INFO - [2023-08-28 23:24:47,039] {dagbag.py:507} INFO - Filling up the DagBag from /home/linuxlite/Documentos/airflow/venv/lib/python3.9/site-packages/airflow/example_dags/example_task_group_decorator.py
[2023-08-28 23:24:47,067] {processor.py:651} INFO - DAG(s) dict_keys(['example_task_group_decorator']) retrieved from /home/linuxlite/Documentos/airflow/venv/lib/python3.9/site-packages/airflow/example_dags/example_task_group_decorator.py
[2023-08-28 23:24:47,086] {logging_mixin.py:115} INFO - [2023-08-28 23:24:47,086] {dag.py:2379} INFO - Sync 1 DAGs
[2023-08-28 23:24:47,102] {logging_mixin.py:115} INFO - [2023-08-28 23:24:47,102] {dag.py:2927} INFO - Setting next_dagrun for example_task_group_decorator to 2023-08-28T02:24:47.102357+00:00, run_after=2023-08-29T02:24:47.102357+00:00
[2023-08-28 23:24:47,112] {processor.py:161} INFO - Processing /home/linuxlite/Documentos/airflow/venv/lib/python3.9/site-packages/airflow/example_dags/example_task_group_decorator.py took 0.078 seconds
[2023-08-28 23:25:21,385] {processor.py:153} INFO - Started process (PID=62158) to work on /home/linuxlite/Documentos/airflow/venv/lib/python3.9/site-packages/airflow/example_dags/example_task_group_decorator.py
[2023-08-28 23:25:21,386] {processor.py:641} INFO - Processing file /home/linuxlite/Documentos/airflow/venv/lib/python3.9/site-packages/airflow/example_dags/example_task_group_decorator.py for tasks to queue
[2023-08-28 23:25:21,386] {logging_mixin.py:115} INFO - [2023-08-28 23:25:21,386] {dagbag.py:507} INFO - Filling up the DagBag from /home/linuxlite/Documentos/airflow/venv/lib/python3.9/site-packages/airflow/example_dags/example_task_group_decorator.py
[2023-08-28 23:25:21,413] {processor.py:651} INFO - DAG(s) dict_keys(['example_task_group_decorator']) retrieved from /home/linuxlite/Documentos/airflow/venv/lib/python3.9/site-packages/airflow/example_dags/example_task_group_decorator.py
[2023-08-28 23:25:21,451] {logging_mixin.py:115} INFO - [2023-08-28 23:25:21,450] {dag.py:2379} INFO - Sync 1 DAGs
[2023-08-28 23:25:21,463] {logging_mixin.py:115} INFO - [2023-08-28 23:25:21,463] {dag.py:2927} INFO - Setting next_dagrun for example_task_group_decorator to 2023-08-28T02:25:21.463400+00:00, run_after=2023-08-29T02:25:21.463400+00:00
[2023-08-28 23:25:21,478] {processor.py:161} INFO - Processing /home/linuxlite/Documentos/airflow/venv/lib/python3.9/site-packages/airflow/example_dags/example_task_group_decorator.py took 0.097 seconds
[2023-08-28 23:25:53,453] {processor.py:153} INFO - Started process (PID=62193) to work on /home/linuxlite/Documentos/airflow/venv/lib/python3.9/site-packages/airflow/example_dags/example_task_group_decorator.py
[2023-08-28 23:25:53,454] {processor.py:641} INFO - Processing file /home/linuxlite/Documentos/airflow/venv/lib/python3.9/site-packages/airflow/example_dags/example_task_group_decorator.py for tasks to queue
[2023-08-28 23:25:53,454] {logging_mixin.py:115} INFO - [2023-08-28 23:25:53,454] {dagbag.py:507} INFO - Filling up the DagBag from /home/linuxlite/Documentos/airflow/venv/lib/python3.9/site-packages/airflow/example_dags/example_task_group_decorator.py
[2023-08-28 23:25:53,479] {processor.py:651} INFO - DAG(s) dict_keys(['example_task_group_decorator']) retrieved from /home/linuxlite/Documentos/airflow/venv/lib/python3.9/site-packages/airflow/example_dags/example_task_group_decorator.py
[2023-08-28 23:25:53,495] {logging_mixin.py:115} INFO - [2023-08-28 23:25:53,495] {dag.py:2379} INFO - Sync 1 DAGs
[2023-08-28 23:25:53,510] {logging_mixin.py:115} INFO - [2023-08-28 23:25:53,510] {dag.py:2927} INFO - Setting next_dagrun for example_task_group_decorator to 2023-08-28T02:25:53.510087+00:00, run_after=2023-08-29T02:25:53.510087+00:00
[2023-08-28 23:25:53,521] {processor.py:161} INFO - Processing /home/linuxlite/Documentos/airflow/venv/lib/python3.9/site-packages/airflow/example_dags/example_task_group_decorator.py took 0.072 seconds
[2023-08-28 23:26:26,442] {processor.py:153} INFO - Started process (PID=62237) to work on /home/linuxlite/Documentos/airflow/venv/lib/python3.9/site-packages/airflow/example_dags/example_task_group_decorator.py
[2023-08-28 23:26:26,443] {processor.py:641} INFO - Processing file /home/linuxlite/Documentos/airflow/venv/lib/python3.9/site-packages/airflow/example_dags/example_task_group_decorator.py for tasks to queue
[2023-08-28 23:26:26,443] {logging_mixin.py:115} INFO - [2023-08-28 23:26:26,443] {dagbag.py:507} INFO - Filling up the DagBag from /home/linuxlite/Documentos/airflow/venv/lib/python3.9/site-packages/airflow/example_dags/example_task_group_decorator.py
[2023-08-28 23:26:26,472] {processor.py:651} INFO - DAG(s) dict_keys(['example_task_group_decorator']) retrieved from /home/linuxlite/Documentos/airflow/venv/lib/python3.9/site-packages/airflow/example_dags/example_task_group_decorator.py
[2023-08-28 23:26:26,488] {logging_mixin.py:115} INFO - [2023-08-28 23:26:26,488] {dag.py:2379} INFO - Sync 1 DAGs
[2023-08-28 23:26:26,504] {logging_mixin.py:115} INFO - [2023-08-28 23:26:26,504] {dag.py:2927} INFO - Setting next_dagrun for example_task_group_decorator to 2023-08-28T02:26:26.504052+00:00, run_after=2023-08-29T02:26:26.504052+00:00
[2023-08-28 23:26:26,515] {processor.py:161} INFO - Processing /home/linuxlite/Documentos/airflow/venv/lib/python3.9/site-packages/airflow/example_dags/example_task_group_decorator.py took 0.077 seconds
[2023-08-28 23:27:01,016] {processor.py:153} INFO - Started process (PID=62276) to work on /home/linuxlite/Documentos/airflow/venv/lib/python3.9/site-packages/airflow/example_dags/example_task_group_decorator.py
[2023-08-28 23:27:01,018] {processor.py:641} INFO - Processing file /home/linuxlite/Documentos/airflow/venv/lib/python3.9/site-packages/airflow/example_dags/example_task_group_decorator.py for tasks to queue
[2023-08-28 23:27:01,018] {logging_mixin.py:115} INFO - [2023-08-28 23:27:01,018] {dagbag.py:507} INFO - Filling up the DagBag from /home/linuxlite/Documentos/airflow/venv/lib/python3.9/site-packages/airflow/example_dags/example_task_group_decorator.py
[2023-08-28 23:27:01,045] {processor.py:651} INFO - DAG(s) dict_keys(['example_task_group_decorator']) retrieved from /home/linuxlite/Documentos/airflow/venv/lib/python3.9/site-packages/airflow/example_dags/example_task_group_decorator.py
[2023-08-28 23:27:01,092] {logging_mixin.py:115} INFO - [2023-08-28 23:27:01,092] {dag.py:2379} INFO - Sync 1 DAGs
[2023-08-28 23:27:01,106] {logging_mixin.py:115} INFO - [2023-08-28 23:27:01,106] {dag.py:2927} INFO - Setting next_dagrun for example_task_group_decorator to 2023-08-28T02:27:01.105950+00:00, run_after=2023-08-29T02:27:01.105950+00:00
[2023-08-28 23:27:01,121] {processor.py:161} INFO - Processing /home/linuxlite/Documentos/airflow/venv/lib/python3.9/site-packages/airflow/example_dags/example_task_group_decorator.py took 0.110 seconds
[2023-08-28 23:27:33,532] {processor.py:153} INFO - Started process (PID=62329) to work on /home/linuxlite/Documentos/airflow/venv/lib/python3.9/site-packages/airflow/example_dags/example_task_group_decorator.py
[2023-08-28 23:27:33,533] {processor.py:641} INFO - Processing file /home/linuxlite/Documentos/airflow/venv/lib/python3.9/site-packages/airflow/example_dags/example_task_group_decorator.py for tasks to queue
[2023-08-28 23:27:33,534] {logging_mixin.py:115} INFO - [2023-08-28 23:27:33,534] {dagbag.py:507} INFO - Filling up the DagBag from /home/linuxlite/Documentos/airflow/venv/lib/python3.9/site-packages/airflow/example_dags/example_task_group_decorator.py
[2023-08-28 23:27:33,559] {processor.py:651} INFO - DAG(s) dict_keys(['example_task_group_decorator']) retrieved from /home/linuxlite/Documentos/airflow/venv/lib/python3.9/site-packages/airflow/example_dags/example_task_group_decorator.py
[2023-08-28 23:27:33,596] {logging_mixin.py:115} INFO - [2023-08-28 23:27:33,596] {dag.py:2379} INFO - Sync 1 DAGs
[2023-08-28 23:27:33,609] {logging_mixin.py:115} INFO - [2023-08-28 23:27:33,609] {dag.py:2927} INFO - Setting next_dagrun for example_task_group_decorator to 2023-08-28T02:27:33.609397+00:00, run_after=2023-08-29T02:27:33.609397+00:00
[2023-08-28 23:27:33,623] {processor.py:161} INFO - Processing /home/linuxlite/Documentos/airflow/venv/lib/python3.9/site-packages/airflow/example_dags/example_task_group_decorator.py took 0.095 seconds
