[2023-08-28 23:10:57,352] {processor.py:153} INFO - Started process (PID=59977) to work on /home/linuxlite/Documentos/airflow/venv/lib/python3.9/site-packages/airflow/example_dags/example_external_task_marker_dag.py
[2023-08-28 23:10:57,353] {processor.py:641} INFO - Processing file /home/linuxlite/Documentos/airflow/venv/lib/python3.9/site-packages/airflow/example_dags/example_external_task_marker_dag.py for tasks to queue
[2023-08-28 23:10:57,355] {logging_mixin.py:115} INFO - [2023-08-28 23:10:57,354] {dagbag.py:507} INFO - Filling up the DagBag from /home/linuxlite/Documentos/airflow/venv/lib/python3.9/site-packages/airflow/example_dags/example_external_task_marker_dag.py
[2023-08-28 23:10:57,366] {processor.py:651} INFO - DAG(s) dict_keys(['example_external_task_marker_parent', 'example_external_task_marker_child']) retrieved from /home/linuxlite/Documentos/airflow/venv/lib/python3.9/site-packages/airflow/example_dags/example_external_task_marker_dag.py
[2023-08-28 23:10:57,397] {logging_mixin.py:115} INFO - [2023-08-28 23:10:57,397] {dag.py:2379} INFO - Sync 2 DAGs
[2023-08-28 23:10:57,434] {logging_mixin.py:115} INFO - [2023-08-28 23:10:57,434] {dag.py:2927} INFO - Setting next_dagrun for example_external_task_marker_child to None, run_after=None
[2023-08-28 23:10:57,435] {logging_mixin.py:115} INFO - [2023-08-28 23:10:57,435] {dag.py:2927} INFO - Setting next_dagrun for example_external_task_marker_parent to None, run_after=None
[2023-08-28 23:10:57,451] {processor.py:161} INFO - Processing /home/linuxlite/Documentos/airflow/venv/lib/python3.9/site-packages/airflow/example_dags/example_external_task_marker_dag.py took 0.102 seconds
[2023-08-28 23:11:34,439] {processor.py:153} INFO - Started process (PID=60065) to work on /home/linuxlite/Documentos/airflow/venv/lib/python3.9/site-packages/airflow/example_dags/example_external_task_marker_dag.py
[2023-08-28 23:11:34,440] {processor.py:641} INFO - Processing file /home/linuxlite/Documentos/airflow/venv/lib/python3.9/site-packages/airflow/example_dags/example_external_task_marker_dag.py for tasks to queue
[2023-08-28 23:11:34,441] {logging_mixin.py:115} INFO - [2023-08-28 23:11:34,441] {dagbag.py:507} INFO - Filling up the DagBag from /home/linuxlite/Documentos/airflow/venv/lib/python3.9/site-packages/airflow/example_dags/example_external_task_marker_dag.py
[2023-08-28 23:11:34,446] {processor.py:651} INFO - DAG(s) dict_keys(['example_external_task_marker_parent', 'example_external_task_marker_child']) retrieved from /home/linuxlite/Documentos/airflow/venv/lib/python3.9/site-packages/airflow/example_dags/example_external_task_marker_dag.py
[2023-08-28 23:11:34,470] {logging_mixin.py:115} INFO - [2023-08-28 23:11:34,470] {dag.py:2379} INFO - Sync 2 DAGs
[2023-08-28 23:11:34,491] {logging_mixin.py:115} INFO - [2023-08-28 23:11:34,491] {dag.py:2927} INFO - Setting next_dagrun for example_external_task_marker_child to None, run_after=None
[2023-08-28 23:11:34,491] {logging_mixin.py:115} INFO - [2023-08-28 23:11:34,491] {dag.py:2927} INFO - Setting next_dagrun for example_external_task_marker_parent to None, run_after=None
[2023-08-28 23:11:34,504] {processor.py:161} INFO - Processing /home/linuxlite/Documentos/airflow/venv/lib/python3.9/site-packages/airflow/example_dags/example_external_task_marker_dag.py took 0.068 seconds
[2023-08-28 23:12:08,273] {processor.py:153} INFO - Started process (PID=60101) to work on /home/linuxlite/Documentos/airflow/venv/lib/python3.9/site-packages/airflow/example_dags/example_external_task_marker_dag.py
[2023-08-28 23:12:08,274] {processor.py:641} INFO - Processing file /home/linuxlite/Documentos/airflow/venv/lib/python3.9/site-packages/airflow/example_dags/example_external_task_marker_dag.py for tasks to queue
[2023-08-28 23:12:08,275] {logging_mixin.py:115} INFO - [2023-08-28 23:12:08,275] {dagbag.py:507} INFO - Filling up the DagBag from /home/linuxlite/Documentos/airflow/venv/lib/python3.9/site-packages/airflow/example_dags/example_external_task_marker_dag.py
[2023-08-28 23:12:08,282] {processor.py:651} INFO - DAG(s) dict_keys(['example_external_task_marker_parent', 'example_external_task_marker_child']) retrieved from /home/linuxlite/Documentos/airflow/venv/lib/python3.9/site-packages/airflow/example_dags/example_external_task_marker_dag.py
[2023-08-28 23:12:08,306] {logging_mixin.py:115} INFO - [2023-08-28 23:12:08,306] {dag.py:2379} INFO - Sync 2 DAGs
[2023-08-28 23:12:08,323] {logging_mixin.py:115} INFO - [2023-08-28 23:12:08,323] {dag.py:2927} INFO - Setting next_dagrun for example_external_task_marker_child to None, run_after=None
[2023-08-28 23:12:08,323] {logging_mixin.py:115} INFO - [2023-08-28 23:12:08,323] {dag.py:2927} INFO - Setting next_dagrun for example_external_task_marker_parent to None, run_after=None
[2023-08-28 23:12:08,333] {processor.py:161} INFO - Processing /home/linuxlite/Documentos/airflow/venv/lib/python3.9/site-packages/airflow/example_dags/example_external_task_marker_dag.py took 0.067 seconds
[2023-08-28 23:12:42,572] {processor.py:153} INFO - Started process (PID=60146) to work on /home/linuxlite/Documentos/airflow/venv/lib/python3.9/site-packages/airflow/example_dags/example_external_task_marker_dag.py
[2023-08-28 23:12:42,573] {processor.py:641} INFO - Processing file /home/linuxlite/Documentos/airflow/venv/lib/python3.9/site-packages/airflow/example_dags/example_external_task_marker_dag.py for tasks to queue
[2023-08-28 23:12:42,574] {logging_mixin.py:115} INFO - [2023-08-28 23:12:42,574] {dagbag.py:507} INFO - Filling up the DagBag from /home/linuxlite/Documentos/airflow/venv/lib/python3.9/site-packages/airflow/example_dags/example_external_task_marker_dag.py
[2023-08-28 23:12:42,581] {processor.py:651} INFO - DAG(s) dict_keys(['example_external_task_marker_parent', 'example_external_task_marker_child']) retrieved from /home/linuxlite/Documentos/airflow/venv/lib/python3.9/site-packages/airflow/example_dags/example_external_task_marker_dag.py
[2023-08-28 23:12:42,604] {logging_mixin.py:115} INFO - [2023-08-28 23:12:42,604] {dag.py:2379} INFO - Sync 2 DAGs
[2023-08-28 23:12:42,624] {logging_mixin.py:115} INFO - [2023-08-28 23:12:42,623] {dag.py:2927} INFO - Setting next_dagrun for example_external_task_marker_child to None, run_after=None
[2023-08-28 23:12:42,624] {logging_mixin.py:115} INFO - [2023-08-28 23:12:42,624] {dag.py:2927} INFO - Setting next_dagrun for example_external_task_marker_parent to None, run_after=None
[2023-08-28 23:12:42,635] {processor.py:161} INFO - Processing /home/linuxlite/Documentos/airflow/venv/lib/python3.9/site-packages/airflow/example_dags/example_external_task_marker_dag.py took 0.069 seconds
[2023-08-28 23:13:19,000] {processor.py:153} INFO - Started process (PID=60181) to work on /home/linuxlite/Documentos/airflow/venv/lib/python3.9/site-packages/airflow/example_dags/example_external_task_marker_dag.py
[2023-08-28 23:13:19,001] {processor.py:641} INFO - Processing file /home/linuxlite/Documentos/airflow/venv/lib/python3.9/site-packages/airflow/example_dags/example_external_task_marker_dag.py for tasks to queue
[2023-08-28 23:13:19,002] {logging_mixin.py:115} INFO - [2023-08-28 23:13:19,002] {dagbag.py:507} INFO - Filling up the DagBag from /home/linuxlite/Documentos/airflow/venv/lib/python3.9/site-packages/airflow/example_dags/example_external_task_marker_dag.py
[2023-08-28 23:13:19,008] {processor.py:651} INFO - DAG(s) dict_keys(['example_external_task_marker_parent', 'example_external_task_marker_child']) retrieved from /home/linuxlite/Documentos/airflow/venv/lib/python3.9/site-packages/airflow/example_dags/example_external_task_marker_dag.py
[2023-08-28 23:13:19,035] {logging_mixin.py:115} INFO - [2023-08-28 23:13:19,035] {dag.py:2379} INFO - Sync 2 DAGs
[2023-08-28 23:13:19,054] {logging_mixin.py:115} INFO - [2023-08-28 23:13:19,054] {dag.py:2927} INFO - Setting next_dagrun for example_external_task_marker_child to None, run_after=None
[2023-08-28 23:13:19,054] {logging_mixin.py:115} INFO - [2023-08-28 23:13:19,054] {dag.py:2927} INFO - Setting next_dagrun for example_external_task_marker_parent to None, run_after=None
[2023-08-28 23:13:19,067] {processor.py:161} INFO - Processing /home/linuxlite/Documentos/airflow/venv/lib/python3.9/site-packages/airflow/example_dags/example_external_task_marker_dag.py took 0.071 seconds
[2023-08-28 23:13:52,818] {processor.py:153} INFO - Started process (PID=60224) to work on /home/linuxlite/Documentos/airflow/venv/lib/python3.9/site-packages/airflow/example_dags/example_external_task_marker_dag.py
[2023-08-28 23:13:52,820] {processor.py:641} INFO - Processing file /home/linuxlite/Documentos/airflow/venv/lib/python3.9/site-packages/airflow/example_dags/example_external_task_marker_dag.py for tasks to queue
[2023-08-28 23:13:52,821] {logging_mixin.py:115} INFO - [2023-08-28 23:13:52,821] {dagbag.py:507} INFO - Filling up the DagBag from /home/linuxlite/Documentos/airflow/venv/lib/python3.9/site-packages/airflow/example_dags/example_external_task_marker_dag.py
[2023-08-28 23:13:52,828] {processor.py:651} INFO - DAG(s) dict_keys(['example_external_task_marker_parent', 'example_external_task_marker_child']) retrieved from /home/linuxlite/Documentos/airflow/venv/lib/python3.9/site-packages/airflow/example_dags/example_external_task_marker_dag.py
[2023-08-28 23:13:52,854] {logging_mixin.py:115} INFO - [2023-08-28 23:13:52,854] {dag.py:2379} INFO - Sync 2 DAGs
[2023-08-28 23:13:52,874] {logging_mixin.py:115} INFO - [2023-08-28 23:13:52,874] {dag.py:2927} INFO - Setting next_dagrun for example_external_task_marker_child to None, run_after=None
[2023-08-28 23:13:52,875] {logging_mixin.py:115} INFO - [2023-08-28 23:13:52,875] {dag.py:2927} INFO - Setting next_dagrun for example_external_task_marker_parent to None, run_after=None
[2023-08-28 23:13:52,893] {processor.py:161} INFO - Processing /home/linuxlite/Documentos/airflow/venv/lib/python3.9/site-packages/airflow/example_dags/example_external_task_marker_dag.py took 0.083 seconds
[2023-08-28 23:14:27,914] {processor.py:153} INFO - Started process (PID=60271) to work on /home/linuxlite/Documentos/airflow/venv/lib/python3.9/site-packages/airflow/example_dags/example_external_task_marker_dag.py
[2023-08-28 23:14:27,916] {processor.py:641} INFO - Processing file /home/linuxlite/Documentos/airflow/venv/lib/python3.9/site-packages/airflow/example_dags/example_external_task_marker_dag.py for tasks to queue
[2023-08-28 23:14:27,917] {logging_mixin.py:115} INFO - [2023-08-28 23:14:27,917] {dagbag.py:507} INFO - Filling up the DagBag from /home/linuxlite/Documentos/airflow/venv/lib/python3.9/site-packages/airflow/example_dags/example_external_task_marker_dag.py
[2023-08-28 23:14:27,923] {processor.py:651} INFO - DAG(s) dict_keys(['example_external_task_marker_parent', 'example_external_task_marker_child']) retrieved from /home/linuxlite/Documentos/airflow/venv/lib/python3.9/site-packages/airflow/example_dags/example_external_task_marker_dag.py
[2023-08-28 23:14:27,978] {logging_mixin.py:115} INFO - [2023-08-28 23:14:27,978] {dag.py:2379} INFO - Sync 2 DAGs
[2023-08-28 23:14:28,020] {logging_mixin.py:115} INFO - [2023-08-28 23:14:28,020] {dag.py:2927} INFO - Setting next_dagrun for example_external_task_marker_child to None, run_after=None
[2023-08-28 23:14:28,021] {logging_mixin.py:115} INFO - [2023-08-28 23:14:28,021] {dag.py:2927} INFO - Setting next_dagrun for example_external_task_marker_parent to None, run_after=None
[2023-08-28 23:14:28,038] {processor.py:161} INFO - Processing /home/linuxlite/Documentos/airflow/venv/lib/python3.9/site-packages/airflow/example_dags/example_external_task_marker_dag.py took 0.130 seconds
[2023-08-28 23:15:04,587] {processor.py:153} INFO - Started process (PID=60367) to work on /home/linuxlite/Documentos/airflow/venv/lib/python3.9/site-packages/airflow/example_dags/example_external_task_marker_dag.py
[2023-08-28 23:15:04,588] {processor.py:641} INFO - Processing file /home/linuxlite/Documentos/airflow/venv/lib/python3.9/site-packages/airflow/example_dags/example_external_task_marker_dag.py for tasks to queue
[2023-08-28 23:15:04,589] {logging_mixin.py:115} INFO - [2023-08-28 23:15:04,589] {dagbag.py:507} INFO - Filling up the DagBag from /home/linuxlite/Documentos/airflow/venv/lib/python3.9/site-packages/airflow/example_dags/example_external_task_marker_dag.py
[2023-08-28 23:15:04,593] {processor.py:651} INFO - DAG(s) dict_keys(['example_external_task_marker_parent', 'example_external_task_marker_child']) retrieved from /home/linuxlite/Documentos/airflow/venv/lib/python3.9/site-packages/airflow/example_dags/example_external_task_marker_dag.py
[2023-08-28 23:15:04,623] {logging_mixin.py:115} INFO - [2023-08-28 23:15:04,623] {dag.py:2379} INFO - Sync 2 DAGs
[2023-08-28 23:15:04,643] {logging_mixin.py:115} INFO - [2023-08-28 23:15:04,642] {dag.py:2927} INFO - Setting next_dagrun for example_external_task_marker_child to None, run_after=None
[2023-08-28 23:15:04,643] {logging_mixin.py:115} INFO - [2023-08-28 23:15:04,643] {dag.py:2927} INFO - Setting next_dagrun for example_external_task_marker_parent to None, run_after=None
[2023-08-28 23:15:04,661] {processor.py:161} INFO - Processing /home/linuxlite/Documentos/airflow/venv/lib/python3.9/site-packages/airflow/example_dags/example_external_task_marker_dag.py took 0.077 seconds
[2023-08-28 23:15:39,117] {processor.py:153} INFO - Started process (PID=60560) to work on /home/linuxlite/Documentos/airflow/venv/lib/python3.9/site-packages/airflow/example_dags/example_external_task_marker_dag.py
[2023-08-28 23:15:39,119] {processor.py:641} INFO - Processing file /home/linuxlite/Documentos/airflow/venv/lib/python3.9/site-packages/airflow/example_dags/example_external_task_marker_dag.py for tasks to queue
[2023-08-28 23:15:39,120] {logging_mixin.py:115} INFO - [2023-08-28 23:15:39,120] {dagbag.py:507} INFO - Filling up the DagBag from /home/linuxlite/Documentos/airflow/venv/lib/python3.9/site-packages/airflow/example_dags/example_external_task_marker_dag.py
[2023-08-28 23:15:39,127] {processor.py:651} INFO - DAG(s) dict_keys(['example_external_task_marker_parent', 'example_external_task_marker_child']) retrieved from /home/linuxlite/Documentos/airflow/venv/lib/python3.9/site-packages/airflow/example_dags/example_external_task_marker_dag.py
[2023-08-28 23:15:39,157] {logging_mixin.py:115} INFO - [2023-08-28 23:15:39,157] {dag.py:2379} INFO - Sync 2 DAGs
[2023-08-28 23:15:39,173] {logging_mixin.py:115} INFO - [2023-08-28 23:15:39,172] {dag.py:2927} INFO - Setting next_dagrun for example_external_task_marker_child to None, run_after=None
[2023-08-28 23:15:39,173] {logging_mixin.py:115} INFO - [2023-08-28 23:15:39,173] {dag.py:2927} INFO - Setting next_dagrun for example_external_task_marker_parent to None, run_after=None
[2023-08-28 23:15:39,182] {processor.py:161} INFO - Processing /home/linuxlite/Documentos/airflow/venv/lib/python3.9/site-packages/airflow/example_dags/example_external_task_marker_dag.py took 0.071 seconds
[2023-08-28 23:16:13,813] {processor.py:153} INFO - Started process (PID=60597) to work on /home/linuxlite/Documentos/airflow/venv/lib/python3.9/site-packages/airflow/example_dags/example_external_task_marker_dag.py
[2023-08-28 23:16:13,814] {processor.py:641} INFO - Processing file /home/linuxlite/Documentos/airflow/venv/lib/python3.9/site-packages/airflow/example_dags/example_external_task_marker_dag.py for tasks to queue
[2023-08-28 23:16:13,815] {logging_mixin.py:115} INFO - [2023-08-28 23:16:13,815] {dagbag.py:507} INFO - Filling up the DagBag from /home/linuxlite/Documentos/airflow/venv/lib/python3.9/site-packages/airflow/example_dags/example_external_task_marker_dag.py
[2023-08-28 23:16:13,819] {processor.py:651} INFO - DAG(s) dict_keys(['example_external_task_marker_parent', 'example_external_task_marker_child']) retrieved from /home/linuxlite/Documentos/airflow/venv/lib/python3.9/site-packages/airflow/example_dags/example_external_task_marker_dag.py
[2023-08-28 23:16:13,844] {logging_mixin.py:115} INFO - [2023-08-28 23:16:13,843] {dag.py:2379} INFO - Sync 2 DAGs
[2023-08-28 23:16:13,858] {logging_mixin.py:115} INFO - [2023-08-28 23:16:13,858] {dag.py:2927} INFO - Setting next_dagrun for example_external_task_marker_child to None, run_after=None
[2023-08-28 23:16:13,859] {logging_mixin.py:115} INFO - [2023-08-28 23:16:13,859] {dag.py:2927} INFO - Setting next_dagrun for example_external_task_marker_parent to None, run_after=None
[2023-08-28 23:16:13,871] {processor.py:161} INFO - Processing /home/linuxlite/Documentos/airflow/venv/lib/python3.9/site-packages/airflow/example_dags/example_external_task_marker_dag.py took 0.061 seconds
[2023-08-28 23:16:47,468] {processor.py:153} INFO - Started process (PID=60810) to work on /home/linuxlite/Documentos/airflow/venv/lib/python3.9/site-packages/airflow/example_dags/example_external_task_marker_dag.py
[2023-08-28 23:16:47,470] {processor.py:641} INFO - Processing file /home/linuxlite/Documentos/airflow/venv/lib/python3.9/site-packages/airflow/example_dags/example_external_task_marker_dag.py for tasks to queue
[2023-08-28 23:16:47,473] {logging_mixin.py:115} INFO - [2023-08-28 23:16:47,472] {dagbag.py:507} INFO - Filling up the DagBag from /home/linuxlite/Documentos/airflow/venv/lib/python3.9/site-packages/airflow/example_dags/example_external_task_marker_dag.py
[2023-08-28 23:16:47,479] {processor.py:651} INFO - DAG(s) dict_keys(['example_external_task_marker_parent', 'example_external_task_marker_child']) retrieved from /home/linuxlite/Documentos/airflow/venv/lib/python3.9/site-packages/airflow/example_dags/example_external_task_marker_dag.py
[2023-08-28 23:16:47,519] {logging_mixin.py:115} INFO - [2023-08-28 23:16:47,518] {dag.py:2379} INFO - Sync 2 DAGs
[2023-08-28 23:16:47,542] {logging_mixin.py:115} INFO - [2023-08-28 23:16:47,542] {dag.py:2927} INFO - Setting next_dagrun for example_external_task_marker_child to None, run_after=None
[2023-08-28 23:16:47,542] {logging_mixin.py:115} INFO - [2023-08-28 23:16:47,542] {dag.py:2927} INFO - Setting next_dagrun for example_external_task_marker_parent to None, run_after=None
[2023-08-28 23:16:47,557] {processor.py:161} INFO - Processing /home/linuxlite/Documentos/airflow/venv/lib/python3.9/site-packages/airflow/example_dags/example_external_task_marker_dag.py took 0.093 seconds
[2023-08-28 23:17:21,876] {processor.py:153} INFO - Started process (PID=60845) to work on /home/linuxlite/Documentos/airflow/venv/lib/python3.9/site-packages/airflow/example_dags/example_external_task_marker_dag.py
[2023-08-28 23:17:21,877] {processor.py:641} INFO - Processing file /home/linuxlite/Documentos/airflow/venv/lib/python3.9/site-packages/airflow/example_dags/example_external_task_marker_dag.py for tasks to queue
[2023-08-28 23:17:21,878] {logging_mixin.py:115} INFO - [2023-08-28 23:17:21,878] {dagbag.py:507} INFO - Filling up the DagBag from /home/linuxlite/Documentos/airflow/venv/lib/python3.9/site-packages/airflow/example_dags/example_external_task_marker_dag.py
[2023-08-28 23:17:21,883] {processor.py:651} INFO - DAG(s) dict_keys(['example_external_task_marker_parent', 'example_external_task_marker_child']) retrieved from /home/linuxlite/Documentos/airflow/venv/lib/python3.9/site-packages/airflow/example_dags/example_external_task_marker_dag.py
[2023-08-28 23:17:21,917] {logging_mixin.py:115} INFO - [2023-08-28 23:17:21,917] {dag.py:2379} INFO - Sync 2 DAGs
[2023-08-28 23:17:21,945] {logging_mixin.py:115} INFO - [2023-08-28 23:17:21,945] {dag.py:2927} INFO - Setting next_dagrun for example_external_task_marker_child to None, run_after=None
[2023-08-28 23:17:21,946] {logging_mixin.py:115} INFO - [2023-08-28 23:17:21,946] {dag.py:2927} INFO - Setting next_dagrun for example_external_task_marker_parent to None, run_after=None
[2023-08-28 23:17:21,970] {processor.py:161} INFO - Processing /home/linuxlite/Documentos/airflow/venv/lib/python3.9/site-packages/airflow/example_dags/example_external_task_marker_dag.py took 0.099 seconds
[2023-08-28 23:17:58,103] {processor.py:153} INFO - Started process (PID=61149) to work on /home/linuxlite/Documentos/airflow/venv/lib/python3.9/site-packages/airflow/example_dags/example_external_task_marker_dag.py
[2023-08-28 23:17:58,104] {processor.py:641} INFO - Processing file /home/linuxlite/Documentos/airflow/venv/lib/python3.9/site-packages/airflow/example_dags/example_external_task_marker_dag.py for tasks to queue
[2023-08-28 23:17:58,104] {logging_mixin.py:115} INFO - [2023-08-28 23:17:58,104] {dagbag.py:507} INFO - Filling up the DagBag from /home/linuxlite/Documentos/airflow/venv/lib/python3.9/site-packages/airflow/example_dags/example_external_task_marker_dag.py
[2023-08-28 23:17:58,109] {processor.py:651} INFO - DAG(s) dict_keys(['example_external_task_marker_parent', 'example_external_task_marker_child']) retrieved from /home/linuxlite/Documentos/airflow/venv/lib/python3.9/site-packages/airflow/example_dags/example_external_task_marker_dag.py
[2023-08-28 23:17:58,136] {logging_mixin.py:115} INFO - [2023-08-28 23:17:58,136] {dag.py:2379} INFO - Sync 2 DAGs
[2023-08-28 23:17:58,153] {logging_mixin.py:115} INFO - [2023-08-28 23:17:58,153] {dag.py:2927} INFO - Setting next_dagrun for example_external_task_marker_child to None, run_after=None
[2023-08-28 23:17:58,153] {logging_mixin.py:115} INFO - [2023-08-28 23:17:58,153] {dag.py:2927} INFO - Setting next_dagrun for example_external_task_marker_parent to None, run_after=None
[2023-08-28 23:17:58,167] {processor.py:161} INFO - Processing /home/linuxlite/Documentos/airflow/venv/lib/python3.9/site-packages/airflow/example_dags/example_external_task_marker_dag.py took 0.067 seconds
[2023-08-28 23:18:33,364] {processor.py:153} INFO - Started process (PID=61472) to work on /home/linuxlite/Documentos/airflow/venv/lib/python3.9/site-packages/airflow/example_dags/example_external_task_marker_dag.py
[2023-08-28 23:18:33,365] {processor.py:641} INFO - Processing file /home/linuxlite/Documentos/airflow/venv/lib/python3.9/site-packages/airflow/example_dags/example_external_task_marker_dag.py for tasks to queue
[2023-08-28 23:18:33,366] {logging_mixin.py:115} INFO - [2023-08-28 23:18:33,366] {dagbag.py:507} INFO - Filling up the DagBag from /home/linuxlite/Documentos/airflow/venv/lib/python3.9/site-packages/airflow/example_dags/example_external_task_marker_dag.py
[2023-08-28 23:18:33,373] {processor.py:651} INFO - DAG(s) dict_keys(['example_external_task_marker_parent', 'example_external_task_marker_child']) retrieved from /home/linuxlite/Documentos/airflow/venv/lib/python3.9/site-packages/airflow/example_dags/example_external_task_marker_dag.py
[2023-08-28 23:18:33,401] {logging_mixin.py:115} INFO - [2023-08-28 23:18:33,401] {dag.py:2379} INFO - Sync 2 DAGs
[2023-08-28 23:18:33,416] {logging_mixin.py:115} INFO - [2023-08-28 23:18:33,416] {dag.py:2927} INFO - Setting next_dagrun for example_external_task_marker_child to None, run_after=None
[2023-08-28 23:18:33,417] {logging_mixin.py:115} INFO - [2023-08-28 23:18:33,417] {dag.py:2927} INFO - Setting next_dagrun for example_external_task_marker_parent to None, run_after=None
[2023-08-28 23:18:33,428] {processor.py:161} INFO - Processing /home/linuxlite/Documentos/airflow/venv/lib/python3.9/site-packages/airflow/example_dags/example_external_task_marker_dag.py took 0.068 seconds
[2023-08-28 23:19:07,934] {processor.py:153} INFO - Started process (PID=61556) to work on /home/linuxlite/Documentos/airflow/venv/lib/python3.9/site-packages/airflow/example_dags/example_external_task_marker_dag.py
[2023-08-28 23:19:07,935] {processor.py:641} INFO - Processing file /home/linuxlite/Documentos/airflow/venv/lib/python3.9/site-packages/airflow/example_dags/example_external_task_marker_dag.py for tasks to queue
[2023-08-28 23:19:07,935] {logging_mixin.py:115} INFO - [2023-08-28 23:19:07,935] {dagbag.py:507} INFO - Filling up the DagBag from /home/linuxlite/Documentos/airflow/venv/lib/python3.9/site-packages/airflow/example_dags/example_external_task_marker_dag.py
[2023-08-28 23:19:07,943] {processor.py:651} INFO - DAG(s) dict_keys(['example_external_task_marker_parent', 'example_external_task_marker_child']) retrieved from /home/linuxlite/Documentos/airflow/venv/lib/python3.9/site-packages/airflow/example_dags/example_external_task_marker_dag.py
[2023-08-28 23:19:07,974] {logging_mixin.py:115} INFO - [2023-08-28 23:19:07,974] {dag.py:2379} INFO - Sync 2 DAGs
[2023-08-28 23:19:07,991] {logging_mixin.py:115} INFO - [2023-08-28 23:19:07,991] {dag.py:2927} INFO - Setting next_dagrun for example_external_task_marker_child to None, run_after=None
[2023-08-28 23:19:07,991] {logging_mixin.py:115} INFO - [2023-08-28 23:19:07,991] {dag.py:2927} INFO - Setting next_dagrun for example_external_task_marker_parent to None, run_after=None
[2023-08-28 23:19:08,004] {processor.py:161} INFO - Processing /home/linuxlite/Documentos/airflow/venv/lib/python3.9/site-packages/airflow/example_dags/example_external_task_marker_dag.py took 0.073 seconds
[2023-08-28 23:19:41,739] {processor.py:153} INFO - Started process (PID=61621) to work on /home/linuxlite/Documentos/airflow/venv/lib/python3.9/site-packages/airflow/example_dags/example_external_task_marker_dag.py
[2023-08-28 23:19:41,739] {processor.py:641} INFO - Processing file /home/linuxlite/Documentos/airflow/venv/lib/python3.9/site-packages/airflow/example_dags/example_external_task_marker_dag.py for tasks to queue
[2023-08-28 23:19:41,740] {logging_mixin.py:115} INFO - [2023-08-28 23:19:41,740] {dagbag.py:507} INFO - Filling up the DagBag from /home/linuxlite/Documentos/airflow/venv/lib/python3.9/site-packages/airflow/example_dags/example_external_task_marker_dag.py
[2023-08-28 23:19:41,745] {processor.py:651} INFO - DAG(s) dict_keys(['example_external_task_marker_parent', 'example_external_task_marker_child']) retrieved from /home/linuxlite/Documentos/airflow/venv/lib/python3.9/site-packages/airflow/example_dags/example_external_task_marker_dag.py
[2023-08-28 23:19:41,772] {logging_mixin.py:115} INFO - [2023-08-28 23:19:41,772] {dag.py:2379} INFO - Sync 2 DAGs
[2023-08-28 23:19:41,787] {logging_mixin.py:115} INFO - [2023-08-28 23:19:41,786] {dag.py:2927} INFO - Setting next_dagrun for example_external_task_marker_child to None, run_after=None
[2023-08-28 23:19:41,787] {logging_mixin.py:115} INFO - [2023-08-28 23:19:41,787] {dag.py:2927} INFO - Setting next_dagrun for example_external_task_marker_parent to None, run_after=None
[2023-08-28 23:19:41,798] {processor.py:161} INFO - Processing /home/linuxlite/Documentos/airflow/venv/lib/python3.9/site-packages/airflow/example_dags/example_external_task_marker_dag.py took 0.064 seconds
[2023-08-28 23:20:16,236] {processor.py:153} INFO - Started process (PID=61723) to work on /home/linuxlite/Documentos/airflow/venv/lib/python3.9/site-packages/airflow/example_dags/example_external_task_marker_dag.py
[2023-08-28 23:20:16,237] {processor.py:641} INFO - Processing file /home/linuxlite/Documentos/airflow/venv/lib/python3.9/site-packages/airflow/example_dags/example_external_task_marker_dag.py for tasks to queue
[2023-08-28 23:20:16,238] {logging_mixin.py:115} INFO - [2023-08-28 23:20:16,238] {dagbag.py:507} INFO - Filling up the DagBag from /home/linuxlite/Documentos/airflow/venv/lib/python3.9/site-packages/airflow/example_dags/example_external_task_marker_dag.py
[2023-08-28 23:20:16,251] {processor.py:651} INFO - DAG(s) dict_keys(['example_external_task_marker_parent', 'example_external_task_marker_child']) retrieved from /home/linuxlite/Documentos/airflow/venv/lib/python3.9/site-packages/airflow/example_dags/example_external_task_marker_dag.py
[2023-08-28 23:20:16,301] {logging_mixin.py:115} INFO - [2023-08-28 23:20:16,300] {dag.py:2379} INFO - Sync 2 DAGs
[2023-08-28 23:20:16,332] {logging_mixin.py:115} INFO - [2023-08-28 23:20:16,332] {dag.py:2927} INFO - Setting next_dagrun for example_external_task_marker_child to None, run_after=None
[2023-08-28 23:20:16,333] {logging_mixin.py:115} INFO - [2023-08-28 23:20:16,333] {dag.py:2927} INFO - Setting next_dagrun for example_external_task_marker_parent to None, run_after=None
[2023-08-28 23:20:16,353] {processor.py:161} INFO - Processing /home/linuxlite/Documentos/airflow/venv/lib/python3.9/site-packages/airflow/example_dags/example_external_task_marker_dag.py took 0.125 seconds
[2023-08-28 23:20:49,411] {processor.py:153} INFO - Started process (PID=61759) to work on /home/linuxlite/Documentos/airflow/venv/lib/python3.9/site-packages/airflow/example_dags/example_external_task_marker_dag.py
[2023-08-28 23:20:49,412] {processor.py:641} INFO - Processing file /home/linuxlite/Documentos/airflow/venv/lib/python3.9/site-packages/airflow/example_dags/example_external_task_marker_dag.py for tasks to queue
[2023-08-28 23:20:49,413] {logging_mixin.py:115} INFO - [2023-08-28 23:20:49,413] {dagbag.py:507} INFO - Filling up the DagBag from /home/linuxlite/Documentos/airflow/venv/lib/python3.9/site-packages/airflow/example_dags/example_external_task_marker_dag.py
[2023-08-28 23:20:49,417] {processor.py:651} INFO - DAG(s) dict_keys(['example_external_task_marker_parent', 'example_external_task_marker_child']) retrieved from /home/linuxlite/Documentos/airflow/venv/lib/python3.9/site-packages/airflow/example_dags/example_external_task_marker_dag.py
[2023-08-28 23:20:49,443] {logging_mixin.py:115} INFO - [2023-08-28 23:20:49,443] {dag.py:2379} INFO - Sync 2 DAGs
[2023-08-28 23:20:49,458] {logging_mixin.py:115} INFO - [2023-08-28 23:20:49,458] {dag.py:2927} INFO - Setting next_dagrun for example_external_task_marker_child to None, run_after=None
[2023-08-28 23:20:49,458] {logging_mixin.py:115} INFO - [2023-08-28 23:20:49,458] {dag.py:2927} INFO - Setting next_dagrun for example_external_task_marker_parent to None, run_after=None
[2023-08-28 23:20:49,470] {processor.py:161} INFO - Processing /home/linuxlite/Documentos/airflow/venv/lib/python3.9/site-packages/airflow/example_dags/example_external_task_marker_dag.py took 0.062 seconds
[2023-08-28 23:21:23,234] {processor.py:153} INFO - Started process (PID=61799) to work on /home/linuxlite/Documentos/airflow/venv/lib/python3.9/site-packages/airflow/example_dags/example_external_task_marker_dag.py
[2023-08-28 23:21:23,235] {processor.py:641} INFO - Processing file /home/linuxlite/Documentos/airflow/venv/lib/python3.9/site-packages/airflow/example_dags/example_external_task_marker_dag.py for tasks to queue
[2023-08-28 23:21:23,236] {logging_mixin.py:115} INFO - [2023-08-28 23:21:23,236] {dagbag.py:507} INFO - Filling up the DagBag from /home/linuxlite/Documentos/airflow/venv/lib/python3.9/site-packages/airflow/example_dags/example_external_task_marker_dag.py
[2023-08-28 23:21:23,242] {processor.py:651} INFO - DAG(s) dict_keys(['example_external_task_marker_parent', 'example_external_task_marker_child']) retrieved from /home/linuxlite/Documentos/airflow/venv/lib/python3.9/site-packages/airflow/example_dags/example_external_task_marker_dag.py
[2023-08-28 23:21:23,269] {logging_mixin.py:115} INFO - [2023-08-28 23:21:23,269] {dag.py:2379} INFO - Sync 2 DAGs
[2023-08-28 23:21:23,283] {logging_mixin.py:115} INFO - [2023-08-28 23:21:23,283] {dag.py:2927} INFO - Setting next_dagrun for example_external_task_marker_child to None, run_after=None
[2023-08-28 23:21:23,283] {logging_mixin.py:115} INFO - [2023-08-28 23:21:23,283] {dag.py:2927} INFO - Setting next_dagrun for example_external_task_marker_parent to None, run_after=None
[2023-08-28 23:21:23,294] {processor.py:161} INFO - Processing /home/linuxlite/Documentos/airflow/venv/lib/python3.9/site-packages/airflow/example_dags/example_external_task_marker_dag.py took 0.064 seconds
[2023-08-28 23:21:58,228] {processor.py:153} INFO - Started process (PID=61859) to work on /home/linuxlite/Documentos/airflow/venv/lib/python3.9/site-packages/airflow/example_dags/example_external_task_marker_dag.py
[2023-08-28 23:21:58,228] {processor.py:641} INFO - Processing file /home/linuxlite/Documentos/airflow/venv/lib/python3.9/site-packages/airflow/example_dags/example_external_task_marker_dag.py for tasks to queue
[2023-08-28 23:21:58,231] {logging_mixin.py:115} INFO - [2023-08-28 23:21:58,230] {dagbag.py:507} INFO - Filling up the DagBag from /home/linuxlite/Documentos/airflow/venv/lib/python3.9/site-packages/airflow/example_dags/example_external_task_marker_dag.py
[2023-08-28 23:21:58,236] {processor.py:651} INFO - DAG(s) dict_keys(['example_external_task_marker_parent', 'example_external_task_marker_child']) retrieved from /home/linuxlite/Documentos/airflow/venv/lib/python3.9/site-packages/airflow/example_dags/example_external_task_marker_dag.py
[2023-08-28 23:21:58,266] {logging_mixin.py:115} INFO - [2023-08-28 23:21:58,266] {dag.py:2379} INFO - Sync 2 DAGs
[2023-08-28 23:21:58,283] {logging_mixin.py:115} INFO - [2023-08-28 23:21:58,283] {dag.py:2927} INFO - Setting next_dagrun for example_external_task_marker_child to None, run_after=None
[2023-08-28 23:21:58,283] {logging_mixin.py:115} INFO - [2023-08-28 23:21:58,283] {dag.py:2927} INFO - Setting next_dagrun for example_external_task_marker_parent to None, run_after=None
[2023-08-28 23:21:58,295] {processor.py:161} INFO - Processing /home/linuxlite/Documentos/airflow/venv/lib/python3.9/site-packages/airflow/example_dags/example_external_task_marker_dag.py took 0.071 seconds
[2023-08-28 23:22:33,030] {processor.py:153} INFO - Started process (PID=61898) to work on /home/linuxlite/Documentos/airflow/venv/lib/python3.9/site-packages/airflow/example_dags/example_external_task_marker_dag.py
[2023-08-28 23:22:33,031] {processor.py:641} INFO - Processing file /home/linuxlite/Documentos/airflow/venv/lib/python3.9/site-packages/airflow/example_dags/example_external_task_marker_dag.py for tasks to queue
[2023-08-28 23:22:33,032] {logging_mixin.py:115} INFO - [2023-08-28 23:22:33,032] {dagbag.py:507} INFO - Filling up the DagBag from /home/linuxlite/Documentos/airflow/venv/lib/python3.9/site-packages/airflow/example_dags/example_external_task_marker_dag.py
[2023-08-28 23:22:33,037] {processor.py:651} INFO - DAG(s) dict_keys(['example_external_task_marker_parent', 'example_external_task_marker_child']) retrieved from /home/linuxlite/Documentos/airflow/venv/lib/python3.9/site-packages/airflow/example_dags/example_external_task_marker_dag.py
[2023-08-28 23:22:33,065] {logging_mixin.py:115} INFO - [2023-08-28 23:22:33,065] {dag.py:2379} INFO - Sync 2 DAGs
[2023-08-28 23:22:33,082] {logging_mixin.py:115} INFO - [2023-08-28 23:22:33,082] {dag.py:2927} INFO - Setting next_dagrun for example_external_task_marker_child to None, run_after=None
[2023-08-28 23:22:33,082] {logging_mixin.py:115} INFO - [2023-08-28 23:22:33,082] {dag.py:2927} INFO - Setting next_dagrun for example_external_task_marker_parent to None, run_after=None
[2023-08-28 23:22:33,094] {processor.py:161} INFO - Processing /home/linuxlite/Documentos/airflow/venv/lib/python3.9/site-packages/airflow/example_dags/example_external_task_marker_dag.py took 0.068 seconds
[2023-08-28 23:23:08,764] {processor.py:153} INFO - Started process (PID=61942) to work on /home/linuxlite/Documentos/airflow/venv/lib/python3.9/site-packages/airflow/example_dags/example_external_task_marker_dag.py
[2023-08-28 23:23:08,764] {processor.py:641} INFO - Processing file /home/linuxlite/Documentos/airflow/venv/lib/python3.9/site-packages/airflow/example_dags/example_external_task_marker_dag.py for tasks to queue
[2023-08-28 23:23:08,765] {logging_mixin.py:115} INFO - [2023-08-28 23:23:08,765] {dagbag.py:507} INFO - Filling up the DagBag from /home/linuxlite/Documentos/airflow/venv/lib/python3.9/site-packages/airflow/example_dags/example_external_task_marker_dag.py
[2023-08-28 23:23:08,770] {processor.py:651} INFO - DAG(s) dict_keys(['example_external_task_marker_parent', 'example_external_task_marker_child']) retrieved from /home/linuxlite/Documentos/airflow/venv/lib/python3.9/site-packages/airflow/example_dags/example_external_task_marker_dag.py
[2023-08-28 23:23:08,795] {logging_mixin.py:115} INFO - [2023-08-28 23:23:08,795] {dag.py:2379} INFO - Sync 2 DAGs
[2023-08-28 23:23:08,810] {logging_mixin.py:115} INFO - [2023-08-28 23:23:08,810] {dag.py:2927} INFO - Setting next_dagrun for example_external_task_marker_child to None, run_after=None
[2023-08-28 23:23:08,810] {logging_mixin.py:115} INFO - [2023-08-28 23:23:08,810] {dag.py:2927} INFO - Setting next_dagrun for example_external_task_marker_parent to None, run_after=None
[2023-08-28 23:23:08,822] {processor.py:161} INFO - Processing /home/linuxlite/Documentos/airflow/venv/lib/python3.9/site-packages/airflow/example_dags/example_external_task_marker_dag.py took 0.061 seconds
[2023-08-28 23:23:42,847] {processor.py:153} INFO - Started process (PID=61977) to work on /home/linuxlite/Documentos/airflow/venv/lib/python3.9/site-packages/airflow/example_dags/example_external_task_marker_dag.py
[2023-08-28 23:23:42,848] {processor.py:641} INFO - Processing file /home/linuxlite/Documentos/airflow/venv/lib/python3.9/site-packages/airflow/example_dags/example_external_task_marker_dag.py for tasks to queue
[2023-08-28 23:23:42,849] {logging_mixin.py:115} INFO - [2023-08-28 23:23:42,849] {dagbag.py:507} INFO - Filling up the DagBag from /home/linuxlite/Documentos/airflow/venv/lib/python3.9/site-packages/airflow/example_dags/example_external_task_marker_dag.py
[2023-08-28 23:23:42,855] {processor.py:651} INFO - DAG(s) dict_keys(['example_external_task_marker_parent', 'example_external_task_marker_child']) retrieved from /home/linuxlite/Documentos/airflow/venv/lib/python3.9/site-packages/airflow/example_dags/example_external_task_marker_dag.py
[2023-08-28 23:23:42,881] {logging_mixin.py:115} INFO - [2023-08-28 23:23:42,881] {dag.py:2379} INFO - Sync 2 DAGs
[2023-08-28 23:23:42,897] {logging_mixin.py:115} INFO - [2023-08-28 23:23:42,896] {dag.py:2927} INFO - Setting next_dagrun for example_external_task_marker_child to None, run_after=None
[2023-08-28 23:23:42,897] {logging_mixin.py:115} INFO - [2023-08-28 23:23:42,897] {dag.py:2927} INFO - Setting next_dagrun for example_external_task_marker_parent to None, run_after=None
[2023-08-28 23:23:42,909] {processor.py:161} INFO - Processing /home/linuxlite/Documentos/airflow/venv/lib/python3.9/site-packages/airflow/example_dags/example_external_task_marker_dag.py took 0.067 seconds
[2023-08-28 23:24:18,996] {processor.py:153} INFO - Started process (PID=62020) to work on /home/linuxlite/Documentos/airflow/venv/lib/python3.9/site-packages/airflow/example_dags/example_external_task_marker_dag.py
[2023-08-28 23:24:18,997] {processor.py:641} INFO - Processing file /home/linuxlite/Documentos/airflow/venv/lib/python3.9/site-packages/airflow/example_dags/example_external_task_marker_dag.py for tasks to queue
[2023-08-28 23:24:18,998] {logging_mixin.py:115} INFO - [2023-08-28 23:24:18,998] {dagbag.py:507} INFO - Filling up the DagBag from /home/linuxlite/Documentos/airflow/venv/lib/python3.9/site-packages/airflow/example_dags/example_external_task_marker_dag.py
[2023-08-28 23:24:19,002] {processor.py:651} INFO - DAG(s) dict_keys(['example_external_task_marker_parent', 'example_external_task_marker_child']) retrieved from /home/linuxlite/Documentos/airflow/venv/lib/python3.9/site-packages/airflow/example_dags/example_external_task_marker_dag.py
[2023-08-28 23:24:19,033] {logging_mixin.py:115} INFO - [2023-08-28 23:24:19,033] {dag.py:2379} INFO - Sync 2 DAGs
[2023-08-28 23:24:19,058] {logging_mixin.py:115} INFO - [2023-08-28 23:24:19,058] {dag.py:2927} INFO - Setting next_dagrun for example_external_task_marker_child to None, run_after=None
[2023-08-28 23:24:19,059] {logging_mixin.py:115} INFO - [2023-08-28 23:24:19,058] {dag.py:2927} INFO - Setting next_dagrun for example_external_task_marker_parent to None, run_after=None
[2023-08-28 23:24:19,075] {processor.py:161} INFO - Processing /home/linuxlite/Documentos/airflow/venv/lib/python3.9/site-packages/airflow/example_dags/example_external_task_marker_dag.py took 0.083 seconds
[2023-08-28 23:24:52,481] {processor.py:153} INFO - Started process (PID=62076) to work on /home/linuxlite/Documentos/airflow/venv/lib/python3.9/site-packages/airflow/example_dags/example_external_task_marker_dag.py
[2023-08-28 23:24:52,481] {processor.py:641} INFO - Processing file /home/linuxlite/Documentos/airflow/venv/lib/python3.9/site-packages/airflow/example_dags/example_external_task_marker_dag.py for tasks to queue
[2023-08-28 23:24:52,482] {logging_mixin.py:115} INFO - [2023-08-28 23:24:52,482] {dagbag.py:507} INFO - Filling up the DagBag from /home/linuxlite/Documentos/airflow/venv/lib/python3.9/site-packages/airflow/example_dags/example_external_task_marker_dag.py
[2023-08-28 23:24:52,486] {processor.py:651} INFO - DAG(s) dict_keys(['example_external_task_marker_parent', 'example_external_task_marker_child']) retrieved from /home/linuxlite/Documentos/airflow/venv/lib/python3.9/site-packages/airflow/example_dags/example_external_task_marker_dag.py
[2023-08-28 23:24:52,513] {logging_mixin.py:115} INFO - [2023-08-28 23:24:52,513] {dag.py:2379} INFO - Sync 2 DAGs
[2023-08-28 23:24:52,528] {logging_mixin.py:115} INFO - [2023-08-28 23:24:52,528] {dag.py:2927} INFO - Setting next_dagrun for example_external_task_marker_child to None, run_after=None
[2023-08-28 23:24:52,528] {logging_mixin.py:115} INFO - [2023-08-28 23:24:52,528] {dag.py:2927} INFO - Setting next_dagrun for example_external_task_marker_parent to None, run_after=None
[2023-08-28 23:24:52,539] {processor.py:161} INFO - Processing /home/linuxlite/Documentos/airflow/venv/lib/python3.9/site-packages/airflow/example_dags/example_external_task_marker_dag.py took 0.062 seconds
[2023-08-28 23:25:26,760] {processor.py:153} INFO - Started process (PID=62164) to work on /home/linuxlite/Documentos/airflow/venv/lib/python3.9/site-packages/airflow/example_dags/example_external_task_marker_dag.py
[2023-08-28 23:25:26,761] {processor.py:641} INFO - Processing file /home/linuxlite/Documentos/airflow/venv/lib/python3.9/site-packages/airflow/example_dags/example_external_task_marker_dag.py for tasks to queue
[2023-08-28 23:25:26,761] {logging_mixin.py:115} INFO - [2023-08-28 23:25:26,761] {dagbag.py:507} INFO - Filling up the DagBag from /home/linuxlite/Documentos/airflow/venv/lib/python3.9/site-packages/airflow/example_dags/example_external_task_marker_dag.py
[2023-08-28 23:25:26,766] {processor.py:651} INFO - DAG(s) dict_keys(['example_external_task_marker_parent', 'example_external_task_marker_child']) retrieved from /home/linuxlite/Documentos/airflow/venv/lib/python3.9/site-packages/airflow/example_dags/example_external_task_marker_dag.py
[2023-08-28 23:25:26,794] {logging_mixin.py:115} INFO - [2023-08-28 23:25:26,794] {dag.py:2379} INFO - Sync 2 DAGs
[2023-08-28 23:25:26,811] {logging_mixin.py:115} INFO - [2023-08-28 23:25:26,811] {dag.py:2927} INFO - Setting next_dagrun for example_external_task_marker_child to None, run_after=None
[2023-08-28 23:25:26,812] {logging_mixin.py:115} INFO - [2023-08-28 23:25:26,812] {dag.py:2927} INFO - Setting next_dagrun for example_external_task_marker_parent to None, run_after=None
[2023-08-28 23:25:26,824] {processor.py:161} INFO - Processing /home/linuxlite/Documentos/airflow/venv/lib/python3.9/site-packages/airflow/example_dags/example_external_task_marker_dag.py took 0.067 seconds
[2023-08-28 23:26:03,594] {processor.py:153} INFO - Started process (PID=62209) to work on /home/linuxlite/Documentos/airflow/venv/lib/python3.9/site-packages/airflow/example_dags/example_external_task_marker_dag.py
[2023-08-28 23:26:03,595] {processor.py:641} INFO - Processing file /home/linuxlite/Documentos/airflow/venv/lib/python3.9/site-packages/airflow/example_dags/example_external_task_marker_dag.py for tasks to queue
[2023-08-28 23:26:03,596] {logging_mixin.py:115} INFO - [2023-08-28 23:26:03,596] {dagbag.py:507} INFO - Filling up the DagBag from /home/linuxlite/Documentos/airflow/venv/lib/python3.9/site-packages/airflow/example_dags/example_external_task_marker_dag.py
[2023-08-28 23:26:03,604] {processor.py:651} INFO - DAG(s) dict_keys(['example_external_task_marker_parent', 'example_external_task_marker_child']) retrieved from /home/linuxlite/Documentos/airflow/venv/lib/python3.9/site-packages/airflow/example_dags/example_external_task_marker_dag.py
[2023-08-28 23:26:03,633] {logging_mixin.py:115} INFO - [2023-08-28 23:26:03,633] {dag.py:2379} INFO - Sync 2 DAGs
[2023-08-28 23:26:03,649] {logging_mixin.py:115} INFO - [2023-08-28 23:26:03,649] {dag.py:2927} INFO - Setting next_dagrun for example_external_task_marker_child to None, run_after=None
[2023-08-28 23:26:03,650] {logging_mixin.py:115} INFO - [2023-08-28 23:26:03,650] {dag.py:2927} INFO - Setting next_dagrun for example_external_task_marker_parent to None, run_after=None
[2023-08-28 23:26:03,662] {processor.py:161} INFO - Processing /home/linuxlite/Documentos/airflow/venv/lib/python3.9/site-packages/airflow/example_dags/example_external_task_marker_dag.py took 0.075 seconds
[2023-08-28 23:26:40,438] {processor.py:153} INFO - Started process (PID=62254) to work on /home/linuxlite/Documentos/airflow/venv/lib/python3.9/site-packages/airflow/example_dags/example_external_task_marker_dag.py
[2023-08-28 23:26:40,439] {processor.py:641} INFO - Processing file /home/linuxlite/Documentos/airflow/venv/lib/python3.9/site-packages/airflow/example_dags/example_external_task_marker_dag.py for tasks to queue
[2023-08-28 23:26:40,440] {logging_mixin.py:115} INFO - [2023-08-28 23:26:40,439] {dagbag.py:507} INFO - Filling up the DagBag from /home/linuxlite/Documentos/airflow/venv/lib/python3.9/site-packages/airflow/example_dags/example_external_task_marker_dag.py
[2023-08-28 23:26:40,444] {processor.py:651} INFO - DAG(s) dict_keys(['example_external_task_marker_parent', 'example_external_task_marker_child']) retrieved from /home/linuxlite/Documentos/airflow/venv/lib/python3.9/site-packages/airflow/example_dags/example_external_task_marker_dag.py
[2023-08-28 23:26:40,471] {logging_mixin.py:115} INFO - [2023-08-28 23:26:40,471] {dag.py:2379} INFO - Sync 2 DAGs
[2023-08-28 23:26:40,488] {logging_mixin.py:115} INFO - [2023-08-28 23:26:40,488] {dag.py:2927} INFO - Setting next_dagrun for example_external_task_marker_child to None, run_after=None
[2023-08-28 23:26:40,489] {logging_mixin.py:115} INFO - [2023-08-28 23:26:40,489] {dag.py:2927} INFO - Setting next_dagrun for example_external_task_marker_parent to None, run_after=None
[2023-08-28 23:26:40,501] {processor.py:161} INFO - Processing /home/linuxlite/Documentos/airflow/venv/lib/python3.9/site-packages/airflow/example_dags/example_external_task_marker_dag.py took 0.067 seconds
[2023-08-28 23:27:15,670] {processor.py:153} INFO - Started process (PID=62310) to work on /home/linuxlite/Documentos/airflow/venv/lib/python3.9/site-packages/airflow/example_dags/example_external_task_marker_dag.py
[2023-08-28 23:27:15,671] {processor.py:641} INFO - Processing file /home/linuxlite/Documentos/airflow/venv/lib/python3.9/site-packages/airflow/example_dags/example_external_task_marker_dag.py for tasks to queue
[2023-08-28 23:27:15,671] {logging_mixin.py:115} INFO - [2023-08-28 23:27:15,671] {dagbag.py:507} INFO - Filling up the DagBag from /home/linuxlite/Documentos/airflow/venv/lib/python3.9/site-packages/airflow/example_dags/example_external_task_marker_dag.py
[2023-08-28 23:27:15,676] {processor.py:651} INFO - DAG(s) dict_keys(['example_external_task_marker_parent', 'example_external_task_marker_child']) retrieved from /home/linuxlite/Documentos/airflow/venv/lib/python3.9/site-packages/airflow/example_dags/example_external_task_marker_dag.py
[2023-08-28 23:27:15,703] {logging_mixin.py:115} INFO - [2023-08-28 23:27:15,703] {dag.py:2379} INFO - Sync 2 DAGs
[2023-08-28 23:27:15,719] {logging_mixin.py:115} INFO - [2023-08-28 23:27:15,719] {dag.py:2927} INFO - Setting next_dagrun for example_external_task_marker_child to None, run_after=None
[2023-08-28 23:27:15,720] {logging_mixin.py:115} INFO - [2023-08-28 23:27:15,719] {dag.py:2927} INFO - Setting next_dagrun for example_external_task_marker_parent to None, run_after=None
[2023-08-28 23:27:15,732] {processor.py:161} INFO - Processing /home/linuxlite/Documentos/airflow/venv/lib/python3.9/site-packages/airflow/example_dags/example_external_task_marker_dag.py took 0.066 seconds
[2023-08-28 23:27:51,661] {processor.py:153} INFO - Started process (PID=62439) to work on /home/linuxlite/Documentos/airflow/venv/lib/python3.9/site-packages/airflow/example_dags/example_external_task_marker_dag.py
[2023-08-28 23:27:51,662] {processor.py:641} INFO - Processing file /home/linuxlite/Documentos/airflow/venv/lib/python3.9/site-packages/airflow/example_dags/example_external_task_marker_dag.py for tasks to queue
[2023-08-28 23:27:51,663] {logging_mixin.py:115} INFO - [2023-08-28 23:27:51,663] {dagbag.py:507} INFO - Filling up the DagBag from /home/linuxlite/Documentos/airflow/venv/lib/python3.9/site-packages/airflow/example_dags/example_external_task_marker_dag.py
[2023-08-28 23:27:51,676] {processor.py:651} INFO - DAG(s) dict_keys(['example_external_task_marker_parent', 'example_external_task_marker_child']) retrieved from /home/linuxlite/Documentos/airflow/venv/lib/python3.9/site-packages/airflow/example_dags/example_external_task_marker_dag.py
[2023-08-28 23:27:51,734] {logging_mixin.py:115} INFO - [2023-08-28 23:27:51,733] {dag.py:2379} INFO - Sync 2 DAGs
[2023-08-28 23:27:51,775] {logging_mixin.py:115} INFO - [2023-08-28 23:27:51,774] {dag.py:2927} INFO - Setting next_dagrun for example_external_task_marker_child to None, run_after=None
[2023-08-28 23:27:51,775] {logging_mixin.py:115} INFO - [2023-08-28 23:27:51,775] {dag.py:2927} INFO - Setting next_dagrun for example_external_task_marker_parent to None, run_after=None
[2023-08-28 23:27:51,797] {processor.py:161} INFO - Processing /home/linuxlite/Documentos/airflow/venv/lib/python3.9/site-packages/airflow/example_dags/example_external_task_marker_dag.py took 0.145 seconds
