[2023-08-28 23:10:47,056] {processor.py:153} INFO - Started process (PID=59935) to work on /home/linuxlite/Documentos/airflow/venv/lib/python3.9/site-packages/airflow/example_dags/example_trigger_controller_dag.py
[2023-08-28 23:10:47,057] {processor.py:641} INFO - Processing file /home/linuxlite/Documentos/airflow/venv/lib/python3.9/site-packages/airflow/example_dags/example_trigger_controller_dag.py for tasks to queue
[2023-08-28 23:10:47,057] {logging_mixin.py:115} INFO - [2023-08-28 23:10:47,057] {dagbag.py:507} INFO - Filling up the DagBag from /home/linuxlite/Documentos/airflow/venv/lib/python3.9/site-packages/airflow/example_dags/example_trigger_controller_dag.py
[2023-08-28 23:10:47,064] {processor.py:651} INFO - DAG(s) dict_keys(['example_trigger_controller_dag']) retrieved from /home/linuxlite/Documentos/airflow/venv/lib/python3.9/site-packages/airflow/example_dags/example_trigger_controller_dag.py
[2023-08-28 23:10:47,083] {logging_mixin.py:115} INFO - [2023-08-28 23:10:47,083] {dag.py:2379} INFO - Sync 1 DAGs
[2023-08-28 23:10:47,104] {logging_mixin.py:115} INFO - [2023-08-28 23:10:47,104] {dag.py:2927} INFO - Setting next_dagrun for example_trigger_controller_dag to 2021-01-01T00:00:00+00:00, run_after=2021-01-01T00:00:00+00:00
[2023-08-28 23:10:47,117] {processor.py:161} INFO - Processing /home/linuxlite/Documentos/airflow/venv/lib/python3.9/site-packages/airflow/example_dags/example_trigger_controller_dag.py took 0.064 seconds
[2023-08-28 23:11:21,881] {processor.py:153} INFO - Started process (PID=60052) to work on /home/linuxlite/Documentos/airflow/venv/lib/python3.9/site-packages/airflow/example_dags/example_trigger_controller_dag.py
[2023-08-28 23:11:21,882] {processor.py:641} INFO - Processing file /home/linuxlite/Documentos/airflow/venv/lib/python3.9/site-packages/airflow/example_dags/example_trigger_controller_dag.py for tasks to queue
[2023-08-28 23:11:21,882] {logging_mixin.py:115} INFO - [2023-08-28 23:11:21,882] {dagbag.py:507} INFO - Filling up the DagBag from /home/linuxlite/Documentos/airflow/venv/lib/python3.9/site-packages/airflow/example_dags/example_trigger_controller_dag.py
[2023-08-28 23:11:21,885] {processor.py:651} INFO - DAG(s) dict_keys(['example_trigger_controller_dag']) retrieved from /home/linuxlite/Documentos/airflow/venv/lib/python3.9/site-packages/airflow/example_dags/example_trigger_controller_dag.py
[2023-08-28 23:11:21,901] {logging_mixin.py:115} INFO - [2023-08-28 23:11:21,901] {dag.py:2379} INFO - Sync 1 DAGs
[2023-08-28 23:11:21,918] {logging_mixin.py:115} INFO - [2023-08-28 23:11:21,918] {dag.py:2927} INFO - Setting next_dagrun for example_trigger_controller_dag to 2021-01-01T00:00:00+00:00, run_after=2021-01-01T00:00:00+00:00
[2023-08-28 23:11:21,928] {processor.py:161} INFO - Processing /home/linuxlite/Documentos/airflow/venv/lib/python3.9/site-packages/airflow/example_dags/example_trigger_controller_dag.py took 0.051 seconds
[2023-08-28 23:11:56,466] {processor.py:153} INFO - Started process (PID=60089) to work on /home/linuxlite/Documentos/airflow/venv/lib/python3.9/site-packages/airflow/example_dags/example_trigger_controller_dag.py
[2023-08-28 23:11:56,467] {processor.py:641} INFO - Processing file /home/linuxlite/Documentos/airflow/venv/lib/python3.9/site-packages/airflow/example_dags/example_trigger_controller_dag.py for tasks to queue
[2023-08-28 23:11:56,467] {logging_mixin.py:115} INFO - [2023-08-28 23:11:56,467] {dagbag.py:507} INFO - Filling up the DagBag from /home/linuxlite/Documentos/airflow/venv/lib/python3.9/site-packages/airflow/example_dags/example_trigger_controller_dag.py
[2023-08-28 23:11:56,471] {processor.py:651} INFO - DAG(s) dict_keys(['example_trigger_controller_dag']) retrieved from /home/linuxlite/Documentos/airflow/venv/lib/python3.9/site-packages/airflow/example_dags/example_trigger_controller_dag.py
[2023-08-28 23:11:56,488] {logging_mixin.py:115} INFO - [2023-08-28 23:11:56,488] {dag.py:2379} INFO - Sync 1 DAGs
[2023-08-28 23:11:56,507] {logging_mixin.py:115} INFO - [2023-08-28 23:11:56,507] {dag.py:2927} INFO - Setting next_dagrun for example_trigger_controller_dag to 2021-01-01T00:00:00+00:00, run_after=2021-01-01T00:00:00+00:00
[2023-08-28 23:11:56,520] {processor.py:161} INFO - Processing /home/linuxlite/Documentos/airflow/venv/lib/python3.9/site-packages/airflow/example_dags/example_trigger_controller_dag.py took 0.057 seconds
[2023-08-28 23:12:31,185] {processor.py:153} INFO - Started process (PID=60133) to work on /home/linuxlite/Documentos/airflow/venv/lib/python3.9/site-packages/airflow/example_dags/example_trigger_controller_dag.py
[2023-08-28 23:12:31,186] {processor.py:641} INFO - Processing file /home/linuxlite/Documentos/airflow/venv/lib/python3.9/site-packages/airflow/example_dags/example_trigger_controller_dag.py for tasks to queue
[2023-08-28 23:12:31,187] {logging_mixin.py:115} INFO - [2023-08-28 23:12:31,187] {dagbag.py:507} INFO - Filling up the DagBag from /home/linuxlite/Documentos/airflow/venv/lib/python3.9/site-packages/airflow/example_dags/example_trigger_controller_dag.py
[2023-08-28 23:12:31,193] {processor.py:651} INFO - DAG(s) dict_keys(['example_trigger_controller_dag']) retrieved from /home/linuxlite/Documentos/airflow/venv/lib/python3.9/site-packages/airflow/example_dags/example_trigger_controller_dag.py
[2023-08-28 23:12:31,211] {logging_mixin.py:115} INFO - [2023-08-28 23:12:31,211] {dag.py:2379} INFO - Sync 1 DAGs
[2023-08-28 23:12:31,233] {logging_mixin.py:115} INFO - [2023-08-28 23:12:31,232] {dag.py:2927} INFO - Setting next_dagrun for example_trigger_controller_dag to 2021-01-01T00:00:00+00:00, run_after=2021-01-01T00:00:00+00:00
[2023-08-28 23:12:31,245] {processor.py:161} INFO - Processing /home/linuxlite/Documentos/airflow/venv/lib/python3.9/site-packages/airflow/example_dags/example_trigger_controller_dag.py took 0.063 seconds
[2023-08-28 23:13:06,255] {processor.py:153} INFO - Started process (PID=60169) to work on /home/linuxlite/Documentos/airflow/venv/lib/python3.9/site-packages/airflow/example_dags/example_trigger_controller_dag.py
[2023-08-28 23:13:06,256] {processor.py:641} INFO - Processing file /home/linuxlite/Documentos/airflow/venv/lib/python3.9/site-packages/airflow/example_dags/example_trigger_controller_dag.py for tasks to queue
[2023-08-28 23:13:06,257] {logging_mixin.py:115} INFO - [2023-08-28 23:13:06,257] {dagbag.py:507} INFO - Filling up the DagBag from /home/linuxlite/Documentos/airflow/venv/lib/python3.9/site-packages/airflow/example_dags/example_trigger_controller_dag.py
[2023-08-28 23:13:06,260] {processor.py:651} INFO - DAG(s) dict_keys(['example_trigger_controller_dag']) retrieved from /home/linuxlite/Documentos/airflow/venv/lib/python3.9/site-packages/airflow/example_dags/example_trigger_controller_dag.py
[2023-08-28 23:13:06,278] {logging_mixin.py:115} INFO - [2023-08-28 23:13:06,277] {dag.py:2379} INFO - Sync 1 DAGs
[2023-08-28 23:13:06,296] {logging_mixin.py:115} INFO - [2023-08-28 23:13:06,296] {dag.py:2927} INFO - Setting next_dagrun for example_trigger_controller_dag to 2021-01-01T00:00:00+00:00, run_after=2021-01-01T00:00:00+00:00
[2023-08-28 23:13:06,308] {processor.py:161} INFO - Processing /home/linuxlite/Documentos/airflow/venv/lib/python3.9/site-packages/airflow/example_dags/example_trigger_controller_dag.py took 0.056 seconds
[2023-08-28 23:13:40,640] {processor.py:153} INFO - Started process (PID=60210) to work on /home/linuxlite/Documentos/airflow/venv/lib/python3.9/site-packages/airflow/example_dags/example_trigger_controller_dag.py
[2023-08-28 23:13:40,641] {processor.py:641} INFO - Processing file /home/linuxlite/Documentos/airflow/venv/lib/python3.9/site-packages/airflow/example_dags/example_trigger_controller_dag.py for tasks to queue
[2023-08-28 23:13:40,642] {logging_mixin.py:115} INFO - [2023-08-28 23:13:40,642] {dagbag.py:507} INFO - Filling up the DagBag from /home/linuxlite/Documentos/airflow/venv/lib/python3.9/site-packages/airflow/example_dags/example_trigger_controller_dag.py
[2023-08-28 23:13:40,645] {processor.py:651} INFO - DAG(s) dict_keys(['example_trigger_controller_dag']) retrieved from /home/linuxlite/Documentos/airflow/venv/lib/python3.9/site-packages/airflow/example_dags/example_trigger_controller_dag.py
[2023-08-28 23:13:40,666] {logging_mixin.py:115} INFO - [2023-08-28 23:13:40,665] {dag.py:2379} INFO - Sync 1 DAGs
[2023-08-28 23:13:40,688] {logging_mixin.py:115} INFO - [2023-08-28 23:13:40,688] {dag.py:2927} INFO - Setting next_dagrun for example_trigger_controller_dag to 2021-01-01T00:00:00+00:00, run_after=2021-01-01T00:00:00+00:00
[2023-08-28 23:13:40,701] {processor.py:161} INFO - Processing /home/linuxlite/Documentos/airflow/venv/lib/python3.9/site-packages/airflow/example_dags/example_trigger_controller_dag.py took 0.066 seconds
[2023-08-28 23:14:15,035] {processor.py:153} INFO - Started process (PID=60250) to work on /home/linuxlite/Documentos/airflow/venv/lib/python3.9/site-packages/airflow/example_dags/example_trigger_controller_dag.py
[2023-08-28 23:14:15,035] {processor.py:641} INFO - Processing file /home/linuxlite/Documentos/airflow/venv/lib/python3.9/site-packages/airflow/example_dags/example_trigger_controller_dag.py for tasks to queue
[2023-08-28 23:14:15,036] {logging_mixin.py:115} INFO - [2023-08-28 23:14:15,036] {dagbag.py:507} INFO - Filling up the DagBag from /home/linuxlite/Documentos/airflow/venv/lib/python3.9/site-packages/airflow/example_dags/example_trigger_controller_dag.py
[2023-08-28 23:14:15,039] {processor.py:651} INFO - DAG(s) dict_keys(['example_trigger_controller_dag']) retrieved from /home/linuxlite/Documentos/airflow/venv/lib/python3.9/site-packages/airflow/example_dags/example_trigger_controller_dag.py
[2023-08-28 23:14:15,057] {logging_mixin.py:115} INFO - [2023-08-28 23:14:15,057] {dag.py:2379} INFO - Sync 1 DAGs
[2023-08-28 23:14:15,077] {logging_mixin.py:115} INFO - [2023-08-28 23:14:15,077] {dag.py:2927} INFO - Setting next_dagrun for example_trigger_controller_dag to 2021-01-01T00:00:00+00:00, run_after=2021-01-01T00:00:00+00:00
[2023-08-28 23:14:15,088] {processor.py:161} INFO - Processing /home/linuxlite/Documentos/airflow/venv/lib/python3.9/site-packages/airflow/example_dags/example_trigger_controller_dag.py took 0.057 seconds
[2023-08-28 23:14:51,739] {processor.py:153} INFO - Started process (PID=60302) to work on /home/linuxlite/Documentos/airflow/venv/lib/python3.9/site-packages/airflow/example_dags/example_trigger_controller_dag.py
[2023-08-28 23:14:51,740] {processor.py:641} INFO - Processing file /home/linuxlite/Documentos/airflow/venv/lib/python3.9/site-packages/airflow/example_dags/example_trigger_controller_dag.py for tasks to queue
[2023-08-28 23:14:51,740] {logging_mixin.py:115} INFO - [2023-08-28 23:14:51,740] {dagbag.py:507} INFO - Filling up the DagBag from /home/linuxlite/Documentos/airflow/venv/lib/python3.9/site-packages/airflow/example_dags/example_trigger_controller_dag.py
[2023-08-28 23:14:51,743] {processor.py:651} INFO - DAG(s) dict_keys(['example_trigger_controller_dag']) retrieved from /home/linuxlite/Documentos/airflow/venv/lib/python3.9/site-packages/airflow/example_dags/example_trigger_controller_dag.py
[2023-08-28 23:14:51,764] {logging_mixin.py:115} INFO - [2023-08-28 23:14:51,764] {dag.py:2379} INFO - Sync 1 DAGs
[2023-08-28 23:14:51,788] {logging_mixin.py:115} INFO - [2023-08-28 23:14:51,788] {dag.py:2927} INFO - Setting next_dagrun for example_trigger_controller_dag to 2021-01-01T00:00:00+00:00, run_after=2021-01-01T00:00:00+00:00
[2023-08-28 23:14:51,806] {processor.py:161} INFO - Processing /home/linuxlite/Documentos/airflow/venv/lib/python3.9/site-packages/airflow/example_dags/example_trigger_controller_dag.py took 0.072 seconds
[2023-08-28 23:15:23,111] {processor.py:153} INFO - Started process (PID=60544) to work on /home/linuxlite/Documentos/airflow/venv/lib/python3.9/site-packages/airflow/example_dags/example_trigger_controller_dag.py
[2023-08-28 23:15:23,112] {processor.py:641} INFO - Processing file /home/linuxlite/Documentos/airflow/venv/lib/python3.9/site-packages/airflow/example_dags/example_trigger_controller_dag.py for tasks to queue
[2023-08-28 23:15:23,112] {logging_mixin.py:115} INFO - [2023-08-28 23:15:23,112] {dagbag.py:507} INFO - Filling up the DagBag from /home/linuxlite/Documentos/airflow/venv/lib/python3.9/site-packages/airflow/example_dags/example_trigger_controller_dag.py
[2023-08-28 23:15:23,115] {processor.py:651} INFO - DAG(s) dict_keys(['example_trigger_controller_dag']) retrieved from /home/linuxlite/Documentos/airflow/venv/lib/python3.9/site-packages/airflow/example_dags/example_trigger_controller_dag.py
[2023-08-28 23:15:23,133] {logging_mixin.py:115} INFO - [2023-08-28 23:15:23,133] {dag.py:2379} INFO - Sync 1 DAGs
[2023-08-28 23:15:23,152] {logging_mixin.py:115} INFO - [2023-08-28 23:15:23,151] {dag.py:2927} INFO - Setting next_dagrun for example_trigger_controller_dag to 2021-01-01T00:00:00+00:00, run_after=2021-01-01T00:00:00+00:00
[2023-08-28 23:15:23,167] {processor.py:161} INFO - Processing /home/linuxlite/Documentos/airflow/venv/lib/python3.9/site-packages/airflow/example_dags/example_trigger_controller_dag.py took 0.060 seconds
[2023-08-28 23:15:56,957] {processor.py:153} INFO - Started process (PID=60579) to work on /home/linuxlite/Documentos/airflow/venv/lib/python3.9/site-packages/airflow/example_dags/example_trigger_controller_dag.py
[2023-08-28 23:15:56,957] {processor.py:641} INFO - Processing file /home/linuxlite/Documentos/airflow/venv/lib/python3.9/site-packages/airflow/example_dags/example_trigger_controller_dag.py for tasks to queue
[2023-08-28 23:15:56,958] {logging_mixin.py:115} INFO - [2023-08-28 23:15:56,958] {dagbag.py:507} INFO - Filling up the DagBag from /home/linuxlite/Documentos/airflow/venv/lib/python3.9/site-packages/airflow/example_dags/example_trigger_controller_dag.py
[2023-08-28 23:15:56,961] {processor.py:651} INFO - DAG(s) dict_keys(['example_trigger_controller_dag']) retrieved from /home/linuxlite/Documentos/airflow/venv/lib/python3.9/site-packages/airflow/example_dags/example_trigger_controller_dag.py
[2023-08-28 23:15:56,979] {logging_mixin.py:115} INFO - [2023-08-28 23:15:56,978] {dag.py:2379} INFO - Sync 1 DAGs
[2023-08-28 23:15:57,009] {logging_mixin.py:115} INFO - [2023-08-28 23:15:57,009] {dag.py:2927} INFO - Setting next_dagrun for example_trigger_controller_dag to 2021-01-01T00:00:00+00:00, run_after=2021-01-01T00:00:00+00:00
[2023-08-28 23:15:57,038] {processor.py:161} INFO - Processing /home/linuxlite/Documentos/airflow/venv/lib/python3.9/site-packages/airflow/example_dags/example_trigger_controller_dag.py took 0.085 seconds
[2023-08-28 23:16:32,041] {processor.py:153} INFO - Started process (PID=60617) to work on /home/linuxlite/Documentos/airflow/venv/lib/python3.9/site-packages/airflow/example_dags/example_trigger_controller_dag.py
[2023-08-28 23:16:32,042] {processor.py:641} INFO - Processing file /home/linuxlite/Documentos/airflow/venv/lib/python3.9/site-packages/airflow/example_dags/example_trigger_controller_dag.py for tasks to queue
[2023-08-28 23:16:32,042] {logging_mixin.py:115} INFO - [2023-08-28 23:16:32,042] {dagbag.py:507} INFO - Filling up the DagBag from /home/linuxlite/Documentos/airflow/venv/lib/python3.9/site-packages/airflow/example_dags/example_trigger_controller_dag.py
[2023-08-28 23:16:32,046] {processor.py:651} INFO - DAG(s) dict_keys(['example_trigger_controller_dag']) retrieved from /home/linuxlite/Documentos/airflow/venv/lib/python3.9/site-packages/airflow/example_dags/example_trigger_controller_dag.py
[2023-08-28 23:16:32,063] {logging_mixin.py:115} INFO - [2023-08-28 23:16:32,063] {dag.py:2379} INFO - Sync 1 DAGs
[2023-08-28 23:16:32,079] {logging_mixin.py:115} INFO - [2023-08-28 23:16:32,079] {dag.py:2927} INFO - Setting next_dagrun for example_trigger_controller_dag to 2021-01-01T00:00:00+00:00, run_after=2021-01-01T00:00:00+00:00
[2023-08-28 23:16:32,091] {processor.py:161} INFO - Processing /home/linuxlite/Documentos/airflow/venv/lib/python3.9/site-packages/airflow/example_dags/example_trigger_controller_dag.py took 0.053 seconds
[2023-08-28 23:17:03,034] {processor.py:153} INFO - Started process (PID=60827) to work on /home/linuxlite/Documentos/airflow/venv/lib/python3.9/site-packages/airflow/example_dags/example_trigger_controller_dag.py
[2023-08-28 23:17:03,035] {processor.py:641} INFO - Processing file /home/linuxlite/Documentos/airflow/venv/lib/python3.9/site-packages/airflow/example_dags/example_trigger_controller_dag.py for tasks to queue
[2023-08-28 23:17:03,036] {logging_mixin.py:115} INFO - [2023-08-28 23:17:03,036] {dagbag.py:507} INFO - Filling up the DagBag from /home/linuxlite/Documentos/airflow/venv/lib/python3.9/site-packages/airflow/example_dags/example_trigger_controller_dag.py
[2023-08-28 23:17:03,041] {processor.py:651} INFO - DAG(s) dict_keys(['example_trigger_controller_dag']) retrieved from /home/linuxlite/Documentos/airflow/venv/lib/python3.9/site-packages/airflow/example_dags/example_trigger_controller_dag.py
[2023-08-28 23:17:03,058] {logging_mixin.py:115} INFO - [2023-08-28 23:17:03,058] {dag.py:2379} INFO - Sync 1 DAGs
[2023-08-28 23:17:03,078] {logging_mixin.py:115} INFO - [2023-08-28 23:17:03,078] {dag.py:2927} INFO - Setting next_dagrun for example_trigger_controller_dag to 2021-01-01T00:00:00+00:00, run_after=2021-01-01T00:00:00+00:00
[2023-08-28 23:17:03,090] {processor.py:161} INFO - Processing /home/linuxlite/Documentos/airflow/venv/lib/python3.9/site-packages/airflow/example_dags/example_trigger_controller_dag.py took 0.060 seconds
[2023-08-28 23:17:36,715] {processor.py:153} INFO - Started process (PID=60864) to work on /home/linuxlite/Documentos/airflow/venv/lib/python3.9/site-packages/airflow/example_dags/example_trigger_controller_dag.py
[2023-08-28 23:17:36,716] {processor.py:641} INFO - Processing file /home/linuxlite/Documentos/airflow/venv/lib/python3.9/site-packages/airflow/example_dags/example_trigger_controller_dag.py for tasks to queue
[2023-08-28 23:17:36,717] {logging_mixin.py:115} INFO - [2023-08-28 23:17:36,717] {dagbag.py:507} INFO - Filling up the DagBag from /home/linuxlite/Documentos/airflow/venv/lib/python3.9/site-packages/airflow/example_dags/example_trigger_controller_dag.py
[2023-08-28 23:17:36,721] {processor.py:651} INFO - DAG(s) dict_keys(['example_trigger_controller_dag']) retrieved from /home/linuxlite/Documentos/airflow/venv/lib/python3.9/site-packages/airflow/example_dags/example_trigger_controller_dag.py
[2023-08-28 23:17:36,740] {logging_mixin.py:115} INFO - [2023-08-28 23:17:36,740] {dag.py:2379} INFO - Sync 1 DAGs
[2023-08-28 23:17:36,760] {logging_mixin.py:115} INFO - [2023-08-28 23:17:36,760] {dag.py:2927} INFO - Setting next_dagrun for example_trigger_controller_dag to 2021-01-01T00:00:00+00:00, run_after=2021-01-01T00:00:00+00:00
[2023-08-28 23:17:36,774] {processor.py:161} INFO - Processing /home/linuxlite/Documentos/airflow/venv/lib/python3.9/site-packages/airflow/example_dags/example_trigger_controller_dag.py took 0.062 seconds
[2023-08-28 23:18:11,223] {processor.py:153} INFO - Started process (PID=61347) to work on /home/linuxlite/Documentos/airflow/venv/lib/python3.9/site-packages/airflow/example_dags/example_trigger_controller_dag.py
[2023-08-28 23:18:11,224] {processor.py:641} INFO - Processing file /home/linuxlite/Documentos/airflow/venv/lib/python3.9/site-packages/airflow/example_dags/example_trigger_controller_dag.py for tasks to queue
[2023-08-28 23:18:11,224] {logging_mixin.py:115} INFO - [2023-08-28 23:18:11,224] {dagbag.py:507} INFO - Filling up the DagBag from /home/linuxlite/Documentos/airflow/venv/lib/python3.9/site-packages/airflow/example_dags/example_trigger_controller_dag.py
[2023-08-28 23:18:11,228] {processor.py:651} INFO - DAG(s) dict_keys(['example_trigger_controller_dag']) retrieved from /home/linuxlite/Documentos/airflow/venv/lib/python3.9/site-packages/airflow/example_dags/example_trigger_controller_dag.py
[2023-08-28 23:18:11,247] {logging_mixin.py:115} INFO - [2023-08-28 23:18:11,247] {dag.py:2379} INFO - Sync 1 DAGs
[2023-08-28 23:18:11,265] {logging_mixin.py:115} INFO - [2023-08-28 23:18:11,265] {dag.py:2927} INFO - Setting next_dagrun for example_trigger_controller_dag to 2021-01-01T00:00:00+00:00, run_after=2021-01-01T00:00:00+00:00
[2023-08-28 23:18:11,277] {processor.py:161} INFO - Processing /home/linuxlite/Documentos/airflow/venv/lib/python3.9/site-packages/airflow/example_dags/example_trigger_controller_dag.py took 0.057 seconds
[2023-08-28 23:18:44,785] {processor.py:153} INFO - Started process (PID=61528) to work on /home/linuxlite/Documentos/airflow/venv/lib/python3.9/site-packages/airflow/example_dags/example_trigger_controller_dag.py
[2023-08-28 23:18:44,785] {processor.py:641} INFO - Processing file /home/linuxlite/Documentos/airflow/venv/lib/python3.9/site-packages/airflow/example_dags/example_trigger_controller_dag.py for tasks to queue
[2023-08-28 23:18:44,786] {logging_mixin.py:115} INFO - [2023-08-28 23:18:44,786] {dagbag.py:507} INFO - Filling up the DagBag from /home/linuxlite/Documentos/airflow/venv/lib/python3.9/site-packages/airflow/example_dags/example_trigger_controller_dag.py
[2023-08-28 23:18:44,790] {processor.py:651} INFO - DAG(s) dict_keys(['example_trigger_controller_dag']) retrieved from /home/linuxlite/Documentos/airflow/venv/lib/python3.9/site-packages/airflow/example_dags/example_trigger_controller_dag.py
[2023-08-28 23:18:44,809] {logging_mixin.py:115} INFO - [2023-08-28 23:18:44,808] {dag.py:2379} INFO - Sync 1 DAGs
[2023-08-28 23:18:44,826] {logging_mixin.py:115} INFO - [2023-08-28 23:18:44,826] {dag.py:2927} INFO - Setting next_dagrun for example_trigger_controller_dag to 2021-01-01T00:00:00+00:00, run_after=2021-01-01T00:00:00+00:00
[2023-08-28 23:18:44,838] {processor.py:161} INFO - Processing /home/linuxlite/Documentos/airflow/venv/lib/python3.9/site-packages/airflow/example_dags/example_trigger_controller_dag.py took 0.057 seconds
[2023-08-28 23:19:19,203] {processor.py:153} INFO - Started process (PID=61579) to work on /home/linuxlite/Documentos/airflow/venv/lib/python3.9/site-packages/airflow/example_dags/example_trigger_controller_dag.py
[2023-08-28 23:19:19,204] {processor.py:641} INFO - Processing file /home/linuxlite/Documentos/airflow/venv/lib/python3.9/site-packages/airflow/example_dags/example_trigger_controller_dag.py for tasks to queue
[2023-08-28 23:19:19,205] {logging_mixin.py:115} INFO - [2023-08-28 23:19:19,205] {dagbag.py:507} INFO - Filling up the DagBag from /home/linuxlite/Documentos/airflow/venv/lib/python3.9/site-packages/airflow/example_dags/example_trigger_controller_dag.py
[2023-08-28 23:19:19,209] {processor.py:651} INFO - DAG(s) dict_keys(['example_trigger_controller_dag']) retrieved from /home/linuxlite/Documentos/airflow/venv/lib/python3.9/site-packages/airflow/example_dags/example_trigger_controller_dag.py
[2023-08-28 23:19:19,225] {logging_mixin.py:115} INFO - [2023-08-28 23:19:19,225] {dag.py:2379} INFO - Sync 1 DAGs
[2023-08-28 23:19:19,243] {logging_mixin.py:115} INFO - [2023-08-28 23:19:19,243] {dag.py:2927} INFO - Setting next_dagrun for example_trigger_controller_dag to 2021-01-01T00:00:00+00:00, run_after=2021-01-01T00:00:00+00:00
[2023-08-28 23:19:19,253] {processor.py:161} INFO - Processing /home/linuxlite/Documentos/airflow/venv/lib/python3.9/site-packages/airflow/example_dags/example_trigger_controller_dag.py took 0.053 seconds
[2023-08-28 23:19:53,013] {processor.py:153} INFO - Started process (PID=61638) to work on /home/linuxlite/Documentos/airflow/venv/lib/python3.9/site-packages/airflow/example_dags/example_trigger_controller_dag.py
[2023-08-28 23:19:53,014] {processor.py:641} INFO - Processing file /home/linuxlite/Documentos/airflow/venv/lib/python3.9/site-packages/airflow/example_dags/example_trigger_controller_dag.py for tasks to queue
[2023-08-28 23:19:53,015] {logging_mixin.py:115} INFO - [2023-08-28 23:19:53,015] {dagbag.py:507} INFO - Filling up the DagBag from /home/linuxlite/Documentos/airflow/venv/lib/python3.9/site-packages/airflow/example_dags/example_trigger_controller_dag.py
[2023-08-28 23:19:53,021] {processor.py:651} INFO - DAG(s) dict_keys(['example_trigger_controller_dag']) retrieved from /home/linuxlite/Documentos/airflow/venv/lib/python3.9/site-packages/airflow/example_dags/example_trigger_controller_dag.py
[2023-08-28 23:19:53,047] {logging_mixin.py:115} INFO - [2023-08-28 23:19:53,047] {dag.py:2379} INFO - Sync 1 DAGs
[2023-08-28 23:19:53,068] {logging_mixin.py:115} INFO - [2023-08-28 23:19:53,067] {dag.py:2927} INFO - Setting next_dagrun for example_trigger_controller_dag to 2021-01-01T00:00:00+00:00, run_after=2021-01-01T00:00:00+00:00
[2023-08-28 23:19:53,081] {processor.py:161} INFO - Processing /home/linuxlite/Documentos/airflow/venv/lib/python3.9/site-packages/airflow/example_dags/example_trigger_controller_dag.py took 0.075 seconds
[2023-08-28 23:20:26,422] {processor.py:153} INFO - Started process (PID=61733) to work on /home/linuxlite/Documentos/airflow/venv/lib/python3.9/site-packages/airflow/example_dags/example_trigger_controller_dag.py
[2023-08-28 23:20:26,423] {processor.py:641} INFO - Processing file /home/linuxlite/Documentos/airflow/venv/lib/python3.9/site-packages/airflow/example_dags/example_trigger_controller_dag.py for tasks to queue
[2023-08-28 23:20:26,424] {logging_mixin.py:115} INFO - [2023-08-28 23:20:26,424] {dagbag.py:507} INFO - Filling up the DagBag from /home/linuxlite/Documentos/airflow/venv/lib/python3.9/site-packages/airflow/example_dags/example_trigger_controller_dag.py
[2023-08-28 23:20:26,428] {processor.py:651} INFO - DAG(s) dict_keys(['example_trigger_controller_dag']) retrieved from /home/linuxlite/Documentos/airflow/venv/lib/python3.9/site-packages/airflow/example_dags/example_trigger_controller_dag.py
[2023-08-28 23:20:26,446] {logging_mixin.py:115} INFO - [2023-08-28 23:20:26,446] {dag.py:2379} INFO - Sync 1 DAGs
[2023-08-28 23:20:26,466] {logging_mixin.py:115} INFO - [2023-08-28 23:20:26,466] {dag.py:2927} INFO - Setting next_dagrun for example_trigger_controller_dag to 2021-01-01T00:00:00+00:00, run_after=2021-01-01T00:00:00+00:00
[2023-08-28 23:20:26,479] {processor.py:161} INFO - Processing /home/linuxlite/Documentos/airflow/venv/lib/python3.9/site-packages/airflow/example_dags/example_trigger_controller_dag.py took 0.060 seconds
[2023-08-28 23:21:00,152] {processor.py:153} INFO - Started process (PID=61770) to work on /home/linuxlite/Documentos/airflow/venv/lib/python3.9/site-packages/airflow/example_dags/example_trigger_controller_dag.py
[2023-08-28 23:21:00,153] {processor.py:641} INFO - Processing file /home/linuxlite/Documentos/airflow/venv/lib/python3.9/site-packages/airflow/example_dags/example_trigger_controller_dag.py for tasks to queue
[2023-08-28 23:21:00,154] {logging_mixin.py:115} INFO - [2023-08-28 23:21:00,154] {dagbag.py:507} INFO - Filling up the DagBag from /home/linuxlite/Documentos/airflow/venv/lib/python3.9/site-packages/airflow/example_dags/example_trigger_controller_dag.py
[2023-08-28 23:21:00,159] {processor.py:651} INFO - DAG(s) dict_keys(['example_trigger_controller_dag']) retrieved from /home/linuxlite/Documentos/airflow/venv/lib/python3.9/site-packages/airflow/example_dags/example_trigger_controller_dag.py
[2023-08-28 23:21:00,176] {logging_mixin.py:115} INFO - [2023-08-28 23:21:00,175] {dag.py:2379} INFO - Sync 1 DAGs
[2023-08-28 23:21:00,194] {logging_mixin.py:115} INFO - [2023-08-28 23:21:00,193] {dag.py:2927} INFO - Setting next_dagrun for example_trigger_controller_dag to 2021-01-01T00:00:00+00:00, run_after=2021-01-01T00:00:00+00:00
[2023-08-28 23:21:00,206] {processor.py:161} INFO - Processing /home/linuxlite/Documentos/airflow/venv/lib/python3.9/site-packages/airflow/example_dags/example_trigger_controller_dag.py took 0.057 seconds
[2023-08-28 23:21:31,243] {processor.py:153} INFO - Started process (PID=61808) to work on /home/linuxlite/Documentos/airflow/venv/lib/python3.9/site-packages/airflow/example_dags/example_trigger_controller_dag.py
[2023-08-28 23:21:31,244] {processor.py:641} INFO - Processing file /home/linuxlite/Documentos/airflow/venv/lib/python3.9/site-packages/airflow/example_dags/example_trigger_controller_dag.py for tasks to queue
[2023-08-28 23:21:31,244] {logging_mixin.py:115} INFO - [2023-08-28 23:21:31,244] {dagbag.py:507} INFO - Filling up the DagBag from /home/linuxlite/Documentos/airflow/venv/lib/python3.9/site-packages/airflow/example_dags/example_trigger_controller_dag.py
[2023-08-28 23:21:31,247] {processor.py:651} INFO - DAG(s) dict_keys(['example_trigger_controller_dag']) retrieved from /home/linuxlite/Documentos/airflow/venv/lib/python3.9/site-packages/airflow/example_dags/example_trigger_controller_dag.py
[2023-08-28 23:21:31,265] {logging_mixin.py:115} INFO - [2023-08-28 23:21:31,265] {dag.py:2379} INFO - Sync 1 DAGs
[2023-08-28 23:21:31,285] {logging_mixin.py:115} INFO - [2023-08-28 23:21:31,285] {dag.py:2927} INFO - Setting next_dagrun for example_trigger_controller_dag to 2021-01-01T00:00:00+00:00, run_after=2021-01-01T00:00:00+00:00
[2023-08-28 23:21:31,298] {processor.py:161} INFO - Processing /home/linuxlite/Documentos/airflow/venv/lib/python3.9/site-packages/airflow/example_dags/example_trigger_controller_dag.py took 0.059 seconds
[2023-08-28 23:22:04,933] {processor.py:153} INFO - Started process (PID=61867) to work on /home/linuxlite/Documentos/airflow/venv/lib/python3.9/site-packages/airflow/example_dags/example_trigger_controller_dag.py
[2023-08-28 23:22:04,934] {processor.py:641} INFO - Processing file /home/linuxlite/Documentos/airflow/venv/lib/python3.9/site-packages/airflow/example_dags/example_trigger_controller_dag.py for tasks to queue
[2023-08-28 23:22:04,935] {logging_mixin.py:115} INFO - [2023-08-28 23:22:04,935] {dagbag.py:507} INFO - Filling up the DagBag from /home/linuxlite/Documentos/airflow/venv/lib/python3.9/site-packages/airflow/example_dags/example_trigger_controller_dag.py
[2023-08-28 23:22:04,938] {processor.py:651} INFO - DAG(s) dict_keys(['example_trigger_controller_dag']) retrieved from /home/linuxlite/Documentos/airflow/venv/lib/python3.9/site-packages/airflow/example_dags/example_trigger_controller_dag.py
[2023-08-28 23:22:04,954] {logging_mixin.py:115} INFO - [2023-08-28 23:22:04,954] {dag.py:2379} INFO - Sync 1 DAGs
[2023-08-28 23:22:04,972] {logging_mixin.py:115} INFO - [2023-08-28 23:22:04,971] {dag.py:2927} INFO - Setting next_dagrun for example_trigger_controller_dag to 2021-01-01T00:00:00+00:00, run_after=2021-01-01T00:00:00+00:00
[2023-08-28 23:22:04,982] {processor.py:161} INFO - Processing /home/linuxlite/Documentos/airflow/venv/lib/python3.9/site-packages/airflow/example_dags/example_trigger_controller_dag.py took 0.052 seconds
[2023-08-28 23:22:36,748] {processor.py:153} INFO - Started process (PID=61904) to work on /home/linuxlite/Documentos/airflow/venv/lib/python3.9/site-packages/airflow/example_dags/example_trigger_controller_dag.py
[2023-08-28 23:22:36,749] {processor.py:641} INFO - Processing file /home/linuxlite/Documentos/airflow/venv/lib/python3.9/site-packages/airflow/example_dags/example_trigger_controller_dag.py for tasks to queue
[2023-08-28 23:22:36,749] {logging_mixin.py:115} INFO - [2023-08-28 23:22:36,749] {dagbag.py:507} INFO - Filling up the DagBag from /home/linuxlite/Documentos/airflow/venv/lib/python3.9/site-packages/airflow/example_dags/example_trigger_controller_dag.py
[2023-08-28 23:22:36,754] {processor.py:651} INFO - DAG(s) dict_keys(['example_trigger_controller_dag']) retrieved from /home/linuxlite/Documentos/airflow/venv/lib/python3.9/site-packages/airflow/example_dags/example_trigger_controller_dag.py
[2023-08-28 23:22:36,772] {logging_mixin.py:115} INFO - [2023-08-28 23:22:36,772] {dag.py:2379} INFO - Sync 1 DAGs
[2023-08-28 23:22:36,794] {logging_mixin.py:115} INFO - [2023-08-28 23:22:36,794] {dag.py:2927} INFO - Setting next_dagrun for example_trigger_controller_dag to 2021-01-01T00:00:00+00:00, run_after=2021-01-01T00:00:00+00:00
[2023-08-28 23:22:36,807] {processor.py:161} INFO - Processing /home/linuxlite/Documentos/airflow/venv/lib/python3.9/site-packages/airflow/example_dags/example_trigger_controller_dag.py took 0.063 seconds
[2023-08-28 23:23:12,436] {processor.py:153} INFO - Started process (PID=61946) to work on /home/linuxlite/Documentos/airflow/venv/lib/python3.9/site-packages/airflow/example_dags/example_trigger_controller_dag.py
[2023-08-28 23:23:12,438] {processor.py:641} INFO - Processing file /home/linuxlite/Documentos/airflow/venv/lib/python3.9/site-packages/airflow/example_dags/example_trigger_controller_dag.py for tasks to queue
[2023-08-28 23:23:12,438] {logging_mixin.py:115} INFO - [2023-08-28 23:23:12,438] {dagbag.py:507} INFO - Filling up the DagBag from /home/linuxlite/Documentos/airflow/venv/lib/python3.9/site-packages/airflow/example_dags/example_trigger_controller_dag.py
[2023-08-28 23:23:12,444] {processor.py:651} INFO - DAG(s) dict_keys(['example_trigger_controller_dag']) retrieved from /home/linuxlite/Documentos/airflow/venv/lib/python3.9/site-packages/airflow/example_dags/example_trigger_controller_dag.py
[2023-08-28 23:23:12,461] {logging_mixin.py:115} INFO - [2023-08-28 23:23:12,461] {dag.py:2379} INFO - Sync 1 DAGs
[2023-08-28 23:23:12,480] {logging_mixin.py:115} INFO - [2023-08-28 23:23:12,480] {dag.py:2927} INFO - Setting next_dagrun for example_trigger_controller_dag to 2021-01-01T00:00:00+00:00, run_after=2021-01-01T00:00:00+00:00
[2023-08-28 23:23:12,491] {processor.py:161} INFO - Processing /home/linuxlite/Documentos/airflow/venv/lib/python3.9/site-packages/airflow/example_dags/example_trigger_controller_dag.py took 0.058 seconds
[2023-08-28 23:23:47,700] {processor.py:153} INFO - Started process (PID=61981) to work on /home/linuxlite/Documentos/airflow/venv/lib/python3.9/site-packages/airflow/example_dags/example_trigger_controller_dag.py
[2023-08-28 23:23:47,701] {processor.py:641} INFO - Processing file /home/linuxlite/Documentos/airflow/venv/lib/python3.9/site-packages/airflow/example_dags/example_trigger_controller_dag.py for tasks to queue
[2023-08-28 23:23:47,701] {logging_mixin.py:115} INFO - [2023-08-28 23:23:47,701] {dagbag.py:507} INFO - Filling up the DagBag from /home/linuxlite/Documentos/airflow/venv/lib/python3.9/site-packages/airflow/example_dags/example_trigger_controller_dag.py
[2023-08-28 23:23:47,705] {processor.py:651} INFO - DAG(s) dict_keys(['example_trigger_controller_dag']) retrieved from /home/linuxlite/Documentos/airflow/venv/lib/python3.9/site-packages/airflow/example_dags/example_trigger_controller_dag.py
[2023-08-28 23:23:47,723] {logging_mixin.py:115} INFO - [2023-08-28 23:23:47,722] {dag.py:2379} INFO - Sync 1 DAGs
[2023-08-28 23:23:47,743] {logging_mixin.py:115} INFO - [2023-08-28 23:23:47,743] {dag.py:2927} INFO - Setting next_dagrun for example_trigger_controller_dag to 2021-01-01T00:00:00+00:00, run_after=2021-01-01T00:00:00+00:00
[2023-08-28 23:23:47,755] {processor.py:161} INFO - Processing /home/linuxlite/Documentos/airflow/venv/lib/python3.9/site-packages/airflow/example_dags/example_trigger_controller_dag.py took 0.059 seconds
[2023-08-28 23:24:22,245] {processor.py:153} INFO - Started process (PID=62024) to work on /home/linuxlite/Documentos/airflow/venv/lib/python3.9/site-packages/airflow/example_dags/example_trigger_controller_dag.py
[2023-08-28 23:24:22,246] {processor.py:641} INFO - Processing file /home/linuxlite/Documentos/airflow/venv/lib/python3.9/site-packages/airflow/example_dags/example_trigger_controller_dag.py for tasks to queue
[2023-08-28 23:24:22,247] {logging_mixin.py:115} INFO - [2023-08-28 23:24:22,247] {dagbag.py:507} INFO - Filling up the DagBag from /home/linuxlite/Documentos/airflow/venv/lib/python3.9/site-packages/airflow/example_dags/example_trigger_controller_dag.py
[2023-08-28 23:24:22,251] {processor.py:651} INFO - DAG(s) dict_keys(['example_trigger_controller_dag']) retrieved from /home/linuxlite/Documentos/airflow/venv/lib/python3.9/site-packages/airflow/example_dags/example_trigger_controller_dag.py
[2023-08-28 23:24:22,269] {logging_mixin.py:115} INFO - [2023-08-28 23:24:22,269] {dag.py:2379} INFO - Sync 1 DAGs
[2023-08-28 23:24:22,287] {logging_mixin.py:115} INFO - [2023-08-28 23:24:22,287] {dag.py:2927} INFO - Setting next_dagrun for example_trigger_controller_dag to 2021-01-01T00:00:00+00:00, run_after=2021-01-01T00:00:00+00:00
[2023-08-28 23:24:22,299] {processor.py:161} INFO - Processing /home/linuxlite/Documentos/airflow/venv/lib/python3.9/site-packages/airflow/example_dags/example_trigger_controller_dag.py took 0.058 seconds
[2023-08-28 23:24:54,948] {processor.py:153} INFO - Started process (PID=62079) to work on /home/linuxlite/Documentos/airflow/venv/lib/python3.9/site-packages/airflow/example_dags/example_trigger_controller_dag.py
[2023-08-28 23:24:54,949] {processor.py:641} INFO - Processing file /home/linuxlite/Documentos/airflow/venv/lib/python3.9/site-packages/airflow/example_dags/example_trigger_controller_dag.py for tasks to queue
[2023-08-28 23:24:54,950] {logging_mixin.py:115} INFO - [2023-08-28 23:24:54,950] {dagbag.py:507} INFO - Filling up the DagBag from /home/linuxlite/Documentos/airflow/venv/lib/python3.9/site-packages/airflow/example_dags/example_trigger_controller_dag.py
[2023-08-28 23:24:54,957] {processor.py:651} INFO - DAG(s) dict_keys(['example_trigger_controller_dag']) retrieved from /home/linuxlite/Documentos/airflow/venv/lib/python3.9/site-packages/airflow/example_dags/example_trigger_controller_dag.py
[2023-08-28 23:24:54,979] {logging_mixin.py:115} INFO - [2023-08-28 23:24:54,979] {dag.py:2379} INFO - Sync 1 DAGs
[2023-08-28 23:24:54,998] {logging_mixin.py:115} INFO - [2023-08-28 23:24:54,998] {dag.py:2927} INFO - Setting next_dagrun for example_trigger_controller_dag to 2021-01-01T00:00:00+00:00, run_after=2021-01-01T00:00:00+00:00
[2023-08-28 23:24:55,012] {processor.py:161} INFO - Processing /home/linuxlite/Documentos/airflow/venv/lib/python3.9/site-packages/airflow/example_dags/example_trigger_controller_dag.py took 0.072 seconds
[2023-08-28 23:25:28,493] {processor.py:153} INFO - Started process (PID=62166) to work on /home/linuxlite/Documentos/airflow/venv/lib/python3.9/site-packages/airflow/example_dags/example_trigger_controller_dag.py
[2023-08-28 23:25:28,494] {processor.py:641} INFO - Processing file /home/linuxlite/Documentos/airflow/venv/lib/python3.9/site-packages/airflow/example_dags/example_trigger_controller_dag.py for tasks to queue
[2023-08-28 23:25:28,495] {logging_mixin.py:115} INFO - [2023-08-28 23:25:28,495] {dagbag.py:507} INFO - Filling up the DagBag from /home/linuxlite/Documentos/airflow/venv/lib/python3.9/site-packages/airflow/example_dags/example_trigger_controller_dag.py
[2023-08-28 23:25:28,498] {processor.py:651} INFO - DAG(s) dict_keys(['example_trigger_controller_dag']) retrieved from /home/linuxlite/Documentos/airflow/venv/lib/python3.9/site-packages/airflow/example_dags/example_trigger_controller_dag.py
[2023-08-28 23:25:28,519] {logging_mixin.py:115} INFO - [2023-08-28 23:25:28,518] {dag.py:2379} INFO - Sync 1 DAGs
[2023-08-28 23:25:28,534] {logging_mixin.py:115} INFO - [2023-08-28 23:25:28,534] {dag.py:2927} INFO - Setting next_dagrun for example_trigger_controller_dag to 2021-01-01T00:00:00+00:00, run_after=2021-01-01T00:00:00+00:00
[2023-08-28 23:25:28,546] {processor.py:161} INFO - Processing /home/linuxlite/Documentos/airflow/venv/lib/python3.9/site-packages/airflow/example_dags/example_trigger_controller_dag.py took 0.055 seconds
[2023-08-28 23:26:01,624] {processor.py:153} INFO - Started process (PID=62206) to work on /home/linuxlite/Documentos/airflow/venv/lib/python3.9/site-packages/airflow/example_dags/example_trigger_controller_dag.py
[2023-08-28 23:26:01,625] {processor.py:641} INFO - Processing file /home/linuxlite/Documentos/airflow/venv/lib/python3.9/site-packages/airflow/example_dags/example_trigger_controller_dag.py for tasks to queue
[2023-08-28 23:26:01,625] {logging_mixin.py:115} INFO - [2023-08-28 23:26:01,625] {dagbag.py:507} INFO - Filling up the DagBag from /home/linuxlite/Documentos/airflow/venv/lib/python3.9/site-packages/airflow/example_dags/example_trigger_controller_dag.py
[2023-08-28 23:26:01,629] {processor.py:651} INFO - DAG(s) dict_keys(['example_trigger_controller_dag']) retrieved from /home/linuxlite/Documentos/airflow/venv/lib/python3.9/site-packages/airflow/example_dags/example_trigger_controller_dag.py
[2023-08-28 23:26:01,647] {logging_mixin.py:115} INFO - [2023-08-28 23:26:01,647] {dag.py:2379} INFO - Sync 1 DAGs
[2023-08-28 23:26:01,662] {logging_mixin.py:115} INFO - [2023-08-28 23:26:01,661] {dag.py:2927} INFO - Setting next_dagrun for example_trigger_controller_dag to 2021-01-01T00:00:00+00:00, run_after=2021-01-01T00:00:00+00:00
[2023-08-28 23:26:01,672] {processor.py:161} INFO - Processing /home/linuxlite/Documentos/airflow/venv/lib/python3.9/site-packages/airflow/example_dags/example_trigger_controller_dag.py took 0.052 seconds
[2023-08-28 23:26:35,905] {processor.py:153} INFO - Started process (PID=62248) to work on /home/linuxlite/Documentos/airflow/venv/lib/python3.9/site-packages/airflow/example_dags/example_trigger_controller_dag.py
[2023-08-28 23:26:35,906] {processor.py:641} INFO - Processing file /home/linuxlite/Documentos/airflow/venv/lib/python3.9/site-packages/airflow/example_dags/example_trigger_controller_dag.py for tasks to queue
[2023-08-28 23:26:35,906] {logging_mixin.py:115} INFO - [2023-08-28 23:26:35,906] {dagbag.py:507} INFO - Filling up the DagBag from /home/linuxlite/Documentos/airflow/venv/lib/python3.9/site-packages/airflow/example_dags/example_trigger_controller_dag.py
[2023-08-28 23:26:35,910] {processor.py:651} INFO - DAG(s) dict_keys(['example_trigger_controller_dag']) retrieved from /home/linuxlite/Documentos/airflow/venv/lib/python3.9/site-packages/airflow/example_dags/example_trigger_controller_dag.py
[2023-08-28 23:26:35,929] {logging_mixin.py:115} INFO - [2023-08-28 23:26:35,929] {dag.py:2379} INFO - Sync 1 DAGs
[2023-08-28 23:26:35,945] {logging_mixin.py:115} INFO - [2023-08-28 23:26:35,945] {dag.py:2927} INFO - Setting next_dagrun for example_trigger_controller_dag to 2021-01-01T00:00:00+00:00, run_after=2021-01-01T00:00:00+00:00
[2023-08-28 23:26:35,956] {processor.py:161} INFO - Processing /home/linuxlite/Documentos/airflow/venv/lib/python3.9/site-packages/airflow/example_dags/example_trigger_controller_dag.py took 0.054 seconds
[2023-08-28 23:27:06,446] {processor.py:153} INFO - Started process (PID=62301) to work on /home/linuxlite/Documentos/airflow/venv/lib/python3.9/site-packages/airflow/example_dags/example_trigger_controller_dag.py
[2023-08-28 23:27:06,447] {processor.py:641} INFO - Processing file /home/linuxlite/Documentos/airflow/venv/lib/python3.9/site-packages/airflow/example_dags/example_trigger_controller_dag.py for tasks to queue
[2023-08-28 23:27:06,448] {logging_mixin.py:115} INFO - [2023-08-28 23:27:06,448] {dagbag.py:507} INFO - Filling up the DagBag from /home/linuxlite/Documentos/airflow/venv/lib/python3.9/site-packages/airflow/example_dags/example_trigger_controller_dag.py
[2023-08-28 23:27:06,451] {processor.py:651} INFO - DAG(s) dict_keys(['example_trigger_controller_dag']) retrieved from /home/linuxlite/Documentos/airflow/venv/lib/python3.9/site-packages/airflow/example_dags/example_trigger_controller_dag.py
[2023-08-28 23:27:06,470] {logging_mixin.py:115} INFO - [2023-08-28 23:27:06,470] {dag.py:2379} INFO - Sync 1 DAGs
[2023-08-28 23:27:06,484] {logging_mixin.py:115} INFO - [2023-08-28 23:27:06,484] {dag.py:2927} INFO - Setting next_dagrun for example_trigger_controller_dag to 2021-01-01T00:00:00+00:00, run_after=2021-01-01T00:00:00+00:00
[2023-08-28 23:27:06,495] {processor.py:161} INFO - Processing /home/linuxlite/Documentos/airflow/venv/lib/python3.9/site-packages/airflow/example_dags/example_trigger_controller_dag.py took 0.052 seconds
[2023-08-28 23:27:42,671] {processor.py:153} INFO - Started process (PID=62349) to work on /home/linuxlite/Documentos/airflow/venv/lib/python3.9/site-packages/airflow/example_dags/example_trigger_controller_dag.py
[2023-08-28 23:27:42,672] {processor.py:641} INFO - Processing file /home/linuxlite/Documentos/airflow/venv/lib/python3.9/site-packages/airflow/example_dags/example_trigger_controller_dag.py for tasks to queue
[2023-08-28 23:27:42,673] {logging_mixin.py:115} INFO - [2023-08-28 23:27:42,673] {dagbag.py:507} INFO - Filling up the DagBag from /home/linuxlite/Documentos/airflow/venv/lib/python3.9/site-packages/airflow/example_dags/example_trigger_controller_dag.py
[2023-08-28 23:27:42,677] {processor.py:651} INFO - DAG(s) dict_keys(['example_trigger_controller_dag']) retrieved from /home/linuxlite/Documentos/airflow/venv/lib/python3.9/site-packages/airflow/example_dags/example_trigger_controller_dag.py
[2023-08-28 23:27:42,697] {logging_mixin.py:115} INFO - [2023-08-28 23:27:42,697] {dag.py:2379} INFO - Sync 1 DAGs
[2023-08-28 23:27:42,713] {logging_mixin.py:115} INFO - [2023-08-28 23:27:42,712] {dag.py:2927} INFO - Setting next_dagrun for example_trigger_controller_dag to 2021-01-01T00:00:00+00:00, run_after=2021-01-01T00:00:00+00:00
[2023-08-28 23:27:42,725] {processor.py:161} INFO - Processing /home/linuxlite/Documentos/airflow/venv/lib/python3.9/site-packages/airflow/example_dags/example_trigger_controller_dag.py took 0.056 seconds
