[2023-08-28 23:11:09,924] {processor.py:153} INFO - Started process (PID=60004) to work on /home/linuxlite/Documentos/airflow/venv/lib/python3.9/site-packages/airflow/example_dags/example_branch_operator_decorator.py
[2023-08-28 23:11:09,925] {processor.py:641} INFO - Processing file /home/linuxlite/Documentos/airflow/venv/lib/python3.9/site-packages/airflow/example_dags/example_branch_operator_decorator.py for tasks to queue
[2023-08-28 23:11:09,926] {logging_mixin.py:115} INFO - [2023-08-28 23:11:09,926] {dagbag.py:507} INFO - Filling up the DagBag from /home/linuxlite/Documentos/airflow/venv/lib/python3.9/site-packages/airflow/example_dags/example_branch_operator_decorator.py
[2023-08-28 23:11:09,946] {processor.py:651} INFO - DAG(s) dict_keys(['example_branch_python_operator_decorator']) retrieved from /home/linuxlite/Documentos/airflow/venv/lib/python3.9/site-packages/airflow/example_dags/example_branch_operator_decorator.py
[2023-08-28 23:11:09,965] {logging_mixin.py:115} INFO - [2023-08-28 23:11:09,965] {dag.py:2379} INFO - Sync 1 DAGs
[2023-08-28 23:11:09,995] {logging_mixin.py:115} INFO - [2023-08-28 23:11:09,995] {dag.py:2927} INFO - Setting next_dagrun for example_branch_python_operator_decorator to 2023-08-28T00:00:00+00:00, run_after=2023-08-29T00:00:00+00:00
[2023-08-28 23:11:10,013] {processor.py:161} INFO - Processing /home/linuxlite/Documentos/airflow/venv/lib/python3.9/site-packages/airflow/example_dags/example_branch_operator_decorator.py took 0.092 seconds
[2023-08-28 23:11:47,409] {processor.py:153} INFO - Started process (PID=60078) to work on /home/linuxlite/Documentos/airflow/venv/lib/python3.9/site-packages/airflow/example_dags/example_branch_operator_decorator.py
[2023-08-28 23:11:47,410] {processor.py:641} INFO - Processing file /home/linuxlite/Documentos/airflow/venv/lib/python3.9/site-packages/airflow/example_dags/example_branch_operator_decorator.py for tasks to queue
[2023-08-28 23:11:47,411] {logging_mixin.py:115} INFO - [2023-08-28 23:11:47,411] {dagbag.py:507} INFO - Filling up the DagBag from /home/linuxlite/Documentos/airflow/venv/lib/python3.9/site-packages/airflow/example_dags/example_branch_operator_decorator.py
[2023-08-28 23:11:47,429] {processor.py:651} INFO - DAG(s) dict_keys(['example_branch_python_operator_decorator']) retrieved from /home/linuxlite/Documentos/airflow/venv/lib/python3.9/site-packages/airflow/example_dags/example_branch_operator_decorator.py
[2023-08-28 23:11:47,449] {logging_mixin.py:115} INFO - [2023-08-28 23:11:47,449] {dag.py:2379} INFO - Sync 1 DAGs
[2023-08-28 23:11:47,466] {logging_mixin.py:115} INFO - [2023-08-28 23:11:47,466] {dag.py:2927} INFO - Setting next_dagrun for example_branch_python_operator_decorator to 2023-08-28T00:00:00+00:00, run_after=2023-08-29T00:00:00+00:00
[2023-08-28 23:11:47,481] {processor.py:161} INFO - Processing /home/linuxlite/Documentos/airflow/venv/lib/python3.9/site-packages/airflow/example_dags/example_branch_operator_decorator.py took 0.075 seconds
[2023-08-28 23:12:21,092] {processor.py:153} INFO - Started process (PID=60120) to work on /home/linuxlite/Documentos/airflow/venv/lib/python3.9/site-packages/airflow/example_dags/example_branch_operator_decorator.py
[2023-08-28 23:12:21,093] {processor.py:641} INFO - Processing file /home/linuxlite/Documentos/airflow/venv/lib/python3.9/site-packages/airflow/example_dags/example_branch_operator_decorator.py for tasks to queue
[2023-08-28 23:12:21,093] {logging_mixin.py:115} INFO - [2023-08-28 23:12:21,093] {dagbag.py:507} INFO - Filling up the DagBag from /home/linuxlite/Documentos/airflow/venv/lib/python3.9/site-packages/airflow/example_dags/example_branch_operator_decorator.py
[2023-08-28 23:12:21,138] {processor.py:651} INFO - DAG(s) dict_keys(['example_branch_python_operator_decorator']) retrieved from /home/linuxlite/Documentos/airflow/venv/lib/python3.9/site-packages/airflow/example_dags/example_branch_operator_decorator.py
[2023-08-28 23:12:21,169] {logging_mixin.py:115} INFO - [2023-08-28 23:12:21,169] {dag.py:2379} INFO - Sync 1 DAGs
[2023-08-28 23:12:21,194] {logging_mixin.py:115} INFO - [2023-08-28 23:12:21,194] {dag.py:2927} INFO - Setting next_dagrun for example_branch_python_operator_decorator to 2023-08-28T00:00:00+00:00, run_after=2023-08-29T00:00:00+00:00
[2023-08-28 23:12:21,210] {processor.py:161} INFO - Processing /home/linuxlite/Documentos/airflow/venv/lib/python3.9/site-packages/airflow/example_dags/example_branch_operator_decorator.py took 0.134 seconds
[2023-08-28 23:12:56,076] {processor.py:153} INFO - Started process (PID=60159) to work on /home/linuxlite/Documentos/airflow/venv/lib/python3.9/site-packages/airflow/example_dags/example_branch_operator_decorator.py
[2023-08-28 23:12:56,077] {processor.py:641} INFO - Processing file /home/linuxlite/Documentos/airflow/venv/lib/python3.9/site-packages/airflow/example_dags/example_branch_operator_decorator.py for tasks to queue
[2023-08-28 23:12:56,078] {logging_mixin.py:115} INFO - [2023-08-28 23:12:56,078] {dagbag.py:507} INFO - Filling up the DagBag from /home/linuxlite/Documentos/airflow/venv/lib/python3.9/site-packages/airflow/example_dags/example_branch_operator_decorator.py
[2023-08-28 23:12:56,098] {processor.py:651} INFO - DAG(s) dict_keys(['example_branch_python_operator_decorator']) retrieved from /home/linuxlite/Documentos/airflow/venv/lib/python3.9/site-packages/airflow/example_dags/example_branch_operator_decorator.py
[2023-08-28 23:12:56,119] {logging_mixin.py:115} INFO - [2023-08-28 23:12:56,119] {dag.py:2379} INFO - Sync 1 DAGs
[2023-08-28 23:12:56,136] {logging_mixin.py:115} INFO - [2023-08-28 23:12:56,136] {dag.py:2927} INFO - Setting next_dagrun for example_branch_python_operator_decorator to 2023-08-28T00:00:00+00:00, run_after=2023-08-29T00:00:00+00:00
[2023-08-28 23:12:56,151] {processor.py:161} INFO - Processing /home/linuxlite/Documentos/airflow/venv/lib/python3.9/site-packages/airflow/example_dags/example_branch_operator_decorator.py took 0.078 seconds
[2023-08-28 23:13:30,944] {processor.py:153} INFO - Started process (PID=60197) to work on /home/linuxlite/Documentos/airflow/venv/lib/python3.9/site-packages/airflow/example_dags/example_branch_operator_decorator.py
[2023-08-28 23:13:30,945] {processor.py:641} INFO - Processing file /home/linuxlite/Documentos/airflow/venv/lib/python3.9/site-packages/airflow/example_dags/example_branch_operator_decorator.py for tasks to queue
[2023-08-28 23:13:30,946] {logging_mixin.py:115} INFO - [2023-08-28 23:13:30,945] {dagbag.py:507} INFO - Filling up the DagBag from /home/linuxlite/Documentos/airflow/venv/lib/python3.9/site-packages/airflow/example_dags/example_branch_operator_decorator.py
[2023-08-28 23:13:30,964] {processor.py:651} INFO - DAG(s) dict_keys(['example_branch_python_operator_decorator']) retrieved from /home/linuxlite/Documentos/airflow/venv/lib/python3.9/site-packages/airflow/example_dags/example_branch_operator_decorator.py
[2023-08-28 23:13:30,987] {logging_mixin.py:115} INFO - [2023-08-28 23:13:30,987] {dag.py:2379} INFO - Sync 1 DAGs
[2023-08-28 23:13:31,006] {logging_mixin.py:115} INFO - [2023-08-28 23:13:31,006] {dag.py:2927} INFO - Setting next_dagrun for example_branch_python_operator_decorator to 2023-08-28T00:00:00+00:00, run_after=2023-08-29T00:00:00+00:00
[2023-08-28 23:13:31,018] {processor.py:161} INFO - Processing /home/linuxlite/Documentos/airflow/venv/lib/python3.9/site-packages/airflow/example_dags/example_branch_operator_decorator.py took 0.077 seconds
[2023-08-28 23:14:06,049] {processor.py:153} INFO - Started process (PID=60240) to work on /home/linuxlite/Documentos/airflow/venv/lib/python3.9/site-packages/airflow/example_dags/example_branch_operator_decorator.py
[2023-08-28 23:14:06,050] {processor.py:641} INFO - Processing file /home/linuxlite/Documentos/airflow/venv/lib/python3.9/site-packages/airflow/example_dags/example_branch_operator_decorator.py for tasks to queue
[2023-08-28 23:14:06,050] {logging_mixin.py:115} INFO - [2023-08-28 23:14:06,050] {dagbag.py:507} INFO - Filling up the DagBag from /home/linuxlite/Documentos/airflow/venv/lib/python3.9/site-packages/airflow/example_dags/example_branch_operator_decorator.py
[2023-08-28 23:14:06,078] {processor.py:651} INFO - DAG(s) dict_keys(['example_branch_python_operator_decorator']) retrieved from /home/linuxlite/Documentos/airflow/venv/lib/python3.9/site-packages/airflow/example_dags/example_branch_operator_decorator.py
[2023-08-28 23:14:06,106] {logging_mixin.py:115} INFO - [2023-08-28 23:14:06,105] {dag.py:2379} INFO - Sync 1 DAGs
[2023-08-28 23:14:06,134] {logging_mixin.py:115} INFO - [2023-08-28 23:14:06,134] {dag.py:2927} INFO - Setting next_dagrun for example_branch_python_operator_decorator to 2023-08-28T00:00:00+00:00, run_after=2023-08-29T00:00:00+00:00
[2023-08-28 23:14:06,149] {processor.py:161} INFO - Processing /home/linuxlite/Documentos/airflow/venv/lib/python3.9/site-packages/airflow/example_dags/example_branch_operator_decorator.py took 0.104 seconds
[2023-08-28 23:14:43,167] {processor.py:153} INFO - Started process (PID=60291) to work on /home/linuxlite/Documentos/airflow/venv/lib/python3.9/site-packages/airflow/example_dags/example_branch_operator_decorator.py
[2023-08-28 23:14:43,168] {processor.py:641} INFO - Processing file /home/linuxlite/Documentos/airflow/venv/lib/python3.9/site-packages/airflow/example_dags/example_branch_operator_decorator.py for tasks to queue
[2023-08-28 23:14:43,169] {logging_mixin.py:115} INFO - [2023-08-28 23:14:43,169] {dagbag.py:507} INFO - Filling up the DagBag from /home/linuxlite/Documentos/airflow/venv/lib/python3.9/site-packages/airflow/example_dags/example_branch_operator_decorator.py
[2023-08-28 23:14:43,187] {processor.py:651} INFO - DAG(s) dict_keys(['example_branch_python_operator_decorator']) retrieved from /home/linuxlite/Documentos/airflow/venv/lib/python3.9/site-packages/airflow/example_dags/example_branch_operator_decorator.py
[2023-08-28 23:14:43,204] {logging_mixin.py:115} INFO - [2023-08-28 23:14:43,204] {dag.py:2379} INFO - Sync 1 DAGs
[2023-08-28 23:14:43,220] {logging_mixin.py:115} INFO - [2023-08-28 23:14:43,219] {dag.py:2927} INFO - Setting next_dagrun for example_branch_python_operator_decorator to 2023-08-28T00:00:00+00:00, run_after=2023-08-29T00:00:00+00:00
[2023-08-28 23:14:43,232] {processor.py:161} INFO - Processing /home/linuxlite/Documentos/airflow/venv/lib/python3.9/site-packages/airflow/example_dags/example_branch_operator_decorator.py took 0.069 seconds
[2023-08-28 23:15:16,998] {processor.py:153} INFO - Started process (PID=60538) to work on /home/linuxlite/Documentos/airflow/venv/lib/python3.9/site-packages/airflow/example_dags/example_branch_operator_decorator.py
[2023-08-28 23:15:16,999] {processor.py:641} INFO - Processing file /home/linuxlite/Documentos/airflow/venv/lib/python3.9/site-packages/airflow/example_dags/example_branch_operator_decorator.py for tasks to queue
[2023-08-28 23:15:16,999] {logging_mixin.py:115} INFO - [2023-08-28 23:15:16,999] {dagbag.py:507} INFO - Filling up the DagBag from /home/linuxlite/Documentos/airflow/venv/lib/python3.9/site-packages/airflow/example_dags/example_branch_operator_decorator.py
[2023-08-28 23:15:17,023] {processor.py:651} INFO - DAG(s) dict_keys(['example_branch_python_operator_decorator']) retrieved from /home/linuxlite/Documentos/airflow/venv/lib/python3.9/site-packages/airflow/example_dags/example_branch_operator_decorator.py
[2023-08-28 23:15:17,042] {logging_mixin.py:115} INFO - [2023-08-28 23:15:17,042] {dag.py:2379} INFO - Sync 1 DAGs
[2023-08-28 23:15:17,066] {logging_mixin.py:115} INFO - [2023-08-28 23:15:17,066] {dag.py:2927} INFO - Setting next_dagrun for example_branch_python_operator_decorator to 2023-08-28T00:00:00+00:00, run_after=2023-08-29T00:00:00+00:00
[2023-08-28 23:15:17,082] {processor.py:161} INFO - Processing /home/linuxlite/Documentos/airflow/venv/lib/python3.9/site-packages/airflow/example_dags/example_branch_operator_decorator.py took 0.088 seconds
[2023-08-28 23:15:55,283] {processor.py:153} INFO - Started process (PID=60576) to work on /home/linuxlite/Documentos/airflow/venv/lib/python3.9/site-packages/airflow/example_dags/example_branch_operator_decorator.py
[2023-08-28 23:15:55,285] {processor.py:641} INFO - Processing file /home/linuxlite/Documentos/airflow/venv/lib/python3.9/site-packages/airflow/example_dags/example_branch_operator_decorator.py for tasks to queue
[2023-08-28 23:15:55,285] {logging_mixin.py:115} INFO - [2023-08-28 23:15:55,285] {dagbag.py:507} INFO - Filling up the DagBag from /home/linuxlite/Documentos/airflow/venv/lib/python3.9/site-packages/airflow/example_dags/example_branch_operator_decorator.py
[2023-08-28 23:15:55,308] {processor.py:651} INFO - DAG(s) dict_keys(['example_branch_python_operator_decorator']) retrieved from /home/linuxlite/Documentos/airflow/venv/lib/python3.9/site-packages/airflow/example_dags/example_branch_operator_decorator.py
[2023-08-28 23:15:55,325] {logging_mixin.py:115} INFO - [2023-08-28 23:15:55,325] {dag.py:2379} INFO - Sync 1 DAGs
[2023-08-28 23:15:55,342] {logging_mixin.py:115} INFO - [2023-08-28 23:15:55,342] {dag.py:2927} INFO - Setting next_dagrun for example_branch_python_operator_decorator to 2023-08-28T00:00:00+00:00, run_after=2023-08-29T00:00:00+00:00
[2023-08-28 23:15:55,360] {processor.py:161} INFO - Processing /home/linuxlite/Documentos/airflow/venv/lib/python3.9/site-packages/airflow/example_dags/example_branch_operator_decorator.py took 0.080 seconds
[2023-08-28 23:16:31,452] {processor.py:153} INFO - Started process (PID=60616) to work on /home/linuxlite/Documentos/airflow/venv/lib/python3.9/site-packages/airflow/example_dags/example_branch_operator_decorator.py
[2023-08-28 23:16:31,453] {processor.py:641} INFO - Processing file /home/linuxlite/Documentos/airflow/venv/lib/python3.9/site-packages/airflow/example_dags/example_branch_operator_decorator.py for tasks to queue
[2023-08-28 23:16:31,454] {logging_mixin.py:115} INFO - [2023-08-28 23:16:31,454] {dagbag.py:507} INFO - Filling up the DagBag from /home/linuxlite/Documentos/airflow/venv/lib/python3.9/site-packages/airflow/example_dags/example_branch_operator_decorator.py
[2023-08-28 23:16:31,477] {processor.py:651} INFO - DAG(s) dict_keys(['example_branch_python_operator_decorator']) retrieved from /home/linuxlite/Documentos/airflow/venv/lib/python3.9/site-packages/airflow/example_dags/example_branch_operator_decorator.py
[2023-08-28 23:16:31,494] {logging_mixin.py:115} INFO - [2023-08-28 23:16:31,494] {dag.py:2379} INFO - Sync 1 DAGs
[2023-08-28 23:16:31,512] {logging_mixin.py:115} INFO - [2023-08-28 23:16:31,512] {dag.py:2927} INFO - Setting next_dagrun for example_branch_python_operator_decorator to 2023-08-28T00:00:00+00:00, run_after=2023-08-29T00:00:00+00:00
[2023-08-28 23:16:31,525] {processor.py:161} INFO - Processing /home/linuxlite/Documentos/airflow/venv/lib/python3.9/site-packages/airflow/example_dags/example_branch_operator_decorator.py took 0.076 seconds
[2023-08-28 23:17:05,312] {processor.py:153} INFO - Started process (PID=60829) to work on /home/linuxlite/Documentos/airflow/venv/lib/python3.9/site-packages/airflow/example_dags/example_branch_operator_decorator.py
[2023-08-28 23:17:05,313] {processor.py:641} INFO - Processing file /home/linuxlite/Documentos/airflow/venv/lib/python3.9/site-packages/airflow/example_dags/example_branch_operator_decorator.py for tasks to queue
[2023-08-28 23:17:05,314] {logging_mixin.py:115} INFO - [2023-08-28 23:17:05,314] {dagbag.py:507} INFO - Filling up the DagBag from /home/linuxlite/Documentos/airflow/venv/lib/python3.9/site-packages/airflow/example_dags/example_branch_operator_decorator.py
[2023-08-28 23:17:05,337] {processor.py:651} INFO - DAG(s) dict_keys(['example_branch_python_operator_decorator']) retrieved from /home/linuxlite/Documentos/airflow/venv/lib/python3.9/site-packages/airflow/example_dags/example_branch_operator_decorator.py
[2023-08-28 23:17:05,352] {logging_mixin.py:115} INFO - [2023-08-28 23:17:05,352] {dag.py:2379} INFO - Sync 1 DAGs
[2023-08-28 23:17:05,368] {logging_mixin.py:115} INFO - [2023-08-28 23:17:05,367] {dag.py:2927} INFO - Setting next_dagrun for example_branch_python_operator_decorator to 2023-08-28T00:00:00+00:00, run_after=2023-08-29T00:00:00+00:00
[2023-08-28 23:17:05,378] {processor.py:161} INFO - Processing /home/linuxlite/Documentos/airflow/venv/lib/python3.9/site-packages/airflow/example_dags/example_branch_operator_decorator.py took 0.070 seconds
[2023-08-28 23:17:41,272] {processor.py:153} INFO - Started process (PID=60868) to work on /home/linuxlite/Documentos/airflow/venv/lib/python3.9/site-packages/airflow/example_dags/example_branch_operator_decorator.py
[2023-08-28 23:17:41,273] {processor.py:641} INFO - Processing file /home/linuxlite/Documentos/airflow/venv/lib/python3.9/site-packages/airflow/example_dags/example_branch_operator_decorator.py for tasks to queue
[2023-08-28 23:17:41,273] {logging_mixin.py:115} INFO - [2023-08-28 23:17:41,273] {dagbag.py:507} INFO - Filling up the DagBag from /home/linuxlite/Documentos/airflow/venv/lib/python3.9/site-packages/airflow/example_dags/example_branch_operator_decorator.py
[2023-08-28 23:17:41,294] {processor.py:651} INFO - DAG(s) dict_keys(['example_branch_python_operator_decorator']) retrieved from /home/linuxlite/Documentos/airflow/venv/lib/python3.9/site-packages/airflow/example_dags/example_branch_operator_decorator.py
[2023-08-28 23:17:41,310] {logging_mixin.py:115} INFO - [2023-08-28 23:17:41,310] {dag.py:2379} INFO - Sync 1 DAGs
[2023-08-28 23:17:41,327] {logging_mixin.py:115} INFO - [2023-08-28 23:17:41,327] {dag.py:2927} INFO - Setting next_dagrun for example_branch_python_operator_decorator to 2023-08-28T00:00:00+00:00, run_after=2023-08-29T00:00:00+00:00
[2023-08-28 23:17:41,340] {processor.py:161} INFO - Processing /home/linuxlite/Documentos/airflow/venv/lib/python3.9/site-packages/airflow/example_dags/example_branch_operator_decorator.py took 0.071 seconds
[2023-08-28 23:18:19,507] {processor.py:153} INFO - Started process (PID=61395) to work on /home/linuxlite/Documentos/airflow/venv/lib/python3.9/site-packages/airflow/example_dags/example_branch_operator_decorator.py
[2023-08-28 23:18:19,508] {processor.py:641} INFO - Processing file /home/linuxlite/Documentos/airflow/venv/lib/python3.9/site-packages/airflow/example_dags/example_branch_operator_decorator.py for tasks to queue
[2023-08-28 23:18:19,509] {logging_mixin.py:115} INFO - [2023-08-28 23:18:19,509] {dagbag.py:507} INFO - Filling up the DagBag from /home/linuxlite/Documentos/airflow/venv/lib/python3.9/site-packages/airflow/example_dags/example_branch_operator_decorator.py
[2023-08-28 23:18:19,535] {processor.py:651} INFO - DAG(s) dict_keys(['example_branch_python_operator_decorator']) retrieved from /home/linuxlite/Documentos/airflow/venv/lib/python3.9/site-packages/airflow/example_dags/example_branch_operator_decorator.py
[2023-08-28 23:18:19,552] {logging_mixin.py:115} INFO - [2023-08-28 23:18:19,552] {dag.py:2379} INFO - Sync 1 DAGs
[2023-08-28 23:18:19,570] {logging_mixin.py:115} INFO - [2023-08-28 23:18:19,570] {dag.py:2927} INFO - Setting next_dagrun for example_branch_python_operator_decorator to 2023-08-28T00:00:00+00:00, run_after=2023-08-29T00:00:00+00:00
[2023-08-28 23:18:19,580] {processor.py:161} INFO - Processing /home/linuxlite/Documentos/airflow/venv/lib/python3.9/site-packages/airflow/example_dags/example_branch_operator_decorator.py took 0.079 seconds
[2023-08-28 23:18:56,814] {processor.py:153} INFO - Started process (PID=61545) to work on /home/linuxlite/Documentos/airflow/venv/lib/python3.9/site-packages/airflow/example_dags/example_branch_operator_decorator.py
[2023-08-28 23:18:56,816] {processor.py:641} INFO - Processing file /home/linuxlite/Documentos/airflow/venv/lib/python3.9/site-packages/airflow/example_dags/example_branch_operator_decorator.py for tasks to queue
[2023-08-28 23:18:56,817] {logging_mixin.py:115} INFO - [2023-08-28 23:18:56,817] {dagbag.py:507} INFO - Filling up the DagBag from /home/linuxlite/Documentos/airflow/venv/lib/python3.9/site-packages/airflow/example_dags/example_branch_operator_decorator.py
[2023-08-28 23:18:56,847] {processor.py:651} INFO - DAG(s) dict_keys(['example_branch_python_operator_decorator']) retrieved from /home/linuxlite/Documentos/airflow/venv/lib/python3.9/site-packages/airflow/example_dags/example_branch_operator_decorator.py
[2023-08-28 23:18:56,863] {logging_mixin.py:115} INFO - [2023-08-28 23:18:56,863] {dag.py:2379} INFO - Sync 1 DAGs
[2023-08-28 23:18:56,879] {logging_mixin.py:115} INFO - [2023-08-28 23:18:56,879] {dag.py:2927} INFO - Setting next_dagrun for example_branch_python_operator_decorator to 2023-08-28T00:00:00+00:00, run_after=2023-08-29T00:00:00+00:00
[2023-08-28 23:18:56,891] {processor.py:161} INFO - Processing /home/linuxlite/Documentos/airflow/venv/lib/python3.9/site-packages/airflow/example_dags/example_branch_operator_decorator.py took 0.084 seconds
[2023-08-28 23:19:32,797] {processor.py:153} INFO - Started process (PID=61598) to work on /home/linuxlite/Documentos/airflow/venv/lib/python3.9/site-packages/airflow/example_dags/example_branch_operator_decorator.py
[2023-08-28 23:19:32,798] {processor.py:641} INFO - Processing file /home/linuxlite/Documentos/airflow/venv/lib/python3.9/site-packages/airflow/example_dags/example_branch_operator_decorator.py for tasks to queue
[2023-08-28 23:19:32,799] {logging_mixin.py:115} INFO - [2023-08-28 23:19:32,798] {dagbag.py:507} INFO - Filling up the DagBag from /home/linuxlite/Documentos/airflow/venv/lib/python3.9/site-packages/airflow/example_dags/example_branch_operator_decorator.py
[2023-08-28 23:19:32,821] {processor.py:651} INFO - DAG(s) dict_keys(['example_branch_python_operator_decorator']) retrieved from /home/linuxlite/Documentos/airflow/venv/lib/python3.9/site-packages/airflow/example_dags/example_branch_operator_decorator.py
[2023-08-28 23:19:32,836] {logging_mixin.py:115} INFO - [2023-08-28 23:19:32,836] {dag.py:2379} INFO - Sync 1 DAGs
[2023-08-28 23:19:32,852] {logging_mixin.py:115} INFO - [2023-08-28 23:19:32,852] {dag.py:2927} INFO - Setting next_dagrun for example_branch_python_operator_decorator to 2023-08-28T00:00:00+00:00, run_after=2023-08-29T00:00:00+00:00
[2023-08-28 23:19:32,864] {processor.py:161} INFO - Processing /home/linuxlite/Documentos/airflow/venv/lib/python3.9/site-packages/airflow/example_dags/example_branch_operator_decorator.py took 0.071 seconds
[2023-08-28 23:20:07,063] {processor.py:153} INFO - Started process (PID=61714) to work on /home/linuxlite/Documentos/airflow/venv/lib/python3.9/site-packages/airflow/example_dags/example_branch_operator_decorator.py
[2023-08-28 23:20:07,063] {processor.py:641} INFO - Processing file /home/linuxlite/Documentos/airflow/venv/lib/python3.9/site-packages/airflow/example_dags/example_branch_operator_decorator.py for tasks to queue
[2023-08-28 23:20:07,064] {logging_mixin.py:115} INFO - [2023-08-28 23:20:07,064] {dagbag.py:507} INFO - Filling up the DagBag from /home/linuxlite/Documentos/airflow/venv/lib/python3.9/site-packages/airflow/example_dags/example_branch_operator_decorator.py
[2023-08-28 23:20:07,087] {processor.py:651} INFO - DAG(s) dict_keys(['example_branch_python_operator_decorator']) retrieved from /home/linuxlite/Documentos/airflow/venv/lib/python3.9/site-packages/airflow/example_dags/example_branch_operator_decorator.py
[2023-08-28 23:20:07,104] {logging_mixin.py:115} INFO - [2023-08-28 23:20:07,104] {dag.py:2379} INFO - Sync 1 DAGs
[2023-08-28 23:20:07,122] {logging_mixin.py:115} INFO - [2023-08-28 23:20:07,122] {dag.py:2927} INFO - Setting next_dagrun for example_branch_python_operator_decorator to 2023-08-28T00:00:00+00:00, run_after=2023-08-29T00:00:00+00:00
[2023-08-28 23:20:07,133] {processor.py:161} INFO - Processing /home/linuxlite/Documentos/airflow/venv/lib/python3.9/site-packages/airflow/example_dags/example_branch_operator_decorator.py took 0.074 seconds
[2023-08-28 23:20:44,616] {processor.py:153} INFO - Started process (PID=61752) to work on /home/linuxlite/Documentos/airflow/venv/lib/python3.9/site-packages/airflow/example_dags/example_branch_operator_decorator.py
[2023-08-28 23:20:44,617] {processor.py:641} INFO - Processing file /home/linuxlite/Documentos/airflow/venv/lib/python3.9/site-packages/airflow/example_dags/example_branch_operator_decorator.py for tasks to queue
[2023-08-28 23:20:44,618] {logging_mixin.py:115} INFO - [2023-08-28 23:20:44,618] {dagbag.py:507} INFO - Filling up the DagBag from /home/linuxlite/Documentos/airflow/venv/lib/python3.9/site-packages/airflow/example_dags/example_branch_operator_decorator.py
[2023-08-28 23:20:44,653] {processor.py:651} INFO - DAG(s) dict_keys(['example_branch_python_operator_decorator']) retrieved from /home/linuxlite/Documentos/airflow/venv/lib/python3.9/site-packages/airflow/example_dags/example_branch_operator_decorator.py
[2023-08-28 23:20:44,675] {logging_mixin.py:115} INFO - [2023-08-28 23:20:44,675] {dag.py:2379} INFO - Sync 1 DAGs
[2023-08-28 23:20:44,699] {logging_mixin.py:115} INFO - [2023-08-28 23:20:44,699] {dag.py:2927} INFO - Setting next_dagrun for example_branch_python_operator_decorator to 2023-08-28T00:00:00+00:00, run_after=2023-08-29T00:00:00+00:00
[2023-08-28 23:20:44,715] {processor.py:161} INFO - Processing /home/linuxlite/Documentos/airflow/venv/lib/python3.9/site-packages/airflow/example_dags/example_branch_operator_decorator.py took 0.102 seconds
[2023-08-28 23:21:19,551] {processor.py:153} INFO - Started process (PID=61795) to work on /home/linuxlite/Documentos/airflow/venv/lib/python3.9/site-packages/airflow/example_dags/example_branch_operator_decorator.py
[2023-08-28 23:21:19,552] {processor.py:641} INFO - Processing file /home/linuxlite/Documentos/airflow/venv/lib/python3.9/site-packages/airflow/example_dags/example_branch_operator_decorator.py for tasks to queue
[2023-08-28 23:21:19,552] {logging_mixin.py:115} INFO - [2023-08-28 23:21:19,552] {dagbag.py:507} INFO - Filling up the DagBag from /home/linuxlite/Documentos/airflow/venv/lib/python3.9/site-packages/airflow/example_dags/example_branch_operator_decorator.py
[2023-08-28 23:21:19,575] {processor.py:651} INFO - DAG(s) dict_keys(['example_branch_python_operator_decorator']) retrieved from /home/linuxlite/Documentos/airflow/venv/lib/python3.9/site-packages/airflow/example_dags/example_branch_operator_decorator.py
[2023-08-28 23:21:19,589] {logging_mixin.py:115} INFO - [2023-08-28 23:21:19,589] {dag.py:2379} INFO - Sync 1 DAGs
[2023-08-28 23:21:19,606] {logging_mixin.py:115} INFO - [2023-08-28 23:21:19,606] {dag.py:2927} INFO - Setting next_dagrun for example_branch_python_operator_decorator to 2023-08-28T00:00:00+00:00, run_after=2023-08-29T00:00:00+00:00
[2023-08-28 23:21:19,618] {processor.py:161} INFO - Processing /home/linuxlite/Documentos/airflow/venv/lib/python3.9/site-packages/airflow/example_dags/example_branch_operator_decorator.py took 0.072 seconds
[2023-08-28 23:21:51,937] {processor.py:153} INFO - Started process (PID=61853) to work on /home/linuxlite/Documentos/airflow/venv/lib/python3.9/site-packages/airflow/example_dags/example_branch_operator_decorator.py
[2023-08-28 23:21:51,938] {processor.py:641} INFO - Processing file /home/linuxlite/Documentos/airflow/venv/lib/python3.9/site-packages/airflow/example_dags/example_branch_operator_decorator.py for tasks to queue
[2023-08-28 23:21:51,939] {logging_mixin.py:115} INFO - [2023-08-28 23:21:51,939] {dagbag.py:507} INFO - Filling up the DagBag from /home/linuxlite/Documentos/airflow/venv/lib/python3.9/site-packages/airflow/example_dags/example_branch_operator_decorator.py
[2023-08-28 23:21:51,959] {processor.py:651} INFO - DAG(s) dict_keys(['example_branch_python_operator_decorator']) retrieved from /home/linuxlite/Documentos/airflow/venv/lib/python3.9/site-packages/airflow/example_dags/example_branch_operator_decorator.py
[2023-08-28 23:21:51,974] {logging_mixin.py:115} INFO - [2023-08-28 23:21:51,974] {dag.py:2379} INFO - Sync 1 DAGs
[2023-08-28 23:21:51,991] {logging_mixin.py:115} INFO - [2023-08-28 23:21:51,991] {dag.py:2927} INFO - Setting next_dagrun for example_branch_python_operator_decorator to 2023-08-28T00:00:00+00:00, run_after=2023-08-29T00:00:00+00:00
[2023-08-28 23:21:52,003] {processor.py:161} INFO - Processing /home/linuxlite/Documentos/airflow/venv/lib/python3.9/site-packages/airflow/example_dags/example_branch_operator_decorator.py took 0.069 seconds
[2023-08-28 23:22:26,463] {processor.py:153} INFO - Started process (PID=61889) to work on /home/linuxlite/Documentos/airflow/venv/lib/python3.9/site-packages/airflow/example_dags/example_branch_operator_decorator.py
[2023-08-28 23:22:26,464] {processor.py:641} INFO - Processing file /home/linuxlite/Documentos/airflow/venv/lib/python3.9/site-packages/airflow/example_dags/example_branch_operator_decorator.py for tasks to queue
[2023-08-28 23:22:26,464] {logging_mixin.py:115} INFO - [2023-08-28 23:22:26,464] {dagbag.py:507} INFO - Filling up the DagBag from /home/linuxlite/Documentos/airflow/venv/lib/python3.9/site-packages/airflow/example_dags/example_branch_operator_decorator.py
[2023-08-28 23:22:26,485] {processor.py:651} INFO - DAG(s) dict_keys(['example_branch_python_operator_decorator']) retrieved from /home/linuxlite/Documentos/airflow/venv/lib/python3.9/site-packages/airflow/example_dags/example_branch_operator_decorator.py
[2023-08-28 23:22:26,500] {logging_mixin.py:115} INFO - [2023-08-28 23:22:26,500] {dag.py:2379} INFO - Sync 1 DAGs
[2023-08-28 23:22:26,516] {logging_mixin.py:115} INFO - [2023-08-28 23:22:26,516] {dag.py:2927} INFO - Setting next_dagrun for example_branch_python_operator_decorator to 2023-08-28T00:00:00+00:00, run_after=2023-08-29T00:00:00+00:00
[2023-08-28 23:22:26,528] {processor.py:161} INFO - Processing /home/linuxlite/Documentos/airflow/venv/lib/python3.9/site-packages/airflow/example_dags/example_branch_operator_decorator.py took 0.069 seconds
[2023-08-28 23:23:03,316] {processor.py:153} INFO - Started process (PID=61931) to work on /home/linuxlite/Documentos/airflow/venv/lib/python3.9/site-packages/airflow/example_dags/example_branch_operator_decorator.py
[2023-08-28 23:23:03,317] {processor.py:641} INFO - Processing file /home/linuxlite/Documentos/airflow/venv/lib/python3.9/site-packages/airflow/example_dags/example_branch_operator_decorator.py for tasks to queue
[2023-08-28 23:23:03,317] {logging_mixin.py:115} INFO - [2023-08-28 23:23:03,317] {dagbag.py:507} INFO - Filling up the DagBag from /home/linuxlite/Documentos/airflow/venv/lib/python3.9/site-packages/airflow/example_dags/example_branch_operator_decorator.py
[2023-08-28 23:23:03,337] {processor.py:651} INFO - DAG(s) dict_keys(['example_branch_python_operator_decorator']) retrieved from /home/linuxlite/Documentos/airflow/venv/lib/python3.9/site-packages/airflow/example_dags/example_branch_operator_decorator.py
[2023-08-28 23:23:03,352] {logging_mixin.py:115} INFO - [2023-08-28 23:23:03,352] {dag.py:2379} INFO - Sync 1 DAGs
[2023-08-28 23:23:03,369] {logging_mixin.py:115} INFO - [2023-08-28 23:23:03,369] {dag.py:2927} INFO - Setting next_dagrun for example_branch_python_operator_decorator to 2023-08-28T00:00:00+00:00, run_after=2023-08-29T00:00:00+00:00
[2023-08-28 23:23:03,380] {processor.py:161} INFO - Processing /home/linuxlite/Documentos/airflow/venv/lib/python3.9/site-packages/airflow/example_dags/example_branch_operator_decorator.py took 0.067 seconds
[2023-08-28 23:23:39,570] {processor.py:153} INFO - Started process (PID=61973) to work on /home/linuxlite/Documentos/airflow/venv/lib/python3.9/site-packages/airflow/example_dags/example_branch_operator_decorator.py
[2023-08-28 23:23:39,572] {processor.py:641} INFO - Processing file /home/linuxlite/Documentos/airflow/venv/lib/python3.9/site-packages/airflow/example_dags/example_branch_operator_decorator.py for tasks to queue
[2023-08-28 23:23:39,572] {logging_mixin.py:115} INFO - [2023-08-28 23:23:39,572] {dagbag.py:507} INFO - Filling up the DagBag from /home/linuxlite/Documentos/airflow/venv/lib/python3.9/site-packages/airflow/example_dags/example_branch_operator_decorator.py
[2023-08-28 23:23:39,595] {processor.py:651} INFO - DAG(s) dict_keys(['example_branch_python_operator_decorator']) retrieved from /home/linuxlite/Documentos/airflow/venv/lib/python3.9/site-packages/airflow/example_dags/example_branch_operator_decorator.py
[2023-08-28 23:23:39,611] {logging_mixin.py:115} INFO - [2023-08-28 23:23:39,611] {dag.py:2379} INFO - Sync 1 DAGs
[2023-08-28 23:23:39,628] {logging_mixin.py:115} INFO - [2023-08-28 23:23:39,627] {dag.py:2927} INFO - Setting next_dagrun for example_branch_python_operator_decorator to 2023-08-28T00:00:00+00:00, run_after=2023-08-29T00:00:00+00:00
[2023-08-28 23:23:39,638] {processor.py:161} INFO - Processing /home/linuxlite/Documentos/airflow/venv/lib/python3.9/site-packages/airflow/example_dags/example_branch_operator_decorator.py took 0.073 seconds
[2023-08-28 23:24:15,511] {processor.py:153} INFO - Started process (PID=62016) to work on /home/linuxlite/Documentos/airflow/venv/lib/python3.9/site-packages/airflow/example_dags/example_branch_operator_decorator.py
[2023-08-28 23:24:15,512] {processor.py:641} INFO - Processing file /home/linuxlite/Documentos/airflow/venv/lib/python3.9/site-packages/airflow/example_dags/example_branch_operator_decorator.py for tasks to queue
[2023-08-28 23:24:15,513] {logging_mixin.py:115} INFO - [2023-08-28 23:24:15,512] {dagbag.py:507} INFO - Filling up the DagBag from /home/linuxlite/Documentos/airflow/venv/lib/python3.9/site-packages/airflow/example_dags/example_branch_operator_decorator.py
[2023-08-28 23:24:15,537] {processor.py:651} INFO - DAG(s) dict_keys(['example_branch_python_operator_decorator']) retrieved from /home/linuxlite/Documentos/airflow/venv/lib/python3.9/site-packages/airflow/example_dags/example_branch_operator_decorator.py
[2023-08-28 23:24:15,554] {logging_mixin.py:115} INFO - [2023-08-28 23:24:15,554] {dag.py:2379} INFO - Sync 1 DAGs
[2023-08-28 23:24:15,572] {logging_mixin.py:115} INFO - [2023-08-28 23:24:15,572] {dag.py:2927} INFO - Setting next_dagrun for example_branch_python_operator_decorator to 2023-08-28T00:00:00+00:00, run_after=2023-08-29T00:00:00+00:00
[2023-08-28 23:24:15,586] {processor.py:161} INFO - Processing /home/linuxlite/Documentos/airflow/venv/lib/python3.9/site-packages/airflow/example_dags/example_branch_operator_decorator.py took 0.078 seconds
[2023-08-28 23:24:48,485] {processor.py:153} INFO - Started process (PID=62061) to work on /home/linuxlite/Documentos/airflow/venv/lib/python3.9/site-packages/airflow/example_dags/example_branch_operator_decorator.py
[2023-08-28 23:24:48,486] {processor.py:641} INFO - Processing file /home/linuxlite/Documentos/airflow/venv/lib/python3.9/site-packages/airflow/example_dags/example_branch_operator_decorator.py for tasks to queue
[2023-08-28 23:24:48,487] {logging_mixin.py:115} INFO - [2023-08-28 23:24:48,487] {dagbag.py:507} INFO - Filling up the DagBag from /home/linuxlite/Documentos/airflow/venv/lib/python3.9/site-packages/airflow/example_dags/example_branch_operator_decorator.py
[2023-08-28 23:24:48,511] {processor.py:651} INFO - DAG(s) dict_keys(['example_branch_python_operator_decorator']) retrieved from /home/linuxlite/Documentos/airflow/venv/lib/python3.9/site-packages/airflow/example_dags/example_branch_operator_decorator.py
[2023-08-28 23:24:48,525] {logging_mixin.py:115} INFO - [2023-08-28 23:24:48,525] {dag.py:2379} INFO - Sync 1 DAGs
[2023-08-28 23:24:48,543] {logging_mixin.py:115} INFO - [2023-08-28 23:24:48,543] {dag.py:2927} INFO - Setting next_dagrun for example_branch_python_operator_decorator to 2023-08-28T00:00:00+00:00, run_after=2023-08-29T00:00:00+00:00
[2023-08-28 23:24:48,555] {processor.py:161} INFO - Processing /home/linuxlite/Documentos/airflow/venv/lib/python3.9/site-packages/airflow/example_dags/example_branch_operator_decorator.py took 0.075 seconds
[2023-08-28 23:25:23,059] {processor.py:153} INFO - Started process (PID=62160) to work on /home/linuxlite/Documentos/airflow/venv/lib/python3.9/site-packages/airflow/example_dags/example_branch_operator_decorator.py
[2023-08-28 23:25:23,060] {processor.py:641} INFO - Processing file /home/linuxlite/Documentos/airflow/venv/lib/python3.9/site-packages/airflow/example_dags/example_branch_operator_decorator.py for tasks to queue
[2023-08-28 23:25:23,060] {logging_mixin.py:115} INFO - [2023-08-28 23:25:23,060] {dagbag.py:507} INFO - Filling up the DagBag from /home/linuxlite/Documentos/airflow/venv/lib/python3.9/site-packages/airflow/example_dags/example_branch_operator_decorator.py
[2023-08-28 23:25:23,084] {processor.py:651} INFO - DAG(s) dict_keys(['example_branch_python_operator_decorator']) retrieved from /home/linuxlite/Documentos/airflow/venv/lib/python3.9/site-packages/airflow/example_dags/example_branch_operator_decorator.py
[2023-08-28 23:25:23,102] {logging_mixin.py:115} INFO - [2023-08-28 23:25:23,102] {dag.py:2379} INFO - Sync 1 DAGs
[2023-08-28 23:25:23,120] {logging_mixin.py:115} INFO - [2023-08-28 23:25:23,120] {dag.py:2927} INFO - Setting next_dagrun for example_branch_python_operator_decorator to 2023-08-28T00:00:00+00:00, run_after=2023-08-29T00:00:00+00:00
[2023-08-28 23:25:23,133] {processor.py:161} INFO - Processing /home/linuxlite/Documentos/airflow/venv/lib/python3.9/site-packages/airflow/example_dags/example_branch_operator_decorator.py took 0.078 seconds
[2023-08-28 23:25:59,351] {processor.py:153} INFO - Started process (PID=62199) to work on /home/linuxlite/Documentos/airflow/venv/lib/python3.9/site-packages/airflow/example_dags/example_branch_operator_decorator.py
[2023-08-28 23:25:59,352] {processor.py:641} INFO - Processing file /home/linuxlite/Documentos/airflow/venv/lib/python3.9/site-packages/airflow/example_dags/example_branch_operator_decorator.py for tasks to queue
[2023-08-28 23:25:59,352] {logging_mixin.py:115} INFO - [2023-08-28 23:25:59,352] {dagbag.py:507} INFO - Filling up the DagBag from /home/linuxlite/Documentos/airflow/venv/lib/python3.9/site-packages/airflow/example_dags/example_branch_operator_decorator.py
[2023-08-28 23:25:59,375] {processor.py:651} INFO - DAG(s) dict_keys(['example_branch_python_operator_decorator']) retrieved from /home/linuxlite/Documentos/airflow/venv/lib/python3.9/site-packages/airflow/example_dags/example_branch_operator_decorator.py
[2023-08-28 23:25:59,391] {logging_mixin.py:115} INFO - [2023-08-28 23:25:59,391] {dag.py:2379} INFO - Sync 1 DAGs
[2023-08-28 23:25:59,407] {logging_mixin.py:115} INFO - [2023-08-28 23:25:59,407] {dag.py:2927} INFO - Setting next_dagrun for example_branch_python_operator_decorator to 2023-08-28T00:00:00+00:00, run_after=2023-08-29T00:00:00+00:00
[2023-08-28 23:25:59,418] {processor.py:161} INFO - Processing /home/linuxlite/Documentos/airflow/venv/lib/python3.9/site-packages/airflow/example_dags/example_branch_operator_decorator.py took 0.071 seconds
[2023-08-28 23:26:35,583] {processor.py:153} INFO - Started process (PID=62247) to work on /home/linuxlite/Documentos/airflow/venv/lib/python3.9/site-packages/airflow/example_dags/example_branch_operator_decorator.py
[2023-08-28 23:26:35,584] {processor.py:641} INFO - Processing file /home/linuxlite/Documentos/airflow/venv/lib/python3.9/site-packages/airflow/example_dags/example_branch_operator_decorator.py for tasks to queue
[2023-08-28 23:26:35,584] {logging_mixin.py:115} INFO - [2023-08-28 23:26:35,584] {dagbag.py:507} INFO - Filling up the DagBag from /home/linuxlite/Documentos/airflow/venv/lib/python3.9/site-packages/airflow/example_dags/example_branch_operator_decorator.py
[2023-08-28 23:26:35,604] {processor.py:651} INFO - DAG(s) dict_keys(['example_branch_python_operator_decorator']) retrieved from /home/linuxlite/Documentos/airflow/venv/lib/python3.9/site-packages/airflow/example_dags/example_branch_operator_decorator.py
[2023-08-28 23:26:35,618] {logging_mixin.py:115} INFO - [2023-08-28 23:26:35,618] {dag.py:2379} INFO - Sync 1 DAGs
[2023-08-28 23:26:35,636] {logging_mixin.py:115} INFO - [2023-08-28 23:26:35,636] {dag.py:2927} INFO - Setting next_dagrun for example_branch_python_operator_decorator to 2023-08-28T00:00:00+00:00, run_after=2023-08-29T00:00:00+00:00
[2023-08-28 23:26:35,648] {processor.py:161} INFO - Processing /home/linuxlite/Documentos/airflow/venv/lib/python3.9/site-packages/airflow/example_dags/example_branch_operator_decorator.py took 0.068 seconds
[2023-08-28 23:27:10,999] {processor.py:153} INFO - Started process (PID=62305) to work on /home/linuxlite/Documentos/airflow/venv/lib/python3.9/site-packages/airflow/example_dags/example_branch_operator_decorator.py
[2023-08-28 23:27:11,000] {processor.py:641} INFO - Processing file /home/linuxlite/Documentos/airflow/venv/lib/python3.9/site-packages/airflow/example_dags/example_branch_operator_decorator.py for tasks to queue
[2023-08-28 23:27:11,001] {logging_mixin.py:115} INFO - [2023-08-28 23:27:11,000] {dagbag.py:507} INFO - Filling up the DagBag from /home/linuxlite/Documentos/airflow/venv/lib/python3.9/site-packages/airflow/example_dags/example_branch_operator_decorator.py
[2023-08-28 23:27:11,022] {processor.py:651} INFO - DAG(s) dict_keys(['example_branch_python_operator_decorator']) retrieved from /home/linuxlite/Documentos/airflow/venv/lib/python3.9/site-packages/airflow/example_dags/example_branch_operator_decorator.py
[2023-08-28 23:27:11,043] {logging_mixin.py:115} INFO - [2023-08-28 23:27:11,042] {dag.py:2379} INFO - Sync 1 DAGs
[2023-08-28 23:27:11,066] {logging_mixin.py:115} INFO - [2023-08-28 23:27:11,066] {dag.py:2927} INFO - Setting next_dagrun for example_branch_python_operator_decorator to 2023-08-28T00:00:00+00:00, run_after=2023-08-29T00:00:00+00:00
[2023-08-28 23:27:11,080] {processor.py:161} INFO - Processing /home/linuxlite/Documentos/airflow/venv/lib/python3.9/site-packages/airflow/example_dags/example_branch_operator_decorator.py took 0.085 seconds
[2023-08-28 23:27:47,361] {processor.py:153} INFO - Started process (PID=62381) to work on /home/linuxlite/Documentos/airflow/venv/lib/python3.9/site-packages/airflow/example_dags/example_branch_operator_decorator.py
[2023-08-28 23:27:47,362] {processor.py:641} INFO - Processing file /home/linuxlite/Documentos/airflow/venv/lib/python3.9/site-packages/airflow/example_dags/example_branch_operator_decorator.py for tasks to queue
[2023-08-28 23:27:47,362] {logging_mixin.py:115} INFO - [2023-08-28 23:27:47,362] {dagbag.py:507} INFO - Filling up the DagBag from /home/linuxlite/Documentos/airflow/venv/lib/python3.9/site-packages/airflow/example_dags/example_branch_operator_decorator.py
[2023-08-28 23:27:47,386] {processor.py:651} INFO - DAG(s) dict_keys(['example_branch_python_operator_decorator']) retrieved from /home/linuxlite/Documentos/airflow/venv/lib/python3.9/site-packages/airflow/example_dags/example_branch_operator_decorator.py
[2023-08-28 23:27:47,404] {logging_mixin.py:115} INFO - [2023-08-28 23:27:47,404] {dag.py:2379} INFO - Sync 1 DAGs
[2023-08-28 23:27:47,423] {logging_mixin.py:115} INFO - [2023-08-28 23:27:47,423] {dag.py:2927} INFO - Setting next_dagrun for example_branch_python_operator_decorator to 2023-08-28T00:00:00+00:00, run_after=2023-08-29T00:00:00+00:00
[2023-08-28 23:27:47,437] {processor.py:161} INFO - Processing /home/linuxlite/Documentos/airflow/venv/lib/python3.9/site-packages/airflow/example_dags/example_branch_operator_decorator.py took 0.080 seconds
