[2023-08-28 23:10:59,720] {processor.py:153} INFO - Started process (PID=59979) to work on /home/linuxlite/Documentos/airflow/venv/lib/python3.9/site-packages/airflow/example_dags/example_latest_only_with_trigger.py
[2023-08-28 23:10:59,720] {processor.py:641} INFO - Processing file /home/linuxlite/Documentos/airflow/venv/lib/python3.9/site-packages/airflow/example_dags/example_latest_only_with_trigger.py for tasks to queue
[2023-08-28 23:10:59,721] {logging_mixin.py:115} INFO - [2023-08-28 23:10:59,721] {dagbag.py:507} INFO - Filling up the DagBag from /home/linuxlite/Documentos/airflow/venv/lib/python3.9/site-packages/airflow/example_dags/example_latest_only_with_trigger.py
[2023-08-28 23:10:59,727] {processor.py:651} INFO - DAG(s) dict_keys(['latest_only_with_trigger']) retrieved from /home/linuxlite/Documentos/airflow/venv/lib/python3.9/site-packages/airflow/example_dags/example_latest_only_with_trigger.py
[2023-08-28 23:10:59,744] {logging_mixin.py:115} INFO - [2023-08-28 23:10:59,744] {dag.py:2379} INFO - Sync 1 DAGs
[2023-08-28 23:10:59,761] {logging_mixin.py:115} INFO - [2023-08-28 23:10:59,761] {dag.py:2927} INFO - Setting next_dagrun for latest_only_with_trigger to 2023-08-28T22:10:59.760994+00:00, run_after=2023-08-29T02:10:59.760994+00:00
[2023-08-28 23:10:59,771] {processor.py:161} INFO - Processing /home/linuxlite/Documentos/airflow/venv/lib/python3.9/site-packages/airflow/example_dags/example_latest_only_with_trigger.py took 0.055 seconds
[2023-08-28 23:11:36,721] {processor.py:153} INFO - Started process (PID=60067) to work on /home/linuxlite/Documentos/airflow/venv/lib/python3.9/site-packages/airflow/example_dags/example_latest_only_with_trigger.py
[2023-08-28 23:11:36,722] {processor.py:641} INFO - Processing file /home/linuxlite/Documentos/airflow/venv/lib/python3.9/site-packages/airflow/example_dags/example_latest_only_with_trigger.py for tasks to queue
[2023-08-28 23:11:36,723] {logging_mixin.py:115} INFO - [2023-08-28 23:11:36,723] {dagbag.py:507} INFO - Filling up the DagBag from /home/linuxlite/Documentos/airflow/venv/lib/python3.9/site-packages/airflow/example_dags/example_latest_only_with_trigger.py
[2023-08-28 23:11:36,729] {processor.py:651} INFO - DAG(s) dict_keys(['latest_only_with_trigger']) retrieved from /home/linuxlite/Documentos/airflow/venv/lib/python3.9/site-packages/airflow/example_dags/example_latest_only_with_trigger.py
[2023-08-28 23:11:36,746] {logging_mixin.py:115} INFO - [2023-08-28 23:11:36,746] {dag.py:2379} INFO - Sync 1 DAGs
[2023-08-28 23:11:36,764] {logging_mixin.py:115} INFO - [2023-08-28 23:11:36,764] {dag.py:2927} INFO - Setting next_dagrun for latest_only_with_trigger to 2023-08-28T22:11:36.764316+00:00, run_after=2023-08-29T02:11:36.764316+00:00
[2023-08-28 23:11:36,776] {processor.py:161} INFO - Processing /home/linuxlite/Documentos/airflow/venv/lib/python3.9/site-packages/airflow/example_dags/example_latest_only_with_trigger.py took 0.058 seconds
[2023-08-28 23:12:10,535] {processor.py:153} INFO - Started process (PID=60103) to work on /home/linuxlite/Documentos/airflow/venv/lib/python3.9/site-packages/airflow/example_dags/example_latest_only_with_trigger.py
[2023-08-28 23:12:10,536] {processor.py:641} INFO - Processing file /home/linuxlite/Documentos/airflow/venv/lib/python3.9/site-packages/airflow/example_dags/example_latest_only_with_trigger.py for tasks to queue
[2023-08-28 23:12:10,536] {logging_mixin.py:115} INFO - [2023-08-28 23:12:10,536] {dagbag.py:507} INFO - Filling up the DagBag from /home/linuxlite/Documentos/airflow/venv/lib/python3.9/site-packages/airflow/example_dags/example_latest_only_with_trigger.py
[2023-08-28 23:12:10,542] {processor.py:651} INFO - DAG(s) dict_keys(['latest_only_with_trigger']) retrieved from /home/linuxlite/Documentos/airflow/venv/lib/python3.9/site-packages/airflow/example_dags/example_latest_only_with_trigger.py
[2023-08-28 23:12:10,565] {logging_mixin.py:115} INFO - [2023-08-28 23:12:10,565] {dag.py:2379} INFO - Sync 1 DAGs
[2023-08-28 23:12:10,587] {logging_mixin.py:115} INFO - [2023-08-28 23:12:10,587] {dag.py:2927} INFO - Setting next_dagrun for latest_only_with_trigger to 2023-08-28T22:12:10.587463+00:00, run_after=2023-08-29T02:12:10.587463+00:00
[2023-08-28 23:12:10,600] {processor.py:161} INFO - Processing /home/linuxlite/Documentos/airflow/venv/lib/python3.9/site-packages/airflow/example_dags/example_latest_only_with_trigger.py took 0.069 seconds
[2023-08-28 23:12:44,347] {processor.py:153} INFO - Started process (PID=60148) to work on /home/linuxlite/Documentos/airflow/venv/lib/python3.9/site-packages/airflow/example_dags/example_latest_only_with_trigger.py
[2023-08-28 23:12:44,347] {processor.py:641} INFO - Processing file /home/linuxlite/Documentos/airflow/venv/lib/python3.9/site-packages/airflow/example_dags/example_latest_only_with_trigger.py for tasks to queue
[2023-08-28 23:12:44,348] {logging_mixin.py:115} INFO - [2023-08-28 23:12:44,348] {dagbag.py:507} INFO - Filling up the DagBag from /home/linuxlite/Documentos/airflow/venv/lib/python3.9/site-packages/airflow/example_dags/example_latest_only_with_trigger.py
[2023-08-28 23:12:44,354] {processor.py:651} INFO - DAG(s) dict_keys(['latest_only_with_trigger']) retrieved from /home/linuxlite/Documentos/airflow/venv/lib/python3.9/site-packages/airflow/example_dags/example_latest_only_with_trigger.py
[2023-08-28 23:12:44,372] {logging_mixin.py:115} INFO - [2023-08-28 23:12:44,372] {dag.py:2379} INFO - Sync 1 DAGs
[2023-08-28 23:12:44,391] {logging_mixin.py:115} INFO - [2023-08-28 23:12:44,391] {dag.py:2927} INFO - Setting next_dagrun for latest_only_with_trigger to 2023-08-28T22:12:44.391359+00:00, run_after=2023-08-29T02:12:44.391359+00:00
[2023-08-28 23:12:44,403] {processor.py:161} INFO - Processing /home/linuxlite/Documentos/airflow/venv/lib/python3.9/site-packages/airflow/example_dags/example_latest_only_with_trigger.py took 0.060 seconds
[2023-08-28 23:13:20,666] {processor.py:153} INFO - Started process (PID=60183) to work on /home/linuxlite/Documentos/airflow/venv/lib/python3.9/site-packages/airflow/example_dags/example_latest_only_with_trigger.py
[2023-08-28 23:13:20,667] {processor.py:641} INFO - Processing file /home/linuxlite/Documentos/airflow/venv/lib/python3.9/site-packages/airflow/example_dags/example_latest_only_with_trigger.py for tasks to queue
[2023-08-28 23:13:20,668] {logging_mixin.py:115} INFO - [2023-08-28 23:13:20,668] {dagbag.py:507} INFO - Filling up the DagBag from /home/linuxlite/Documentos/airflow/venv/lib/python3.9/site-packages/airflow/example_dags/example_latest_only_with_trigger.py
[2023-08-28 23:13:20,675] {processor.py:651} INFO - DAG(s) dict_keys(['latest_only_with_trigger']) retrieved from /home/linuxlite/Documentos/airflow/venv/lib/python3.9/site-packages/airflow/example_dags/example_latest_only_with_trigger.py
[2023-08-28 23:13:20,694] {logging_mixin.py:115} INFO - [2023-08-28 23:13:20,693] {dag.py:2379} INFO - Sync 1 DAGs
[2023-08-28 23:13:20,714] {logging_mixin.py:115} INFO - [2023-08-28 23:13:20,714] {dag.py:2927} INFO - Setting next_dagrun for latest_only_with_trigger to 2023-08-28T22:13:20.713924+00:00, run_after=2023-08-29T02:13:20.713924+00:00
[2023-08-28 23:13:20,728] {processor.py:161} INFO - Processing /home/linuxlite/Documentos/airflow/venv/lib/python3.9/site-packages/airflow/example_dags/example_latest_only_with_trigger.py took 0.065 seconds
[2023-08-28 23:13:54,783] {processor.py:153} INFO - Started process (PID=60228) to work on /home/linuxlite/Documentos/airflow/venv/lib/python3.9/site-packages/airflow/example_dags/example_latest_only_with_trigger.py
[2023-08-28 23:13:54,784] {processor.py:641} INFO - Processing file /home/linuxlite/Documentos/airflow/venv/lib/python3.9/site-packages/airflow/example_dags/example_latest_only_with_trigger.py for tasks to queue
[2023-08-28 23:13:54,785] {logging_mixin.py:115} INFO - [2023-08-28 23:13:54,785] {dagbag.py:507} INFO - Filling up the DagBag from /home/linuxlite/Documentos/airflow/venv/lib/python3.9/site-packages/airflow/example_dags/example_latest_only_with_trigger.py
[2023-08-28 23:13:54,792] {processor.py:651} INFO - DAG(s) dict_keys(['latest_only_with_trigger']) retrieved from /home/linuxlite/Documentos/airflow/venv/lib/python3.9/site-packages/airflow/example_dags/example_latest_only_with_trigger.py
[2023-08-28 23:13:54,810] {logging_mixin.py:115} INFO - [2023-08-28 23:13:54,810] {dag.py:2379} INFO - Sync 1 DAGs
[2023-08-28 23:13:54,829] {logging_mixin.py:115} INFO - [2023-08-28 23:13:54,829] {dag.py:2927} INFO - Setting next_dagrun for latest_only_with_trigger to 2023-08-28T22:13:54.829624+00:00, run_after=2023-08-29T02:13:54.829624+00:00
[2023-08-28 23:13:54,843] {processor.py:161} INFO - Processing /home/linuxlite/Documentos/airflow/venv/lib/python3.9/site-packages/airflow/example_dags/example_latest_only_with_trigger.py took 0.065 seconds
[2023-08-28 23:14:30,324] {processor.py:153} INFO - Started process (PID=60273) to work on /home/linuxlite/Documentos/airflow/venv/lib/python3.9/site-packages/airflow/example_dags/example_latest_only_with_trigger.py
[2023-08-28 23:14:30,327] {processor.py:641} INFO - Processing file /home/linuxlite/Documentos/airflow/venv/lib/python3.9/site-packages/airflow/example_dags/example_latest_only_with_trigger.py for tasks to queue
[2023-08-28 23:14:30,330] {logging_mixin.py:115} INFO - [2023-08-28 23:14:30,330] {dagbag.py:507} INFO - Filling up the DagBag from /home/linuxlite/Documentos/airflow/venv/lib/python3.9/site-packages/airflow/example_dags/example_latest_only_with_trigger.py
[2023-08-28 23:14:30,355] {processor.py:651} INFO - DAG(s) dict_keys(['latest_only_with_trigger']) retrieved from /home/linuxlite/Documentos/airflow/venv/lib/python3.9/site-packages/airflow/example_dags/example_latest_only_with_trigger.py
[2023-08-28 23:14:30,404] {logging_mixin.py:115} INFO - [2023-08-28 23:14:30,404] {dag.py:2379} INFO - Sync 1 DAGs
[2023-08-28 23:14:30,449] {logging_mixin.py:115} INFO - [2023-08-28 23:14:30,449] {dag.py:2927} INFO - Setting next_dagrun for latest_only_with_trigger to 2023-08-28T22:14:30.449225+00:00, run_after=2023-08-29T02:14:30.449225+00:00
[2023-08-28 23:14:30,486] {processor.py:161} INFO - Processing /home/linuxlite/Documentos/airflow/venv/lib/python3.9/site-packages/airflow/example_dags/example_latest_only_with_trigger.py took 0.174 seconds
[2023-08-28 23:15:06,867] {processor.py:153} INFO - Started process (PID=60369) to work on /home/linuxlite/Documentos/airflow/venv/lib/python3.9/site-packages/airflow/example_dags/example_latest_only_with_trigger.py
[2023-08-28 23:15:06,868] {processor.py:641} INFO - Processing file /home/linuxlite/Documentos/airflow/venv/lib/python3.9/site-packages/airflow/example_dags/example_latest_only_with_trigger.py for tasks to queue
[2023-08-28 23:15:06,868] {logging_mixin.py:115} INFO - [2023-08-28 23:15:06,868] {dagbag.py:507} INFO - Filling up the DagBag from /home/linuxlite/Documentos/airflow/venv/lib/python3.9/site-packages/airflow/example_dags/example_latest_only_with_trigger.py
[2023-08-28 23:15:06,875] {processor.py:651} INFO - DAG(s) dict_keys(['latest_only_with_trigger']) retrieved from /home/linuxlite/Documentos/airflow/venv/lib/python3.9/site-packages/airflow/example_dags/example_latest_only_with_trigger.py
[2023-08-28 23:15:06,898] {logging_mixin.py:115} INFO - [2023-08-28 23:15:06,898] {dag.py:2379} INFO - Sync 1 DAGs
[2023-08-28 23:15:06,919] {logging_mixin.py:115} INFO - [2023-08-28 23:15:06,919] {dag.py:2927} INFO - Setting next_dagrun for latest_only_with_trigger to 2023-08-28T22:15:06.918624+00:00, run_after=2023-08-29T02:15:06.918624+00:00
[2023-08-28 23:15:06,934] {processor.py:161} INFO - Processing /home/linuxlite/Documentos/airflow/venv/lib/python3.9/site-packages/airflow/example_dags/example_latest_only_with_trigger.py took 0.071 seconds
[2023-08-28 23:15:42,641] {processor.py:153} INFO - Started process (PID=60563) to work on /home/linuxlite/Documentos/airflow/venv/lib/python3.9/site-packages/airflow/example_dags/example_latest_only_with_trigger.py
[2023-08-28 23:15:42,643] {processor.py:641} INFO - Processing file /home/linuxlite/Documentos/airflow/venv/lib/python3.9/site-packages/airflow/example_dags/example_latest_only_with_trigger.py for tasks to queue
[2023-08-28 23:15:42,643] {logging_mixin.py:115} INFO - [2023-08-28 23:15:42,643] {dagbag.py:507} INFO - Filling up the DagBag from /home/linuxlite/Documentos/airflow/venv/lib/python3.9/site-packages/airflow/example_dags/example_latest_only_with_trigger.py
[2023-08-28 23:15:42,650] {processor.py:651} INFO - DAG(s) dict_keys(['latest_only_with_trigger']) retrieved from /home/linuxlite/Documentos/airflow/venv/lib/python3.9/site-packages/airflow/example_dags/example_latest_only_with_trigger.py
[2023-08-28 23:15:42,670] {logging_mixin.py:115} INFO - [2023-08-28 23:15:42,670] {dag.py:2379} INFO - Sync 1 DAGs
[2023-08-28 23:15:42,685] {logging_mixin.py:115} INFO - [2023-08-28 23:15:42,684] {dag.py:2927} INFO - Setting next_dagrun for latest_only_with_trigger to 2023-08-28T22:15:42.684432+00:00, run_after=2023-08-29T02:15:42.684432+00:00
[2023-08-28 23:15:42,697] {processor.py:161} INFO - Processing /home/linuxlite/Documentos/airflow/venv/lib/python3.9/site-packages/airflow/example_dags/example_latest_only_with_trigger.py took 0.060 seconds
[2023-08-28 23:16:15,640] {processor.py:153} INFO - Started process (PID=60600) to work on /home/linuxlite/Documentos/airflow/venv/lib/python3.9/site-packages/airflow/example_dags/example_latest_only_with_trigger.py
[2023-08-28 23:16:15,641] {processor.py:641} INFO - Processing file /home/linuxlite/Documentos/airflow/venv/lib/python3.9/site-packages/airflow/example_dags/example_latest_only_with_trigger.py for tasks to queue
[2023-08-28 23:16:15,641] {logging_mixin.py:115} INFO - [2023-08-28 23:16:15,641] {dagbag.py:507} INFO - Filling up the DagBag from /home/linuxlite/Documentos/airflow/venv/lib/python3.9/site-packages/airflow/example_dags/example_latest_only_with_trigger.py
[2023-08-28 23:16:15,649] {processor.py:651} INFO - DAG(s) dict_keys(['latest_only_with_trigger']) retrieved from /home/linuxlite/Documentos/airflow/venv/lib/python3.9/site-packages/airflow/example_dags/example_latest_only_with_trigger.py
[2023-08-28 23:16:15,670] {logging_mixin.py:115} INFO - [2023-08-28 23:16:15,670] {dag.py:2379} INFO - Sync 1 DAGs
[2023-08-28 23:16:15,689] {logging_mixin.py:115} INFO - [2023-08-28 23:16:15,689] {dag.py:2927} INFO - Setting next_dagrun for latest_only_with_trigger to 2023-08-28T22:16:15.688776+00:00, run_after=2023-08-29T02:16:15.688776+00:00
[2023-08-28 23:16:15,699] {processor.py:161} INFO - Processing /home/linuxlite/Documentos/airflow/venv/lib/python3.9/site-packages/airflow/example_dags/example_latest_only_with_trigger.py took 0.065 seconds
[2023-08-28 23:16:49,746] {processor.py:153} INFO - Started process (PID=60812) to work on /home/linuxlite/Documentos/airflow/venv/lib/python3.9/site-packages/airflow/example_dags/example_latest_only_with_trigger.py
[2023-08-28 23:16:49,747] {processor.py:641} INFO - Processing file /home/linuxlite/Documentos/airflow/venv/lib/python3.9/site-packages/airflow/example_dags/example_latest_only_with_trigger.py for tasks to queue
[2023-08-28 23:16:49,748] {logging_mixin.py:115} INFO - [2023-08-28 23:16:49,748] {dagbag.py:507} INFO - Filling up the DagBag from /home/linuxlite/Documentos/airflow/venv/lib/python3.9/site-packages/airflow/example_dags/example_latest_only_with_trigger.py
[2023-08-28 23:16:49,755] {processor.py:651} INFO - DAG(s) dict_keys(['latest_only_with_trigger']) retrieved from /home/linuxlite/Documentos/airflow/venv/lib/python3.9/site-packages/airflow/example_dags/example_latest_only_with_trigger.py
[2023-08-28 23:16:49,775] {logging_mixin.py:115} INFO - [2023-08-28 23:16:49,775] {dag.py:2379} INFO - Sync 1 DAGs
[2023-08-28 23:16:49,792] {logging_mixin.py:115} INFO - [2023-08-28 23:16:49,791] {dag.py:2927} INFO - Setting next_dagrun for latest_only_with_trigger to 2023-08-28T22:16:49.791663+00:00, run_after=2023-08-29T02:16:49.791663+00:00
[2023-08-28 23:16:49,805] {processor.py:161} INFO - Processing /home/linuxlite/Documentos/airflow/venv/lib/python3.9/site-packages/airflow/example_dags/example_latest_only_with_trigger.py took 0.062 seconds
[2023-08-28 23:17:24,749] {processor.py:153} INFO - Started process (PID=60850) to work on /home/linuxlite/Documentos/airflow/venv/lib/python3.9/site-packages/airflow/example_dags/example_latest_only_with_trigger.py
[2023-08-28 23:17:24,750] {processor.py:641} INFO - Processing file /home/linuxlite/Documentos/airflow/venv/lib/python3.9/site-packages/airflow/example_dags/example_latest_only_with_trigger.py for tasks to queue
[2023-08-28 23:17:24,750] {logging_mixin.py:115} INFO - [2023-08-28 23:17:24,750] {dagbag.py:507} INFO - Filling up the DagBag from /home/linuxlite/Documentos/airflow/venv/lib/python3.9/site-packages/airflow/example_dags/example_latest_only_with_trigger.py
[2023-08-28 23:17:24,758] {processor.py:651} INFO - DAG(s) dict_keys(['latest_only_with_trigger']) retrieved from /home/linuxlite/Documentos/airflow/venv/lib/python3.9/site-packages/airflow/example_dags/example_latest_only_with_trigger.py
[2023-08-28 23:17:24,784] {logging_mixin.py:115} INFO - [2023-08-28 23:17:24,784] {dag.py:2379} INFO - Sync 1 DAGs
[2023-08-28 23:17:24,805] {logging_mixin.py:115} INFO - [2023-08-28 23:17:24,805] {dag.py:2927} INFO - Setting next_dagrun for latest_only_with_trigger to 2023-08-28T22:17:24.805017+00:00, run_after=2023-08-29T02:17:24.805017+00:00
[2023-08-28 23:17:24,820] {processor.py:161} INFO - Processing /home/linuxlite/Documentos/airflow/venv/lib/python3.9/site-packages/airflow/example_dags/example_latest_only_with_trigger.py took 0.075 seconds
[2023-08-28 23:18:01,544] {processor.py:153} INFO - Started process (PID=61198) to work on /home/linuxlite/Documentos/airflow/venv/lib/python3.9/site-packages/airflow/example_dags/example_latest_only_with_trigger.py
[2023-08-28 23:18:01,547] {processor.py:641} INFO - Processing file /home/linuxlite/Documentos/airflow/venv/lib/python3.9/site-packages/airflow/example_dags/example_latest_only_with_trigger.py for tasks to queue
[2023-08-28 23:18:01,548] {logging_mixin.py:115} INFO - [2023-08-28 23:18:01,548] {dagbag.py:507} INFO - Filling up the DagBag from /home/linuxlite/Documentos/airflow/venv/lib/python3.9/site-packages/airflow/example_dags/example_latest_only_with_trigger.py
[2023-08-28 23:18:01,557] {processor.py:651} INFO - DAG(s) dict_keys(['latest_only_with_trigger']) retrieved from /home/linuxlite/Documentos/airflow/venv/lib/python3.9/site-packages/airflow/example_dags/example_latest_only_with_trigger.py
[2023-08-28 23:18:01,582] {logging_mixin.py:115} INFO - [2023-08-28 23:18:01,581] {dag.py:2379} INFO - Sync 1 DAGs
[2023-08-28 23:18:01,598] {logging_mixin.py:115} INFO - [2023-08-28 23:18:01,598] {dag.py:2927} INFO - Setting next_dagrun for latest_only_with_trigger to 2023-08-28T22:18:01.598186+00:00, run_after=2023-08-29T02:18:01.598186+00:00
[2023-08-28 23:18:01,610] {processor.py:161} INFO - Processing /home/linuxlite/Documentos/airflow/venv/lib/python3.9/site-packages/airflow/example_dags/example_latest_only_with_trigger.py took 0.074 seconds
[2023-08-28 23:18:36,237] {processor.py:153} INFO - Started process (PID=61519) to work on /home/linuxlite/Documentos/airflow/venv/lib/python3.9/site-packages/airflow/example_dags/example_latest_only_with_trigger.py
[2023-08-28 23:18:36,238] {processor.py:641} INFO - Processing file /home/linuxlite/Documentos/airflow/venv/lib/python3.9/site-packages/airflow/example_dags/example_latest_only_with_trigger.py for tasks to queue
[2023-08-28 23:18:36,239] {logging_mixin.py:115} INFO - [2023-08-28 23:18:36,239] {dagbag.py:507} INFO - Filling up the DagBag from /home/linuxlite/Documentos/airflow/venv/lib/python3.9/site-packages/airflow/example_dags/example_latest_only_with_trigger.py
[2023-08-28 23:18:36,246] {processor.py:651} INFO - DAG(s) dict_keys(['latest_only_with_trigger']) retrieved from /home/linuxlite/Documentos/airflow/venv/lib/python3.9/site-packages/airflow/example_dags/example_latest_only_with_trigger.py
[2023-08-28 23:18:36,266] {logging_mixin.py:115} INFO - [2023-08-28 23:18:36,266] {dag.py:2379} INFO - Sync 1 DAGs
[2023-08-28 23:18:36,281] {logging_mixin.py:115} INFO - [2023-08-28 23:18:36,281] {dag.py:2927} INFO - Setting next_dagrun for latest_only_with_trigger to 2023-08-28T22:18:36.281343+00:00, run_after=2023-08-29T02:18:36.281343+00:00
[2023-08-28 23:18:36,293] {processor.py:161} INFO - Processing /home/linuxlite/Documentos/airflow/venv/lib/python3.9/site-packages/airflow/example_dags/example_latest_only_with_trigger.py took 0.060 seconds
[2023-08-28 23:19:10,201] {processor.py:153} INFO - Started process (PID=61558) to work on /home/linuxlite/Documentos/airflow/venv/lib/python3.9/site-packages/airflow/example_dags/example_latest_only_with_trigger.py
[2023-08-28 23:19:10,202] {processor.py:641} INFO - Processing file /home/linuxlite/Documentos/airflow/venv/lib/python3.9/site-packages/airflow/example_dags/example_latest_only_with_trigger.py for tasks to queue
[2023-08-28 23:19:10,203] {logging_mixin.py:115} INFO - [2023-08-28 23:19:10,202] {dagbag.py:507} INFO - Filling up the DagBag from /home/linuxlite/Documentos/airflow/venv/lib/python3.9/site-packages/airflow/example_dags/example_latest_only_with_trigger.py
[2023-08-28 23:19:10,211] {processor.py:651} INFO - DAG(s) dict_keys(['latest_only_with_trigger']) retrieved from /home/linuxlite/Documentos/airflow/venv/lib/python3.9/site-packages/airflow/example_dags/example_latest_only_with_trigger.py
[2023-08-28 23:19:10,232] {logging_mixin.py:115} INFO - [2023-08-28 23:19:10,232] {dag.py:2379} INFO - Sync 1 DAGs
[2023-08-28 23:19:10,247] {logging_mixin.py:115} INFO - [2023-08-28 23:19:10,246] {dag.py:2927} INFO - Setting next_dagrun for latest_only_with_trigger to 2023-08-28T22:19:10.246744+00:00, run_after=2023-08-29T02:19:10.246744+00:00
[2023-08-28 23:19:10,257] {processor.py:161} INFO - Processing /home/linuxlite/Documentos/airflow/venv/lib/python3.9/site-packages/airflow/example_dags/example_latest_only_with_trigger.py took 0.061 seconds
[2023-08-28 23:19:43,083] {processor.py:153} INFO - Started process (PID=61623) to work on /home/linuxlite/Documentos/airflow/venv/lib/python3.9/site-packages/airflow/example_dags/example_latest_only_with_trigger.py
[2023-08-28 23:19:43,084] {processor.py:641} INFO - Processing file /home/linuxlite/Documentos/airflow/venv/lib/python3.9/site-packages/airflow/example_dags/example_latest_only_with_trigger.py for tasks to queue
[2023-08-28 23:19:43,085] {logging_mixin.py:115} INFO - [2023-08-28 23:19:43,084] {dagbag.py:507} INFO - Filling up the DagBag from /home/linuxlite/Documentos/airflow/venv/lib/python3.9/site-packages/airflow/example_dags/example_latest_only_with_trigger.py
[2023-08-28 23:19:43,091] {processor.py:651} INFO - DAG(s) dict_keys(['latest_only_with_trigger']) retrieved from /home/linuxlite/Documentos/airflow/venv/lib/python3.9/site-packages/airflow/example_dags/example_latest_only_with_trigger.py
[2023-08-28 23:19:43,109] {logging_mixin.py:115} INFO - [2023-08-28 23:19:43,109] {dag.py:2379} INFO - Sync 1 DAGs
[2023-08-28 23:19:43,126] {logging_mixin.py:115} INFO - [2023-08-28 23:19:43,126] {dag.py:2927} INFO - Setting next_dagrun for latest_only_with_trigger to 2023-08-28T22:19:43.125902+00:00, run_after=2023-08-29T02:19:43.125902+00:00
[2023-08-28 23:19:43,137] {processor.py:161} INFO - Processing /home/linuxlite/Documentos/airflow/venv/lib/python3.9/site-packages/airflow/example_dags/example_latest_only_with_trigger.py took 0.059 seconds
[2023-08-28 23:20:17,917] {processor.py:153} INFO - Started process (PID=61725) to work on /home/linuxlite/Documentos/airflow/venv/lib/python3.9/site-packages/airflow/example_dags/example_latest_only_with_trigger.py
[2023-08-28 23:20:17,918] {processor.py:641} INFO - Processing file /home/linuxlite/Documentos/airflow/venv/lib/python3.9/site-packages/airflow/example_dags/example_latest_only_with_trigger.py for tasks to queue
[2023-08-28 23:20:17,919] {logging_mixin.py:115} INFO - [2023-08-28 23:20:17,919] {dagbag.py:507} INFO - Filling up the DagBag from /home/linuxlite/Documentos/airflow/venv/lib/python3.9/site-packages/airflow/example_dags/example_latest_only_with_trigger.py
[2023-08-28 23:20:17,930] {processor.py:651} INFO - DAG(s) dict_keys(['latest_only_with_trigger']) retrieved from /home/linuxlite/Documentos/airflow/venv/lib/python3.9/site-packages/airflow/example_dags/example_latest_only_with_trigger.py
[2023-08-28 23:20:17,967] {logging_mixin.py:115} INFO - [2023-08-28 23:20:17,967] {dag.py:2379} INFO - Sync 1 DAGs
[2023-08-28 23:20:17,995] {logging_mixin.py:115} INFO - [2023-08-28 23:20:17,995] {dag.py:2927} INFO - Setting next_dagrun for latest_only_with_trigger to 2023-08-28T22:20:17.995240+00:00, run_after=2023-08-29T02:20:17.995240+00:00
[2023-08-28 23:20:18,011] {processor.py:161} INFO - Processing /home/linuxlite/Documentos/airflow/venv/lib/python3.9/site-packages/airflow/example_dags/example_latest_only_with_trigger.py took 0.098 seconds
[2023-08-28 23:20:55,010] {processor.py:153} INFO - Started process (PID=61765) to work on /home/linuxlite/Documentos/airflow/venv/lib/python3.9/site-packages/airflow/example_dags/example_latest_only_with_trigger.py
[2023-08-28 23:20:55,011] {processor.py:641} INFO - Processing file /home/linuxlite/Documentos/airflow/venv/lib/python3.9/site-packages/airflow/example_dags/example_latest_only_with_trigger.py for tasks to queue
[2023-08-28 23:20:55,011] {logging_mixin.py:115} INFO - [2023-08-28 23:20:55,011] {dagbag.py:507} INFO - Filling up the DagBag from /home/linuxlite/Documentos/airflow/venv/lib/python3.9/site-packages/airflow/example_dags/example_latest_only_with_trigger.py
[2023-08-28 23:20:55,017] {processor.py:651} INFO - DAG(s) dict_keys(['latest_only_with_trigger']) retrieved from /home/linuxlite/Documentos/airflow/venv/lib/python3.9/site-packages/airflow/example_dags/example_latest_only_with_trigger.py
[2023-08-28 23:20:55,035] {logging_mixin.py:115} INFO - [2023-08-28 23:20:55,035] {dag.py:2379} INFO - Sync 1 DAGs
[2023-08-28 23:20:55,054] {logging_mixin.py:115} INFO - [2023-08-28 23:20:55,054] {dag.py:2927} INFO - Setting next_dagrun for latest_only_with_trigger to 2023-08-28T22:20:55.054195+00:00, run_after=2023-08-29T02:20:55.054195+00:00
[2023-08-28 23:20:55,066] {processor.py:161} INFO - Processing /home/linuxlite/Documentos/airflow/venv/lib/python3.9/site-packages/airflow/example_dags/example_latest_only_with_trigger.py took 0.059 seconds
[2023-08-28 23:21:29,518] {processor.py:153} INFO - Started process (PID=61805) to work on /home/linuxlite/Documentos/airflow/venv/lib/python3.9/site-packages/airflow/example_dags/example_latest_only_with_trigger.py
[2023-08-28 23:21:29,519] {processor.py:641} INFO - Processing file /home/linuxlite/Documentos/airflow/venv/lib/python3.9/site-packages/airflow/example_dags/example_latest_only_with_trigger.py for tasks to queue
[2023-08-28 23:21:29,520] {logging_mixin.py:115} INFO - [2023-08-28 23:21:29,520] {dagbag.py:507} INFO - Filling up the DagBag from /home/linuxlite/Documentos/airflow/venv/lib/python3.9/site-packages/airflow/example_dags/example_latest_only_with_trigger.py
[2023-08-28 23:21:29,529] {processor.py:651} INFO - DAG(s) dict_keys(['latest_only_with_trigger']) retrieved from /home/linuxlite/Documentos/airflow/venv/lib/python3.9/site-packages/airflow/example_dags/example_latest_only_with_trigger.py
[2023-08-28 23:21:29,548] {logging_mixin.py:115} INFO - [2023-08-28 23:21:29,548] {dag.py:2379} INFO - Sync 1 DAGs
[2023-08-28 23:21:29,563] {logging_mixin.py:115} INFO - [2023-08-28 23:21:29,563] {dag.py:2927} INFO - Setting next_dagrun for latest_only_with_trigger to 2023-08-28T22:21:29.563330+00:00, run_after=2023-08-29T02:21:29.563330+00:00
[2023-08-28 23:21:29,575] {processor.py:161} INFO - Processing /home/linuxlite/Documentos/airflow/venv/lib/python3.9/site-packages/airflow/example_dags/example_latest_only_with_trigger.py took 0.062 seconds
[2023-08-28 23:22:02,223] {processor.py:153} INFO - Started process (PID=61864) to work on /home/linuxlite/Documentos/airflow/venv/lib/python3.9/site-packages/airflow/example_dags/example_latest_only_with_trigger.py
[2023-08-28 23:22:02,224] {processor.py:641} INFO - Processing file /home/linuxlite/Documentos/airflow/venv/lib/python3.9/site-packages/airflow/example_dags/example_latest_only_with_trigger.py for tasks to queue
[2023-08-28 23:22:02,224] {logging_mixin.py:115} INFO - [2023-08-28 23:22:02,224] {dagbag.py:507} INFO - Filling up the DagBag from /home/linuxlite/Documentos/airflow/venv/lib/python3.9/site-packages/airflow/example_dags/example_latest_only_with_trigger.py
[2023-08-28 23:22:02,231] {processor.py:651} INFO - DAG(s) dict_keys(['latest_only_with_trigger']) retrieved from /home/linuxlite/Documentos/airflow/venv/lib/python3.9/site-packages/airflow/example_dags/example_latest_only_with_trigger.py
[2023-08-28 23:22:02,254] {logging_mixin.py:115} INFO - [2023-08-28 23:22:02,254] {dag.py:2379} INFO - Sync 1 DAGs
[2023-08-28 23:22:02,273] {logging_mixin.py:115} INFO - [2023-08-28 23:22:02,273] {dag.py:2927} INFO - Setting next_dagrun for latest_only_with_trigger to 2023-08-28T22:22:02.272617+00:00, run_after=2023-08-29T02:22:02.272617+00:00
[2023-08-28 23:22:02,286] {processor.py:161} INFO - Processing /home/linuxlite/Documentos/airflow/venv/lib/python3.9/site-packages/airflow/example_dags/example_latest_only_with_trigger.py took 0.066 seconds
[2023-08-28 23:22:37,882] {processor.py:153} INFO - Started process (PID=61905) to work on /home/linuxlite/Documentos/airflow/venv/lib/python3.9/site-packages/airflow/example_dags/example_latest_only_with_trigger.py
[2023-08-28 23:22:37,883] {processor.py:641} INFO - Processing file /home/linuxlite/Documentos/airflow/venv/lib/python3.9/site-packages/airflow/example_dags/example_latest_only_with_trigger.py for tasks to queue
[2023-08-28 23:22:37,883] {logging_mixin.py:115} INFO - [2023-08-28 23:22:37,883] {dagbag.py:507} INFO - Filling up the DagBag from /home/linuxlite/Documentos/airflow/venv/lib/python3.9/site-packages/airflow/example_dags/example_latest_only_with_trigger.py
[2023-08-28 23:22:37,890] {processor.py:651} INFO - DAG(s) dict_keys(['latest_only_with_trigger']) retrieved from /home/linuxlite/Documentos/airflow/venv/lib/python3.9/site-packages/airflow/example_dags/example_latest_only_with_trigger.py
[2023-08-28 23:22:37,912] {logging_mixin.py:115} INFO - [2023-08-28 23:22:37,912] {dag.py:2379} INFO - Sync 1 DAGs
[2023-08-28 23:22:37,929] {logging_mixin.py:115} INFO - [2023-08-28 23:22:37,928] {dag.py:2927} INFO - Setting next_dagrun for latest_only_with_trigger to 2023-08-28T22:22:37.928582+00:00, run_after=2023-08-29T02:22:37.928582+00:00
[2023-08-28 23:22:37,940] {processor.py:161} INFO - Processing /home/linuxlite/Documentos/airflow/venv/lib/python3.9/site-packages/airflow/example_dags/example_latest_only_with_trigger.py took 0.061 seconds
[2023-08-28 23:23:13,568] {processor.py:153} INFO - Started process (PID=61947) to work on /home/linuxlite/Documentos/airflow/venv/lib/python3.9/site-packages/airflow/example_dags/example_latest_only_with_trigger.py
[2023-08-28 23:23:13,569] {processor.py:641} INFO - Processing file /home/linuxlite/Documentos/airflow/venv/lib/python3.9/site-packages/airflow/example_dags/example_latest_only_with_trigger.py for tasks to queue
[2023-08-28 23:23:13,569] {logging_mixin.py:115} INFO - [2023-08-28 23:23:13,569] {dagbag.py:507} INFO - Filling up the DagBag from /home/linuxlite/Documentos/airflow/venv/lib/python3.9/site-packages/airflow/example_dags/example_latest_only_with_trigger.py
[2023-08-28 23:23:13,576] {processor.py:651} INFO - DAG(s) dict_keys(['latest_only_with_trigger']) retrieved from /home/linuxlite/Documentos/airflow/venv/lib/python3.9/site-packages/airflow/example_dags/example_latest_only_with_trigger.py
[2023-08-28 23:23:13,595] {logging_mixin.py:115} INFO - [2023-08-28 23:23:13,595] {dag.py:2379} INFO - Sync 1 DAGs
[2023-08-28 23:23:13,612] {logging_mixin.py:115} INFO - [2023-08-28 23:23:13,612] {dag.py:2927} INFO - Setting next_dagrun for latest_only_with_trigger to 2023-08-28T22:23:13.612533+00:00, run_after=2023-08-29T02:23:13.612533+00:00
[2023-08-28 23:23:13,625] {processor.py:161} INFO - Processing /home/linuxlite/Documentos/airflow/venv/lib/python3.9/site-packages/airflow/example_dags/example_latest_only_with_trigger.py took 0.061 seconds
[2023-08-28 23:23:48,726] {processor.py:153} INFO - Started process (PID=61982) to work on /home/linuxlite/Documentos/airflow/venv/lib/python3.9/site-packages/airflow/example_dags/example_latest_only_with_trigger.py
[2023-08-28 23:23:48,726] {processor.py:641} INFO - Processing file /home/linuxlite/Documentos/airflow/venv/lib/python3.9/site-packages/airflow/example_dags/example_latest_only_with_trigger.py for tasks to queue
[2023-08-28 23:23:48,727] {logging_mixin.py:115} INFO - [2023-08-28 23:23:48,727] {dagbag.py:507} INFO - Filling up the DagBag from /home/linuxlite/Documentos/airflow/venv/lib/python3.9/site-packages/airflow/example_dags/example_latest_only_with_trigger.py
[2023-08-28 23:23:48,733] {processor.py:651} INFO - DAG(s) dict_keys(['latest_only_with_trigger']) retrieved from /home/linuxlite/Documentos/airflow/venv/lib/python3.9/site-packages/airflow/example_dags/example_latest_only_with_trigger.py
[2023-08-28 23:23:48,750] {logging_mixin.py:115} INFO - [2023-08-28 23:23:48,750] {dag.py:2379} INFO - Sync 1 DAGs
[2023-08-28 23:23:48,765] {logging_mixin.py:115} INFO - [2023-08-28 23:23:48,764] {dag.py:2927} INFO - Setting next_dagrun for latest_only_with_trigger to 2023-08-28T22:23:48.764755+00:00, run_after=2023-08-29T02:23:48.764755+00:00
[2023-08-28 23:23:48,776] {processor.py:161} INFO - Processing /home/linuxlite/Documentos/airflow/venv/lib/python3.9/site-packages/airflow/example_dags/example_latest_only_with_trigger.py took 0.054 seconds
[2023-08-28 23:24:23,377] {processor.py:153} INFO - Started process (PID=62029) to work on /home/linuxlite/Documentos/airflow/venv/lib/python3.9/site-packages/airflow/example_dags/example_latest_only_with_trigger.py
[2023-08-28 23:24:23,378] {processor.py:641} INFO - Processing file /home/linuxlite/Documentos/airflow/venv/lib/python3.9/site-packages/airflow/example_dags/example_latest_only_with_trigger.py for tasks to queue
[2023-08-28 23:24:23,378] {logging_mixin.py:115} INFO - [2023-08-28 23:24:23,378] {dagbag.py:507} INFO - Filling up the DagBag from /home/linuxlite/Documentos/airflow/venv/lib/python3.9/site-packages/airflow/example_dags/example_latest_only_with_trigger.py
[2023-08-28 23:24:23,384] {processor.py:651} INFO - DAG(s) dict_keys(['latest_only_with_trigger']) retrieved from /home/linuxlite/Documentos/airflow/venv/lib/python3.9/site-packages/airflow/example_dags/example_latest_only_with_trigger.py
[2023-08-28 23:24:23,403] {logging_mixin.py:115} INFO - [2023-08-28 23:24:23,403] {dag.py:2379} INFO - Sync 1 DAGs
[2023-08-28 23:24:23,419] {logging_mixin.py:115} INFO - [2023-08-28 23:24:23,419] {dag.py:2927} INFO - Setting next_dagrun for latest_only_with_trigger to 2023-08-28T22:24:23.418818+00:00, run_after=2023-08-29T02:24:23.418818+00:00
[2023-08-28 23:24:23,429] {processor.py:161} INFO - Processing /home/linuxlite/Documentos/airflow/venv/lib/python3.9/site-packages/airflow/example_dags/example_latest_only_with_trigger.py took 0.056 seconds
[2023-08-28 23:24:58,303] {processor.py:153} INFO - Started process (PID=62083) to work on /home/linuxlite/Documentos/airflow/venv/lib/python3.9/site-packages/airflow/example_dags/example_latest_only_with_trigger.py
[2023-08-28 23:24:58,305] {processor.py:641} INFO - Processing file /home/linuxlite/Documentos/airflow/venv/lib/python3.9/site-packages/airflow/example_dags/example_latest_only_with_trigger.py for tasks to queue
[2023-08-28 23:24:58,305] {logging_mixin.py:115} INFO - [2023-08-28 23:24:58,305] {dagbag.py:507} INFO - Filling up the DagBag from /home/linuxlite/Documentos/airflow/venv/lib/python3.9/site-packages/airflow/example_dags/example_latest_only_with_trigger.py
[2023-08-28 23:24:58,311] {processor.py:651} INFO - DAG(s) dict_keys(['latest_only_with_trigger']) retrieved from /home/linuxlite/Documentos/airflow/venv/lib/python3.9/site-packages/airflow/example_dags/example_latest_only_with_trigger.py
[2023-08-28 23:24:58,329] {logging_mixin.py:115} INFO - [2023-08-28 23:24:58,329] {dag.py:2379} INFO - Sync 1 DAGs
[2023-08-28 23:24:58,346] {logging_mixin.py:115} INFO - [2023-08-28 23:24:58,345] {dag.py:2927} INFO - Setting next_dagrun for latest_only_with_trigger to 2023-08-28T22:24:58.345528+00:00, run_after=2023-08-29T02:24:58.345528+00:00
[2023-08-28 23:24:58,357] {processor.py:161} INFO - Processing /home/linuxlite/Documentos/airflow/venv/lib/python3.9/site-packages/airflow/example_dags/example_latest_only_with_trigger.py took 0.057 seconds
[2023-08-28 23:25:33,200] {processor.py:153} INFO - Started process (PID=62171) to work on /home/linuxlite/Documentos/airflow/venv/lib/python3.9/site-packages/airflow/example_dags/example_latest_only_with_trigger.py
[2023-08-28 23:25:33,201] {processor.py:641} INFO - Processing file /home/linuxlite/Documentos/airflow/venv/lib/python3.9/site-packages/airflow/example_dags/example_latest_only_with_trigger.py for tasks to queue
[2023-08-28 23:25:33,201] {logging_mixin.py:115} INFO - [2023-08-28 23:25:33,201] {dagbag.py:507} INFO - Filling up the DagBag from /home/linuxlite/Documentos/airflow/venv/lib/python3.9/site-packages/airflow/example_dags/example_latest_only_with_trigger.py
[2023-08-28 23:25:33,207] {processor.py:651} INFO - DAG(s) dict_keys(['latest_only_with_trigger']) retrieved from /home/linuxlite/Documentos/airflow/venv/lib/python3.9/site-packages/airflow/example_dags/example_latest_only_with_trigger.py
[2023-08-28 23:25:33,225] {logging_mixin.py:115} INFO - [2023-08-28 23:25:33,225] {dag.py:2379} INFO - Sync 1 DAGs
[2023-08-28 23:25:33,241] {logging_mixin.py:115} INFO - [2023-08-28 23:25:33,241] {dag.py:2927} INFO - Setting next_dagrun for latest_only_with_trigger to 2023-08-28T22:25:33.241023+00:00, run_after=2023-08-29T02:25:33.241023+00:00
[2023-08-28 23:25:33,252] {processor.py:161} INFO - Processing /home/linuxlite/Documentos/airflow/venv/lib/python3.9/site-packages/airflow/example_dags/example_latest_only_with_trigger.py took 0.055 seconds
[2023-08-28 23:26:07,912] {processor.py:153} INFO - Started process (PID=62213) to work on /home/linuxlite/Documentos/airflow/venv/lib/python3.9/site-packages/airflow/example_dags/example_latest_only_with_trigger.py
[2023-08-28 23:26:07,913] {processor.py:641} INFO - Processing file /home/linuxlite/Documentos/airflow/venv/lib/python3.9/site-packages/airflow/example_dags/example_latest_only_with_trigger.py for tasks to queue
[2023-08-28 23:26:07,914] {logging_mixin.py:115} INFO - [2023-08-28 23:26:07,914] {dagbag.py:507} INFO - Filling up the DagBag from /home/linuxlite/Documentos/airflow/venv/lib/python3.9/site-packages/airflow/example_dags/example_latest_only_with_trigger.py
[2023-08-28 23:26:07,923] {processor.py:651} INFO - DAG(s) dict_keys(['latest_only_with_trigger']) retrieved from /home/linuxlite/Documentos/airflow/venv/lib/python3.9/site-packages/airflow/example_dags/example_latest_only_with_trigger.py
[2023-08-28 23:26:07,943] {logging_mixin.py:115} INFO - [2023-08-28 23:26:07,943] {dag.py:2379} INFO - Sync 1 DAGs
[2023-08-28 23:26:07,957] {logging_mixin.py:115} INFO - [2023-08-28 23:26:07,957] {dag.py:2927} INFO - Setting next_dagrun for latest_only_with_trigger to 2023-08-28T22:26:07.957401+00:00, run_after=2023-08-29T02:26:07.957401+00:00
[2023-08-28 23:26:07,969] {processor.py:161} INFO - Processing /home/linuxlite/Documentos/airflow/venv/lib/python3.9/site-packages/airflow/example_dags/example_latest_only_with_trigger.py took 0.066 seconds
[2023-08-28 23:26:42,996] {processor.py:153} INFO - Started process (PID=62257) to work on /home/linuxlite/Documentos/airflow/venv/lib/python3.9/site-packages/airflow/example_dags/example_latest_only_with_trigger.py
[2023-08-28 23:26:42,997] {processor.py:641} INFO - Processing file /home/linuxlite/Documentos/airflow/venv/lib/python3.9/site-packages/airflow/example_dags/example_latest_only_with_trigger.py for tasks to queue
[2023-08-28 23:26:42,998] {logging_mixin.py:115} INFO - [2023-08-28 23:26:42,997] {dagbag.py:507} INFO - Filling up the DagBag from /home/linuxlite/Documentos/airflow/venv/lib/python3.9/site-packages/airflow/example_dags/example_latest_only_with_trigger.py
[2023-08-28 23:26:43,003] {processor.py:651} INFO - DAG(s) dict_keys(['latest_only_with_trigger']) retrieved from /home/linuxlite/Documentos/airflow/venv/lib/python3.9/site-packages/airflow/example_dags/example_latest_only_with_trigger.py
[2023-08-28 23:26:43,022] {logging_mixin.py:115} INFO - [2023-08-28 23:26:43,022] {dag.py:2379} INFO - Sync 1 DAGs
[2023-08-28 23:26:43,038] {logging_mixin.py:115} INFO - [2023-08-28 23:26:43,038] {dag.py:2927} INFO - Setting next_dagrun for latest_only_with_trigger to 2023-08-28T22:26:43.037966+00:00, run_after=2023-08-29T02:26:43.037966+00:00
[2023-08-28 23:26:43,052] {processor.py:161} INFO - Processing /home/linuxlite/Documentos/airflow/venv/lib/python3.9/site-packages/airflow/example_dags/example_latest_only_with_trigger.py took 0.059 seconds
[2023-08-28 23:27:20,143] {processor.py:153} INFO - Started process (PID=62314) to work on /home/linuxlite/Documentos/airflow/venv/lib/python3.9/site-packages/airflow/example_dags/example_latest_only_with_trigger.py
[2023-08-28 23:27:20,145] {processor.py:641} INFO - Processing file /home/linuxlite/Documentos/airflow/venv/lib/python3.9/site-packages/airflow/example_dags/example_latest_only_with_trigger.py for tasks to queue
[2023-08-28 23:27:20,145] {logging_mixin.py:115} INFO - [2023-08-28 23:27:20,145] {dagbag.py:507} INFO - Filling up the DagBag from /home/linuxlite/Documentos/airflow/venv/lib/python3.9/site-packages/airflow/example_dags/example_latest_only_with_trigger.py
[2023-08-28 23:27:20,155] {processor.py:651} INFO - DAG(s) dict_keys(['latest_only_with_trigger']) retrieved from /home/linuxlite/Documentos/airflow/venv/lib/python3.9/site-packages/airflow/example_dags/example_latest_only_with_trigger.py
[2023-08-28 23:27:20,175] {logging_mixin.py:115} INFO - [2023-08-28 23:27:20,175] {dag.py:2379} INFO - Sync 1 DAGs
[2023-08-28 23:27:20,189] {logging_mixin.py:115} INFO - [2023-08-28 23:27:20,189] {dag.py:2927} INFO - Setting next_dagrun for latest_only_with_trigger to 2023-08-28T22:27:20.189276+00:00, run_after=2023-08-29T02:27:20.189276+00:00
[2023-08-28 23:27:20,200] {processor.py:161} INFO - Processing /home/linuxlite/Documentos/airflow/venv/lib/python3.9/site-packages/airflow/example_dags/example_latest_only_with_trigger.py took 0.062 seconds
