[2023-08-28 23:11:11,005] {processor.py:153} INFO - Started process (PID=60015) to work on /home/linuxlite/Documentos/airflow/venv/lib/python3.9/site-packages/airflow/example_dags/example_branch_python_dop_operator_3.py
[2023-08-28 23:11:11,006] {processor.py:641} INFO - Processing file /home/linuxlite/Documentos/airflow/venv/lib/python3.9/site-packages/airflow/example_dags/example_branch_python_dop_operator_3.py for tasks to queue
[2023-08-28 23:11:11,006] {logging_mixin.py:115} INFO - [2023-08-28 23:11:11,006] {dagbag.py:507} INFO - Filling up the DagBag from /home/linuxlite/Documentos/airflow/venv/lib/python3.9/site-packages/airflow/example_dags/example_branch_python_dop_operator_3.py
[2023-08-28 23:11:11,018] {processor.py:651} INFO - DAG(s) dict_keys(['example_branch_dop_operator_v3']) retrieved from /home/linuxlite/Documentos/airflow/venv/lib/python3.9/site-packages/airflow/example_dags/example_branch_python_dop_operator_3.py
[2023-08-28 23:11:11,034] {logging_mixin.py:115} INFO - [2023-08-28 23:11:11,034] {dag.py:2379} INFO - Sync 1 DAGs
[2023-08-28 23:11:11,058] {logging_mixin.py:115} INFO - [2023-08-28 23:11:11,058] {dag.py:2927} INFO - Setting next_dagrun for example_branch_dop_operator_v3 to 2023-08-29T02:10:00+00:00, run_after=2023-08-29T02:11:00+00:00
[2023-08-28 23:11:11,072] {processor.py:161} INFO - Processing /home/linuxlite/Documentos/airflow/venv/lib/python3.9/site-packages/airflow/example_dags/example_branch_python_dop_operator_3.py took 0.069 seconds
[2023-08-28 23:11:47,694] {processor.py:153} INFO - Started process (PID=60079) to work on /home/linuxlite/Documentos/airflow/venv/lib/python3.9/site-packages/airflow/example_dags/example_branch_python_dop_operator_3.py
[2023-08-28 23:11:47,695] {processor.py:641} INFO - Processing file /home/linuxlite/Documentos/airflow/venv/lib/python3.9/site-packages/airflow/example_dags/example_branch_python_dop_operator_3.py for tasks to queue
[2023-08-28 23:11:47,695] {logging_mixin.py:115} INFO - [2023-08-28 23:11:47,695] {dagbag.py:507} INFO - Filling up the DagBag from /home/linuxlite/Documentos/airflow/venv/lib/python3.9/site-packages/airflow/example_dags/example_branch_python_dop_operator_3.py
[2023-08-28 23:11:47,707] {processor.py:651} INFO - DAG(s) dict_keys(['example_branch_dop_operator_v3']) retrieved from /home/linuxlite/Documentos/airflow/venv/lib/python3.9/site-packages/airflow/example_dags/example_branch_python_dop_operator_3.py
[2023-08-28 23:11:47,723] {logging_mixin.py:115} INFO - [2023-08-28 23:11:47,723] {dag.py:2379} INFO - Sync 1 DAGs
[2023-08-28 23:11:47,747] {logging_mixin.py:115} INFO - [2023-08-28 23:11:47,746] {dag.py:2927} INFO - Setting next_dagrun for example_branch_dop_operator_v3 to 2023-08-29T02:10:00+00:00, run_after=2023-08-29T02:11:00+00:00
[2023-08-28 23:11:47,759] {processor.py:161} INFO - Processing /home/linuxlite/Documentos/airflow/venv/lib/python3.9/site-packages/airflow/example_dags/example_branch_python_dop_operator_3.py took 0.069 seconds
[2023-08-28 23:12:22,183] {processor.py:153} INFO - Started process (PID=60121) to work on /home/linuxlite/Documentos/airflow/venv/lib/python3.9/site-packages/airflow/example_dags/example_branch_python_dop_operator_3.py
[2023-08-28 23:12:22,188] {processor.py:641} INFO - Processing file /home/linuxlite/Documentos/airflow/venv/lib/python3.9/site-packages/airflow/example_dags/example_branch_python_dop_operator_3.py for tasks to queue
[2023-08-28 23:12:22,189] {logging_mixin.py:115} INFO - [2023-08-28 23:12:22,189] {dagbag.py:507} INFO - Filling up the DagBag from /home/linuxlite/Documentos/airflow/venv/lib/python3.9/site-packages/airflow/example_dags/example_branch_python_dop_operator_3.py
[2023-08-28 23:12:22,200] {processor.py:651} INFO - DAG(s) dict_keys(['example_branch_dop_operator_v3']) retrieved from /home/linuxlite/Documentos/airflow/venv/lib/python3.9/site-packages/airflow/example_dags/example_branch_python_dop_operator_3.py
[2023-08-28 23:12:22,219] {logging_mixin.py:115} INFO - [2023-08-28 23:12:22,219] {dag.py:2379} INFO - Sync 1 DAGs
[2023-08-28 23:12:22,245] {logging_mixin.py:115} INFO - [2023-08-28 23:12:22,245] {dag.py:2927} INFO - Setting next_dagrun for example_branch_dop_operator_v3 to 2023-08-29T02:11:00+00:00, run_after=2023-08-29T02:12:00+00:00
[2023-08-28 23:12:22,257] {processor.py:161} INFO - Processing /home/linuxlite/Documentos/airflow/venv/lib/python3.9/site-packages/airflow/example_dags/example_branch_python_dop_operator_3.py took 0.094 seconds
[2023-08-28 23:12:57,016] {processor.py:153} INFO - Started process (PID=60160) to work on /home/linuxlite/Documentos/airflow/venv/lib/python3.9/site-packages/airflow/example_dags/example_branch_python_dop_operator_3.py
[2023-08-28 23:12:57,017] {processor.py:641} INFO - Processing file /home/linuxlite/Documentos/airflow/venv/lib/python3.9/site-packages/airflow/example_dags/example_branch_python_dop_operator_3.py for tasks to queue
[2023-08-28 23:12:57,017] {logging_mixin.py:115} INFO - [2023-08-28 23:12:57,017] {dagbag.py:507} INFO - Filling up the DagBag from /home/linuxlite/Documentos/airflow/venv/lib/python3.9/site-packages/airflow/example_dags/example_branch_python_dop_operator_3.py
[2023-08-28 23:12:57,028] {processor.py:651} INFO - DAG(s) dict_keys(['example_branch_dop_operator_v3']) retrieved from /home/linuxlite/Documentos/airflow/venv/lib/python3.9/site-packages/airflow/example_dags/example_branch_python_dop_operator_3.py
[2023-08-28 23:12:57,045] {logging_mixin.py:115} INFO - [2023-08-28 23:12:57,045] {dag.py:2379} INFO - Sync 1 DAGs
[2023-08-28 23:12:57,068] {logging_mixin.py:115} INFO - [2023-08-28 23:12:57,068] {dag.py:2927} INFO - Setting next_dagrun for example_branch_dop_operator_v3 to 2023-08-29T02:11:00+00:00, run_after=2023-08-29T02:12:00+00:00
[2023-08-28 23:12:57,080] {processor.py:161} INFO - Processing /home/linuxlite/Documentos/airflow/venv/lib/python3.9/site-packages/airflow/example_dags/example_branch_python_dop_operator_3.py took 0.067 seconds
[2023-08-28 23:13:32,086] {processor.py:153} INFO - Started process (PID=60198) to work on /home/linuxlite/Documentos/airflow/venv/lib/python3.9/site-packages/airflow/example_dags/example_branch_python_dop_operator_3.py
[2023-08-28 23:13:32,087] {processor.py:641} INFO - Processing file /home/linuxlite/Documentos/airflow/venv/lib/python3.9/site-packages/airflow/example_dags/example_branch_python_dop_operator_3.py for tasks to queue
[2023-08-28 23:13:32,087] {logging_mixin.py:115} INFO - [2023-08-28 23:13:32,087] {dagbag.py:507} INFO - Filling up the DagBag from /home/linuxlite/Documentos/airflow/venv/lib/python3.9/site-packages/airflow/example_dags/example_branch_python_dop_operator_3.py
[2023-08-28 23:13:32,097] {processor.py:651} INFO - DAG(s) dict_keys(['example_branch_dop_operator_v3']) retrieved from /home/linuxlite/Documentos/airflow/venv/lib/python3.9/site-packages/airflow/example_dags/example_branch_python_dop_operator_3.py
[2023-08-28 23:13:32,111] {logging_mixin.py:115} INFO - [2023-08-28 23:13:32,111] {dag.py:2379} INFO - Sync 1 DAGs
[2023-08-28 23:13:32,131] {logging_mixin.py:115} INFO - [2023-08-28 23:13:32,131] {dag.py:2927} INFO - Setting next_dagrun for example_branch_dop_operator_v3 to 2023-08-29T02:12:00+00:00, run_after=2023-08-29T02:13:00+00:00
[2023-08-28 23:13:32,141] {processor.py:161} INFO - Processing /home/linuxlite/Documentos/airflow/venv/lib/python3.9/site-packages/airflow/example_dags/example_branch_python_dop_operator_3.py took 0.059 seconds
[2023-08-28 23:14:11,690] {processor.py:153} INFO - Started process (PID=60245) to work on /home/linuxlite/Documentos/airflow/venv/lib/python3.9/site-packages/airflow/example_dags/example_branch_python_dop_operator_3.py
[2023-08-28 23:14:11,691] {processor.py:641} INFO - Processing file /home/linuxlite/Documentos/airflow/venv/lib/python3.9/site-packages/airflow/example_dags/example_branch_python_dop_operator_3.py for tasks to queue
[2023-08-28 23:14:11,692] {logging_mixin.py:115} INFO - [2023-08-28 23:14:11,692] {dagbag.py:507} INFO - Filling up the DagBag from /home/linuxlite/Documentos/airflow/venv/lib/python3.9/site-packages/airflow/example_dags/example_branch_python_dop_operator_3.py
[2023-08-28 23:14:11,705] {processor.py:651} INFO - DAG(s) dict_keys(['example_branch_dop_operator_v3']) retrieved from /home/linuxlite/Documentos/airflow/venv/lib/python3.9/site-packages/airflow/example_dags/example_branch_python_dop_operator_3.py
[2023-08-28 23:14:11,720] {logging_mixin.py:115} INFO - [2023-08-28 23:14:11,720] {dag.py:2379} INFO - Sync 1 DAGs
[2023-08-28 23:14:11,740] {logging_mixin.py:115} INFO - [2023-08-28 23:14:11,740] {dag.py:2927} INFO - Setting next_dagrun for example_branch_dop_operator_v3 to 2023-08-29T02:13:00+00:00, run_after=2023-08-29T02:14:00+00:00
[2023-08-28 23:14:11,751] {processor.py:161} INFO - Processing /home/linuxlite/Documentos/airflow/venv/lib/python3.9/site-packages/airflow/example_dags/example_branch_python_dop_operator_3.py took 0.067 seconds
[2023-08-28 23:14:49,461] {processor.py:153} INFO - Started process (PID=60300) to work on /home/linuxlite/Documentos/airflow/venv/lib/python3.9/site-packages/airflow/example_dags/example_branch_python_dop_operator_3.py
[2023-08-28 23:14:49,462] {processor.py:641} INFO - Processing file /home/linuxlite/Documentos/airflow/venv/lib/python3.9/site-packages/airflow/example_dags/example_branch_python_dop_operator_3.py for tasks to queue
[2023-08-28 23:14:49,462] {logging_mixin.py:115} INFO - [2023-08-28 23:14:49,462] {dagbag.py:507} INFO - Filling up the DagBag from /home/linuxlite/Documentos/airflow/venv/lib/python3.9/site-packages/airflow/example_dags/example_branch_python_dop_operator_3.py
[2023-08-28 23:14:49,473] {processor.py:651} INFO - DAG(s) dict_keys(['example_branch_dop_operator_v3']) retrieved from /home/linuxlite/Documentos/airflow/venv/lib/python3.9/site-packages/airflow/example_dags/example_branch_python_dop_operator_3.py
[2023-08-28 23:14:49,491] {logging_mixin.py:115} INFO - [2023-08-28 23:14:49,490] {dag.py:2379} INFO - Sync 1 DAGs
[2023-08-28 23:14:49,519] {logging_mixin.py:115} INFO - [2023-08-28 23:14:49,519] {dag.py:2927} INFO - Setting next_dagrun for example_branch_dop_operator_v3 to 2023-08-29T02:13:00+00:00, run_after=2023-08-29T02:14:00+00:00
[2023-08-28 23:14:49,534] {processor.py:161} INFO - Processing /home/linuxlite/Documentos/airflow/venv/lib/python3.9/site-packages/airflow/example_dags/example_branch_python_dop_operator_3.py took 0.076 seconds
[2023-08-28 23:15:24,242] {processor.py:153} INFO - Started process (PID=60545) to work on /home/linuxlite/Documentos/airflow/venv/lib/python3.9/site-packages/airflow/example_dags/example_branch_python_dop_operator_3.py
[2023-08-28 23:15:24,243] {processor.py:641} INFO - Processing file /home/linuxlite/Documentos/airflow/venv/lib/python3.9/site-packages/airflow/example_dags/example_branch_python_dop_operator_3.py for tasks to queue
[2023-08-28 23:15:24,243] {logging_mixin.py:115} INFO - [2023-08-28 23:15:24,243] {dagbag.py:507} INFO - Filling up the DagBag from /home/linuxlite/Documentos/airflow/venv/lib/python3.9/site-packages/airflow/example_dags/example_branch_python_dop_operator_3.py
[2023-08-28 23:15:24,252] {processor.py:651} INFO - DAG(s) dict_keys(['example_branch_dop_operator_v3']) retrieved from /home/linuxlite/Documentos/airflow/venv/lib/python3.9/site-packages/airflow/example_dags/example_branch_python_dop_operator_3.py
[2023-08-28 23:15:24,271] {logging_mixin.py:115} INFO - [2023-08-28 23:15:24,271] {dag.py:2379} INFO - Sync 1 DAGs
[2023-08-28 23:15:24,289] {logging_mixin.py:115} INFO - [2023-08-28 23:15:24,289] {dag.py:2927} INFO - Setting next_dagrun for example_branch_dop_operator_v3 to 2023-08-29T02:14:00+00:00, run_after=2023-08-29T02:15:00+00:00
[2023-08-28 23:15:24,301] {processor.py:161} INFO - Processing /home/linuxlite/Documentos/airflow/venv/lib/python3.9/site-packages/airflow/example_dags/example_branch_python_dop_operator_3.py took 0.062 seconds
[2023-08-28 23:15:58,114] {processor.py:153} INFO - Started process (PID=60580) to work on /home/linuxlite/Documentos/airflow/venv/lib/python3.9/site-packages/airflow/example_dags/example_branch_python_dop_operator_3.py
[2023-08-28 23:15:58,115] {processor.py:641} INFO - Processing file /home/linuxlite/Documentos/airflow/venv/lib/python3.9/site-packages/airflow/example_dags/example_branch_python_dop_operator_3.py for tasks to queue
[2023-08-28 23:15:58,116] {logging_mixin.py:115} INFO - [2023-08-28 23:15:58,116] {dagbag.py:507} INFO - Filling up the DagBag from /home/linuxlite/Documentos/airflow/venv/lib/python3.9/site-packages/airflow/example_dags/example_branch_python_dop_operator_3.py
[2023-08-28 23:15:58,134] {processor.py:651} INFO - DAG(s) dict_keys(['example_branch_dop_operator_v3']) retrieved from /home/linuxlite/Documentos/airflow/venv/lib/python3.9/site-packages/airflow/example_dags/example_branch_python_dop_operator_3.py
[2023-08-28 23:15:58,160] {logging_mixin.py:115} INFO - [2023-08-28 23:15:58,160] {dag.py:2379} INFO - Sync 1 DAGs
[2023-08-28 23:15:58,185] {logging_mixin.py:115} INFO - [2023-08-28 23:15:58,185] {dag.py:2927} INFO - Setting next_dagrun for example_branch_dop_operator_v3 to 2023-08-29T02:14:00+00:00, run_after=2023-08-29T02:15:00+00:00
[2023-08-28 23:15:58,203] {processor.py:161} INFO - Processing /home/linuxlite/Documentos/airflow/venv/lib/python3.9/site-packages/airflow/example_dags/example_branch_python_dop_operator_3.py took 0.093 seconds
[2023-08-28 23:16:35,587] {processor.py:153} INFO - Started process (PID=60694) to work on /home/linuxlite/Documentos/airflow/venv/lib/python3.9/site-packages/airflow/example_dags/example_branch_python_dop_operator_3.py
[2023-08-28 23:16:35,588] {processor.py:641} INFO - Processing file /home/linuxlite/Documentos/airflow/venv/lib/python3.9/site-packages/airflow/example_dags/example_branch_python_dop_operator_3.py for tasks to queue
[2023-08-28 23:16:35,589] {logging_mixin.py:115} INFO - [2023-08-28 23:16:35,589] {dagbag.py:507} INFO - Filling up the DagBag from /home/linuxlite/Documentos/airflow/venv/lib/python3.9/site-packages/airflow/example_dags/example_branch_python_dop_operator_3.py
[2023-08-28 23:16:35,600] {processor.py:651} INFO - DAG(s) dict_keys(['example_branch_dop_operator_v3']) retrieved from /home/linuxlite/Documentos/airflow/venv/lib/python3.9/site-packages/airflow/example_dags/example_branch_python_dop_operator_3.py
[2023-08-28 23:16:35,621] {logging_mixin.py:115} INFO - [2023-08-28 23:16:35,620] {dag.py:2379} INFO - Sync 1 DAGs
[2023-08-28 23:16:35,641] {logging_mixin.py:115} INFO - [2023-08-28 23:16:35,641] {dag.py:2927} INFO - Setting next_dagrun for example_branch_dop_operator_v3 to 2023-08-29T02:15:00+00:00, run_after=2023-08-29T02:16:00+00:00
[2023-08-28 23:16:35,653] {processor.py:161} INFO - Processing /home/linuxlite/Documentos/airflow/venv/lib/python3.9/site-packages/airflow/example_dags/example_branch_python_dop_operator_3.py took 0.072 seconds
[2023-08-28 23:17:08,191] {processor.py:153} INFO - Started process (PID=60832) to work on /home/linuxlite/Documentos/airflow/venv/lib/python3.9/site-packages/airflow/example_dags/example_branch_python_dop_operator_3.py
[2023-08-28 23:17:08,192] {processor.py:641} INFO - Processing file /home/linuxlite/Documentos/airflow/venv/lib/python3.9/site-packages/airflow/example_dags/example_branch_python_dop_operator_3.py for tasks to queue
[2023-08-28 23:17:08,193] {logging_mixin.py:115} INFO - [2023-08-28 23:17:08,193] {dagbag.py:507} INFO - Filling up the DagBag from /home/linuxlite/Documentos/airflow/venv/lib/python3.9/site-packages/airflow/example_dags/example_branch_python_dop_operator_3.py
[2023-08-28 23:17:08,205] {processor.py:651} INFO - DAG(s) dict_keys(['example_branch_dop_operator_v3']) retrieved from /home/linuxlite/Documentos/airflow/venv/lib/python3.9/site-packages/airflow/example_dags/example_branch_python_dop_operator_3.py
[2023-08-28 23:17:08,223] {logging_mixin.py:115} INFO - [2023-08-28 23:17:08,223] {dag.py:2379} INFO - Sync 1 DAGs
[2023-08-28 23:17:08,242] {logging_mixin.py:115} INFO - [2023-08-28 23:17:08,242] {dag.py:2927} INFO - Setting next_dagrun for example_branch_dop_operator_v3 to 2023-08-29T02:16:00+00:00, run_after=2023-08-29T02:17:00+00:00
[2023-08-28 23:17:08,254] {processor.py:161} INFO - Processing /home/linuxlite/Documentos/airflow/venv/lib/python3.9/site-packages/airflow/example_dags/example_branch_python_dop_operator_3.py took 0.069 seconds
[2023-08-28 23:17:46,299] {processor.py:153} INFO - Started process (PID=60949) to work on /home/linuxlite/Documentos/airflow/venv/lib/python3.9/site-packages/airflow/example_dags/example_branch_python_dop_operator_3.py
[2023-08-28 23:17:46,299] {processor.py:641} INFO - Processing file /home/linuxlite/Documentos/airflow/venv/lib/python3.9/site-packages/airflow/example_dags/example_branch_python_dop_operator_3.py for tasks to queue
[2023-08-28 23:17:46,300] {logging_mixin.py:115} INFO - [2023-08-28 23:17:46,300] {dagbag.py:507} INFO - Filling up the DagBag from /home/linuxlite/Documentos/airflow/venv/lib/python3.9/site-packages/airflow/example_dags/example_branch_python_dop_operator_3.py
[2023-08-28 23:17:46,309] {processor.py:651} INFO - DAG(s) dict_keys(['example_branch_dop_operator_v3']) retrieved from /home/linuxlite/Documentos/airflow/venv/lib/python3.9/site-packages/airflow/example_dags/example_branch_python_dop_operator_3.py
[2023-08-28 23:17:46,326] {logging_mixin.py:115} INFO - [2023-08-28 23:17:46,326] {dag.py:2379} INFO - Sync 1 DAGs
[2023-08-28 23:17:46,346] {logging_mixin.py:115} INFO - [2023-08-28 23:17:46,346] {dag.py:2927} INFO - Setting next_dagrun for example_branch_dop_operator_v3 to 2023-08-29T02:16:00+00:00, run_after=2023-08-29T02:17:00+00:00
[2023-08-28 23:17:46,357] {processor.py:161} INFO - Processing /home/linuxlite/Documentos/airflow/venv/lib/python3.9/site-packages/airflow/example_dags/example_branch_python_dop_operator_3.py took 0.062 seconds
[2023-08-28 23:18:24,207] {processor.py:153} INFO - Started process (PID=61450) to work on /home/linuxlite/Documentos/airflow/venv/lib/python3.9/site-packages/airflow/example_dags/example_branch_python_dop_operator_3.py
[2023-08-28 23:18:24,208] {processor.py:641} INFO - Processing file /home/linuxlite/Documentos/airflow/venv/lib/python3.9/site-packages/airflow/example_dags/example_branch_python_dop_operator_3.py for tasks to queue
[2023-08-28 23:18:24,208] {logging_mixin.py:115} INFO - [2023-08-28 23:18:24,208] {dagbag.py:507} INFO - Filling up the DagBag from /home/linuxlite/Documentos/airflow/venv/lib/python3.9/site-packages/airflow/example_dags/example_branch_python_dop_operator_3.py
[2023-08-28 23:18:24,217] {processor.py:651} INFO - DAG(s) dict_keys(['example_branch_dop_operator_v3']) retrieved from /home/linuxlite/Documentos/airflow/venv/lib/python3.9/site-packages/airflow/example_dags/example_branch_python_dop_operator_3.py
[2023-08-28 23:18:24,235] {logging_mixin.py:115} INFO - [2023-08-28 23:18:24,235] {dag.py:2379} INFO - Sync 1 DAGs
[2023-08-28 23:18:24,254] {logging_mixin.py:115} INFO - [2023-08-28 23:18:24,254] {dag.py:2927} INFO - Setting next_dagrun for example_branch_dop_operator_v3 to 2023-08-29T02:17:00+00:00, run_after=2023-08-29T02:18:00+00:00
[2023-08-28 23:18:24,268] {processor.py:161} INFO - Processing /home/linuxlite/Documentos/airflow/venv/lib/python3.9/site-packages/airflow/example_dags/example_branch_python_dop_operator_3.py took 0.064 seconds
[2023-08-28 23:19:00,949] {processor.py:153} INFO - Started process (PID=61549) to work on /home/linuxlite/Documentos/airflow/venv/lib/python3.9/site-packages/airflow/example_dags/example_branch_python_dop_operator_3.py
[2023-08-28 23:19:00,949] {processor.py:641} INFO - Processing file /home/linuxlite/Documentos/airflow/venv/lib/python3.9/site-packages/airflow/example_dags/example_branch_python_dop_operator_3.py for tasks to queue
[2023-08-28 23:19:00,950] {logging_mixin.py:115} INFO - [2023-08-28 23:19:00,950] {dagbag.py:507} INFO - Filling up the DagBag from /home/linuxlite/Documentos/airflow/venv/lib/python3.9/site-packages/airflow/example_dags/example_branch_python_dop_operator_3.py
[2023-08-28 23:19:00,959] {processor.py:651} INFO - DAG(s) dict_keys(['example_branch_dop_operator_v3']) retrieved from /home/linuxlite/Documentos/airflow/venv/lib/python3.9/site-packages/airflow/example_dags/example_branch_python_dop_operator_3.py
[2023-08-28 23:19:00,977] {logging_mixin.py:115} INFO - [2023-08-28 23:19:00,977] {dag.py:2379} INFO - Sync 1 DAGs
[2023-08-28 23:19:00,995] {logging_mixin.py:115} INFO - [2023-08-28 23:19:00,995] {dag.py:2927} INFO - Setting next_dagrun for example_branch_dop_operator_v3 to 2023-08-29T02:18:00+00:00, run_after=2023-08-29T02:19:00+00:00
[2023-08-28 23:19:01,006] {processor.py:161} INFO - Processing /home/linuxlite/Documentos/airflow/venv/lib/python3.9/site-packages/airflow/example_dags/example_branch_python_dop_operator_3.py took 0.061 seconds
[2023-08-28 23:19:36,306] {processor.py:153} INFO - Started process (PID=61606) to work on /home/linuxlite/Documentos/airflow/venv/lib/python3.9/site-packages/airflow/example_dags/example_branch_python_dop_operator_3.py
[2023-08-28 23:19:36,307] {processor.py:641} INFO - Processing file /home/linuxlite/Documentos/airflow/venv/lib/python3.9/site-packages/airflow/example_dags/example_branch_python_dop_operator_3.py for tasks to queue
[2023-08-28 23:19:36,307] {logging_mixin.py:115} INFO - [2023-08-28 23:19:36,307] {dagbag.py:507} INFO - Filling up the DagBag from /home/linuxlite/Documentos/airflow/venv/lib/python3.9/site-packages/airflow/example_dags/example_branch_python_dop_operator_3.py
[2023-08-28 23:19:36,320] {processor.py:651} INFO - DAG(s) dict_keys(['example_branch_dop_operator_v3']) retrieved from /home/linuxlite/Documentos/airflow/venv/lib/python3.9/site-packages/airflow/example_dags/example_branch_python_dop_operator_3.py
[2023-08-28 23:19:36,339] {logging_mixin.py:115} INFO - [2023-08-28 23:19:36,339] {dag.py:2379} INFO - Sync 1 DAGs
[2023-08-28 23:19:36,357] {logging_mixin.py:115} INFO - [2023-08-28 23:19:36,357] {dag.py:2927} INFO - Setting next_dagrun for example_branch_dop_operator_v3 to 2023-08-29T02:18:00+00:00, run_after=2023-08-29T02:19:00+00:00
[2023-08-28 23:19:36,367] {processor.py:161} INFO - Processing /home/linuxlite/Documentos/airflow/venv/lib/python3.9/site-packages/airflow/example_dags/example_branch_python_dop_operator_3.py took 0.066 seconds
[2023-08-28 23:20:11,086] {processor.py:153} INFO - Started process (PID=61718) to work on /home/linuxlite/Documentos/airflow/venv/lib/python3.9/site-packages/airflow/example_dags/example_branch_python_dop_operator_3.py
[2023-08-28 23:20:11,087] {processor.py:641} INFO - Processing file /home/linuxlite/Documentos/airflow/venv/lib/python3.9/site-packages/airflow/example_dags/example_branch_python_dop_operator_3.py for tasks to queue
[2023-08-28 23:20:11,087] {logging_mixin.py:115} INFO - [2023-08-28 23:20:11,087] {dagbag.py:507} INFO - Filling up the DagBag from /home/linuxlite/Documentos/airflow/venv/lib/python3.9/site-packages/airflow/example_dags/example_branch_python_dop_operator_3.py
[2023-08-28 23:20:11,098] {processor.py:651} INFO - DAG(s) dict_keys(['example_branch_dop_operator_v3']) retrieved from /home/linuxlite/Documentos/airflow/venv/lib/python3.9/site-packages/airflow/example_dags/example_branch_python_dop_operator_3.py
[2023-08-28 23:20:11,115] {logging_mixin.py:115} INFO - [2023-08-28 23:20:11,115] {dag.py:2379} INFO - Sync 1 DAGs
[2023-08-28 23:20:11,134] {logging_mixin.py:115} INFO - [2023-08-28 23:20:11,134] {dag.py:2927} INFO - Setting next_dagrun for example_branch_dop_operator_v3 to 2023-08-29T02:19:00+00:00, run_after=2023-08-29T02:20:00+00:00
[2023-08-28 23:20:11,148] {processor.py:161} INFO - Processing /home/linuxlite/Documentos/airflow/venv/lib/python3.9/site-packages/airflow/example_dags/example_branch_python_dop_operator_3.py took 0.066 seconds
[2023-08-28 23:20:45,868] {processor.py:153} INFO - Started process (PID=61754) to work on /home/linuxlite/Documentos/airflow/venv/lib/python3.9/site-packages/airflow/example_dags/example_branch_python_dop_operator_3.py
[2023-08-28 23:20:45,869] {processor.py:641} INFO - Processing file /home/linuxlite/Documentos/airflow/venv/lib/python3.9/site-packages/airflow/example_dags/example_branch_python_dop_operator_3.py for tasks to queue
[2023-08-28 23:20:45,870] {logging_mixin.py:115} INFO - [2023-08-28 23:20:45,870] {dagbag.py:507} INFO - Filling up the DagBag from /home/linuxlite/Documentos/airflow/venv/lib/python3.9/site-packages/airflow/example_dags/example_branch_python_dop_operator_3.py
[2023-08-28 23:20:45,880] {processor.py:651} INFO - DAG(s) dict_keys(['example_branch_dop_operator_v3']) retrieved from /home/linuxlite/Documentos/airflow/venv/lib/python3.9/site-packages/airflow/example_dags/example_branch_python_dop_operator_3.py
[2023-08-28 23:20:45,898] {logging_mixin.py:115} INFO - [2023-08-28 23:20:45,898] {dag.py:2379} INFO - Sync 1 DAGs
[2023-08-28 23:20:45,917] {logging_mixin.py:115} INFO - [2023-08-28 23:20:45,917] {dag.py:2927} INFO - Setting next_dagrun for example_branch_dop_operator_v3 to 2023-08-29T02:19:00+00:00, run_after=2023-08-29T02:20:00+00:00
[2023-08-28 23:20:45,930] {processor.py:161} INFO - Processing /home/linuxlite/Documentos/airflow/venv/lib/python3.9/site-packages/airflow/example_dags/example_branch_python_dop_operator_3.py took 0.065 seconds
[2023-08-28 23:21:24,361] {processor.py:153} INFO - Started process (PID=61800) to work on /home/linuxlite/Documentos/airflow/venv/lib/python3.9/site-packages/airflow/example_dags/example_branch_python_dop_operator_3.py
[2023-08-28 23:21:24,362] {processor.py:641} INFO - Processing file /home/linuxlite/Documentos/airflow/venv/lib/python3.9/site-packages/airflow/example_dags/example_branch_python_dop_operator_3.py for tasks to queue
[2023-08-28 23:21:24,362] {logging_mixin.py:115} INFO - [2023-08-28 23:21:24,362] {dagbag.py:507} INFO - Filling up the DagBag from /home/linuxlite/Documentos/airflow/venv/lib/python3.9/site-packages/airflow/example_dags/example_branch_python_dop_operator_3.py
[2023-08-28 23:21:24,372] {processor.py:651} INFO - DAG(s) dict_keys(['example_branch_dop_operator_v3']) retrieved from /home/linuxlite/Documentos/airflow/venv/lib/python3.9/site-packages/airflow/example_dags/example_branch_python_dop_operator_3.py
[2023-08-28 23:21:24,390] {logging_mixin.py:115} INFO - [2023-08-28 23:21:24,390] {dag.py:2379} INFO - Sync 1 DAGs
[2023-08-28 23:21:24,408] {logging_mixin.py:115} INFO - [2023-08-28 23:21:24,408] {dag.py:2927} INFO - Setting next_dagrun for example_branch_dop_operator_v3 to 2023-08-29T02:20:00+00:00, run_after=2023-08-29T02:21:00+00:00
[2023-08-28 23:21:24,420] {processor.py:161} INFO - Processing /home/linuxlite/Documentos/airflow/venv/lib/python3.9/site-packages/airflow/example_dags/example_branch_python_dop_operator_3.py took 0.063 seconds
[2023-08-28 23:21:59,358] {processor.py:153} INFO - Started process (PID=61860) to work on /home/linuxlite/Documentos/airflow/venv/lib/python3.9/site-packages/airflow/example_dags/example_branch_python_dop_operator_3.py
[2023-08-28 23:21:59,359] {processor.py:641} INFO - Processing file /home/linuxlite/Documentos/airflow/venv/lib/python3.9/site-packages/airflow/example_dags/example_branch_python_dop_operator_3.py for tasks to queue
[2023-08-28 23:21:59,359] {logging_mixin.py:115} INFO - [2023-08-28 23:21:59,359] {dagbag.py:507} INFO - Filling up the DagBag from /home/linuxlite/Documentos/airflow/venv/lib/python3.9/site-packages/airflow/example_dags/example_branch_python_dop_operator_3.py
[2023-08-28 23:21:59,369] {processor.py:651} INFO - DAG(s) dict_keys(['example_branch_dop_operator_v3']) retrieved from /home/linuxlite/Documentos/airflow/venv/lib/python3.9/site-packages/airflow/example_dags/example_branch_python_dop_operator_3.py
[2023-08-28 23:21:59,387] {logging_mixin.py:115} INFO - [2023-08-28 23:21:59,387] {dag.py:2379} INFO - Sync 1 DAGs
[2023-08-28 23:21:59,405] {logging_mixin.py:115} INFO - [2023-08-28 23:21:59,405] {dag.py:2927} INFO - Setting next_dagrun for example_branch_dop_operator_v3 to 2023-08-29T02:20:00+00:00, run_after=2023-08-29T02:21:00+00:00
[2023-08-28 23:21:59,417] {processor.py:161} INFO - Processing /home/linuxlite/Documentos/airflow/venv/lib/python3.9/site-packages/airflow/example_dags/example_branch_python_dop_operator_3.py took 0.063 seconds
[2023-08-28 23:22:34,481] {processor.py:153} INFO - Started process (PID=61900) to work on /home/linuxlite/Documentos/airflow/venv/lib/python3.9/site-packages/airflow/example_dags/example_branch_python_dop_operator_3.py
[2023-08-28 23:22:34,482] {processor.py:641} INFO - Processing file /home/linuxlite/Documentos/airflow/venv/lib/python3.9/site-packages/airflow/example_dags/example_branch_python_dop_operator_3.py for tasks to queue
[2023-08-28 23:22:34,483] {logging_mixin.py:115} INFO - [2023-08-28 23:22:34,483] {dagbag.py:507} INFO - Filling up the DagBag from /home/linuxlite/Documentos/airflow/venv/lib/python3.9/site-packages/airflow/example_dags/example_branch_python_dop_operator_3.py
[2023-08-28 23:22:34,495] {processor.py:651} INFO - DAG(s) dict_keys(['example_branch_dop_operator_v3']) retrieved from /home/linuxlite/Documentos/airflow/venv/lib/python3.9/site-packages/airflow/example_dags/example_branch_python_dop_operator_3.py
[2023-08-28 23:22:34,513] {logging_mixin.py:115} INFO - [2023-08-28 23:22:34,513] {dag.py:2379} INFO - Sync 1 DAGs
[2023-08-28 23:22:34,534] {logging_mixin.py:115} INFO - [2023-08-28 23:22:34,534] {dag.py:2927} INFO - Setting next_dagrun for example_branch_dop_operator_v3 to 2023-08-29T02:21:00+00:00, run_after=2023-08-29T02:22:00+00:00
[2023-08-28 23:22:34,547] {processor.py:161} INFO - Processing /home/linuxlite/Documentos/airflow/venv/lib/python3.9/site-packages/airflow/example_dags/example_branch_python_dop_operator_3.py took 0.070 seconds
[2023-08-28 23:23:14,503] {processor.py:153} INFO - Started process (PID=61948) to work on /home/linuxlite/Documentos/airflow/venv/lib/python3.9/site-packages/airflow/example_dags/example_branch_python_dop_operator_3.py
[2023-08-28 23:23:14,504] {processor.py:641} INFO - Processing file /home/linuxlite/Documentos/airflow/venv/lib/python3.9/site-packages/airflow/example_dags/example_branch_python_dop_operator_3.py for tasks to queue
[2023-08-28 23:23:14,504] {logging_mixin.py:115} INFO - [2023-08-28 23:23:14,504] {dagbag.py:507} INFO - Filling up the DagBag from /home/linuxlite/Documentos/airflow/venv/lib/python3.9/site-packages/airflow/example_dags/example_branch_python_dop_operator_3.py
[2023-08-28 23:23:14,516] {processor.py:651} INFO - DAG(s) dict_keys(['example_branch_dop_operator_v3']) retrieved from /home/linuxlite/Documentos/airflow/venv/lib/python3.9/site-packages/airflow/example_dags/example_branch_python_dop_operator_3.py
[2023-08-28 23:23:14,535] {logging_mixin.py:115} INFO - [2023-08-28 23:23:14,535] {dag.py:2379} INFO - Sync 1 DAGs
[2023-08-28 23:23:14,556] {logging_mixin.py:115} INFO - [2023-08-28 23:23:14,556] {dag.py:2927} INFO - Setting next_dagrun for example_branch_dop_operator_v3 to 2023-08-29T02:22:00+00:00, run_after=2023-08-29T02:23:00+00:00
[2023-08-28 23:23:14,569] {processor.py:161} INFO - Processing /home/linuxlite/Documentos/airflow/venv/lib/python3.9/site-packages/airflow/example_dags/example_branch_python_dop_operator_3.py took 0.069 seconds
[2023-08-28 23:23:49,863] {processor.py:153} INFO - Started process (PID=61983) to work on /home/linuxlite/Documentos/airflow/venv/lib/python3.9/site-packages/airflow/example_dags/example_branch_python_dop_operator_3.py
[2023-08-28 23:23:49,864] {processor.py:641} INFO - Processing file /home/linuxlite/Documentos/airflow/venv/lib/python3.9/site-packages/airflow/example_dags/example_branch_python_dop_operator_3.py for tasks to queue
[2023-08-28 23:23:49,865] {logging_mixin.py:115} INFO - [2023-08-28 23:23:49,865] {dagbag.py:507} INFO - Filling up the DagBag from /home/linuxlite/Documentos/airflow/venv/lib/python3.9/site-packages/airflow/example_dags/example_branch_python_dop_operator_3.py
[2023-08-28 23:23:49,875] {processor.py:651} INFO - DAG(s) dict_keys(['example_branch_dop_operator_v3']) retrieved from /home/linuxlite/Documentos/airflow/venv/lib/python3.9/site-packages/airflow/example_dags/example_branch_python_dop_operator_3.py
[2023-08-28 23:23:49,894] {logging_mixin.py:115} INFO - [2023-08-28 23:23:49,894] {dag.py:2379} INFO - Sync 1 DAGs
[2023-08-28 23:23:49,912] {logging_mixin.py:115} INFO - [2023-08-28 23:23:49,911] {dag.py:2927} INFO - Setting next_dagrun for example_branch_dop_operator_v3 to 2023-08-29T02:22:00+00:00, run_after=2023-08-29T02:23:00+00:00
[2023-08-28 23:23:49,922] {processor.py:161} INFO - Processing /home/linuxlite/Documentos/airflow/venv/lib/python3.9/site-packages/airflow/example_dags/example_branch_python_dop_operator_3.py took 0.062 seconds
[2023-08-28 23:24:24,509] {processor.py:153} INFO - Started process (PID=62030) to work on /home/linuxlite/Documentos/airflow/venv/lib/python3.9/site-packages/airflow/example_dags/example_branch_python_dop_operator_3.py
[2023-08-28 23:24:24,510] {processor.py:641} INFO - Processing file /home/linuxlite/Documentos/airflow/venv/lib/python3.9/site-packages/airflow/example_dags/example_branch_python_dop_operator_3.py for tasks to queue
[2023-08-28 23:24:24,510] {logging_mixin.py:115} INFO - [2023-08-28 23:24:24,510] {dagbag.py:507} INFO - Filling up the DagBag from /home/linuxlite/Documentos/airflow/venv/lib/python3.9/site-packages/airflow/example_dags/example_branch_python_dop_operator_3.py
[2023-08-28 23:24:24,520] {processor.py:651} INFO - DAG(s) dict_keys(['example_branch_dop_operator_v3']) retrieved from /home/linuxlite/Documentos/airflow/venv/lib/python3.9/site-packages/airflow/example_dags/example_branch_python_dop_operator_3.py
[2023-08-28 23:24:24,539] {logging_mixin.py:115} INFO - [2023-08-28 23:24:24,539] {dag.py:2379} INFO - Sync 1 DAGs
[2023-08-28 23:24:24,564] {logging_mixin.py:115} INFO - [2023-08-28 23:24:24,563] {dag.py:2927} INFO - Setting next_dagrun for example_branch_dop_operator_v3 to 2023-08-29T02:23:00+00:00, run_after=2023-08-29T02:24:00+00:00
[2023-08-28 23:24:24,574] {processor.py:161} INFO - Processing /home/linuxlite/Documentos/airflow/venv/lib/python3.9/site-packages/airflow/example_dags/example_branch_python_dop_operator_3.py took 0.069 seconds
[2023-08-28 23:24:59,440] {processor.py:153} INFO - Started process (PID=62084) to work on /home/linuxlite/Documentos/airflow/venv/lib/python3.9/site-packages/airflow/example_dags/example_branch_python_dop_operator_3.py
[2023-08-28 23:24:59,441] {processor.py:641} INFO - Processing file /home/linuxlite/Documentos/airflow/venv/lib/python3.9/site-packages/airflow/example_dags/example_branch_python_dop_operator_3.py for tasks to queue
[2023-08-28 23:24:59,442] {logging_mixin.py:115} INFO - [2023-08-28 23:24:59,442] {dagbag.py:507} INFO - Filling up the DagBag from /home/linuxlite/Documentos/airflow/venv/lib/python3.9/site-packages/airflow/example_dags/example_branch_python_dop_operator_3.py
[2023-08-28 23:24:59,452] {processor.py:651} INFO - DAG(s) dict_keys(['example_branch_dop_operator_v3']) retrieved from /home/linuxlite/Documentos/airflow/venv/lib/python3.9/site-packages/airflow/example_dags/example_branch_python_dop_operator_3.py
[2023-08-28 23:24:59,471] {logging_mixin.py:115} INFO - [2023-08-28 23:24:59,471] {dag.py:2379} INFO - Sync 1 DAGs
[2023-08-28 23:24:59,490] {logging_mixin.py:115} INFO - [2023-08-28 23:24:59,490] {dag.py:2927} INFO - Setting next_dagrun for example_branch_dop_operator_v3 to 2023-08-29T02:23:00+00:00, run_after=2023-08-29T02:24:00+00:00
[2023-08-28 23:24:59,501] {processor.py:161} INFO - Processing /home/linuxlite/Documentos/airflow/venv/lib/python3.9/site-packages/airflow/example_dags/example_branch_python_dop_operator_3.py took 0.065 seconds
[2023-08-28 23:25:34,778] {processor.py:153} INFO - Started process (PID=62173) to work on /home/linuxlite/Documentos/airflow/venv/lib/python3.9/site-packages/airflow/example_dags/example_branch_python_dop_operator_3.py
[2023-08-28 23:25:34,779] {processor.py:641} INFO - Processing file /home/linuxlite/Documentos/airflow/venv/lib/python3.9/site-packages/airflow/example_dags/example_branch_python_dop_operator_3.py for tasks to queue
[2023-08-28 23:25:34,780] {logging_mixin.py:115} INFO - [2023-08-28 23:25:34,780] {dagbag.py:507} INFO - Filling up the DagBag from /home/linuxlite/Documentos/airflow/venv/lib/python3.9/site-packages/airflow/example_dags/example_branch_python_dop_operator_3.py
[2023-08-28 23:25:34,791] {processor.py:651} INFO - DAG(s) dict_keys(['example_branch_dop_operator_v3']) retrieved from /home/linuxlite/Documentos/airflow/venv/lib/python3.9/site-packages/airflow/example_dags/example_branch_python_dop_operator_3.py
[2023-08-28 23:25:34,809] {logging_mixin.py:115} INFO - [2023-08-28 23:25:34,809] {dag.py:2379} INFO - Sync 1 DAGs
[2023-08-28 23:25:34,827] {logging_mixin.py:115} INFO - [2023-08-28 23:25:34,827] {dag.py:2927} INFO - Setting next_dagrun for example_branch_dop_operator_v3 to 2023-08-29T02:24:00+00:00, run_after=2023-08-29T02:25:00+00:00
[2023-08-28 23:25:34,839] {processor.py:161} INFO - Processing /home/linuxlite/Documentos/airflow/venv/lib/python3.9/site-packages/airflow/example_dags/example_branch_python_dop_operator_3.py took 0.066 seconds
[2023-08-28 23:26:13,042] {processor.py:153} INFO - Started process (PID=62218) to work on /home/linuxlite/Documentos/airflow/venv/lib/python3.9/site-packages/airflow/example_dags/example_branch_python_dop_operator_3.py
[2023-08-28 23:26:13,043] {processor.py:641} INFO - Processing file /home/linuxlite/Documentos/airflow/venv/lib/python3.9/site-packages/airflow/example_dags/example_branch_python_dop_operator_3.py for tasks to queue
[2023-08-28 23:26:13,043] {logging_mixin.py:115} INFO - [2023-08-28 23:26:13,043] {dagbag.py:507} INFO - Filling up the DagBag from /home/linuxlite/Documentos/airflow/venv/lib/python3.9/site-packages/airflow/example_dags/example_branch_python_dop_operator_3.py
[2023-08-28 23:26:13,056] {processor.py:651} INFO - DAG(s) dict_keys(['example_branch_dop_operator_v3']) retrieved from /home/linuxlite/Documentos/airflow/venv/lib/python3.9/site-packages/airflow/example_dags/example_branch_python_dop_operator_3.py
[2023-08-28 23:26:13,077] {logging_mixin.py:115} INFO - [2023-08-28 23:26:13,077] {dag.py:2379} INFO - Sync 1 DAGs
[2023-08-28 23:26:13,097] {logging_mixin.py:115} INFO - [2023-08-28 23:26:13,097] {dag.py:2927} INFO - Setting next_dagrun for example_branch_dop_operator_v3 to 2023-08-29T02:25:00+00:00, run_after=2023-08-29T02:26:00+00:00
[2023-08-28 23:26:13,109] {processor.py:161} INFO - Processing /home/linuxlite/Documentos/airflow/venv/lib/python3.9/site-packages/airflow/example_dags/example_branch_python_dop_operator_3.py took 0.072 seconds
[2023-08-28 23:26:48,138] {processor.py:153} INFO - Started process (PID=62262) to work on /home/linuxlite/Documentos/airflow/venv/lib/python3.9/site-packages/airflow/example_dags/example_branch_python_dop_operator_3.py
[2023-08-28 23:26:48,139] {processor.py:641} INFO - Processing file /home/linuxlite/Documentos/airflow/venv/lib/python3.9/site-packages/airflow/example_dags/example_branch_python_dop_operator_3.py for tasks to queue
[2023-08-28 23:26:48,139] {logging_mixin.py:115} INFO - [2023-08-28 23:26:48,139] {dagbag.py:507} INFO - Filling up the DagBag from /home/linuxlite/Documentos/airflow/venv/lib/python3.9/site-packages/airflow/example_dags/example_branch_python_dop_operator_3.py
[2023-08-28 23:26:48,148] {processor.py:651} INFO - DAG(s) dict_keys(['example_branch_dop_operator_v3']) retrieved from /home/linuxlite/Documentos/airflow/venv/lib/python3.9/site-packages/airflow/example_dags/example_branch_python_dop_operator_3.py
[2023-08-28 23:26:48,166] {logging_mixin.py:115} INFO - [2023-08-28 23:26:48,166] {dag.py:2379} INFO - Sync 1 DAGs
[2023-08-28 23:26:48,184] {logging_mixin.py:115} INFO - [2023-08-28 23:26:48,184] {dag.py:2927} INFO - Setting next_dagrun for example_branch_dop_operator_v3 to 2023-08-29T02:25:00+00:00, run_after=2023-08-29T02:26:00+00:00
[2023-08-28 23:26:48,196] {processor.py:161} INFO - Processing /home/linuxlite/Documentos/airflow/venv/lib/python3.9/site-packages/airflow/example_dags/example_branch_python_dop_operator_3.py took 0.061 seconds
[2023-08-28 23:27:24,668] {processor.py:153} INFO - Started process (PID=62321) to work on /home/linuxlite/Documentos/airflow/venv/lib/python3.9/site-packages/airflow/example_dags/example_branch_python_dop_operator_3.py
[2023-08-28 23:27:24,668] {processor.py:641} INFO - Processing file /home/linuxlite/Documentos/airflow/venv/lib/python3.9/site-packages/airflow/example_dags/example_branch_python_dop_operator_3.py for tasks to queue
[2023-08-28 23:27:24,669] {logging_mixin.py:115} INFO - [2023-08-28 23:27:24,669] {dagbag.py:507} INFO - Filling up the DagBag from /home/linuxlite/Documentos/airflow/venv/lib/python3.9/site-packages/airflow/example_dags/example_branch_python_dop_operator_3.py
[2023-08-28 23:27:24,679] {processor.py:651} INFO - DAG(s) dict_keys(['example_branch_dop_operator_v3']) retrieved from /home/linuxlite/Documentos/airflow/venv/lib/python3.9/site-packages/airflow/example_dags/example_branch_python_dop_operator_3.py
[2023-08-28 23:27:24,698] {logging_mixin.py:115} INFO - [2023-08-28 23:27:24,698] {dag.py:2379} INFO - Sync 1 DAGs
[2023-08-28 23:27:24,716] {logging_mixin.py:115} INFO - [2023-08-28 23:27:24,716] {dag.py:2927} INFO - Setting next_dagrun for example_branch_dop_operator_v3 to 2023-08-29T02:26:00+00:00, run_after=2023-08-29T02:27:00+00:00
[2023-08-28 23:27:24,727] {processor.py:161} INFO - Processing /home/linuxlite/Documentos/airflow/venv/lib/python3.9/site-packages/airflow/example_dags/example_branch_python_dop_operator_3.py took 0.063 seconds
