[2023-08-28 23:11:06,490] {processor.py:153} INFO - Started process (PID=59986) to work on /home/linuxlite/Documentos/airflow/venv/lib/python3.9/site-packages/airflow/example_dags/example_branch_day_of_week_operator.py
[2023-08-28 23:11:06,491] {processor.py:641} INFO - Processing file /home/linuxlite/Documentos/airflow/venv/lib/python3.9/site-packages/airflow/example_dags/example_branch_day_of_week_operator.py for tasks to queue
[2023-08-28 23:11:06,491] {logging_mixin.py:115} INFO - [2023-08-28 23:11:06,491] {dagbag.py:507} INFO - Filling up the DagBag from /home/linuxlite/Documentos/airflow/venv/lib/python3.9/site-packages/airflow/example_dags/example_branch_day_of_week_operator.py
[2023-08-28 23:11:06,500] {processor.py:651} INFO - DAG(s) dict_keys(['example_weekday_branch_operator']) retrieved from /home/linuxlite/Documentos/airflow/venv/lib/python3.9/site-packages/airflow/example_dags/example_branch_day_of_week_operator.py
[2023-08-28 23:11:06,516] {logging_mixin.py:115} INFO - [2023-08-28 23:11:06,516] {dag.py:2379} INFO - Sync 1 DAGs
[2023-08-28 23:11:06,536] {logging_mixin.py:115} INFO - [2023-08-28 23:11:06,536] {dag.py:2927} INFO - Setting next_dagrun for example_weekday_branch_operator to 2023-08-28T00:00:00+00:00, run_after=2023-08-29T00:00:00+00:00
[2023-08-28 23:11:06,549] {processor.py:161} INFO - Processing /home/linuxlite/Documentos/airflow/venv/lib/python3.9/site-packages/airflow/example_dags/example_branch_day_of_week_operator.py took 0.061 seconds
[2023-08-28 23:11:42,551] {processor.py:153} INFO - Started process (PID=60074) to work on /home/linuxlite/Documentos/airflow/venv/lib/python3.9/site-packages/airflow/example_dags/example_branch_day_of_week_operator.py
[2023-08-28 23:11:42,552] {processor.py:641} INFO - Processing file /home/linuxlite/Documentos/airflow/venv/lib/python3.9/site-packages/airflow/example_dags/example_branch_day_of_week_operator.py for tasks to queue
[2023-08-28 23:11:42,553] {logging_mixin.py:115} INFO - [2023-08-28 23:11:42,553] {dagbag.py:507} INFO - Filling up the DagBag from /home/linuxlite/Documentos/airflow/venv/lib/python3.9/site-packages/airflow/example_dags/example_branch_day_of_week_operator.py
[2023-08-28 23:11:42,561] {processor.py:651} INFO - DAG(s) dict_keys(['example_weekday_branch_operator']) retrieved from /home/linuxlite/Documentos/airflow/venv/lib/python3.9/site-packages/airflow/example_dags/example_branch_day_of_week_operator.py
[2023-08-28 23:11:42,581] {logging_mixin.py:115} INFO - [2023-08-28 23:11:42,581] {dag.py:2379} INFO - Sync 1 DAGs
[2023-08-28 23:11:42,605] {logging_mixin.py:115} INFO - [2023-08-28 23:11:42,605] {dag.py:2927} INFO - Setting next_dagrun for example_weekday_branch_operator to 2023-08-28T00:00:00+00:00, run_after=2023-08-29T00:00:00+00:00
[2023-08-28 23:11:42,622] {processor.py:161} INFO - Processing /home/linuxlite/Documentos/airflow/venv/lib/python3.9/site-packages/airflow/example_dags/example_branch_day_of_week_operator.py took 0.075 seconds
[2023-08-28 23:12:18,293] {processor.py:153} INFO - Started process (PID=60111) to work on /home/linuxlite/Documentos/airflow/venv/lib/python3.9/site-packages/airflow/example_dags/example_branch_day_of_week_operator.py
[2023-08-28 23:12:18,294] {processor.py:641} INFO - Processing file /home/linuxlite/Documentos/airflow/venv/lib/python3.9/site-packages/airflow/example_dags/example_branch_day_of_week_operator.py for tasks to queue
[2023-08-28 23:12:18,294] {logging_mixin.py:115} INFO - [2023-08-28 23:12:18,294] {dagbag.py:507} INFO - Filling up the DagBag from /home/linuxlite/Documentos/airflow/venv/lib/python3.9/site-packages/airflow/example_dags/example_branch_day_of_week_operator.py
[2023-08-28 23:12:18,303] {processor.py:651} INFO - DAG(s) dict_keys(['example_weekday_branch_operator']) retrieved from /home/linuxlite/Documentos/airflow/venv/lib/python3.9/site-packages/airflow/example_dags/example_branch_day_of_week_operator.py
[2023-08-28 23:12:18,329] {logging_mixin.py:115} INFO - [2023-08-28 23:12:18,329] {dag.py:2379} INFO - Sync 1 DAGs
[2023-08-28 23:12:18,354] {logging_mixin.py:115} INFO - [2023-08-28 23:12:18,353] {dag.py:2927} INFO - Setting next_dagrun for example_weekday_branch_operator to 2023-08-28T00:00:00+00:00, run_after=2023-08-29T00:00:00+00:00
[2023-08-28 23:12:18,365] {processor.py:161} INFO - Processing /home/linuxlite/Documentos/airflow/venv/lib/python3.9/site-packages/airflow/example_dags/example_branch_day_of_week_operator.py took 0.076 seconds
[2023-08-28 23:12:52,700] {processor.py:153} INFO - Started process (PID=60156) to work on /home/linuxlite/Documentos/airflow/venv/lib/python3.9/site-packages/airflow/example_dags/example_branch_day_of_week_operator.py
[2023-08-28 23:12:52,700] {processor.py:641} INFO - Processing file /home/linuxlite/Documentos/airflow/venv/lib/python3.9/site-packages/airflow/example_dags/example_branch_day_of_week_operator.py for tasks to queue
[2023-08-28 23:12:52,701] {logging_mixin.py:115} INFO - [2023-08-28 23:12:52,701] {dagbag.py:507} INFO - Filling up the DagBag from /home/linuxlite/Documentos/airflow/venv/lib/python3.9/site-packages/airflow/example_dags/example_branch_day_of_week_operator.py
[2023-08-28 23:12:52,709] {processor.py:651} INFO - DAG(s) dict_keys(['example_weekday_branch_operator']) retrieved from /home/linuxlite/Documentos/airflow/venv/lib/python3.9/site-packages/airflow/example_dags/example_branch_day_of_week_operator.py
[2023-08-28 23:12:52,724] {logging_mixin.py:115} INFO - [2023-08-28 23:12:52,724] {dag.py:2379} INFO - Sync 1 DAGs
[2023-08-28 23:12:52,741] {logging_mixin.py:115} INFO - [2023-08-28 23:12:52,741] {dag.py:2927} INFO - Setting next_dagrun for example_weekday_branch_operator to 2023-08-28T00:00:00+00:00, run_after=2023-08-29T00:00:00+00:00
[2023-08-28 23:12:52,752] {processor.py:161} INFO - Processing /home/linuxlite/Documentos/airflow/venv/lib/python3.9/site-packages/airflow/example_dags/example_branch_day_of_week_operator.py took 0.056 seconds
[2023-08-28 23:13:28,419] {processor.py:153} INFO - Started process (PID=60192) to work on /home/linuxlite/Documentos/airflow/venv/lib/python3.9/site-packages/airflow/example_dags/example_branch_day_of_week_operator.py
[2023-08-28 23:13:28,420] {processor.py:641} INFO - Processing file /home/linuxlite/Documentos/airflow/venv/lib/python3.9/site-packages/airflow/example_dags/example_branch_day_of_week_operator.py for tasks to queue
[2023-08-28 23:13:28,420] {logging_mixin.py:115} INFO - [2023-08-28 23:13:28,420] {dagbag.py:507} INFO - Filling up the DagBag from /home/linuxlite/Documentos/airflow/venv/lib/python3.9/site-packages/airflow/example_dags/example_branch_day_of_week_operator.py
[2023-08-28 23:13:28,429] {processor.py:651} INFO - DAG(s) dict_keys(['example_weekday_branch_operator']) retrieved from /home/linuxlite/Documentos/airflow/venv/lib/python3.9/site-packages/airflow/example_dags/example_branch_day_of_week_operator.py
[2023-08-28 23:13:28,450] {logging_mixin.py:115} INFO - [2023-08-28 23:13:28,450] {dag.py:2379} INFO - Sync 1 DAGs
[2023-08-28 23:13:28,470] {logging_mixin.py:115} INFO - [2023-08-28 23:13:28,470] {dag.py:2927} INFO - Setting next_dagrun for example_weekday_branch_operator to 2023-08-28T00:00:00+00:00, run_after=2023-08-29T00:00:00+00:00
[2023-08-28 23:13:28,486] {processor.py:161} INFO - Processing /home/linuxlite/Documentos/airflow/venv/lib/python3.9/site-packages/airflow/example_dags/example_branch_day_of_week_operator.py took 0.071 seconds
[2023-08-28 23:14:03,121] {processor.py:153} INFO - Started process (PID=60237) to work on /home/linuxlite/Documentos/airflow/venv/lib/python3.9/site-packages/airflow/example_dags/example_branch_day_of_week_operator.py
[2023-08-28 23:14:03,123] {processor.py:641} INFO - Processing file /home/linuxlite/Documentos/airflow/venv/lib/python3.9/site-packages/airflow/example_dags/example_branch_day_of_week_operator.py for tasks to queue
[2023-08-28 23:14:03,124] {logging_mixin.py:115} INFO - [2023-08-28 23:14:03,124] {dagbag.py:507} INFO - Filling up the DagBag from /home/linuxlite/Documentos/airflow/venv/lib/python3.9/site-packages/airflow/example_dags/example_branch_day_of_week_operator.py
[2023-08-28 23:14:03,134] {processor.py:651} INFO - DAG(s) dict_keys(['example_weekday_branch_operator']) retrieved from /home/linuxlite/Documentos/airflow/venv/lib/python3.9/site-packages/airflow/example_dags/example_branch_day_of_week_operator.py
[2023-08-28 23:14:03,153] {logging_mixin.py:115} INFO - [2023-08-28 23:14:03,153] {dag.py:2379} INFO - Sync 1 DAGs
[2023-08-28 23:14:03,180] {logging_mixin.py:115} INFO - [2023-08-28 23:14:03,180] {dag.py:2927} INFO - Setting next_dagrun for example_weekday_branch_operator to 2023-08-28T00:00:00+00:00, run_after=2023-08-29T00:00:00+00:00
[2023-08-28 23:14:03,193] {processor.py:161} INFO - Processing /home/linuxlite/Documentos/airflow/venv/lib/python3.9/site-packages/airflow/example_dags/example_branch_day_of_week_operator.py took 0.076 seconds
[2023-08-28 23:14:40,381] {processor.py:153} INFO - Started process (PID=60288) to work on /home/linuxlite/Documentos/airflow/venv/lib/python3.9/site-packages/airflow/example_dags/example_branch_day_of_week_operator.py
[2023-08-28 23:14:40,382] {processor.py:641} INFO - Processing file /home/linuxlite/Documentos/airflow/venv/lib/python3.9/site-packages/airflow/example_dags/example_branch_day_of_week_operator.py for tasks to queue
[2023-08-28 23:14:40,382] {logging_mixin.py:115} INFO - [2023-08-28 23:14:40,382] {dagbag.py:507} INFO - Filling up the DagBag from /home/linuxlite/Documentos/airflow/venv/lib/python3.9/site-packages/airflow/example_dags/example_branch_day_of_week_operator.py
[2023-08-28 23:14:40,390] {processor.py:651} INFO - DAG(s) dict_keys(['example_weekday_branch_operator']) retrieved from /home/linuxlite/Documentos/airflow/venv/lib/python3.9/site-packages/airflow/example_dags/example_branch_day_of_week_operator.py
[2023-08-28 23:14:40,407] {logging_mixin.py:115} INFO - [2023-08-28 23:14:40,407] {dag.py:2379} INFO - Sync 1 DAGs
[2023-08-28 23:14:40,427] {logging_mixin.py:115} INFO - [2023-08-28 23:14:40,427] {dag.py:2927} INFO - Setting next_dagrun for example_weekday_branch_operator to 2023-08-28T00:00:00+00:00, run_after=2023-08-29T00:00:00+00:00
[2023-08-28 23:14:40,439] {processor.py:161} INFO - Processing /home/linuxlite/Documentos/airflow/venv/lib/python3.9/site-packages/airflow/example_dags/example_branch_day_of_week_operator.py took 0.061 seconds
[2023-08-28 23:15:14,540] {processor.py:153} INFO - Started process (PID=60535) to work on /home/linuxlite/Documentos/airflow/venv/lib/python3.9/site-packages/airflow/example_dags/example_branch_day_of_week_operator.py
[2023-08-28 23:15:14,541] {processor.py:641} INFO - Processing file /home/linuxlite/Documentos/airflow/venv/lib/python3.9/site-packages/airflow/example_dags/example_branch_day_of_week_operator.py for tasks to queue
[2023-08-28 23:15:14,541] {logging_mixin.py:115} INFO - [2023-08-28 23:15:14,541] {dagbag.py:507} INFO - Filling up the DagBag from /home/linuxlite/Documentos/airflow/venv/lib/python3.9/site-packages/airflow/example_dags/example_branch_day_of_week_operator.py
[2023-08-28 23:15:14,549] {processor.py:651} INFO - DAG(s) dict_keys(['example_weekday_branch_operator']) retrieved from /home/linuxlite/Documentos/airflow/venv/lib/python3.9/site-packages/airflow/example_dags/example_branch_day_of_week_operator.py
[2023-08-28 23:15:14,568] {logging_mixin.py:115} INFO - [2023-08-28 23:15:14,567] {dag.py:2379} INFO - Sync 1 DAGs
[2023-08-28 23:15:14,584] {logging_mixin.py:115} INFO - [2023-08-28 23:15:14,584] {dag.py:2927} INFO - Setting next_dagrun for example_weekday_branch_operator to 2023-08-28T00:00:00+00:00, run_after=2023-08-29T00:00:00+00:00
[2023-08-28 23:15:14,596] {processor.py:161} INFO - Processing /home/linuxlite/Documentos/airflow/venv/lib/python3.9/site-packages/airflow/example_dags/example_branch_day_of_week_operator.py took 0.059 seconds
[2023-08-28 23:15:48,935] {processor.py:153} INFO - Started process (PID=60570) to work on /home/linuxlite/Documentos/airflow/venv/lib/python3.9/site-packages/airflow/example_dags/example_branch_day_of_week_operator.py
[2023-08-28 23:15:48,936] {processor.py:641} INFO - Processing file /home/linuxlite/Documentos/airflow/venv/lib/python3.9/site-packages/airflow/example_dags/example_branch_day_of_week_operator.py for tasks to queue
[2023-08-28 23:15:48,937] {logging_mixin.py:115} INFO - [2023-08-28 23:15:48,937] {dagbag.py:507} INFO - Filling up the DagBag from /home/linuxlite/Documentos/airflow/venv/lib/python3.9/site-packages/airflow/example_dags/example_branch_day_of_week_operator.py
[2023-08-28 23:15:48,947] {processor.py:651} INFO - DAG(s) dict_keys(['example_weekday_branch_operator']) retrieved from /home/linuxlite/Documentos/airflow/venv/lib/python3.9/site-packages/airflow/example_dags/example_branch_day_of_week_operator.py
[2023-08-28 23:15:48,970] {logging_mixin.py:115} INFO - [2023-08-28 23:15:48,969] {dag.py:2379} INFO - Sync 1 DAGs
[2023-08-28 23:15:48,990] {logging_mixin.py:115} INFO - [2023-08-28 23:15:48,990] {dag.py:2927} INFO - Setting next_dagrun for example_weekday_branch_operator to 2023-08-28T00:00:00+00:00, run_after=2023-08-29T00:00:00+00:00
[2023-08-28 23:15:49,020] {processor.py:161} INFO - Processing /home/linuxlite/Documentos/airflow/venv/lib/python3.9/site-packages/airflow/example_dags/example_branch_day_of_week_operator.py took 0.092 seconds
[2023-08-28 23:16:25,238] {processor.py:153} INFO - Started process (PID=60609) to work on /home/linuxlite/Documentos/airflow/venv/lib/python3.9/site-packages/airflow/example_dags/example_branch_day_of_week_operator.py
[2023-08-28 23:16:25,239] {processor.py:641} INFO - Processing file /home/linuxlite/Documentos/airflow/venv/lib/python3.9/site-packages/airflow/example_dags/example_branch_day_of_week_operator.py for tasks to queue
[2023-08-28 23:16:25,240] {logging_mixin.py:115} INFO - [2023-08-28 23:16:25,240] {dagbag.py:507} INFO - Filling up the DagBag from /home/linuxlite/Documentos/airflow/venv/lib/python3.9/site-packages/airflow/example_dags/example_branch_day_of_week_operator.py
[2023-08-28 23:16:25,247] {processor.py:651} INFO - DAG(s) dict_keys(['example_weekday_branch_operator']) retrieved from /home/linuxlite/Documentos/airflow/venv/lib/python3.9/site-packages/airflow/example_dags/example_branch_day_of_week_operator.py
[2023-08-28 23:16:25,265] {logging_mixin.py:115} INFO - [2023-08-28 23:16:25,265] {dag.py:2379} INFO - Sync 1 DAGs
[2023-08-28 23:16:25,282] {logging_mixin.py:115} INFO - [2023-08-28 23:16:25,282] {dag.py:2927} INFO - Setting next_dagrun for example_weekday_branch_operator to 2023-08-28T00:00:00+00:00, run_after=2023-08-29T00:00:00+00:00
[2023-08-28 23:16:25,294] {processor.py:161} INFO - Processing /home/linuxlite/Documentos/airflow/venv/lib/python3.9/site-packages/airflow/example_dags/example_branch_day_of_week_operator.py took 0.059 seconds
[2023-08-28 23:17:00,578] {processor.py:153} INFO - Started process (PID=60824) to work on /home/linuxlite/Documentos/airflow/venv/lib/python3.9/site-packages/airflow/example_dags/example_branch_day_of_week_operator.py
[2023-08-28 23:17:00,580] {processor.py:641} INFO - Processing file /home/linuxlite/Documentos/airflow/venv/lib/python3.9/site-packages/airflow/example_dags/example_branch_day_of_week_operator.py for tasks to queue
[2023-08-28 23:17:00,580] {logging_mixin.py:115} INFO - [2023-08-28 23:17:00,580] {dagbag.py:507} INFO - Filling up the DagBag from /home/linuxlite/Documentos/airflow/venv/lib/python3.9/site-packages/airflow/example_dags/example_branch_day_of_week_operator.py
[2023-08-28 23:17:00,590] {processor.py:651} INFO - DAG(s) dict_keys(['example_weekday_branch_operator']) retrieved from /home/linuxlite/Documentos/airflow/venv/lib/python3.9/site-packages/airflow/example_dags/example_branch_day_of_week_operator.py
[2023-08-28 23:17:00,613] {logging_mixin.py:115} INFO - [2023-08-28 23:17:00,613] {dag.py:2379} INFO - Sync 1 DAGs
[2023-08-28 23:17:00,635] {logging_mixin.py:115} INFO - [2023-08-28 23:17:00,635] {dag.py:2927} INFO - Setting next_dagrun for example_weekday_branch_operator to 2023-08-28T00:00:00+00:00, run_after=2023-08-29T00:00:00+00:00
[2023-08-28 23:17:00,651] {processor.py:161} INFO - Processing /home/linuxlite/Documentos/airflow/venv/lib/python3.9/site-packages/airflow/example_dags/example_branch_day_of_week_operator.py took 0.077 seconds
[2023-08-28 23:17:37,851] {processor.py:153} INFO - Started process (PID=60865) to work on /home/linuxlite/Documentos/airflow/venv/lib/python3.9/site-packages/airflow/example_dags/example_branch_day_of_week_operator.py
[2023-08-28 23:17:37,853] {processor.py:641} INFO - Processing file /home/linuxlite/Documentos/airflow/venv/lib/python3.9/site-packages/airflow/example_dags/example_branch_day_of_week_operator.py for tasks to queue
[2023-08-28 23:17:37,855] {logging_mixin.py:115} INFO - [2023-08-28 23:17:37,854] {dagbag.py:507} INFO - Filling up the DagBag from /home/linuxlite/Documentos/airflow/venv/lib/python3.9/site-packages/airflow/example_dags/example_branch_day_of_week_operator.py
[2023-08-28 23:17:37,865] {processor.py:651} INFO - DAG(s) dict_keys(['example_weekday_branch_operator']) retrieved from /home/linuxlite/Documentos/airflow/venv/lib/python3.9/site-packages/airflow/example_dags/example_branch_day_of_week_operator.py
[2023-08-28 23:17:37,889] {logging_mixin.py:115} INFO - [2023-08-28 23:17:37,888] {dag.py:2379} INFO - Sync 1 DAGs
[2023-08-28 23:17:37,913] {logging_mixin.py:115} INFO - [2023-08-28 23:17:37,913] {dag.py:2927} INFO - Setting next_dagrun for example_weekday_branch_operator to 2023-08-28T00:00:00+00:00, run_after=2023-08-29T00:00:00+00:00
[2023-08-28 23:17:37,931] {processor.py:161} INFO - Processing /home/linuxlite/Documentos/airflow/venv/lib/python3.9/site-packages/airflow/example_dags/example_branch_day_of_week_operator.py took 0.084 seconds
[2023-08-28 23:18:16,672] {processor.py:153} INFO - Started process (PID=61376) to work on /home/linuxlite/Documentos/airflow/venv/lib/python3.9/site-packages/airflow/example_dags/example_branch_day_of_week_operator.py
[2023-08-28 23:18:16,673] {processor.py:641} INFO - Processing file /home/linuxlite/Documentos/airflow/venv/lib/python3.9/site-packages/airflow/example_dags/example_branch_day_of_week_operator.py for tasks to queue
[2023-08-28 23:18:16,674] {logging_mixin.py:115} INFO - [2023-08-28 23:18:16,674] {dagbag.py:507} INFO - Filling up the DagBag from /home/linuxlite/Documentos/airflow/venv/lib/python3.9/site-packages/airflow/example_dags/example_branch_day_of_week_operator.py
[2023-08-28 23:18:16,682] {processor.py:651} INFO - DAG(s) dict_keys(['example_weekday_branch_operator']) retrieved from /home/linuxlite/Documentos/airflow/venv/lib/python3.9/site-packages/airflow/example_dags/example_branch_day_of_week_operator.py
[2023-08-28 23:18:16,702] {logging_mixin.py:115} INFO - [2023-08-28 23:18:16,702] {dag.py:2379} INFO - Sync 1 DAGs
[2023-08-28 23:18:16,718] {logging_mixin.py:115} INFO - [2023-08-28 23:18:16,718] {dag.py:2927} INFO - Setting next_dagrun for example_weekday_branch_operator to 2023-08-28T00:00:00+00:00, run_after=2023-08-29T00:00:00+00:00
[2023-08-28 23:18:16,730] {processor.py:161} INFO - Processing /home/linuxlite/Documentos/airflow/venv/lib/python3.9/site-packages/airflow/example_dags/example_branch_day_of_week_operator.py took 0.061 seconds
[2023-08-28 23:18:51,062] {processor.py:153} INFO - Started process (PID=61534) to work on /home/linuxlite/Documentos/airflow/venv/lib/python3.9/site-packages/airflow/example_dags/example_branch_day_of_week_operator.py
[2023-08-28 23:18:51,063] {processor.py:641} INFO - Processing file /home/linuxlite/Documentos/airflow/venv/lib/python3.9/site-packages/airflow/example_dags/example_branch_day_of_week_operator.py for tasks to queue
[2023-08-28 23:18:51,064] {logging_mixin.py:115} INFO - [2023-08-28 23:18:51,064] {dagbag.py:507} INFO - Filling up the DagBag from /home/linuxlite/Documentos/airflow/venv/lib/python3.9/site-packages/airflow/example_dags/example_branch_day_of_week_operator.py
[2023-08-28 23:18:51,072] {processor.py:651} INFO - DAG(s) dict_keys(['example_weekday_branch_operator']) retrieved from /home/linuxlite/Documentos/airflow/venv/lib/python3.9/site-packages/airflow/example_dags/example_branch_day_of_week_operator.py
[2023-08-28 23:18:51,096] {logging_mixin.py:115} INFO - [2023-08-28 23:18:51,096] {dag.py:2379} INFO - Sync 1 DAGs
[2023-08-28 23:18:51,112] {logging_mixin.py:115} INFO - [2023-08-28 23:18:51,112] {dag.py:2927} INFO - Setting next_dagrun for example_weekday_branch_operator to 2023-08-28T00:00:00+00:00, run_after=2023-08-29T00:00:00+00:00
[2023-08-28 23:18:51,123] {processor.py:161} INFO - Processing /home/linuxlite/Documentos/airflow/venv/lib/python3.9/site-packages/airflow/example_dags/example_branch_day_of_week_operator.py took 0.066 seconds
[2023-08-28 23:19:27,370] {processor.py:153} INFO - Started process (PID=61591) to work on /home/linuxlite/Documentos/airflow/venv/lib/python3.9/site-packages/airflow/example_dags/example_branch_day_of_week_operator.py
[2023-08-28 23:19:27,371] {processor.py:641} INFO - Processing file /home/linuxlite/Documentos/airflow/venv/lib/python3.9/site-packages/airflow/example_dags/example_branch_day_of_week_operator.py for tasks to queue
[2023-08-28 23:19:27,372] {logging_mixin.py:115} INFO - [2023-08-28 23:19:27,372] {dagbag.py:507} INFO - Filling up the DagBag from /home/linuxlite/Documentos/airflow/venv/lib/python3.9/site-packages/airflow/example_dags/example_branch_day_of_week_operator.py
[2023-08-28 23:19:27,380] {processor.py:651} INFO - DAG(s) dict_keys(['example_weekday_branch_operator']) retrieved from /home/linuxlite/Documentos/airflow/venv/lib/python3.9/site-packages/airflow/example_dags/example_branch_day_of_week_operator.py
[2023-08-28 23:19:27,398] {logging_mixin.py:115} INFO - [2023-08-28 23:19:27,398] {dag.py:2379} INFO - Sync 1 DAGs
[2023-08-28 23:19:27,416] {logging_mixin.py:115} INFO - [2023-08-28 23:19:27,416] {dag.py:2927} INFO - Setting next_dagrun for example_weekday_branch_operator to 2023-08-28T00:00:00+00:00, run_after=2023-08-29T00:00:00+00:00
[2023-08-28 23:19:27,428] {processor.py:161} INFO - Processing /home/linuxlite/Documentos/airflow/venv/lib/python3.9/site-packages/airflow/example_dags/example_branch_day_of_week_operator.py took 0.061 seconds
[2023-08-28 23:20:00,793] {processor.py:153} INFO - Started process (PID=61703) to work on /home/linuxlite/Documentos/airflow/venv/lib/python3.9/site-packages/airflow/example_dags/example_branch_day_of_week_operator.py
[2023-08-28 23:20:00,794] {processor.py:641} INFO - Processing file /home/linuxlite/Documentos/airflow/venv/lib/python3.9/site-packages/airflow/example_dags/example_branch_day_of_week_operator.py for tasks to queue
[2023-08-28 23:20:00,794] {logging_mixin.py:115} INFO - [2023-08-28 23:20:00,794] {dagbag.py:507} INFO - Filling up the DagBag from /home/linuxlite/Documentos/airflow/venv/lib/python3.9/site-packages/airflow/example_dags/example_branch_day_of_week_operator.py
[2023-08-28 23:20:00,803] {processor.py:651} INFO - DAG(s) dict_keys(['example_weekday_branch_operator']) retrieved from /home/linuxlite/Documentos/airflow/venv/lib/python3.9/site-packages/airflow/example_dags/example_branch_day_of_week_operator.py
[2023-08-28 23:20:00,820] {logging_mixin.py:115} INFO - [2023-08-28 23:20:00,820] {dag.py:2379} INFO - Sync 1 DAGs
[2023-08-28 23:20:00,835] {logging_mixin.py:115} INFO - [2023-08-28 23:20:00,835] {dag.py:2927} INFO - Setting next_dagrun for example_weekday_branch_operator to 2023-08-28T00:00:00+00:00, run_after=2023-08-29T00:00:00+00:00
[2023-08-28 23:20:00,847] {processor.py:161} INFO - Processing /home/linuxlite/Documentos/airflow/venv/lib/python3.9/site-packages/airflow/example_dags/example_branch_day_of_week_operator.py took 0.057 seconds
[2023-08-28 23:20:39,280] {processor.py:153} INFO - Started process (PID=61746) to work on /home/linuxlite/Documentos/airflow/venv/lib/python3.9/site-packages/airflow/example_dags/example_branch_day_of_week_operator.py
[2023-08-28 23:20:39,281] {processor.py:641} INFO - Processing file /home/linuxlite/Documentos/airflow/venv/lib/python3.9/site-packages/airflow/example_dags/example_branch_day_of_week_operator.py for tasks to queue
[2023-08-28 23:20:39,282] {logging_mixin.py:115} INFO - [2023-08-28 23:20:39,282] {dagbag.py:507} INFO - Filling up the DagBag from /home/linuxlite/Documentos/airflow/venv/lib/python3.9/site-packages/airflow/example_dags/example_branch_day_of_week_operator.py
[2023-08-28 23:20:39,292] {processor.py:651} INFO - DAG(s) dict_keys(['example_weekday_branch_operator']) retrieved from /home/linuxlite/Documentos/airflow/venv/lib/python3.9/site-packages/airflow/example_dags/example_branch_day_of_week_operator.py
[2023-08-28 23:20:39,310] {logging_mixin.py:115} INFO - [2023-08-28 23:20:39,310] {dag.py:2379} INFO - Sync 1 DAGs
[2023-08-28 23:20:39,327] {logging_mixin.py:115} INFO - [2023-08-28 23:20:39,327] {dag.py:2927} INFO - Setting next_dagrun for example_weekday_branch_operator to 2023-08-28T00:00:00+00:00, run_after=2023-08-29T00:00:00+00:00
[2023-08-28 23:20:39,338] {processor.py:161} INFO - Processing /home/linuxlite/Documentos/airflow/venv/lib/python3.9/site-packages/airflow/example_dags/example_branch_day_of_week_operator.py took 0.061 seconds
[2023-08-28 23:21:14,154] {processor.py:153} INFO - Started process (PID=61789) to work on /home/linuxlite/Documentos/airflow/venv/lib/python3.9/site-packages/airflow/example_dags/example_branch_day_of_week_operator.py
[2023-08-28 23:21:14,155] {processor.py:641} INFO - Processing file /home/linuxlite/Documentos/airflow/venv/lib/python3.9/site-packages/airflow/example_dags/example_branch_day_of_week_operator.py for tasks to queue
[2023-08-28 23:21:14,155] {logging_mixin.py:115} INFO - [2023-08-28 23:21:14,155] {dagbag.py:507} INFO - Filling up the DagBag from /home/linuxlite/Documentos/airflow/venv/lib/python3.9/site-packages/airflow/example_dags/example_branch_day_of_week_operator.py
[2023-08-28 23:21:14,163] {processor.py:651} INFO - DAG(s) dict_keys(['example_weekday_branch_operator']) retrieved from /home/linuxlite/Documentos/airflow/venv/lib/python3.9/site-packages/airflow/example_dags/example_branch_day_of_week_operator.py
[2023-08-28 23:21:14,181] {logging_mixin.py:115} INFO - [2023-08-28 23:21:14,180] {dag.py:2379} INFO - Sync 1 DAGs
[2023-08-28 23:21:14,197] {logging_mixin.py:115} INFO - [2023-08-28 23:21:14,196] {dag.py:2927} INFO - Setting next_dagrun for example_weekday_branch_operator to 2023-08-28T00:00:00+00:00, run_after=2023-08-29T00:00:00+00:00
[2023-08-28 23:21:14,207] {processor.py:161} INFO - Processing /home/linuxlite/Documentos/airflow/venv/lib/python3.9/site-packages/airflow/example_dags/example_branch_day_of_week_operator.py took 0.057 seconds
[2023-08-28 23:21:47,525] {processor.py:153} INFO - Started process (PID=61848) to work on /home/linuxlite/Documentos/airflow/venv/lib/python3.9/site-packages/airflow/example_dags/example_branch_day_of_week_operator.py
[2023-08-28 23:21:47,526] {processor.py:641} INFO - Processing file /home/linuxlite/Documentos/airflow/venv/lib/python3.9/site-packages/airflow/example_dags/example_branch_day_of_week_operator.py for tasks to queue
[2023-08-28 23:21:47,526] {logging_mixin.py:115} INFO - [2023-08-28 23:21:47,526] {dagbag.py:507} INFO - Filling up the DagBag from /home/linuxlite/Documentos/airflow/venv/lib/python3.9/site-packages/airflow/example_dags/example_branch_day_of_week_operator.py
[2023-08-28 23:21:47,535] {processor.py:651} INFO - DAG(s) dict_keys(['example_weekday_branch_operator']) retrieved from /home/linuxlite/Documentos/airflow/venv/lib/python3.9/site-packages/airflow/example_dags/example_branch_day_of_week_operator.py
[2023-08-28 23:21:47,556] {logging_mixin.py:115} INFO - [2023-08-28 23:21:47,556] {dag.py:2379} INFO - Sync 1 DAGs
[2023-08-28 23:21:47,575] {logging_mixin.py:115} INFO - [2023-08-28 23:21:47,575] {dag.py:2927} INFO - Setting next_dagrun for example_weekday_branch_operator to 2023-08-28T00:00:00+00:00, run_after=2023-08-29T00:00:00+00:00
[2023-08-28 23:21:47,589] {processor.py:161} INFO - Processing /home/linuxlite/Documentos/airflow/venv/lib/python3.9/site-packages/airflow/example_dags/example_branch_day_of_week_operator.py took 0.067 seconds
[2023-08-28 23:22:21,767] {processor.py:153} INFO - Started process (PID=61884) to work on /home/linuxlite/Documentos/airflow/venv/lib/python3.9/site-packages/airflow/example_dags/example_branch_day_of_week_operator.py
[2023-08-28 23:22:21,768] {processor.py:641} INFO - Processing file /home/linuxlite/Documentos/airflow/venv/lib/python3.9/site-packages/airflow/example_dags/example_branch_day_of_week_operator.py for tasks to queue
[2023-08-28 23:22:21,769] {logging_mixin.py:115} INFO - [2023-08-28 23:22:21,769] {dagbag.py:507} INFO - Filling up the DagBag from /home/linuxlite/Documentos/airflow/venv/lib/python3.9/site-packages/airflow/example_dags/example_branch_day_of_week_operator.py
[2023-08-28 23:22:21,779] {processor.py:651} INFO - DAG(s) dict_keys(['example_weekday_branch_operator']) retrieved from /home/linuxlite/Documentos/airflow/venv/lib/python3.9/site-packages/airflow/example_dags/example_branch_day_of_week_operator.py
[2023-08-28 23:22:21,800] {logging_mixin.py:115} INFO - [2023-08-28 23:22:21,800] {dag.py:2379} INFO - Sync 1 DAGs
[2023-08-28 23:22:21,822] {logging_mixin.py:115} INFO - [2023-08-28 23:22:21,821] {dag.py:2927} INFO - Setting next_dagrun for example_weekday_branch_operator to 2023-08-28T00:00:00+00:00, run_after=2023-08-29T00:00:00+00:00
[2023-08-28 23:22:21,838] {processor.py:161} INFO - Processing /home/linuxlite/Documentos/airflow/venv/lib/python3.9/site-packages/airflow/example_dags/example_branch_day_of_week_operator.py took 0.074 seconds
[2023-08-28 23:22:57,344] {processor.py:153} INFO - Started process (PID=61925) to work on /home/linuxlite/Documentos/airflow/venv/lib/python3.9/site-packages/airflow/example_dags/example_branch_day_of_week_operator.py
[2023-08-28 23:22:57,345] {processor.py:641} INFO - Processing file /home/linuxlite/Documentos/airflow/venv/lib/python3.9/site-packages/airflow/example_dags/example_branch_day_of_week_operator.py for tasks to queue
[2023-08-28 23:22:57,346] {logging_mixin.py:115} INFO - [2023-08-28 23:22:57,346] {dagbag.py:507} INFO - Filling up the DagBag from /home/linuxlite/Documentos/airflow/venv/lib/python3.9/site-packages/airflow/example_dags/example_branch_day_of_week_operator.py
[2023-08-28 23:22:57,369] {processor.py:651} INFO - DAG(s) dict_keys(['example_weekday_branch_operator']) retrieved from /home/linuxlite/Documentos/airflow/venv/lib/python3.9/site-packages/airflow/example_dags/example_branch_day_of_week_operator.py
[2023-08-28 23:22:57,402] {logging_mixin.py:115} INFO - [2023-08-28 23:22:57,402] {dag.py:2379} INFO - Sync 1 DAGs
[2023-08-28 23:22:57,429] {logging_mixin.py:115} INFO - [2023-08-28 23:22:57,429] {dag.py:2927} INFO - Setting next_dagrun for example_weekday_branch_operator to 2023-08-28T00:00:00+00:00, run_after=2023-08-29T00:00:00+00:00
[2023-08-28 23:22:57,450] {processor.py:161} INFO - Processing /home/linuxlite/Documentos/airflow/venv/lib/python3.9/site-packages/airflow/example_dags/example_branch_day_of_week_operator.py took 0.110 seconds
[2023-08-28 23:23:33,591] {processor.py:153} INFO - Started process (PID=61967) to work on /home/linuxlite/Documentos/airflow/venv/lib/python3.9/site-packages/airflow/example_dags/example_branch_day_of_week_operator.py
[2023-08-28 23:23:33,592] {processor.py:641} INFO - Processing file /home/linuxlite/Documentos/airflow/venv/lib/python3.9/site-packages/airflow/example_dags/example_branch_day_of_week_operator.py for tasks to queue
[2023-08-28 23:23:33,593] {logging_mixin.py:115} INFO - [2023-08-28 23:23:33,593] {dagbag.py:507} INFO - Filling up the DagBag from /home/linuxlite/Documentos/airflow/venv/lib/python3.9/site-packages/airflow/example_dags/example_branch_day_of_week_operator.py
[2023-08-28 23:23:33,601] {processor.py:651} INFO - DAG(s) dict_keys(['example_weekday_branch_operator']) retrieved from /home/linuxlite/Documentos/airflow/venv/lib/python3.9/site-packages/airflow/example_dags/example_branch_day_of_week_operator.py
[2023-08-28 23:23:33,620] {logging_mixin.py:115} INFO - [2023-08-28 23:23:33,619] {dag.py:2379} INFO - Sync 1 DAGs
[2023-08-28 23:23:33,636] {logging_mixin.py:115} INFO - [2023-08-28 23:23:33,636] {dag.py:2927} INFO - Setting next_dagrun for example_weekday_branch_operator to 2023-08-28T00:00:00+00:00, run_after=2023-08-29T00:00:00+00:00
[2023-08-28 23:23:33,646] {processor.py:161} INFO - Processing /home/linuxlite/Documentos/airflow/venv/lib/python3.9/site-packages/airflow/example_dags/example_branch_day_of_week_operator.py took 0.058 seconds
[2023-08-28 23:24:08,272] {processor.py:153} INFO - Started process (PID=62009) to work on /home/linuxlite/Documentos/airflow/venv/lib/python3.9/site-packages/airflow/example_dags/example_branch_day_of_week_operator.py
[2023-08-28 23:24:08,273] {processor.py:641} INFO - Processing file /home/linuxlite/Documentos/airflow/venv/lib/python3.9/site-packages/airflow/example_dags/example_branch_day_of_week_operator.py for tasks to queue
[2023-08-28 23:24:08,274] {logging_mixin.py:115} INFO - [2023-08-28 23:24:08,274] {dagbag.py:507} INFO - Filling up the DagBag from /home/linuxlite/Documentos/airflow/venv/lib/python3.9/site-packages/airflow/example_dags/example_branch_day_of_week_operator.py
[2023-08-28 23:24:08,287] {processor.py:651} INFO - DAG(s) dict_keys(['example_weekday_branch_operator']) retrieved from /home/linuxlite/Documentos/airflow/venv/lib/python3.9/site-packages/airflow/example_dags/example_branch_day_of_week_operator.py
[2023-08-28 23:24:08,307] {logging_mixin.py:115} INFO - [2023-08-28 23:24:08,307] {dag.py:2379} INFO - Sync 1 DAGs
[2023-08-28 23:24:08,323] {logging_mixin.py:115} INFO - [2023-08-28 23:24:08,323] {dag.py:2927} INFO - Setting next_dagrun for example_weekday_branch_operator to 2023-08-28T00:00:00+00:00, run_after=2023-08-29T00:00:00+00:00
[2023-08-28 23:24:08,334] {processor.py:161} INFO - Processing /home/linuxlite/Documentos/airflow/venv/lib/python3.9/site-packages/airflow/example_dags/example_branch_day_of_week_operator.py took 0.068 seconds
[2023-08-28 23:24:43,652] {processor.py:153} INFO - Started process (PID=62056) to work on /home/linuxlite/Documentos/airflow/venv/lib/python3.9/site-packages/airflow/example_dags/example_branch_day_of_week_operator.py
[2023-08-28 23:24:43,653] {processor.py:641} INFO - Processing file /home/linuxlite/Documentos/airflow/venv/lib/python3.9/site-packages/airflow/example_dags/example_branch_day_of_week_operator.py for tasks to queue
[2023-08-28 23:24:43,654] {logging_mixin.py:115} INFO - [2023-08-28 23:24:43,654] {dagbag.py:507} INFO - Filling up the DagBag from /home/linuxlite/Documentos/airflow/venv/lib/python3.9/site-packages/airflow/example_dags/example_branch_day_of_week_operator.py
[2023-08-28 23:24:43,666] {processor.py:651} INFO - DAG(s) dict_keys(['example_weekday_branch_operator']) retrieved from /home/linuxlite/Documentos/airflow/venv/lib/python3.9/site-packages/airflow/example_dags/example_branch_day_of_week_operator.py
[2023-08-28 23:24:43,686] {logging_mixin.py:115} INFO - [2023-08-28 23:24:43,686] {dag.py:2379} INFO - Sync 1 DAGs
[2023-08-28 23:24:43,702] {logging_mixin.py:115} INFO - [2023-08-28 23:24:43,702] {dag.py:2927} INFO - Setting next_dagrun for example_weekday_branch_operator to 2023-08-28T00:00:00+00:00, run_after=2023-08-29T00:00:00+00:00
[2023-08-28 23:24:43,713] {processor.py:161} INFO - Processing /home/linuxlite/Documentos/airflow/venv/lib/python3.9/site-packages/airflow/example_dags/example_branch_day_of_week_operator.py took 0.067 seconds
[2023-08-28 23:25:18,203] {processor.py:153} INFO - Started process (PID=62155) to work on /home/linuxlite/Documentos/airflow/venv/lib/python3.9/site-packages/airflow/example_dags/example_branch_day_of_week_operator.py
[2023-08-28 23:25:18,204] {processor.py:641} INFO - Processing file /home/linuxlite/Documentos/airflow/venv/lib/python3.9/site-packages/airflow/example_dags/example_branch_day_of_week_operator.py for tasks to queue
[2023-08-28 23:25:18,205] {logging_mixin.py:115} INFO - [2023-08-28 23:25:18,204] {dagbag.py:507} INFO - Filling up the DagBag from /home/linuxlite/Documentos/airflow/venv/lib/python3.9/site-packages/airflow/example_dags/example_branch_day_of_week_operator.py
[2023-08-28 23:25:18,213] {processor.py:651} INFO - DAG(s) dict_keys(['example_weekday_branch_operator']) retrieved from /home/linuxlite/Documentos/airflow/venv/lib/python3.9/site-packages/airflow/example_dags/example_branch_day_of_week_operator.py
[2023-08-28 23:25:18,231] {logging_mixin.py:115} INFO - [2023-08-28 23:25:18,231] {dag.py:2379} INFO - Sync 1 DAGs
[2023-08-28 23:25:18,247] {logging_mixin.py:115} INFO - [2023-08-28 23:25:18,247] {dag.py:2927} INFO - Setting next_dagrun for example_weekday_branch_operator to 2023-08-28T00:00:00+00:00, run_after=2023-08-29T00:00:00+00:00
[2023-08-28 23:25:18,258] {processor.py:161} INFO - Processing /home/linuxlite/Documentos/airflow/venv/lib/python3.9/site-packages/airflow/example_dags/example_branch_day_of_week_operator.py took 0.057 seconds
[2023-08-28 23:25:50,520] {processor.py:153} INFO - Started process (PID=62189) to work on /home/linuxlite/Documentos/airflow/venv/lib/python3.9/site-packages/airflow/example_dags/example_branch_day_of_week_operator.py
[2023-08-28 23:25:50,521] {processor.py:641} INFO - Processing file /home/linuxlite/Documentos/airflow/venv/lib/python3.9/site-packages/airflow/example_dags/example_branch_day_of_week_operator.py for tasks to queue
[2023-08-28 23:25:50,521] {logging_mixin.py:115} INFO - [2023-08-28 23:25:50,521] {dagbag.py:507} INFO - Filling up the DagBag from /home/linuxlite/Documentos/airflow/venv/lib/python3.9/site-packages/airflow/example_dags/example_branch_day_of_week_operator.py
[2023-08-28 23:25:50,532] {processor.py:651} INFO - DAG(s) dict_keys(['example_weekday_branch_operator']) retrieved from /home/linuxlite/Documentos/airflow/venv/lib/python3.9/site-packages/airflow/example_dags/example_branch_day_of_week_operator.py
[2023-08-28 23:25:50,558] {logging_mixin.py:115} INFO - [2023-08-28 23:25:50,558] {dag.py:2379} INFO - Sync 1 DAGs
[2023-08-28 23:25:50,582] {logging_mixin.py:115} INFO - [2023-08-28 23:25:50,582] {dag.py:2927} INFO - Setting next_dagrun for example_weekday_branch_operator to 2023-08-28T00:00:00+00:00, run_after=2023-08-29T00:00:00+00:00
[2023-08-28 23:25:50,594] {processor.py:161} INFO - Processing /home/linuxlite/Documentos/airflow/venv/lib/python3.9/site-packages/airflow/example_dags/example_branch_day_of_week_operator.py took 0.081 seconds
[2023-08-28 23:26:28,708] {processor.py:153} INFO - Started process (PID=62239) to work on /home/linuxlite/Documentos/airflow/venv/lib/python3.9/site-packages/airflow/example_dags/example_branch_day_of_week_operator.py
[2023-08-28 23:26:28,709] {processor.py:641} INFO - Processing file /home/linuxlite/Documentos/airflow/venv/lib/python3.9/site-packages/airflow/example_dags/example_branch_day_of_week_operator.py for tasks to queue
[2023-08-28 23:26:28,710] {logging_mixin.py:115} INFO - [2023-08-28 23:26:28,710] {dagbag.py:507} INFO - Filling up the DagBag from /home/linuxlite/Documentos/airflow/venv/lib/python3.9/site-packages/airflow/example_dags/example_branch_day_of_week_operator.py
[2023-08-28 23:26:28,718] {processor.py:651} INFO - DAG(s) dict_keys(['example_weekday_branch_operator']) retrieved from /home/linuxlite/Documentos/airflow/venv/lib/python3.9/site-packages/airflow/example_dags/example_branch_day_of_week_operator.py
[2023-08-28 23:26:28,740] {logging_mixin.py:115} INFO - [2023-08-28 23:26:28,740] {dag.py:2379} INFO - Sync 1 DAGs
[2023-08-28 23:26:28,759] {logging_mixin.py:115} INFO - [2023-08-28 23:26:28,759] {dag.py:2927} INFO - Setting next_dagrun for example_weekday_branch_operator to 2023-08-28T00:00:00+00:00, run_after=2023-08-29T00:00:00+00:00
[2023-08-28 23:26:28,772] {processor.py:161} INFO - Processing /home/linuxlite/Documentos/airflow/venv/lib/python3.9/site-packages/airflow/example_dags/example_branch_day_of_week_operator.py took 0.067 seconds
[2023-08-28 23:27:02,450] {processor.py:153} INFO - Started process (PID=62279) to work on /home/linuxlite/Documentos/airflow/venv/lib/python3.9/site-packages/airflow/example_dags/example_branch_day_of_week_operator.py
[2023-08-28 23:27:02,451] {processor.py:641} INFO - Processing file /home/linuxlite/Documentos/airflow/venv/lib/python3.9/site-packages/airflow/example_dags/example_branch_day_of_week_operator.py for tasks to queue
[2023-08-28 23:27:02,451] {logging_mixin.py:115} INFO - [2023-08-28 23:27:02,451] {dagbag.py:507} INFO - Filling up the DagBag from /home/linuxlite/Documentos/airflow/venv/lib/python3.9/site-packages/airflow/example_dags/example_branch_day_of_week_operator.py
[2023-08-28 23:27:02,459] {processor.py:651} INFO - DAG(s) dict_keys(['example_weekday_branch_operator']) retrieved from /home/linuxlite/Documentos/airflow/venv/lib/python3.9/site-packages/airflow/example_dags/example_branch_day_of_week_operator.py
[2023-08-28 23:27:02,481] {logging_mixin.py:115} INFO - [2023-08-28 23:27:02,481] {dag.py:2379} INFO - Sync 1 DAGs
[2023-08-28 23:27:02,508] {logging_mixin.py:115} INFO - [2023-08-28 23:27:02,508] {dag.py:2927} INFO - Setting next_dagrun for example_weekday_branch_operator to 2023-08-28T00:00:00+00:00, run_after=2023-08-29T00:00:00+00:00
[2023-08-28 23:27:02,538] {processor.py:161} INFO - Processing /home/linuxlite/Documentos/airflow/venv/lib/python3.9/site-packages/airflow/example_dags/example_branch_day_of_week_operator.py took 0.091 seconds
[2023-08-28 23:27:38,679] {processor.py:153} INFO - Started process (PID=62345) to work on /home/linuxlite/Documentos/airflow/venv/lib/python3.9/site-packages/airflow/example_dags/example_branch_day_of_week_operator.py
[2023-08-28 23:27:38,680] {processor.py:641} INFO - Processing file /home/linuxlite/Documentos/airflow/venv/lib/python3.9/site-packages/airflow/example_dags/example_branch_day_of_week_operator.py for tasks to queue
[2023-08-28 23:27:38,681] {logging_mixin.py:115} INFO - [2023-08-28 23:27:38,681] {dagbag.py:507} INFO - Filling up the DagBag from /home/linuxlite/Documentos/airflow/venv/lib/python3.9/site-packages/airflow/example_dags/example_branch_day_of_week_operator.py
[2023-08-28 23:27:38,691] {processor.py:651} INFO - DAG(s) dict_keys(['example_weekday_branch_operator']) retrieved from /home/linuxlite/Documentos/airflow/venv/lib/python3.9/site-packages/airflow/example_dags/example_branch_day_of_week_operator.py
[2023-08-28 23:27:38,710] {logging_mixin.py:115} INFO - [2023-08-28 23:27:38,710] {dag.py:2379} INFO - Sync 1 DAGs
[2023-08-28 23:27:38,727] {logging_mixin.py:115} INFO - [2023-08-28 23:27:38,727] {dag.py:2927} INFO - Setting next_dagrun for example_weekday_branch_operator to 2023-08-28T00:00:00+00:00, run_after=2023-08-29T00:00:00+00:00
[2023-08-28 23:27:38,737] {processor.py:161} INFO - Processing /home/linuxlite/Documentos/airflow/venv/lib/python3.9/site-packages/airflow/example_dags/example_branch_day_of_week_operator.py took 0.064 seconds
