[2023-08-28 23:10:53,349] {processor.py:153} INFO - Started process (PID=59972) to work on /home/linuxlite/Documentos/airflow/venv/lib/python3.9/site-packages/airflow/example_dags/example_xcomargs.py
[2023-08-28 23:10:53,349] {processor.py:641} INFO - Processing file /home/linuxlite/Documentos/airflow/venv/lib/python3.9/site-packages/airflow/example_dags/example_xcomargs.py for tasks to queue
[2023-08-28 23:10:53,350] {logging_mixin.py:115} INFO - [2023-08-28 23:10:53,350] {dagbag.py:507} INFO - Filling up the DagBag from /home/linuxlite/Documentos/airflow/venv/lib/python3.9/site-packages/airflow/example_dags/example_xcomargs.py
[2023-08-28 23:10:53,367] {processor.py:651} INFO - DAG(s) dict_keys(['example_xcom_args', 'example_xcom_args_with_operators']) retrieved from /home/linuxlite/Documentos/airflow/venv/lib/python3.9/site-packages/airflow/example_dags/example_xcomargs.py
[2023-08-28 23:10:53,407] {logging_mixin.py:115} INFO - [2023-08-28 23:10:53,407] {dag.py:2379} INFO - Sync 2 DAGs
[2023-08-28 23:10:53,421] {logging_mixin.py:115} INFO - [2023-08-28 23:10:53,421] {dag.py:2927} INFO - Setting next_dagrun for example_xcom_args to None, run_after=None
[2023-08-28 23:10:53,421] {logging_mixin.py:115} INFO - [2023-08-28 23:10:53,421] {dag.py:2927} INFO - Setting next_dagrun for example_xcom_args_with_operators to None, run_after=None
[2023-08-28 23:10:53,433] {processor.py:161} INFO - Processing /home/linuxlite/Documentos/airflow/venv/lib/python3.9/site-packages/airflow/example_dags/example_xcomargs.py took 0.088 seconds
[2023-08-28 23:11:29,301] {processor.py:153} INFO - Started process (PID=60060) to work on /home/linuxlite/Documentos/airflow/venv/lib/python3.9/site-packages/airflow/example_dags/example_xcomargs.py
[2023-08-28 23:11:29,302] {processor.py:641} INFO - Processing file /home/linuxlite/Documentos/airflow/venv/lib/python3.9/site-packages/airflow/example_dags/example_xcomargs.py for tasks to queue
[2023-08-28 23:11:29,303] {logging_mixin.py:115} INFO - [2023-08-28 23:11:29,303] {dagbag.py:507} INFO - Filling up the DagBag from /home/linuxlite/Documentos/airflow/venv/lib/python3.9/site-packages/airflow/example_dags/example_xcomargs.py
[2023-08-28 23:11:29,324] {processor.py:651} INFO - DAG(s) dict_keys(['example_xcom_args', 'example_xcom_args_with_operators']) retrieved from /home/linuxlite/Documentos/airflow/venv/lib/python3.9/site-packages/airflow/example_dags/example_xcomargs.py
[2023-08-28 23:11:29,376] {logging_mixin.py:115} INFO - [2023-08-28 23:11:29,375] {dag.py:2379} INFO - Sync 2 DAGs
[2023-08-28 23:11:29,390] {logging_mixin.py:115} INFO - [2023-08-28 23:11:29,390] {dag.py:2927} INFO - Setting next_dagrun for example_xcom_args to None, run_after=None
[2023-08-28 23:11:29,390] {logging_mixin.py:115} INFO - [2023-08-28 23:11:29,390] {dag.py:2927} INFO - Setting next_dagrun for example_xcom_args_with_operators to None, run_after=None
[2023-08-28 23:11:29,404] {processor.py:161} INFO - Processing /home/linuxlite/Documentos/airflow/venv/lib/python3.9/site-packages/airflow/example_dags/example_xcomargs.py took 0.107 seconds
[2023-08-28 23:12:03,017] {processor.py:153} INFO - Started process (PID=60096) to work on /home/linuxlite/Documentos/airflow/venv/lib/python3.9/site-packages/airflow/example_dags/example_xcomargs.py
[2023-08-28 23:12:03,018] {processor.py:641} INFO - Processing file /home/linuxlite/Documentos/airflow/venv/lib/python3.9/site-packages/airflow/example_dags/example_xcomargs.py for tasks to queue
[2023-08-28 23:12:03,020] {logging_mixin.py:115} INFO - [2023-08-28 23:12:03,020] {dagbag.py:507} INFO - Filling up the DagBag from /home/linuxlite/Documentos/airflow/venv/lib/python3.9/site-packages/airflow/example_dags/example_xcomargs.py
[2023-08-28 23:12:03,040] {processor.py:651} INFO - DAG(s) dict_keys(['example_xcom_args', 'example_xcom_args_with_operators']) retrieved from /home/linuxlite/Documentos/airflow/venv/lib/python3.9/site-packages/airflow/example_dags/example_xcomargs.py
[2023-08-28 23:12:03,090] {logging_mixin.py:115} INFO - [2023-08-28 23:12:03,090] {dag.py:2379} INFO - Sync 2 DAGs
[2023-08-28 23:12:03,110] {logging_mixin.py:115} INFO - [2023-08-28 23:12:03,109] {dag.py:2927} INFO - Setting next_dagrun for example_xcom_args to None, run_after=None
[2023-08-28 23:12:03,110] {logging_mixin.py:115} INFO - [2023-08-28 23:12:03,110] {dag.py:2927} INFO - Setting next_dagrun for example_xcom_args_with_operators to None, run_after=None
[2023-08-28 23:12:03,125] {processor.py:161} INFO - Processing /home/linuxlite/Documentos/airflow/venv/lib/python3.9/site-packages/airflow/example_dags/example_xcomargs.py took 0.112 seconds
[2023-08-28 23:12:38,721] {processor.py:153} INFO - Started process (PID=60141) to work on /home/linuxlite/Documentos/airflow/venv/lib/python3.9/site-packages/airflow/example_dags/example_xcomargs.py
[2023-08-28 23:12:38,722] {processor.py:641} INFO - Processing file /home/linuxlite/Documentos/airflow/venv/lib/python3.9/site-packages/airflow/example_dags/example_xcomargs.py for tasks to queue
[2023-08-28 23:12:38,723] {logging_mixin.py:115} INFO - [2023-08-28 23:12:38,723] {dagbag.py:507} INFO - Filling up the DagBag from /home/linuxlite/Documentos/airflow/venv/lib/python3.9/site-packages/airflow/example_dags/example_xcomargs.py
[2023-08-28 23:12:38,741] {processor.py:651} INFO - DAG(s) dict_keys(['example_xcom_args', 'example_xcom_args_with_operators']) retrieved from /home/linuxlite/Documentos/airflow/venv/lib/python3.9/site-packages/airflow/example_dags/example_xcomargs.py
[2023-08-28 23:12:38,789] {logging_mixin.py:115} INFO - [2023-08-28 23:12:38,789] {dag.py:2379} INFO - Sync 2 DAGs
[2023-08-28 23:12:38,804] {logging_mixin.py:115} INFO - [2023-08-28 23:12:38,804] {dag.py:2927} INFO - Setting next_dagrun for example_xcom_args to None, run_after=None
[2023-08-28 23:12:38,805] {logging_mixin.py:115} INFO - [2023-08-28 23:12:38,804] {dag.py:2927} INFO - Setting next_dagrun for example_xcom_args_with_operators to None, run_after=None
[2023-08-28 23:12:38,818] {processor.py:161} INFO - Processing /home/linuxlite/Documentos/airflow/venv/lib/python3.9/site-packages/airflow/example_dags/example_xcomargs.py took 0.099 seconds
[2023-08-28 23:13:12,982] {processor.py:153} INFO - Started process (PID=60176) to work on /home/linuxlite/Documentos/airflow/venv/lib/python3.9/site-packages/airflow/example_dags/example_xcomargs.py
[2023-08-28 23:13:12,983] {processor.py:641} INFO - Processing file /home/linuxlite/Documentos/airflow/venv/lib/python3.9/site-packages/airflow/example_dags/example_xcomargs.py for tasks to queue
[2023-08-28 23:13:12,984] {logging_mixin.py:115} INFO - [2023-08-28 23:13:12,984] {dagbag.py:507} INFO - Filling up the DagBag from /home/linuxlite/Documentos/airflow/venv/lib/python3.9/site-packages/airflow/example_dags/example_xcomargs.py
[2023-08-28 23:13:13,009] {processor.py:651} INFO - DAG(s) dict_keys(['example_xcom_args', 'example_xcom_args_with_operators']) retrieved from /home/linuxlite/Documentos/airflow/venv/lib/python3.9/site-packages/airflow/example_dags/example_xcomargs.py
[2023-08-28 23:13:13,058] {logging_mixin.py:115} INFO - [2023-08-28 23:13:13,057] {dag.py:2379} INFO - Sync 2 DAGs
[2023-08-28 23:13:13,070] {logging_mixin.py:115} INFO - [2023-08-28 23:13:13,070] {dag.py:2927} INFO - Setting next_dagrun for example_xcom_args to None, run_after=None
[2023-08-28 23:13:13,070] {logging_mixin.py:115} INFO - [2023-08-28 23:13:13,070] {dag.py:2927} INFO - Setting next_dagrun for example_xcom_args_with_operators to None, run_after=None
[2023-08-28 23:13:13,082] {processor.py:161} INFO - Processing /home/linuxlite/Documentos/airflow/venv/lib/python3.9/site-packages/airflow/example_dags/example_xcomargs.py took 0.104 seconds
[2023-08-28 23:13:47,659] {processor.py:153} INFO - Started process (PID=60218) to work on /home/linuxlite/Documentos/airflow/venv/lib/python3.9/site-packages/airflow/example_dags/example_xcomargs.py
[2023-08-28 23:13:47,660] {processor.py:641} INFO - Processing file /home/linuxlite/Documentos/airflow/venv/lib/python3.9/site-packages/airflow/example_dags/example_xcomargs.py for tasks to queue
[2023-08-28 23:13:47,660] {logging_mixin.py:115} INFO - [2023-08-28 23:13:47,660] {dagbag.py:507} INFO - Filling up the DagBag from /home/linuxlite/Documentos/airflow/venv/lib/python3.9/site-packages/airflow/example_dags/example_xcomargs.py
[2023-08-28 23:13:47,681] {processor.py:651} INFO - DAG(s) dict_keys(['example_xcom_args', 'example_xcom_args_with_operators']) retrieved from /home/linuxlite/Documentos/airflow/venv/lib/python3.9/site-packages/airflow/example_dags/example_xcomargs.py
[2023-08-28 23:13:47,709] {logging_mixin.py:115} INFO - [2023-08-28 23:13:47,708] {dag.py:2379} INFO - Sync 2 DAGs
[2023-08-28 23:13:47,728] {logging_mixin.py:115} INFO - [2023-08-28 23:13:47,728] {dag.py:2927} INFO - Setting next_dagrun for example_xcom_args to None, run_after=None
[2023-08-28 23:13:47,729] {logging_mixin.py:115} INFO - [2023-08-28 23:13:47,729] {dag.py:2927} INFO - Setting next_dagrun for example_xcom_args_with_operators to None, run_after=None
[2023-08-28 23:13:47,743] {processor.py:161} INFO - Processing /home/linuxlite/Documentos/airflow/venv/lib/python3.9/site-packages/airflow/example_dags/example_xcomargs.py took 0.088 seconds
[2023-08-28 23:14:23,599] {processor.py:153} INFO - Started process (PID=60259) to work on /home/linuxlite/Documentos/airflow/venv/lib/python3.9/site-packages/airflow/example_dags/example_xcomargs.py
[2023-08-28 23:14:23,600] {processor.py:641} INFO - Processing file /home/linuxlite/Documentos/airflow/venv/lib/python3.9/site-packages/airflow/example_dags/example_xcomargs.py for tasks to queue
[2023-08-28 23:14:23,601] {logging_mixin.py:115} INFO - [2023-08-28 23:14:23,601] {dagbag.py:507} INFO - Filling up the DagBag from /home/linuxlite/Documentos/airflow/venv/lib/python3.9/site-packages/airflow/example_dags/example_xcomargs.py
[2023-08-28 23:14:23,622] {processor.py:651} INFO - DAG(s) dict_keys(['example_xcom_args', 'example_xcom_args_with_operators']) retrieved from /home/linuxlite/Documentos/airflow/venv/lib/python3.9/site-packages/airflow/example_dags/example_xcomargs.py
[2023-08-28 23:14:23,669] {logging_mixin.py:115} INFO - [2023-08-28 23:14:23,669] {dag.py:2379} INFO - Sync 2 DAGs
[2023-08-28 23:14:23,685] {logging_mixin.py:115} INFO - [2023-08-28 23:14:23,685] {dag.py:2927} INFO - Setting next_dagrun for example_xcom_args to None, run_after=None
[2023-08-28 23:14:23,685] {logging_mixin.py:115} INFO - [2023-08-28 23:14:23,685] {dag.py:2927} INFO - Setting next_dagrun for example_xcom_args_with_operators to None, run_after=None
[2023-08-28 23:14:23,698] {processor.py:161} INFO - Processing /home/linuxlite/Documentos/airflow/venv/lib/python3.9/site-packages/airflow/example_dags/example_xcomargs.py took 0.105 seconds
[2023-08-28 23:14:58,607] {processor.py:153} INFO - Started process (PID=60310) to work on /home/linuxlite/Documentos/airflow/venv/lib/python3.9/site-packages/airflow/example_dags/example_xcomargs.py
[2023-08-28 23:14:58,608] {processor.py:641} INFO - Processing file /home/linuxlite/Documentos/airflow/venv/lib/python3.9/site-packages/airflow/example_dags/example_xcomargs.py for tasks to queue
[2023-08-28 23:14:58,609] {logging_mixin.py:115} INFO - [2023-08-28 23:14:58,608] {dagbag.py:507} INFO - Filling up the DagBag from /home/linuxlite/Documentos/airflow/venv/lib/python3.9/site-packages/airflow/example_dags/example_xcomargs.py
[2023-08-28 23:14:58,666] {processor.py:651} INFO - DAG(s) dict_keys(['example_xcom_args', 'example_xcom_args_with_operators']) retrieved from /home/linuxlite/Documentos/airflow/venv/lib/python3.9/site-packages/airflow/example_dags/example_xcomargs.py
[2023-08-28 23:14:58,743] {logging_mixin.py:115} INFO - [2023-08-28 23:14:58,742] {dag.py:2379} INFO - Sync 2 DAGs
[2023-08-28 23:14:58,759] {logging_mixin.py:115} INFO - [2023-08-28 23:14:58,759] {dag.py:2927} INFO - Setting next_dagrun for example_xcom_args to None, run_after=None
[2023-08-28 23:14:58,760] {logging_mixin.py:115} INFO - [2023-08-28 23:14:58,759] {dag.py:2927} INFO - Setting next_dagrun for example_xcom_args_with_operators to None, run_after=None
[2023-08-28 23:14:58,781] {processor.py:161} INFO - Processing /home/linuxlite/Documentos/airflow/venv/lib/python3.9/site-packages/airflow/example_dags/example_xcomargs.py took 0.178 seconds
[2023-08-28 23:15:31,113] {processor.py:153} INFO - Started process (PID=60553) to work on /home/linuxlite/Documentos/airflow/venv/lib/python3.9/site-packages/airflow/example_dags/example_xcomargs.py
[2023-08-28 23:15:31,114] {processor.py:641} INFO - Processing file /home/linuxlite/Documentos/airflow/venv/lib/python3.9/site-packages/airflow/example_dags/example_xcomargs.py for tasks to queue
[2023-08-28 23:15:31,115] {logging_mixin.py:115} INFO - [2023-08-28 23:15:31,115] {dagbag.py:507} INFO - Filling up the DagBag from /home/linuxlite/Documentos/airflow/venv/lib/python3.9/site-packages/airflow/example_dags/example_xcomargs.py
[2023-08-28 23:15:31,140] {processor.py:651} INFO - DAG(s) dict_keys(['example_xcom_args', 'example_xcom_args_with_operators']) retrieved from /home/linuxlite/Documentos/airflow/venv/lib/python3.9/site-packages/airflow/example_dags/example_xcomargs.py
[2023-08-28 23:15:31,159] {logging_mixin.py:115} INFO - [2023-08-28 23:15:31,159] {dag.py:2379} INFO - Sync 2 DAGs
[2023-08-28 23:15:31,176] {logging_mixin.py:115} INFO - [2023-08-28 23:15:31,176] {dag.py:2927} INFO - Setting next_dagrun for example_xcom_args to None, run_after=None
[2023-08-28 23:15:31,176] {logging_mixin.py:115} INFO - [2023-08-28 23:15:31,176] {dag.py:2927} INFO - Setting next_dagrun for example_xcom_args_with_operators to None, run_after=None
[2023-08-28 23:15:31,189] {processor.py:161} INFO - Processing /home/linuxlite/Documentos/airflow/venv/lib/python3.9/site-packages/airflow/example_dags/example_xcomargs.py took 0.079 seconds
[2023-08-28 23:16:06,099] {processor.py:153} INFO - Started process (PID=60590) to work on /home/linuxlite/Documentos/airflow/venv/lib/python3.9/site-packages/airflow/example_dags/example_xcomargs.py
[2023-08-28 23:16:06,100] {processor.py:641} INFO - Processing file /home/linuxlite/Documentos/airflow/venv/lib/python3.9/site-packages/airflow/example_dags/example_xcomargs.py for tasks to queue
[2023-08-28 23:16:06,100] {logging_mixin.py:115} INFO - [2023-08-28 23:16:06,100] {dagbag.py:507} INFO - Filling up the DagBag from /home/linuxlite/Documentos/airflow/venv/lib/python3.9/site-packages/airflow/example_dags/example_xcomargs.py
[2023-08-28 23:16:06,121] {processor.py:651} INFO - DAG(s) dict_keys(['example_xcom_args', 'example_xcom_args_with_operators']) retrieved from /home/linuxlite/Documentos/airflow/venv/lib/python3.9/site-packages/airflow/example_dags/example_xcomargs.py
[2023-08-28 23:16:06,138] {logging_mixin.py:115} INFO - [2023-08-28 23:16:06,138] {dag.py:2379} INFO - Sync 2 DAGs
[2023-08-28 23:16:06,152] {logging_mixin.py:115} INFO - [2023-08-28 23:16:06,152] {dag.py:2927} INFO - Setting next_dagrun for example_xcom_args to None, run_after=None
[2023-08-28 23:16:06,152] {logging_mixin.py:115} INFO - [2023-08-28 23:16:06,152] {dag.py:2927} INFO - Setting next_dagrun for example_xcom_args_with_operators to None, run_after=None
[2023-08-28 23:16:06,164] {processor.py:161} INFO - Processing /home/linuxlite/Documentos/airflow/venv/lib/python3.9/site-packages/airflow/example_dags/example_xcomargs.py took 0.070 seconds
[2023-08-28 23:16:40,723] {processor.py:153} INFO - Started process (PID=60751) to work on /home/linuxlite/Documentos/airflow/venv/lib/python3.9/site-packages/airflow/example_dags/example_xcomargs.py
[2023-08-28 23:16:40,725] {processor.py:641} INFO - Processing file /home/linuxlite/Documentos/airflow/venv/lib/python3.9/site-packages/airflow/example_dags/example_xcomargs.py for tasks to queue
[2023-08-28 23:16:40,726] {logging_mixin.py:115} INFO - [2023-08-28 23:16:40,726] {dagbag.py:507} INFO - Filling up the DagBag from /home/linuxlite/Documentos/airflow/venv/lib/python3.9/site-packages/airflow/example_dags/example_xcomargs.py
[2023-08-28 23:16:40,752] {processor.py:651} INFO - DAG(s) dict_keys(['example_xcom_args', 'example_xcom_args_with_operators']) retrieved from /home/linuxlite/Documentos/airflow/venv/lib/python3.9/site-packages/airflow/example_dags/example_xcomargs.py
[2023-08-28 23:16:40,775] {logging_mixin.py:115} INFO - [2023-08-28 23:16:40,775] {dag.py:2379} INFO - Sync 2 DAGs
[2023-08-28 23:16:40,794] {logging_mixin.py:115} INFO - [2023-08-28 23:16:40,794] {dag.py:2927} INFO - Setting next_dagrun for example_xcom_args to None, run_after=None
[2023-08-28 23:16:40,795] {logging_mixin.py:115} INFO - [2023-08-28 23:16:40,795] {dag.py:2927} INFO - Setting next_dagrun for example_xcom_args_with_operators to None, run_after=None
[2023-08-28 23:16:40,809] {processor.py:161} INFO - Processing /home/linuxlite/Documentos/airflow/venv/lib/python3.9/site-packages/airflow/example_dags/example_xcomargs.py took 0.092 seconds
[2023-08-28 23:17:15,908] {processor.py:153} INFO - Started process (PID=60839) to work on /home/linuxlite/Documentos/airflow/venv/lib/python3.9/site-packages/airflow/example_dags/example_xcomargs.py
[2023-08-28 23:17:15,909] {processor.py:641} INFO - Processing file /home/linuxlite/Documentos/airflow/venv/lib/python3.9/site-packages/airflow/example_dags/example_xcomargs.py for tasks to queue
[2023-08-28 23:17:15,910] {logging_mixin.py:115} INFO - [2023-08-28 23:17:15,910] {dagbag.py:507} INFO - Filling up the DagBag from /home/linuxlite/Documentos/airflow/venv/lib/python3.9/site-packages/airflow/example_dags/example_xcomargs.py
[2023-08-28 23:17:15,935] {processor.py:651} INFO - DAG(s) dict_keys(['example_xcom_args', 'example_xcom_args_with_operators']) retrieved from /home/linuxlite/Documentos/airflow/venv/lib/python3.9/site-packages/airflow/example_dags/example_xcomargs.py
[2023-08-28 23:17:15,988] {logging_mixin.py:115} INFO - [2023-08-28 23:17:15,988] {dag.py:2379} INFO - Sync 2 DAGs
[2023-08-28 23:17:16,003] {logging_mixin.py:115} INFO - [2023-08-28 23:17:16,003] {dag.py:2927} INFO - Setting next_dagrun for example_xcom_args to None, run_after=None
[2023-08-28 23:17:16,004] {logging_mixin.py:115} INFO - [2023-08-28 23:17:16,004] {dag.py:2927} INFO - Setting next_dagrun for example_xcom_args_with_operators to None, run_after=None
[2023-08-28 23:17:16,015] {processor.py:161} INFO - Processing /home/linuxlite/Documentos/airflow/venv/lib/python3.9/site-packages/airflow/example_dags/example_xcomargs.py took 0.111 seconds
[2023-08-28 23:17:51,813] {processor.py:153} INFO - Started process (PID=61012) to work on /home/linuxlite/Documentos/airflow/venv/lib/python3.9/site-packages/airflow/example_dags/example_xcomargs.py
[2023-08-28 23:17:51,815] {processor.py:641} INFO - Processing file /home/linuxlite/Documentos/airflow/venv/lib/python3.9/site-packages/airflow/example_dags/example_xcomargs.py for tasks to queue
[2023-08-28 23:17:51,816] {logging_mixin.py:115} INFO - [2023-08-28 23:17:51,816] {dagbag.py:507} INFO - Filling up the DagBag from /home/linuxlite/Documentos/airflow/venv/lib/python3.9/site-packages/airflow/example_dags/example_xcomargs.py
[2023-08-28 23:17:51,841] {processor.py:651} INFO - DAG(s) dict_keys(['example_xcom_args', 'example_xcom_args_with_operators']) retrieved from /home/linuxlite/Documentos/airflow/venv/lib/python3.9/site-packages/airflow/example_dags/example_xcomargs.py
[2023-08-28 23:17:51,858] {logging_mixin.py:115} INFO - [2023-08-28 23:17:51,858] {dag.py:2379} INFO - Sync 2 DAGs
[2023-08-28 23:17:51,873] {logging_mixin.py:115} INFO - [2023-08-28 23:17:51,873] {dag.py:2927} INFO - Setting next_dagrun for example_xcom_args to None, run_after=None
[2023-08-28 23:17:51,873] {logging_mixin.py:115} INFO - [2023-08-28 23:17:51,873] {dag.py:2927} INFO - Setting next_dagrun for example_xcom_args_with_operators to None, run_after=None
[2023-08-28 23:17:51,886] {processor.py:161} INFO - Processing /home/linuxlite/Documentos/airflow/venv/lib/python3.9/site-packages/airflow/example_dags/example_xcomargs.py took 0.079 seconds
[2023-08-28 23:18:27,373] {processor.py:153} INFO - Started process (PID=61464) to work on /home/linuxlite/Documentos/airflow/venv/lib/python3.9/site-packages/airflow/example_dags/example_xcomargs.py
[2023-08-28 23:18:27,374] {processor.py:641} INFO - Processing file /home/linuxlite/Documentos/airflow/venv/lib/python3.9/site-packages/airflow/example_dags/example_xcomargs.py for tasks to queue
[2023-08-28 23:18:27,375] {logging_mixin.py:115} INFO - [2023-08-28 23:18:27,375] {dagbag.py:507} INFO - Filling up the DagBag from /home/linuxlite/Documentos/airflow/venv/lib/python3.9/site-packages/airflow/example_dags/example_xcomargs.py
[2023-08-28 23:18:27,404] {processor.py:651} INFO - DAG(s) dict_keys(['example_xcom_args', 'example_xcom_args_with_operators']) retrieved from /home/linuxlite/Documentos/airflow/venv/lib/python3.9/site-packages/airflow/example_dags/example_xcomargs.py
[2023-08-28 23:18:27,472] {logging_mixin.py:115} INFO - [2023-08-28 23:18:27,472] {dag.py:2379} INFO - Sync 2 DAGs
[2023-08-28 23:18:27,498] {logging_mixin.py:115} INFO - [2023-08-28 23:18:27,498] {dag.py:2927} INFO - Setting next_dagrun for example_xcom_args to None, run_after=None
[2023-08-28 23:18:27,498] {logging_mixin.py:115} INFO - [2023-08-28 23:18:27,498] {dag.py:2927} INFO - Setting next_dagrun for example_xcom_args_with_operators to None, run_after=None
[2023-08-28 23:18:27,517] {processor.py:161} INFO - Processing /home/linuxlite/Documentos/airflow/venv/lib/python3.9/site-packages/airflow/example_dags/example_xcomargs.py took 0.148 seconds
[2023-08-28 23:19:00,068] {processor.py:153} INFO - Started process (PID=61548) to work on /home/linuxlite/Documentos/airflow/venv/lib/python3.9/site-packages/airflow/example_dags/example_xcomargs.py
[2023-08-28 23:19:00,069] {processor.py:641} INFO - Processing file /home/linuxlite/Documentos/airflow/venv/lib/python3.9/site-packages/airflow/example_dags/example_xcomargs.py for tasks to queue
[2023-08-28 23:19:00,070] {logging_mixin.py:115} INFO - [2023-08-28 23:19:00,070] {dagbag.py:507} INFO - Filling up the DagBag from /home/linuxlite/Documentos/airflow/venv/lib/python3.9/site-packages/airflow/example_dags/example_xcomargs.py
[2023-08-28 23:19:00,093] {processor.py:651} INFO - DAG(s) dict_keys(['example_xcom_args', 'example_xcom_args_with_operators']) retrieved from /home/linuxlite/Documentos/airflow/venv/lib/python3.9/site-packages/airflow/example_dags/example_xcomargs.py
[2023-08-28 23:19:00,109] {logging_mixin.py:115} INFO - [2023-08-28 23:19:00,109] {dag.py:2379} INFO - Sync 2 DAGs
[2023-08-28 23:19:00,124] {logging_mixin.py:115} INFO - [2023-08-28 23:19:00,124] {dag.py:2927} INFO - Setting next_dagrun for example_xcom_args to None, run_after=None
[2023-08-28 23:19:00,125] {logging_mixin.py:115} INFO - [2023-08-28 23:19:00,125] {dag.py:2927} INFO - Setting next_dagrun for example_xcom_args_with_operators to None, run_after=None
[2023-08-28 23:19:00,137] {processor.py:161} INFO - Processing /home/linuxlite/Documentos/airflow/venv/lib/python3.9/site-packages/airflow/example_dags/example_xcomargs.py took 0.074 seconds
[2023-08-28 23:19:35,073] {processor.py:153} INFO - Started process (PID=61605) to work on /home/linuxlite/Documentos/airflow/venv/lib/python3.9/site-packages/airflow/example_dags/example_xcomargs.py
[2023-08-28 23:19:35,074] {processor.py:641} INFO - Processing file /home/linuxlite/Documentos/airflow/venv/lib/python3.9/site-packages/airflow/example_dags/example_xcomargs.py for tasks to queue
[2023-08-28 23:19:35,075] {logging_mixin.py:115} INFO - [2023-08-28 23:19:35,075] {dagbag.py:507} INFO - Filling up the DagBag from /home/linuxlite/Documentos/airflow/venv/lib/python3.9/site-packages/airflow/example_dags/example_xcomargs.py
[2023-08-28 23:19:35,098] {processor.py:651} INFO - DAG(s) dict_keys(['example_xcom_args', 'example_xcom_args_with_operators']) retrieved from /home/linuxlite/Documentos/airflow/venv/lib/python3.9/site-packages/airflow/example_dags/example_xcomargs.py
[2023-08-28 23:19:35,139] {logging_mixin.py:115} INFO - [2023-08-28 23:19:35,139] {dag.py:2379} INFO - Sync 2 DAGs
[2023-08-28 23:19:35,152] {logging_mixin.py:115} INFO - [2023-08-28 23:19:35,152] {dag.py:2927} INFO - Setting next_dagrun for example_xcom_args to None, run_after=None
[2023-08-28 23:19:35,152] {logging_mixin.py:115} INFO - [2023-08-28 23:19:35,152] {dag.py:2927} INFO - Setting next_dagrun for example_xcom_args_with_operators to None, run_after=None
[2023-08-28 23:19:35,164] {processor.py:161} INFO - Processing /home/linuxlite/Documentos/airflow/venv/lib/python3.9/site-packages/airflow/example_dags/example_xcomargs.py took 0.097 seconds
[2023-08-28 23:20:08,657] {processor.py:153} INFO - Started process (PID=61716) to work on /home/linuxlite/Documentos/airflow/venv/lib/python3.9/site-packages/airflow/example_dags/example_xcomargs.py
[2023-08-28 23:20:08,660] {processor.py:641} INFO - Processing file /home/linuxlite/Documentos/airflow/venv/lib/python3.9/site-packages/airflow/example_dags/example_xcomargs.py for tasks to queue
[2023-08-28 23:20:08,664] {logging_mixin.py:115} INFO - [2023-08-28 23:20:08,663] {dagbag.py:507} INFO - Filling up the DagBag from /home/linuxlite/Documentos/airflow/venv/lib/python3.9/site-packages/airflow/example_dags/example_xcomargs.py
[2023-08-28 23:20:08,704] {processor.py:651} INFO - DAG(s) dict_keys(['example_xcom_args', 'example_xcom_args_with_operators']) retrieved from /home/linuxlite/Documentos/airflow/venv/lib/python3.9/site-packages/airflow/example_dags/example_xcomargs.py
[2023-08-28 23:20:08,769] {logging_mixin.py:115} INFO - [2023-08-28 23:20:08,769] {dag.py:2379} INFO - Sync 2 DAGs
[2023-08-28 23:20:08,789] {logging_mixin.py:115} INFO - [2023-08-28 23:20:08,789] {dag.py:2927} INFO - Setting next_dagrun for example_xcom_args to None, run_after=None
[2023-08-28 23:20:08,790] {logging_mixin.py:115} INFO - [2023-08-28 23:20:08,790] {dag.py:2927} INFO - Setting next_dagrun for example_xcom_args_with_operators to None, run_after=None
[2023-08-28 23:20:08,802] {processor.py:161} INFO - Processing /home/linuxlite/Documentos/airflow/venv/lib/python3.9/site-packages/airflow/example_dags/example_xcomargs.py took 0.151 seconds
[2023-08-28 23:20:43,001] {processor.py:153} INFO - Started process (PID=61750) to work on /home/linuxlite/Documentos/airflow/venv/lib/python3.9/site-packages/airflow/example_dags/example_xcomargs.py
[2023-08-28 23:20:43,002] {processor.py:641} INFO - Processing file /home/linuxlite/Documentos/airflow/venv/lib/python3.9/site-packages/airflow/example_dags/example_xcomargs.py for tasks to queue
[2023-08-28 23:20:43,003] {logging_mixin.py:115} INFO - [2023-08-28 23:20:43,003] {dagbag.py:507} INFO - Filling up the DagBag from /home/linuxlite/Documentos/airflow/venv/lib/python3.9/site-packages/airflow/example_dags/example_xcomargs.py
[2023-08-28 23:20:43,028] {processor.py:651} INFO - DAG(s) dict_keys(['example_xcom_args', 'example_xcom_args_with_operators']) retrieved from /home/linuxlite/Documentos/airflow/venv/lib/python3.9/site-packages/airflow/example_dags/example_xcomargs.py
[2023-08-28 23:20:43,046] {logging_mixin.py:115} INFO - [2023-08-28 23:20:43,046] {dag.py:2379} INFO - Sync 2 DAGs
[2023-08-28 23:20:43,061] {logging_mixin.py:115} INFO - [2023-08-28 23:20:43,061] {dag.py:2927} INFO - Setting next_dagrun for example_xcom_args to None, run_after=None
[2023-08-28 23:20:43,061] {logging_mixin.py:115} INFO - [2023-08-28 23:20:43,061] {dag.py:2927} INFO - Setting next_dagrun for example_xcom_args_with_operators to None, run_after=None
[2023-08-28 23:20:43,073] {processor.py:161} INFO - Processing /home/linuxlite/Documentos/airflow/venv/lib/python3.9/site-packages/airflow/example_dags/example_xcomargs.py took 0.079 seconds
[2023-08-28 23:21:17,037] {processor.py:153} INFO - Started process (PID=61792) to work on /home/linuxlite/Documentos/airflow/venv/lib/python3.9/site-packages/airflow/example_dags/example_xcomargs.py
[2023-08-28 23:21:17,038] {processor.py:641} INFO - Processing file /home/linuxlite/Documentos/airflow/venv/lib/python3.9/site-packages/airflow/example_dags/example_xcomargs.py for tasks to queue
[2023-08-28 23:21:17,039] {logging_mixin.py:115} INFO - [2023-08-28 23:21:17,039] {dagbag.py:507} INFO - Filling up the DagBag from /home/linuxlite/Documentos/airflow/venv/lib/python3.9/site-packages/airflow/example_dags/example_xcomargs.py
[2023-08-28 23:21:17,064] {processor.py:651} INFO - DAG(s) dict_keys(['example_xcom_args', 'example_xcom_args_with_operators']) retrieved from /home/linuxlite/Documentos/airflow/venv/lib/python3.9/site-packages/airflow/example_dags/example_xcomargs.py
[2023-08-28 23:21:17,081] {logging_mixin.py:115} INFO - [2023-08-28 23:21:17,081] {dag.py:2379} INFO - Sync 2 DAGs
[2023-08-28 23:21:17,097] {logging_mixin.py:115} INFO - [2023-08-28 23:21:17,097] {dag.py:2927} INFO - Setting next_dagrun for example_xcom_args to None, run_after=None
[2023-08-28 23:21:17,097] {logging_mixin.py:115} INFO - [2023-08-28 23:21:17,097] {dag.py:2927} INFO - Setting next_dagrun for example_xcom_args_with_operators to None, run_after=None
[2023-08-28 23:21:17,108] {processor.py:161} INFO - Processing /home/linuxlite/Documentos/airflow/venv/lib/python3.9/site-packages/airflow/example_dags/example_xcomargs.py took 0.074 seconds
[2023-08-28 23:21:49,801] {processor.py:153} INFO - Started process (PID=61850) to work on /home/linuxlite/Documentos/airflow/venv/lib/python3.9/site-packages/airflow/example_dags/example_xcomargs.py
[2023-08-28 23:21:49,802] {processor.py:641} INFO - Processing file /home/linuxlite/Documentos/airflow/venv/lib/python3.9/site-packages/airflow/example_dags/example_xcomargs.py for tasks to queue
[2023-08-28 23:21:49,803] {logging_mixin.py:115} INFO - [2023-08-28 23:21:49,803] {dagbag.py:507} INFO - Filling up the DagBag from /home/linuxlite/Documentos/airflow/venv/lib/python3.9/site-packages/airflow/example_dags/example_xcomargs.py
[2023-08-28 23:21:49,829] {processor.py:651} INFO - DAG(s) dict_keys(['example_xcom_args', 'example_xcom_args_with_operators']) retrieved from /home/linuxlite/Documentos/airflow/venv/lib/python3.9/site-packages/airflow/example_dags/example_xcomargs.py
[2023-08-28 23:21:49,847] {logging_mixin.py:115} INFO - [2023-08-28 23:21:49,847] {dag.py:2379} INFO - Sync 2 DAGs
[2023-08-28 23:21:49,866] {logging_mixin.py:115} INFO - [2023-08-28 23:21:49,866] {dag.py:2927} INFO - Setting next_dagrun for example_xcom_args to None, run_after=None
[2023-08-28 23:21:49,866] {logging_mixin.py:115} INFO - [2023-08-28 23:21:49,866] {dag.py:2927} INFO - Setting next_dagrun for example_xcom_args_with_operators to None, run_after=None
[2023-08-28 23:21:49,880] {processor.py:161} INFO - Processing /home/linuxlite/Documentos/airflow/venv/lib/python3.9/site-packages/airflow/example_dags/example_xcomargs.py took 0.082 seconds
[2023-08-28 23:22:23,053] {processor.py:153} INFO - Started process (PID=61886) to work on /home/linuxlite/Documentos/airflow/venv/lib/python3.9/site-packages/airflow/example_dags/example_xcomargs.py
[2023-08-28 23:22:23,055] {processor.py:641} INFO - Processing file /home/linuxlite/Documentos/airflow/venv/lib/python3.9/site-packages/airflow/example_dags/example_xcomargs.py for tasks to queue
[2023-08-28 23:22:23,059] {logging_mixin.py:115} INFO - [2023-08-28 23:22:23,058] {dagbag.py:507} INFO - Filling up the DagBag from /home/linuxlite/Documentos/airflow/venv/lib/python3.9/site-packages/airflow/example_dags/example_xcomargs.py
[2023-08-28 23:22:23,083] {processor.py:651} INFO - DAG(s) dict_keys(['example_xcom_args', 'example_xcom_args_with_operators']) retrieved from /home/linuxlite/Documentos/airflow/venv/lib/python3.9/site-packages/airflow/example_dags/example_xcomargs.py
[2023-08-28 23:22:23,103] {logging_mixin.py:115} INFO - [2023-08-28 23:22:23,103] {dag.py:2379} INFO - Sync 2 DAGs
[2023-08-28 23:22:23,120] {logging_mixin.py:115} INFO - [2023-08-28 23:22:23,120] {dag.py:2927} INFO - Setting next_dagrun for example_xcom_args to None, run_after=None
[2023-08-28 23:22:23,121] {logging_mixin.py:115} INFO - [2023-08-28 23:22:23,121] {dag.py:2927} INFO - Setting next_dagrun for example_xcom_args_with_operators to None, run_after=None
[2023-08-28 23:22:23,136] {processor.py:161} INFO - Processing /home/linuxlite/Documentos/airflow/venv/lib/python3.9/site-packages/airflow/example_dags/example_xcomargs.py took 0.086 seconds
[2023-08-28 23:22:55,077] {processor.py:153} INFO - Started process (PID=61923) to work on /home/linuxlite/Documentos/airflow/venv/lib/python3.9/site-packages/airflow/example_dags/example_xcomargs.py
[2023-08-28 23:22:55,078] {processor.py:641} INFO - Processing file /home/linuxlite/Documentos/airflow/venv/lib/python3.9/site-packages/airflow/example_dags/example_xcomargs.py for tasks to queue
[2023-08-28 23:22:55,078] {logging_mixin.py:115} INFO - [2023-08-28 23:22:55,078] {dagbag.py:507} INFO - Filling up the DagBag from /home/linuxlite/Documentos/airflow/venv/lib/python3.9/site-packages/airflow/example_dags/example_xcomargs.py
[2023-08-28 23:22:55,100] {processor.py:651} INFO - DAG(s) dict_keys(['example_xcom_args', 'example_xcom_args_with_operators']) retrieved from /home/linuxlite/Documentos/airflow/venv/lib/python3.9/site-packages/airflow/example_dags/example_xcomargs.py
[2023-08-28 23:22:55,118] {logging_mixin.py:115} INFO - [2023-08-28 23:22:55,117] {dag.py:2379} INFO - Sync 2 DAGs
[2023-08-28 23:22:55,134] {logging_mixin.py:115} INFO - [2023-08-28 23:22:55,134] {dag.py:2927} INFO - Setting next_dagrun for example_xcom_args to None, run_after=None
[2023-08-28 23:22:55,134] {logging_mixin.py:115} INFO - [2023-08-28 23:22:55,134] {dag.py:2927} INFO - Setting next_dagrun for example_xcom_args_with_operators to None, run_after=None
[2023-08-28 23:22:55,146] {processor.py:161} INFO - Processing /home/linuxlite/Documentos/airflow/venv/lib/python3.9/site-packages/airflow/example_dags/example_xcomargs.py took 0.072 seconds
[2023-08-28 23:23:31,570] {processor.py:153} INFO - Started process (PID=61965) to work on /home/linuxlite/Documentos/airflow/venv/lib/python3.9/site-packages/airflow/example_dags/example_xcomargs.py
[2023-08-28 23:23:31,571] {processor.py:641} INFO - Processing file /home/linuxlite/Documentos/airflow/venv/lib/python3.9/site-packages/airflow/example_dags/example_xcomargs.py for tasks to queue
[2023-08-28 23:23:31,572] {logging_mixin.py:115} INFO - [2023-08-28 23:23:31,572] {dagbag.py:507} INFO - Filling up the DagBag from /home/linuxlite/Documentos/airflow/venv/lib/python3.9/site-packages/airflow/example_dags/example_xcomargs.py
[2023-08-28 23:23:31,594] {processor.py:651} INFO - DAG(s) dict_keys(['example_xcom_args', 'example_xcom_args_with_operators']) retrieved from /home/linuxlite/Documentos/airflow/venv/lib/python3.9/site-packages/airflow/example_dags/example_xcomargs.py
[2023-08-28 23:23:31,612] {logging_mixin.py:115} INFO - [2023-08-28 23:23:31,612] {dag.py:2379} INFO - Sync 2 DAGs
[2023-08-28 23:23:31,628] {logging_mixin.py:115} INFO - [2023-08-28 23:23:31,628] {dag.py:2927} INFO - Setting next_dagrun for example_xcom_args to None, run_after=None
[2023-08-28 23:23:31,628] {logging_mixin.py:115} INFO - [2023-08-28 23:23:31,628] {dag.py:2927} INFO - Setting next_dagrun for example_xcom_args_with_operators to None, run_after=None
[2023-08-28 23:23:31,639] {processor.py:161} INFO - Processing /home/linuxlite/Documentos/airflow/venv/lib/python3.9/site-packages/airflow/example_dags/example_xcomargs.py took 0.072 seconds
[2023-08-28 23:24:05,980] {processor.py:153} INFO - Started process (PID=62007) to work on /home/linuxlite/Documentos/airflow/venv/lib/python3.9/site-packages/airflow/example_dags/example_xcomargs.py
[2023-08-28 23:24:05,981] {processor.py:641} INFO - Processing file /home/linuxlite/Documentos/airflow/venv/lib/python3.9/site-packages/airflow/example_dags/example_xcomargs.py for tasks to queue
[2023-08-28 23:24:05,982] {logging_mixin.py:115} INFO - [2023-08-28 23:24:05,981] {dagbag.py:507} INFO - Filling up the DagBag from /home/linuxlite/Documentos/airflow/venv/lib/python3.9/site-packages/airflow/example_dags/example_xcomargs.py
[2023-08-28 23:24:06,001] {processor.py:651} INFO - DAG(s) dict_keys(['example_xcom_args', 'example_xcom_args_with_operators']) retrieved from /home/linuxlite/Documentos/airflow/venv/lib/python3.9/site-packages/airflow/example_dags/example_xcomargs.py
[2023-08-28 23:24:06,019] {logging_mixin.py:115} INFO - [2023-08-28 23:24:06,019] {dag.py:2379} INFO - Sync 2 DAGs
[2023-08-28 23:24:06,035] {logging_mixin.py:115} INFO - [2023-08-28 23:24:06,035] {dag.py:2927} INFO - Setting next_dagrun for example_xcom_args to None, run_after=None
[2023-08-28 23:24:06,036] {logging_mixin.py:115} INFO - [2023-08-28 23:24:06,036] {dag.py:2927} INFO - Setting next_dagrun for example_xcom_args_with_operators to None, run_after=None
[2023-08-28 23:24:06,048] {processor.py:161} INFO - Processing /home/linuxlite/Documentos/airflow/venv/lib/python3.9/site-packages/airflow/example_dags/example_xcomargs.py took 0.072 seconds
[2023-08-28 23:24:37,062] {processor.py:153} INFO - Started process (PID=62044) to work on /home/linuxlite/Documentos/airflow/venv/lib/python3.9/site-packages/airflow/example_dags/example_xcomargs.py
[2023-08-28 23:24:37,064] {processor.py:641} INFO - Processing file /home/linuxlite/Documentos/airflow/venv/lib/python3.9/site-packages/airflow/example_dags/example_xcomargs.py for tasks to queue
[2023-08-28 23:24:37,065] {logging_mixin.py:115} INFO - [2023-08-28 23:24:37,065] {dagbag.py:507} INFO - Filling up the DagBag from /home/linuxlite/Documentos/airflow/venv/lib/python3.9/site-packages/airflow/example_dags/example_xcomargs.py
[2023-08-28 23:24:37,094] {processor.py:651} INFO - DAG(s) dict_keys(['example_xcom_args', 'example_xcom_args_with_operators']) retrieved from /home/linuxlite/Documentos/airflow/venv/lib/python3.9/site-packages/airflow/example_dags/example_xcomargs.py
[2023-08-28 23:24:37,110] {logging_mixin.py:115} INFO - [2023-08-28 23:24:37,110] {dag.py:2379} INFO - Sync 2 DAGs
[2023-08-28 23:24:37,126] {logging_mixin.py:115} INFO - [2023-08-28 23:24:37,126] {dag.py:2927} INFO - Setting next_dagrun for example_xcom_args to None, run_after=None
[2023-08-28 23:24:37,126] {logging_mixin.py:115} INFO - [2023-08-28 23:24:37,126] {dag.py:2927} INFO - Setting next_dagrun for example_xcom_args_with_operators to None, run_after=None
[2023-08-28 23:24:37,137] {processor.py:161} INFO - Processing /home/linuxlite/Documentos/airflow/venv/lib/python3.9/site-packages/airflow/example_dags/example_xcomargs.py took 0.080 seconds
[2023-08-28 23:25:09,069] {processor.py:153} INFO - Started process (PID=62145) to work on /home/linuxlite/Documentos/airflow/venv/lib/python3.9/site-packages/airflow/example_dags/example_xcomargs.py
[2023-08-28 23:25:09,072] {processor.py:641} INFO - Processing file /home/linuxlite/Documentos/airflow/venv/lib/python3.9/site-packages/airflow/example_dags/example_xcomargs.py for tasks to queue
[2023-08-28 23:25:09,074] {logging_mixin.py:115} INFO - [2023-08-28 23:25:09,074] {dagbag.py:507} INFO - Filling up the DagBag from /home/linuxlite/Documentos/airflow/venv/lib/python3.9/site-packages/airflow/example_dags/example_xcomargs.py
[2023-08-28 23:25:09,098] {processor.py:651} INFO - DAG(s) dict_keys(['example_xcom_args', 'example_xcom_args_with_operators']) retrieved from /home/linuxlite/Documentos/airflow/venv/lib/python3.9/site-packages/airflow/example_dags/example_xcomargs.py
[2023-08-28 23:25:09,144] {logging_mixin.py:115} INFO - [2023-08-28 23:25:09,144] {dag.py:2379} INFO - Sync 2 DAGs
[2023-08-28 23:25:09,160] {logging_mixin.py:115} INFO - [2023-08-28 23:25:09,159] {dag.py:2927} INFO - Setting next_dagrun for example_xcom_args to None, run_after=None
[2023-08-28 23:25:09,160] {logging_mixin.py:115} INFO - [2023-08-28 23:25:09,160] {dag.py:2927} INFO - Setting next_dagrun for example_xcom_args_with_operators to None, run_after=None
[2023-08-28 23:25:09,176] {processor.py:161} INFO - Processing /home/linuxlite/Documentos/airflow/venv/lib/python3.9/site-packages/airflow/example_dags/example_xcomargs.py took 0.110 seconds
[2023-08-28 23:25:42,181] {processor.py:153} INFO - Started process (PID=62180) to work on /home/linuxlite/Documentos/airflow/venv/lib/python3.9/site-packages/airflow/example_dags/example_xcomargs.py
[2023-08-28 23:25:42,182] {processor.py:641} INFO - Processing file /home/linuxlite/Documentos/airflow/venv/lib/python3.9/site-packages/airflow/example_dags/example_xcomargs.py for tasks to queue
[2023-08-28 23:25:42,183] {logging_mixin.py:115} INFO - [2023-08-28 23:25:42,183] {dagbag.py:507} INFO - Filling up the DagBag from /home/linuxlite/Documentos/airflow/venv/lib/python3.9/site-packages/airflow/example_dags/example_xcomargs.py
[2023-08-28 23:25:42,203] {processor.py:651} INFO - DAG(s) dict_keys(['example_xcom_args', 'example_xcom_args_with_operators']) retrieved from /home/linuxlite/Documentos/airflow/venv/lib/python3.9/site-packages/airflow/example_dags/example_xcomargs.py
[2023-08-28 23:25:42,242] {logging_mixin.py:115} INFO - [2023-08-28 23:25:42,242] {dag.py:2379} INFO - Sync 2 DAGs
[2023-08-28 23:25:42,255] {logging_mixin.py:115} INFO - [2023-08-28 23:25:42,255] {dag.py:2927} INFO - Setting next_dagrun for example_xcom_args to None, run_after=None
[2023-08-28 23:25:42,255] {logging_mixin.py:115} INFO - [2023-08-28 23:25:42,255] {dag.py:2927} INFO - Setting next_dagrun for example_xcom_args_with_operators to None, run_after=None
[2023-08-28 23:25:42,269] {processor.py:161} INFO - Processing /home/linuxlite/Documentos/airflow/venv/lib/python3.9/site-packages/airflow/example_dags/example_xcomargs.py took 0.091 seconds
[2023-08-28 23:26:19,316] {processor.py:153} INFO - Started process (PID=62230) to work on /home/linuxlite/Documentos/airflow/venv/lib/python3.9/site-packages/airflow/example_dags/example_xcomargs.py
[2023-08-28 23:26:19,317] {processor.py:641} INFO - Processing file /home/linuxlite/Documentos/airflow/venv/lib/python3.9/site-packages/airflow/example_dags/example_xcomargs.py for tasks to queue
[2023-08-28 23:26:19,317] {logging_mixin.py:115} INFO - [2023-08-28 23:26:19,317] {dagbag.py:507} INFO - Filling up the DagBag from /home/linuxlite/Documentos/airflow/venv/lib/python3.9/site-packages/airflow/example_dags/example_xcomargs.py
[2023-08-28 23:26:19,338] {processor.py:651} INFO - DAG(s) dict_keys(['example_xcom_args', 'example_xcom_args_with_operators']) retrieved from /home/linuxlite/Documentos/airflow/venv/lib/python3.9/site-packages/airflow/example_dags/example_xcomargs.py
[2023-08-28 23:26:19,362] {logging_mixin.py:115} INFO - [2023-08-28 23:26:19,362] {dag.py:2379} INFO - Sync 2 DAGs
[2023-08-28 23:26:19,376] {logging_mixin.py:115} INFO - [2023-08-28 23:26:19,376] {dag.py:2927} INFO - Setting next_dagrun for example_xcom_args to None, run_after=None
[2023-08-28 23:26:19,376] {logging_mixin.py:115} INFO - [2023-08-28 23:26:19,376] {dag.py:2927} INFO - Setting next_dagrun for example_xcom_args_with_operators to None, run_after=None
[2023-08-28 23:26:19,387] {processor.py:161} INFO - Processing /home/linuxlite/Documentos/airflow/venv/lib/python3.9/site-packages/airflow/example_dags/example_xcomargs.py took 0.075 seconds
[2023-08-28 23:26:53,300] {processor.py:153} INFO - Started process (PID=62269) to work on /home/linuxlite/Documentos/airflow/venv/lib/python3.9/site-packages/airflow/example_dags/example_xcomargs.py
[2023-08-28 23:26:53,301] {processor.py:641} INFO - Processing file /home/linuxlite/Documentos/airflow/venv/lib/python3.9/site-packages/airflow/example_dags/example_xcomargs.py for tasks to queue
[2023-08-28 23:26:53,302] {logging_mixin.py:115} INFO - [2023-08-28 23:26:53,302] {dagbag.py:507} INFO - Filling up the DagBag from /home/linuxlite/Documentos/airflow/venv/lib/python3.9/site-packages/airflow/example_dags/example_xcomargs.py
[2023-08-28 23:26:53,331] {processor.py:651} INFO - DAG(s) dict_keys(['example_xcom_args', 'example_xcom_args_with_operators']) retrieved from /home/linuxlite/Documentos/airflow/venv/lib/python3.9/site-packages/airflow/example_dags/example_xcomargs.py
[2023-08-28 23:26:53,372] {logging_mixin.py:115} INFO - [2023-08-28 23:26:53,372] {dag.py:2379} INFO - Sync 2 DAGs
[2023-08-28 23:26:53,386] {logging_mixin.py:115} INFO - [2023-08-28 23:26:53,386] {dag.py:2927} INFO - Setting next_dagrun for example_xcom_args to None, run_after=None
[2023-08-28 23:26:53,386] {logging_mixin.py:115} INFO - [2023-08-28 23:26:53,386] {dag.py:2927} INFO - Setting next_dagrun for example_xcom_args_with_operators to None, run_after=None
[2023-08-28 23:26:53,401] {processor.py:161} INFO - Processing /home/linuxlite/Documentos/airflow/venv/lib/python3.9/site-packages/airflow/example_dags/example_xcomargs.py took 0.107 seconds
[2023-08-28 23:27:28,083] {processor.py:153} INFO - Started process (PID=62324) to work on /home/linuxlite/Documentos/airflow/venv/lib/python3.9/site-packages/airflow/example_dags/example_xcomargs.py
[2023-08-28 23:27:28,084] {processor.py:641} INFO - Processing file /home/linuxlite/Documentos/airflow/venv/lib/python3.9/site-packages/airflow/example_dags/example_xcomargs.py for tasks to queue
[2023-08-28 23:27:28,085] {logging_mixin.py:115} INFO - [2023-08-28 23:27:28,085] {dagbag.py:507} INFO - Filling up the DagBag from /home/linuxlite/Documentos/airflow/venv/lib/python3.9/site-packages/airflow/example_dags/example_xcomargs.py
[2023-08-28 23:27:28,106] {processor.py:651} INFO - DAG(s) dict_keys(['example_xcom_args', 'example_xcom_args_with_operators']) retrieved from /home/linuxlite/Documentos/airflow/venv/lib/python3.9/site-packages/airflow/example_dags/example_xcomargs.py
[2023-08-28 23:27:28,148] {logging_mixin.py:115} INFO - [2023-08-28 23:27:28,148] {dag.py:2379} INFO - Sync 2 DAGs
[2023-08-28 23:27:28,161] {logging_mixin.py:115} INFO - [2023-08-28 23:27:28,161] {dag.py:2927} INFO - Setting next_dagrun for example_xcom_args to None, run_after=None
[2023-08-28 23:27:28,161] {logging_mixin.py:115} INFO - [2023-08-28 23:27:28,161] {dag.py:2927} INFO - Setting next_dagrun for example_xcom_args_with_operators to None, run_after=None
[2023-08-28 23:27:28,174] {processor.py:161} INFO - Processing /home/linuxlite/Documentos/airflow/venv/lib/python3.9/site-packages/airflow/example_dags/example_xcomargs.py took 0.094 seconds
