[2023-08-28 23:11:00,878] {processor.py:153} INFO - Started process (PID=59980) to work on /home/linuxlite/Documentos/airflow/venv/lib/python3.9/site-packages/airflow/example_dags/example_dag_decorator.py
[2023-08-28 23:11:00,879] {processor.py:641} INFO - Processing file /home/linuxlite/Documentos/airflow/venv/lib/python3.9/site-packages/airflow/example_dags/example_dag_decorator.py for tasks to queue
[2023-08-28 23:11:00,879] {logging_mixin.py:115} INFO - [2023-08-28 23:11:00,879] {dagbag.py:507} INFO - Filling up the DagBag from /home/linuxlite/Documentos/airflow/venv/lib/python3.9/site-packages/airflow/example_dags/example_dag_decorator.py
[2023-08-28 23:11:00,905] {processor.py:651} INFO - DAG(s) dict_keys(['example_dag_decorator']) retrieved from /home/linuxlite/Documentos/airflow/venv/lib/python3.9/site-packages/airflow/example_dags/example_dag_decorator.py
[2023-08-28 23:11:00,944] {logging_mixin.py:115} INFO - [2023-08-28 23:11:00,944] {dag.py:2379} INFO - Sync 1 DAGs
[2023-08-28 23:11:00,959] {logging_mixin.py:115} INFO - [2023-08-28 23:11:00,959] {dag.py:2927} INFO - Setting next_dagrun for example_dag_decorator to None, run_after=None
[2023-08-28 23:11:00,973] {processor.py:161} INFO - Processing /home/linuxlite/Documentos/airflow/venv/lib/python3.9/site-packages/airflow/example_dags/example_dag_decorator.py took 0.098 seconds
[2023-08-28 23:11:37,317] {processor.py:153} INFO - Started process (PID=60068) to work on /home/linuxlite/Documentos/airflow/venv/lib/python3.9/site-packages/airflow/example_dags/example_dag_decorator.py
[2023-08-28 23:11:37,318] {processor.py:641} INFO - Processing file /home/linuxlite/Documentos/airflow/venv/lib/python3.9/site-packages/airflow/example_dags/example_dag_decorator.py for tasks to queue
[2023-08-28 23:11:37,318] {logging_mixin.py:115} INFO - [2023-08-28 23:11:37,318] {dagbag.py:507} INFO - Filling up the DagBag from /home/linuxlite/Documentos/airflow/venv/lib/python3.9/site-packages/airflow/example_dags/example_dag_decorator.py
[2023-08-28 23:11:37,346] {processor.py:651} INFO - DAG(s) dict_keys(['example_dag_decorator']) retrieved from /home/linuxlite/Documentos/airflow/venv/lib/python3.9/site-packages/airflow/example_dags/example_dag_decorator.py
[2023-08-28 23:11:37,460] {logging_mixin.py:115} INFO - [2023-08-28 23:11:37,460] {dag.py:2379} INFO - Sync 1 DAGs
[2023-08-28 23:11:37,482] {logging_mixin.py:115} INFO - [2023-08-28 23:11:37,481] {dag.py:2927} INFO - Setting next_dagrun for example_dag_decorator to None, run_after=None
[2023-08-28 23:11:37,493] {processor.py:161} INFO - Processing /home/linuxlite/Documentos/airflow/venv/lib/python3.9/site-packages/airflow/example_dags/example_dag_decorator.py took 0.180 seconds
[2023-08-28 23:12:11,611] {processor.py:153} INFO - Started process (PID=60104) to work on /home/linuxlite/Documentos/airflow/venv/lib/python3.9/site-packages/airflow/example_dags/example_dag_decorator.py
[2023-08-28 23:12:11,613] {processor.py:641} INFO - Processing file /home/linuxlite/Documentos/airflow/venv/lib/python3.9/site-packages/airflow/example_dags/example_dag_decorator.py for tasks to queue
[2023-08-28 23:12:11,614] {logging_mixin.py:115} INFO - [2023-08-28 23:12:11,614] {dagbag.py:507} INFO - Filling up the DagBag from /home/linuxlite/Documentos/airflow/venv/lib/python3.9/site-packages/airflow/example_dags/example_dag_decorator.py
[2023-08-28 23:12:11,642] {processor.py:651} INFO - DAG(s) dict_keys(['example_dag_decorator']) retrieved from /home/linuxlite/Documentos/airflow/venv/lib/python3.9/site-packages/airflow/example_dags/example_dag_decorator.py
[2023-08-28 23:12:11,656] {logging_mixin.py:115} INFO - [2023-08-28 23:12:11,656] {dag.py:2379} INFO - Sync 1 DAGs
[2023-08-28 23:12:11,670] {logging_mixin.py:115} INFO - [2023-08-28 23:12:11,669] {dag.py:2927} INFO - Setting next_dagrun for example_dag_decorator to None, run_after=None
[2023-08-28 23:12:11,680] {processor.py:161} INFO - Processing /home/linuxlite/Documentos/airflow/venv/lib/python3.9/site-packages/airflow/example_dags/example_dag_decorator.py took 0.075 seconds
[2023-08-28 23:12:45,496] {processor.py:153} INFO - Started process (PID=60149) to work on /home/linuxlite/Documentos/airflow/venv/lib/python3.9/site-packages/airflow/example_dags/example_dag_decorator.py
[2023-08-28 23:12:45,497] {processor.py:641} INFO - Processing file /home/linuxlite/Documentos/airflow/venv/lib/python3.9/site-packages/airflow/example_dags/example_dag_decorator.py for tasks to queue
[2023-08-28 23:12:45,498] {logging_mixin.py:115} INFO - [2023-08-28 23:12:45,498] {dagbag.py:507} INFO - Filling up the DagBag from /home/linuxlite/Documentos/airflow/venv/lib/python3.9/site-packages/airflow/example_dags/example_dag_decorator.py
[2023-08-28 23:12:45,527] {processor.py:651} INFO - DAG(s) dict_keys(['example_dag_decorator']) retrieved from /home/linuxlite/Documentos/airflow/venv/lib/python3.9/site-packages/airflow/example_dags/example_dag_decorator.py
[2023-08-28 23:12:45,567] {logging_mixin.py:115} INFO - [2023-08-28 23:12:45,567] {dag.py:2379} INFO - Sync 1 DAGs
[2023-08-28 23:12:45,581] {logging_mixin.py:115} INFO - [2023-08-28 23:12:45,580] {dag.py:2927} INFO - Setting next_dagrun for example_dag_decorator to None, run_after=None
[2023-08-28 23:12:45,595] {processor.py:161} INFO - Processing /home/linuxlite/Documentos/airflow/venv/lib/python3.9/site-packages/airflow/example_dags/example_dag_decorator.py took 0.106 seconds
[2023-08-28 23:13:23,239] {processor.py:153} INFO - Started process (PID=60185) to work on /home/linuxlite/Documentos/airflow/venv/lib/python3.9/site-packages/airflow/example_dags/example_dag_decorator.py
[2023-08-28 23:13:23,240] {processor.py:641} INFO - Processing file /home/linuxlite/Documentos/airflow/venv/lib/python3.9/site-packages/airflow/example_dags/example_dag_decorator.py for tasks to queue
[2023-08-28 23:13:23,240] {logging_mixin.py:115} INFO - [2023-08-28 23:13:23,240] {dagbag.py:507} INFO - Filling up the DagBag from /home/linuxlite/Documentos/airflow/venv/lib/python3.9/site-packages/airflow/example_dags/example_dag_decorator.py
[2023-08-28 23:13:23,265] {processor.py:651} INFO - DAG(s) dict_keys(['example_dag_decorator']) retrieved from /home/linuxlite/Documentos/airflow/venv/lib/python3.9/site-packages/airflow/example_dags/example_dag_decorator.py
[2023-08-28 23:13:23,302] {logging_mixin.py:115} INFO - [2023-08-28 23:13:23,302] {dag.py:2379} INFO - Sync 1 DAGs
[2023-08-28 23:13:23,313] {logging_mixin.py:115} INFO - [2023-08-28 23:13:23,313] {dag.py:2927} INFO - Setting next_dagrun for example_dag_decorator to None, run_after=None
[2023-08-28 23:13:23,326] {processor.py:161} INFO - Processing /home/linuxlite/Documentos/airflow/venv/lib/python3.9/site-packages/airflow/example_dags/example_dag_decorator.py took 0.090 seconds
[2023-08-28 23:13:56,794] {processor.py:153} INFO - Started process (PID=60230) to work on /home/linuxlite/Documentos/airflow/venv/lib/python3.9/site-packages/airflow/example_dags/example_dag_decorator.py
[2023-08-28 23:13:56,794] {processor.py:641} INFO - Processing file /home/linuxlite/Documentos/airflow/venv/lib/python3.9/site-packages/airflow/example_dags/example_dag_decorator.py for tasks to queue
[2023-08-28 23:13:56,795] {logging_mixin.py:115} INFO - [2023-08-28 23:13:56,795] {dagbag.py:507} INFO - Filling up the DagBag from /home/linuxlite/Documentos/airflow/venv/lib/python3.9/site-packages/airflow/example_dags/example_dag_decorator.py
[2023-08-28 23:13:56,821] {processor.py:651} INFO - DAG(s) dict_keys(['example_dag_decorator']) retrieved from /home/linuxlite/Documentos/airflow/venv/lib/python3.9/site-packages/airflow/example_dags/example_dag_decorator.py
[2023-08-28 23:13:56,859] {logging_mixin.py:115} INFO - [2023-08-28 23:13:56,859] {dag.py:2379} INFO - Sync 1 DAGs
[2023-08-28 23:13:56,871] {logging_mixin.py:115} INFO - [2023-08-28 23:13:56,871] {dag.py:2927} INFO - Setting next_dagrun for example_dag_decorator to None, run_after=None
[2023-08-28 23:13:56,883] {processor.py:161} INFO - Processing /home/linuxlite/Documentos/airflow/venv/lib/python3.9/site-packages/airflow/example_dags/example_dag_decorator.py took 0.092 seconds
[2023-08-28 23:14:32,834] {processor.py:153} INFO - Started process (PID=60278) to work on /home/linuxlite/Documentos/airflow/venv/lib/python3.9/site-packages/airflow/example_dags/example_dag_decorator.py
[2023-08-28 23:14:32,836] {processor.py:641} INFO - Processing file /home/linuxlite/Documentos/airflow/venv/lib/python3.9/site-packages/airflow/example_dags/example_dag_decorator.py for tasks to queue
[2023-08-28 23:14:32,836] {logging_mixin.py:115} INFO - [2023-08-28 23:14:32,836] {dagbag.py:507} INFO - Filling up the DagBag from /home/linuxlite/Documentos/airflow/venv/lib/python3.9/site-packages/airflow/example_dags/example_dag_decorator.py
[2023-08-28 23:14:32,870] {processor.py:651} INFO - DAG(s) dict_keys(['example_dag_decorator']) retrieved from /home/linuxlite/Documentos/airflow/venv/lib/python3.9/site-packages/airflow/example_dags/example_dag_decorator.py
[2023-08-28 23:14:32,916] {logging_mixin.py:115} INFO - [2023-08-28 23:14:32,916] {dag.py:2379} INFO - Sync 1 DAGs
[2023-08-28 23:14:32,932] {logging_mixin.py:115} INFO - [2023-08-28 23:14:32,932] {dag.py:2927} INFO - Setting next_dagrun for example_dag_decorator to None, run_after=None
[2023-08-28 23:14:32,945] {processor.py:161} INFO - Processing /home/linuxlite/Documentos/airflow/venv/lib/python3.9/site-packages/airflow/example_dags/example_dag_decorator.py took 0.114 seconds
[2023-08-28 23:15:08,015] {processor.py:153} INFO - Started process (PID=60392) to work on /home/linuxlite/Documentos/airflow/venv/lib/python3.9/site-packages/airflow/example_dags/example_dag_decorator.py
[2023-08-28 23:15:08,016] {processor.py:641} INFO - Processing file /home/linuxlite/Documentos/airflow/venv/lib/python3.9/site-packages/airflow/example_dags/example_dag_decorator.py for tasks to queue
[2023-08-28 23:15:08,016] {logging_mixin.py:115} INFO - [2023-08-28 23:15:08,016] {dagbag.py:507} INFO - Filling up the DagBag from /home/linuxlite/Documentos/airflow/venv/lib/python3.9/site-packages/airflow/example_dags/example_dag_decorator.py
[2023-08-28 23:15:08,047] {processor.py:651} INFO - DAG(s) dict_keys(['example_dag_decorator']) retrieved from /home/linuxlite/Documentos/airflow/venv/lib/python3.9/site-packages/airflow/example_dags/example_dag_decorator.py
[2023-08-28 23:15:08,098] {logging_mixin.py:115} INFO - [2023-08-28 23:15:08,098] {dag.py:2379} INFO - Sync 1 DAGs
[2023-08-28 23:15:08,114] {logging_mixin.py:115} INFO - [2023-08-28 23:15:08,114] {dag.py:2927} INFO - Setting next_dagrun for example_dag_decorator to None, run_after=None
[2023-08-28 23:15:08,132] {processor.py:161} INFO - Processing /home/linuxlite/Documentos/airflow/venv/lib/python3.9/site-packages/airflow/example_dags/example_dag_decorator.py took 0.120 seconds
[2023-08-28 23:15:43,775] {processor.py:153} INFO - Started process (PID=60564) to work on /home/linuxlite/Documentos/airflow/venv/lib/python3.9/site-packages/airflow/example_dags/example_dag_decorator.py
[2023-08-28 23:15:43,776] {processor.py:641} INFO - Processing file /home/linuxlite/Documentos/airflow/venv/lib/python3.9/site-packages/airflow/example_dags/example_dag_decorator.py for tasks to queue
[2023-08-28 23:15:43,777] {logging_mixin.py:115} INFO - [2023-08-28 23:15:43,776] {dagbag.py:507} INFO - Filling up the DagBag from /home/linuxlite/Documentos/airflow/venv/lib/python3.9/site-packages/airflow/example_dags/example_dag_decorator.py
[2023-08-28 23:15:43,803] {processor.py:651} INFO - DAG(s) dict_keys(['example_dag_decorator']) retrieved from /home/linuxlite/Documentos/airflow/venv/lib/python3.9/site-packages/airflow/example_dags/example_dag_decorator.py
[2023-08-28 23:15:43,821] {logging_mixin.py:115} INFO - [2023-08-28 23:15:43,821] {dag.py:2379} INFO - Sync 1 DAGs
[2023-08-28 23:15:43,838] {logging_mixin.py:115} INFO - [2023-08-28 23:15:43,838] {dag.py:2927} INFO - Setting next_dagrun for example_dag_decorator to None, run_after=None
[2023-08-28 23:15:43,854] {processor.py:161} INFO - Processing /home/linuxlite/Documentos/airflow/venv/lib/python3.9/site-packages/airflow/example_dags/example_dag_decorator.py took 0.084 seconds
[2023-08-28 23:16:16,689] {processor.py:153} INFO - Started process (PID=60601) to work on /home/linuxlite/Documentos/airflow/venv/lib/python3.9/site-packages/airflow/example_dags/example_dag_decorator.py
[2023-08-28 23:16:16,690] {processor.py:641} INFO - Processing file /home/linuxlite/Documentos/airflow/venv/lib/python3.9/site-packages/airflow/example_dags/example_dag_decorator.py for tasks to queue
[2023-08-28 23:16:16,690] {logging_mixin.py:115} INFO - [2023-08-28 23:16:16,690] {dagbag.py:507} INFO - Filling up the DagBag from /home/linuxlite/Documentos/airflow/venv/lib/python3.9/site-packages/airflow/example_dags/example_dag_decorator.py
[2023-08-28 23:16:16,720] {processor.py:651} INFO - DAG(s) dict_keys(['example_dag_decorator']) retrieved from /home/linuxlite/Documentos/airflow/venv/lib/python3.9/site-packages/airflow/example_dags/example_dag_decorator.py
[2023-08-28 23:16:16,736] {logging_mixin.py:115} INFO - [2023-08-28 23:16:16,736] {dag.py:2379} INFO - Sync 1 DAGs
[2023-08-28 23:16:16,752] {logging_mixin.py:115} INFO - [2023-08-28 23:16:16,752] {dag.py:2927} INFO - Setting next_dagrun for example_dag_decorator to None, run_after=None
[2023-08-28 23:16:16,766] {processor.py:161} INFO - Processing /home/linuxlite/Documentos/airflow/venv/lib/python3.9/site-packages/airflow/example_dags/example_dag_decorator.py took 0.090 seconds
[2023-08-28 23:16:50,882] {processor.py:153} INFO - Started process (PID=60813) to work on /home/linuxlite/Documentos/airflow/venv/lib/python3.9/site-packages/airflow/example_dags/example_dag_decorator.py
[2023-08-28 23:16:50,884] {processor.py:641} INFO - Processing file /home/linuxlite/Documentos/airflow/venv/lib/python3.9/site-packages/airflow/example_dags/example_dag_decorator.py for tasks to queue
[2023-08-28 23:16:50,885] {logging_mixin.py:115} INFO - [2023-08-28 23:16:50,885] {dagbag.py:507} INFO - Filling up the DagBag from /home/linuxlite/Documentos/airflow/venv/lib/python3.9/site-packages/airflow/example_dags/example_dag_decorator.py
[2023-08-28 23:16:50,921] {processor.py:651} INFO - DAG(s) dict_keys(['example_dag_decorator']) retrieved from /home/linuxlite/Documentos/airflow/venv/lib/python3.9/site-packages/airflow/example_dags/example_dag_decorator.py
[2023-08-28 23:16:50,943] {logging_mixin.py:115} INFO - [2023-08-28 23:16:50,943] {dag.py:2379} INFO - Sync 1 DAGs
[2023-08-28 23:16:50,962] {logging_mixin.py:115} INFO - [2023-08-28 23:16:50,962] {dag.py:2927} INFO - Setting next_dagrun for example_dag_decorator to None, run_after=None
[2023-08-28 23:16:50,976] {processor.py:161} INFO - Processing /home/linuxlite/Documentos/airflow/venv/lib/python3.9/site-packages/airflow/example_dags/example_dag_decorator.py took 0.098 seconds
[2023-08-28 23:17:25,883] {processor.py:153} INFO - Started process (PID=60851) to work on /home/linuxlite/Documentos/airflow/venv/lib/python3.9/site-packages/airflow/example_dags/example_dag_decorator.py
[2023-08-28 23:17:25,884] {processor.py:641} INFO - Processing file /home/linuxlite/Documentos/airflow/venv/lib/python3.9/site-packages/airflow/example_dags/example_dag_decorator.py for tasks to queue
[2023-08-28 23:17:25,885] {logging_mixin.py:115} INFO - [2023-08-28 23:17:25,885] {dagbag.py:507} INFO - Filling up the DagBag from /home/linuxlite/Documentos/airflow/venv/lib/python3.9/site-packages/airflow/example_dags/example_dag_decorator.py
[2023-08-28 23:17:25,915] {processor.py:651} INFO - DAG(s) dict_keys(['example_dag_decorator']) retrieved from /home/linuxlite/Documentos/airflow/venv/lib/python3.9/site-packages/airflow/example_dags/example_dag_decorator.py
[2023-08-28 23:17:25,931] {logging_mixin.py:115} INFO - [2023-08-28 23:17:25,931] {dag.py:2379} INFO - Sync 1 DAGs
[2023-08-28 23:17:25,950] {logging_mixin.py:115} INFO - [2023-08-28 23:17:25,950] {dag.py:2927} INFO - Setting next_dagrun for example_dag_decorator to None, run_after=None
[2023-08-28 23:17:25,963] {processor.py:161} INFO - Processing /home/linuxlite/Documentos/airflow/venv/lib/python3.9/site-packages/airflow/example_dags/example_dag_decorator.py took 0.083 seconds
[2023-08-28 23:18:02,668] {processor.py:153} INFO - Started process (PID=61230) to work on /home/linuxlite/Documentos/airflow/venv/lib/python3.9/site-packages/airflow/example_dags/example_dag_decorator.py
[2023-08-28 23:18:02,669] {processor.py:641} INFO - Processing file /home/linuxlite/Documentos/airflow/venv/lib/python3.9/site-packages/airflow/example_dags/example_dag_decorator.py for tasks to queue
[2023-08-28 23:18:02,669] {logging_mixin.py:115} INFO - [2023-08-28 23:18:02,669] {dagbag.py:507} INFO - Filling up the DagBag from /home/linuxlite/Documentos/airflow/venv/lib/python3.9/site-packages/airflow/example_dags/example_dag_decorator.py
[2023-08-28 23:18:02,692] {processor.py:651} INFO - DAG(s) dict_keys(['example_dag_decorator']) retrieved from /home/linuxlite/Documentos/airflow/venv/lib/python3.9/site-packages/airflow/example_dags/example_dag_decorator.py
[2023-08-28 23:18:02,707] {logging_mixin.py:115} INFO - [2023-08-28 23:18:02,707] {dag.py:2379} INFO - Sync 1 DAGs
[2023-08-28 23:18:02,723] {logging_mixin.py:115} INFO - [2023-08-28 23:18:02,723] {dag.py:2927} INFO - Setting next_dagrun for example_dag_decorator to None, run_after=None
[2023-08-28 23:18:02,737] {processor.py:161} INFO - Processing /home/linuxlite/Documentos/airflow/venv/lib/python3.9/site-packages/airflow/example_dags/example_dag_decorator.py took 0.073 seconds
[2023-08-28 23:18:37,378] {processor.py:153} INFO - Started process (PID=61520) to work on /home/linuxlite/Documentos/airflow/venv/lib/python3.9/site-packages/airflow/example_dags/example_dag_decorator.py
[2023-08-28 23:18:37,379] {processor.py:641} INFO - Processing file /home/linuxlite/Documentos/airflow/venv/lib/python3.9/site-packages/airflow/example_dags/example_dag_decorator.py for tasks to queue
[2023-08-28 23:18:37,380] {logging_mixin.py:115} INFO - [2023-08-28 23:18:37,380] {dagbag.py:507} INFO - Filling up the DagBag from /home/linuxlite/Documentos/airflow/venv/lib/python3.9/site-packages/airflow/example_dags/example_dag_decorator.py
[2023-08-28 23:18:37,408] {processor.py:651} INFO - DAG(s) dict_keys(['example_dag_decorator']) retrieved from /home/linuxlite/Documentos/airflow/venv/lib/python3.9/site-packages/airflow/example_dags/example_dag_decorator.py
[2023-08-28 23:18:37,423] {logging_mixin.py:115} INFO - [2023-08-28 23:18:37,423] {dag.py:2379} INFO - Sync 1 DAGs
[2023-08-28 23:18:37,439] {logging_mixin.py:115} INFO - [2023-08-28 23:18:37,439] {dag.py:2927} INFO - Setting next_dagrun for example_dag_decorator to None, run_after=None
[2023-08-28 23:18:37,451] {processor.py:161} INFO - Processing /home/linuxlite/Documentos/airflow/venv/lib/python3.9/site-packages/airflow/example_dags/example_dag_decorator.py took 0.077 seconds
[2023-08-28 23:19:11,326] {processor.py:153} INFO - Started process (PID=61559) to work on /home/linuxlite/Documentos/airflow/venv/lib/python3.9/site-packages/airflow/example_dags/example_dag_decorator.py
[2023-08-28 23:19:11,327] {processor.py:641} INFO - Processing file /home/linuxlite/Documentos/airflow/venv/lib/python3.9/site-packages/airflow/example_dags/example_dag_decorator.py for tasks to queue
[2023-08-28 23:19:11,328] {logging_mixin.py:115} INFO - [2023-08-28 23:19:11,327] {dagbag.py:507} INFO - Filling up the DagBag from /home/linuxlite/Documentos/airflow/venv/lib/python3.9/site-packages/airflow/example_dags/example_dag_decorator.py
[2023-08-28 23:19:11,352] {processor.py:651} INFO - DAG(s) dict_keys(['example_dag_decorator']) retrieved from /home/linuxlite/Documentos/airflow/venv/lib/python3.9/site-packages/airflow/example_dags/example_dag_decorator.py
[2023-08-28 23:19:11,367] {logging_mixin.py:115} INFO - [2023-08-28 23:19:11,367] {dag.py:2379} INFO - Sync 1 DAGs
[2023-08-28 23:19:11,381] {logging_mixin.py:115} INFO - [2023-08-28 23:19:11,381] {dag.py:2927} INFO - Setting next_dagrun for example_dag_decorator to None, run_after=None
[2023-08-28 23:19:11,392] {processor.py:161} INFO - Processing /home/linuxlite/Documentos/airflow/venv/lib/python3.9/site-packages/airflow/example_dags/example_dag_decorator.py took 0.068 seconds
[2023-08-28 23:19:44,220] {processor.py:153} INFO - Started process (PID=61624) to work on /home/linuxlite/Documentos/airflow/venv/lib/python3.9/site-packages/airflow/example_dags/example_dag_decorator.py
[2023-08-28 23:19:44,221] {processor.py:641} INFO - Processing file /home/linuxlite/Documentos/airflow/venv/lib/python3.9/site-packages/airflow/example_dags/example_dag_decorator.py for tasks to queue
[2023-08-28 23:19:44,222] {logging_mixin.py:115} INFO - [2023-08-28 23:19:44,222] {dagbag.py:507} INFO - Filling up the DagBag from /home/linuxlite/Documentos/airflow/venv/lib/python3.9/site-packages/airflow/example_dags/example_dag_decorator.py
[2023-08-28 23:19:44,245] {processor.py:651} INFO - DAG(s) dict_keys(['example_dag_decorator']) retrieved from /home/linuxlite/Documentos/airflow/venv/lib/python3.9/site-packages/airflow/example_dags/example_dag_decorator.py
[2023-08-28 23:19:44,259] {logging_mixin.py:115} INFO - [2023-08-28 23:19:44,259] {dag.py:2379} INFO - Sync 1 DAGs
[2023-08-28 23:19:44,272] {logging_mixin.py:115} INFO - [2023-08-28 23:19:44,272] {dag.py:2927} INFO - Setting next_dagrun for example_dag_decorator to None, run_after=None
[2023-08-28 23:19:44,283] {processor.py:161} INFO - Processing /home/linuxlite/Documentos/airflow/venv/lib/python3.9/site-packages/airflow/example_dags/example_dag_decorator.py took 0.066 seconds
[2023-08-28 23:20:22,416] {processor.py:153} INFO - Started process (PID=61729) to work on /home/linuxlite/Documentos/airflow/venv/lib/python3.9/site-packages/airflow/example_dags/example_dag_decorator.py
[2023-08-28 23:20:22,418] {processor.py:641} INFO - Processing file /home/linuxlite/Documentos/airflow/venv/lib/python3.9/site-packages/airflow/example_dags/example_dag_decorator.py for tasks to queue
[2023-08-28 23:20:22,418] {logging_mixin.py:115} INFO - [2023-08-28 23:20:22,418] {dagbag.py:507} INFO - Filling up the DagBag from /home/linuxlite/Documentos/airflow/venv/lib/python3.9/site-packages/airflow/example_dags/example_dag_decorator.py
[2023-08-28 23:20:22,446] {processor.py:651} INFO - DAG(s) dict_keys(['example_dag_decorator']) retrieved from /home/linuxlite/Documentos/airflow/venv/lib/python3.9/site-packages/airflow/example_dags/example_dag_decorator.py
[2023-08-28 23:20:22,484] {logging_mixin.py:115} INFO - [2023-08-28 23:20:22,484] {dag.py:2379} INFO - Sync 1 DAGs
[2023-08-28 23:20:22,496] {logging_mixin.py:115} INFO - [2023-08-28 23:20:22,496] {dag.py:2927} INFO - Setting next_dagrun for example_dag_decorator to None, run_after=None
[2023-08-28 23:20:22,509] {processor.py:161} INFO - Processing /home/linuxlite/Documentos/airflow/venv/lib/python3.9/site-packages/airflow/example_dags/example_dag_decorator.py took 0.097 seconds
[2023-08-28 23:20:57,291] {processor.py:153} INFO - Started process (PID=61767) to work on /home/linuxlite/Documentos/airflow/venv/lib/python3.9/site-packages/airflow/example_dags/example_dag_decorator.py
[2023-08-28 23:20:57,292] {processor.py:641} INFO - Processing file /home/linuxlite/Documentos/airflow/venv/lib/python3.9/site-packages/airflow/example_dags/example_dag_decorator.py for tasks to queue
[2023-08-28 23:20:57,293] {logging_mixin.py:115} INFO - [2023-08-28 23:20:57,293] {dagbag.py:507} INFO - Filling up the DagBag from /home/linuxlite/Documentos/airflow/venv/lib/python3.9/site-packages/airflow/example_dags/example_dag_decorator.py
[2023-08-28 23:20:57,325] {processor.py:651} INFO - DAG(s) dict_keys(['example_dag_decorator']) retrieved from /home/linuxlite/Documentos/airflow/venv/lib/python3.9/site-packages/airflow/example_dags/example_dag_decorator.py
[2023-08-28 23:20:57,341] {logging_mixin.py:115} INFO - [2023-08-28 23:20:57,341] {dag.py:2379} INFO - Sync 1 DAGs
[2023-08-28 23:20:57,358] {logging_mixin.py:115} INFO - [2023-08-28 23:20:57,357] {dag.py:2927} INFO - Setting next_dagrun for example_dag_decorator to None, run_after=None
[2023-08-28 23:20:57,369] {processor.py:161} INFO - Processing /home/linuxlite/Documentos/airflow/venv/lib/python3.9/site-packages/airflow/example_dags/example_dag_decorator.py took 0.084 seconds
[2023-08-28 23:21:32,385] {processor.py:153} INFO - Started process (PID=61809) to work on /home/linuxlite/Documentos/airflow/venv/lib/python3.9/site-packages/airflow/example_dags/example_dag_decorator.py
[2023-08-28 23:21:32,386] {processor.py:641} INFO - Processing file /home/linuxlite/Documentos/airflow/venv/lib/python3.9/site-packages/airflow/example_dags/example_dag_decorator.py for tasks to queue
[2023-08-28 23:21:32,387] {logging_mixin.py:115} INFO - [2023-08-28 23:21:32,387] {dagbag.py:507} INFO - Filling up the DagBag from /home/linuxlite/Documentos/airflow/venv/lib/python3.9/site-packages/airflow/example_dags/example_dag_decorator.py
[2023-08-28 23:21:32,419] {processor.py:651} INFO - DAG(s) dict_keys(['example_dag_decorator']) retrieved from /home/linuxlite/Documentos/airflow/venv/lib/python3.9/site-packages/airflow/example_dags/example_dag_decorator.py
[2023-08-28 23:21:32,439] {logging_mixin.py:115} INFO - [2023-08-28 23:21:32,439] {dag.py:2379} INFO - Sync 1 DAGs
[2023-08-28 23:21:32,459] {logging_mixin.py:115} INFO - [2023-08-28 23:21:32,459] {dag.py:2927} INFO - Setting next_dagrun for example_dag_decorator to None, run_after=None
[2023-08-28 23:21:32,474] {processor.py:161} INFO - Processing /home/linuxlite/Documentos/airflow/venv/lib/python3.9/site-packages/airflow/example_dags/example_dag_decorator.py took 0.092 seconds
[2023-08-28 23:22:06,078] {processor.py:153} INFO - Started process (PID=61868) to work on /home/linuxlite/Documentos/airflow/venv/lib/python3.9/site-packages/airflow/example_dags/example_dag_decorator.py
[2023-08-28 23:22:06,079] {processor.py:641} INFO - Processing file /home/linuxlite/Documentos/airflow/venv/lib/python3.9/site-packages/airflow/example_dags/example_dag_decorator.py for tasks to queue
[2023-08-28 23:22:06,079] {logging_mixin.py:115} INFO - [2023-08-28 23:22:06,079] {dagbag.py:507} INFO - Filling up the DagBag from /home/linuxlite/Documentos/airflow/venv/lib/python3.9/site-packages/airflow/example_dags/example_dag_decorator.py
[2023-08-28 23:22:06,109] {processor.py:651} INFO - DAG(s) dict_keys(['example_dag_decorator']) retrieved from /home/linuxlite/Documentos/airflow/venv/lib/python3.9/site-packages/airflow/example_dags/example_dag_decorator.py
[2023-08-28 23:22:06,126] {logging_mixin.py:115} INFO - [2023-08-28 23:22:06,126] {dag.py:2379} INFO - Sync 1 DAGs
[2023-08-28 23:22:06,144] {logging_mixin.py:115} INFO - [2023-08-28 23:22:06,144] {dag.py:2927} INFO - Setting next_dagrun for example_dag_decorator to None, run_after=None
[2023-08-28 23:22:06,162] {processor.py:161} INFO - Processing /home/linuxlite/Documentos/airflow/venv/lib/python3.9/site-packages/airflow/example_dags/example_dag_decorator.py took 0.089 seconds
[2023-08-28 23:22:42,035] {processor.py:153} INFO - Started process (PID=61909) to work on /home/linuxlite/Documentos/airflow/venv/lib/python3.9/site-packages/airflow/example_dags/example_dag_decorator.py
[2023-08-28 23:22:42,036] {processor.py:641} INFO - Processing file /home/linuxlite/Documentos/airflow/venv/lib/python3.9/site-packages/airflow/example_dags/example_dag_decorator.py for tasks to queue
[2023-08-28 23:22:42,037] {logging_mixin.py:115} INFO - [2023-08-28 23:22:42,037] {dagbag.py:507} INFO - Filling up the DagBag from /home/linuxlite/Documentos/airflow/venv/lib/python3.9/site-packages/airflow/example_dags/example_dag_decorator.py
[2023-08-28 23:22:42,070] {processor.py:651} INFO - DAG(s) dict_keys(['example_dag_decorator']) retrieved from /home/linuxlite/Documentos/airflow/venv/lib/python3.9/site-packages/airflow/example_dags/example_dag_decorator.py
[2023-08-28 23:22:42,087] {logging_mixin.py:115} INFO - [2023-08-28 23:22:42,087] {dag.py:2379} INFO - Sync 1 DAGs
[2023-08-28 23:22:42,102] {logging_mixin.py:115} INFO - [2023-08-28 23:22:42,102] {dag.py:2927} INFO - Setting next_dagrun for example_dag_decorator to None, run_after=None
[2023-08-28 23:22:42,114] {processor.py:161} INFO - Processing /home/linuxlite/Documentos/airflow/venv/lib/python3.9/site-packages/airflow/example_dags/example_dag_decorator.py took 0.084 seconds
[2023-08-28 23:23:19,592] {processor.py:153} INFO - Started process (PID=61953) to work on /home/linuxlite/Documentos/airflow/venv/lib/python3.9/site-packages/airflow/example_dags/example_dag_decorator.py
[2023-08-28 23:23:19,593] {processor.py:641} INFO - Processing file /home/linuxlite/Documentos/airflow/venv/lib/python3.9/site-packages/airflow/example_dags/example_dag_decorator.py for tasks to queue
[2023-08-28 23:23:19,594] {logging_mixin.py:115} INFO - [2023-08-28 23:23:19,594] {dagbag.py:507} INFO - Filling up the DagBag from /home/linuxlite/Documentos/airflow/venv/lib/python3.9/site-packages/airflow/example_dags/example_dag_decorator.py
[2023-08-28 23:23:19,621] {processor.py:651} INFO - DAG(s) dict_keys(['example_dag_decorator']) retrieved from /home/linuxlite/Documentos/airflow/venv/lib/python3.9/site-packages/airflow/example_dags/example_dag_decorator.py
[2023-08-28 23:23:19,636] {logging_mixin.py:115} INFO - [2023-08-28 23:23:19,636] {dag.py:2379} INFO - Sync 1 DAGs
[2023-08-28 23:23:19,651] {logging_mixin.py:115} INFO - [2023-08-28 23:23:19,651] {dag.py:2927} INFO - Setting next_dagrun for example_dag_decorator to None, run_after=None
[2023-08-28 23:23:19,663] {processor.py:161} INFO - Processing /home/linuxlite/Documentos/airflow/venv/lib/python3.9/site-packages/airflow/example_dags/example_dag_decorator.py took 0.075 seconds
[2023-08-28 23:23:52,973] {processor.py:153} INFO - Started process (PID=61989) to work on /home/linuxlite/Documentos/airflow/venv/lib/python3.9/site-packages/airflow/example_dags/example_dag_decorator.py
[2023-08-28 23:23:52,974] {processor.py:641} INFO - Processing file /home/linuxlite/Documentos/airflow/venv/lib/python3.9/site-packages/airflow/example_dags/example_dag_decorator.py for tasks to queue
[2023-08-28 23:23:52,974] {logging_mixin.py:115} INFO - [2023-08-28 23:23:52,974] {dagbag.py:507} INFO - Filling up the DagBag from /home/linuxlite/Documentos/airflow/venv/lib/python3.9/site-packages/airflow/example_dags/example_dag_decorator.py
[2023-08-28 23:23:53,003] {processor.py:651} INFO - DAG(s) dict_keys(['example_dag_decorator']) retrieved from /home/linuxlite/Documentos/airflow/venv/lib/python3.9/site-packages/airflow/example_dags/example_dag_decorator.py
[2023-08-28 23:23:53,020] {logging_mixin.py:115} INFO - [2023-08-28 23:23:53,020] {dag.py:2379} INFO - Sync 1 DAGs
[2023-08-28 23:23:53,041] {logging_mixin.py:115} INFO - [2023-08-28 23:23:53,041] {dag.py:2927} INFO - Setting next_dagrun for example_dag_decorator to None, run_after=None
[2023-08-28 23:23:53,060] {processor.py:161} INFO - Processing /home/linuxlite/Documentos/airflow/venv/lib/python3.9/site-packages/airflow/example_dags/example_dag_decorator.py took 0.090 seconds
[2023-08-28 23:24:29,053] {processor.py:153} INFO - Started process (PID=62034) to work on /home/linuxlite/Documentos/airflow/venv/lib/python3.9/site-packages/airflow/example_dags/example_dag_decorator.py
[2023-08-28 23:24:29,054] {processor.py:641} INFO - Processing file /home/linuxlite/Documentos/airflow/venv/lib/python3.9/site-packages/airflow/example_dags/example_dag_decorator.py for tasks to queue
[2023-08-28 23:24:29,054] {logging_mixin.py:115} INFO - [2023-08-28 23:24:29,054] {dagbag.py:507} INFO - Filling up the DagBag from /home/linuxlite/Documentos/airflow/venv/lib/python3.9/site-packages/airflow/example_dags/example_dag_decorator.py
[2023-08-28 23:24:29,083] {processor.py:651} INFO - DAG(s) dict_keys(['example_dag_decorator']) retrieved from /home/linuxlite/Documentos/airflow/venv/lib/python3.9/site-packages/airflow/example_dags/example_dag_decorator.py
[2023-08-28 23:24:29,105] {logging_mixin.py:115} INFO - [2023-08-28 23:24:29,104] {dag.py:2379} INFO - Sync 1 DAGs
[2023-08-28 23:24:29,135] {logging_mixin.py:115} INFO - [2023-08-28 23:24:29,135] {dag.py:2927} INFO - Setting next_dagrun for example_dag_decorator to None, run_after=None
[2023-08-28 23:24:29,150] {processor.py:161} INFO - Processing /home/linuxlite/Documentos/airflow/venv/lib/python3.9/site-packages/airflow/example_dags/example_dag_decorator.py took 0.100 seconds
[2023-08-28 23:25:01,711] {processor.py:153} INFO - Started process (PID=62138) to work on /home/linuxlite/Documentos/airflow/venv/lib/python3.9/site-packages/airflow/example_dags/example_dag_decorator.py
[2023-08-28 23:25:01,712] {processor.py:641} INFO - Processing file /home/linuxlite/Documentos/airflow/venv/lib/python3.9/site-packages/airflow/example_dags/example_dag_decorator.py for tasks to queue
[2023-08-28 23:25:01,713] {logging_mixin.py:115} INFO - [2023-08-28 23:25:01,713] {dagbag.py:507} INFO - Filling up the DagBag from /home/linuxlite/Documentos/airflow/venv/lib/python3.9/site-packages/airflow/example_dags/example_dag_decorator.py
[2023-08-28 23:25:01,745] {processor.py:651} INFO - DAG(s) dict_keys(['example_dag_decorator']) retrieved from /home/linuxlite/Documentos/airflow/venv/lib/python3.9/site-packages/airflow/example_dags/example_dag_decorator.py
[2023-08-28 23:25:01,782] {logging_mixin.py:115} INFO - [2023-08-28 23:25:01,782] {dag.py:2379} INFO - Sync 1 DAGs
[2023-08-28 23:25:01,795] {logging_mixin.py:115} INFO - [2023-08-28 23:25:01,795] {dag.py:2927} INFO - Setting next_dagrun for example_dag_decorator to None, run_after=None
[2023-08-28 23:25:01,807] {processor.py:161} INFO - Processing /home/linuxlite/Documentos/airflow/venv/lib/python3.9/site-packages/airflow/example_dags/example_dag_decorator.py took 0.100 seconds
[2023-08-28 23:25:33,633] {processor.py:153} INFO - Started process (PID=62172) to work on /home/linuxlite/Documentos/airflow/venv/lib/python3.9/site-packages/airflow/example_dags/example_dag_decorator.py
[2023-08-28 23:25:33,634] {processor.py:641} INFO - Processing file /home/linuxlite/Documentos/airflow/venv/lib/python3.9/site-packages/airflow/example_dags/example_dag_decorator.py for tasks to queue
[2023-08-28 23:25:33,634] {logging_mixin.py:115} INFO - [2023-08-28 23:25:33,634] {dagbag.py:507} INFO - Filling up the DagBag from /home/linuxlite/Documentos/airflow/venv/lib/python3.9/site-packages/airflow/example_dags/example_dag_decorator.py
[2023-08-28 23:25:33,659] {processor.py:651} INFO - DAG(s) dict_keys(['example_dag_decorator']) retrieved from /home/linuxlite/Documentos/airflow/venv/lib/python3.9/site-packages/airflow/example_dags/example_dag_decorator.py
[2023-08-28 23:25:33,697] {logging_mixin.py:115} INFO - [2023-08-28 23:25:33,697] {dag.py:2379} INFO - Sync 1 DAGs
[2023-08-28 23:25:33,710] {logging_mixin.py:115} INFO - [2023-08-28 23:25:33,710] {dag.py:2927} INFO - Setting next_dagrun for example_dag_decorator to None, run_after=None
[2023-08-28 23:25:33,722] {processor.py:161} INFO - Processing /home/linuxlite/Documentos/airflow/venv/lib/python3.9/site-packages/airflow/example_dags/example_dag_decorator.py took 0.093 seconds
[2023-08-28 23:26:09,050] {processor.py:153} INFO - Started process (PID=62214) to work on /home/linuxlite/Documentos/airflow/venv/lib/python3.9/site-packages/airflow/example_dags/example_dag_decorator.py
[2023-08-28 23:26:09,052] {processor.py:641} INFO - Processing file /home/linuxlite/Documentos/airflow/venv/lib/python3.9/site-packages/airflow/example_dags/example_dag_decorator.py for tasks to queue
[2023-08-28 23:26:09,053] {logging_mixin.py:115} INFO - [2023-08-28 23:26:09,053] {dagbag.py:507} INFO - Filling up the DagBag from /home/linuxlite/Documentos/airflow/venv/lib/python3.9/site-packages/airflow/example_dags/example_dag_decorator.py
[2023-08-28 23:26:09,079] {processor.py:651} INFO - DAG(s) dict_keys(['example_dag_decorator']) retrieved from /home/linuxlite/Documentos/airflow/venv/lib/python3.9/site-packages/airflow/example_dags/example_dag_decorator.py
[2023-08-28 23:26:09,117] {logging_mixin.py:115} INFO - [2023-08-28 23:26:09,117] {dag.py:2379} INFO - Sync 1 DAGs
[2023-08-28 23:26:09,133] {logging_mixin.py:115} INFO - [2023-08-28 23:26:09,132] {dag.py:2927} INFO - Setting next_dagrun for example_dag_decorator to None, run_after=None
[2023-08-28 23:26:09,144] {processor.py:161} INFO - Processing /home/linuxlite/Documentos/airflow/venv/lib/python3.9/site-packages/airflow/example_dags/example_dag_decorator.py took 0.100 seconds
[2023-08-28 23:26:44,128] {processor.py:153} INFO - Started process (PID=62258) to work on /home/linuxlite/Documentos/airflow/venv/lib/python3.9/site-packages/airflow/example_dags/example_dag_decorator.py
[2023-08-28 23:26:44,129] {processor.py:641} INFO - Processing file /home/linuxlite/Documentos/airflow/venv/lib/python3.9/site-packages/airflow/example_dags/example_dag_decorator.py for tasks to queue
[2023-08-28 23:26:44,130] {logging_mixin.py:115} INFO - [2023-08-28 23:26:44,130] {dagbag.py:507} INFO - Filling up the DagBag from /home/linuxlite/Documentos/airflow/venv/lib/python3.9/site-packages/airflow/example_dags/example_dag_decorator.py
[2023-08-28 23:26:44,156] {processor.py:651} INFO - DAG(s) dict_keys(['example_dag_decorator']) retrieved from /home/linuxlite/Documentos/airflow/venv/lib/python3.9/site-packages/airflow/example_dags/example_dag_decorator.py
[2023-08-28 23:26:44,171] {logging_mixin.py:115} INFO - [2023-08-28 23:26:44,171] {dag.py:2379} INFO - Sync 1 DAGs
[2023-08-28 23:26:44,190] {logging_mixin.py:115} INFO - [2023-08-28 23:26:44,189] {dag.py:2927} INFO - Setting next_dagrun for example_dag_decorator to None, run_after=None
[2023-08-28 23:26:44,201] {processor.py:161} INFO - Processing /home/linuxlite/Documentos/airflow/venv/lib/python3.9/site-packages/airflow/example_dags/example_dag_decorator.py took 0.075 seconds
[2023-08-28 23:27:21,278] {processor.py:153} INFO - Started process (PID=62315) to work on /home/linuxlite/Documentos/airflow/venv/lib/python3.9/site-packages/airflow/example_dags/example_dag_decorator.py
[2023-08-28 23:27:21,279] {processor.py:641} INFO - Processing file /home/linuxlite/Documentos/airflow/venv/lib/python3.9/site-packages/airflow/example_dags/example_dag_decorator.py for tasks to queue
[2023-08-28 23:27:21,280] {logging_mixin.py:115} INFO - [2023-08-28 23:27:21,280] {dagbag.py:507} INFO - Filling up the DagBag from /home/linuxlite/Documentos/airflow/venv/lib/python3.9/site-packages/airflow/example_dags/example_dag_decorator.py
[2023-08-28 23:27:21,312] {processor.py:651} INFO - DAG(s) dict_keys(['example_dag_decorator']) retrieved from /home/linuxlite/Documentos/airflow/venv/lib/python3.9/site-packages/airflow/example_dags/example_dag_decorator.py
[2023-08-28 23:27:21,349] {logging_mixin.py:115} INFO - [2023-08-28 23:27:21,349] {dag.py:2379} INFO - Sync 1 DAGs
[2023-08-28 23:27:21,363] {logging_mixin.py:115} INFO - [2023-08-28 23:27:21,363] {dag.py:2927} INFO - Setting next_dagrun for example_dag_decorator to None, run_after=None
[2023-08-28 23:27:21,376] {processor.py:161} INFO - Processing /home/linuxlite/Documentos/airflow/venv/lib/python3.9/site-packages/airflow/example_dags/example_dag_decorator.py took 0.105 seconds
