[2023-08-28 23:10:54,498] {processor.py:153} INFO - Started process (PID=59973) to work on /home/linuxlite/Documentos/airflow/venv/lib/python3.9/site-packages/airflow/example_dags/example_task_group.py
[2023-08-28 23:10:54,498] {processor.py:641} INFO - Processing file /home/linuxlite/Documentos/airflow/venv/lib/python3.9/site-packages/airflow/example_dags/example_task_group.py for tasks to queue
[2023-08-28 23:10:54,499] {logging_mixin.py:115} INFO - [2023-08-28 23:10:54,499] {dagbag.py:507} INFO - Filling up the DagBag from /home/linuxlite/Documentos/airflow/venv/lib/python3.9/site-packages/airflow/example_dags/example_task_group.py
[2023-08-28 23:10:54,511] {processor.py:651} INFO - DAG(s) dict_keys(['example_task_group']) retrieved from /home/linuxlite/Documentos/airflow/venv/lib/python3.9/site-packages/airflow/example_dags/example_task_group.py
[2023-08-28 23:10:54,529] {logging_mixin.py:115} INFO - [2023-08-28 23:10:54,529] {dag.py:2379} INFO - Sync 1 DAGs
[2023-08-28 23:10:54,549] {logging_mixin.py:115} INFO - [2023-08-28 23:10:54,549] {dag.py:2927} INFO - Setting next_dagrun for example_task_group to 2023-08-28T02:10:54.549250+00:00, run_after=2023-08-29T02:10:54.549250+00:00
[2023-08-28 23:10:54,561] {processor.py:161} INFO - Processing /home/linuxlite/Documentos/airflow/venv/lib/python3.9/site-packages/airflow/example_dags/example_task_group.py took 0.069 seconds
[2023-08-28 23:11:30,532] {processor.py:153} INFO - Started process (PID=60061) to work on /home/linuxlite/Documentos/airflow/venv/lib/python3.9/site-packages/airflow/example_dags/example_task_group.py
[2023-08-28 23:11:30,533] {processor.py:641} INFO - Processing file /home/linuxlite/Documentos/airflow/venv/lib/python3.9/site-packages/airflow/example_dags/example_task_group.py for tasks to queue
[2023-08-28 23:11:30,534] {logging_mixin.py:115} INFO - [2023-08-28 23:11:30,534] {dagbag.py:507} INFO - Filling up the DagBag from /home/linuxlite/Documentos/airflow/venv/lib/python3.9/site-packages/airflow/example_dags/example_task_group.py
[2023-08-28 23:11:30,541] {processor.py:651} INFO - DAG(s) dict_keys(['example_task_group']) retrieved from /home/linuxlite/Documentos/airflow/venv/lib/python3.9/site-packages/airflow/example_dags/example_task_group.py
[2023-08-28 23:11:30,560] {logging_mixin.py:115} INFO - [2023-08-28 23:11:30,559] {dag.py:2379} INFO - Sync 1 DAGs
[2023-08-28 23:11:30,579] {logging_mixin.py:115} INFO - [2023-08-28 23:11:30,579] {dag.py:2927} INFO - Setting next_dagrun for example_task_group to 2023-08-28T02:11:30.579387+00:00, run_after=2023-08-29T02:11:30.579387+00:00
[2023-08-28 23:11:30,592] {processor.py:161} INFO - Processing /home/linuxlite/Documentos/airflow/venv/lib/python3.9/site-packages/airflow/example_dags/example_task_group.py took 0.063 seconds
[2023-08-28 23:12:04,266] {processor.py:153} INFO - Started process (PID=60097) to work on /home/linuxlite/Documentos/airflow/venv/lib/python3.9/site-packages/airflow/example_dags/example_task_group.py
[2023-08-28 23:12:04,267] {processor.py:641} INFO - Processing file /home/linuxlite/Documentos/airflow/venv/lib/python3.9/site-packages/airflow/example_dags/example_task_group.py for tasks to queue
[2023-08-28 23:12:04,268] {logging_mixin.py:115} INFO - [2023-08-28 23:12:04,268] {dagbag.py:507} INFO - Filling up the DagBag from /home/linuxlite/Documentos/airflow/venv/lib/python3.9/site-packages/airflow/example_dags/example_task_group.py
[2023-08-28 23:12:04,277] {processor.py:651} INFO - DAG(s) dict_keys(['example_task_group']) retrieved from /home/linuxlite/Documentos/airflow/venv/lib/python3.9/site-packages/airflow/example_dags/example_task_group.py
[2023-08-28 23:12:04,293] {logging_mixin.py:115} INFO - [2023-08-28 23:12:04,293] {dag.py:2379} INFO - Sync 1 DAGs
[2023-08-28 23:12:04,310] {logging_mixin.py:115} INFO - [2023-08-28 23:12:04,310] {dag.py:2927} INFO - Setting next_dagrun for example_task_group to 2023-08-28T02:12:04.309845+00:00, run_after=2023-08-29T02:12:04.309845+00:00
[2023-08-28 23:12:04,321] {processor.py:161} INFO - Processing /home/linuxlite/Documentos/airflow/venv/lib/python3.9/site-packages/airflow/example_dags/example_task_group.py took 0.060 seconds
[2023-08-28 23:12:39,214] {processor.py:153} INFO - Started process (PID=60142) to work on /home/linuxlite/Documentos/airflow/venv/lib/python3.9/site-packages/airflow/example_dags/example_task_group.py
[2023-08-28 23:12:39,215] {processor.py:641} INFO - Processing file /home/linuxlite/Documentos/airflow/venv/lib/python3.9/site-packages/airflow/example_dags/example_task_group.py for tasks to queue
[2023-08-28 23:12:39,216] {logging_mixin.py:115} INFO - [2023-08-28 23:12:39,216] {dagbag.py:507} INFO - Filling up the DagBag from /home/linuxlite/Documentos/airflow/venv/lib/python3.9/site-packages/airflow/example_dags/example_task_group.py
[2023-08-28 23:12:39,224] {processor.py:651} INFO - DAG(s) dict_keys(['example_task_group']) retrieved from /home/linuxlite/Documentos/airflow/venv/lib/python3.9/site-packages/airflow/example_dags/example_task_group.py
[2023-08-28 23:12:39,242] {logging_mixin.py:115} INFO - [2023-08-28 23:12:39,242] {dag.py:2379} INFO - Sync 1 DAGs
[2023-08-28 23:12:39,265] {logging_mixin.py:115} INFO - [2023-08-28 23:12:39,264] {dag.py:2927} INFO - Setting next_dagrun for example_task_group to 2023-08-28T02:12:39.264433+00:00, run_after=2023-08-29T02:12:39.264433+00:00
[2023-08-28 23:12:39,279] {processor.py:161} INFO - Processing /home/linuxlite/Documentos/airflow/venv/lib/python3.9/site-packages/airflow/example_dags/example_task_group.py took 0.070 seconds
[2023-08-28 23:13:14,240] {processor.py:153} INFO - Started process (PID=60177) to work on /home/linuxlite/Documentos/airflow/venv/lib/python3.9/site-packages/airflow/example_dags/example_task_group.py
[2023-08-28 23:13:14,241] {processor.py:641} INFO - Processing file /home/linuxlite/Documentos/airflow/venv/lib/python3.9/site-packages/airflow/example_dags/example_task_group.py for tasks to queue
[2023-08-28 23:13:14,241] {logging_mixin.py:115} INFO - [2023-08-28 23:13:14,241] {dagbag.py:507} INFO - Filling up the DagBag from /home/linuxlite/Documentos/airflow/venv/lib/python3.9/site-packages/airflow/example_dags/example_task_group.py
[2023-08-28 23:13:14,248] {processor.py:651} INFO - DAG(s) dict_keys(['example_task_group']) retrieved from /home/linuxlite/Documentos/airflow/venv/lib/python3.9/site-packages/airflow/example_dags/example_task_group.py
[2023-08-28 23:13:14,283] {logging_mixin.py:115} INFO - [2023-08-28 23:13:14,283] {dag.py:2379} INFO - Sync 1 DAGs
[2023-08-28 23:13:14,331] {logging_mixin.py:115} INFO - [2023-08-28 23:13:14,331] {dag.py:2927} INFO - Setting next_dagrun for example_task_group to 2023-08-28T02:13:14.330819+00:00, run_after=2023-08-29T02:13:14.330819+00:00
[2023-08-28 23:13:14,351] {processor.py:161} INFO - Processing /home/linuxlite/Documentos/airflow/venv/lib/python3.9/site-packages/airflow/example_dags/example_task_group.py took 0.114 seconds
[2023-08-28 23:13:48,797] {processor.py:153} INFO - Started process (PID=60220) to work on /home/linuxlite/Documentos/airflow/venv/lib/python3.9/site-packages/airflow/example_dags/example_task_group.py
[2023-08-28 23:13:48,798] {processor.py:641} INFO - Processing file /home/linuxlite/Documentos/airflow/venv/lib/python3.9/site-packages/airflow/example_dags/example_task_group.py for tasks to queue
[2023-08-28 23:13:48,799] {logging_mixin.py:115} INFO - [2023-08-28 23:13:48,799] {dagbag.py:507} INFO - Filling up the DagBag from /home/linuxlite/Documentos/airflow/venv/lib/python3.9/site-packages/airflow/example_dags/example_task_group.py
[2023-08-28 23:13:48,810] {processor.py:651} INFO - DAG(s) dict_keys(['example_task_group']) retrieved from /home/linuxlite/Documentos/airflow/venv/lib/python3.9/site-packages/airflow/example_dags/example_task_group.py
[2023-08-28 23:13:48,830] {logging_mixin.py:115} INFO - [2023-08-28 23:13:48,830] {dag.py:2379} INFO - Sync 1 DAGs
[2023-08-28 23:13:48,849] {logging_mixin.py:115} INFO - [2023-08-28 23:13:48,848] {dag.py:2927} INFO - Setting next_dagrun for example_task_group to 2023-08-28T02:13:48.848702+00:00, run_after=2023-08-29T02:13:48.848702+00:00
[2023-08-28 23:13:48,862] {processor.py:161} INFO - Processing /home/linuxlite/Documentos/airflow/venv/lib/python3.9/site-packages/airflow/example_dags/example_task_group.py took 0.071 seconds
[2023-08-28 23:14:24,034] {processor.py:153} INFO - Started process (PID=60262) to work on /home/linuxlite/Documentos/airflow/venv/lib/python3.9/site-packages/airflow/example_dags/example_task_group.py
[2023-08-28 23:14:24,035] {processor.py:641} INFO - Processing file /home/linuxlite/Documentos/airflow/venv/lib/python3.9/site-packages/airflow/example_dags/example_task_group.py for tasks to queue
[2023-08-28 23:14:24,036] {logging_mixin.py:115} INFO - [2023-08-28 23:14:24,036] {dagbag.py:507} INFO - Filling up the DagBag from /home/linuxlite/Documentos/airflow/venv/lib/python3.9/site-packages/airflow/example_dags/example_task_group.py
[2023-08-28 23:14:24,044] {processor.py:651} INFO - DAG(s) dict_keys(['example_task_group']) retrieved from /home/linuxlite/Documentos/airflow/venv/lib/python3.9/site-packages/airflow/example_dags/example_task_group.py
[2023-08-28 23:14:24,064] {logging_mixin.py:115} INFO - [2023-08-28 23:14:24,064] {dag.py:2379} INFO - Sync 1 DAGs
[2023-08-28 23:14:24,087] {logging_mixin.py:115} INFO - [2023-08-28 23:14:24,087] {dag.py:2927} INFO - Setting next_dagrun for example_task_group to 2023-08-28T02:14:24.087357+00:00, run_after=2023-08-29T02:14:24.087357+00:00
[2023-08-28 23:14:24,103] {processor.py:161} INFO - Processing /home/linuxlite/Documentos/airflow/venv/lib/python3.9/site-packages/airflow/example_dags/example_task_group.py took 0.072 seconds
[2023-08-28 23:14:59,861] {processor.py:153} INFO - Started process (PID=60333) to work on /home/linuxlite/Documentos/airflow/venv/lib/python3.9/site-packages/airflow/example_dags/example_task_group.py
[2023-08-28 23:14:59,862] {processor.py:641} INFO - Processing file /home/linuxlite/Documentos/airflow/venv/lib/python3.9/site-packages/airflow/example_dags/example_task_group.py for tasks to queue
[2023-08-28 23:14:59,863] {logging_mixin.py:115} INFO - [2023-08-28 23:14:59,863] {dagbag.py:507} INFO - Filling up the DagBag from /home/linuxlite/Documentos/airflow/venv/lib/python3.9/site-packages/airflow/example_dags/example_task_group.py
[2023-08-28 23:14:59,872] {processor.py:651} INFO - DAG(s) dict_keys(['example_task_group']) retrieved from /home/linuxlite/Documentos/airflow/venv/lib/python3.9/site-packages/airflow/example_dags/example_task_group.py
[2023-08-28 23:14:59,896] {logging_mixin.py:115} INFO - [2023-08-28 23:14:59,896] {dag.py:2379} INFO - Sync 1 DAGs
[2023-08-28 23:14:59,918] {logging_mixin.py:115} INFO - [2023-08-28 23:14:59,918] {dag.py:2927} INFO - Setting next_dagrun for example_task_group to 2023-08-28T02:14:59.918147+00:00, run_after=2023-08-29T02:14:59.918147+00:00
[2023-08-28 23:14:59,935] {processor.py:161} INFO - Processing /home/linuxlite/Documentos/airflow/venv/lib/python3.9/site-packages/airflow/example_dags/example_task_group.py took 0.078 seconds
[2023-08-28 23:15:33,392] {processor.py:153} INFO - Started process (PID=60555) to work on /home/linuxlite/Documentos/airflow/venv/lib/python3.9/site-packages/airflow/example_dags/example_task_group.py
[2023-08-28 23:15:33,393] {processor.py:641} INFO - Processing file /home/linuxlite/Documentos/airflow/venv/lib/python3.9/site-packages/airflow/example_dags/example_task_group.py for tasks to queue
[2023-08-28 23:15:33,393] {logging_mixin.py:115} INFO - [2023-08-28 23:15:33,393] {dagbag.py:507} INFO - Filling up the DagBag from /home/linuxlite/Documentos/airflow/venv/lib/python3.9/site-packages/airflow/example_dags/example_task_group.py
[2023-08-28 23:15:33,406] {processor.py:651} INFO - DAG(s) dict_keys(['example_task_group']) retrieved from /home/linuxlite/Documentos/airflow/venv/lib/python3.9/site-packages/airflow/example_dags/example_task_group.py
[2023-08-28 23:15:33,442] {logging_mixin.py:115} INFO - [2023-08-28 23:15:33,442] {dag.py:2379} INFO - Sync 1 DAGs
[2023-08-28 23:15:33,490] {logging_mixin.py:115} INFO - [2023-08-28 23:15:33,490] {dag.py:2927} INFO - Setting next_dagrun for example_task_group to 2023-08-28T02:15:33.489761+00:00, run_after=2023-08-29T02:15:33.489761+00:00
[2023-08-28 23:15:33,506] {processor.py:161} INFO - Processing /home/linuxlite/Documentos/airflow/venv/lib/python3.9/site-packages/airflow/example_dags/example_task_group.py took 0.117 seconds
[2023-08-28 23:16:07,243] {processor.py:153} INFO - Started process (PID=60591) to work on /home/linuxlite/Documentos/airflow/venv/lib/python3.9/site-packages/airflow/example_dags/example_task_group.py
[2023-08-28 23:16:07,246] {processor.py:641} INFO - Processing file /home/linuxlite/Documentos/airflow/venv/lib/python3.9/site-packages/airflow/example_dags/example_task_group.py for tasks to queue
[2023-08-28 23:16:07,246] {logging_mixin.py:115} INFO - [2023-08-28 23:16:07,246] {dagbag.py:507} INFO - Filling up the DagBag from /home/linuxlite/Documentos/airflow/venv/lib/python3.9/site-packages/airflow/example_dags/example_task_group.py
[2023-08-28 23:16:07,254] {processor.py:651} INFO - DAG(s) dict_keys(['example_task_group']) retrieved from /home/linuxlite/Documentos/airflow/venv/lib/python3.9/site-packages/airflow/example_dags/example_task_group.py
[2023-08-28 23:16:07,273] {logging_mixin.py:115} INFO - [2023-08-28 23:16:07,273] {dag.py:2379} INFO - Sync 1 DAGs
[2023-08-28 23:16:07,289] {logging_mixin.py:115} INFO - [2023-08-28 23:16:07,289] {dag.py:2927} INFO - Setting next_dagrun for example_task_group to 2023-08-28T02:16:07.289250+00:00, run_after=2023-08-29T02:16:07.289250+00:00
[2023-08-28 23:16:07,301] {processor.py:161} INFO - Processing /home/linuxlite/Documentos/airflow/venv/lib/python3.9/site-packages/airflow/example_dags/example_task_group.py took 0.062 seconds
[2023-08-28 23:16:42,322] {processor.py:153} INFO - Started process (PID=60753) to work on /home/linuxlite/Documentos/airflow/venv/lib/python3.9/site-packages/airflow/example_dags/example_task_group.py
[2023-08-28 23:16:42,323] {processor.py:641} INFO - Processing file /home/linuxlite/Documentos/airflow/venv/lib/python3.9/site-packages/airflow/example_dags/example_task_group.py for tasks to queue
[2023-08-28 23:16:42,323] {logging_mixin.py:115} INFO - [2023-08-28 23:16:42,323] {dagbag.py:507} INFO - Filling up the DagBag from /home/linuxlite/Documentos/airflow/venv/lib/python3.9/site-packages/airflow/example_dags/example_task_group.py
[2023-08-28 23:16:42,329] {processor.py:651} INFO - DAG(s) dict_keys(['example_task_group']) retrieved from /home/linuxlite/Documentos/airflow/venv/lib/python3.9/site-packages/airflow/example_dags/example_task_group.py
[2023-08-28 23:16:42,351] {logging_mixin.py:115} INFO - [2023-08-28 23:16:42,351] {dag.py:2379} INFO - Sync 1 DAGs
[2023-08-28 23:16:42,370] {logging_mixin.py:115} INFO - [2023-08-28 23:16:42,369] {dag.py:2927} INFO - Setting next_dagrun for example_task_group to 2023-08-28T02:16:42.369588+00:00, run_after=2023-08-29T02:16:42.369588+00:00
[2023-08-28 23:16:42,383] {processor.py:161} INFO - Processing /home/linuxlite/Documentos/airflow/venv/lib/python3.9/site-packages/airflow/example_dags/example_task_group.py took 0.065 seconds
[2023-08-28 23:17:16,453] {processor.py:153} INFO - Started process (PID=60840) to work on /home/linuxlite/Documentos/airflow/venv/lib/python3.9/site-packages/airflow/example_dags/example_task_group.py
[2023-08-28 23:17:16,454] {processor.py:641} INFO - Processing file /home/linuxlite/Documentos/airflow/venv/lib/python3.9/site-packages/airflow/example_dags/example_task_group.py for tasks to queue
[2023-08-28 23:17:16,454] {logging_mixin.py:115} INFO - [2023-08-28 23:17:16,454] {dagbag.py:507} INFO - Filling up the DagBag from /home/linuxlite/Documentos/airflow/venv/lib/python3.9/site-packages/airflow/example_dags/example_task_group.py
[2023-08-28 23:17:16,462] {processor.py:651} INFO - DAG(s) dict_keys(['example_task_group']) retrieved from /home/linuxlite/Documentos/airflow/venv/lib/python3.9/site-packages/airflow/example_dags/example_task_group.py
[2023-08-28 23:17:16,485] {logging_mixin.py:115} INFO - [2023-08-28 23:17:16,485] {dag.py:2379} INFO - Sync 1 DAGs
[2023-08-28 23:17:16,502] {logging_mixin.py:115} INFO - [2023-08-28 23:17:16,502] {dag.py:2927} INFO - Setting next_dagrun for example_task_group to 2023-08-28T02:17:16.502437+00:00, run_after=2023-08-29T02:17:16.502437+00:00
[2023-08-28 23:17:16,516] {processor.py:161} INFO - Processing /home/linuxlite/Documentos/airflow/venv/lib/python3.9/site-packages/airflow/example_dags/example_task_group.py took 0.067 seconds
[2023-08-28 23:17:52,940] {processor.py:153} INFO - Started process (PID=61042) to work on /home/linuxlite/Documentos/airflow/venv/lib/python3.9/site-packages/airflow/example_dags/example_task_group.py
[2023-08-28 23:17:52,941] {processor.py:641} INFO - Processing file /home/linuxlite/Documentos/airflow/venv/lib/python3.9/site-packages/airflow/example_dags/example_task_group.py for tasks to queue
[2023-08-28 23:17:52,941] {logging_mixin.py:115} INFO - [2023-08-28 23:17:52,941] {dagbag.py:507} INFO - Filling up the DagBag from /home/linuxlite/Documentos/airflow/venv/lib/python3.9/site-packages/airflow/example_dags/example_task_group.py
[2023-08-28 23:17:52,948] {processor.py:651} INFO - DAG(s) dict_keys(['example_task_group']) retrieved from /home/linuxlite/Documentos/airflow/venv/lib/python3.9/site-packages/airflow/example_dags/example_task_group.py
[2023-08-28 23:17:52,967] {logging_mixin.py:115} INFO - [2023-08-28 23:17:52,967] {dag.py:2379} INFO - Sync 1 DAGs
[2023-08-28 23:17:52,982] {logging_mixin.py:115} INFO - [2023-08-28 23:17:52,982] {dag.py:2927} INFO - Setting next_dagrun for example_task_group to 2023-08-28T02:17:52.981791+00:00, run_after=2023-08-29T02:17:52.981791+00:00
[2023-08-28 23:17:52,994] {processor.py:161} INFO - Processing /home/linuxlite/Documentos/airflow/venv/lib/python3.9/site-packages/airflow/example_dags/example_task_group.py took 0.058 seconds
[2023-08-28 23:18:28,652] {processor.py:153} INFO - Started process (PID=61467) to work on /home/linuxlite/Documentos/airflow/venv/lib/python3.9/site-packages/airflow/example_dags/example_task_group.py
[2023-08-28 23:18:28,653] {processor.py:641} INFO - Processing file /home/linuxlite/Documentos/airflow/venv/lib/python3.9/site-packages/airflow/example_dags/example_task_group.py for tasks to queue
[2023-08-28 23:18:28,655] {logging_mixin.py:115} INFO - [2023-08-28 23:18:28,654] {dagbag.py:507} INFO - Filling up the DagBag from /home/linuxlite/Documentos/airflow/venv/lib/python3.9/site-packages/airflow/example_dags/example_task_group.py
[2023-08-28 23:18:28,666] {processor.py:651} INFO - DAG(s) dict_keys(['example_task_group']) retrieved from /home/linuxlite/Documentos/airflow/venv/lib/python3.9/site-packages/airflow/example_dags/example_task_group.py
[2023-08-28 23:18:28,690] {logging_mixin.py:115} INFO - [2023-08-28 23:18:28,690] {dag.py:2379} INFO - Sync 1 DAGs
[2023-08-28 23:18:28,713] {logging_mixin.py:115} INFO - [2023-08-28 23:18:28,713] {dag.py:2927} INFO - Setting next_dagrun for example_task_group to 2023-08-28T02:18:28.713026+00:00, run_after=2023-08-29T02:18:28.713026+00:00
[2023-08-28 23:18:28,727] {processor.py:161} INFO - Processing /home/linuxlite/Documentos/airflow/venv/lib/python3.9/site-packages/airflow/example_dags/example_task_group.py took 0.083 seconds
[2023-08-28 23:19:04,233] {processor.py:153} INFO - Started process (PID=61552) to work on /home/linuxlite/Documentos/airflow/venv/lib/python3.9/site-packages/airflow/example_dags/example_task_group.py
[2023-08-28 23:19:04,234] {processor.py:641} INFO - Processing file /home/linuxlite/Documentos/airflow/venv/lib/python3.9/site-packages/airflow/example_dags/example_task_group.py for tasks to queue
[2023-08-28 23:19:04,234] {logging_mixin.py:115} INFO - [2023-08-28 23:19:04,234] {dagbag.py:507} INFO - Filling up the DagBag from /home/linuxlite/Documentos/airflow/venv/lib/python3.9/site-packages/airflow/example_dags/example_task_group.py
[2023-08-28 23:19:04,241] {processor.py:651} INFO - DAG(s) dict_keys(['example_task_group']) retrieved from /home/linuxlite/Documentos/airflow/venv/lib/python3.9/site-packages/airflow/example_dags/example_task_group.py
[2023-08-28 23:19:04,265] {logging_mixin.py:115} INFO - [2023-08-28 23:19:04,265] {dag.py:2379} INFO - Sync 1 DAGs
[2023-08-28 23:19:04,285] {logging_mixin.py:115} INFO - [2023-08-28 23:19:04,285] {dag.py:2927} INFO - Setting next_dagrun for example_task_group to 2023-08-28T02:19:04.284997+00:00, run_after=2023-08-29T02:19:04.284997+00:00
[2023-08-28 23:19:04,300] {processor.py:161} INFO - Processing /home/linuxlite/Documentos/airflow/venv/lib/python3.9/site-packages/airflow/example_dags/example_task_group.py took 0.070 seconds
[2023-08-28 23:19:37,942] {processor.py:153} INFO - Started process (PID=61612) to work on /home/linuxlite/Documentos/airflow/venv/lib/python3.9/site-packages/airflow/example_dags/example_task_group.py
[2023-08-28 23:19:37,943] {processor.py:641} INFO - Processing file /home/linuxlite/Documentos/airflow/venv/lib/python3.9/site-packages/airflow/example_dags/example_task_group.py for tasks to queue
[2023-08-28 23:19:37,943] {logging_mixin.py:115} INFO - [2023-08-28 23:19:37,943] {dagbag.py:507} INFO - Filling up the DagBag from /home/linuxlite/Documentos/airflow/venv/lib/python3.9/site-packages/airflow/example_dags/example_task_group.py
[2023-08-28 23:19:37,952] {processor.py:651} INFO - DAG(s) dict_keys(['example_task_group']) retrieved from /home/linuxlite/Documentos/airflow/venv/lib/python3.9/site-packages/airflow/example_dags/example_task_group.py
[2023-08-28 23:19:37,970] {logging_mixin.py:115} INFO - [2023-08-28 23:19:37,970] {dag.py:2379} INFO - Sync 1 DAGs
[2023-08-28 23:19:37,986] {logging_mixin.py:115} INFO - [2023-08-28 23:19:37,986] {dag.py:2927} INFO - Setting next_dagrun for example_task_group to 2023-08-28T02:19:37.985850+00:00, run_after=2023-08-29T02:19:37.985850+00:00
[2023-08-28 23:19:37,997] {processor.py:161} INFO - Processing /home/linuxlite/Documentos/airflow/venv/lib/python3.9/site-packages/airflow/example_dags/example_task_group.py took 0.061 seconds
[2023-08-28 23:20:09,948] {processor.py:153} INFO - Started process (PID=61717) to work on /home/linuxlite/Documentos/airflow/venv/lib/python3.9/site-packages/airflow/example_dags/example_task_group.py
[2023-08-28 23:20:09,948] {processor.py:641} INFO - Processing file /home/linuxlite/Documentos/airflow/venv/lib/python3.9/site-packages/airflow/example_dags/example_task_group.py for tasks to queue
[2023-08-28 23:20:09,949] {logging_mixin.py:115} INFO - [2023-08-28 23:20:09,948] {dagbag.py:507} INFO - Filling up the DagBag from /home/linuxlite/Documentos/airflow/venv/lib/python3.9/site-packages/airflow/example_dags/example_task_group.py
[2023-08-28 23:20:09,956] {processor.py:651} INFO - DAG(s) dict_keys(['example_task_group']) retrieved from /home/linuxlite/Documentos/airflow/venv/lib/python3.9/site-packages/airflow/example_dags/example_task_group.py
[2023-08-28 23:20:09,974] {logging_mixin.py:115} INFO - [2023-08-28 23:20:09,974] {dag.py:2379} INFO - Sync 1 DAGs
[2023-08-28 23:20:09,989] {logging_mixin.py:115} INFO - [2023-08-28 23:20:09,989] {dag.py:2927} INFO - Setting next_dagrun for example_task_group to 2023-08-28T02:20:09.989209+00:00, run_after=2023-08-29T02:20:09.989209+00:00
[2023-08-28 23:20:10,005] {processor.py:161} INFO - Processing /home/linuxlite/Documentos/airflow/venv/lib/python3.9/site-packages/airflow/example_dags/example_task_group.py took 0.061 seconds
[2023-08-28 23:20:44,124] {processor.py:153} INFO - Started process (PID=61751) to work on /home/linuxlite/Documentos/airflow/venv/lib/python3.9/site-packages/airflow/example_dags/example_task_group.py
[2023-08-28 23:20:44,125] {processor.py:641} INFO - Processing file /home/linuxlite/Documentos/airflow/venv/lib/python3.9/site-packages/airflow/example_dags/example_task_group.py for tasks to queue
[2023-08-28 23:20:44,125] {logging_mixin.py:115} INFO - [2023-08-28 23:20:44,125] {dagbag.py:507} INFO - Filling up the DagBag from /home/linuxlite/Documentos/airflow/venv/lib/python3.9/site-packages/airflow/example_dags/example_task_group.py
[2023-08-28 23:20:44,132] {processor.py:651} INFO - DAG(s) dict_keys(['example_task_group']) retrieved from /home/linuxlite/Documentos/airflow/venv/lib/python3.9/site-packages/airflow/example_dags/example_task_group.py
[2023-08-28 23:20:44,151] {logging_mixin.py:115} INFO - [2023-08-28 23:20:44,150] {dag.py:2379} INFO - Sync 1 DAGs
[2023-08-28 23:20:44,167] {logging_mixin.py:115} INFO - [2023-08-28 23:20:44,167] {dag.py:2927} INFO - Setting next_dagrun for example_task_group to 2023-08-28T02:20:44.167437+00:00, run_after=2023-08-29T02:20:44.167437+00:00
[2023-08-28 23:20:44,179] {processor.py:161} INFO - Processing /home/linuxlite/Documentos/airflow/venv/lib/python3.9/site-packages/airflow/example_dags/example_task_group.py took 0.059 seconds
[2023-08-28 23:21:17,274] {processor.py:153} INFO - Started process (PID=61793) to work on /home/linuxlite/Documentos/airflow/venv/lib/python3.9/site-packages/airflow/example_dags/example_task_group.py
[2023-08-28 23:21:17,275] {processor.py:641} INFO - Processing file /home/linuxlite/Documentos/airflow/venv/lib/python3.9/site-packages/airflow/example_dags/example_task_group.py for tasks to queue
[2023-08-28 23:21:17,276] {logging_mixin.py:115} INFO - [2023-08-28 23:21:17,276] {dagbag.py:507} INFO - Filling up the DagBag from /home/linuxlite/Documentos/airflow/venv/lib/python3.9/site-packages/airflow/example_dags/example_task_group.py
[2023-08-28 23:21:17,285] {processor.py:651} INFO - DAG(s) dict_keys(['example_task_group']) retrieved from /home/linuxlite/Documentos/airflow/venv/lib/python3.9/site-packages/airflow/example_dags/example_task_group.py
[2023-08-28 23:21:17,304] {logging_mixin.py:115} INFO - [2023-08-28 23:21:17,304] {dag.py:2379} INFO - Sync 1 DAGs
[2023-08-28 23:21:17,319] {logging_mixin.py:115} INFO - [2023-08-28 23:21:17,319] {dag.py:2927} INFO - Setting next_dagrun for example_task_group to 2023-08-28T02:21:17.319431+00:00, run_after=2023-08-29T02:21:17.319431+00:00
[2023-08-28 23:21:17,331] {processor.py:161} INFO - Processing /home/linuxlite/Documentos/airflow/venv/lib/python3.9/site-packages/airflow/example_dags/example_task_group.py took 0.064 seconds
[2023-08-28 23:21:50,227] {processor.py:153} INFO - Started process (PID=61851) to work on /home/linuxlite/Documentos/airflow/venv/lib/python3.9/site-packages/airflow/example_dags/example_task_group.py
[2023-08-28 23:21:50,228] {processor.py:641} INFO - Processing file /home/linuxlite/Documentos/airflow/venv/lib/python3.9/site-packages/airflow/example_dags/example_task_group.py for tasks to queue
[2023-08-28 23:21:50,229] {logging_mixin.py:115} INFO - [2023-08-28 23:21:50,228] {dagbag.py:507} INFO - Filling up the DagBag from /home/linuxlite/Documentos/airflow/venv/lib/python3.9/site-packages/airflow/example_dags/example_task_group.py
[2023-08-28 23:21:50,236] {processor.py:651} INFO - DAG(s) dict_keys(['example_task_group']) retrieved from /home/linuxlite/Documentos/airflow/venv/lib/python3.9/site-packages/airflow/example_dags/example_task_group.py
[2023-08-28 23:21:50,257] {logging_mixin.py:115} INFO - [2023-08-28 23:21:50,257] {dag.py:2379} INFO - Sync 1 DAGs
[2023-08-28 23:21:50,274] {logging_mixin.py:115} INFO - [2023-08-28 23:21:50,274] {dag.py:2927} INFO - Setting next_dagrun for example_task_group to 2023-08-28T02:21:50.273954+00:00, run_after=2023-08-29T02:21:50.273954+00:00
[2023-08-28 23:21:50,286] {processor.py:161} INFO - Processing /home/linuxlite/Documentos/airflow/venv/lib/python3.9/site-packages/airflow/example_dags/example_task_group.py took 0.062 seconds
[2023-08-28 23:22:24,196] {processor.py:153} INFO - Started process (PID=61887) to work on /home/linuxlite/Documentos/airflow/venv/lib/python3.9/site-packages/airflow/example_dags/example_task_group.py
[2023-08-28 23:22:24,197] {processor.py:641} INFO - Processing file /home/linuxlite/Documentos/airflow/venv/lib/python3.9/site-packages/airflow/example_dags/example_task_group.py for tasks to queue
[2023-08-28 23:22:24,198] {logging_mixin.py:115} INFO - [2023-08-28 23:22:24,198] {dagbag.py:507} INFO - Filling up the DagBag from /home/linuxlite/Documentos/airflow/venv/lib/python3.9/site-packages/airflow/example_dags/example_task_group.py
[2023-08-28 23:22:24,206] {processor.py:651} INFO - DAG(s) dict_keys(['example_task_group']) retrieved from /home/linuxlite/Documentos/airflow/venv/lib/python3.9/site-packages/airflow/example_dags/example_task_group.py
[2023-08-28 23:22:24,231] {logging_mixin.py:115} INFO - [2023-08-28 23:22:24,231] {dag.py:2379} INFO - Sync 1 DAGs
[2023-08-28 23:22:24,249] {logging_mixin.py:115} INFO - [2023-08-28 23:22:24,248] {dag.py:2927} INFO - Setting next_dagrun for example_task_group to 2023-08-28T02:22:24.248733+00:00, run_after=2023-08-29T02:22:24.248733+00:00
[2023-08-28 23:22:24,261] {processor.py:161} INFO - Processing /home/linuxlite/Documentos/airflow/venv/lib/python3.9/site-packages/airflow/example_dags/example_task_group.py took 0.069 seconds
[2023-08-28 23:23:01,169] {processor.py:153} INFO - Started process (PID=61929) to work on /home/linuxlite/Documentos/airflow/venv/lib/python3.9/site-packages/airflow/example_dags/example_task_group.py
[2023-08-28 23:23:01,170] {processor.py:641} INFO - Processing file /home/linuxlite/Documentos/airflow/venv/lib/python3.9/site-packages/airflow/example_dags/example_task_group.py for tasks to queue
[2023-08-28 23:23:01,171] {logging_mixin.py:115} INFO - [2023-08-28 23:23:01,171] {dagbag.py:507} INFO - Filling up the DagBag from /home/linuxlite/Documentos/airflow/venv/lib/python3.9/site-packages/airflow/example_dags/example_task_group.py
[2023-08-28 23:23:01,181] {processor.py:651} INFO - DAG(s) dict_keys(['example_task_group']) retrieved from /home/linuxlite/Documentos/airflow/venv/lib/python3.9/site-packages/airflow/example_dags/example_task_group.py
[2023-08-28 23:23:01,200] {logging_mixin.py:115} INFO - [2023-08-28 23:23:01,199] {dag.py:2379} INFO - Sync 1 DAGs
[2023-08-28 23:23:01,214] {logging_mixin.py:115} INFO - [2023-08-28 23:23:01,214] {dag.py:2927} INFO - Setting next_dagrun for example_task_group to 2023-08-28T02:23:01.214586+00:00, run_after=2023-08-29T02:23:01.214586+00:00
[2023-08-28 23:23:01,225] {processor.py:161} INFO - Processing /home/linuxlite/Documentos/airflow/venv/lib/python3.9/site-packages/airflow/example_dags/example_task_group.py took 0.059 seconds
[2023-08-28 23:23:37,294] {processor.py:153} INFO - Started process (PID=61971) to work on /home/linuxlite/Documentos/airflow/venv/lib/python3.9/site-packages/airflow/example_dags/example_task_group.py
[2023-08-28 23:23:37,295] {processor.py:641} INFO - Processing file /home/linuxlite/Documentos/airflow/venv/lib/python3.9/site-packages/airflow/example_dags/example_task_group.py for tasks to queue
[2023-08-28 23:23:37,296] {logging_mixin.py:115} INFO - [2023-08-28 23:23:37,296] {dagbag.py:507} INFO - Filling up the DagBag from /home/linuxlite/Documentos/airflow/venv/lib/python3.9/site-packages/airflow/example_dags/example_task_group.py
[2023-08-28 23:23:37,303] {processor.py:651} INFO - DAG(s) dict_keys(['example_task_group']) retrieved from /home/linuxlite/Documentos/airflow/venv/lib/python3.9/site-packages/airflow/example_dags/example_task_group.py
[2023-08-28 23:23:37,322] {logging_mixin.py:115} INFO - [2023-08-28 23:23:37,322] {dag.py:2379} INFO - Sync 1 DAGs
[2023-08-28 23:23:37,338] {logging_mixin.py:115} INFO - [2023-08-28 23:23:37,338] {dag.py:2927} INFO - Setting next_dagrun for example_task_group to 2023-08-28T02:23:37.338203+00:00, run_after=2023-08-29T02:23:37.338203+00:00
[2023-08-28 23:23:37,350] {processor.py:161} INFO - Processing /home/linuxlite/Documentos/airflow/venv/lib/python3.9/site-packages/airflow/example_dags/example_task_group.py took 0.060 seconds
[2023-08-28 23:24:12,108] {processor.py:153} INFO - Started process (PID=62013) to work on /home/linuxlite/Documentos/airflow/venv/lib/python3.9/site-packages/airflow/example_dags/example_task_group.py
[2023-08-28 23:24:12,109] {processor.py:641} INFO - Processing file /home/linuxlite/Documentos/airflow/venv/lib/python3.9/site-packages/airflow/example_dags/example_task_group.py for tasks to queue
[2023-08-28 23:24:12,110] {logging_mixin.py:115} INFO - [2023-08-28 23:24:12,110] {dagbag.py:507} INFO - Filling up the DagBag from /home/linuxlite/Documentos/airflow/venv/lib/python3.9/site-packages/airflow/example_dags/example_task_group.py
[2023-08-28 23:24:12,118] {processor.py:651} INFO - DAG(s) dict_keys(['example_task_group']) retrieved from /home/linuxlite/Documentos/airflow/venv/lib/python3.9/site-packages/airflow/example_dags/example_task_group.py
[2023-08-28 23:24:12,138] {logging_mixin.py:115} INFO - [2023-08-28 23:24:12,138] {dag.py:2379} INFO - Sync 1 DAGs
[2023-08-28 23:24:12,155] {logging_mixin.py:115} INFO - [2023-08-28 23:24:12,155] {dag.py:2927} INFO - Setting next_dagrun for example_task_group to 2023-08-28T02:24:12.154817+00:00, run_after=2023-08-29T02:24:12.154817+00:00
[2023-08-28 23:24:12,165] {processor.py:161} INFO - Processing /home/linuxlite/Documentos/airflow/venv/lib/python3.9/site-packages/airflow/example_dags/example_task_group.py took 0.061 seconds
[2023-08-28 23:24:45,908] {processor.py:153} INFO - Started process (PID=62058) to work on /home/linuxlite/Documentos/airflow/venv/lib/python3.9/site-packages/airflow/example_dags/example_task_group.py
[2023-08-28 23:24:45,908] {processor.py:641} INFO - Processing file /home/linuxlite/Documentos/airflow/venv/lib/python3.9/site-packages/airflow/example_dags/example_task_group.py for tasks to queue
[2023-08-28 23:24:45,909] {logging_mixin.py:115} INFO - [2023-08-28 23:24:45,909] {dagbag.py:507} INFO - Filling up the DagBag from /home/linuxlite/Documentos/airflow/venv/lib/python3.9/site-packages/airflow/example_dags/example_task_group.py
[2023-08-28 23:24:45,916] {processor.py:651} INFO - DAG(s) dict_keys(['example_task_group']) retrieved from /home/linuxlite/Documentos/airflow/venv/lib/python3.9/site-packages/airflow/example_dags/example_task_group.py
[2023-08-28 23:24:45,936] {logging_mixin.py:115} INFO - [2023-08-28 23:24:45,936] {dag.py:2379} INFO - Sync 1 DAGs
[2023-08-28 23:24:45,951] {logging_mixin.py:115} INFO - [2023-08-28 23:24:45,951] {dag.py:2927} INFO - Setting next_dagrun for example_task_group to 2023-08-28T02:24:45.951039+00:00, run_after=2023-08-29T02:24:45.951039+00:00
[2023-08-28 23:24:45,962] {processor.py:161} INFO - Processing /home/linuxlite/Documentos/airflow/venv/lib/python3.9/site-packages/airflow/example_dags/example_task_group.py took 0.057 seconds
[2023-08-28 23:25:16,470] {processor.py:153} INFO - Started process (PID=62153) to work on /home/linuxlite/Documentos/airflow/venv/lib/python3.9/site-packages/airflow/example_dags/example_task_group.py
[2023-08-28 23:25:16,471] {processor.py:641} INFO - Processing file /home/linuxlite/Documentos/airflow/venv/lib/python3.9/site-packages/airflow/example_dags/example_task_group.py for tasks to queue
[2023-08-28 23:25:16,472] {logging_mixin.py:115} INFO - [2023-08-28 23:25:16,472] {dagbag.py:507} INFO - Filling up the DagBag from /home/linuxlite/Documentos/airflow/venv/lib/python3.9/site-packages/airflow/example_dags/example_task_group.py
[2023-08-28 23:25:16,479] {processor.py:651} INFO - DAG(s) dict_keys(['example_task_group']) retrieved from /home/linuxlite/Documentos/airflow/venv/lib/python3.9/site-packages/airflow/example_dags/example_task_group.py
[2023-08-28 23:25:16,500] {logging_mixin.py:115} INFO - [2023-08-28 23:25:16,500] {dag.py:2379} INFO - Sync 1 DAGs
[2023-08-28 23:25:16,517] {logging_mixin.py:115} INFO - [2023-08-28 23:25:16,517] {dag.py:2927} INFO - Setting next_dagrun for example_task_group to 2023-08-28T02:25:16.516909+00:00, run_after=2023-08-29T02:25:16.516909+00:00
[2023-08-28 23:25:16,529] {processor.py:161} INFO - Processing /home/linuxlite/Documentos/airflow/venv/lib/python3.9/site-packages/airflow/example_dags/example_task_group.py took 0.062 seconds
[2023-08-28 23:25:48,464] {processor.py:153} INFO - Started process (PID=62186) to work on /home/linuxlite/Documentos/airflow/venv/lib/python3.9/site-packages/airflow/example_dags/example_task_group.py
[2023-08-28 23:25:48,465] {processor.py:641} INFO - Processing file /home/linuxlite/Documentos/airflow/venv/lib/python3.9/site-packages/airflow/example_dags/example_task_group.py for tasks to queue
[2023-08-28 23:25:48,466] {logging_mixin.py:115} INFO - [2023-08-28 23:25:48,466] {dagbag.py:507} INFO - Filling up the DagBag from /home/linuxlite/Documentos/airflow/venv/lib/python3.9/site-packages/airflow/example_dags/example_task_group.py
[2023-08-28 23:25:48,473] {processor.py:651} INFO - DAG(s) dict_keys(['example_task_group']) retrieved from /home/linuxlite/Documentos/airflow/venv/lib/python3.9/site-packages/airflow/example_dags/example_task_group.py
[2023-08-28 23:25:48,494] {logging_mixin.py:115} INFO - [2023-08-28 23:25:48,494] {dag.py:2379} INFO - Sync 1 DAGs
[2023-08-28 23:25:48,510] {logging_mixin.py:115} INFO - [2023-08-28 23:25:48,510] {dag.py:2927} INFO - Setting next_dagrun for example_task_group to 2023-08-28T02:25:48.510323+00:00, run_after=2023-08-29T02:25:48.510323+00:00
[2023-08-28 23:25:48,522] {processor.py:161} INFO - Processing /home/linuxlite/Documentos/airflow/venv/lib/python3.9/site-packages/airflow/example_dags/example_task_group.py took 0.062 seconds
[2023-08-28 23:26:19,917] {processor.py:153} INFO - Started process (PID=62231) to work on /home/linuxlite/Documentos/airflow/venv/lib/python3.9/site-packages/airflow/example_dags/example_task_group.py
[2023-08-28 23:26:19,917] {processor.py:641} INFO - Processing file /home/linuxlite/Documentos/airflow/venv/lib/python3.9/site-packages/airflow/example_dags/example_task_group.py for tasks to queue
[2023-08-28 23:26:19,918] {logging_mixin.py:115} INFO - [2023-08-28 23:26:19,918] {dagbag.py:507} INFO - Filling up the DagBag from /home/linuxlite/Documentos/airflow/venv/lib/python3.9/site-packages/airflow/example_dags/example_task_group.py
[2023-08-28 23:26:19,926] {processor.py:651} INFO - DAG(s) dict_keys(['example_task_group']) retrieved from /home/linuxlite/Documentos/airflow/venv/lib/python3.9/site-packages/airflow/example_dags/example_task_group.py
[2023-08-28 23:26:19,946] {logging_mixin.py:115} INFO - [2023-08-28 23:26:19,945] {dag.py:2379} INFO - Sync 1 DAGs
[2023-08-28 23:26:19,961] {logging_mixin.py:115} INFO - [2023-08-28 23:26:19,961] {dag.py:2927} INFO - Setting next_dagrun for example_task_group to 2023-08-28T02:26:19.960769+00:00, run_after=2023-08-29T02:26:19.960769+00:00
[2023-08-28 23:26:19,970] {processor.py:161} INFO - Processing /home/linuxlite/Documentos/airflow/venv/lib/python3.9/site-packages/airflow/example_dags/example_task_group.py took 0.057 seconds
[2023-08-28 23:26:54,267] {processor.py:153} INFO - Started process (PID=62270) to work on /home/linuxlite/Documentos/airflow/venv/lib/python3.9/site-packages/airflow/example_dags/example_task_group.py
[2023-08-28 23:26:54,268] {processor.py:641} INFO - Processing file /home/linuxlite/Documentos/airflow/venv/lib/python3.9/site-packages/airflow/example_dags/example_task_group.py for tasks to queue
[2023-08-28 23:26:54,268] {logging_mixin.py:115} INFO - [2023-08-28 23:26:54,268] {dagbag.py:507} INFO - Filling up the DagBag from /home/linuxlite/Documentos/airflow/venv/lib/python3.9/site-packages/airflow/example_dags/example_task_group.py
[2023-08-28 23:26:54,275] {processor.py:651} INFO - DAG(s) dict_keys(['example_task_group']) retrieved from /home/linuxlite/Documentos/airflow/venv/lib/python3.9/site-packages/airflow/example_dags/example_task_group.py
[2023-08-28 23:26:54,295] {logging_mixin.py:115} INFO - [2023-08-28 23:26:54,295] {dag.py:2379} INFO - Sync 1 DAGs
[2023-08-28 23:26:54,312] {logging_mixin.py:115} INFO - [2023-08-28 23:26:54,312] {dag.py:2927} INFO - Setting next_dagrun for example_task_group to 2023-08-28T02:26:54.311999+00:00, run_after=2023-08-29T02:26:54.311999+00:00
[2023-08-28 23:26:54,323] {processor.py:161} INFO - Processing /home/linuxlite/Documentos/airflow/venv/lib/python3.9/site-packages/airflow/example_dags/example_task_group.py took 0.059 seconds
[2023-08-28 23:27:29,215] {processor.py:153} INFO - Started process (PID=62325) to work on /home/linuxlite/Documentos/airflow/venv/lib/python3.9/site-packages/airflow/example_dags/example_task_group.py
[2023-08-28 23:27:29,216] {processor.py:641} INFO - Processing file /home/linuxlite/Documentos/airflow/venv/lib/python3.9/site-packages/airflow/example_dags/example_task_group.py for tasks to queue
[2023-08-28 23:27:29,217] {logging_mixin.py:115} INFO - [2023-08-28 23:27:29,217] {dagbag.py:507} INFO - Filling up the DagBag from /home/linuxlite/Documentos/airflow/venv/lib/python3.9/site-packages/airflow/example_dags/example_task_group.py
[2023-08-28 23:27:29,224] {processor.py:651} INFO - DAG(s) dict_keys(['example_task_group']) retrieved from /home/linuxlite/Documentos/airflow/venv/lib/python3.9/site-packages/airflow/example_dags/example_task_group.py
[2023-08-28 23:27:29,244] {logging_mixin.py:115} INFO - [2023-08-28 23:27:29,244] {dag.py:2379} INFO - Sync 1 DAGs
[2023-08-28 23:27:29,258] {logging_mixin.py:115} INFO - [2023-08-28 23:27:29,258] {dag.py:2927} INFO - Setting next_dagrun for example_task_group to 2023-08-28T02:27:29.258318+00:00, run_after=2023-08-29T02:27:29.258318+00:00
[2023-08-28 23:27:29,270] {processor.py:161} INFO - Processing /home/linuxlite/Documentos/airflow/venv/lib/python3.9/site-packages/airflow/example_dags/example_task_group.py took 0.058 seconds
