[2023-08-28 23:11:11,632] {processor.py:153} INFO - Started process (PID=60032) to work on /home/linuxlite/Documentos/airflow/venv/lib/python3.9/site-packages/airflow/example_dags/example_branch_labels.py
[2023-08-28 23:11:11,633] {processor.py:641} INFO - Processing file /home/linuxlite/Documentos/airflow/venv/lib/python3.9/site-packages/airflow/example_dags/example_branch_labels.py for tasks to queue
[2023-08-28 23:11:11,633] {logging_mixin.py:115} INFO - [2023-08-28 23:11:11,633] {dagbag.py:507} INFO - Filling up the DagBag from /home/linuxlite/Documentos/airflow/venv/lib/python3.9/site-packages/airflow/example_dags/example_branch_labels.py
[2023-08-28 23:11:11,640] {processor.py:651} INFO - DAG(s) dict_keys(['example_branch_labels']) retrieved from /home/linuxlite/Documentos/airflow/venv/lib/python3.9/site-packages/airflow/example_dags/example_branch_labels.py
[2023-08-28 23:11:11,671] {logging_mixin.py:115} INFO - [2023-08-28 23:11:11,671] {dag.py:2379} INFO - Sync 1 DAGs
[2023-08-28 23:11:11,695] {logging_mixin.py:115} INFO - [2023-08-28 23:11:11,695] {dag.py:2927} INFO - Setting next_dagrun for example_branch_labels to 2023-08-28T00:00:00+00:00, run_after=2023-08-29T00:00:00+00:00
[2023-08-28 23:11:11,709] {processor.py:161} INFO - Processing /home/linuxlite/Documentos/airflow/venv/lib/python3.9/site-packages/airflow/example_dags/example_branch_labels.py took 0.080 seconds
[2023-08-28 23:11:48,850] {processor.py:153} INFO - Started process (PID=60080) to work on /home/linuxlite/Documentos/airflow/venv/lib/python3.9/site-packages/airflow/example_dags/example_branch_labels.py
[2023-08-28 23:11:48,851] {processor.py:641} INFO - Processing file /home/linuxlite/Documentos/airflow/venv/lib/python3.9/site-packages/airflow/example_dags/example_branch_labels.py for tasks to queue
[2023-08-28 23:11:48,851] {logging_mixin.py:115} INFO - [2023-08-28 23:11:48,851] {dagbag.py:507} INFO - Filling up the DagBag from /home/linuxlite/Documentos/airflow/venv/lib/python3.9/site-packages/airflow/example_dags/example_branch_labels.py
[2023-08-28 23:11:48,858] {processor.py:651} INFO - DAG(s) dict_keys(['example_branch_labels']) retrieved from /home/linuxlite/Documentos/airflow/venv/lib/python3.9/site-packages/airflow/example_dags/example_branch_labels.py
[2023-08-28 23:11:48,874] {logging_mixin.py:115} INFO - [2023-08-28 23:11:48,874] {dag.py:2379} INFO - Sync 1 DAGs
[2023-08-28 23:11:48,893] {logging_mixin.py:115} INFO - [2023-08-28 23:11:48,893] {dag.py:2927} INFO - Setting next_dagrun for example_branch_labels to 2023-08-28T00:00:00+00:00, run_after=2023-08-29T00:00:00+00:00
[2023-08-28 23:11:48,905] {processor.py:161} INFO - Processing /home/linuxlite/Documentos/airflow/venv/lib/python3.9/site-packages/airflow/example_dags/example_branch_labels.py took 0.058 seconds
[2023-08-28 23:12:23,481] {processor.py:153} INFO - Started process (PID=60122) to work on /home/linuxlite/Documentos/airflow/venv/lib/python3.9/site-packages/airflow/example_dags/example_branch_labels.py
[2023-08-28 23:12:23,483] {processor.py:641} INFO - Processing file /home/linuxlite/Documentos/airflow/venv/lib/python3.9/site-packages/airflow/example_dags/example_branch_labels.py for tasks to queue
[2023-08-28 23:12:23,483] {logging_mixin.py:115} INFO - [2023-08-28 23:12:23,483] {dagbag.py:507} INFO - Filling up the DagBag from /home/linuxlite/Documentos/airflow/venv/lib/python3.9/site-packages/airflow/example_dags/example_branch_labels.py
[2023-08-28 23:12:23,499] {processor.py:651} INFO - DAG(s) dict_keys(['example_branch_labels']) retrieved from /home/linuxlite/Documentos/airflow/venv/lib/python3.9/site-packages/airflow/example_dags/example_branch_labels.py
[2023-08-28 23:12:23,532] {logging_mixin.py:115} INFO - [2023-08-28 23:12:23,531] {dag.py:2379} INFO - Sync 1 DAGs
[2023-08-28 23:12:23,583] {logging_mixin.py:115} INFO - [2023-08-28 23:12:23,583] {dag.py:2927} INFO - Setting next_dagrun for example_branch_labels to 2023-08-28T00:00:00+00:00, run_after=2023-08-29T00:00:00+00:00
[2023-08-28 23:12:23,611] {processor.py:161} INFO - Processing /home/linuxlite/Documentos/airflow/venv/lib/python3.9/site-packages/airflow/example_dags/example_branch_labels.py took 0.152 seconds
[2023-08-28 23:12:58,164] {processor.py:153} INFO - Started process (PID=60161) to work on /home/linuxlite/Documentos/airflow/venv/lib/python3.9/site-packages/airflow/example_dags/example_branch_labels.py
[2023-08-28 23:12:58,165] {processor.py:641} INFO - Processing file /home/linuxlite/Documentos/airflow/venv/lib/python3.9/site-packages/airflow/example_dags/example_branch_labels.py for tasks to queue
[2023-08-28 23:12:58,166] {logging_mixin.py:115} INFO - [2023-08-28 23:12:58,166] {dagbag.py:507} INFO - Filling up the DagBag from /home/linuxlite/Documentos/airflow/venv/lib/python3.9/site-packages/airflow/example_dags/example_branch_labels.py
[2023-08-28 23:12:58,173] {processor.py:651} INFO - DAG(s) dict_keys(['example_branch_labels']) retrieved from /home/linuxlite/Documentos/airflow/venv/lib/python3.9/site-packages/airflow/example_dags/example_branch_labels.py
[2023-08-28 23:12:58,189] {logging_mixin.py:115} INFO - [2023-08-28 23:12:58,189] {dag.py:2379} INFO - Sync 1 DAGs
[2023-08-28 23:12:58,208] {logging_mixin.py:115} INFO - [2023-08-28 23:12:58,208] {dag.py:2927} INFO - Setting next_dagrun for example_branch_labels to 2023-08-28T00:00:00+00:00, run_after=2023-08-29T00:00:00+00:00
[2023-08-28 23:12:58,223] {processor.py:161} INFO - Processing /home/linuxlite/Documentos/airflow/venv/lib/python3.9/site-packages/airflow/example_dags/example_branch_labels.py took 0.063 seconds
[2023-08-28 23:13:36,086] {processor.py:153} INFO - Started process (PID=60204) to work on /home/linuxlite/Documentos/airflow/venv/lib/python3.9/site-packages/airflow/example_dags/example_branch_labels.py
[2023-08-28 23:13:36,087] {processor.py:641} INFO - Processing file /home/linuxlite/Documentos/airflow/venv/lib/python3.9/site-packages/airflow/example_dags/example_branch_labels.py for tasks to queue
[2023-08-28 23:13:36,088] {logging_mixin.py:115} INFO - [2023-08-28 23:13:36,087] {dagbag.py:507} INFO - Filling up the DagBag from /home/linuxlite/Documentos/airflow/venv/lib/python3.9/site-packages/airflow/example_dags/example_branch_labels.py
[2023-08-28 23:13:36,093] {processor.py:651} INFO - DAG(s) dict_keys(['example_branch_labels']) retrieved from /home/linuxlite/Documentos/airflow/venv/lib/python3.9/site-packages/airflow/example_dags/example_branch_labels.py
[2023-08-28 23:13:36,110] {logging_mixin.py:115} INFO - [2023-08-28 23:13:36,110] {dag.py:2379} INFO - Sync 1 DAGs
[2023-08-28 23:13:36,129] {logging_mixin.py:115} INFO - [2023-08-28 23:13:36,129] {dag.py:2927} INFO - Setting next_dagrun for example_branch_labels to 2023-08-28T00:00:00+00:00, run_after=2023-08-29T00:00:00+00:00
[2023-08-28 23:13:36,140] {processor.py:161} INFO - Processing /home/linuxlite/Documentos/airflow/venv/lib/python3.9/site-packages/airflow/example_dags/example_branch_labels.py took 0.057 seconds
[2023-08-28 23:14:12,263] {processor.py:153} INFO - Started process (PID=60246) to work on /home/linuxlite/Documentos/airflow/venv/lib/python3.9/site-packages/airflow/example_dags/example_branch_labels.py
[2023-08-28 23:14:12,264] {processor.py:641} INFO - Processing file /home/linuxlite/Documentos/airflow/venv/lib/python3.9/site-packages/airflow/example_dags/example_branch_labels.py for tasks to queue
[2023-08-28 23:14:12,265] {logging_mixin.py:115} INFO - [2023-08-28 23:14:12,265] {dagbag.py:507} INFO - Filling up the DagBag from /home/linuxlite/Documentos/airflow/venv/lib/python3.9/site-packages/airflow/example_dags/example_branch_labels.py
[2023-08-28 23:14:12,270] {processor.py:651} INFO - DAG(s) dict_keys(['example_branch_labels']) retrieved from /home/linuxlite/Documentos/airflow/venv/lib/python3.9/site-packages/airflow/example_dags/example_branch_labels.py
[2023-08-28 23:14:12,286] {logging_mixin.py:115} INFO - [2023-08-28 23:14:12,286] {dag.py:2379} INFO - Sync 1 DAGs
[2023-08-28 23:14:12,303] {logging_mixin.py:115} INFO - [2023-08-28 23:14:12,303] {dag.py:2927} INFO - Setting next_dagrun for example_branch_labels to 2023-08-28T00:00:00+00:00, run_after=2023-08-29T00:00:00+00:00
[2023-08-28 23:14:12,313] {processor.py:161} INFO - Processing /home/linuxlite/Documentos/airflow/venv/lib/python3.9/site-packages/airflow/example_dags/example_branch_labels.py took 0.053 seconds
[2023-08-28 23:14:50,597] {processor.py:153} INFO - Started process (PID=60301) to work on /home/linuxlite/Documentos/airflow/venv/lib/python3.9/site-packages/airflow/example_dags/example_branch_labels.py
[2023-08-28 23:14:50,598] {processor.py:641} INFO - Processing file /home/linuxlite/Documentos/airflow/venv/lib/python3.9/site-packages/airflow/example_dags/example_branch_labels.py for tasks to queue
[2023-08-28 23:14:50,598] {logging_mixin.py:115} INFO - [2023-08-28 23:14:50,598] {dagbag.py:507} INFO - Filling up the DagBag from /home/linuxlite/Documentos/airflow/venv/lib/python3.9/site-packages/airflow/example_dags/example_branch_labels.py
[2023-08-28 23:14:50,604] {processor.py:651} INFO - DAG(s) dict_keys(['example_branch_labels']) retrieved from /home/linuxlite/Documentos/airflow/venv/lib/python3.9/site-packages/airflow/example_dags/example_branch_labels.py
[2023-08-28 23:14:50,622] {logging_mixin.py:115} INFO - [2023-08-28 23:14:50,621] {dag.py:2379} INFO - Sync 1 DAGs
[2023-08-28 23:14:50,642] {logging_mixin.py:115} INFO - [2023-08-28 23:14:50,642] {dag.py:2927} INFO - Setting next_dagrun for example_branch_labels to 2023-08-28T00:00:00+00:00, run_after=2023-08-29T00:00:00+00:00
[2023-08-28 23:14:50,656] {processor.py:161} INFO - Processing /home/linuxlite/Documentos/airflow/venv/lib/python3.9/site-packages/airflow/example_dags/example_branch_labels.py took 0.061 seconds
[2023-08-28 23:15:24,832] {processor.py:153} INFO - Started process (PID=60546) to work on /home/linuxlite/Documentos/airflow/venv/lib/python3.9/site-packages/airflow/example_dags/example_branch_labels.py
[2023-08-28 23:15:24,833] {processor.py:641} INFO - Processing file /home/linuxlite/Documentos/airflow/venv/lib/python3.9/site-packages/airflow/example_dags/example_branch_labels.py for tasks to queue
[2023-08-28 23:15:24,833] {logging_mixin.py:115} INFO - [2023-08-28 23:15:24,833] {dagbag.py:507} INFO - Filling up the DagBag from /home/linuxlite/Documentos/airflow/venv/lib/python3.9/site-packages/airflow/example_dags/example_branch_labels.py
[2023-08-28 23:15:24,842] {processor.py:651} INFO - DAG(s) dict_keys(['example_branch_labels']) retrieved from /home/linuxlite/Documentos/airflow/venv/lib/python3.9/site-packages/airflow/example_dags/example_branch_labels.py
[2023-08-28 23:15:24,861] {logging_mixin.py:115} INFO - [2023-08-28 23:15:24,861] {dag.py:2379} INFO - Sync 1 DAGs
[2023-08-28 23:15:24,880] {logging_mixin.py:115} INFO - [2023-08-28 23:15:24,880] {dag.py:2927} INFO - Setting next_dagrun for example_branch_labels to 2023-08-28T00:00:00+00:00, run_after=2023-08-29T00:00:00+00:00
[2023-08-28 23:15:24,890] {processor.py:161} INFO - Processing /home/linuxlite/Documentos/airflow/venv/lib/python3.9/site-packages/airflow/example_dags/example_branch_labels.py took 0.063 seconds
[2023-08-28 23:15:58,929] {processor.py:153} INFO - Started process (PID=60581) to work on /home/linuxlite/Documentos/airflow/venv/lib/python3.9/site-packages/airflow/example_dags/example_branch_labels.py
[2023-08-28 23:15:58,930] {processor.py:641} INFO - Processing file /home/linuxlite/Documentos/airflow/venv/lib/python3.9/site-packages/airflow/example_dags/example_branch_labels.py for tasks to queue
[2023-08-28 23:15:58,930] {logging_mixin.py:115} INFO - [2023-08-28 23:15:58,930] {dagbag.py:507} INFO - Filling up the DagBag from /home/linuxlite/Documentos/airflow/venv/lib/python3.9/site-packages/airflow/example_dags/example_branch_labels.py
[2023-08-28 23:15:58,938] {processor.py:651} INFO - DAG(s) dict_keys(['example_branch_labels']) retrieved from /home/linuxlite/Documentos/airflow/venv/lib/python3.9/site-packages/airflow/example_dags/example_branch_labels.py
[2023-08-28 23:15:58,956] {logging_mixin.py:115} INFO - [2023-08-28 23:15:58,956] {dag.py:2379} INFO - Sync 1 DAGs
[2023-08-28 23:15:58,979] {logging_mixin.py:115} INFO - [2023-08-28 23:15:58,979] {dag.py:2927} INFO - Setting next_dagrun for example_branch_labels to 2023-08-28T00:00:00+00:00, run_after=2023-08-29T00:00:00+00:00
[2023-08-28 23:15:58,997] {processor.py:161} INFO - Processing /home/linuxlite/Documentos/airflow/venv/lib/python3.9/site-packages/airflow/example_dags/example_branch_labels.py took 0.072 seconds
[2023-08-28 23:16:35,898] {processor.py:153} INFO - Started process (PID=60695) to work on /home/linuxlite/Documentos/airflow/venv/lib/python3.9/site-packages/airflow/example_dags/example_branch_labels.py
[2023-08-28 23:16:35,899] {processor.py:641} INFO - Processing file /home/linuxlite/Documentos/airflow/venv/lib/python3.9/site-packages/airflow/example_dags/example_branch_labels.py for tasks to queue
[2023-08-28 23:16:35,899] {logging_mixin.py:115} INFO - [2023-08-28 23:16:35,899] {dagbag.py:507} INFO - Filling up the DagBag from /home/linuxlite/Documentos/airflow/venv/lib/python3.9/site-packages/airflow/example_dags/example_branch_labels.py
[2023-08-28 23:16:35,906] {processor.py:651} INFO - DAG(s) dict_keys(['example_branch_labels']) retrieved from /home/linuxlite/Documentos/airflow/venv/lib/python3.9/site-packages/airflow/example_dags/example_branch_labels.py
[2023-08-28 23:16:35,924] {logging_mixin.py:115} INFO - [2023-08-28 23:16:35,924] {dag.py:2379} INFO - Sync 1 DAGs
[2023-08-28 23:16:35,946] {logging_mixin.py:115} INFO - [2023-08-28 23:16:35,946] {dag.py:2927} INFO - Setting next_dagrun for example_branch_labels to 2023-08-28T00:00:00+00:00, run_after=2023-08-29T00:00:00+00:00
[2023-08-28 23:16:35,959] {processor.py:161} INFO - Processing /home/linuxlite/Documentos/airflow/venv/lib/python3.9/site-packages/airflow/example_dags/example_branch_labels.py took 0.064 seconds
[2023-08-28 23:17:09,326] {processor.py:153} INFO - Started process (PID=60833) to work on /home/linuxlite/Documentos/airflow/venv/lib/python3.9/site-packages/airflow/example_dags/example_branch_labels.py
[2023-08-28 23:17:09,328] {processor.py:641} INFO - Processing file /home/linuxlite/Documentos/airflow/venv/lib/python3.9/site-packages/airflow/example_dags/example_branch_labels.py for tasks to queue
[2023-08-28 23:17:09,328] {logging_mixin.py:115} INFO - [2023-08-28 23:17:09,328] {dagbag.py:507} INFO - Filling up the DagBag from /home/linuxlite/Documentos/airflow/venv/lib/python3.9/site-packages/airflow/example_dags/example_branch_labels.py
[2023-08-28 23:17:09,335] {processor.py:651} INFO - DAG(s) dict_keys(['example_branch_labels']) retrieved from /home/linuxlite/Documentos/airflow/venv/lib/python3.9/site-packages/airflow/example_dags/example_branch_labels.py
[2023-08-28 23:17:09,353] {logging_mixin.py:115} INFO - [2023-08-28 23:17:09,353] {dag.py:2379} INFO - Sync 1 DAGs
[2023-08-28 23:17:09,372] {logging_mixin.py:115} INFO - [2023-08-28 23:17:09,372] {dag.py:2927} INFO - Setting next_dagrun for example_branch_labels to 2023-08-28T00:00:00+00:00, run_after=2023-08-29T00:00:00+00:00
[2023-08-28 23:17:09,383] {processor.py:161} INFO - Processing /home/linuxlite/Documentos/airflow/venv/lib/python3.9/site-packages/airflow/example_dags/example_branch_labels.py took 0.061 seconds
[2023-08-28 23:17:46,853] {processor.py:153} INFO - Started process (PID=60982) to work on /home/linuxlite/Documentos/airflow/venv/lib/python3.9/site-packages/airflow/example_dags/example_branch_labels.py
[2023-08-28 23:17:46,854] {processor.py:641} INFO - Processing file /home/linuxlite/Documentos/airflow/venv/lib/python3.9/site-packages/airflow/example_dags/example_branch_labels.py for tasks to queue
[2023-08-28 23:17:46,854] {logging_mixin.py:115} INFO - [2023-08-28 23:17:46,854] {dagbag.py:507} INFO - Filling up the DagBag from /home/linuxlite/Documentos/airflow/venv/lib/python3.9/site-packages/airflow/example_dags/example_branch_labels.py
[2023-08-28 23:17:46,860] {processor.py:651} INFO - DAG(s) dict_keys(['example_branch_labels']) retrieved from /home/linuxlite/Documentos/airflow/venv/lib/python3.9/site-packages/airflow/example_dags/example_branch_labels.py
[2023-08-28 23:17:46,878] {logging_mixin.py:115} INFO - [2023-08-28 23:17:46,878] {dag.py:2379} INFO - Sync 1 DAGs
[2023-08-28 23:17:46,898] {logging_mixin.py:115} INFO - [2023-08-28 23:17:46,897] {dag.py:2927} INFO - Setting next_dagrun for example_branch_labels to 2023-08-28T00:00:00+00:00, run_after=2023-08-29T00:00:00+00:00
[2023-08-28 23:17:46,908] {processor.py:161} INFO - Processing /home/linuxlite/Documentos/airflow/venv/lib/python3.9/site-packages/airflow/example_dags/example_branch_labels.py took 0.060 seconds
[2023-08-28 23:18:25,338] {processor.py:153} INFO - Started process (PID=61451) to work on /home/linuxlite/Documentos/airflow/venv/lib/python3.9/site-packages/airflow/example_dags/example_branch_labels.py
[2023-08-28 23:18:25,339] {processor.py:641} INFO - Processing file /home/linuxlite/Documentos/airflow/venv/lib/python3.9/site-packages/airflow/example_dags/example_branch_labels.py for tasks to queue
[2023-08-28 23:18:25,340] {logging_mixin.py:115} INFO - [2023-08-28 23:18:25,340] {dagbag.py:507} INFO - Filling up the DagBag from /home/linuxlite/Documentos/airflow/venv/lib/python3.9/site-packages/airflow/example_dags/example_branch_labels.py
[2023-08-28 23:18:25,347] {processor.py:651} INFO - DAG(s) dict_keys(['example_branch_labels']) retrieved from /home/linuxlite/Documentos/airflow/venv/lib/python3.9/site-packages/airflow/example_dags/example_branch_labels.py
[2023-08-28 23:18:25,365] {logging_mixin.py:115} INFO - [2023-08-28 23:18:25,365] {dag.py:2379} INFO - Sync 1 DAGs
[2023-08-28 23:18:25,386] {logging_mixin.py:115} INFO - [2023-08-28 23:18:25,386] {dag.py:2927} INFO - Setting next_dagrun for example_branch_labels to 2023-08-28T00:00:00+00:00, run_after=2023-08-29T00:00:00+00:00
[2023-08-28 23:18:25,398] {processor.py:161} INFO - Processing /home/linuxlite/Documentos/airflow/venv/lib/python3.9/site-packages/airflow/example_dags/example_branch_labels.py took 0.063 seconds
[2023-08-28 23:19:01,955] {processor.py:153} INFO - Started process (PID=61550) to work on /home/linuxlite/Documentos/airflow/venv/lib/python3.9/site-packages/airflow/example_dags/example_branch_labels.py
[2023-08-28 23:19:01,956] {processor.py:641} INFO - Processing file /home/linuxlite/Documentos/airflow/venv/lib/python3.9/site-packages/airflow/example_dags/example_branch_labels.py for tasks to queue
[2023-08-28 23:19:01,957] {logging_mixin.py:115} INFO - [2023-08-28 23:19:01,957] {dagbag.py:507} INFO - Filling up the DagBag from /home/linuxlite/Documentos/airflow/venv/lib/python3.9/site-packages/airflow/example_dags/example_branch_labels.py
[2023-08-28 23:19:01,968] {processor.py:651} INFO - DAG(s) dict_keys(['example_branch_labels']) retrieved from /home/linuxlite/Documentos/airflow/venv/lib/python3.9/site-packages/airflow/example_dags/example_branch_labels.py
[2023-08-28 23:19:01,986] {logging_mixin.py:115} INFO - [2023-08-28 23:19:01,986] {dag.py:2379} INFO - Sync 1 DAGs
[2023-08-28 23:19:02,004] {logging_mixin.py:115} INFO - [2023-08-28 23:19:02,004] {dag.py:2927} INFO - Setting next_dagrun for example_branch_labels to 2023-08-28T00:00:00+00:00, run_after=2023-08-29T00:00:00+00:00
[2023-08-28 23:19:02,014] {processor.py:161} INFO - Processing /home/linuxlite/Documentos/airflow/venv/lib/python3.9/site-packages/airflow/example_dags/example_branch_labels.py took 0.066 seconds
[2023-08-28 23:19:37,436] {processor.py:153} INFO - Started process (PID=61611) to work on /home/linuxlite/Documentos/airflow/venv/lib/python3.9/site-packages/airflow/example_dags/example_branch_labels.py
[2023-08-28 23:19:37,437] {processor.py:641} INFO - Processing file /home/linuxlite/Documentos/airflow/venv/lib/python3.9/site-packages/airflow/example_dags/example_branch_labels.py for tasks to queue
[2023-08-28 23:19:37,437] {logging_mixin.py:115} INFO - [2023-08-28 23:19:37,437] {dagbag.py:507} INFO - Filling up the DagBag from /home/linuxlite/Documentos/airflow/venv/lib/python3.9/site-packages/airflow/example_dags/example_branch_labels.py
[2023-08-28 23:19:37,444] {processor.py:651} INFO - DAG(s) dict_keys(['example_branch_labels']) retrieved from /home/linuxlite/Documentos/airflow/venv/lib/python3.9/site-packages/airflow/example_dags/example_branch_labels.py
[2023-08-28 23:19:37,465] {logging_mixin.py:115} INFO - [2023-08-28 23:19:37,465] {dag.py:2379} INFO - Sync 1 DAGs
[2023-08-28 23:19:37,483] {logging_mixin.py:115} INFO - [2023-08-28 23:19:37,483] {dag.py:2927} INFO - Setting next_dagrun for example_branch_labels to 2023-08-28T00:00:00+00:00, run_after=2023-08-29T00:00:00+00:00
[2023-08-28 23:19:37,494] {processor.py:161} INFO - Processing /home/linuxlite/Documentos/airflow/venv/lib/python3.9/site-packages/airflow/example_dags/example_branch_labels.py took 0.062 seconds
[2023-08-28 23:20:12,221] {processor.py:153} INFO - Started process (PID=61719) to work on /home/linuxlite/Documentos/airflow/venv/lib/python3.9/site-packages/airflow/example_dags/example_branch_labels.py
[2023-08-28 23:20:12,222] {processor.py:641} INFO - Processing file /home/linuxlite/Documentos/airflow/venv/lib/python3.9/site-packages/airflow/example_dags/example_branch_labels.py for tasks to queue
[2023-08-28 23:20:12,222] {logging_mixin.py:115} INFO - [2023-08-28 23:20:12,222] {dagbag.py:507} INFO - Filling up the DagBag from /home/linuxlite/Documentos/airflow/venv/lib/python3.9/site-packages/airflow/example_dags/example_branch_labels.py
[2023-08-28 23:20:12,232] {processor.py:651} INFO - DAG(s) dict_keys(['example_branch_labels']) retrieved from /home/linuxlite/Documentos/airflow/venv/lib/python3.9/site-packages/airflow/example_dags/example_branch_labels.py
[2023-08-28 23:20:12,254] {logging_mixin.py:115} INFO - [2023-08-28 23:20:12,254] {dag.py:2379} INFO - Sync 1 DAGs
[2023-08-28 23:20:12,277] {logging_mixin.py:115} INFO - [2023-08-28 23:20:12,277] {dag.py:2927} INFO - Setting next_dagrun for example_branch_labels to 2023-08-28T00:00:00+00:00, run_after=2023-08-29T00:00:00+00:00
[2023-08-28 23:20:12,289] {processor.py:161} INFO - Processing /home/linuxlite/Documentos/airflow/venv/lib/python3.9/site-packages/airflow/example_dags/example_branch_labels.py took 0.073 seconds
[2023-08-28 23:20:51,010] {processor.py:153} INFO - Started process (PID=61761) to work on /home/linuxlite/Documentos/airflow/venv/lib/python3.9/site-packages/airflow/example_dags/example_branch_labels.py
[2023-08-28 23:20:51,011] {processor.py:641} INFO - Processing file /home/linuxlite/Documentos/airflow/venv/lib/python3.9/site-packages/airflow/example_dags/example_branch_labels.py for tasks to queue
[2023-08-28 23:20:51,011] {logging_mixin.py:115} INFO - [2023-08-28 23:20:51,011] {dagbag.py:507} INFO - Filling up the DagBag from /home/linuxlite/Documentos/airflow/venv/lib/python3.9/site-packages/airflow/example_dags/example_branch_labels.py
[2023-08-28 23:20:51,018] {processor.py:651} INFO - DAG(s) dict_keys(['example_branch_labels']) retrieved from /home/linuxlite/Documentos/airflow/venv/lib/python3.9/site-packages/airflow/example_dags/example_branch_labels.py
[2023-08-28 23:20:51,037] {logging_mixin.py:115} INFO - [2023-08-28 23:20:51,037] {dag.py:2379} INFO - Sync 1 DAGs
[2023-08-28 23:20:51,055] {logging_mixin.py:115} INFO - [2023-08-28 23:20:51,055] {dag.py:2927} INFO - Setting next_dagrun for example_branch_labels to 2023-08-28T00:00:00+00:00, run_after=2023-08-29T00:00:00+00:00
[2023-08-28 23:20:51,069] {processor.py:161} INFO - Processing /home/linuxlite/Documentos/airflow/venv/lib/python3.9/site-packages/airflow/example_dags/example_branch_labels.py took 0.062 seconds
[2023-08-28 23:21:29,949] {processor.py:153} INFO - Started process (PID=61806) to work on /home/linuxlite/Documentos/airflow/venv/lib/python3.9/site-packages/airflow/example_dags/example_branch_labels.py
[2023-08-28 23:21:29,949] {processor.py:641} INFO - Processing file /home/linuxlite/Documentos/airflow/venv/lib/python3.9/site-packages/airflow/example_dags/example_branch_labels.py for tasks to queue
[2023-08-28 23:21:29,950] {logging_mixin.py:115} INFO - [2023-08-28 23:21:29,950] {dagbag.py:507} INFO - Filling up the DagBag from /home/linuxlite/Documentos/airflow/venv/lib/python3.9/site-packages/airflow/example_dags/example_branch_labels.py
[2023-08-28 23:21:29,957] {processor.py:651} INFO - DAG(s) dict_keys(['example_branch_labels']) retrieved from /home/linuxlite/Documentos/airflow/venv/lib/python3.9/site-packages/airflow/example_dags/example_branch_labels.py
[2023-08-28 23:21:29,977] {logging_mixin.py:115} INFO - [2023-08-28 23:21:29,977] {dag.py:2379} INFO - Sync 1 DAGs
[2023-08-28 23:21:29,994] {logging_mixin.py:115} INFO - [2023-08-28 23:21:29,993] {dag.py:2927} INFO - Setting next_dagrun for example_branch_labels to 2023-08-28T00:00:00+00:00, run_after=2023-08-29T00:00:00+00:00
[2023-08-28 23:21:30,004] {processor.py:161} INFO - Processing /home/linuxlite/Documentos/airflow/venv/lib/python3.9/site-packages/airflow/example_dags/example_branch_labels.py took 0.059 seconds
[2023-08-28 23:22:02,666] {processor.py:153} INFO - Started process (PID=61865) to work on /home/linuxlite/Documentos/airflow/venv/lib/python3.9/site-packages/airflow/example_dags/example_branch_labels.py
[2023-08-28 23:22:02,667] {processor.py:641} INFO - Processing file /home/linuxlite/Documentos/airflow/venv/lib/python3.9/site-packages/airflow/example_dags/example_branch_labels.py for tasks to queue
[2023-08-28 23:22:02,668] {logging_mixin.py:115} INFO - [2023-08-28 23:22:02,668] {dagbag.py:507} INFO - Filling up the DagBag from /home/linuxlite/Documentos/airflow/venv/lib/python3.9/site-packages/airflow/example_dags/example_branch_labels.py
[2023-08-28 23:22:02,674] {processor.py:651} INFO - DAG(s) dict_keys(['example_branch_labels']) retrieved from /home/linuxlite/Documentos/airflow/venv/lib/python3.9/site-packages/airflow/example_dags/example_branch_labels.py
[2023-08-28 23:22:02,696] {logging_mixin.py:115} INFO - [2023-08-28 23:22:02,696] {dag.py:2379} INFO - Sync 1 DAGs
[2023-08-28 23:22:02,714] {logging_mixin.py:115} INFO - [2023-08-28 23:22:02,714] {dag.py:2927} INFO - Setting next_dagrun for example_branch_labels to 2023-08-28T00:00:00+00:00, run_after=2023-08-29T00:00:00+00:00
[2023-08-28 23:22:02,726] {processor.py:161} INFO - Processing /home/linuxlite/Documentos/airflow/venv/lib/python3.9/site-packages/airflow/example_dags/example_branch_labels.py took 0.064 seconds
[2023-08-28 23:22:38,486] {processor.py:153} INFO - Started process (PID=61906) to work on /home/linuxlite/Documentos/airflow/venv/lib/python3.9/site-packages/airflow/example_dags/example_branch_labels.py
[2023-08-28 23:22:38,487] {processor.py:641} INFO - Processing file /home/linuxlite/Documentos/airflow/venv/lib/python3.9/site-packages/airflow/example_dags/example_branch_labels.py for tasks to queue
[2023-08-28 23:22:38,488] {logging_mixin.py:115} INFO - [2023-08-28 23:22:38,488] {dagbag.py:507} INFO - Filling up the DagBag from /home/linuxlite/Documentos/airflow/venv/lib/python3.9/site-packages/airflow/example_dags/example_branch_labels.py
[2023-08-28 23:22:38,495] {processor.py:651} INFO - DAG(s) dict_keys(['example_branch_labels']) retrieved from /home/linuxlite/Documentos/airflow/venv/lib/python3.9/site-packages/airflow/example_dags/example_branch_labels.py
[2023-08-28 23:22:38,516] {logging_mixin.py:115} INFO - [2023-08-28 23:22:38,516] {dag.py:2379} INFO - Sync 1 DAGs
[2023-08-28 23:22:38,534] {logging_mixin.py:115} INFO - [2023-08-28 23:22:38,534] {dag.py:2927} INFO - Setting next_dagrun for example_branch_labels to 2023-08-28T00:00:00+00:00, run_after=2023-08-29T00:00:00+00:00
[2023-08-28 23:22:38,546] {processor.py:161} INFO - Processing /home/linuxlite/Documentos/airflow/venv/lib/python3.9/site-packages/airflow/example_dags/example_branch_labels.py took 0.066 seconds
[2023-08-28 23:23:15,649] {processor.py:153} INFO - Started process (PID=61949) to work on /home/linuxlite/Documentos/airflow/venv/lib/python3.9/site-packages/airflow/example_dags/example_branch_labels.py
[2023-08-28 23:23:15,650] {processor.py:641} INFO - Processing file /home/linuxlite/Documentos/airflow/venv/lib/python3.9/site-packages/airflow/example_dags/example_branch_labels.py for tasks to queue
[2023-08-28 23:23:15,651] {logging_mixin.py:115} INFO - [2023-08-28 23:23:15,651] {dagbag.py:507} INFO - Filling up the DagBag from /home/linuxlite/Documentos/airflow/venv/lib/python3.9/site-packages/airflow/example_dags/example_branch_labels.py
[2023-08-28 23:23:15,657] {processor.py:651} INFO - DAG(s) dict_keys(['example_branch_labels']) retrieved from /home/linuxlite/Documentos/airflow/venv/lib/python3.9/site-packages/airflow/example_dags/example_branch_labels.py
[2023-08-28 23:23:15,681] {logging_mixin.py:115} INFO - [2023-08-28 23:23:15,681] {dag.py:2379} INFO - Sync 1 DAGs
[2023-08-28 23:23:15,699] {logging_mixin.py:115} INFO - [2023-08-28 23:23:15,699] {dag.py:2927} INFO - Setting next_dagrun for example_branch_labels to 2023-08-28T00:00:00+00:00, run_after=2023-08-29T00:00:00+00:00
[2023-08-28 23:23:15,711] {processor.py:161} INFO - Processing /home/linuxlite/Documentos/airflow/venv/lib/python3.9/site-packages/airflow/example_dags/example_branch_labels.py took 0.066 seconds
[2023-08-28 23:23:54,120] {processor.py:153} INFO - Started process (PID=61990) to work on /home/linuxlite/Documentos/airflow/venv/lib/python3.9/site-packages/airflow/example_dags/example_branch_labels.py
[2023-08-28 23:23:54,121] {processor.py:641} INFO - Processing file /home/linuxlite/Documentos/airflow/venv/lib/python3.9/site-packages/airflow/example_dags/example_branch_labels.py for tasks to queue
[2023-08-28 23:23:54,121] {logging_mixin.py:115} INFO - [2023-08-28 23:23:54,121] {dagbag.py:507} INFO - Filling up the DagBag from /home/linuxlite/Documentos/airflow/venv/lib/python3.9/site-packages/airflow/example_dags/example_branch_labels.py
[2023-08-28 23:23:54,127] {processor.py:651} INFO - DAG(s) dict_keys(['example_branch_labels']) retrieved from /home/linuxlite/Documentos/airflow/venv/lib/python3.9/site-packages/airflow/example_dags/example_branch_labels.py
[2023-08-28 23:23:54,150] {logging_mixin.py:115} INFO - [2023-08-28 23:23:54,150] {dag.py:2379} INFO - Sync 1 DAGs
[2023-08-28 23:23:54,170] {logging_mixin.py:115} INFO - [2023-08-28 23:23:54,169] {dag.py:2927} INFO - Setting next_dagrun for example_branch_labels to 2023-08-28T00:00:00+00:00, run_after=2023-08-29T00:00:00+00:00
[2023-08-28 23:23:54,186] {processor.py:161} INFO - Processing /home/linuxlite/Documentos/airflow/venv/lib/python3.9/site-packages/airflow/example_dags/example_branch_labels.py took 0.069 seconds
[2023-08-28 23:24:30,284] {processor.py:153} INFO - Started process (PID=62035) to work on /home/linuxlite/Documentos/airflow/venv/lib/python3.9/site-packages/airflow/example_dags/example_branch_labels.py
[2023-08-28 23:24:30,285] {processor.py:641} INFO - Processing file /home/linuxlite/Documentos/airflow/venv/lib/python3.9/site-packages/airflow/example_dags/example_branch_labels.py for tasks to queue
[2023-08-28 23:24:30,285] {logging_mixin.py:115} INFO - [2023-08-28 23:24:30,285] {dagbag.py:507} INFO - Filling up the DagBag from /home/linuxlite/Documentos/airflow/venv/lib/python3.9/site-packages/airflow/example_dags/example_branch_labels.py
[2023-08-28 23:24:30,292] {processor.py:651} INFO - DAG(s) dict_keys(['example_branch_labels']) retrieved from /home/linuxlite/Documentos/airflow/venv/lib/python3.9/site-packages/airflow/example_dags/example_branch_labels.py
[2023-08-28 23:24:30,311] {logging_mixin.py:115} INFO - [2023-08-28 23:24:30,311] {dag.py:2379} INFO - Sync 1 DAGs
[2023-08-28 23:24:30,327] {logging_mixin.py:115} INFO - [2023-08-28 23:24:30,327] {dag.py:2927} INFO - Setting next_dagrun for example_branch_labels to 2023-08-28T00:00:00+00:00, run_after=2023-08-29T00:00:00+00:00
[2023-08-28 23:24:30,337] {processor.py:161} INFO - Processing /home/linuxlite/Documentos/airflow/venv/lib/python3.9/site-packages/airflow/example_dags/example_branch_labels.py took 0.057 seconds
[2023-08-28 23:25:02,774] {processor.py:153} INFO - Started process (PID=62139) to work on /home/linuxlite/Documentos/airflow/venv/lib/python3.9/site-packages/airflow/example_dags/example_branch_labels.py
[2023-08-28 23:25:02,775] {processor.py:641} INFO - Processing file /home/linuxlite/Documentos/airflow/venv/lib/python3.9/site-packages/airflow/example_dags/example_branch_labels.py for tasks to queue
[2023-08-28 23:25:02,776] {logging_mixin.py:115} INFO - [2023-08-28 23:25:02,776] {dagbag.py:507} INFO - Filling up the DagBag from /home/linuxlite/Documentos/airflow/venv/lib/python3.9/site-packages/airflow/example_dags/example_branch_labels.py
[2023-08-28 23:25:02,785] {processor.py:651} INFO - DAG(s) dict_keys(['example_branch_labels']) retrieved from /home/linuxlite/Documentos/airflow/venv/lib/python3.9/site-packages/airflow/example_dags/example_branch_labels.py
[2023-08-28 23:25:02,806] {logging_mixin.py:115} INFO - [2023-08-28 23:25:02,806] {dag.py:2379} INFO - Sync 1 DAGs
[2023-08-28 23:25:02,825] {logging_mixin.py:115} INFO - [2023-08-28 23:25:02,825] {dag.py:2927} INFO - Setting next_dagrun for example_branch_labels to 2023-08-28T00:00:00+00:00, run_after=2023-08-29T00:00:00+00:00
[2023-08-28 23:25:02,836] {processor.py:161} INFO - Processing /home/linuxlite/Documentos/airflow/venv/lib/python3.9/site-packages/airflow/example_dags/example_branch_labels.py took 0.067 seconds
[2023-08-28 23:25:35,383] {processor.py:153} INFO - Started process (PID=62174) to work on /home/linuxlite/Documentos/airflow/venv/lib/python3.9/site-packages/airflow/example_dags/example_branch_labels.py
[2023-08-28 23:25:35,383] {processor.py:641} INFO - Processing file /home/linuxlite/Documentos/airflow/venv/lib/python3.9/site-packages/airflow/example_dags/example_branch_labels.py for tasks to queue
[2023-08-28 23:25:35,384] {logging_mixin.py:115} INFO - [2023-08-28 23:25:35,384] {dagbag.py:507} INFO - Filling up the DagBag from /home/linuxlite/Documentos/airflow/venv/lib/python3.9/site-packages/airflow/example_dags/example_branch_labels.py
[2023-08-28 23:25:35,390] {processor.py:651} INFO - DAG(s) dict_keys(['example_branch_labels']) retrieved from /home/linuxlite/Documentos/airflow/venv/lib/python3.9/site-packages/airflow/example_dags/example_branch_labels.py
[2023-08-28 23:25:35,408] {logging_mixin.py:115} INFO - [2023-08-28 23:25:35,408] {dag.py:2379} INFO - Sync 1 DAGs
[2023-08-28 23:25:35,424] {logging_mixin.py:115} INFO - [2023-08-28 23:25:35,424] {dag.py:2927} INFO - Setting next_dagrun for example_branch_labels to 2023-08-28T00:00:00+00:00, run_after=2023-08-29T00:00:00+00:00
[2023-08-28 23:25:35,436] {processor.py:161} INFO - Processing /home/linuxlite/Documentos/airflow/venv/lib/python3.9/site-packages/airflow/example_dags/example_branch_labels.py took 0.056 seconds
[2023-08-28 23:26:13,721] {processor.py:153} INFO - Started process (PID=62219) to work on /home/linuxlite/Documentos/airflow/venv/lib/python3.9/site-packages/airflow/example_dags/example_branch_labels.py
[2023-08-28 23:26:13,722] {processor.py:641} INFO - Processing file /home/linuxlite/Documentos/airflow/venv/lib/python3.9/site-packages/airflow/example_dags/example_branch_labels.py for tasks to queue
[2023-08-28 23:26:13,723] {logging_mixin.py:115} INFO - [2023-08-28 23:26:13,723] {dagbag.py:507} INFO - Filling up the DagBag from /home/linuxlite/Documentos/airflow/venv/lib/python3.9/site-packages/airflow/example_dags/example_branch_labels.py
[2023-08-28 23:26:13,729] {processor.py:651} INFO - DAG(s) dict_keys(['example_branch_labels']) retrieved from /home/linuxlite/Documentos/airflow/venv/lib/python3.9/site-packages/airflow/example_dags/example_branch_labels.py
[2023-08-28 23:26:13,747] {logging_mixin.py:115} INFO - [2023-08-28 23:26:13,747] {dag.py:2379} INFO - Sync 1 DAGs
[2023-08-28 23:26:13,764] {logging_mixin.py:115} INFO - [2023-08-28 23:26:13,763] {dag.py:2927} INFO - Setting next_dagrun for example_branch_labels to 2023-08-28T00:00:00+00:00, run_after=2023-08-29T00:00:00+00:00
[2023-08-28 23:26:13,773] {processor.py:161} INFO - Processing /home/linuxlite/Documentos/airflow/venv/lib/python3.9/site-packages/airflow/example_dags/example_branch_labels.py took 0.055 seconds
[2023-08-28 23:26:49,273] {processor.py:153} INFO - Started process (PID=62263) to work on /home/linuxlite/Documentos/airflow/venv/lib/python3.9/site-packages/airflow/example_dags/example_branch_labels.py
[2023-08-28 23:26:49,274] {processor.py:641} INFO - Processing file /home/linuxlite/Documentos/airflow/venv/lib/python3.9/site-packages/airflow/example_dags/example_branch_labels.py for tasks to queue
[2023-08-28 23:26:49,275] {logging_mixin.py:115} INFO - [2023-08-28 23:26:49,275] {dagbag.py:507} INFO - Filling up the DagBag from /home/linuxlite/Documentos/airflow/venv/lib/python3.9/site-packages/airflow/example_dags/example_branch_labels.py
[2023-08-28 23:26:49,280] {processor.py:651} INFO - DAG(s) dict_keys(['example_branch_labels']) retrieved from /home/linuxlite/Documentos/airflow/venv/lib/python3.9/site-packages/airflow/example_dags/example_branch_labels.py
[2023-08-28 23:26:49,299] {logging_mixin.py:115} INFO - [2023-08-28 23:26:49,299] {dag.py:2379} INFO - Sync 1 DAGs
[2023-08-28 23:26:49,321] {logging_mixin.py:115} INFO - [2023-08-28 23:26:49,321] {dag.py:2927} INFO - Setting next_dagrun for example_branch_labels to 2023-08-28T00:00:00+00:00, run_after=2023-08-29T00:00:00+00:00
[2023-08-28 23:26:49,332] {processor.py:161} INFO - Processing /home/linuxlite/Documentos/airflow/venv/lib/python3.9/site-packages/airflow/example_dags/example_branch_labels.py took 0.062 seconds
[2023-08-28 23:27:25,809] {processor.py:153} INFO - Started process (PID=62322) to work on /home/linuxlite/Documentos/airflow/venv/lib/python3.9/site-packages/airflow/example_dags/example_branch_labels.py
[2023-08-28 23:27:25,810] {processor.py:641} INFO - Processing file /home/linuxlite/Documentos/airflow/venv/lib/python3.9/site-packages/airflow/example_dags/example_branch_labels.py for tasks to queue
[2023-08-28 23:27:25,811] {logging_mixin.py:115} INFO - [2023-08-28 23:27:25,811] {dagbag.py:507} INFO - Filling up the DagBag from /home/linuxlite/Documentos/airflow/venv/lib/python3.9/site-packages/airflow/example_dags/example_branch_labels.py
[2023-08-28 23:27:25,820] {processor.py:651} INFO - DAG(s) dict_keys(['example_branch_labels']) retrieved from /home/linuxlite/Documentos/airflow/venv/lib/python3.9/site-packages/airflow/example_dags/example_branch_labels.py
[2023-08-28 23:27:25,841] {logging_mixin.py:115} INFO - [2023-08-28 23:27:25,841] {dag.py:2379} INFO - Sync 1 DAGs
[2023-08-28 23:27:25,857] {logging_mixin.py:115} INFO - [2023-08-28 23:27:25,857] {dag.py:2927} INFO - Setting next_dagrun for example_branch_labels to 2023-08-28T00:00:00+00:00, run_after=2023-08-29T00:00:00+00:00
[2023-08-28 23:27:25,867] {processor.py:161} INFO - Processing /home/linuxlite/Documentos/airflow/venv/lib/python3.9/site-packages/airflow/example_dags/example_branch_labels.py took 0.066 seconds
