[2023-08-28 23:10:51,065] {processor.py:153} INFO - Started process (PID=59969) to work on /home/linuxlite/Documentos/airflow/venv/lib/python3.9/site-packages/airflow/example_dags/example_sla_dag.py
[2023-08-28 23:10:51,066] {processor.py:641} INFO - Processing file /home/linuxlite/Documentos/airflow/venv/lib/python3.9/site-packages/airflow/example_dags/example_sla_dag.py for tasks to queue
[2023-08-28 23:10:51,066] {logging_mixin.py:115} INFO - [2023-08-28 23:10:51,066] {dagbag.py:507} INFO - Filling up the DagBag from /home/linuxlite/Documentos/airflow/venv/lib/python3.9/site-packages/airflow/example_dags/example_sla_dag.py
[2023-08-28 23:10:51,088] {processor.py:651} INFO - DAG(s) dict_keys(['example_sla_dag']) retrieved from /home/linuxlite/Documentos/airflow/venv/lib/python3.9/site-packages/airflow/example_dags/example_sla_dag.py
[2023-08-28 23:10:51,108] {logging_mixin.py:115} INFO - [2023-08-28 23:10:51,108] {dag.py:2379} INFO - Sync 1 DAGs
[2023-08-28 23:10:51,129] {logging_mixin.py:115} INFO - [2023-08-28 23:10:51,129] {dag.py:2927} INFO - Setting next_dagrun for example_sla_dag to 2023-08-29T02:08:00+00:00, run_after=2023-08-29T02:10:00+00:00
[2023-08-28 23:10:51,140] {processor.py:161} INFO - Processing /home/linuxlite/Documentos/airflow/venv/lib/python3.9/site-packages/airflow/example_dags/example_sla_dag.py took 0.079 seconds
[2023-08-28 23:11:27,031] {processor.py:153} INFO - Started process (PID=60058) to work on /home/linuxlite/Documentos/airflow/venv/lib/python3.9/site-packages/airflow/example_dags/example_sla_dag.py
[2023-08-28 23:11:27,032] {processor.py:641} INFO - Processing file /home/linuxlite/Documentos/airflow/venv/lib/python3.9/site-packages/airflow/example_dags/example_sla_dag.py for tasks to queue
[2023-08-28 23:11:27,032] {logging_mixin.py:115} INFO - [2023-08-28 23:11:27,032] {dagbag.py:507} INFO - Filling up the DagBag from /home/linuxlite/Documentos/airflow/venv/lib/python3.9/site-packages/airflow/example_dags/example_sla_dag.py
[2023-08-28 23:11:27,054] {processor.py:651} INFO - DAG(s) dict_keys(['example_sla_dag']) retrieved from /home/linuxlite/Documentos/airflow/venv/lib/python3.9/site-packages/airflow/example_dags/example_sla_dag.py
[2023-08-28 23:11:27,074] {logging_mixin.py:115} INFO - [2023-08-28 23:11:27,074] {dag.py:2379} INFO - Sync 1 DAGs
[2023-08-28 23:11:27,095] {logging_mixin.py:115} INFO - [2023-08-28 23:11:27,094] {dag.py:2927} INFO - Setting next_dagrun for example_sla_dag to 2023-08-29T02:08:00+00:00, run_after=2023-08-29T02:10:00+00:00
[2023-08-28 23:11:27,106] {processor.py:161} INFO - Processing /home/linuxlite/Documentos/airflow/venv/lib/python3.9/site-packages/airflow/example_dags/example_sla_dag.py took 0.080 seconds
[2023-08-28 23:12:01,409] {processor.py:153} INFO - Started process (PID=60094) to work on /home/linuxlite/Documentos/airflow/venv/lib/python3.9/site-packages/airflow/example_dags/example_sla_dag.py
[2023-08-28 23:12:01,410] {processor.py:641} INFO - Processing file /home/linuxlite/Documentos/airflow/venv/lib/python3.9/site-packages/airflow/example_dags/example_sla_dag.py for tasks to queue
[2023-08-28 23:12:01,411] {logging_mixin.py:115} INFO - [2023-08-28 23:12:01,411] {dagbag.py:507} INFO - Filling up the DagBag from /home/linuxlite/Documentos/airflow/venv/lib/python3.9/site-packages/airflow/example_dags/example_sla_dag.py
[2023-08-28 23:12:01,437] {processor.py:651} INFO - DAG(s) dict_keys(['example_sla_dag']) retrieved from /home/linuxlite/Documentos/airflow/venv/lib/python3.9/site-packages/airflow/example_dags/example_sla_dag.py
[2023-08-28 23:12:01,454] {logging_mixin.py:115} INFO - [2023-08-28 23:12:01,454] {dag.py:2379} INFO - Sync 1 DAGs
[2023-08-28 23:12:01,471] {logging_mixin.py:115} INFO - [2023-08-28 23:12:01,471] {dag.py:2927} INFO - Setting next_dagrun for example_sla_dag to 2023-08-29T02:10:00+00:00, run_after=2023-08-29T02:12:00+00:00
[2023-08-28 23:12:01,481] {processor.py:161} INFO - Processing /home/linuxlite/Documentos/airflow/venv/lib/python3.9/site-packages/airflow/example_dags/example_sla_dag.py took 0.080 seconds
[2023-08-28 23:12:36,454] {processor.py:153} INFO - Started process (PID=60138) to work on /home/linuxlite/Documentos/airflow/venv/lib/python3.9/site-packages/airflow/example_dags/example_sla_dag.py
[2023-08-28 23:12:36,455] {processor.py:641} INFO - Processing file /home/linuxlite/Documentos/airflow/venv/lib/python3.9/site-packages/airflow/example_dags/example_sla_dag.py for tasks to queue
[2023-08-28 23:12:36,456] {logging_mixin.py:115} INFO - [2023-08-28 23:12:36,456] {dagbag.py:507} INFO - Filling up the DagBag from /home/linuxlite/Documentos/airflow/venv/lib/python3.9/site-packages/airflow/example_dags/example_sla_dag.py
[2023-08-28 23:12:36,478] {processor.py:651} INFO - DAG(s) dict_keys(['example_sla_dag']) retrieved from /home/linuxlite/Documentos/airflow/venv/lib/python3.9/site-packages/airflow/example_dags/example_sla_dag.py
[2023-08-28 23:12:36,495] {logging_mixin.py:115} INFO - [2023-08-28 23:12:36,495] {dag.py:2379} INFO - Sync 1 DAGs
[2023-08-28 23:12:36,511] {logging_mixin.py:115} INFO - [2023-08-28 23:12:36,511] {dag.py:2927} INFO - Setting next_dagrun for example_sla_dag to 2023-08-29T02:10:00+00:00, run_after=2023-08-29T02:12:00+00:00
[2023-08-28 23:12:36,522] {processor.py:161} INFO - Processing /home/linuxlite/Documentos/airflow/venv/lib/python3.9/site-packages/airflow/example_dags/example_sla_dag.py took 0.074 seconds
[2023-08-28 23:13:11,409] {processor.py:153} INFO - Started process (PID=60174) to work on /home/linuxlite/Documentos/airflow/venv/lib/python3.9/site-packages/airflow/example_dags/example_sla_dag.py
[2023-08-28 23:13:11,410] {processor.py:641} INFO - Processing file /home/linuxlite/Documentos/airflow/venv/lib/python3.9/site-packages/airflow/example_dags/example_sla_dag.py for tasks to queue
[2023-08-28 23:13:11,410] {logging_mixin.py:115} INFO - [2023-08-28 23:13:11,410] {dagbag.py:507} INFO - Filling up the DagBag from /home/linuxlite/Documentos/airflow/venv/lib/python3.9/site-packages/airflow/example_dags/example_sla_dag.py
[2023-08-28 23:13:11,426] {processor.py:651} INFO - DAG(s) dict_keys(['example_sla_dag']) retrieved from /home/linuxlite/Documentos/airflow/venv/lib/python3.9/site-packages/airflow/example_dags/example_sla_dag.py
[2023-08-28 23:13:11,442] {logging_mixin.py:115} INFO - [2023-08-28 23:13:11,442] {dag.py:2379} INFO - Sync 1 DAGs
[2023-08-28 23:13:11,458] {logging_mixin.py:115} INFO - [2023-08-28 23:13:11,458] {dag.py:2927} INFO - Setting next_dagrun for example_sla_dag to 2023-08-29T02:10:00+00:00, run_after=2023-08-29T02:12:00+00:00
[2023-08-28 23:13:11,469] {processor.py:161} INFO - Processing /home/linuxlite/Documentos/airflow/venv/lib/python3.9/site-packages/airflow/example_dags/example_sla_dag.py took 0.063 seconds
[2023-08-28 23:13:45,792] {processor.py:153} INFO - Started process (PID=60216) to work on /home/linuxlite/Documentos/airflow/venv/lib/python3.9/site-packages/airflow/example_dags/example_sla_dag.py
[2023-08-28 23:13:45,794] {processor.py:641} INFO - Processing file /home/linuxlite/Documentos/airflow/venv/lib/python3.9/site-packages/airflow/example_dags/example_sla_dag.py for tasks to queue
[2023-08-28 23:13:45,794] {logging_mixin.py:115} INFO - [2023-08-28 23:13:45,794] {dagbag.py:507} INFO - Filling up the DagBag from /home/linuxlite/Documentos/airflow/venv/lib/python3.9/site-packages/airflow/example_dags/example_sla_dag.py
[2023-08-28 23:13:45,817] {processor.py:651} INFO - DAG(s) dict_keys(['example_sla_dag']) retrieved from /home/linuxlite/Documentos/airflow/venv/lib/python3.9/site-packages/airflow/example_dags/example_sla_dag.py
[2023-08-28 23:13:45,846] {logging_mixin.py:115} INFO - [2023-08-28 23:13:45,846] {dag.py:2379} INFO - Sync 1 DAGs
[2023-08-28 23:13:45,878] {logging_mixin.py:115} INFO - [2023-08-28 23:13:45,878] {dag.py:2927} INFO - Setting next_dagrun for example_sla_dag to 2023-08-29T02:10:00+00:00, run_after=2023-08-29T02:12:00+00:00
[2023-08-28 23:13:45,895] {processor.py:161} INFO - Processing /home/linuxlite/Documentos/airflow/venv/lib/python3.9/site-packages/airflow/example_dags/example_sla_dag.py took 0.112 seconds
[2023-08-28 23:14:21,846] {processor.py:153} INFO - Started process (PID=60256) to work on /home/linuxlite/Documentos/airflow/venv/lib/python3.9/site-packages/airflow/example_dags/example_sla_dag.py
[2023-08-28 23:14:21,847] {processor.py:641} INFO - Processing file /home/linuxlite/Documentos/airflow/venv/lib/python3.9/site-packages/airflow/example_dags/example_sla_dag.py for tasks to queue
[2023-08-28 23:14:21,847] {logging_mixin.py:115} INFO - [2023-08-28 23:14:21,847] {dagbag.py:507} INFO - Filling up the DagBag from /home/linuxlite/Documentos/airflow/venv/lib/python3.9/site-packages/airflow/example_dags/example_sla_dag.py
[2023-08-28 23:14:21,865] {processor.py:651} INFO - DAG(s) dict_keys(['example_sla_dag']) retrieved from /home/linuxlite/Documentos/airflow/venv/lib/python3.9/site-packages/airflow/example_dags/example_sla_dag.py
[2023-08-28 23:14:21,886] {logging_mixin.py:115} INFO - [2023-08-28 23:14:21,885] {dag.py:2379} INFO - Sync 1 DAGs
[2023-08-28 23:14:21,905] {logging_mixin.py:115} INFO - [2023-08-28 23:14:21,905] {dag.py:2927} INFO - Setting next_dagrun for example_sla_dag to 2023-08-29T02:12:00+00:00, run_after=2023-08-29T02:14:00+00:00
[2023-08-28 23:14:21,917] {processor.py:161} INFO - Processing /home/linuxlite/Documentos/airflow/venv/lib/python3.9/site-packages/airflow/example_dags/example_sla_dag.py took 0.075 seconds
[2023-08-28 23:14:57,983] {processor.py:153} INFO - Started process (PID=60308) to work on /home/linuxlite/Documentos/airflow/venv/lib/python3.9/site-packages/airflow/example_dags/example_sla_dag.py
[2023-08-28 23:14:57,983] {processor.py:641} INFO - Processing file /home/linuxlite/Documentos/airflow/venv/lib/python3.9/site-packages/airflow/example_dags/example_sla_dag.py for tasks to queue
[2023-08-28 23:14:57,984] {logging_mixin.py:115} INFO - [2023-08-28 23:14:57,984] {dagbag.py:507} INFO - Filling up the DagBag from /home/linuxlite/Documentos/airflow/venv/lib/python3.9/site-packages/airflow/example_dags/example_sla_dag.py
[2023-08-28 23:14:58,006] {processor.py:651} INFO - DAG(s) dict_keys(['example_sla_dag']) retrieved from /home/linuxlite/Documentos/airflow/venv/lib/python3.9/site-packages/airflow/example_dags/example_sla_dag.py
[2023-08-28 23:14:58,028] {logging_mixin.py:115} INFO - [2023-08-28 23:14:58,028] {dag.py:2379} INFO - Sync 1 DAGs
[2023-08-28 23:14:58,050] {logging_mixin.py:115} INFO - [2023-08-28 23:14:58,049] {dag.py:2927} INFO - Setting next_dagrun for example_sla_dag to 2023-08-29T02:12:00+00:00, run_after=2023-08-29T02:14:00+00:00
[2023-08-28 23:14:58,070] {processor.py:161} INFO - Processing /home/linuxlite/Documentos/airflow/venv/lib/python3.9/site-packages/airflow/example_dags/example_sla_dag.py took 0.091 seconds
[2023-08-28 23:15:29,823] {processor.py:153} INFO - Started process (PID=60551) to work on /home/linuxlite/Documentos/airflow/venv/lib/python3.9/site-packages/airflow/example_dags/example_sla_dag.py
[2023-08-28 23:15:29,824] {processor.py:641} INFO - Processing file /home/linuxlite/Documentos/airflow/venv/lib/python3.9/site-packages/airflow/example_dags/example_sla_dag.py for tasks to queue
[2023-08-28 23:15:29,826] {logging_mixin.py:115} INFO - [2023-08-28 23:15:29,825] {dagbag.py:507} INFO - Filling up the DagBag from /home/linuxlite/Documentos/airflow/venv/lib/python3.9/site-packages/airflow/example_dags/example_sla_dag.py
[2023-08-28 23:15:29,850] {processor.py:651} INFO - DAG(s) dict_keys(['example_sla_dag']) retrieved from /home/linuxlite/Documentos/airflow/venv/lib/python3.9/site-packages/airflow/example_dags/example_sla_dag.py
[2023-08-28 23:15:29,867] {logging_mixin.py:115} INFO - [2023-08-28 23:15:29,867] {dag.py:2379} INFO - Sync 1 DAGs
[2023-08-28 23:15:29,888] {logging_mixin.py:115} INFO - [2023-08-28 23:15:29,888] {dag.py:2927} INFO - Setting next_dagrun for example_sla_dag to 2023-08-29T02:12:00+00:00, run_after=2023-08-29T02:14:00+00:00
[2023-08-28 23:15:29,902] {processor.py:161} INFO - Processing /home/linuxlite/Documentos/airflow/venv/lib/python3.9/site-packages/airflow/example_dags/example_sla_dag.py took 0.084 seconds
[2023-08-28 23:16:04,365] {processor.py:153} INFO - Started process (PID=60588) to work on /home/linuxlite/Documentos/airflow/venv/lib/python3.9/site-packages/airflow/example_dags/example_sla_dag.py
[2023-08-28 23:16:04,366] {processor.py:641} INFO - Processing file /home/linuxlite/Documentos/airflow/venv/lib/python3.9/site-packages/airflow/example_dags/example_sla_dag.py for tasks to queue
[2023-08-28 23:16:04,366] {logging_mixin.py:115} INFO - [2023-08-28 23:16:04,366] {dagbag.py:507} INFO - Filling up the DagBag from /home/linuxlite/Documentos/airflow/venv/lib/python3.9/site-packages/airflow/example_dags/example_sla_dag.py
[2023-08-28 23:16:04,390] {processor.py:651} INFO - DAG(s) dict_keys(['example_sla_dag']) retrieved from /home/linuxlite/Documentos/airflow/venv/lib/python3.9/site-packages/airflow/example_dags/example_sla_dag.py
[2023-08-28 23:16:04,408] {logging_mixin.py:115} INFO - [2023-08-28 23:16:04,408] {dag.py:2379} INFO - Sync 1 DAGs
[2023-08-28 23:16:04,429] {logging_mixin.py:115} INFO - [2023-08-28 23:16:04,429] {dag.py:2927} INFO - Setting next_dagrun for example_sla_dag to 2023-08-29T02:14:00+00:00, run_after=2023-08-29T02:16:00+00:00
[2023-08-28 23:16:04,440] {processor.py:161} INFO - Processing /home/linuxlite/Documentos/airflow/venv/lib/python3.9/site-packages/airflow/example_dags/example_sla_dag.py took 0.078 seconds
[2023-08-28 23:16:38,323] {processor.py:153} INFO - Started process (PID=60698) to work on /home/linuxlite/Documentos/airflow/venv/lib/python3.9/site-packages/airflow/example_dags/example_sla_dag.py
[2023-08-28 23:16:38,324] {processor.py:641} INFO - Processing file /home/linuxlite/Documentos/airflow/venv/lib/python3.9/site-packages/airflow/example_dags/example_sla_dag.py for tasks to queue
[2023-08-28 23:16:38,325] {logging_mixin.py:115} INFO - [2023-08-28 23:16:38,325] {dagbag.py:507} INFO - Filling up the DagBag from /home/linuxlite/Documentos/airflow/venv/lib/python3.9/site-packages/airflow/example_dags/example_sla_dag.py
[2023-08-28 23:16:38,349] {processor.py:651} INFO - DAG(s) dict_keys(['example_sla_dag']) retrieved from /home/linuxlite/Documentos/airflow/venv/lib/python3.9/site-packages/airflow/example_dags/example_sla_dag.py
[2023-08-28 23:16:38,368] {logging_mixin.py:115} INFO - [2023-08-28 23:16:38,367] {dag.py:2379} INFO - Sync 1 DAGs
[2023-08-28 23:16:38,388] {logging_mixin.py:115} INFO - [2023-08-28 23:16:38,388] {dag.py:2927} INFO - Setting next_dagrun for example_sla_dag to 2023-08-29T02:14:00+00:00, run_after=2023-08-29T02:16:00+00:00
[2023-08-28 23:16:38,400] {processor.py:161} INFO - Processing /home/linuxlite/Documentos/airflow/venv/lib/python3.9/site-packages/airflow/example_dags/example_sla_dag.py took 0.080 seconds
[2023-08-28 23:17:12,823] {processor.py:153} INFO - Started process (PID=60836) to work on /home/linuxlite/Documentos/airflow/venv/lib/python3.9/site-packages/airflow/example_dags/example_sla_dag.py
[2023-08-28 23:17:12,825] {processor.py:641} INFO - Processing file /home/linuxlite/Documentos/airflow/venv/lib/python3.9/site-packages/airflow/example_dags/example_sla_dag.py for tasks to queue
[2023-08-28 23:17:12,825] {logging_mixin.py:115} INFO - [2023-08-28 23:17:12,825] {dagbag.py:507} INFO - Filling up the DagBag from /home/linuxlite/Documentos/airflow/venv/lib/python3.9/site-packages/airflow/example_dags/example_sla_dag.py
[2023-08-28 23:17:12,852] {processor.py:651} INFO - DAG(s) dict_keys(['example_sla_dag']) retrieved from /home/linuxlite/Documentos/airflow/venv/lib/python3.9/site-packages/airflow/example_dags/example_sla_dag.py
[2023-08-28 23:17:12,867] {logging_mixin.py:115} INFO - [2023-08-28 23:17:12,867] {dag.py:2379} INFO - Sync 1 DAGs
[2023-08-28 23:17:12,886] {logging_mixin.py:115} INFO - [2023-08-28 23:17:12,886] {dag.py:2927} INFO - Setting next_dagrun for example_sla_dag to 2023-08-29T02:14:00+00:00, run_after=2023-08-29T02:16:00+00:00
[2023-08-28 23:17:12,898] {processor.py:161} INFO - Processing /home/linuxlite/Documentos/airflow/venv/lib/python3.9/site-packages/airflow/example_dags/example_sla_dag.py took 0.079 seconds
[2023-08-28 23:17:49,421] {processor.py:153} INFO - Started process (PID=60984) to work on /home/linuxlite/Documentos/airflow/venv/lib/python3.9/site-packages/airflow/example_dags/example_sla_dag.py
[2023-08-28 23:17:49,422] {processor.py:641} INFO - Processing file /home/linuxlite/Documentos/airflow/venv/lib/python3.9/site-packages/airflow/example_dags/example_sla_dag.py for tasks to queue
[2023-08-28 23:17:49,429] {logging_mixin.py:115} INFO - [2023-08-28 23:17:49,429] {dagbag.py:507} INFO - Filling up the DagBag from /home/linuxlite/Documentos/airflow/venv/lib/python3.9/site-packages/airflow/example_dags/example_sla_dag.py
[2023-08-28 23:17:49,461] {processor.py:651} INFO - DAG(s) dict_keys(['example_sla_dag']) retrieved from /home/linuxlite/Documentos/airflow/venv/lib/python3.9/site-packages/airflow/example_dags/example_sla_dag.py
[2023-08-28 23:17:49,478] {logging_mixin.py:115} INFO - [2023-08-28 23:17:49,478] {dag.py:2379} INFO - Sync 1 DAGs
[2023-08-28 23:17:49,508] {logging_mixin.py:115} INFO - [2023-08-28 23:17:49,508] {dag.py:2927} INFO - Setting next_dagrun for example_sla_dag to 2023-08-29T02:14:00+00:00, run_after=2023-08-29T02:16:00+00:00
[2023-08-28 23:17:49,521] {processor.py:161} INFO - Processing /home/linuxlite/Documentos/airflow/venv/lib/python3.9/site-packages/airflow/example_dags/example_sla_dag.py took 0.105 seconds
[2023-08-28 23:18:23,075] {processor.py:153} INFO - Started process (PID=61449) to work on /home/linuxlite/Documentos/airflow/venv/lib/python3.9/site-packages/airflow/example_dags/example_sla_dag.py
[2023-08-28 23:18:23,076] {processor.py:641} INFO - Processing file /home/linuxlite/Documentos/airflow/venv/lib/python3.9/site-packages/airflow/example_dags/example_sla_dag.py for tasks to queue
[2023-08-28 23:18:23,077] {logging_mixin.py:115} INFO - [2023-08-28 23:18:23,077] {dagbag.py:507} INFO - Filling up the DagBag from /home/linuxlite/Documentos/airflow/venv/lib/python3.9/site-packages/airflow/example_dags/example_sla_dag.py
[2023-08-28 23:18:23,101] {processor.py:651} INFO - DAG(s) dict_keys(['example_sla_dag']) retrieved from /home/linuxlite/Documentos/airflow/venv/lib/python3.9/site-packages/airflow/example_dags/example_sla_dag.py
[2023-08-28 23:18:23,118] {logging_mixin.py:115} INFO - [2023-08-28 23:18:23,118] {dag.py:2379} INFO - Sync 1 DAGs
[2023-08-28 23:18:23,139] {logging_mixin.py:115} INFO - [2023-08-28 23:18:23,139] {dag.py:2927} INFO - Setting next_dagrun for example_sla_dag to 2023-08-29T02:16:00+00:00, run_after=2023-08-29T02:18:00+00:00
[2023-08-28 23:18:23,152] {processor.py:161} INFO - Processing /home/linuxlite/Documentos/airflow/venv/lib/python3.9/site-packages/airflow/example_dags/example_sla_dag.py took 0.080 seconds
[2023-08-28 23:18:56,512] {processor.py:153} INFO - Started process (PID=61544) to work on /home/linuxlite/Documentos/airflow/venv/lib/python3.9/site-packages/airflow/example_dags/example_sla_dag.py
[2023-08-28 23:18:56,513] {processor.py:641} INFO - Processing file /home/linuxlite/Documentos/airflow/venv/lib/python3.9/site-packages/airflow/example_dags/example_sla_dag.py for tasks to queue
[2023-08-28 23:18:56,514] {logging_mixin.py:115} INFO - [2023-08-28 23:18:56,514] {dagbag.py:507} INFO - Filling up the DagBag from /home/linuxlite/Documentos/airflow/venv/lib/python3.9/site-packages/airflow/example_dags/example_sla_dag.py
[2023-08-28 23:18:56,533] {processor.py:651} INFO - DAG(s) dict_keys(['example_sla_dag']) retrieved from /home/linuxlite/Documentos/airflow/venv/lib/python3.9/site-packages/airflow/example_dags/example_sla_dag.py
[2023-08-28 23:18:56,547] {logging_mixin.py:115} INFO - [2023-08-28 23:18:56,547] {dag.py:2379} INFO - Sync 1 DAGs
[2023-08-28 23:18:56,565] {logging_mixin.py:115} INFO - [2023-08-28 23:18:56,565] {dag.py:2927} INFO - Setting next_dagrun for example_sla_dag to 2023-08-29T02:16:00+00:00, run_after=2023-08-29T02:18:00+00:00
[2023-08-28 23:18:56,576] {processor.py:161} INFO - Processing /home/linuxlite/Documentos/airflow/venv/lib/python3.9/site-packages/airflow/example_dags/example_sla_dag.py took 0.067 seconds
[2023-08-28 23:19:31,223] {processor.py:153} INFO - Started process (PID=61596) to work on /home/linuxlite/Documentos/airflow/venv/lib/python3.9/site-packages/airflow/example_dags/example_sla_dag.py
[2023-08-28 23:19:31,224] {processor.py:641} INFO - Processing file /home/linuxlite/Documentos/airflow/venv/lib/python3.9/site-packages/airflow/example_dags/example_sla_dag.py for tasks to queue
[2023-08-28 23:19:31,224] {logging_mixin.py:115} INFO - [2023-08-28 23:19:31,224] {dagbag.py:507} INFO - Filling up the DagBag from /home/linuxlite/Documentos/airflow/venv/lib/python3.9/site-packages/airflow/example_dags/example_sla_dag.py
[2023-08-28 23:19:31,244] {processor.py:651} INFO - DAG(s) dict_keys(['example_sla_dag']) retrieved from /home/linuxlite/Documentos/airflow/venv/lib/python3.9/site-packages/airflow/example_dags/example_sla_dag.py
[2023-08-28 23:19:31,258] {logging_mixin.py:115} INFO - [2023-08-28 23:19:31,258] {dag.py:2379} INFO - Sync 1 DAGs
[2023-08-28 23:19:31,275] {logging_mixin.py:115} INFO - [2023-08-28 23:19:31,274] {dag.py:2927} INFO - Setting next_dagrun for example_sla_dag to 2023-08-29T02:16:00+00:00, run_after=2023-08-29T02:18:00+00:00
[2023-08-28 23:19:31,285] {processor.py:161} INFO - Processing /home/linuxlite/Documentos/airflow/venv/lib/python3.9/site-packages/airflow/example_dags/example_sla_dag.py took 0.065 seconds
[2023-08-28 23:20:04,799] {processor.py:153} INFO - Started process (PID=61712) to work on /home/linuxlite/Documentos/airflow/venv/lib/python3.9/site-packages/airflow/example_dags/example_sla_dag.py
[2023-08-28 23:20:04,800] {processor.py:641} INFO - Processing file /home/linuxlite/Documentos/airflow/venv/lib/python3.9/site-packages/airflow/example_dags/example_sla_dag.py for tasks to queue
[2023-08-28 23:20:04,801] {logging_mixin.py:115} INFO - [2023-08-28 23:20:04,801] {dagbag.py:507} INFO - Filling up the DagBag from /home/linuxlite/Documentos/airflow/venv/lib/python3.9/site-packages/airflow/example_dags/example_sla_dag.py
[2023-08-28 23:20:04,821] {processor.py:651} INFO - DAG(s) dict_keys(['example_sla_dag']) retrieved from /home/linuxlite/Documentos/airflow/venv/lib/python3.9/site-packages/airflow/example_dags/example_sla_dag.py
[2023-08-28 23:20:04,835] {logging_mixin.py:115} INFO - [2023-08-28 23:20:04,835] {dag.py:2379} INFO - Sync 1 DAGs
[2023-08-28 23:20:04,852] {logging_mixin.py:115} INFO - [2023-08-28 23:20:04,852] {dag.py:2927} INFO - Setting next_dagrun for example_sla_dag to 2023-08-29T02:18:00+00:00, run_after=2023-08-29T02:20:00+00:00
[2023-08-28 23:20:04,863] {processor.py:161} INFO - Processing /home/linuxlite/Documentos/airflow/venv/lib/python3.9/site-packages/airflow/example_dags/example_sla_dag.py took 0.068 seconds
[2023-08-28 23:20:37,852] {processor.py:153} INFO - Started process (PID=61744) to work on /home/linuxlite/Documentos/airflow/venv/lib/python3.9/site-packages/airflow/example_dags/example_sla_dag.py
[2023-08-28 23:20:37,853] {processor.py:641} INFO - Processing file /home/linuxlite/Documentos/airflow/venv/lib/python3.9/site-packages/airflow/example_dags/example_sla_dag.py for tasks to queue
[2023-08-28 23:20:37,854] {logging_mixin.py:115} INFO - [2023-08-28 23:20:37,853] {dagbag.py:507} INFO - Filling up the DagBag from /home/linuxlite/Documentos/airflow/venv/lib/python3.9/site-packages/airflow/example_dags/example_sla_dag.py
[2023-08-28 23:20:37,880] {processor.py:651} INFO - DAG(s) dict_keys(['example_sla_dag']) retrieved from /home/linuxlite/Documentos/airflow/venv/lib/python3.9/site-packages/airflow/example_dags/example_sla_dag.py
[2023-08-28 23:20:37,905] {logging_mixin.py:115} INFO - [2023-08-28 23:20:37,905] {dag.py:2379} INFO - Sync 1 DAGs
[2023-08-28 23:20:37,929] {logging_mixin.py:115} INFO - [2023-08-28 23:20:37,928] {dag.py:2927} INFO - Setting next_dagrun for example_sla_dag to 2023-08-29T02:18:00+00:00, run_after=2023-08-29T02:20:00+00:00
[2023-08-28 23:20:37,944] {processor.py:161} INFO - Processing /home/linuxlite/Documentos/airflow/venv/lib/python3.9/site-packages/airflow/example_dags/example_sla_dag.py took 0.096 seconds
[2023-08-28 23:21:10,754] {processor.py:153} INFO - Started process (PID=61786) to work on /home/linuxlite/Documentos/airflow/venv/lib/python3.9/site-packages/airflow/example_dags/example_sla_dag.py
[2023-08-28 23:21:10,755] {processor.py:641} INFO - Processing file /home/linuxlite/Documentos/airflow/venv/lib/python3.9/site-packages/airflow/example_dags/example_sla_dag.py for tasks to queue
[2023-08-28 23:21:10,756] {logging_mixin.py:115} INFO - [2023-08-28 23:21:10,756] {dagbag.py:507} INFO - Filling up the DagBag from /home/linuxlite/Documentos/airflow/venv/lib/python3.9/site-packages/airflow/example_dags/example_sla_dag.py
[2023-08-28 23:21:10,783] {processor.py:651} INFO - DAG(s) dict_keys(['example_sla_dag']) retrieved from /home/linuxlite/Documentos/airflow/venv/lib/python3.9/site-packages/airflow/example_dags/example_sla_dag.py
[2023-08-28 23:21:10,796] {logging_mixin.py:115} INFO - [2023-08-28 23:21:10,796] {dag.py:2379} INFO - Sync 1 DAGs
[2023-08-28 23:21:10,814] {logging_mixin.py:115} INFO - [2023-08-28 23:21:10,814] {dag.py:2927} INFO - Setting next_dagrun for example_sla_dag to 2023-08-29T02:18:00+00:00, run_after=2023-08-29T02:20:00+00:00
[2023-08-28 23:21:10,825] {processor.py:161} INFO - Processing /home/linuxlite/Documentos/airflow/venv/lib/python3.9/site-packages/airflow/example_dags/example_sla_dag.py took 0.078 seconds
[2023-08-28 23:21:43,804] {processor.py:153} INFO - Started process (PID=61827) to work on /home/linuxlite/Documentos/airflow/venv/lib/python3.9/site-packages/airflow/example_dags/example_sla_dag.py
[2023-08-28 23:21:43,806] {processor.py:641} INFO - Processing file /home/linuxlite/Documentos/airflow/venv/lib/python3.9/site-packages/airflow/example_dags/example_sla_dag.py for tasks to queue
[2023-08-28 23:21:43,807] {logging_mixin.py:115} INFO - [2023-08-28 23:21:43,807] {dagbag.py:507} INFO - Filling up the DagBag from /home/linuxlite/Documentos/airflow/venv/lib/python3.9/site-packages/airflow/example_dags/example_sla_dag.py
[2023-08-28 23:21:43,830] {processor.py:651} INFO - DAG(s) dict_keys(['example_sla_dag']) retrieved from /home/linuxlite/Documentos/airflow/venv/lib/python3.9/site-packages/airflow/example_dags/example_sla_dag.py
[2023-08-28 23:21:43,845] {logging_mixin.py:115} INFO - [2023-08-28 23:21:43,845] {dag.py:2379} INFO - Sync 1 DAGs
[2023-08-28 23:21:43,864] {logging_mixin.py:115} INFO - [2023-08-28 23:21:43,864] {dag.py:2927} INFO - Setting next_dagrun for example_sla_dag to 2023-08-29T02:18:00+00:00, run_after=2023-08-29T02:20:00+00:00
[2023-08-28 23:21:43,875] {processor.py:161} INFO - Processing /home/linuxlite/Documentos/airflow/venv/lib/python3.9/site-packages/airflow/example_dags/example_sla_dag.py took 0.075 seconds
[2023-08-28 23:22:17,306] {processor.py:153} INFO - Started process (PID=61879) to work on /home/linuxlite/Documentos/airflow/venv/lib/python3.9/site-packages/airflow/example_dags/example_sla_dag.py
[2023-08-28 23:22:17,306] {processor.py:641} INFO - Processing file /home/linuxlite/Documentos/airflow/venv/lib/python3.9/site-packages/airflow/example_dags/example_sla_dag.py for tasks to queue
[2023-08-28 23:22:17,307] {logging_mixin.py:115} INFO - [2023-08-28 23:22:17,307] {dagbag.py:507} INFO - Filling up the DagBag from /home/linuxlite/Documentos/airflow/venv/lib/python3.9/site-packages/airflow/example_dags/example_sla_dag.py
[2023-08-28 23:22:17,331] {processor.py:651} INFO - DAG(s) dict_keys(['example_sla_dag']) retrieved from /home/linuxlite/Documentos/airflow/venv/lib/python3.9/site-packages/airflow/example_dags/example_sla_dag.py
[2023-08-28 23:22:17,351] {logging_mixin.py:115} INFO - [2023-08-28 23:22:17,351] {dag.py:2379} INFO - Sync 1 DAGs
[2023-08-28 23:22:17,372] {logging_mixin.py:115} INFO - [2023-08-28 23:22:17,371] {dag.py:2927} INFO - Setting next_dagrun for example_sla_dag to 2023-08-29T02:20:00+00:00, run_after=2023-08-29T02:22:00+00:00
[2023-08-28 23:22:17,384] {processor.py:161} INFO - Processing /home/linuxlite/Documentos/airflow/venv/lib/python3.9/site-packages/airflow/example_dags/example_sla_dag.py took 0.083 seconds
[2023-08-28 23:22:49,924] {processor.py:153} INFO - Started process (PID=61918) to work on /home/linuxlite/Documentos/airflow/venv/lib/python3.9/site-packages/airflow/example_dags/example_sla_dag.py
[2023-08-28 23:22:49,925] {processor.py:641} INFO - Processing file /home/linuxlite/Documentos/airflow/venv/lib/python3.9/site-packages/airflow/example_dags/example_sla_dag.py for tasks to queue
[2023-08-28 23:22:49,925] {logging_mixin.py:115} INFO - [2023-08-28 23:22:49,925] {dagbag.py:507} INFO - Filling up the DagBag from /home/linuxlite/Documentos/airflow/venv/lib/python3.9/site-packages/airflow/example_dags/example_sla_dag.py
[2023-08-28 23:22:49,946] {processor.py:651} INFO - DAG(s) dict_keys(['example_sla_dag']) retrieved from /home/linuxlite/Documentos/airflow/venv/lib/python3.9/site-packages/airflow/example_dags/example_sla_dag.py
[2023-08-28 23:22:49,961] {logging_mixin.py:115} INFO - [2023-08-28 23:22:49,961] {dag.py:2379} INFO - Sync 1 DAGs
[2023-08-28 23:22:49,977] {logging_mixin.py:115} INFO - [2023-08-28 23:22:49,977] {dag.py:2927} INFO - Setting next_dagrun for example_sla_dag to 2023-08-29T02:20:00+00:00, run_after=2023-08-29T02:22:00+00:00
[2023-08-28 23:22:49,989] {processor.py:161} INFO - Processing /home/linuxlite/Documentos/airflow/venv/lib/python3.9/site-packages/airflow/example_dags/example_sla_dag.py took 0.068 seconds
[2023-08-28 23:23:24,732] {processor.py:153} INFO - Started process (PID=61958) to work on /home/linuxlite/Documentos/airflow/venv/lib/python3.9/site-packages/airflow/example_dags/example_sla_dag.py
[2023-08-28 23:23:24,734] {processor.py:641} INFO - Processing file /home/linuxlite/Documentos/airflow/venv/lib/python3.9/site-packages/airflow/example_dags/example_sla_dag.py for tasks to queue
[2023-08-28 23:23:24,734] {logging_mixin.py:115} INFO - [2023-08-28 23:23:24,734] {dagbag.py:507} INFO - Filling up the DagBag from /home/linuxlite/Documentos/airflow/venv/lib/python3.9/site-packages/airflow/example_dags/example_sla_dag.py
[2023-08-28 23:23:24,754] {processor.py:651} INFO - DAG(s) dict_keys(['example_sla_dag']) retrieved from /home/linuxlite/Documentos/airflow/venv/lib/python3.9/site-packages/airflow/example_dags/example_sla_dag.py
[2023-08-28 23:23:24,769] {logging_mixin.py:115} INFO - [2023-08-28 23:23:24,769] {dag.py:2379} INFO - Sync 1 DAGs
[2023-08-28 23:23:24,785] {logging_mixin.py:115} INFO - [2023-08-28 23:23:24,785] {dag.py:2927} INFO - Setting next_dagrun for example_sla_dag to 2023-08-29T02:20:00+00:00, run_after=2023-08-29T02:22:00+00:00
[2023-08-28 23:23:24,797] {processor.py:161} INFO - Processing /home/linuxlite/Documentos/airflow/venv/lib/python3.9/site-packages/airflow/example_dags/example_sla_dag.py took 0.068 seconds
[2023-08-28 23:23:56,832] {processor.py:153} INFO - Started process (PID=61993) to work on /home/linuxlite/Documentos/airflow/venv/lib/python3.9/site-packages/airflow/example_dags/example_sla_dag.py
[2023-08-28 23:23:56,833] {processor.py:641} INFO - Processing file /home/linuxlite/Documentos/airflow/venv/lib/python3.9/site-packages/airflow/example_dags/example_sla_dag.py for tasks to queue
[2023-08-28 23:23:56,834] {logging_mixin.py:115} INFO - [2023-08-28 23:23:56,834] {dagbag.py:507} INFO - Filling up the DagBag from /home/linuxlite/Documentos/airflow/venv/lib/python3.9/site-packages/airflow/example_dags/example_sla_dag.py
[2023-08-28 23:23:56,854] {processor.py:651} INFO - DAG(s) dict_keys(['example_sla_dag']) retrieved from /home/linuxlite/Documentos/airflow/venv/lib/python3.9/site-packages/airflow/example_dags/example_sla_dag.py
[2023-08-28 23:23:56,868] {logging_mixin.py:115} INFO - [2023-08-28 23:23:56,868] {dag.py:2379} INFO - Sync 1 DAGs
[2023-08-28 23:23:56,887] {logging_mixin.py:115} INFO - [2023-08-28 23:23:56,887] {dag.py:2927} INFO - Setting next_dagrun for example_sla_dag to 2023-08-29T02:20:00+00:00, run_after=2023-08-29T02:22:00+00:00
[2023-08-28 23:23:56,901] {processor.py:161} INFO - Processing /home/linuxlite/Documentos/airflow/venv/lib/python3.9/site-packages/airflow/example_dags/example_sla_dag.py took 0.072 seconds
[2023-08-28 23:24:33,511] {processor.py:153} INFO - Started process (PID=62039) to work on /home/linuxlite/Documentos/airflow/venv/lib/python3.9/site-packages/airflow/example_dags/example_sla_dag.py
[2023-08-28 23:24:33,512] {processor.py:641} INFO - Processing file /home/linuxlite/Documentos/airflow/venv/lib/python3.9/site-packages/airflow/example_dags/example_sla_dag.py for tasks to queue
[2023-08-28 23:24:33,512] {logging_mixin.py:115} INFO - [2023-08-28 23:24:33,512] {dagbag.py:507} INFO - Filling up the DagBag from /home/linuxlite/Documentos/airflow/venv/lib/python3.9/site-packages/airflow/example_dags/example_sla_dag.py
[2023-08-28 23:24:33,532] {processor.py:651} INFO - DAG(s) dict_keys(['example_sla_dag']) retrieved from /home/linuxlite/Documentos/airflow/venv/lib/python3.9/site-packages/airflow/example_dags/example_sla_dag.py
[2023-08-28 23:24:33,547] {logging_mixin.py:115} INFO - [2023-08-28 23:24:33,547] {dag.py:2379} INFO - Sync 1 DAGs
[2023-08-28 23:24:33,564] {logging_mixin.py:115} INFO - [2023-08-28 23:24:33,564] {dag.py:2927} INFO - Setting next_dagrun for example_sla_dag to 2023-08-29T02:22:00+00:00, run_after=2023-08-29T02:24:00+00:00
[2023-08-28 23:24:33,575] {processor.py:161} INFO - Processing /home/linuxlite/Documentos/airflow/venv/lib/python3.9/site-packages/airflow/example_dags/example_sla_dag.py took 0.068 seconds
[2023-08-28 23:25:07,093] {processor.py:153} INFO - Started process (PID=62143) to work on /home/linuxlite/Documentos/airflow/venv/lib/python3.9/site-packages/airflow/example_dags/example_sla_dag.py
[2023-08-28 23:25:07,094] {processor.py:641} INFO - Processing file /home/linuxlite/Documentos/airflow/venv/lib/python3.9/site-packages/airflow/example_dags/example_sla_dag.py for tasks to queue
[2023-08-28 23:25:07,095] {logging_mixin.py:115} INFO - [2023-08-28 23:25:07,095] {dagbag.py:507} INFO - Filling up the DagBag from /home/linuxlite/Documentos/airflow/venv/lib/python3.9/site-packages/airflow/example_dags/example_sla_dag.py
[2023-08-28 23:25:07,117] {processor.py:651} INFO - DAG(s) dict_keys(['example_sla_dag']) retrieved from /home/linuxlite/Documentos/airflow/venv/lib/python3.9/site-packages/airflow/example_dags/example_sla_dag.py
[2023-08-28 23:25:07,134] {logging_mixin.py:115} INFO - [2023-08-28 23:25:07,134] {dag.py:2379} INFO - Sync 1 DAGs
[2023-08-28 23:25:07,154] {logging_mixin.py:115} INFO - [2023-08-28 23:25:07,154] {dag.py:2927} INFO - Setting next_dagrun for example_sla_dag to 2023-08-29T02:22:00+00:00, run_after=2023-08-29T02:24:00+00:00
[2023-08-28 23:25:07,167] {processor.py:161} INFO - Processing /home/linuxlite/Documentos/airflow/venv/lib/python3.9/site-packages/airflow/example_dags/example_sla_dag.py took 0.078 seconds
[2023-08-28 23:25:39,923] {processor.py:153} INFO - Started process (PID=62178) to work on /home/linuxlite/Documentos/airflow/venv/lib/python3.9/site-packages/airflow/example_dags/example_sla_dag.py
[2023-08-28 23:25:39,925] {processor.py:641} INFO - Processing file /home/linuxlite/Documentos/airflow/venv/lib/python3.9/site-packages/airflow/example_dags/example_sla_dag.py for tasks to queue
[2023-08-28 23:25:39,926] {logging_mixin.py:115} INFO - [2023-08-28 23:25:39,925] {dagbag.py:507} INFO - Filling up the DagBag from /home/linuxlite/Documentos/airflow/venv/lib/python3.9/site-packages/airflow/example_dags/example_sla_dag.py
[2023-08-28 23:25:39,949] {processor.py:651} INFO - DAG(s) dict_keys(['example_sla_dag']) retrieved from /home/linuxlite/Documentos/airflow/venv/lib/python3.9/site-packages/airflow/example_dags/example_sla_dag.py
[2023-08-28 23:25:39,963] {logging_mixin.py:115} INFO - [2023-08-28 23:25:39,962] {dag.py:2379} INFO - Sync 1 DAGs
[2023-08-28 23:25:39,981] {logging_mixin.py:115} INFO - [2023-08-28 23:25:39,981] {dag.py:2927} INFO - Setting next_dagrun for example_sla_dag to 2023-08-29T02:22:00+00:00, run_after=2023-08-29T02:24:00+00:00
[2023-08-28 23:25:39,991] {processor.py:161} INFO - Processing /home/linuxlite/Documentos/airflow/venv/lib/python3.9/site-packages/airflow/example_dags/example_sla_dag.py took 0.074 seconds
[2023-08-28 23:26:17,051] {processor.py:153} INFO - Started process (PID=62228) to work on /home/linuxlite/Documentos/airflow/venv/lib/python3.9/site-packages/airflow/example_dags/example_sla_dag.py
[2023-08-28 23:26:17,051] {processor.py:641} INFO - Processing file /home/linuxlite/Documentos/airflow/venv/lib/python3.9/site-packages/airflow/example_dags/example_sla_dag.py for tasks to queue
[2023-08-28 23:26:17,052] {logging_mixin.py:115} INFO - [2023-08-28 23:26:17,052] {dagbag.py:507} INFO - Filling up the DagBag from /home/linuxlite/Documentos/airflow/venv/lib/python3.9/site-packages/airflow/example_dags/example_sla_dag.py
[2023-08-28 23:26:17,075] {processor.py:651} INFO - DAG(s) dict_keys(['example_sla_dag']) retrieved from /home/linuxlite/Documentos/airflow/venv/lib/python3.9/site-packages/airflow/example_dags/example_sla_dag.py
[2023-08-28 23:26:17,090] {logging_mixin.py:115} INFO - [2023-08-28 23:26:17,090] {dag.py:2379} INFO - Sync 1 DAGs
[2023-08-28 23:26:17,108] {logging_mixin.py:115} INFO - [2023-08-28 23:26:17,108] {dag.py:2927} INFO - Setting next_dagrun for example_sla_dag to 2023-08-29T02:24:00+00:00, run_after=2023-08-29T02:26:00+00:00
[2023-08-28 23:26:17,120] {processor.py:161} INFO - Processing /home/linuxlite/Documentos/airflow/venv/lib/python3.9/site-packages/airflow/example_dags/example_sla_dag.py took 0.073 seconds
[2023-08-28 23:26:51,005] {processor.py:153} INFO - Started process (PID=62267) to work on /home/linuxlite/Documentos/airflow/venv/lib/python3.9/site-packages/airflow/example_dags/example_sla_dag.py
[2023-08-28 23:26:51,006] {processor.py:641} INFO - Processing file /home/linuxlite/Documentos/airflow/venv/lib/python3.9/site-packages/airflow/example_dags/example_sla_dag.py for tasks to queue
[2023-08-28 23:26:51,007] {logging_mixin.py:115} INFO - [2023-08-28 23:26:51,007] {dagbag.py:507} INFO - Filling up the DagBag from /home/linuxlite/Documentos/airflow/venv/lib/python3.9/site-packages/airflow/example_dags/example_sla_dag.py
[2023-08-28 23:26:51,028] {processor.py:651} INFO - DAG(s) dict_keys(['example_sla_dag']) retrieved from /home/linuxlite/Documentos/airflow/venv/lib/python3.9/site-packages/airflow/example_dags/example_sla_dag.py
[2023-08-28 23:26:51,047] {logging_mixin.py:115} INFO - [2023-08-28 23:26:51,047] {dag.py:2379} INFO - Sync 1 DAGs
[2023-08-28 23:26:51,067] {logging_mixin.py:115} INFO - [2023-08-28 23:26:51,067] {dag.py:2927} INFO - Setting next_dagrun for example_sla_dag to 2023-08-29T02:24:00+00:00, run_after=2023-08-29T02:26:00+00:00
[2023-08-28 23:26:51,085] {processor.py:161} INFO - Processing /home/linuxlite/Documentos/airflow/venv/lib/python3.9/site-packages/airflow/example_dags/example_sla_dag.py took 0.083 seconds
[2023-08-28 23:27:24,178] {processor.py:153} INFO - Started process (PID=62320) to work on /home/linuxlite/Documentos/airflow/venv/lib/python3.9/site-packages/airflow/example_dags/example_sla_dag.py
[2023-08-28 23:27:24,180] {processor.py:641} INFO - Processing file /home/linuxlite/Documentos/airflow/venv/lib/python3.9/site-packages/airflow/example_dags/example_sla_dag.py for tasks to queue
[2023-08-28 23:27:24,180] {logging_mixin.py:115} INFO - [2023-08-28 23:27:24,180] {dagbag.py:507} INFO - Filling up the DagBag from /home/linuxlite/Documentos/airflow/venv/lib/python3.9/site-packages/airflow/example_dags/example_sla_dag.py
[2023-08-28 23:27:24,207] {processor.py:651} INFO - DAG(s) dict_keys(['example_sla_dag']) retrieved from /home/linuxlite/Documentos/airflow/venv/lib/python3.9/site-packages/airflow/example_dags/example_sla_dag.py
[2023-08-28 23:27:24,221] {logging_mixin.py:115} INFO - [2023-08-28 23:27:24,221] {dag.py:2379} INFO - Sync 1 DAGs
[2023-08-28 23:27:24,239] {logging_mixin.py:115} INFO - [2023-08-28 23:27:24,239] {dag.py:2927} INFO - Setting next_dagrun for example_sla_dag to 2023-08-29T02:24:00+00:00, run_after=2023-08-29T02:26:00+00:00
[2023-08-28 23:27:24,250] {processor.py:161} INFO - Processing /home/linuxlite/Documentos/airflow/venv/lib/python3.9/site-packages/airflow/example_dags/example_sla_dag.py took 0.076 seconds
