[2023-08-28 23:10:48,188] {processor.py:153} INFO - Started process (PID=59965) to work on /home/linuxlite/Documentos/airflow/venv/lib/python3.9/site-packages/airflow/example_dags/example_xcom.py
[2023-08-28 23:10:48,189] {processor.py:641} INFO - Processing file /home/linuxlite/Documentos/airflow/venv/lib/python3.9/site-packages/airflow/example_dags/example_xcom.py for tasks to queue
[2023-08-28 23:10:48,189] {logging_mixin.py:115} INFO - [2023-08-28 23:10:48,189] {dagbag.py:507} INFO - Filling up the DagBag from /home/linuxlite/Documentos/airflow/venv/lib/python3.9/site-packages/airflow/example_dags/example_xcom.py
[2023-08-28 23:10:48,207] {processor.py:651} INFO - DAG(s) dict_keys(['example_xcom']) retrieved from /home/linuxlite/Documentos/airflow/venv/lib/python3.9/site-packages/airflow/example_dags/example_xcom.py
[2023-08-28 23:10:48,250] {logging_mixin.py:115} INFO - [2023-08-28 23:10:48,250] {dag.py:2379} INFO - Sync 1 DAGs
[2023-08-28 23:10:48,264] {logging_mixin.py:115} INFO - [2023-08-28 23:10:48,264] {dag.py:2927} INFO - Setting next_dagrun for example_xcom to 2021-01-01T00:00:00+00:00, run_after=2021-01-01T00:00:00+00:00
[2023-08-28 23:10:48,300] {processor.py:161} INFO - Processing /home/linuxlite/Documentos/airflow/venv/lib/python3.9/site-packages/airflow/example_dags/example_xcom.py took 0.115 seconds
[2023-08-28 23:11:23,023] {processor.py:153} INFO - Started process (PID=60054) to work on /home/linuxlite/Documentos/airflow/venv/lib/python3.9/site-packages/airflow/example_dags/example_xcom.py
[2023-08-28 23:11:23,023] {processor.py:641} INFO - Processing file /home/linuxlite/Documentos/airflow/venv/lib/python3.9/site-packages/airflow/example_dags/example_xcom.py for tasks to queue
[2023-08-28 23:11:23,024] {logging_mixin.py:115} INFO - [2023-08-28 23:11:23,024] {dagbag.py:507} INFO - Filling up the DagBag from /home/linuxlite/Documentos/airflow/venv/lib/python3.9/site-packages/airflow/example_dags/example_xcom.py
[2023-08-28 23:11:23,042] {processor.py:651} INFO - DAG(s) dict_keys(['example_xcom']) retrieved from /home/linuxlite/Documentos/airflow/venv/lib/python3.9/site-packages/airflow/example_dags/example_xcom.py
[2023-08-28 23:11:23,090] {logging_mixin.py:115} INFO - [2023-08-28 23:11:23,089] {dag.py:2379} INFO - Sync 1 DAGs
[2023-08-28 23:11:23,103] {logging_mixin.py:115} INFO - [2023-08-28 23:11:23,102] {dag.py:2927} INFO - Setting next_dagrun for example_xcom to 2021-01-01T00:00:00+00:00, run_after=2021-01-01T00:00:00+00:00
[2023-08-28 23:11:23,114] {processor.py:161} INFO - Processing /home/linuxlite/Documentos/airflow/venv/lib/python3.9/site-packages/airflow/example_dags/example_xcom.py took 0.094 seconds
[2023-08-28 23:11:57,607] {processor.py:153} INFO - Started process (PID=60090) to work on /home/linuxlite/Documentos/airflow/venv/lib/python3.9/site-packages/airflow/example_dags/example_xcom.py
[2023-08-28 23:11:57,608] {processor.py:641} INFO - Processing file /home/linuxlite/Documentos/airflow/venv/lib/python3.9/site-packages/airflow/example_dags/example_xcom.py for tasks to queue
[2023-08-28 23:11:57,609] {logging_mixin.py:115} INFO - [2023-08-28 23:11:57,609] {dagbag.py:507} INFO - Filling up the DagBag from /home/linuxlite/Documentos/airflow/venv/lib/python3.9/site-packages/airflow/example_dags/example_xcom.py
[2023-08-28 23:11:57,630] {processor.py:651} INFO - DAG(s) dict_keys(['example_xcom']) retrieved from /home/linuxlite/Documentos/airflow/venv/lib/python3.9/site-packages/airflow/example_dags/example_xcom.py
[2023-08-28 23:11:57,648] {logging_mixin.py:115} INFO - [2023-08-28 23:11:57,648] {dag.py:2379} INFO - Sync 1 DAGs
[2023-08-28 23:11:57,662] {logging_mixin.py:115} INFO - [2023-08-28 23:11:57,662] {dag.py:2927} INFO - Setting next_dagrun for example_xcom to 2021-01-01T00:00:00+00:00, run_after=2021-01-01T00:00:00+00:00
[2023-08-28 23:11:57,673] {processor.py:161} INFO - Processing /home/linuxlite/Documentos/airflow/venv/lib/python3.9/site-packages/airflow/example_dags/example_xcom.py took 0.071 seconds
[2023-08-28 23:12:32,318] {processor.py:153} INFO - Started process (PID=60134) to work on /home/linuxlite/Documentos/airflow/venv/lib/python3.9/site-packages/airflow/example_dags/example_xcom.py
[2023-08-28 23:12:32,319] {processor.py:641} INFO - Processing file /home/linuxlite/Documentos/airflow/venv/lib/python3.9/site-packages/airflow/example_dags/example_xcom.py for tasks to queue
[2023-08-28 23:12:32,320] {logging_mixin.py:115} INFO - [2023-08-28 23:12:32,319] {dagbag.py:507} INFO - Filling up the DagBag from /home/linuxlite/Documentos/airflow/venv/lib/python3.9/site-packages/airflow/example_dags/example_xcom.py
[2023-08-28 23:12:32,341] {processor.py:651} INFO - DAG(s) dict_keys(['example_xcom']) retrieved from /home/linuxlite/Documentos/airflow/venv/lib/python3.9/site-packages/airflow/example_dags/example_xcom.py
[2023-08-28 23:12:32,402] {logging_mixin.py:115} INFO - [2023-08-28 23:12:32,402] {dag.py:2379} INFO - Sync 1 DAGs
[2023-08-28 23:12:32,415] {logging_mixin.py:115} INFO - [2023-08-28 23:12:32,415] {dag.py:2927} INFO - Setting next_dagrun for example_xcom to 2021-01-01T00:00:00+00:00, run_after=2021-01-01T00:00:00+00:00
[2023-08-28 23:12:32,427] {processor.py:161} INFO - Processing /home/linuxlite/Documentos/airflow/venv/lib/python3.9/site-packages/airflow/example_dags/example_xcom.py took 0.114 seconds
[2023-08-28 23:13:07,393] {processor.py:153} INFO - Started process (PID=60170) to work on /home/linuxlite/Documentos/airflow/venv/lib/python3.9/site-packages/airflow/example_dags/example_xcom.py
[2023-08-28 23:13:07,394] {processor.py:641} INFO - Processing file /home/linuxlite/Documentos/airflow/venv/lib/python3.9/site-packages/airflow/example_dags/example_xcom.py for tasks to queue
[2023-08-28 23:13:07,395] {logging_mixin.py:115} INFO - [2023-08-28 23:13:07,395] {dagbag.py:507} INFO - Filling up the DagBag from /home/linuxlite/Documentos/airflow/venv/lib/python3.9/site-packages/airflow/example_dags/example_xcom.py
[2023-08-28 23:13:07,423] {processor.py:651} INFO - DAG(s) dict_keys(['example_xcom']) retrieved from /home/linuxlite/Documentos/airflow/venv/lib/python3.9/site-packages/airflow/example_dags/example_xcom.py
[2023-08-28 23:13:07,441] {logging_mixin.py:115} INFO - [2023-08-28 23:13:07,441] {dag.py:2379} INFO - Sync 1 DAGs
[2023-08-28 23:13:07,455] {logging_mixin.py:115} INFO - [2023-08-28 23:13:07,455] {dag.py:2927} INFO - Setting next_dagrun for example_xcom to 2021-01-01T00:00:00+00:00, run_after=2021-01-01T00:00:00+00:00
[2023-08-28 23:13:07,465] {processor.py:161} INFO - Processing /home/linuxlite/Documentos/airflow/venv/lib/python3.9/site-packages/airflow/example_dags/example_xcom.py took 0.078 seconds
[2023-08-28 23:13:41,241] {processor.py:153} INFO - Started process (PID=60211) to work on /home/linuxlite/Documentos/airflow/venv/lib/python3.9/site-packages/airflow/example_dags/example_xcom.py
[2023-08-28 23:13:41,242] {processor.py:641} INFO - Processing file /home/linuxlite/Documentos/airflow/venv/lib/python3.9/site-packages/airflow/example_dags/example_xcom.py for tasks to queue
[2023-08-28 23:13:41,242] {logging_mixin.py:115} INFO - [2023-08-28 23:13:41,242] {dagbag.py:507} INFO - Filling up the DagBag from /home/linuxlite/Documentos/airflow/venv/lib/python3.9/site-packages/airflow/example_dags/example_xcom.py
[2023-08-28 23:13:41,260] {processor.py:651} INFO - DAG(s) dict_keys(['example_xcom']) retrieved from /home/linuxlite/Documentos/airflow/venv/lib/python3.9/site-packages/airflow/example_dags/example_xcom.py
[2023-08-28 23:13:41,299] {logging_mixin.py:115} INFO - [2023-08-28 23:13:41,299] {dag.py:2379} INFO - Sync 1 DAGs
[2023-08-28 23:13:41,311] {logging_mixin.py:115} INFO - [2023-08-28 23:13:41,311] {dag.py:2927} INFO - Setting next_dagrun for example_xcom to 2021-01-01T00:00:00+00:00, run_after=2021-01-01T00:00:00+00:00
[2023-08-28 23:13:41,322] {processor.py:161} INFO - Processing /home/linuxlite/Documentos/airflow/venv/lib/python3.9/site-packages/airflow/example_dags/example_xcom.py took 0.087 seconds
[2023-08-28 23:14:16,163] {processor.py:153} INFO - Started process (PID=60251) to work on /home/linuxlite/Documentos/airflow/venv/lib/python3.9/site-packages/airflow/example_dags/example_xcom.py
[2023-08-28 23:14:16,165] {processor.py:641} INFO - Processing file /home/linuxlite/Documentos/airflow/venv/lib/python3.9/site-packages/airflow/example_dags/example_xcom.py for tasks to queue
[2023-08-28 23:14:16,165] {logging_mixin.py:115} INFO - [2023-08-28 23:14:16,165] {dagbag.py:507} INFO - Filling up the DagBag from /home/linuxlite/Documentos/airflow/venv/lib/python3.9/site-packages/airflow/example_dags/example_xcom.py
[2023-08-28 23:14:16,183] {processor.py:651} INFO - DAG(s) dict_keys(['example_xcom']) retrieved from /home/linuxlite/Documentos/airflow/venv/lib/python3.9/site-packages/airflow/example_dags/example_xcom.py
[2023-08-28 23:14:16,222] {logging_mixin.py:115} INFO - [2023-08-28 23:14:16,221] {dag.py:2379} INFO - Sync 1 DAGs
[2023-08-28 23:14:16,233] {logging_mixin.py:115} INFO - [2023-08-28 23:14:16,233] {dag.py:2927} INFO - Setting next_dagrun for example_xcom to 2021-01-01T00:00:00+00:00, run_after=2021-01-01T00:00:00+00:00
[2023-08-28 23:14:16,244] {processor.py:161} INFO - Processing /home/linuxlite/Documentos/airflow/venv/lib/python3.9/site-packages/airflow/example_dags/example_xcom.py took 0.084 seconds
[2023-08-28 23:14:52,870] {processor.py:153} INFO - Started process (PID=60303) to work on /home/linuxlite/Documentos/airflow/venv/lib/python3.9/site-packages/airflow/example_dags/example_xcom.py
[2023-08-28 23:14:52,871] {processor.py:641} INFO - Processing file /home/linuxlite/Documentos/airflow/venv/lib/python3.9/site-packages/airflow/example_dags/example_xcom.py for tasks to queue
[2023-08-28 23:14:52,872] {logging_mixin.py:115} INFO - [2023-08-28 23:14:52,872] {dagbag.py:507} INFO - Filling up the DagBag from /home/linuxlite/Documentos/airflow/venv/lib/python3.9/site-packages/airflow/example_dags/example_xcom.py
[2023-08-28 23:14:52,893] {processor.py:651} INFO - DAG(s) dict_keys(['example_xcom']) retrieved from /home/linuxlite/Documentos/airflow/venv/lib/python3.9/site-packages/airflow/example_dags/example_xcom.py
[2023-08-28 23:14:52,945] {logging_mixin.py:115} INFO - [2023-08-28 23:14:52,945] {dag.py:2379} INFO - Sync 1 DAGs
[2023-08-28 23:14:52,963] {logging_mixin.py:115} INFO - [2023-08-28 23:14:52,963] {dag.py:2927} INFO - Setting next_dagrun for example_xcom to 2021-01-01T00:00:00+00:00, run_after=2021-01-01T00:00:00+00:00
[2023-08-28 23:14:52,981] {processor.py:161} INFO - Processing /home/linuxlite/Documentos/airflow/venv/lib/python3.9/site-packages/airflow/example_dags/example_xcom.py took 0.115 seconds
[2023-08-28 23:15:25,975] {processor.py:153} INFO - Started process (PID=60547) to work on /home/linuxlite/Documentos/airflow/venv/lib/python3.9/site-packages/airflow/example_dags/example_xcom.py
[2023-08-28 23:15:25,976] {processor.py:641} INFO - Processing file /home/linuxlite/Documentos/airflow/venv/lib/python3.9/site-packages/airflow/example_dags/example_xcom.py for tasks to queue
[2023-08-28 23:15:25,977] {logging_mixin.py:115} INFO - [2023-08-28 23:15:25,977] {dagbag.py:507} INFO - Filling up the DagBag from /home/linuxlite/Documentos/airflow/venv/lib/python3.9/site-packages/airflow/example_dags/example_xcom.py
[2023-08-28 23:15:25,999] {processor.py:651} INFO - DAG(s) dict_keys(['example_xcom']) retrieved from /home/linuxlite/Documentos/airflow/venv/lib/python3.9/site-packages/airflow/example_dags/example_xcom.py
[2023-08-28 23:15:26,037] {logging_mixin.py:115} INFO - [2023-08-28 23:15:26,037] {dag.py:2379} INFO - Sync 1 DAGs
[2023-08-28 23:15:26,051] {logging_mixin.py:115} INFO - [2023-08-28 23:15:26,050] {dag.py:2927} INFO - Setting next_dagrun for example_xcom to 2021-01-01T00:00:00+00:00, run_after=2021-01-01T00:00:00+00:00
[2023-08-28 23:15:26,065] {processor.py:161} INFO - Processing /home/linuxlite/Documentos/airflow/venv/lib/python3.9/site-packages/airflow/example_dags/example_xcom.py took 0.094 seconds
[2023-08-28 23:16:00,068] {processor.py:153} INFO - Started process (PID=60582) to work on /home/linuxlite/Documentos/airflow/venv/lib/python3.9/site-packages/airflow/example_dags/example_xcom.py
[2023-08-28 23:16:00,069] {processor.py:641} INFO - Processing file /home/linuxlite/Documentos/airflow/venv/lib/python3.9/site-packages/airflow/example_dags/example_xcom.py for tasks to queue
[2023-08-28 23:16:00,069] {logging_mixin.py:115} INFO - [2023-08-28 23:16:00,069] {dagbag.py:507} INFO - Filling up the DagBag from /home/linuxlite/Documentos/airflow/venv/lib/python3.9/site-packages/airflow/example_dags/example_xcom.py
[2023-08-28 23:16:00,094] {processor.py:651} INFO - DAG(s) dict_keys(['example_xcom']) retrieved from /home/linuxlite/Documentos/airflow/venv/lib/python3.9/site-packages/airflow/example_dags/example_xcom.py
[2023-08-28 23:16:00,110] {logging_mixin.py:115} INFO - [2023-08-28 23:16:00,110] {dag.py:2379} INFO - Sync 1 DAGs
[2023-08-28 23:16:00,127] {logging_mixin.py:115} INFO - [2023-08-28 23:16:00,127] {dag.py:2927} INFO - Setting next_dagrun for example_xcom to 2021-01-01T00:00:00+00:00, run_after=2021-01-01T00:00:00+00:00
[2023-08-28 23:16:00,139] {processor.py:161} INFO - Processing /home/linuxlite/Documentos/airflow/venv/lib/python3.9/site-packages/airflow/example_dags/example_xcom.py took 0.074 seconds
[2023-08-28 23:16:33,212] {processor.py:153} INFO - Started process (PID=60690) to work on /home/linuxlite/Documentos/airflow/venv/lib/python3.9/site-packages/airflow/example_dags/example_xcom.py
[2023-08-28 23:16:33,213] {processor.py:641} INFO - Processing file /home/linuxlite/Documentos/airflow/venv/lib/python3.9/site-packages/airflow/example_dags/example_xcom.py for tasks to queue
[2023-08-28 23:16:33,214] {logging_mixin.py:115} INFO - [2023-08-28 23:16:33,214] {dagbag.py:507} INFO - Filling up the DagBag from /home/linuxlite/Documentos/airflow/venv/lib/python3.9/site-packages/airflow/example_dags/example_xcom.py
[2023-08-28 23:16:33,248] {processor.py:651} INFO - DAG(s) dict_keys(['example_xcom']) retrieved from /home/linuxlite/Documentos/airflow/venv/lib/python3.9/site-packages/airflow/example_dags/example_xcom.py
[2023-08-28 23:16:33,271] {logging_mixin.py:115} INFO - [2023-08-28 23:16:33,271] {dag.py:2379} INFO - Sync 1 DAGs
[2023-08-28 23:16:33,295] {logging_mixin.py:115} INFO - [2023-08-28 23:16:33,295] {dag.py:2927} INFO - Setting next_dagrun for example_xcom to 2021-01-01T00:00:00+00:00, run_after=2021-01-01T00:00:00+00:00
[2023-08-28 23:16:33,313] {processor.py:161} INFO - Processing /home/linuxlite/Documentos/airflow/venv/lib/python3.9/site-packages/airflow/example_dags/example_xcom.py took 0.112 seconds
[2023-08-28 23:17:06,321] {processor.py:153} INFO - Started process (PID=60830) to work on /home/linuxlite/Documentos/airflow/venv/lib/python3.9/site-packages/airflow/example_dags/example_xcom.py
[2023-08-28 23:17:06,322] {processor.py:641} INFO - Processing file /home/linuxlite/Documentos/airflow/venv/lib/python3.9/site-packages/airflow/example_dags/example_xcom.py for tasks to queue
[2023-08-28 23:17:06,323] {logging_mixin.py:115} INFO - [2023-08-28 23:17:06,323] {dagbag.py:507} INFO - Filling up the DagBag from /home/linuxlite/Documentos/airflow/venv/lib/python3.9/site-packages/airflow/example_dags/example_xcom.py
[2023-08-28 23:17:06,342] {processor.py:651} INFO - DAG(s) dict_keys(['example_xcom']) retrieved from /home/linuxlite/Documentos/airflow/venv/lib/python3.9/site-packages/airflow/example_dags/example_xcom.py
[2023-08-28 23:17:06,357] {logging_mixin.py:115} INFO - [2023-08-28 23:17:06,357] {dag.py:2379} INFO - Sync 1 DAGs
[2023-08-28 23:17:06,371] {logging_mixin.py:115} INFO - [2023-08-28 23:17:06,370] {dag.py:2927} INFO - Setting next_dagrun for example_xcom to 2021-01-01T00:00:00+00:00, run_after=2021-01-01T00:00:00+00:00
[2023-08-28 23:17:06,382] {processor.py:161} INFO - Processing /home/linuxlite/Documentos/airflow/venv/lib/python3.9/site-packages/airflow/example_dags/example_xcom.py took 0.064 seconds
[2023-08-28 23:17:42,404] {processor.py:153} INFO - Started process (PID=60869) to work on /home/linuxlite/Documentos/airflow/venv/lib/python3.9/site-packages/airflow/example_dags/example_xcom.py
[2023-08-28 23:17:42,405] {processor.py:641} INFO - Processing file /home/linuxlite/Documentos/airflow/venv/lib/python3.9/site-packages/airflow/example_dags/example_xcom.py for tasks to queue
[2023-08-28 23:17:42,405] {logging_mixin.py:115} INFO - [2023-08-28 23:17:42,405] {dagbag.py:507} INFO - Filling up the DagBag from /home/linuxlite/Documentos/airflow/venv/lib/python3.9/site-packages/airflow/example_dags/example_xcom.py
[2023-08-28 23:17:42,429] {processor.py:651} INFO - DAG(s) dict_keys(['example_xcom']) retrieved from /home/linuxlite/Documentos/airflow/venv/lib/python3.9/site-packages/airflow/example_dags/example_xcom.py
[2023-08-28 23:17:42,445] {logging_mixin.py:115} INFO - [2023-08-28 23:17:42,444] {dag.py:2379} INFO - Sync 1 DAGs
[2023-08-28 23:17:42,464] {logging_mixin.py:115} INFO - [2023-08-28 23:17:42,464] {dag.py:2927} INFO - Setting next_dagrun for example_xcom to 2021-01-01T00:00:00+00:00, run_after=2021-01-01T00:00:00+00:00
[2023-08-28 23:17:42,482] {processor.py:161} INFO - Processing /home/linuxlite/Documentos/airflow/venv/lib/python3.9/site-packages/airflow/example_dags/example_xcom.py took 0.081 seconds
[2023-08-28 23:18:14,623] {processor.py:153} INFO - Started process (PID=61361) to work on /home/linuxlite/Documentos/airflow/venv/lib/python3.9/site-packages/airflow/example_dags/example_xcom.py
[2023-08-28 23:18:14,624] {processor.py:641} INFO - Processing file /home/linuxlite/Documentos/airflow/venv/lib/python3.9/site-packages/airflow/example_dags/example_xcom.py for tasks to queue
[2023-08-28 23:18:14,625] {logging_mixin.py:115} INFO - [2023-08-28 23:18:14,625] {dagbag.py:507} INFO - Filling up the DagBag from /home/linuxlite/Documentos/airflow/venv/lib/python3.9/site-packages/airflow/example_dags/example_xcom.py
[2023-08-28 23:18:14,647] {processor.py:651} INFO - DAG(s) dict_keys(['example_xcom']) retrieved from /home/linuxlite/Documentos/airflow/venv/lib/python3.9/site-packages/airflow/example_dags/example_xcom.py
[2023-08-28 23:18:14,661] {logging_mixin.py:115} INFO - [2023-08-28 23:18:14,661] {dag.py:2379} INFO - Sync 1 DAGs
[2023-08-28 23:18:14,677] {logging_mixin.py:115} INFO - [2023-08-28 23:18:14,677] {dag.py:2927} INFO - Setting next_dagrun for example_xcom to 2021-01-01T00:00:00+00:00, run_after=2021-01-01T00:00:00+00:00
[2023-08-28 23:18:14,687] {processor.py:161} INFO - Processing /home/linuxlite/Documentos/airflow/venv/lib/python3.9/site-packages/airflow/example_dags/example_xcom.py took 0.068 seconds
[2023-08-28 23:18:45,813] {processor.py:153} INFO - Started process (PID=61529) to work on /home/linuxlite/Documentos/airflow/venv/lib/python3.9/site-packages/airflow/example_dags/example_xcom.py
[2023-08-28 23:18:45,814] {processor.py:641} INFO - Processing file /home/linuxlite/Documentos/airflow/venv/lib/python3.9/site-packages/airflow/example_dags/example_xcom.py for tasks to queue
[2023-08-28 23:18:45,815] {logging_mixin.py:115} INFO - [2023-08-28 23:18:45,815] {dagbag.py:507} INFO - Filling up the DagBag from /home/linuxlite/Documentos/airflow/venv/lib/python3.9/site-packages/airflow/example_dags/example_xcom.py
[2023-08-28 23:18:45,836] {processor.py:651} INFO - DAG(s) dict_keys(['example_xcom']) retrieved from /home/linuxlite/Documentos/airflow/venv/lib/python3.9/site-packages/airflow/example_dags/example_xcom.py
[2023-08-28 23:18:45,851] {logging_mixin.py:115} INFO - [2023-08-28 23:18:45,851] {dag.py:2379} INFO - Sync 1 DAGs
[2023-08-28 23:18:45,866] {logging_mixin.py:115} INFO - [2023-08-28 23:18:45,866] {dag.py:2927} INFO - Setting next_dagrun for example_xcom to 2021-01-01T00:00:00+00:00, run_after=2021-01-01T00:00:00+00:00
[2023-08-28 23:18:45,878] {processor.py:161} INFO - Processing /home/linuxlite/Documentos/airflow/venv/lib/python3.9/site-packages/airflow/example_dags/example_xcom.py took 0.068 seconds
[2023-08-28 23:19:20,336] {processor.py:153} INFO - Started process (PID=61580) to work on /home/linuxlite/Documentos/airflow/venv/lib/python3.9/site-packages/airflow/example_dags/example_xcom.py
[2023-08-28 23:19:20,337] {processor.py:641} INFO - Processing file /home/linuxlite/Documentos/airflow/venv/lib/python3.9/site-packages/airflow/example_dags/example_xcom.py for tasks to queue
[2023-08-28 23:19:20,337] {logging_mixin.py:115} INFO - [2023-08-28 23:19:20,337] {dagbag.py:507} INFO - Filling up the DagBag from /home/linuxlite/Documentos/airflow/venv/lib/python3.9/site-packages/airflow/example_dags/example_xcom.py
[2023-08-28 23:19:20,358] {processor.py:651} INFO - DAG(s) dict_keys(['example_xcom']) retrieved from /home/linuxlite/Documentos/airflow/venv/lib/python3.9/site-packages/airflow/example_dags/example_xcom.py
[2023-08-28 23:19:20,371] {logging_mixin.py:115} INFO - [2023-08-28 23:19:20,371] {dag.py:2379} INFO - Sync 1 DAGs
[2023-08-28 23:19:20,386] {logging_mixin.py:115} INFO - [2023-08-28 23:19:20,386] {dag.py:2927} INFO - Setting next_dagrun for example_xcom to 2021-01-01T00:00:00+00:00, run_after=2021-01-01T00:00:00+00:00
[2023-08-28 23:19:20,397] {processor.py:161} INFO - Processing /home/linuxlite/Documentos/airflow/venv/lib/python3.9/site-packages/airflow/example_dags/example_xcom.py took 0.064 seconds
[2023-08-28 23:19:53,362] {processor.py:153} INFO - Started process (PID=61639) to work on /home/linuxlite/Documentos/airflow/venv/lib/python3.9/site-packages/airflow/example_dags/example_xcom.py
[2023-08-28 23:19:53,363] {processor.py:641} INFO - Processing file /home/linuxlite/Documentos/airflow/venv/lib/python3.9/site-packages/airflow/example_dags/example_xcom.py for tasks to queue
[2023-08-28 23:19:53,363] {logging_mixin.py:115} INFO - [2023-08-28 23:19:53,363] {dagbag.py:507} INFO - Filling up the DagBag from /home/linuxlite/Documentos/airflow/venv/lib/python3.9/site-packages/airflow/example_dags/example_xcom.py
[2023-08-28 23:19:53,382] {processor.py:651} INFO - DAG(s) dict_keys(['example_xcom']) retrieved from /home/linuxlite/Documentos/airflow/venv/lib/python3.9/site-packages/airflow/example_dags/example_xcom.py
[2023-08-28 23:19:53,396] {logging_mixin.py:115} INFO - [2023-08-28 23:19:53,396] {dag.py:2379} INFO - Sync 1 DAGs
[2023-08-28 23:19:53,411] {logging_mixin.py:115} INFO - [2023-08-28 23:19:53,411] {dag.py:2927} INFO - Setting next_dagrun for example_xcom to 2021-01-01T00:00:00+00:00, run_after=2021-01-01T00:00:00+00:00
[2023-08-28 23:19:53,421] {processor.py:161} INFO - Processing /home/linuxlite/Documentos/airflow/venv/lib/python3.9/site-packages/airflow/example_dags/example_xcom.py took 0.063 seconds
[2023-08-28 23:20:27,555] {processor.py:153} INFO - Started process (PID=61734) to work on /home/linuxlite/Documentos/airflow/venv/lib/python3.9/site-packages/airflow/example_dags/example_xcom.py
[2023-08-28 23:20:27,556] {processor.py:641} INFO - Processing file /home/linuxlite/Documentos/airflow/venv/lib/python3.9/site-packages/airflow/example_dags/example_xcom.py for tasks to queue
[2023-08-28 23:20:27,557] {logging_mixin.py:115} INFO - [2023-08-28 23:20:27,556] {dagbag.py:507} INFO - Filling up the DagBag from /home/linuxlite/Documentos/airflow/venv/lib/python3.9/site-packages/airflow/example_dags/example_xcom.py
[2023-08-28 23:20:27,579] {processor.py:651} INFO - DAG(s) dict_keys(['example_xcom']) retrieved from /home/linuxlite/Documentos/airflow/venv/lib/python3.9/site-packages/airflow/example_dags/example_xcom.py
[2023-08-28 23:20:27,620] {logging_mixin.py:115} INFO - [2023-08-28 23:20:27,619] {dag.py:2379} INFO - Sync 1 DAGs
[2023-08-28 23:20:27,635] {logging_mixin.py:115} INFO - [2023-08-28 23:20:27,635] {dag.py:2927} INFO - Setting next_dagrun for example_xcom to 2021-01-01T00:00:00+00:00, run_after=2021-01-01T00:00:00+00:00
[2023-08-28 23:20:27,649] {processor.py:161} INFO - Processing /home/linuxlite/Documentos/airflow/venv/lib/python3.9/site-packages/airflow/example_dags/example_xcom.py took 0.098 seconds
[2023-08-28 23:21:01,293] {processor.py:153} INFO - Started process (PID=61771) to work on /home/linuxlite/Documentos/airflow/venv/lib/python3.9/site-packages/airflow/example_dags/example_xcom.py
[2023-08-28 23:21:01,294] {processor.py:641} INFO - Processing file /home/linuxlite/Documentos/airflow/venv/lib/python3.9/site-packages/airflow/example_dags/example_xcom.py for tasks to queue
[2023-08-28 23:21:01,294] {logging_mixin.py:115} INFO - [2023-08-28 23:21:01,294] {dagbag.py:507} INFO - Filling up the DagBag from /home/linuxlite/Documentos/airflow/venv/lib/python3.9/site-packages/airflow/example_dags/example_xcom.py
[2023-08-28 23:21:01,318] {processor.py:651} INFO - DAG(s) dict_keys(['example_xcom']) retrieved from /home/linuxlite/Documentos/airflow/venv/lib/python3.9/site-packages/airflow/example_dags/example_xcom.py
[2023-08-28 23:21:01,333] {logging_mixin.py:115} INFO - [2023-08-28 23:21:01,333] {dag.py:2379} INFO - Sync 1 DAGs
[2023-08-28 23:21:01,349] {logging_mixin.py:115} INFO - [2023-08-28 23:21:01,348] {dag.py:2927} INFO - Setting next_dagrun for example_xcom to 2021-01-01T00:00:00+00:00, run_after=2021-01-01T00:00:00+00:00
[2023-08-28 23:21:01,360] {processor.py:161} INFO - Processing /home/linuxlite/Documentos/airflow/venv/lib/python3.9/site-packages/airflow/example_dags/example_xcom.py took 0.072 seconds
[2023-08-28 23:21:36,384] {processor.py:153} INFO - Started process (PID=61819) to work on /home/linuxlite/Documentos/airflow/venv/lib/python3.9/site-packages/airflow/example_dags/example_xcom.py
[2023-08-28 23:21:36,386] {processor.py:641} INFO - Processing file /home/linuxlite/Documentos/airflow/venv/lib/python3.9/site-packages/airflow/example_dags/example_xcom.py for tasks to queue
[2023-08-28 23:21:36,386] {logging_mixin.py:115} INFO - [2023-08-28 23:21:36,386] {dagbag.py:507} INFO - Filling up the DagBag from /home/linuxlite/Documentos/airflow/venv/lib/python3.9/site-packages/airflow/example_dags/example_xcom.py
[2023-08-28 23:21:36,410] {processor.py:651} INFO - DAG(s) dict_keys(['example_xcom']) retrieved from /home/linuxlite/Documentos/airflow/venv/lib/python3.9/site-packages/airflow/example_dags/example_xcom.py
[2023-08-28 23:21:36,426] {logging_mixin.py:115} INFO - [2023-08-28 23:21:36,426] {dag.py:2379} INFO - Sync 1 DAGs
[2023-08-28 23:21:36,441] {logging_mixin.py:115} INFO - [2023-08-28 23:21:36,441] {dag.py:2927} INFO - Setting next_dagrun for example_xcom to 2021-01-01T00:00:00+00:00, run_after=2021-01-01T00:00:00+00:00
[2023-08-28 23:21:36,452] {processor.py:161} INFO - Processing /home/linuxlite/Documentos/airflow/venv/lib/python3.9/site-packages/airflow/example_dags/example_xcom.py took 0.071 seconds
[2023-08-28 23:22:08,814] {processor.py:153} INFO - Started process (PID=61871) to work on /home/linuxlite/Documentos/airflow/venv/lib/python3.9/site-packages/airflow/example_dags/example_xcom.py
[2023-08-28 23:22:08,815] {processor.py:641} INFO - Processing file /home/linuxlite/Documentos/airflow/venv/lib/python3.9/site-packages/airflow/example_dags/example_xcom.py for tasks to queue
[2023-08-28 23:22:08,815] {logging_mixin.py:115} INFO - [2023-08-28 23:22:08,815] {dagbag.py:507} INFO - Filling up the DagBag from /home/linuxlite/Documentos/airflow/venv/lib/python3.9/site-packages/airflow/example_dags/example_xcom.py
[2023-08-28 23:22:08,835] {processor.py:651} INFO - DAG(s) dict_keys(['example_xcom']) retrieved from /home/linuxlite/Documentos/airflow/venv/lib/python3.9/site-packages/airflow/example_dags/example_xcom.py
[2023-08-28 23:22:08,851] {logging_mixin.py:115} INFO - [2023-08-28 23:22:08,851] {dag.py:2379} INFO - Sync 1 DAGs
[2023-08-28 23:22:08,867] {logging_mixin.py:115} INFO - [2023-08-28 23:22:08,867] {dag.py:2927} INFO - Setting next_dagrun for example_xcom to 2021-01-01T00:00:00+00:00, run_after=2021-01-01T00:00:00+00:00
[2023-08-28 23:22:08,879] {processor.py:161} INFO - Processing /home/linuxlite/Documentos/airflow/venv/lib/python3.9/site-packages/airflow/example_dags/example_xcom.py took 0.068 seconds
[2023-08-28 23:22:40,896] {processor.py:153} INFO - Started process (PID=61908) to work on /home/linuxlite/Documentos/airflow/venv/lib/python3.9/site-packages/airflow/example_dags/example_xcom.py
[2023-08-28 23:22:40,897] {processor.py:641} INFO - Processing file /home/linuxlite/Documentos/airflow/venv/lib/python3.9/site-packages/airflow/example_dags/example_xcom.py for tasks to queue
[2023-08-28 23:22:40,898] {logging_mixin.py:115} INFO - [2023-08-28 23:22:40,898] {dagbag.py:507} INFO - Filling up the DagBag from /home/linuxlite/Documentos/airflow/venv/lib/python3.9/site-packages/airflow/example_dags/example_xcom.py
[2023-08-28 23:22:40,922] {processor.py:651} INFO - DAG(s) dict_keys(['example_xcom']) retrieved from /home/linuxlite/Documentos/airflow/venv/lib/python3.9/site-packages/airflow/example_dags/example_xcom.py
[2023-08-28 23:22:40,940] {logging_mixin.py:115} INFO - [2023-08-28 23:22:40,940] {dag.py:2379} INFO - Sync 1 DAGs
[2023-08-28 23:22:40,958] {logging_mixin.py:115} INFO - [2023-08-28 23:22:40,958] {dag.py:2927} INFO - Setting next_dagrun for example_xcom to 2021-01-01T00:00:00+00:00, run_after=2021-01-01T00:00:00+00:00
[2023-08-28 23:22:40,971] {processor.py:161} INFO - Processing /home/linuxlite/Documentos/airflow/venv/lib/python3.9/site-packages/airflow/example_dags/example_xcom.py took 0.078 seconds
[2023-08-28 23:23:17,913] {processor.py:153} INFO - Started process (PID=61951) to work on /home/linuxlite/Documentos/airflow/venv/lib/python3.9/site-packages/airflow/example_dags/example_xcom.py
[2023-08-28 23:23:17,914] {processor.py:641} INFO - Processing file /home/linuxlite/Documentos/airflow/venv/lib/python3.9/site-packages/airflow/example_dags/example_xcom.py for tasks to queue
[2023-08-28 23:23:17,914] {logging_mixin.py:115} INFO - [2023-08-28 23:23:17,914] {dagbag.py:507} INFO - Filling up the DagBag from /home/linuxlite/Documentos/airflow/venv/lib/python3.9/site-packages/airflow/example_dags/example_xcom.py
[2023-08-28 23:23:17,934] {processor.py:651} INFO - DAG(s) dict_keys(['example_xcom']) retrieved from /home/linuxlite/Documentos/airflow/venv/lib/python3.9/site-packages/airflow/example_dags/example_xcom.py
[2023-08-28 23:23:17,949] {logging_mixin.py:115} INFO - [2023-08-28 23:23:17,949] {dag.py:2379} INFO - Sync 1 DAGs
[2023-08-28 23:23:17,964] {logging_mixin.py:115} INFO - [2023-08-28 23:23:17,964] {dag.py:2927} INFO - Setting next_dagrun for example_xcom to 2021-01-01T00:00:00+00:00, run_after=2021-01-01T00:00:00+00:00
[2023-08-28 23:23:17,975] {processor.py:161} INFO - Processing /home/linuxlite/Documentos/airflow/venv/lib/python3.9/site-packages/airflow/example_dags/example_xcom.py took 0.066 seconds
[2023-08-28 23:23:51,704] {processor.py:153} INFO - Started process (PID=61987) to work on /home/linuxlite/Documentos/airflow/venv/lib/python3.9/site-packages/airflow/example_dags/example_xcom.py
[2023-08-28 23:23:51,706] {processor.py:641} INFO - Processing file /home/linuxlite/Documentos/airflow/venv/lib/python3.9/site-packages/airflow/example_dags/example_xcom.py for tasks to queue
[2023-08-28 23:23:51,708] {logging_mixin.py:115} INFO - [2023-08-28 23:23:51,707] {dagbag.py:507} INFO - Filling up the DagBag from /home/linuxlite/Documentos/airflow/venv/lib/python3.9/site-packages/airflow/example_dags/example_xcom.py
[2023-08-28 23:23:51,734] {processor.py:651} INFO - DAG(s) dict_keys(['example_xcom']) retrieved from /home/linuxlite/Documentos/airflow/venv/lib/python3.9/site-packages/airflow/example_dags/example_xcom.py
[2023-08-28 23:23:51,750] {logging_mixin.py:115} INFO - [2023-08-28 23:23:51,750] {dag.py:2379} INFO - Sync 1 DAGs
[2023-08-28 23:23:51,763] {logging_mixin.py:115} INFO - [2023-08-28 23:23:51,763] {dag.py:2927} INFO - Setting next_dagrun for example_xcom to 2021-01-01T00:00:00+00:00, run_after=2021-01-01T00:00:00+00:00
[2023-08-28 23:23:51,775] {processor.py:161} INFO - Processing /home/linuxlite/Documentos/airflow/venv/lib/python3.9/site-packages/airflow/example_dags/example_xcom.py took 0.079 seconds
[2023-08-28 23:24:25,643] {processor.py:153} INFO - Started process (PID=62031) to work on /home/linuxlite/Documentos/airflow/venv/lib/python3.9/site-packages/airflow/example_dags/example_xcom.py
[2023-08-28 23:24:25,644] {processor.py:641} INFO - Processing file /home/linuxlite/Documentos/airflow/venv/lib/python3.9/site-packages/airflow/example_dags/example_xcom.py for tasks to queue
[2023-08-28 23:24:25,644] {logging_mixin.py:115} INFO - [2023-08-28 23:24:25,644] {dagbag.py:507} INFO - Filling up the DagBag from /home/linuxlite/Documentos/airflow/venv/lib/python3.9/site-packages/airflow/example_dags/example_xcom.py
[2023-08-28 23:24:25,663] {processor.py:651} INFO - DAG(s) dict_keys(['example_xcom']) retrieved from /home/linuxlite/Documentos/airflow/venv/lib/python3.9/site-packages/airflow/example_dags/example_xcom.py
[2023-08-28 23:24:25,678] {logging_mixin.py:115} INFO - [2023-08-28 23:24:25,678] {dag.py:2379} INFO - Sync 1 DAGs
[2023-08-28 23:24:25,692] {logging_mixin.py:115} INFO - [2023-08-28 23:24:25,692] {dag.py:2927} INFO - Setting next_dagrun for example_xcom to 2021-01-01T00:00:00+00:00, run_after=2021-01-01T00:00:00+00:00
[2023-08-28 23:24:25,702] {processor.py:161} INFO - Processing /home/linuxlite/Documentos/airflow/venv/lib/python3.9/site-packages/airflow/example_dags/example_xcom.py took 0.062 seconds
[2023-08-28 23:24:57,209] {processor.py:153} INFO - Started process (PID=62081) to work on /home/linuxlite/Documentos/airflow/venv/lib/python3.9/site-packages/airflow/example_dags/example_xcom.py
[2023-08-28 23:24:57,210] {processor.py:641} INFO - Processing file /home/linuxlite/Documentos/airflow/venv/lib/python3.9/site-packages/airflow/example_dags/example_xcom.py for tasks to queue
[2023-08-28 23:24:57,210] {logging_mixin.py:115} INFO - [2023-08-28 23:24:57,210] {dagbag.py:507} INFO - Filling up the DagBag from /home/linuxlite/Documentos/airflow/venv/lib/python3.9/site-packages/airflow/example_dags/example_xcom.py
[2023-08-28 23:24:57,230] {processor.py:651} INFO - DAG(s) dict_keys(['example_xcom']) retrieved from /home/linuxlite/Documentos/airflow/venv/lib/python3.9/site-packages/airflow/example_dags/example_xcom.py
[2023-08-28 23:24:57,244] {logging_mixin.py:115} INFO - [2023-08-28 23:24:57,244] {dag.py:2379} INFO - Sync 1 DAGs
[2023-08-28 23:24:57,259] {logging_mixin.py:115} INFO - [2023-08-28 23:24:57,259] {dag.py:2927} INFO - Setting next_dagrun for example_xcom to 2021-01-01T00:00:00+00:00, run_after=2021-01-01T00:00:00+00:00
[2023-08-28 23:24:57,271] {processor.py:161} INFO - Processing /home/linuxlite/Documentos/airflow/venv/lib/python3.9/site-packages/airflow/example_dags/example_xcom.py took 0.066 seconds
[2023-08-28 23:25:29,632] {processor.py:153} INFO - Started process (PID=62167) to work on /home/linuxlite/Documentos/airflow/venv/lib/python3.9/site-packages/airflow/example_dags/example_xcom.py
[2023-08-28 23:25:29,633] {processor.py:641} INFO - Processing file /home/linuxlite/Documentos/airflow/venv/lib/python3.9/site-packages/airflow/example_dags/example_xcom.py for tasks to queue
[2023-08-28 23:25:29,634] {logging_mixin.py:115} INFO - [2023-08-28 23:25:29,634] {dagbag.py:507} INFO - Filling up the DagBag from /home/linuxlite/Documentos/airflow/venv/lib/python3.9/site-packages/airflow/example_dags/example_xcom.py
[2023-08-28 23:25:29,654] {processor.py:651} INFO - DAG(s) dict_keys(['example_xcom']) retrieved from /home/linuxlite/Documentos/airflow/venv/lib/python3.9/site-packages/airflow/example_dags/example_xcom.py
[2023-08-28 23:25:29,691] {logging_mixin.py:115} INFO - [2023-08-28 23:25:29,691] {dag.py:2379} INFO - Sync 1 DAGs
[2023-08-28 23:25:29,703] {logging_mixin.py:115} INFO - [2023-08-28 23:25:29,703] {dag.py:2927} INFO - Setting next_dagrun for example_xcom to 2021-01-01T00:00:00+00:00, run_after=2021-01-01T00:00:00+00:00
[2023-08-28 23:25:29,716] {processor.py:161} INFO - Processing /home/linuxlite/Documentos/airflow/venv/lib/python3.9/site-packages/airflow/example_dags/example_xcom.py took 0.087 seconds
[2023-08-28 23:26:02,755] {processor.py:153} INFO - Started process (PID=62207) to work on /home/linuxlite/Documentos/airflow/venv/lib/python3.9/site-packages/airflow/example_dags/example_xcom.py
[2023-08-28 23:26:02,755] {processor.py:641} INFO - Processing file /home/linuxlite/Documentos/airflow/venv/lib/python3.9/site-packages/airflow/example_dags/example_xcom.py for tasks to queue
[2023-08-28 23:26:02,756] {logging_mixin.py:115} INFO - [2023-08-28 23:26:02,756] {dagbag.py:507} INFO - Filling up the DagBag from /home/linuxlite/Documentos/airflow/venv/lib/python3.9/site-packages/airflow/example_dags/example_xcom.py
[2023-08-28 23:26:02,776] {processor.py:651} INFO - DAG(s) dict_keys(['example_xcom']) retrieved from /home/linuxlite/Documentos/airflow/venv/lib/python3.9/site-packages/airflow/example_dags/example_xcom.py
[2023-08-28 23:26:02,791] {logging_mixin.py:115} INFO - [2023-08-28 23:26:02,791] {dag.py:2379} INFO - Sync 1 DAGs
[2023-08-28 23:26:02,805] {logging_mixin.py:115} INFO - [2023-08-28 23:26:02,805] {dag.py:2927} INFO - Setting next_dagrun for example_xcom to 2021-01-01T00:00:00+00:00, run_after=2021-01-01T00:00:00+00:00
[2023-08-28 23:26:02,816] {processor.py:161} INFO - Processing /home/linuxlite/Documentos/airflow/venv/lib/python3.9/site-packages/airflow/example_dags/example_xcom.py took 0.064 seconds
[2023-08-28 23:26:37,039] {processor.py:153} INFO - Started process (PID=62249) to work on /home/linuxlite/Documentos/airflow/venv/lib/python3.9/site-packages/airflow/example_dags/example_xcom.py
[2023-08-28 23:26:37,040] {processor.py:641} INFO - Processing file /home/linuxlite/Documentos/airflow/venv/lib/python3.9/site-packages/airflow/example_dags/example_xcom.py for tasks to queue
[2023-08-28 23:26:37,041] {logging_mixin.py:115} INFO - [2023-08-28 23:26:37,041] {dagbag.py:507} INFO - Filling up the DagBag from /home/linuxlite/Documentos/airflow/venv/lib/python3.9/site-packages/airflow/example_dags/example_xcom.py
[2023-08-28 23:26:37,071] {processor.py:651} INFO - DAG(s) dict_keys(['example_xcom']) retrieved from /home/linuxlite/Documentos/airflow/venv/lib/python3.9/site-packages/airflow/example_dags/example_xcom.py
[2023-08-28 23:26:37,090] {logging_mixin.py:115} INFO - [2023-08-28 23:26:37,090] {dag.py:2379} INFO - Sync 1 DAGs
[2023-08-28 23:26:37,113] {logging_mixin.py:115} INFO - [2023-08-28 23:26:37,113] {dag.py:2927} INFO - Setting next_dagrun for example_xcom to 2021-01-01T00:00:00+00:00, run_after=2021-01-01T00:00:00+00:00
[2023-08-28 23:26:37,131] {processor.py:161} INFO - Processing /home/linuxlite/Documentos/airflow/venv/lib/python3.9/site-packages/airflow/example_dags/example_xcom.py took 0.095 seconds
[2023-08-28 23:27:12,730] {processor.py:153} INFO - Started process (PID=62307) to work on /home/linuxlite/Documentos/airflow/venv/lib/python3.9/site-packages/airflow/example_dags/example_xcom.py
[2023-08-28 23:27:12,731] {processor.py:641} INFO - Processing file /home/linuxlite/Documentos/airflow/venv/lib/python3.9/site-packages/airflow/example_dags/example_xcom.py for tasks to queue
[2023-08-28 23:27:12,732] {logging_mixin.py:115} INFO - [2023-08-28 23:27:12,732] {dagbag.py:507} INFO - Filling up the DagBag from /home/linuxlite/Documentos/airflow/venv/lib/python3.9/site-packages/airflow/example_dags/example_xcom.py
[2023-08-28 23:27:12,755] {processor.py:651} INFO - DAG(s) dict_keys(['example_xcom']) retrieved from /home/linuxlite/Documentos/airflow/venv/lib/python3.9/site-packages/airflow/example_dags/example_xcom.py
[2023-08-28 23:27:12,791] {logging_mixin.py:115} INFO - [2023-08-28 23:27:12,791] {dag.py:2379} INFO - Sync 1 DAGs
[2023-08-28 23:27:12,803] {logging_mixin.py:115} INFO - [2023-08-28 23:27:12,803] {dag.py:2927} INFO - Setting next_dagrun for example_xcom to 2021-01-01T00:00:00+00:00, run_after=2021-01-01T00:00:00+00:00
[2023-08-28 23:27:12,815] {processor.py:161} INFO - Processing /home/linuxlite/Documentos/airflow/venv/lib/python3.9/site-packages/airflow/example_dags/example_xcom.py took 0.087 seconds
[2023-08-28 23:27:48,961] {processor.py:153} INFO - Started process (PID=62433) to work on /home/linuxlite/Documentos/airflow/venv/lib/python3.9/site-packages/airflow/example_dags/example_xcom.py
[2023-08-28 23:27:48,962] {processor.py:641} INFO - Processing file /home/linuxlite/Documentos/airflow/venv/lib/python3.9/site-packages/airflow/example_dags/example_xcom.py for tasks to queue
[2023-08-28 23:27:48,963] {logging_mixin.py:115} INFO - [2023-08-28 23:27:48,963] {dagbag.py:507} INFO - Filling up the DagBag from /home/linuxlite/Documentos/airflow/venv/lib/python3.9/site-packages/airflow/example_dags/example_xcom.py
[2023-08-28 23:27:48,987] {processor.py:651} INFO - DAG(s) dict_keys(['example_xcom']) retrieved from /home/linuxlite/Documentos/airflow/venv/lib/python3.9/site-packages/airflow/example_dags/example_xcom.py
[2023-08-28 23:27:49,033] {logging_mixin.py:115} INFO - [2023-08-28 23:27:49,033] {dag.py:2379} INFO - Sync 1 DAGs
[2023-08-28 23:27:49,054] {logging_mixin.py:115} INFO - [2023-08-28 23:27:49,053] {dag.py:2927} INFO - Setting next_dagrun for example_xcom to 2021-01-01T00:00:00+00:00, run_after=2021-01-01T00:00:00+00:00
[2023-08-28 23:27:49,070] {processor.py:161} INFO - Processing /home/linuxlite/Documentos/airflow/venv/lib/python3.9/site-packages/airflow/example_dags/example_xcom.py took 0.115 seconds
