[2023-08-28 23:11:07,641] {processor.py:153} INFO - Started process (PID=59987) to work on /home/linuxlite/Documentos/airflow/venv/lib/python3.9/site-packages/airflow/example_dags/example_branch_datetime_operator.py
[2023-08-28 23:11:07,642] {processor.py:641} INFO - Processing file /home/linuxlite/Documentos/airflow/venv/lib/python3.9/site-packages/airflow/example_dags/example_branch_datetime_operator.py for tasks to queue
[2023-08-28 23:11:07,643] {logging_mixin.py:115} INFO - [2023-08-28 23:11:07,642] {dagbag.py:507} INFO - Filling up the DagBag from /home/linuxlite/Documentos/airflow/venv/lib/python3.9/site-packages/airflow/example_dags/example_branch_datetime_operator.py
[2023-08-28 23:11:07,653] {processor.py:651} INFO - DAG(s) dict_keys(['example_branch_datetime_operator_2']) retrieved from /home/linuxlite/Documentos/airflow/venv/lib/python3.9/site-packages/airflow/example_dags/example_branch_datetime_operator.py
[2023-08-28 23:11:07,669] {logging_mixin.py:115} INFO - [2023-08-28 23:11:07,669] {dag.py:2379} INFO - Sync 1 DAGs
[2023-08-28 23:11:07,693] {logging_mixin.py:115} INFO - [2023-08-28 23:11:07,693] {dag.py:2927} INFO - Setting next_dagrun for example_branch_datetime_operator_2 to 2023-08-28T00:00:00+00:00, run_after=2023-08-29T00:00:00+00:00
[2023-08-28 23:11:07,706] {processor.py:161} INFO - Processing /home/linuxlite/Documentos/airflow/venv/lib/python3.9/site-packages/airflow/example_dags/example_branch_datetime_operator.py took 0.071 seconds
[2023-08-28 23:11:43,714] {processor.py:153} INFO - Started process (PID=60075) to work on /home/linuxlite/Documentos/airflow/venv/lib/python3.9/site-packages/airflow/example_dags/example_branch_datetime_operator.py
[2023-08-28 23:11:43,717] {processor.py:641} INFO - Processing file /home/linuxlite/Documentos/airflow/venv/lib/python3.9/site-packages/airflow/example_dags/example_branch_datetime_operator.py for tasks to queue
[2023-08-28 23:11:43,719] {logging_mixin.py:115} INFO - [2023-08-28 23:11:43,718] {dagbag.py:507} INFO - Filling up the DagBag from /home/linuxlite/Documentos/airflow/venv/lib/python3.9/site-packages/airflow/example_dags/example_branch_datetime_operator.py
[2023-08-28 23:11:43,736] {processor.py:651} INFO - DAG(s) dict_keys(['example_branch_datetime_operator_2']) retrieved from /home/linuxlite/Documentos/airflow/venv/lib/python3.9/site-packages/airflow/example_dags/example_branch_datetime_operator.py
[2023-08-28 23:11:43,758] {logging_mixin.py:115} INFO - [2023-08-28 23:11:43,758] {dag.py:2379} INFO - Sync 1 DAGs
[2023-08-28 23:11:43,778] {logging_mixin.py:115} INFO - [2023-08-28 23:11:43,778] {dag.py:2927} INFO - Setting next_dagrun for example_branch_datetime_operator_2 to 2023-08-28T00:00:00+00:00, run_after=2023-08-29T00:00:00+00:00
[2023-08-28 23:11:43,792] {processor.py:161} INFO - Processing /home/linuxlite/Documentos/airflow/venv/lib/python3.9/site-packages/airflow/example_dags/example_branch_datetime_operator.py took 0.087 seconds
[2023-08-28 23:12:18,601] {processor.py:153} INFO - Started process (PID=60112) to work on /home/linuxlite/Documentos/airflow/venv/lib/python3.9/site-packages/airflow/example_dags/example_branch_datetime_operator.py
[2023-08-28 23:12:18,602] {processor.py:641} INFO - Processing file /home/linuxlite/Documentos/airflow/venv/lib/python3.9/site-packages/airflow/example_dags/example_branch_datetime_operator.py for tasks to queue
[2023-08-28 23:12:18,603] {logging_mixin.py:115} INFO - [2023-08-28 23:12:18,603] {dagbag.py:507} INFO - Filling up the DagBag from /home/linuxlite/Documentos/airflow/venv/lib/python3.9/site-packages/airflow/example_dags/example_branch_datetime_operator.py
[2023-08-28 23:12:18,614] {processor.py:651} INFO - DAG(s) dict_keys(['example_branch_datetime_operator_2']) retrieved from /home/linuxlite/Documentos/airflow/venv/lib/python3.9/site-packages/airflow/example_dags/example_branch_datetime_operator.py
[2023-08-28 23:12:18,631] {logging_mixin.py:115} INFO - [2023-08-28 23:12:18,631] {dag.py:2379} INFO - Sync 1 DAGs
[2023-08-28 23:12:18,649] {logging_mixin.py:115} INFO - [2023-08-28 23:12:18,649] {dag.py:2927} INFO - Setting next_dagrun for example_branch_datetime_operator_2 to 2023-08-28T00:00:00+00:00, run_after=2023-08-29T00:00:00+00:00
[2023-08-28 23:12:18,660] {processor.py:161} INFO - Processing /home/linuxlite/Documentos/airflow/venv/lib/python3.9/site-packages/airflow/example_dags/example_branch_datetime_operator.py took 0.065 seconds
[2023-08-28 23:12:53,843] {processor.py:153} INFO - Started process (PID=60157) to work on /home/linuxlite/Documentos/airflow/venv/lib/python3.9/site-packages/airflow/example_dags/example_branch_datetime_operator.py
[2023-08-28 23:12:53,844] {processor.py:641} INFO - Processing file /home/linuxlite/Documentos/airflow/venv/lib/python3.9/site-packages/airflow/example_dags/example_branch_datetime_operator.py for tasks to queue
[2023-08-28 23:12:53,844] {logging_mixin.py:115} INFO - [2023-08-28 23:12:53,844] {dagbag.py:507} INFO - Filling up the DagBag from /home/linuxlite/Documentos/airflow/venv/lib/python3.9/site-packages/airflow/example_dags/example_branch_datetime_operator.py
[2023-08-28 23:12:53,852] {processor.py:651} INFO - DAG(s) dict_keys(['example_branch_datetime_operator_2']) retrieved from /home/linuxlite/Documentos/airflow/venv/lib/python3.9/site-packages/airflow/example_dags/example_branch_datetime_operator.py
[2023-08-28 23:12:53,867] {logging_mixin.py:115} INFO - [2023-08-28 23:12:53,867] {dag.py:2379} INFO - Sync 1 DAGs
[2023-08-28 23:12:53,884] {logging_mixin.py:115} INFO - [2023-08-28 23:12:53,884] {dag.py:2927} INFO - Setting next_dagrun for example_branch_datetime_operator_2 to 2023-08-28T00:00:00+00:00, run_after=2023-08-29T00:00:00+00:00
[2023-08-28 23:12:53,895] {processor.py:161} INFO - Processing /home/linuxlite/Documentos/airflow/venv/lib/python3.9/site-packages/airflow/example_dags/example_branch_datetime_operator.py took 0.055 seconds
[2023-08-28 23:13:29,570] {processor.py:153} INFO - Started process (PID=60193) to work on /home/linuxlite/Documentos/airflow/venv/lib/python3.9/site-packages/airflow/example_dags/example_branch_datetime_operator.py
[2023-08-28 23:13:29,572] {processor.py:641} INFO - Processing file /home/linuxlite/Documentos/airflow/venv/lib/python3.9/site-packages/airflow/example_dags/example_branch_datetime_operator.py for tasks to queue
[2023-08-28 23:13:29,572] {logging_mixin.py:115} INFO - [2023-08-28 23:13:29,572] {dagbag.py:507} INFO - Filling up the DagBag from /home/linuxlite/Documentos/airflow/venv/lib/python3.9/site-packages/airflow/example_dags/example_branch_datetime_operator.py
[2023-08-28 23:13:29,581] {processor.py:651} INFO - DAG(s) dict_keys(['example_branch_datetime_operator_2']) retrieved from /home/linuxlite/Documentos/airflow/venv/lib/python3.9/site-packages/airflow/example_dags/example_branch_datetime_operator.py
[2023-08-28 23:13:29,598] {logging_mixin.py:115} INFO - [2023-08-28 23:13:29,598] {dag.py:2379} INFO - Sync 1 DAGs
[2023-08-28 23:13:29,620] {logging_mixin.py:115} INFO - [2023-08-28 23:13:29,620] {dag.py:2927} INFO - Setting next_dagrun for example_branch_datetime_operator_2 to 2023-08-28T00:00:00+00:00, run_after=2023-08-29T00:00:00+00:00
[2023-08-28 23:13:29,632] {processor.py:161} INFO - Processing /home/linuxlite/Documentos/airflow/venv/lib/python3.9/site-packages/airflow/example_dags/example_branch_datetime_operator.py took 0.067 seconds
[2023-08-28 23:14:03,783] {processor.py:153} INFO - Started process (PID=60238) to work on /home/linuxlite/Documentos/airflow/venv/lib/python3.9/site-packages/airflow/example_dags/example_branch_datetime_operator.py
[2023-08-28 23:14:03,783] {processor.py:641} INFO - Processing file /home/linuxlite/Documentos/airflow/venv/lib/python3.9/site-packages/airflow/example_dags/example_branch_datetime_operator.py for tasks to queue
[2023-08-28 23:14:03,784] {logging_mixin.py:115} INFO - [2023-08-28 23:14:03,784] {dagbag.py:507} INFO - Filling up the DagBag from /home/linuxlite/Documentos/airflow/venv/lib/python3.9/site-packages/airflow/example_dags/example_branch_datetime_operator.py
[2023-08-28 23:14:03,792] {processor.py:651} INFO - DAG(s) dict_keys(['example_branch_datetime_operator_2']) retrieved from /home/linuxlite/Documentos/airflow/venv/lib/python3.9/site-packages/airflow/example_dags/example_branch_datetime_operator.py
[2023-08-28 23:14:03,812] {logging_mixin.py:115} INFO - [2023-08-28 23:14:03,812] {dag.py:2379} INFO - Sync 1 DAGs
[2023-08-28 23:14:03,838] {logging_mixin.py:115} INFO - [2023-08-28 23:14:03,838] {dag.py:2927} INFO - Setting next_dagrun for example_branch_datetime_operator_2 to 2023-08-28T00:00:00+00:00, run_after=2023-08-29T00:00:00+00:00
[2023-08-28 23:14:03,855] {processor.py:161} INFO - Processing /home/linuxlite/Documentos/airflow/venv/lib/python3.9/site-packages/airflow/example_dags/example_branch_datetime_operator.py took 0.077 seconds
[2023-08-28 23:14:41,519] {processor.py:153} INFO - Started process (PID=60289) to work on /home/linuxlite/Documentos/airflow/venv/lib/python3.9/site-packages/airflow/example_dags/example_branch_datetime_operator.py
[2023-08-28 23:14:41,520] {processor.py:641} INFO - Processing file /home/linuxlite/Documentos/airflow/venv/lib/python3.9/site-packages/airflow/example_dags/example_branch_datetime_operator.py for tasks to queue
[2023-08-28 23:14:41,520] {logging_mixin.py:115} INFO - [2023-08-28 23:14:41,520] {dagbag.py:507} INFO - Filling up the DagBag from /home/linuxlite/Documentos/airflow/venv/lib/python3.9/site-packages/airflow/example_dags/example_branch_datetime_operator.py
[2023-08-28 23:14:41,529] {processor.py:651} INFO - DAG(s) dict_keys(['example_branch_datetime_operator_2']) retrieved from /home/linuxlite/Documentos/airflow/venv/lib/python3.9/site-packages/airflow/example_dags/example_branch_datetime_operator.py
[2023-08-28 23:14:41,546] {logging_mixin.py:115} INFO - [2023-08-28 23:14:41,546] {dag.py:2379} INFO - Sync 1 DAGs
[2023-08-28 23:14:41,567] {logging_mixin.py:115} INFO - [2023-08-28 23:14:41,566] {dag.py:2927} INFO - Setting next_dagrun for example_branch_datetime_operator_2 to 2023-08-28T00:00:00+00:00, run_after=2023-08-29T00:00:00+00:00
[2023-08-28 23:14:41,579] {processor.py:161} INFO - Processing /home/linuxlite/Documentos/airflow/venv/lib/python3.9/site-packages/airflow/example_dags/example_branch_datetime_operator.py took 0.064 seconds
[2023-08-28 23:15:14,732] {processor.py:153} INFO - Started process (PID=60536) to work on /home/linuxlite/Documentos/airflow/venv/lib/python3.9/site-packages/airflow/example_dags/example_branch_datetime_operator.py
[2023-08-28 23:15:14,732] {processor.py:641} INFO - Processing file /home/linuxlite/Documentos/airflow/venv/lib/python3.9/site-packages/airflow/example_dags/example_branch_datetime_operator.py for tasks to queue
[2023-08-28 23:15:14,733] {logging_mixin.py:115} INFO - [2023-08-28 23:15:14,733] {dagbag.py:507} INFO - Filling up the DagBag from /home/linuxlite/Documentos/airflow/venv/lib/python3.9/site-packages/airflow/example_dags/example_branch_datetime_operator.py
[2023-08-28 23:15:14,741] {processor.py:651} INFO - DAG(s) dict_keys(['example_branch_datetime_operator_2']) retrieved from /home/linuxlite/Documentos/airflow/venv/lib/python3.9/site-packages/airflow/example_dags/example_branch_datetime_operator.py
[2023-08-28 23:15:14,764] {logging_mixin.py:115} INFO - [2023-08-28 23:15:14,764] {dag.py:2379} INFO - Sync 1 DAGs
[2023-08-28 23:15:14,783] {logging_mixin.py:115} INFO - [2023-08-28 23:15:14,783] {dag.py:2927} INFO - Setting next_dagrun for example_branch_datetime_operator_2 to 2023-08-28T00:00:00+00:00, run_after=2023-08-29T00:00:00+00:00
[2023-08-28 23:15:14,797] {processor.py:161} INFO - Processing /home/linuxlite/Documentos/airflow/venv/lib/python3.9/site-packages/airflow/example_dags/example_branch_datetime_operator.py took 0.070 seconds
[2023-08-28 23:15:50,095] {processor.py:153} INFO - Started process (PID=60571) to work on /home/linuxlite/Documentos/airflow/venv/lib/python3.9/site-packages/airflow/example_dags/example_branch_datetime_operator.py
[2023-08-28 23:15:50,097] {processor.py:641} INFO - Processing file /home/linuxlite/Documentos/airflow/venv/lib/python3.9/site-packages/airflow/example_dags/example_branch_datetime_operator.py for tasks to queue
[2023-08-28 23:15:50,098] {logging_mixin.py:115} INFO - [2023-08-28 23:15:50,097] {dagbag.py:507} INFO - Filling up the DagBag from /home/linuxlite/Documentos/airflow/venv/lib/python3.9/site-packages/airflow/example_dags/example_branch_datetime_operator.py
[2023-08-28 23:15:50,108] {processor.py:651} INFO - DAG(s) dict_keys(['example_branch_datetime_operator_2']) retrieved from /home/linuxlite/Documentos/airflow/venv/lib/python3.9/site-packages/airflow/example_dags/example_branch_datetime_operator.py
[2023-08-28 23:15:50,135] {logging_mixin.py:115} INFO - [2023-08-28 23:15:50,134] {dag.py:2379} INFO - Sync 1 DAGs
[2023-08-28 23:15:50,156] {logging_mixin.py:115} INFO - [2023-08-28 23:15:50,156] {dag.py:2927} INFO - Setting next_dagrun for example_branch_datetime_operator_2 to 2023-08-28T00:00:00+00:00, run_after=2023-08-29T00:00:00+00:00
[2023-08-28 23:15:50,171] {processor.py:161} INFO - Processing /home/linuxlite/Documentos/airflow/venv/lib/python3.9/site-packages/airflow/example_dags/example_branch_datetime_operator.py took 0.080 seconds
[2023-08-28 23:16:25,767] {processor.py:153} INFO - Started process (PID=60610) to work on /home/linuxlite/Documentos/airflow/venv/lib/python3.9/site-packages/airflow/example_dags/example_branch_datetime_operator.py
[2023-08-28 23:16:25,768] {processor.py:641} INFO - Processing file /home/linuxlite/Documentos/airflow/venv/lib/python3.9/site-packages/airflow/example_dags/example_branch_datetime_operator.py for tasks to queue
[2023-08-28 23:16:25,769] {logging_mixin.py:115} INFO - [2023-08-28 23:16:25,769] {dagbag.py:507} INFO - Filling up the DagBag from /home/linuxlite/Documentos/airflow/venv/lib/python3.9/site-packages/airflow/example_dags/example_branch_datetime_operator.py
[2023-08-28 23:16:25,777] {processor.py:651} INFO - DAG(s) dict_keys(['example_branch_datetime_operator_2']) retrieved from /home/linuxlite/Documentos/airflow/venv/lib/python3.9/site-packages/airflow/example_dags/example_branch_datetime_operator.py
[2023-08-28 23:16:25,796] {logging_mixin.py:115} INFO - [2023-08-28 23:16:25,796] {dag.py:2379} INFO - Sync 1 DAGs
[2023-08-28 23:16:25,813] {logging_mixin.py:115} INFO - [2023-08-28 23:16:25,813] {dag.py:2927} INFO - Setting next_dagrun for example_branch_datetime_operator_2 to 2023-08-28T00:00:00+00:00, run_after=2023-08-29T00:00:00+00:00
[2023-08-28 23:16:25,824] {processor.py:161} INFO - Processing /home/linuxlite/Documentos/airflow/venv/lib/python3.9/site-packages/airflow/example_dags/example_branch_datetime_operator.py took 0.061 seconds
[2023-08-28 23:17:01,714] {processor.py:153} INFO - Started process (PID=60825) to work on /home/linuxlite/Documentos/airflow/venv/lib/python3.9/site-packages/airflow/example_dags/example_branch_datetime_operator.py
[2023-08-28 23:17:01,715] {processor.py:641} INFO - Processing file /home/linuxlite/Documentos/airflow/venv/lib/python3.9/site-packages/airflow/example_dags/example_branch_datetime_operator.py for tasks to queue
[2023-08-28 23:17:01,715] {logging_mixin.py:115} INFO - [2023-08-28 23:17:01,715] {dagbag.py:507} INFO - Filling up the DagBag from /home/linuxlite/Documentos/airflow/venv/lib/python3.9/site-packages/airflow/example_dags/example_branch_datetime_operator.py
[2023-08-28 23:17:01,723] {processor.py:651} INFO - DAG(s) dict_keys(['example_branch_datetime_operator_2']) retrieved from /home/linuxlite/Documentos/airflow/venv/lib/python3.9/site-packages/airflow/example_dags/example_branch_datetime_operator.py
[2023-08-28 23:17:01,740] {logging_mixin.py:115} INFO - [2023-08-28 23:17:01,740] {dag.py:2379} INFO - Sync 1 DAGs
[2023-08-28 23:17:01,756] {logging_mixin.py:115} INFO - [2023-08-28 23:17:01,756] {dag.py:2927} INFO - Setting next_dagrun for example_branch_datetime_operator_2 to 2023-08-28T00:00:00+00:00, run_after=2023-08-29T00:00:00+00:00
[2023-08-28 23:17:01,768] {processor.py:161} INFO - Processing /home/linuxlite/Documentos/airflow/venv/lib/python3.9/site-packages/airflow/example_dags/example_branch_datetime_operator.py took 0.057 seconds
[2023-08-28 23:17:38,987] {processor.py:153} INFO - Started process (PID=60866) to work on /home/linuxlite/Documentos/airflow/venv/lib/python3.9/site-packages/airflow/example_dags/example_branch_datetime_operator.py
[2023-08-28 23:17:38,989] {processor.py:641} INFO - Processing file /home/linuxlite/Documentos/airflow/venv/lib/python3.9/site-packages/airflow/example_dags/example_branch_datetime_operator.py for tasks to queue
[2023-08-28 23:17:38,990] {logging_mixin.py:115} INFO - [2023-08-28 23:17:38,989] {dagbag.py:507} INFO - Filling up the DagBag from /home/linuxlite/Documentos/airflow/venv/lib/python3.9/site-packages/airflow/example_dags/example_branch_datetime_operator.py
[2023-08-28 23:17:38,998] {processor.py:651} INFO - DAG(s) dict_keys(['example_branch_datetime_operator_2']) retrieved from /home/linuxlite/Documentos/airflow/venv/lib/python3.9/site-packages/airflow/example_dags/example_branch_datetime_operator.py
[2023-08-28 23:17:39,023] {logging_mixin.py:115} INFO - [2023-08-28 23:17:39,023] {dag.py:2379} INFO - Sync 1 DAGs
[2023-08-28 23:17:39,045] {logging_mixin.py:115} INFO - [2023-08-28 23:17:39,044] {dag.py:2927} INFO - Setting next_dagrun for example_branch_datetime_operator_2 to 2023-08-28T00:00:00+00:00, run_after=2023-08-29T00:00:00+00:00
[2023-08-28 23:17:39,063] {processor.py:161} INFO - Processing /home/linuxlite/Documentos/airflow/venv/lib/python3.9/site-packages/airflow/example_dags/example_branch_datetime_operator.py took 0.081 seconds
[2023-08-28 23:18:17,239] {processor.py:153} INFO - Started process (PID=61386) to work on /home/linuxlite/Documentos/airflow/venv/lib/python3.9/site-packages/airflow/example_dags/example_branch_datetime_operator.py
[2023-08-28 23:18:17,240] {processor.py:641} INFO - Processing file /home/linuxlite/Documentos/airflow/venv/lib/python3.9/site-packages/airflow/example_dags/example_branch_datetime_operator.py for tasks to queue
[2023-08-28 23:18:17,241] {logging_mixin.py:115} INFO - [2023-08-28 23:18:17,241] {dagbag.py:507} INFO - Filling up the DagBag from /home/linuxlite/Documentos/airflow/venv/lib/python3.9/site-packages/airflow/example_dags/example_branch_datetime_operator.py
[2023-08-28 23:18:17,251] {processor.py:651} INFO - DAG(s) dict_keys(['example_branch_datetime_operator_2']) retrieved from /home/linuxlite/Documentos/airflow/venv/lib/python3.9/site-packages/airflow/example_dags/example_branch_datetime_operator.py
[2023-08-28 23:18:17,270] {logging_mixin.py:115} INFO - [2023-08-28 23:18:17,270] {dag.py:2379} INFO - Sync 1 DAGs
[2023-08-28 23:18:17,286] {logging_mixin.py:115} INFO - [2023-08-28 23:18:17,286] {dag.py:2927} INFO - Setting next_dagrun for example_branch_datetime_operator_2 to 2023-08-28T00:00:00+00:00, run_after=2023-08-29T00:00:00+00:00
[2023-08-28 23:18:17,297] {processor.py:161} INFO - Processing /home/linuxlite/Documentos/airflow/venv/lib/python3.9/site-packages/airflow/example_dags/example_branch_datetime_operator.py took 0.061 seconds
[2023-08-28 23:18:51,666] {processor.py:153} INFO - Started process (PID=61535) to work on /home/linuxlite/Documentos/airflow/venv/lib/python3.9/site-packages/airflow/example_dags/example_branch_datetime_operator.py
[2023-08-28 23:18:51,667] {processor.py:641} INFO - Processing file /home/linuxlite/Documentos/airflow/venv/lib/python3.9/site-packages/airflow/example_dags/example_branch_datetime_operator.py for tasks to queue
[2023-08-28 23:18:51,667] {logging_mixin.py:115} INFO - [2023-08-28 23:18:51,667] {dagbag.py:507} INFO - Filling up the DagBag from /home/linuxlite/Documentos/airflow/venv/lib/python3.9/site-packages/airflow/example_dags/example_branch_datetime_operator.py
[2023-08-28 23:18:51,675] {processor.py:651} INFO - DAG(s) dict_keys(['example_branch_datetime_operator_2']) retrieved from /home/linuxlite/Documentos/airflow/venv/lib/python3.9/site-packages/airflow/example_dags/example_branch_datetime_operator.py
[2023-08-28 23:18:51,695] {logging_mixin.py:115} INFO - [2023-08-28 23:18:51,694] {dag.py:2379} INFO - Sync 1 DAGs
[2023-08-28 23:18:51,712] {logging_mixin.py:115} INFO - [2023-08-28 23:18:51,712] {dag.py:2927} INFO - Setting next_dagrun for example_branch_datetime_operator_2 to 2023-08-28T00:00:00+00:00, run_after=2023-08-29T00:00:00+00:00
[2023-08-28 23:18:51,722] {processor.py:161} INFO - Processing /home/linuxlite/Documentos/airflow/venv/lib/python3.9/site-packages/airflow/example_dags/example_branch_datetime_operator.py took 0.061 seconds
[2023-08-28 23:19:27,656] {processor.py:153} INFO - Started process (PID=61592) to work on /home/linuxlite/Documentos/airflow/venv/lib/python3.9/site-packages/airflow/example_dags/example_branch_datetime_operator.py
[2023-08-28 23:19:27,657] {processor.py:641} INFO - Processing file /home/linuxlite/Documentos/airflow/venv/lib/python3.9/site-packages/airflow/example_dags/example_branch_datetime_operator.py for tasks to queue
[2023-08-28 23:19:27,658] {logging_mixin.py:115} INFO - [2023-08-28 23:19:27,658] {dagbag.py:507} INFO - Filling up the DagBag from /home/linuxlite/Documentos/airflow/venv/lib/python3.9/site-packages/airflow/example_dags/example_branch_datetime_operator.py
[2023-08-28 23:19:27,666] {processor.py:651} INFO - DAG(s) dict_keys(['example_branch_datetime_operator_2']) retrieved from /home/linuxlite/Documentos/airflow/venv/lib/python3.9/site-packages/airflow/example_dags/example_branch_datetime_operator.py
[2023-08-28 23:19:27,687] {logging_mixin.py:115} INFO - [2023-08-28 23:19:27,687] {dag.py:2379} INFO - Sync 1 DAGs
[2023-08-28 23:19:27,705] {logging_mixin.py:115} INFO - [2023-08-28 23:19:27,705] {dag.py:2927} INFO - Setting next_dagrun for example_branch_datetime_operator_2 to 2023-08-28T00:00:00+00:00, run_after=2023-08-29T00:00:00+00:00
[2023-08-28 23:19:27,717] {processor.py:161} INFO - Processing /home/linuxlite/Documentos/airflow/venv/lib/python3.9/site-packages/airflow/example_dags/example_branch_datetime_operator.py took 0.064 seconds
[2023-08-28 23:20:01,506] {processor.py:153} INFO - Started process (PID=61704) to work on /home/linuxlite/Documentos/airflow/venv/lib/python3.9/site-packages/airflow/example_dags/example_branch_datetime_operator.py
[2023-08-28 23:20:01,507] {processor.py:641} INFO - Processing file /home/linuxlite/Documentos/airflow/venv/lib/python3.9/site-packages/airflow/example_dags/example_branch_datetime_operator.py for tasks to queue
[2023-08-28 23:20:01,508] {logging_mixin.py:115} INFO - [2023-08-28 23:20:01,508] {dagbag.py:507} INFO - Filling up the DagBag from /home/linuxlite/Documentos/airflow/venv/lib/python3.9/site-packages/airflow/example_dags/example_branch_datetime_operator.py
[2023-08-28 23:20:01,520] {processor.py:651} INFO - DAG(s) dict_keys(['example_branch_datetime_operator_2']) retrieved from /home/linuxlite/Documentos/airflow/venv/lib/python3.9/site-packages/airflow/example_dags/example_branch_datetime_operator.py
[2023-08-28 23:20:01,539] {logging_mixin.py:115} INFO - [2023-08-28 23:20:01,539] {dag.py:2379} INFO - Sync 1 DAGs
[2023-08-28 23:20:01,554] {logging_mixin.py:115} INFO - [2023-08-28 23:20:01,554] {dag.py:2927} INFO - Setting next_dagrun for example_branch_datetime_operator_2 to 2023-08-28T00:00:00+00:00, run_after=2023-08-29T00:00:00+00:00
[2023-08-28 23:20:01,566] {processor.py:161} INFO - Processing /home/linuxlite/Documentos/airflow/venv/lib/python3.9/site-packages/airflow/example_dags/example_branch_datetime_operator.py took 0.066 seconds
[2023-08-28 23:20:39,474] {processor.py:153} INFO - Started process (PID=61747) to work on /home/linuxlite/Documentos/airflow/venv/lib/python3.9/site-packages/airflow/example_dags/example_branch_datetime_operator.py
[2023-08-28 23:20:39,475] {processor.py:641} INFO - Processing file /home/linuxlite/Documentos/airflow/venv/lib/python3.9/site-packages/airflow/example_dags/example_branch_datetime_operator.py for tasks to queue
[2023-08-28 23:20:39,475] {logging_mixin.py:115} INFO - [2023-08-28 23:20:39,475] {dagbag.py:507} INFO - Filling up the DagBag from /home/linuxlite/Documentos/airflow/venv/lib/python3.9/site-packages/airflow/example_dags/example_branch_datetime_operator.py
[2023-08-28 23:20:39,483] {processor.py:651} INFO - DAG(s) dict_keys(['example_branch_datetime_operator_2']) retrieved from /home/linuxlite/Documentos/airflow/venv/lib/python3.9/site-packages/airflow/example_dags/example_branch_datetime_operator.py
[2023-08-28 23:20:39,501] {logging_mixin.py:115} INFO - [2023-08-28 23:20:39,500] {dag.py:2379} INFO - Sync 1 DAGs
[2023-08-28 23:20:39,517] {logging_mixin.py:115} INFO - [2023-08-28 23:20:39,517] {dag.py:2927} INFO - Setting next_dagrun for example_branch_datetime_operator_2 to 2023-08-28T00:00:00+00:00, run_after=2023-08-29T00:00:00+00:00
[2023-08-28 23:20:39,529] {processor.py:161} INFO - Processing /home/linuxlite/Documentos/airflow/venv/lib/python3.9/site-packages/airflow/example_dags/example_branch_datetime_operator.py took 0.059 seconds
[2023-08-28 23:21:15,287] {processor.py:153} INFO - Started process (PID=61790) to work on /home/linuxlite/Documentos/airflow/venv/lib/python3.9/site-packages/airflow/example_dags/example_branch_datetime_operator.py
[2023-08-28 23:21:15,288] {processor.py:641} INFO - Processing file /home/linuxlite/Documentos/airflow/venv/lib/python3.9/site-packages/airflow/example_dags/example_branch_datetime_operator.py for tasks to queue
[2023-08-28 23:21:15,288] {logging_mixin.py:115} INFO - [2023-08-28 23:21:15,288] {dagbag.py:507} INFO - Filling up the DagBag from /home/linuxlite/Documentos/airflow/venv/lib/python3.9/site-packages/airflow/example_dags/example_branch_datetime_operator.py
[2023-08-28 23:21:15,296] {processor.py:651} INFO - DAG(s) dict_keys(['example_branch_datetime_operator_2']) retrieved from /home/linuxlite/Documentos/airflow/venv/lib/python3.9/site-packages/airflow/example_dags/example_branch_datetime_operator.py
[2023-08-28 23:21:15,314] {logging_mixin.py:115} INFO - [2023-08-28 23:21:15,314] {dag.py:2379} INFO - Sync 1 DAGs
[2023-08-28 23:21:15,330] {logging_mixin.py:115} INFO - [2023-08-28 23:21:15,330] {dag.py:2927} INFO - Setting next_dagrun for example_branch_datetime_operator_2 to 2023-08-28T00:00:00+00:00, run_after=2023-08-29T00:00:00+00:00
[2023-08-28 23:21:15,341] {processor.py:161} INFO - Processing /home/linuxlite/Documentos/airflow/venv/lib/python3.9/site-packages/airflow/example_dags/example_branch_datetime_operator.py took 0.057 seconds
[2023-08-28 23:21:48,668] {processor.py:153} INFO - Started process (PID=61849) to work on /home/linuxlite/Documentos/airflow/venv/lib/python3.9/site-packages/airflow/example_dags/example_branch_datetime_operator.py
[2023-08-28 23:21:48,670] {processor.py:641} INFO - Processing file /home/linuxlite/Documentos/airflow/venv/lib/python3.9/site-packages/airflow/example_dags/example_branch_datetime_operator.py for tasks to queue
[2023-08-28 23:21:48,670] {logging_mixin.py:115} INFO - [2023-08-28 23:21:48,670] {dagbag.py:507} INFO - Filling up the DagBag from /home/linuxlite/Documentos/airflow/venv/lib/python3.9/site-packages/airflow/example_dags/example_branch_datetime_operator.py
[2023-08-28 23:21:48,683] {processor.py:651} INFO - DAG(s) dict_keys(['example_branch_datetime_operator_2']) retrieved from /home/linuxlite/Documentos/airflow/venv/lib/python3.9/site-packages/airflow/example_dags/example_branch_datetime_operator.py
[2023-08-28 23:21:48,710] {logging_mixin.py:115} INFO - [2023-08-28 23:21:48,710] {dag.py:2379} INFO - Sync 1 DAGs
[2023-08-28 23:21:48,731] {logging_mixin.py:115} INFO - [2023-08-28 23:21:48,731] {dag.py:2927} INFO - Setting next_dagrun for example_branch_datetime_operator_2 to 2023-08-28T00:00:00+00:00, run_after=2023-08-29T00:00:00+00:00
[2023-08-28 23:21:48,744] {processor.py:161} INFO - Processing /home/linuxlite/Documentos/airflow/venv/lib/python3.9/site-packages/airflow/example_dags/example_branch_datetime_operator.py took 0.080 seconds
[2023-08-28 23:22:22,900] {processor.py:153} INFO - Started process (PID=61885) to work on /home/linuxlite/Documentos/airflow/venv/lib/python3.9/site-packages/airflow/example_dags/example_branch_datetime_operator.py
[2023-08-28 23:22:22,901] {processor.py:641} INFO - Processing file /home/linuxlite/Documentos/airflow/venv/lib/python3.9/site-packages/airflow/example_dags/example_branch_datetime_operator.py for tasks to queue
[2023-08-28 23:22:22,902] {logging_mixin.py:115} INFO - [2023-08-28 23:22:22,902] {dagbag.py:507} INFO - Filling up the DagBag from /home/linuxlite/Documentos/airflow/venv/lib/python3.9/site-packages/airflow/example_dags/example_branch_datetime_operator.py
[2023-08-28 23:22:22,910] {processor.py:651} INFO - DAG(s) dict_keys(['example_branch_datetime_operator_2']) retrieved from /home/linuxlite/Documentos/airflow/venv/lib/python3.9/site-packages/airflow/example_dags/example_branch_datetime_operator.py
[2023-08-28 23:22:22,927] {logging_mixin.py:115} INFO - [2023-08-28 23:22:22,927] {dag.py:2379} INFO - Sync 1 DAGs
[2023-08-28 23:22:22,945] {logging_mixin.py:115} INFO - [2023-08-28 23:22:22,944] {dag.py:2927} INFO - Setting next_dagrun for example_branch_datetime_operator_2 to 2023-08-28T00:00:00+00:00, run_after=2023-08-29T00:00:00+00:00
[2023-08-28 23:22:22,958] {processor.py:161} INFO - Processing /home/linuxlite/Documentos/airflow/venv/lib/python3.9/site-packages/airflow/example_dags/example_branch_datetime_operator.py took 0.061 seconds
[2023-08-28 23:22:58,572] {processor.py:153} INFO - Started process (PID=61926) to work on /home/linuxlite/Documentos/airflow/venv/lib/python3.9/site-packages/airflow/example_dags/example_branch_datetime_operator.py
[2023-08-28 23:22:58,573] {processor.py:641} INFO - Processing file /home/linuxlite/Documentos/airflow/venv/lib/python3.9/site-packages/airflow/example_dags/example_branch_datetime_operator.py for tasks to queue
[2023-08-28 23:22:58,573] {logging_mixin.py:115} INFO - [2023-08-28 23:22:58,573] {dagbag.py:507} INFO - Filling up the DagBag from /home/linuxlite/Documentos/airflow/venv/lib/python3.9/site-packages/airflow/example_dags/example_branch_datetime_operator.py
[2023-08-28 23:22:58,582] {processor.py:651} INFO - DAG(s) dict_keys(['example_branch_datetime_operator_2']) retrieved from /home/linuxlite/Documentos/airflow/venv/lib/python3.9/site-packages/airflow/example_dags/example_branch_datetime_operator.py
[2023-08-28 23:22:58,599] {logging_mixin.py:115} INFO - [2023-08-28 23:22:58,599] {dag.py:2379} INFO - Sync 1 DAGs
[2023-08-28 23:22:58,615] {logging_mixin.py:115} INFO - [2023-08-28 23:22:58,615] {dag.py:2927} INFO - Setting next_dagrun for example_branch_datetime_operator_2 to 2023-08-28T00:00:00+00:00, run_after=2023-08-29T00:00:00+00:00
[2023-08-28 23:22:58,626] {processor.py:161} INFO - Processing /home/linuxlite/Documentos/airflow/venv/lib/python3.9/site-packages/airflow/example_dags/example_branch_datetime_operator.py took 0.058 seconds
[2023-08-28 23:23:34,739] {processor.py:153} INFO - Started process (PID=61968) to work on /home/linuxlite/Documentos/airflow/venv/lib/python3.9/site-packages/airflow/example_dags/example_branch_datetime_operator.py
[2023-08-28 23:23:34,740] {processor.py:641} INFO - Processing file /home/linuxlite/Documentos/airflow/venv/lib/python3.9/site-packages/airflow/example_dags/example_branch_datetime_operator.py for tasks to queue
[2023-08-28 23:23:34,741] {logging_mixin.py:115} INFO - [2023-08-28 23:23:34,741] {dagbag.py:507} INFO - Filling up the DagBag from /home/linuxlite/Documentos/airflow/venv/lib/python3.9/site-packages/airflow/example_dags/example_branch_datetime_operator.py
[2023-08-28 23:23:34,752] {processor.py:651} INFO - DAG(s) dict_keys(['example_branch_datetime_operator_2']) retrieved from /home/linuxlite/Documentos/airflow/venv/lib/python3.9/site-packages/airflow/example_dags/example_branch_datetime_operator.py
[2023-08-28 23:23:34,772] {logging_mixin.py:115} INFO - [2023-08-28 23:23:34,772] {dag.py:2379} INFO - Sync 1 DAGs
[2023-08-28 23:23:34,789] {logging_mixin.py:115} INFO - [2023-08-28 23:23:34,789] {dag.py:2927} INFO - Setting next_dagrun for example_branch_datetime_operator_2 to 2023-08-28T00:00:00+00:00, run_after=2023-08-29T00:00:00+00:00
[2023-08-28 23:23:34,800] {processor.py:161} INFO - Processing /home/linuxlite/Documentos/airflow/venv/lib/python3.9/site-packages/airflow/example_dags/example_branch_datetime_operator.py took 0.067 seconds
[2023-08-28 23:24:09,397] {processor.py:153} INFO - Started process (PID=62010) to work on /home/linuxlite/Documentos/airflow/venv/lib/python3.9/site-packages/airflow/example_dags/example_branch_datetime_operator.py
[2023-08-28 23:24:09,398] {processor.py:641} INFO - Processing file /home/linuxlite/Documentos/airflow/venv/lib/python3.9/site-packages/airflow/example_dags/example_branch_datetime_operator.py for tasks to queue
[2023-08-28 23:24:09,398] {logging_mixin.py:115} INFO - [2023-08-28 23:24:09,398] {dagbag.py:507} INFO - Filling up the DagBag from /home/linuxlite/Documentos/airflow/venv/lib/python3.9/site-packages/airflow/example_dags/example_branch_datetime_operator.py
[2023-08-28 23:24:09,406] {processor.py:651} INFO - DAG(s) dict_keys(['example_branch_datetime_operator_2']) retrieved from /home/linuxlite/Documentos/airflow/venv/lib/python3.9/site-packages/airflow/example_dags/example_branch_datetime_operator.py
[2023-08-28 23:24:09,424] {logging_mixin.py:115} INFO - [2023-08-28 23:24:09,424] {dag.py:2379} INFO - Sync 1 DAGs
[2023-08-28 23:24:09,440] {logging_mixin.py:115} INFO - [2023-08-28 23:24:09,440] {dag.py:2927} INFO - Setting next_dagrun for example_branch_datetime_operator_2 to 2023-08-28T00:00:00+00:00, run_after=2023-08-29T00:00:00+00:00
[2023-08-28 23:24:09,451] {processor.py:161} INFO - Processing /home/linuxlite/Documentos/airflow/venv/lib/python3.9/site-packages/airflow/example_dags/example_branch_datetime_operator.py took 0.058 seconds
[2023-08-28 23:24:44,776] {processor.py:153} INFO - Started process (PID=62057) to work on /home/linuxlite/Documentos/airflow/venv/lib/python3.9/site-packages/airflow/example_dags/example_branch_datetime_operator.py
[2023-08-28 23:24:44,777] {processor.py:641} INFO - Processing file /home/linuxlite/Documentos/airflow/venv/lib/python3.9/site-packages/airflow/example_dags/example_branch_datetime_operator.py for tasks to queue
[2023-08-28 23:24:44,778] {logging_mixin.py:115} INFO - [2023-08-28 23:24:44,778] {dagbag.py:507} INFO - Filling up the DagBag from /home/linuxlite/Documentos/airflow/venv/lib/python3.9/site-packages/airflow/example_dags/example_branch_datetime_operator.py
[2023-08-28 23:24:44,788] {processor.py:651} INFO - DAG(s) dict_keys(['example_branch_datetime_operator_2']) retrieved from /home/linuxlite/Documentos/airflow/venv/lib/python3.9/site-packages/airflow/example_dags/example_branch_datetime_operator.py
[2023-08-28 23:24:44,806] {logging_mixin.py:115} INFO - [2023-08-28 23:24:44,806] {dag.py:2379} INFO - Sync 1 DAGs
[2023-08-28 23:24:44,823] {logging_mixin.py:115} INFO - [2023-08-28 23:24:44,823] {dag.py:2927} INFO - Setting next_dagrun for example_branch_datetime_operator_2 to 2023-08-28T00:00:00+00:00, run_after=2023-08-29T00:00:00+00:00
[2023-08-28 23:24:44,834] {processor.py:161} INFO - Processing /home/linuxlite/Documentos/airflow/venv/lib/python3.9/site-packages/airflow/example_dags/example_branch_datetime_operator.py took 0.061 seconds
[2023-08-28 23:25:19,345] {processor.py:153} INFO - Started process (PID=62156) to work on /home/linuxlite/Documentos/airflow/venv/lib/python3.9/site-packages/airflow/example_dags/example_branch_datetime_operator.py
[2023-08-28 23:25:19,346] {processor.py:641} INFO - Processing file /home/linuxlite/Documentos/airflow/venv/lib/python3.9/site-packages/airflow/example_dags/example_branch_datetime_operator.py for tasks to queue
[2023-08-28 23:25:19,347] {logging_mixin.py:115} INFO - [2023-08-28 23:25:19,347] {dagbag.py:507} INFO - Filling up the DagBag from /home/linuxlite/Documentos/airflow/venv/lib/python3.9/site-packages/airflow/example_dags/example_branch_datetime_operator.py
[2023-08-28 23:25:19,356] {processor.py:651} INFO - DAG(s) dict_keys(['example_branch_datetime_operator_2']) retrieved from /home/linuxlite/Documentos/airflow/venv/lib/python3.9/site-packages/airflow/example_dags/example_branch_datetime_operator.py
[2023-08-28 23:25:19,376] {logging_mixin.py:115} INFO - [2023-08-28 23:25:19,376] {dag.py:2379} INFO - Sync 1 DAGs
[2023-08-28 23:25:19,393] {logging_mixin.py:115} INFO - [2023-08-28 23:25:19,393] {dag.py:2927} INFO - Setting next_dagrun for example_branch_datetime_operator_2 to 2023-08-28T00:00:00+00:00, run_after=2023-08-29T00:00:00+00:00
[2023-08-28 23:25:19,406] {processor.py:161} INFO - Processing /home/linuxlite/Documentos/airflow/venv/lib/python3.9/site-packages/airflow/example_dags/example_branch_datetime_operator.py took 0.065 seconds
[2023-08-28 23:25:54,206] {processor.py:153} INFO - Started process (PID=62194) to work on /home/linuxlite/Documentos/airflow/venv/lib/python3.9/site-packages/airflow/example_dags/example_branch_datetime_operator.py
[2023-08-28 23:25:54,207] {processor.py:641} INFO - Processing file /home/linuxlite/Documentos/airflow/venv/lib/python3.9/site-packages/airflow/example_dags/example_branch_datetime_operator.py for tasks to queue
[2023-08-28 23:25:54,207] {logging_mixin.py:115} INFO - [2023-08-28 23:25:54,207] {dagbag.py:507} INFO - Filling up the DagBag from /home/linuxlite/Documentos/airflow/venv/lib/python3.9/site-packages/airflow/example_dags/example_branch_datetime_operator.py
[2023-08-28 23:25:54,214] {processor.py:651} INFO - DAG(s) dict_keys(['example_branch_datetime_operator_2']) retrieved from /home/linuxlite/Documentos/airflow/venv/lib/python3.9/site-packages/airflow/example_dags/example_branch_datetime_operator.py
[2023-08-28 23:25:54,232] {logging_mixin.py:115} INFO - [2023-08-28 23:25:54,232] {dag.py:2379} INFO - Sync 1 DAGs
[2023-08-28 23:25:54,247] {logging_mixin.py:115} INFO - [2023-08-28 23:25:54,247] {dag.py:2927} INFO - Setting next_dagrun for example_branch_datetime_operator_2 to 2023-08-28T00:00:00+00:00, run_after=2023-08-29T00:00:00+00:00
[2023-08-28 23:25:54,258] {processor.py:161} INFO - Processing /home/linuxlite/Documentos/airflow/venv/lib/python3.9/site-packages/airflow/example_dags/example_branch_datetime_operator.py took 0.055 seconds
[2023-08-28 23:26:29,851] {processor.py:153} INFO - Started process (PID=62240) to work on /home/linuxlite/Documentos/airflow/venv/lib/python3.9/site-packages/airflow/example_dags/example_branch_datetime_operator.py
[2023-08-28 23:26:29,854] {processor.py:641} INFO - Processing file /home/linuxlite/Documentos/airflow/venv/lib/python3.9/site-packages/airflow/example_dags/example_branch_datetime_operator.py for tasks to queue
[2023-08-28 23:26:29,855] {logging_mixin.py:115} INFO - [2023-08-28 23:26:29,855] {dagbag.py:507} INFO - Filling up the DagBag from /home/linuxlite/Documentos/airflow/venv/lib/python3.9/site-packages/airflow/example_dags/example_branch_datetime_operator.py
[2023-08-28 23:26:29,865] {processor.py:651} INFO - DAG(s) dict_keys(['example_branch_datetime_operator_2']) retrieved from /home/linuxlite/Documentos/airflow/venv/lib/python3.9/site-packages/airflow/example_dags/example_branch_datetime_operator.py
[2023-08-28 23:26:29,895] {logging_mixin.py:115} INFO - [2023-08-28 23:26:29,894] {dag.py:2379} INFO - Sync 1 DAGs
[2023-08-28 23:26:29,913] {logging_mixin.py:115} INFO - [2023-08-28 23:26:29,913] {dag.py:2927} INFO - Setting next_dagrun for example_branch_datetime_operator_2 to 2023-08-28T00:00:00+00:00, run_after=2023-08-29T00:00:00+00:00
[2023-08-28 23:26:29,928] {processor.py:161} INFO - Processing /home/linuxlite/Documentos/airflow/venv/lib/python3.9/site-packages/airflow/example_dags/example_branch_datetime_operator.py took 0.081 seconds
[2023-08-28 23:27:05,534] {processor.py:153} INFO - Started process (PID=62299) to work on /home/linuxlite/Documentos/airflow/venv/lib/python3.9/site-packages/airflow/example_dags/example_branch_datetime_operator.py
[2023-08-28 23:27:05,534] {processor.py:641} INFO - Processing file /home/linuxlite/Documentos/airflow/venv/lib/python3.9/site-packages/airflow/example_dags/example_branch_datetime_operator.py for tasks to queue
[2023-08-28 23:27:05,535] {logging_mixin.py:115} INFO - [2023-08-28 23:27:05,535] {dagbag.py:507} INFO - Filling up the DagBag from /home/linuxlite/Documentos/airflow/venv/lib/python3.9/site-packages/airflow/example_dags/example_branch_datetime_operator.py
[2023-08-28 23:27:05,545] {processor.py:651} INFO - DAG(s) dict_keys(['example_branch_datetime_operator_2']) retrieved from /home/linuxlite/Documentos/airflow/venv/lib/python3.9/site-packages/airflow/example_dags/example_branch_datetime_operator.py
[2023-08-28 23:27:05,563] {logging_mixin.py:115} INFO - [2023-08-28 23:27:05,563] {dag.py:2379} INFO - Sync 1 DAGs
[2023-08-28 23:27:05,579] {logging_mixin.py:115} INFO - [2023-08-28 23:27:05,579] {dag.py:2927} INFO - Setting next_dagrun for example_branch_datetime_operator_2 to 2023-08-28T00:00:00+00:00, run_after=2023-08-29T00:00:00+00:00
[2023-08-28 23:27:05,590] {processor.py:161} INFO - Processing /home/linuxlite/Documentos/airflow/venv/lib/python3.9/site-packages/airflow/example_dags/example_branch_datetime_operator.py took 0.059 seconds
[2023-08-28 23:27:39,803] {processor.py:153} INFO - Started process (PID=62346) to work on /home/linuxlite/Documentos/airflow/venv/lib/python3.9/site-packages/airflow/example_dags/example_branch_datetime_operator.py
[2023-08-28 23:27:39,804] {processor.py:641} INFO - Processing file /home/linuxlite/Documentos/airflow/venv/lib/python3.9/site-packages/airflow/example_dags/example_branch_datetime_operator.py for tasks to queue
[2023-08-28 23:27:39,805] {logging_mixin.py:115} INFO - [2023-08-28 23:27:39,805] {dagbag.py:507} INFO - Filling up the DagBag from /home/linuxlite/Documentos/airflow/venv/lib/python3.9/site-packages/airflow/example_dags/example_branch_datetime_operator.py
[2023-08-28 23:27:39,812] {processor.py:651} INFO - DAG(s) dict_keys(['example_branch_datetime_operator_2']) retrieved from /home/linuxlite/Documentos/airflow/venv/lib/python3.9/site-packages/airflow/example_dags/example_branch_datetime_operator.py
[2023-08-28 23:27:39,831] {logging_mixin.py:115} INFO - [2023-08-28 23:27:39,830] {dag.py:2379} INFO - Sync 1 DAGs
[2023-08-28 23:27:39,846] {logging_mixin.py:115} INFO - [2023-08-28 23:27:39,846] {dag.py:2927} INFO - Setting next_dagrun for example_branch_datetime_operator_2 to 2023-08-28T00:00:00+00:00, run_after=2023-08-29T00:00:00+00:00
[2023-08-28 23:27:39,857] {processor.py:161} INFO - Processing /home/linuxlite/Documentos/airflow/venv/lib/python3.9/site-packages/airflow/example_dags/example_branch_datetime_operator.py took 0.057 seconds
