[2023-08-28 23:10:52,216] {processor.py:153} INFO - Started process (PID=59971) to work on /home/linuxlite/Documentos/airflow/venv/lib/python3.9/site-packages/airflow/example_dags/example_skip_dag.py
[2023-08-28 23:10:52,216] {processor.py:641} INFO - Processing file /home/linuxlite/Documentos/airflow/venv/lib/python3.9/site-packages/airflow/example_dags/example_skip_dag.py for tasks to queue
[2023-08-28 23:10:52,217] {logging_mixin.py:115} INFO - [2023-08-28 23:10:52,217] {dagbag.py:507} INFO - Filling up the DagBag from /home/linuxlite/Documentos/airflow/venv/lib/python3.9/site-packages/airflow/example_dags/example_skip_dag.py
[2023-08-28 23:10:52,222] {processor.py:651} INFO - DAG(s) dict_keys(['example_skip_dag']) retrieved from /home/linuxlite/Documentos/airflow/venv/lib/python3.9/site-packages/airflow/example_dags/example_skip_dag.py
[2023-08-28 23:10:52,239] {logging_mixin.py:115} INFO - [2023-08-28 23:10:52,239] {dag.py:2379} INFO - Sync 1 DAGs
[2023-08-28 23:10:52,258] {logging_mixin.py:115} INFO - [2023-08-28 23:10:52,258] {dag.py:2927} INFO - Setting next_dagrun for example_skip_dag to 2023-08-28T02:10:52.258379+00:00, run_after=2023-08-29T02:10:52.258379+00:00
[2023-08-28 23:10:52,272] {processor.py:161} INFO - Processing /home/linuxlite/Documentos/airflow/venv/lib/python3.9/site-packages/airflow/example_dags/example_skip_dag.py took 0.059 seconds
[2023-08-28 23:11:28,169] {processor.py:153} INFO - Started process (PID=60059) to work on /home/linuxlite/Documentos/airflow/venv/lib/python3.9/site-packages/airflow/example_dags/example_skip_dag.py
[2023-08-28 23:11:28,171] {processor.py:641} INFO - Processing file /home/linuxlite/Documentos/airflow/venv/lib/python3.9/site-packages/airflow/example_dags/example_skip_dag.py for tasks to queue
[2023-08-28 23:11:28,171] {logging_mixin.py:115} INFO - [2023-08-28 23:11:28,171] {dagbag.py:507} INFO - Filling up the DagBag from /home/linuxlite/Documentos/airflow/venv/lib/python3.9/site-packages/airflow/example_dags/example_skip_dag.py
[2023-08-28 23:11:28,176] {processor.py:651} INFO - DAG(s) dict_keys(['example_skip_dag']) retrieved from /home/linuxlite/Documentos/airflow/venv/lib/python3.9/site-packages/airflow/example_dags/example_skip_dag.py
[2023-08-28 23:11:28,194] {logging_mixin.py:115} INFO - [2023-08-28 23:11:28,194] {dag.py:2379} INFO - Sync 1 DAGs
[2023-08-28 23:11:28,215] {logging_mixin.py:115} INFO - [2023-08-28 23:11:28,215] {dag.py:2927} INFO - Setting next_dagrun for example_skip_dag to 2023-08-28T02:11:28.215022+00:00, run_after=2023-08-29T02:11:28.215022+00:00
[2023-08-28 23:11:28,242] {processor.py:161} INFO - Processing /home/linuxlite/Documentos/airflow/venv/lib/python3.9/site-packages/airflow/example_dags/example_skip_dag.py took 0.077 seconds
[2023-08-28 23:12:01,858] {processor.py:153} INFO - Started process (PID=60095) to work on /home/linuxlite/Documentos/airflow/venv/lib/python3.9/site-packages/airflow/example_dags/example_skip_dag.py
[2023-08-28 23:12:01,858] {processor.py:641} INFO - Processing file /home/linuxlite/Documentos/airflow/venv/lib/python3.9/site-packages/airflow/example_dags/example_skip_dag.py for tasks to queue
[2023-08-28 23:12:01,859] {logging_mixin.py:115} INFO - [2023-08-28 23:12:01,859] {dagbag.py:507} INFO - Filling up the DagBag from /home/linuxlite/Documentos/airflow/venv/lib/python3.9/site-packages/airflow/example_dags/example_skip_dag.py
[2023-08-28 23:12:01,865] {processor.py:651} INFO - DAG(s) dict_keys(['example_skip_dag']) retrieved from /home/linuxlite/Documentos/airflow/venv/lib/python3.9/site-packages/airflow/example_dags/example_skip_dag.py
[2023-08-28 23:12:01,883] {logging_mixin.py:115} INFO - [2023-08-28 23:12:01,883] {dag.py:2379} INFO - Sync 1 DAGs
[2023-08-28 23:12:01,904] {logging_mixin.py:115} INFO - [2023-08-28 23:12:01,904] {dag.py:2927} INFO - Setting next_dagrun for example_skip_dag to 2023-08-28T02:12:01.904123+00:00, run_after=2023-08-29T02:12:01.904123+00:00
[2023-08-28 23:12:01,916] {processor.py:161} INFO - Processing /home/linuxlite/Documentos/airflow/venv/lib/python3.9/site-packages/airflow/example_dags/example_skip_dag.py took 0.064 seconds
[2023-08-28 23:12:37,594] {processor.py:153} INFO - Started process (PID=60139) to work on /home/linuxlite/Documentos/airflow/venv/lib/python3.9/site-packages/airflow/example_dags/example_skip_dag.py
[2023-08-28 23:12:37,595] {processor.py:641} INFO - Processing file /home/linuxlite/Documentos/airflow/venv/lib/python3.9/site-packages/airflow/example_dags/example_skip_dag.py for tasks to queue
[2023-08-28 23:12:37,596] {logging_mixin.py:115} INFO - [2023-08-28 23:12:37,596] {dagbag.py:507} INFO - Filling up the DagBag from /home/linuxlite/Documentos/airflow/venv/lib/python3.9/site-packages/airflow/example_dags/example_skip_dag.py
[2023-08-28 23:12:37,603] {processor.py:651} INFO - DAG(s) dict_keys(['example_skip_dag']) retrieved from /home/linuxlite/Documentos/airflow/venv/lib/python3.9/site-packages/airflow/example_dags/example_skip_dag.py
[2023-08-28 23:12:37,625] {logging_mixin.py:115} INFO - [2023-08-28 23:12:37,625] {dag.py:2379} INFO - Sync 1 DAGs
[2023-08-28 23:12:37,651] {logging_mixin.py:115} INFO - [2023-08-28 23:12:37,651] {dag.py:2927} INFO - Setting next_dagrun for example_skip_dag to 2023-08-28T02:12:37.650649+00:00, run_after=2023-08-29T02:12:37.650649+00:00
[2023-08-28 23:12:37,672] {processor.py:161} INFO - Processing /home/linuxlite/Documentos/airflow/venv/lib/python3.9/site-packages/airflow/example_dags/example_skip_dag.py took 0.083 seconds
[2023-08-28 23:13:12,145] {processor.py:153} INFO - Started process (PID=60175) to work on /home/linuxlite/Documentos/airflow/venv/lib/python3.9/site-packages/airflow/example_dags/example_skip_dag.py
[2023-08-28 23:13:12,146] {processor.py:641} INFO - Processing file /home/linuxlite/Documentos/airflow/venv/lib/python3.9/site-packages/airflow/example_dags/example_skip_dag.py for tasks to queue
[2023-08-28 23:13:12,147] {logging_mixin.py:115} INFO - [2023-08-28 23:13:12,146] {dagbag.py:507} INFO - Filling up the DagBag from /home/linuxlite/Documentos/airflow/venv/lib/python3.9/site-packages/airflow/example_dags/example_skip_dag.py
[2023-08-28 23:13:12,152] {processor.py:651} INFO - DAG(s) dict_keys(['example_skip_dag']) retrieved from /home/linuxlite/Documentos/airflow/venv/lib/python3.9/site-packages/airflow/example_dags/example_skip_dag.py
[2023-08-28 23:13:12,174] {logging_mixin.py:115} INFO - [2023-08-28 23:13:12,174] {dag.py:2379} INFO - Sync 1 DAGs
[2023-08-28 23:13:12,193] {logging_mixin.py:115} INFO - [2023-08-28 23:13:12,193] {dag.py:2927} INFO - Setting next_dagrun for example_skip_dag to 2023-08-28T02:13:12.193077+00:00, run_after=2023-08-29T02:13:12.193077+00:00
[2023-08-28 23:13:12,205] {processor.py:161} INFO - Processing /home/linuxlite/Documentos/airflow/venv/lib/python3.9/site-packages/airflow/example_dags/example_skip_dag.py took 0.063 seconds
[2023-08-28 23:13:46,395] {processor.py:153} INFO - Started process (PID=60217) to work on /home/linuxlite/Documentos/airflow/venv/lib/python3.9/site-packages/airflow/example_dags/example_skip_dag.py
[2023-08-28 23:13:46,397] {processor.py:641} INFO - Processing file /home/linuxlite/Documentos/airflow/venv/lib/python3.9/site-packages/airflow/example_dags/example_skip_dag.py for tasks to queue
[2023-08-28 23:13:46,399] {logging_mixin.py:115} INFO - [2023-08-28 23:13:46,398] {dagbag.py:507} INFO - Filling up the DagBag from /home/linuxlite/Documentos/airflow/venv/lib/python3.9/site-packages/airflow/example_dags/example_skip_dag.py
[2023-08-28 23:13:46,409] {processor.py:651} INFO - DAG(s) dict_keys(['example_skip_dag']) retrieved from /home/linuxlite/Documentos/airflow/venv/lib/python3.9/site-packages/airflow/example_dags/example_skip_dag.py
[2023-08-28 23:13:46,439] {logging_mixin.py:115} INFO - [2023-08-28 23:13:46,439] {dag.py:2379} INFO - Sync 1 DAGs
[2023-08-28 23:13:46,475] {logging_mixin.py:115} INFO - [2023-08-28 23:13:46,475] {dag.py:2927} INFO - Setting next_dagrun for example_skip_dag to 2023-08-28T02:13:46.474580+00:00, run_after=2023-08-29T02:13:46.474580+00:00
[2023-08-28 23:13:46,502] {processor.py:161} INFO - Processing /home/linuxlite/Documentos/airflow/venv/lib/python3.9/site-packages/airflow/example_dags/example_skip_dag.py took 0.116 seconds
[2023-08-28 23:14:22,450] {processor.py:153} INFO - Started process (PID=60257) to work on /home/linuxlite/Documentos/airflow/venv/lib/python3.9/site-packages/airflow/example_dags/example_skip_dag.py
[2023-08-28 23:14:22,451] {processor.py:641} INFO - Processing file /home/linuxlite/Documentos/airflow/venv/lib/python3.9/site-packages/airflow/example_dags/example_skip_dag.py for tasks to queue
[2023-08-28 23:14:22,452] {logging_mixin.py:115} INFO - [2023-08-28 23:14:22,452] {dagbag.py:507} INFO - Filling up the DagBag from /home/linuxlite/Documentos/airflow/venv/lib/python3.9/site-packages/airflow/example_dags/example_skip_dag.py
[2023-08-28 23:14:22,457] {processor.py:651} INFO - DAG(s) dict_keys(['example_skip_dag']) retrieved from /home/linuxlite/Documentos/airflow/venv/lib/python3.9/site-packages/airflow/example_dags/example_skip_dag.py
[2023-08-28 23:14:22,475] {logging_mixin.py:115} INFO - [2023-08-28 23:14:22,475] {dag.py:2379} INFO - Sync 1 DAGs
[2023-08-28 23:14:22,495] {logging_mixin.py:115} INFO - [2023-08-28 23:14:22,495] {dag.py:2927} INFO - Setting next_dagrun for example_skip_dag to 2023-08-28T02:14:22.494941+00:00, run_after=2023-08-29T02:14:22.494941+00:00
[2023-08-28 23:14:22,507] {processor.py:161} INFO - Processing /home/linuxlite/Documentos/airflow/venv/lib/python3.9/site-packages/airflow/example_dags/example_skip_dag.py took 0.060 seconds
[2023-08-28 23:14:58,323] {processor.py:153} INFO - Started process (PID=60309) to work on /home/linuxlite/Documentos/airflow/venv/lib/python3.9/site-packages/airflow/example_dags/example_skip_dag.py
[2023-08-28 23:14:58,330] {processor.py:641} INFO - Processing file /home/linuxlite/Documentos/airflow/venv/lib/python3.9/site-packages/airflow/example_dags/example_skip_dag.py for tasks to queue
[2023-08-28 23:14:58,331] {logging_mixin.py:115} INFO - [2023-08-28 23:14:58,331] {dagbag.py:507} INFO - Filling up the DagBag from /home/linuxlite/Documentos/airflow/venv/lib/python3.9/site-packages/airflow/example_dags/example_skip_dag.py
[2023-08-28 23:14:58,336] {processor.py:651} INFO - DAG(s) dict_keys(['example_skip_dag']) retrieved from /home/linuxlite/Documentos/airflow/venv/lib/python3.9/site-packages/airflow/example_dags/example_skip_dag.py
[2023-08-28 23:14:58,368] {logging_mixin.py:115} INFO - [2023-08-28 23:14:58,368] {dag.py:2379} INFO - Sync 1 DAGs
[2023-08-28 23:14:58,401] {logging_mixin.py:115} INFO - [2023-08-28 23:14:58,400] {dag.py:2927} INFO - Setting next_dagrun for example_skip_dag to 2023-08-28T02:14:58.400684+00:00, run_after=2023-08-29T02:14:58.400684+00:00
[2023-08-28 23:14:58,414] {processor.py:161} INFO - Processing /home/linuxlite/Documentos/airflow/venv/lib/python3.9/site-packages/airflow/example_dags/example_skip_dag.py took 0.095 seconds
[2023-08-28 23:15:29,968] {processor.py:153} INFO - Started process (PID=60552) to work on /home/linuxlite/Documentos/airflow/venv/lib/python3.9/site-packages/airflow/example_dags/example_skip_dag.py
[2023-08-28 23:15:29,969] {processor.py:641} INFO - Processing file /home/linuxlite/Documentos/airflow/venv/lib/python3.9/site-packages/airflow/example_dags/example_skip_dag.py for tasks to queue
[2023-08-28 23:15:29,970] {logging_mixin.py:115} INFO - [2023-08-28 23:15:29,970] {dagbag.py:507} INFO - Filling up the DagBag from /home/linuxlite/Documentos/airflow/venv/lib/python3.9/site-packages/airflow/example_dags/example_skip_dag.py
[2023-08-28 23:15:29,976] {processor.py:651} INFO - DAG(s) dict_keys(['example_skip_dag']) retrieved from /home/linuxlite/Documentos/airflow/venv/lib/python3.9/site-packages/airflow/example_dags/example_skip_dag.py
[2023-08-28 23:15:29,996] {logging_mixin.py:115} INFO - [2023-08-28 23:15:29,996] {dag.py:2379} INFO - Sync 1 DAGs
[2023-08-28 23:15:30,018] {logging_mixin.py:115} INFO - [2023-08-28 23:15:30,018] {dag.py:2927} INFO - Setting next_dagrun for example_skip_dag to 2023-08-28T02:15:30.017709+00:00, run_after=2023-08-29T02:15:30.017709+00:00
[2023-08-28 23:15:30,031] {processor.py:161} INFO - Processing /home/linuxlite/Documentos/airflow/venv/lib/python3.9/site-packages/airflow/example_dags/example_skip_dag.py took 0.066 seconds
[2023-08-28 23:16:05,499] {processor.py:153} INFO - Started process (PID=60589) to work on /home/linuxlite/Documentos/airflow/venv/lib/python3.9/site-packages/airflow/example_dags/example_skip_dag.py
[2023-08-28 23:16:05,499] {processor.py:641} INFO - Processing file /home/linuxlite/Documentos/airflow/venv/lib/python3.9/site-packages/airflow/example_dags/example_skip_dag.py for tasks to queue
[2023-08-28 23:16:05,500] {logging_mixin.py:115} INFO - [2023-08-28 23:16:05,500] {dagbag.py:507} INFO - Filling up the DagBag from /home/linuxlite/Documentos/airflow/venv/lib/python3.9/site-packages/airflow/example_dags/example_skip_dag.py
[2023-08-28 23:16:05,505] {processor.py:651} INFO - DAG(s) dict_keys(['example_skip_dag']) retrieved from /home/linuxlite/Documentos/airflow/venv/lib/python3.9/site-packages/airflow/example_dags/example_skip_dag.py
[2023-08-28 23:16:05,523] {logging_mixin.py:115} INFO - [2023-08-28 23:16:05,523] {dag.py:2379} INFO - Sync 1 DAGs
[2023-08-28 23:16:05,542] {logging_mixin.py:115} INFO - [2023-08-28 23:16:05,542] {dag.py:2927} INFO - Setting next_dagrun for example_skip_dag to 2023-08-28T02:16:05.541772+00:00, run_after=2023-08-29T02:16:05.541772+00:00
[2023-08-28 23:16:05,553] {processor.py:161} INFO - Processing /home/linuxlite/Documentos/airflow/venv/lib/python3.9/site-packages/airflow/example_dags/example_skip_dag.py took 0.058 seconds
[2023-08-28 23:16:39,464] {processor.py:153} INFO - Started process (PID=60721) to work on /home/linuxlite/Documentos/airflow/venv/lib/python3.9/site-packages/airflow/example_dags/example_skip_dag.py
[2023-08-28 23:16:39,465] {processor.py:641} INFO - Processing file /home/linuxlite/Documentos/airflow/venv/lib/python3.9/site-packages/airflow/example_dags/example_skip_dag.py for tasks to queue
[2023-08-28 23:16:39,473] {logging_mixin.py:115} INFO - [2023-08-28 23:16:39,466] {dagbag.py:507} INFO - Filling up the DagBag from /home/linuxlite/Documentos/airflow/venv/lib/python3.9/site-packages/airflow/example_dags/example_skip_dag.py
[2023-08-28 23:16:39,486] {processor.py:651} INFO - DAG(s) dict_keys(['example_skip_dag']) retrieved from /home/linuxlite/Documentos/airflow/venv/lib/python3.9/site-packages/airflow/example_dags/example_skip_dag.py
[2023-08-28 23:16:39,510] {logging_mixin.py:115} INFO - [2023-08-28 23:16:39,510] {dag.py:2379} INFO - Sync 1 DAGs
[2023-08-28 23:16:39,549] {logging_mixin.py:115} INFO - [2023-08-28 23:16:39,549] {dag.py:2927} INFO - Setting next_dagrun for example_skip_dag to 2023-08-28T02:16:39.539166+00:00, run_after=2023-08-29T02:16:39.539166+00:00
[2023-08-28 23:16:39,569] {processor.py:161} INFO - Processing /home/linuxlite/Documentos/airflow/venv/lib/python3.9/site-packages/airflow/example_dags/example_skip_dag.py took 0.112 seconds
[2023-08-28 23:17:13,327] {processor.py:153} INFO - Started process (PID=60837) to work on /home/linuxlite/Documentos/airflow/venv/lib/python3.9/site-packages/airflow/example_dags/example_skip_dag.py
[2023-08-28 23:17:13,328] {processor.py:641} INFO - Processing file /home/linuxlite/Documentos/airflow/venv/lib/python3.9/site-packages/airflow/example_dags/example_skip_dag.py for tasks to queue
[2023-08-28 23:17:13,328] {logging_mixin.py:115} INFO - [2023-08-28 23:17:13,328] {dagbag.py:507} INFO - Filling up the DagBag from /home/linuxlite/Documentos/airflow/venv/lib/python3.9/site-packages/airflow/example_dags/example_skip_dag.py
[2023-08-28 23:17:13,334] {processor.py:651} INFO - DAG(s) dict_keys(['example_skip_dag']) retrieved from /home/linuxlite/Documentos/airflow/venv/lib/python3.9/site-packages/airflow/example_dags/example_skip_dag.py
[2023-08-28 23:17:13,357] {logging_mixin.py:115} INFO - [2023-08-28 23:17:13,357] {dag.py:2379} INFO - Sync 1 DAGs
[2023-08-28 23:17:13,378] {logging_mixin.py:115} INFO - [2023-08-28 23:17:13,378] {dag.py:2927} INFO - Setting next_dagrun for example_skip_dag to 2023-08-28T02:17:13.378110+00:00, run_after=2023-08-29T02:17:13.378110+00:00
[2023-08-28 23:17:13,397] {processor.py:161} INFO - Processing /home/linuxlite/Documentos/airflow/venv/lib/python3.9/site-packages/airflow/example_dags/example_skip_dag.py took 0.074 seconds
[2023-08-28 23:17:50,674] {processor.py:153} INFO - Started process (PID=60989) to work on /home/linuxlite/Documentos/airflow/venv/lib/python3.9/site-packages/airflow/example_dags/example_skip_dag.py
[2023-08-28 23:17:50,675] {processor.py:641} INFO - Processing file /home/linuxlite/Documentos/airflow/venv/lib/python3.9/site-packages/airflow/example_dags/example_skip_dag.py for tasks to queue
[2023-08-28 23:17:50,675] {logging_mixin.py:115} INFO - [2023-08-28 23:17:50,675] {dagbag.py:507} INFO - Filling up the DagBag from /home/linuxlite/Documentos/airflow/venv/lib/python3.9/site-packages/airflow/example_dags/example_skip_dag.py
[2023-08-28 23:17:50,681] {processor.py:651} INFO - DAG(s) dict_keys(['example_skip_dag']) retrieved from /home/linuxlite/Documentos/airflow/venv/lib/python3.9/site-packages/airflow/example_dags/example_skip_dag.py
[2023-08-28 23:17:50,701] {logging_mixin.py:115} INFO - [2023-08-28 23:17:50,700] {dag.py:2379} INFO - Sync 1 DAGs
[2023-08-28 23:17:50,739] {logging_mixin.py:115} INFO - [2023-08-28 23:17:50,739] {dag.py:2927} INFO - Setting next_dagrun for example_skip_dag to 2023-08-28T02:17:50.738934+00:00, run_after=2023-08-29T02:17:50.738934+00:00
[2023-08-28 23:17:50,752] {processor.py:161} INFO - Processing /home/linuxlite/Documentos/airflow/venv/lib/python3.9/site-packages/airflow/example_dags/example_skip_dag.py took 0.081 seconds
[2023-08-28 23:18:27,095] {processor.py:153} INFO - Started process (PID=61453) to work on /home/linuxlite/Documentos/airflow/venv/lib/python3.9/site-packages/airflow/example_dags/example_skip_dag.py
[2023-08-28 23:18:27,096] {processor.py:641} INFO - Processing file /home/linuxlite/Documentos/airflow/venv/lib/python3.9/site-packages/airflow/example_dags/example_skip_dag.py for tasks to queue
[2023-08-28 23:18:27,097] {logging_mixin.py:115} INFO - [2023-08-28 23:18:27,096] {dagbag.py:507} INFO - Filling up the DagBag from /home/linuxlite/Documentos/airflow/venv/lib/python3.9/site-packages/airflow/example_dags/example_skip_dag.py
[2023-08-28 23:18:27,102] {processor.py:651} INFO - DAG(s) dict_keys(['example_skip_dag']) retrieved from /home/linuxlite/Documentos/airflow/venv/lib/python3.9/site-packages/airflow/example_dags/example_skip_dag.py
[2023-08-28 23:18:27,122] {logging_mixin.py:115} INFO - [2023-08-28 23:18:27,122] {dag.py:2379} INFO - Sync 1 DAGs
[2023-08-28 23:18:27,143] {logging_mixin.py:115} INFO - [2023-08-28 23:18:27,143] {dag.py:2927} INFO - Setting next_dagrun for example_skip_dag to 2023-08-28T02:18:27.143129+00:00, run_after=2023-08-29T02:18:27.143129+00:00
[2023-08-28 23:18:27,156] {processor.py:161} INFO - Processing /home/linuxlite/Documentos/airflow/venv/lib/python3.9/site-packages/airflow/example_dags/example_skip_dag.py took 0.065 seconds
[2023-08-28 23:18:58,931] {processor.py:153} INFO - Started process (PID=61547) to work on /home/linuxlite/Documentos/airflow/venv/lib/python3.9/site-packages/airflow/example_dags/example_skip_dag.py
[2023-08-28 23:18:58,932] {processor.py:641} INFO - Processing file /home/linuxlite/Documentos/airflow/venv/lib/python3.9/site-packages/airflow/example_dags/example_skip_dag.py for tasks to queue
[2023-08-28 23:18:58,932] {logging_mixin.py:115} INFO - [2023-08-28 23:18:58,932] {dagbag.py:507} INFO - Filling up the DagBag from /home/linuxlite/Documentos/airflow/venv/lib/python3.9/site-packages/airflow/example_dags/example_skip_dag.py
[2023-08-28 23:18:58,938] {processor.py:651} INFO - DAG(s) dict_keys(['example_skip_dag']) retrieved from /home/linuxlite/Documentos/airflow/venv/lib/python3.9/site-packages/airflow/example_dags/example_skip_dag.py
[2023-08-28 23:18:58,955] {logging_mixin.py:115} INFO - [2023-08-28 23:18:58,955] {dag.py:2379} INFO - Sync 1 DAGs
[2023-08-28 23:18:58,972] {logging_mixin.py:115} INFO - [2023-08-28 23:18:58,972] {dag.py:2927} INFO - Setting next_dagrun for example_skip_dag to 2023-08-28T02:18:58.972136+00:00, run_after=2023-08-29T02:18:58.972136+00:00
[2023-08-28 23:18:58,983] {processor.py:161} INFO - Processing /home/linuxlite/Documentos/airflow/venv/lib/python3.9/site-packages/airflow/example_dags/example_skip_dag.py took 0.056 seconds
[2023-08-28 23:19:32,356] {processor.py:153} INFO - Started process (PID=61597) to work on /home/linuxlite/Documentos/airflow/venv/lib/python3.9/site-packages/airflow/example_dags/example_skip_dag.py
[2023-08-28 23:19:32,357] {processor.py:641} INFO - Processing file /home/linuxlite/Documentos/airflow/venv/lib/python3.9/site-packages/airflow/example_dags/example_skip_dag.py for tasks to queue
[2023-08-28 23:19:32,357] {logging_mixin.py:115} INFO - [2023-08-28 23:19:32,357] {dagbag.py:507} INFO - Filling up the DagBag from /home/linuxlite/Documentos/airflow/venv/lib/python3.9/site-packages/airflow/example_dags/example_skip_dag.py
[2023-08-28 23:19:32,362] {processor.py:651} INFO - DAG(s) dict_keys(['example_skip_dag']) retrieved from /home/linuxlite/Documentos/airflow/venv/lib/python3.9/site-packages/airflow/example_dags/example_skip_dag.py
[2023-08-28 23:19:32,379] {logging_mixin.py:115} INFO - [2023-08-28 23:19:32,379] {dag.py:2379} INFO - Sync 1 DAGs
[2023-08-28 23:19:32,399] {logging_mixin.py:115} INFO - [2023-08-28 23:19:32,399] {dag.py:2927} INFO - Setting next_dagrun for example_skip_dag to 2023-08-28T02:19:32.398847+00:00, run_after=2023-08-29T02:19:32.398847+00:00
[2023-08-28 23:19:32,411] {processor.py:161} INFO - Processing /home/linuxlite/Documentos/airflow/venv/lib/python3.9/site-packages/airflow/example_dags/example_skip_dag.py took 0.058 seconds
[2023-08-28 23:20:05,928] {processor.py:153} INFO - Started process (PID=61713) to work on /home/linuxlite/Documentos/airflow/venv/lib/python3.9/site-packages/airflow/example_dags/example_skip_dag.py
[2023-08-28 23:20:05,929] {processor.py:641} INFO - Processing file /home/linuxlite/Documentos/airflow/venv/lib/python3.9/site-packages/airflow/example_dags/example_skip_dag.py for tasks to queue
[2023-08-28 23:20:05,930] {logging_mixin.py:115} INFO - [2023-08-28 23:20:05,929] {dagbag.py:507} INFO - Filling up the DagBag from /home/linuxlite/Documentos/airflow/venv/lib/python3.9/site-packages/airflow/example_dags/example_skip_dag.py
[2023-08-28 23:20:05,935] {processor.py:651} INFO - DAG(s) dict_keys(['example_skip_dag']) retrieved from /home/linuxlite/Documentos/airflow/venv/lib/python3.9/site-packages/airflow/example_dags/example_skip_dag.py
[2023-08-28 23:20:05,954] {logging_mixin.py:115} INFO - [2023-08-28 23:20:05,954] {dag.py:2379} INFO - Sync 1 DAGs
[2023-08-28 23:20:05,970] {logging_mixin.py:115} INFO - [2023-08-28 23:20:05,970] {dag.py:2927} INFO - Setting next_dagrun for example_skip_dag to 2023-08-28T02:20:05.970545+00:00, run_after=2023-08-29T02:20:05.970545+00:00
[2023-08-28 23:20:05,983] {processor.py:161} INFO - Processing /home/linuxlite/Documentos/airflow/venv/lib/python3.9/site-packages/airflow/example_dags/example_skip_dag.py took 0.058 seconds
[2023-08-28 23:20:39,097] {processor.py:153} INFO - Started process (PID=61745) to work on /home/linuxlite/Documentos/airflow/venv/lib/python3.9/site-packages/airflow/example_dags/example_skip_dag.py
[2023-08-28 23:20:39,098] {processor.py:641} INFO - Processing file /home/linuxlite/Documentos/airflow/venv/lib/python3.9/site-packages/airflow/example_dags/example_skip_dag.py for tasks to queue
[2023-08-28 23:20:39,098] {logging_mixin.py:115} INFO - [2023-08-28 23:20:39,098] {dagbag.py:507} INFO - Filling up the DagBag from /home/linuxlite/Documentos/airflow/venv/lib/python3.9/site-packages/airflow/example_dags/example_skip_dag.py
[2023-08-28 23:20:39,103] {processor.py:651} INFO - DAG(s) dict_keys(['example_skip_dag']) retrieved from /home/linuxlite/Documentos/airflow/venv/lib/python3.9/site-packages/airflow/example_dags/example_skip_dag.py
[2023-08-28 23:20:39,127] {logging_mixin.py:115} INFO - [2023-08-28 23:20:39,127] {dag.py:2379} INFO - Sync 1 DAGs
[2023-08-28 23:20:39,144] {logging_mixin.py:115} INFO - [2023-08-28 23:20:39,143] {dag.py:2927} INFO - Setting next_dagrun for example_skip_dag to 2023-08-28T02:20:39.143703+00:00, run_after=2023-08-29T02:20:39.143703+00:00
[2023-08-28 23:20:39,157] {processor.py:161} INFO - Processing /home/linuxlite/Documentos/airflow/venv/lib/python3.9/site-packages/airflow/example_dags/example_skip_dag.py took 0.063 seconds
[2023-08-28 23:21:11,899] {processor.py:153} INFO - Started process (PID=61787) to work on /home/linuxlite/Documentos/airflow/venv/lib/python3.9/site-packages/airflow/example_dags/example_skip_dag.py
[2023-08-28 23:21:11,900] {processor.py:641} INFO - Processing file /home/linuxlite/Documentos/airflow/venv/lib/python3.9/site-packages/airflow/example_dags/example_skip_dag.py for tasks to queue
[2023-08-28 23:21:11,901] {logging_mixin.py:115} INFO - [2023-08-28 23:21:11,901] {dagbag.py:507} INFO - Filling up the DagBag from /home/linuxlite/Documentos/airflow/venv/lib/python3.9/site-packages/airflow/example_dags/example_skip_dag.py
[2023-08-28 23:21:11,910] {processor.py:651} INFO - DAG(s) dict_keys(['example_skip_dag']) retrieved from /home/linuxlite/Documentos/airflow/venv/lib/python3.9/site-packages/airflow/example_dags/example_skip_dag.py
[2023-08-28 23:21:11,930] {logging_mixin.py:115} INFO - [2023-08-28 23:21:11,930] {dag.py:2379} INFO - Sync 1 DAGs
[2023-08-28 23:21:11,945] {logging_mixin.py:115} INFO - [2023-08-28 23:21:11,945] {dag.py:2927} INFO - Setting next_dagrun for example_skip_dag to 2023-08-28T02:21:11.945168+00:00, run_after=2023-08-29T02:21:11.945168+00:00
[2023-08-28 23:21:11,956] {processor.py:161} INFO - Processing /home/linuxlite/Documentos/airflow/venv/lib/python3.9/site-packages/airflow/example_dags/example_skip_dag.py took 0.063 seconds
[2023-08-28 23:21:44,937] {processor.py:153} INFO - Started process (PID=61828) to work on /home/linuxlite/Documentos/airflow/venv/lib/python3.9/site-packages/airflow/example_dags/example_skip_dag.py
[2023-08-28 23:21:44,938] {processor.py:641} INFO - Processing file /home/linuxlite/Documentos/airflow/venv/lib/python3.9/site-packages/airflow/example_dags/example_skip_dag.py for tasks to queue
[2023-08-28 23:21:44,938] {logging_mixin.py:115} INFO - [2023-08-28 23:21:44,938] {dagbag.py:507} INFO - Filling up the DagBag from /home/linuxlite/Documentos/airflow/venv/lib/python3.9/site-packages/airflow/example_dags/example_skip_dag.py
[2023-08-28 23:21:44,943] {processor.py:651} INFO - DAG(s) dict_keys(['example_skip_dag']) retrieved from /home/linuxlite/Documentos/airflow/venv/lib/python3.9/site-packages/airflow/example_dags/example_skip_dag.py
[2023-08-28 23:21:44,965] {logging_mixin.py:115} INFO - [2023-08-28 23:21:44,965] {dag.py:2379} INFO - Sync 1 DAGs
[2023-08-28 23:21:44,982] {logging_mixin.py:115} INFO - [2023-08-28 23:21:44,982] {dag.py:2927} INFO - Setting next_dagrun for example_skip_dag to 2023-08-28T02:21:44.982320+00:00, run_after=2023-08-29T02:21:44.982320+00:00
[2023-08-28 23:21:44,995] {processor.py:161} INFO - Processing /home/linuxlite/Documentos/airflow/venv/lib/python3.9/site-packages/airflow/example_dags/example_skip_dag.py took 0.063 seconds
[2023-08-28 23:22:20,188] {processor.py:153} INFO - Started process (PID=61882) to work on /home/linuxlite/Documentos/airflow/venv/lib/python3.9/site-packages/airflow/example_dags/example_skip_dag.py
[2023-08-28 23:22:20,190] {processor.py:641} INFO - Processing file /home/linuxlite/Documentos/airflow/venv/lib/python3.9/site-packages/airflow/example_dags/example_skip_dag.py for tasks to queue
[2023-08-28 23:22:20,191] {logging_mixin.py:115} INFO - [2023-08-28 23:22:20,191] {dagbag.py:507} INFO - Filling up the DagBag from /home/linuxlite/Documentos/airflow/venv/lib/python3.9/site-packages/airflow/example_dags/example_skip_dag.py
[2023-08-28 23:22:20,196] {processor.py:651} INFO - DAG(s) dict_keys(['example_skip_dag']) retrieved from /home/linuxlite/Documentos/airflow/venv/lib/python3.9/site-packages/airflow/example_dags/example_skip_dag.py
[2023-08-28 23:22:20,218] {logging_mixin.py:115} INFO - [2023-08-28 23:22:20,218] {dag.py:2379} INFO - Sync 1 DAGs
[2023-08-28 23:22:20,235] {logging_mixin.py:115} INFO - [2023-08-28 23:22:20,235] {dag.py:2927} INFO - Setting next_dagrun for example_skip_dag to 2023-08-28T02:22:20.235037+00:00, run_after=2023-08-29T02:22:20.235037+00:00
[2023-08-28 23:22:20,248] {processor.py:161} INFO - Processing /home/linuxlite/Documentos/airflow/venv/lib/python3.9/site-packages/airflow/example_dags/example_skip_dag.py took 0.064 seconds
[2023-08-28 23:22:53,927] {processor.py:153} INFO - Started process (PID=61922) to work on /home/linuxlite/Documentos/airflow/venv/lib/python3.9/site-packages/airflow/example_dags/example_skip_dag.py
[2023-08-28 23:22:53,928] {processor.py:641} INFO - Processing file /home/linuxlite/Documentos/airflow/venv/lib/python3.9/site-packages/airflow/example_dags/example_skip_dag.py for tasks to queue
[2023-08-28 23:22:53,929] {logging_mixin.py:115} INFO - [2023-08-28 23:22:53,929] {dagbag.py:507} INFO - Filling up the DagBag from /home/linuxlite/Documentos/airflow/venv/lib/python3.9/site-packages/airflow/example_dags/example_skip_dag.py
[2023-08-28 23:22:53,934] {processor.py:651} INFO - DAG(s) dict_keys(['example_skip_dag']) retrieved from /home/linuxlite/Documentos/airflow/venv/lib/python3.9/site-packages/airflow/example_dags/example_skip_dag.py
[2023-08-28 23:22:53,967] {logging_mixin.py:115} INFO - [2023-08-28 23:22:53,966] {dag.py:2379} INFO - Sync 1 DAGs
[2023-08-28 23:22:53,989] {logging_mixin.py:115} INFO - [2023-08-28 23:22:53,989] {dag.py:2927} INFO - Setting next_dagrun for example_skip_dag to 2023-08-28T02:22:53.989352+00:00, run_after=2023-08-29T02:22:53.989352+00:00
[2023-08-28 23:22:54,003] {processor.py:161} INFO - Processing /home/linuxlite/Documentos/airflow/venv/lib/python3.9/site-packages/airflow/example_dags/example_skip_dag.py took 0.079 seconds
[2023-08-28 23:23:31,018] {processor.py:153} INFO - Started process (PID=61964) to work on /home/linuxlite/Documentos/airflow/venv/lib/python3.9/site-packages/airflow/example_dags/example_skip_dag.py
[2023-08-28 23:23:31,019] {processor.py:641} INFO - Processing file /home/linuxlite/Documentos/airflow/venv/lib/python3.9/site-packages/airflow/example_dags/example_skip_dag.py for tasks to queue
[2023-08-28 23:23:31,019] {logging_mixin.py:115} INFO - [2023-08-28 23:23:31,019] {dagbag.py:507} INFO - Filling up the DagBag from /home/linuxlite/Documentos/airflow/venv/lib/python3.9/site-packages/airflow/example_dags/example_skip_dag.py
[2023-08-28 23:23:31,025] {processor.py:651} INFO - DAG(s) dict_keys(['example_skip_dag']) retrieved from /home/linuxlite/Documentos/airflow/venv/lib/python3.9/site-packages/airflow/example_dags/example_skip_dag.py
[2023-08-28 23:23:31,048] {logging_mixin.py:115} INFO - [2023-08-28 23:23:31,048] {dag.py:2379} INFO - Sync 1 DAGs
[2023-08-28 23:23:31,065] {logging_mixin.py:115} INFO - [2023-08-28 23:23:31,065] {dag.py:2927} INFO - Setting next_dagrun for example_skip_dag to 2023-08-28T02:23:31.065183+00:00, run_after=2023-08-29T02:23:31.065183+00:00
[2023-08-28 23:23:31,079] {processor.py:161} INFO - Processing /home/linuxlite/Documentos/airflow/venv/lib/python3.9/site-packages/airflow/example_dags/example_skip_dag.py took 0.065 seconds
[2023-08-28 23:24:04,997] {processor.py:153} INFO - Started process (PID=62006) to work on /home/linuxlite/Documentos/airflow/venv/lib/python3.9/site-packages/airflow/example_dags/example_skip_dag.py
[2023-08-28 23:24:04,998] {processor.py:641} INFO - Processing file /home/linuxlite/Documentos/airflow/venv/lib/python3.9/site-packages/airflow/example_dags/example_skip_dag.py for tasks to queue
[2023-08-28 23:24:04,998] {logging_mixin.py:115} INFO - [2023-08-28 23:24:04,998] {dagbag.py:507} INFO - Filling up the DagBag from /home/linuxlite/Documentos/airflow/venv/lib/python3.9/site-packages/airflow/example_dags/example_skip_dag.py
[2023-08-28 23:24:05,003] {processor.py:651} INFO - DAG(s) dict_keys(['example_skip_dag']) retrieved from /home/linuxlite/Documentos/airflow/venv/lib/python3.9/site-packages/airflow/example_dags/example_skip_dag.py
[2023-08-28 23:24:05,026] {logging_mixin.py:115} INFO - [2023-08-28 23:24:05,026] {dag.py:2379} INFO - Sync 1 DAGs
[2023-08-28 23:24:05,042] {logging_mixin.py:115} INFO - [2023-08-28 23:24:05,042] {dag.py:2927} INFO - Setting next_dagrun for example_skip_dag to 2023-08-28T02:24:05.042060+00:00, run_after=2023-08-29T02:24:05.042060+00:00
[2023-08-28 23:24:05,057] {processor.py:161} INFO - Processing /home/linuxlite/Documentos/airflow/venv/lib/python3.9/site-packages/airflow/example_dags/example_skip_dag.py took 0.062 seconds
[2023-08-28 23:24:36,397] {processor.py:153} INFO - Started process (PID=62043) to work on /home/linuxlite/Documentos/airflow/venv/lib/python3.9/site-packages/airflow/example_dags/example_skip_dag.py
[2023-08-28 23:24:36,398] {processor.py:641} INFO - Processing file /home/linuxlite/Documentos/airflow/venv/lib/python3.9/site-packages/airflow/example_dags/example_skip_dag.py for tasks to queue
[2023-08-28 23:24:36,399] {logging_mixin.py:115} INFO - [2023-08-28 23:24:36,399] {dagbag.py:507} INFO - Filling up the DagBag from /home/linuxlite/Documentos/airflow/venv/lib/python3.9/site-packages/airflow/example_dags/example_skip_dag.py
[2023-08-28 23:24:36,404] {processor.py:651} INFO - DAG(s) dict_keys(['example_skip_dag']) retrieved from /home/linuxlite/Documentos/airflow/venv/lib/python3.9/site-packages/airflow/example_dags/example_skip_dag.py
[2023-08-28 23:24:36,427] {logging_mixin.py:115} INFO - [2023-08-28 23:24:36,427] {dag.py:2379} INFO - Sync 1 DAGs
[2023-08-28 23:24:36,444] {logging_mixin.py:115} INFO - [2023-08-28 23:24:36,444] {dag.py:2927} INFO - Setting next_dagrun for example_skip_dag to 2023-08-28T02:24:36.444616+00:00, run_after=2023-08-29T02:24:36.444616+00:00
[2023-08-28 23:24:36,457] {processor.py:161} INFO - Processing /home/linuxlite/Documentos/airflow/venv/lib/python3.9/site-packages/airflow/example_dags/example_skip_dag.py took 0.063 seconds
[2023-08-28 23:25:07,918] {processor.py:153} INFO - Started process (PID=62144) to work on /home/linuxlite/Documentos/airflow/venv/lib/python3.9/site-packages/airflow/example_dags/example_skip_dag.py
[2023-08-28 23:25:07,919] {processor.py:641} INFO - Processing file /home/linuxlite/Documentos/airflow/venv/lib/python3.9/site-packages/airflow/example_dags/example_skip_dag.py for tasks to queue
[2023-08-28 23:25:07,920] {logging_mixin.py:115} INFO - [2023-08-28 23:25:07,920] {dagbag.py:507} INFO - Filling up the DagBag from /home/linuxlite/Documentos/airflow/venv/lib/python3.9/site-packages/airflow/example_dags/example_skip_dag.py
[2023-08-28 23:25:07,925] {processor.py:651} INFO - DAG(s) dict_keys(['example_skip_dag']) retrieved from /home/linuxlite/Documentos/airflow/venv/lib/python3.9/site-packages/airflow/example_dags/example_skip_dag.py
[2023-08-28 23:25:07,946] {logging_mixin.py:115} INFO - [2023-08-28 23:25:07,946] {dag.py:2379} INFO - Sync 1 DAGs
[2023-08-28 23:25:07,963] {logging_mixin.py:115} INFO - [2023-08-28 23:25:07,963] {dag.py:2927} INFO - Setting next_dagrun for example_skip_dag to 2023-08-28T02:25:07.962798+00:00, run_after=2023-08-29T02:25:07.962798+00:00
[2023-08-28 23:25:07,975] {processor.py:161} INFO - Processing /home/linuxlite/Documentos/airflow/venv/lib/python3.9/site-packages/airflow/example_dags/example_skip_dag.py took 0.060 seconds
[2023-08-28 23:25:41,056] {processor.py:153} INFO - Started process (PID=62179) to work on /home/linuxlite/Documentos/airflow/venv/lib/python3.9/site-packages/airflow/example_dags/example_skip_dag.py
[2023-08-28 23:25:41,058] {processor.py:641} INFO - Processing file /home/linuxlite/Documentos/airflow/venv/lib/python3.9/site-packages/airflow/example_dags/example_skip_dag.py for tasks to queue
[2023-08-28 23:25:41,058] {logging_mixin.py:115} INFO - [2023-08-28 23:25:41,058] {dagbag.py:507} INFO - Filling up the DagBag from /home/linuxlite/Documentos/airflow/venv/lib/python3.9/site-packages/airflow/example_dags/example_skip_dag.py
[2023-08-28 23:25:41,067] {processor.py:651} INFO - DAG(s) dict_keys(['example_skip_dag']) retrieved from /home/linuxlite/Documentos/airflow/venv/lib/python3.9/site-packages/airflow/example_dags/example_skip_dag.py
[2023-08-28 23:25:41,090] {logging_mixin.py:115} INFO - [2023-08-28 23:25:41,090] {dag.py:2379} INFO - Sync 1 DAGs
[2023-08-28 23:25:41,106] {logging_mixin.py:115} INFO - [2023-08-28 23:25:41,106] {dag.py:2927} INFO - Setting next_dagrun for example_skip_dag to 2023-08-28T02:25:41.106044+00:00, run_after=2023-08-29T02:25:41.106044+00:00
[2023-08-28 23:25:41,117] {processor.py:161} INFO - Processing /home/linuxlite/Documentos/airflow/venv/lib/python3.9/site-packages/airflow/example_dags/example_skip_dag.py took 0.068 seconds
[2023-08-28 23:26:18,186] {processor.py:153} INFO - Started process (PID=62229) to work on /home/linuxlite/Documentos/airflow/venv/lib/python3.9/site-packages/airflow/example_dags/example_skip_dag.py
[2023-08-28 23:26:18,188] {processor.py:641} INFO - Processing file /home/linuxlite/Documentos/airflow/venv/lib/python3.9/site-packages/airflow/example_dags/example_skip_dag.py for tasks to queue
[2023-08-28 23:26:18,189] {logging_mixin.py:115} INFO - [2023-08-28 23:26:18,188] {dagbag.py:507} INFO - Filling up the DagBag from /home/linuxlite/Documentos/airflow/venv/lib/python3.9/site-packages/airflow/example_dags/example_skip_dag.py
[2023-08-28 23:26:18,197] {processor.py:651} INFO - DAG(s) dict_keys(['example_skip_dag']) retrieved from /home/linuxlite/Documentos/airflow/venv/lib/python3.9/site-packages/airflow/example_dags/example_skip_dag.py
[2023-08-28 23:26:18,217] {logging_mixin.py:115} INFO - [2023-08-28 23:26:18,217] {dag.py:2379} INFO - Sync 1 DAGs
[2023-08-28 23:26:18,232] {logging_mixin.py:115} INFO - [2023-08-28 23:26:18,232] {dag.py:2927} INFO - Setting next_dagrun for example_skip_dag to 2023-08-28T02:26:18.232587+00:00, run_after=2023-08-29T02:26:18.232587+00:00
[2023-08-28 23:26:18,244] {processor.py:161} INFO - Processing /home/linuxlite/Documentos/airflow/venv/lib/python3.9/site-packages/airflow/example_dags/example_skip_dag.py took 0.063 seconds
[2023-08-28 23:26:52,159] {processor.py:153} INFO - Started process (PID=62268) to work on /home/linuxlite/Documentos/airflow/venv/lib/python3.9/site-packages/airflow/example_dags/example_skip_dag.py
[2023-08-28 23:26:52,160] {processor.py:641} INFO - Processing file /home/linuxlite/Documentos/airflow/venv/lib/python3.9/site-packages/airflow/example_dags/example_skip_dag.py for tasks to queue
[2023-08-28 23:26:52,160] {logging_mixin.py:115} INFO - [2023-08-28 23:26:52,160] {dagbag.py:507} INFO - Filling up the DagBag from /home/linuxlite/Documentos/airflow/venv/lib/python3.9/site-packages/airflow/example_dags/example_skip_dag.py
[2023-08-28 23:26:52,165] {processor.py:651} INFO - DAG(s) dict_keys(['example_skip_dag']) retrieved from /home/linuxlite/Documentos/airflow/venv/lib/python3.9/site-packages/airflow/example_dags/example_skip_dag.py
[2023-08-28 23:26:52,185] {logging_mixin.py:115} INFO - [2023-08-28 23:26:52,185] {dag.py:2379} INFO - Sync 1 DAGs
[2023-08-28 23:26:52,200] {logging_mixin.py:115} INFO - [2023-08-28 23:26:52,200] {dag.py:2927} INFO - Setting next_dagrun for example_skip_dag to 2023-08-28T02:26:52.199778+00:00, run_after=2023-08-29T02:26:52.199778+00:00
[2023-08-28 23:26:52,211] {processor.py:161} INFO - Processing /home/linuxlite/Documentos/airflow/venv/lib/python3.9/site-packages/airflow/example_dags/example_skip_dag.py took 0.055 seconds
[2023-08-28 23:27:26,944] {processor.py:153} INFO - Started process (PID=62323) to work on /home/linuxlite/Documentos/airflow/venv/lib/python3.9/site-packages/airflow/example_dags/example_skip_dag.py
[2023-08-28 23:27:26,945] {processor.py:641} INFO - Processing file /home/linuxlite/Documentos/airflow/venv/lib/python3.9/site-packages/airflow/example_dags/example_skip_dag.py for tasks to queue
[2023-08-28 23:27:26,946] {logging_mixin.py:115} INFO - [2023-08-28 23:27:26,946] {dagbag.py:507} INFO - Filling up the DagBag from /home/linuxlite/Documentos/airflow/venv/lib/python3.9/site-packages/airflow/example_dags/example_skip_dag.py
[2023-08-28 23:27:26,955] {processor.py:651} INFO - DAG(s) dict_keys(['example_skip_dag']) retrieved from /home/linuxlite/Documentos/airflow/venv/lib/python3.9/site-packages/airflow/example_dags/example_skip_dag.py
[2023-08-28 23:27:26,978] {logging_mixin.py:115} INFO - [2023-08-28 23:27:26,977] {dag.py:2379} INFO - Sync 1 DAGs
[2023-08-28 23:27:26,993] {logging_mixin.py:115} INFO - [2023-08-28 23:27:26,993] {dag.py:2927} INFO - Setting next_dagrun for example_skip_dag to 2023-08-28T02:27:26.993260+00:00, run_after=2023-08-29T02:27:26.993260+00:00
[2023-08-28 23:27:27,004] {processor.py:161} INFO - Processing /home/linuxlite/Documentos/airflow/venv/lib/python3.9/site-packages/airflow/example_dags/example_skip_dag.py took 0.068 seconds
