[2023-08-28 23:11:02,494] {processor.py:153} INFO - Started process (PID=59982) to work on /home/linuxlite/Documentos/airflow/venv/lib/python3.9/site-packages/airflow/example_dags/example_latest_only.py
[2023-08-28 23:11:02,495] {processor.py:641} INFO - Processing file /home/linuxlite/Documentos/airflow/venv/lib/python3.9/site-packages/airflow/example_dags/example_latest_only.py for tasks to queue
[2023-08-28 23:11:02,495] {logging_mixin.py:115} INFO - [2023-08-28 23:11:02,495] {dagbag.py:507} INFO - Filling up the DagBag from /home/linuxlite/Documentos/airflow/venv/lib/python3.9/site-packages/airflow/example_dags/example_latest_only.py
[2023-08-28 23:11:02,502] {processor.py:651} INFO - DAG(s) dict_keys(['latest_only']) retrieved from /home/linuxlite/Documentos/airflow/venv/lib/python3.9/site-packages/airflow/example_dags/example_latest_only.py
[2023-08-28 23:11:02,517] {logging_mixin.py:115} INFO - [2023-08-28 23:11:02,517] {dag.py:2379} INFO - Sync 1 DAGs
[2023-08-28 23:11:02,535] {logging_mixin.py:115} INFO - [2023-08-28 23:11:02,535] {dag.py:2927} INFO - Setting next_dagrun for latest_only to 2023-08-28T22:11:02.535053+00:00, run_after=2023-08-29T02:11:02.535053+00:00
[2023-08-28 23:11:02,547] {processor.py:161} INFO - Processing /home/linuxlite/Documentos/airflow/venv/lib/python3.9/site-packages/airflow/example_dags/example_latest_only.py took 0.057 seconds
[2023-08-28 23:11:39,705] {processor.py:153} INFO - Started process (PID=60070) to work on /home/linuxlite/Documentos/airflow/venv/lib/python3.9/site-packages/airflow/example_dags/example_latest_only.py
[2023-08-28 23:11:39,706] {processor.py:641} INFO - Processing file /home/linuxlite/Documentos/airflow/venv/lib/python3.9/site-packages/airflow/example_dags/example_latest_only.py for tasks to queue
[2023-08-28 23:11:39,706] {logging_mixin.py:115} INFO - [2023-08-28 23:11:39,706] {dagbag.py:507} INFO - Filling up the DagBag from /home/linuxlite/Documentos/airflow/venv/lib/python3.9/site-packages/airflow/example_dags/example_latest_only.py
[2023-08-28 23:11:39,713] {processor.py:651} INFO - DAG(s) dict_keys(['latest_only']) retrieved from /home/linuxlite/Documentos/airflow/venv/lib/python3.9/site-packages/airflow/example_dags/example_latest_only.py
[2023-08-28 23:11:39,729] {logging_mixin.py:115} INFO - [2023-08-28 23:11:39,729] {dag.py:2379} INFO - Sync 1 DAGs
[2023-08-28 23:11:39,747] {logging_mixin.py:115} INFO - [2023-08-28 23:11:39,747] {dag.py:2927} INFO - Setting next_dagrun for latest_only to 2023-08-28T22:11:39.746852+00:00, run_after=2023-08-29T02:11:39.746852+00:00
[2023-08-28 23:11:39,758] {processor.py:161} INFO - Processing /home/linuxlite/Documentos/airflow/venv/lib/python3.9/site-packages/airflow/example_dags/example_latest_only.py took 0.057 seconds
[2023-08-28 23:12:13,165] {processor.py:153} INFO - Started process (PID=60106) to work on /home/linuxlite/Documentos/airflow/venv/lib/python3.9/site-packages/airflow/example_dags/example_latest_only.py
[2023-08-28 23:12:13,167] {processor.py:641} INFO - Processing file /home/linuxlite/Documentos/airflow/venv/lib/python3.9/site-packages/airflow/example_dags/example_latest_only.py for tasks to queue
[2023-08-28 23:12:13,167] {logging_mixin.py:115} INFO - [2023-08-28 23:12:13,167] {dagbag.py:507} INFO - Filling up the DagBag from /home/linuxlite/Documentos/airflow/venv/lib/python3.9/site-packages/airflow/example_dags/example_latest_only.py
[2023-08-28 23:12:13,174] {processor.py:651} INFO - DAG(s) dict_keys(['latest_only']) retrieved from /home/linuxlite/Documentos/airflow/venv/lib/python3.9/site-packages/airflow/example_dags/example_latest_only.py
[2023-08-28 23:12:13,191] {logging_mixin.py:115} INFO - [2023-08-28 23:12:13,191] {dag.py:2379} INFO - Sync 1 DAGs
[2023-08-28 23:12:13,212] {logging_mixin.py:115} INFO - [2023-08-28 23:12:13,211] {dag.py:2927} INFO - Setting next_dagrun for latest_only to 2023-08-28T22:12:13.211687+00:00, run_after=2023-08-29T02:12:13.211687+00:00
[2023-08-28 23:12:13,225] {processor.py:161} INFO - Processing /home/linuxlite/Documentos/airflow/venv/lib/python3.9/site-packages/airflow/example_dags/example_latest_only.py took 0.065 seconds
[2023-08-28 23:12:47,860] {processor.py:153} INFO - Started process (PID=60151) to work on /home/linuxlite/Documentos/airflow/venv/lib/python3.9/site-packages/airflow/example_dags/example_latest_only.py
[2023-08-28 23:12:47,861] {processor.py:641} INFO - Processing file /home/linuxlite/Documentos/airflow/venv/lib/python3.9/site-packages/airflow/example_dags/example_latest_only.py for tasks to queue
[2023-08-28 23:12:47,861] {logging_mixin.py:115} INFO - [2023-08-28 23:12:47,861] {dagbag.py:507} INFO - Filling up the DagBag from /home/linuxlite/Documentos/airflow/venv/lib/python3.9/site-packages/airflow/example_dags/example_latest_only.py
[2023-08-28 23:12:47,867] {processor.py:651} INFO - DAG(s) dict_keys(['latest_only']) retrieved from /home/linuxlite/Documentos/airflow/venv/lib/python3.9/site-packages/airflow/example_dags/example_latest_only.py
[2023-08-28 23:12:47,881] {logging_mixin.py:115} INFO - [2023-08-28 23:12:47,881] {dag.py:2379} INFO - Sync 1 DAGs
[2023-08-28 23:12:47,898] {logging_mixin.py:115} INFO - [2023-08-28 23:12:47,898] {dag.py:2927} INFO - Setting next_dagrun for latest_only to 2023-08-28T22:12:47.898040+00:00, run_after=2023-08-29T02:12:47.898040+00:00
[2023-08-28 23:12:47,910] {processor.py:161} INFO - Processing /home/linuxlite/Documentos/airflow/venv/lib/python3.9/site-packages/airflow/example_dags/example_latest_only.py took 0.053 seconds
[2023-08-28 23:13:25,518] {processor.py:153} INFO - Started process (PID=60187) to work on /home/linuxlite/Documentos/airflow/venv/lib/python3.9/site-packages/airflow/example_dags/example_latest_only.py
[2023-08-28 23:13:25,519] {processor.py:641} INFO - Processing file /home/linuxlite/Documentos/airflow/venv/lib/python3.9/site-packages/airflow/example_dags/example_latest_only.py for tasks to queue
[2023-08-28 23:13:25,520] {logging_mixin.py:115} INFO - [2023-08-28 23:13:25,520] {dagbag.py:507} INFO - Filling up the DagBag from /home/linuxlite/Documentos/airflow/venv/lib/python3.9/site-packages/airflow/example_dags/example_latest_only.py
[2023-08-28 23:13:25,525] {processor.py:651} INFO - DAG(s) dict_keys(['latest_only']) retrieved from /home/linuxlite/Documentos/airflow/venv/lib/python3.9/site-packages/airflow/example_dags/example_latest_only.py
[2023-08-28 23:13:25,542] {logging_mixin.py:115} INFO - [2023-08-28 23:13:25,542] {dag.py:2379} INFO - Sync 1 DAGs
[2023-08-28 23:13:25,560] {logging_mixin.py:115} INFO - [2023-08-28 23:13:25,560] {dag.py:2927} INFO - Setting next_dagrun for latest_only to 2023-08-28T22:13:25.560166+00:00, run_after=2023-08-29T02:13:25.560166+00:00
[2023-08-28 23:13:25,572] {processor.py:161} INFO - Processing /home/linuxlite/Documentos/airflow/venv/lib/python3.9/site-packages/airflow/example_dags/example_latest_only.py took 0.059 seconds
[2023-08-28 23:13:58,764] {processor.py:153} INFO - Started process (PID=60233) to work on /home/linuxlite/Documentos/airflow/venv/lib/python3.9/site-packages/airflow/example_dags/example_latest_only.py
[2023-08-28 23:13:58,765] {processor.py:641} INFO - Processing file /home/linuxlite/Documentos/airflow/venv/lib/python3.9/site-packages/airflow/example_dags/example_latest_only.py for tasks to queue
[2023-08-28 23:13:58,766] {logging_mixin.py:115} INFO - [2023-08-28 23:13:58,766] {dagbag.py:507} INFO - Filling up the DagBag from /home/linuxlite/Documentos/airflow/venv/lib/python3.9/site-packages/airflow/example_dags/example_latest_only.py
[2023-08-28 23:13:58,772] {processor.py:651} INFO - DAG(s) dict_keys(['latest_only']) retrieved from /home/linuxlite/Documentos/airflow/venv/lib/python3.9/site-packages/airflow/example_dags/example_latest_only.py
[2023-08-28 23:13:58,790] {logging_mixin.py:115} INFO - [2023-08-28 23:13:58,790] {dag.py:2379} INFO - Sync 1 DAGs
[2023-08-28 23:13:58,811] {logging_mixin.py:115} INFO - [2023-08-28 23:13:58,811] {dag.py:2927} INFO - Setting next_dagrun for latest_only to 2023-08-28T22:13:58.810817+00:00, run_after=2023-08-29T02:13:58.810817+00:00
[2023-08-28 23:13:58,825] {processor.py:161} INFO - Processing /home/linuxlite/Documentos/airflow/venv/lib/python3.9/site-packages/airflow/example_dags/example_latest_only.py took 0.064 seconds
[2023-08-28 23:14:35,217] {processor.py:153} INFO - Started process (PID=60283) to work on /home/linuxlite/Documentos/airflow/venv/lib/python3.9/site-packages/airflow/example_dags/example_latest_only.py
[2023-08-28 23:14:35,218] {processor.py:641} INFO - Processing file /home/linuxlite/Documentos/airflow/venv/lib/python3.9/site-packages/airflow/example_dags/example_latest_only.py for tasks to queue
[2023-08-28 23:14:35,218] {logging_mixin.py:115} INFO - [2023-08-28 23:14:35,218] {dagbag.py:507} INFO - Filling up the DagBag from /home/linuxlite/Documentos/airflow/venv/lib/python3.9/site-packages/airflow/example_dags/example_latest_only.py
[2023-08-28 23:14:35,224] {processor.py:651} INFO - DAG(s) dict_keys(['latest_only']) retrieved from /home/linuxlite/Documentos/airflow/venv/lib/python3.9/site-packages/airflow/example_dags/example_latest_only.py
[2023-08-28 23:14:35,239] {logging_mixin.py:115} INFO - [2023-08-28 23:14:35,239] {dag.py:2379} INFO - Sync 1 DAGs
[2023-08-28 23:14:35,255] {logging_mixin.py:115} INFO - [2023-08-28 23:14:35,255] {dag.py:2927} INFO - Setting next_dagrun for latest_only to 2023-08-28T22:14:35.255519+00:00, run_after=2023-08-29T02:14:35.255519+00:00
[2023-08-28 23:14:35,266] {processor.py:161} INFO - Processing /home/linuxlite/Documentos/airflow/venv/lib/python3.9/site-packages/airflow/example_dags/example_latest_only.py took 0.052 seconds
[2023-08-28 23:15:10,557] {processor.py:153} INFO - Started process (PID=60424) to work on /home/linuxlite/Documentos/airflow/venv/lib/python3.9/site-packages/airflow/example_dags/example_latest_only.py
[2023-08-28 23:15:10,558] {processor.py:641} INFO - Processing file /home/linuxlite/Documentos/airflow/venv/lib/python3.9/site-packages/airflow/example_dags/example_latest_only.py for tasks to queue
[2023-08-28 23:15:10,558] {logging_mixin.py:115} INFO - [2023-08-28 23:15:10,558] {dagbag.py:507} INFO - Filling up the DagBag from /home/linuxlite/Documentos/airflow/venv/lib/python3.9/site-packages/airflow/example_dags/example_latest_only.py
[2023-08-28 23:15:10,566] {processor.py:651} INFO - DAG(s) dict_keys(['latest_only']) retrieved from /home/linuxlite/Documentos/airflow/venv/lib/python3.9/site-packages/airflow/example_dags/example_latest_only.py
[2023-08-28 23:15:10,585] {logging_mixin.py:115} INFO - [2023-08-28 23:15:10,585] {dag.py:2379} INFO - Sync 1 DAGs
[2023-08-28 23:15:10,608] {logging_mixin.py:115} INFO - [2023-08-28 23:15:10,608] {dag.py:2927} INFO - Setting next_dagrun for latest_only to 2023-08-28T22:15:10.607582+00:00, run_after=2023-08-29T02:15:10.607582+00:00
[2023-08-28 23:15:10,624] {processor.py:161} INFO - Processing /home/linuxlite/Documentos/airflow/venv/lib/python3.9/site-packages/airflow/example_dags/example_latest_only.py took 0.073 seconds
[2023-08-28 23:15:45,239] {processor.py:153} INFO - Started process (PID=60566) to work on /home/linuxlite/Documentos/airflow/venv/lib/python3.9/site-packages/airflow/example_dags/example_latest_only.py
[2023-08-28 23:15:45,241] {processor.py:641} INFO - Processing file /home/linuxlite/Documentos/airflow/venv/lib/python3.9/site-packages/airflow/example_dags/example_latest_only.py for tasks to queue
[2023-08-28 23:15:45,241] {logging_mixin.py:115} INFO - [2023-08-28 23:15:45,241] {dagbag.py:507} INFO - Filling up the DagBag from /home/linuxlite/Documentos/airflow/venv/lib/python3.9/site-packages/airflow/example_dags/example_latest_only.py
[2023-08-28 23:15:45,247] {processor.py:651} INFO - DAG(s) dict_keys(['latest_only']) retrieved from /home/linuxlite/Documentos/airflow/venv/lib/python3.9/site-packages/airflow/example_dags/example_latest_only.py
[2023-08-28 23:15:45,264] {logging_mixin.py:115} INFO - [2023-08-28 23:15:45,264] {dag.py:2379} INFO - Sync 1 DAGs
[2023-08-28 23:15:45,283] {logging_mixin.py:115} INFO - [2023-08-28 23:15:45,283] {dag.py:2927} INFO - Setting next_dagrun for latest_only to 2023-08-28T22:15:45.283497+00:00, run_after=2023-08-29T02:15:45.283497+00:00
[2023-08-28 23:15:45,297] {processor.py:161} INFO - Processing /home/linuxlite/Documentos/airflow/venv/lib/python3.9/site-packages/airflow/example_dags/example_latest_only.py took 0.060 seconds
[2023-08-28 23:16:18,969] {processor.py:153} INFO - Started process (PID=60603) to work on /home/linuxlite/Documentos/airflow/venv/lib/python3.9/site-packages/airflow/example_dags/example_latest_only.py
[2023-08-28 23:16:18,970] {processor.py:641} INFO - Processing file /home/linuxlite/Documentos/airflow/venv/lib/python3.9/site-packages/airflow/example_dags/example_latest_only.py for tasks to queue
[2023-08-28 23:16:18,970] {logging_mixin.py:115} INFO - [2023-08-28 23:16:18,970] {dagbag.py:507} INFO - Filling up the DagBag from /home/linuxlite/Documentos/airflow/venv/lib/python3.9/site-packages/airflow/example_dags/example_latest_only.py
[2023-08-28 23:16:18,977] {processor.py:651} INFO - DAG(s) dict_keys(['latest_only']) retrieved from /home/linuxlite/Documentos/airflow/venv/lib/python3.9/site-packages/airflow/example_dags/example_latest_only.py
[2023-08-28 23:16:18,993] {logging_mixin.py:115} INFO - [2023-08-28 23:16:18,993] {dag.py:2379} INFO - Sync 1 DAGs
[2023-08-28 23:16:19,011] {logging_mixin.py:115} INFO - [2023-08-28 23:16:19,011] {dag.py:2927} INFO - Setting next_dagrun for latest_only to 2023-08-28T22:16:19.011380+00:00, run_after=2023-08-29T02:16:19.011380+00:00
[2023-08-28 23:16:19,022] {processor.py:161} INFO - Processing /home/linuxlite/Documentos/airflow/venv/lib/python3.9/site-packages/airflow/example_dags/example_latest_only.py took 0.058 seconds
[2023-08-28 23:16:52,623] {processor.py:153} INFO - Started process (PID=60815) to work on /home/linuxlite/Documentos/airflow/venv/lib/python3.9/site-packages/airflow/example_dags/example_latest_only.py
[2023-08-28 23:16:52,624] {processor.py:641} INFO - Processing file /home/linuxlite/Documentos/airflow/venv/lib/python3.9/site-packages/airflow/example_dags/example_latest_only.py for tasks to queue
[2023-08-28 23:16:52,626] {logging_mixin.py:115} INFO - [2023-08-28 23:16:52,626] {dagbag.py:507} INFO - Filling up the DagBag from /home/linuxlite/Documentos/airflow/venv/lib/python3.9/site-packages/airflow/example_dags/example_latest_only.py
[2023-08-28 23:16:52,643] {processor.py:651} INFO - DAG(s) dict_keys(['latest_only']) retrieved from /home/linuxlite/Documentos/airflow/venv/lib/python3.9/site-packages/airflow/example_dags/example_latest_only.py
[2023-08-28 23:16:52,682] {logging_mixin.py:115} INFO - [2023-08-28 23:16:52,682] {dag.py:2379} INFO - Sync 1 DAGs
[2023-08-28 23:16:52,725] {logging_mixin.py:115} INFO - [2023-08-28 23:16:52,724] {dag.py:2927} INFO - Setting next_dagrun for latest_only to 2023-08-28T22:16:52.724339+00:00, run_after=2023-08-29T02:16:52.724339+00:00
[2023-08-28 23:16:52,745] {processor.py:161} INFO - Processing /home/linuxlite/Documentos/airflow/venv/lib/python3.9/site-packages/airflow/example_dags/example_latest_only.py took 0.128 seconds
[2023-08-28 23:17:27,717] {processor.py:153} INFO - Started process (PID=60853) to work on /home/linuxlite/Documentos/airflow/venv/lib/python3.9/site-packages/airflow/example_dags/example_latest_only.py
[2023-08-28 23:17:27,717] {processor.py:641} INFO - Processing file /home/linuxlite/Documentos/airflow/venv/lib/python3.9/site-packages/airflow/example_dags/example_latest_only.py for tasks to queue
[2023-08-28 23:17:27,718] {logging_mixin.py:115} INFO - [2023-08-28 23:17:27,718] {dagbag.py:507} INFO - Filling up the DagBag from /home/linuxlite/Documentos/airflow/venv/lib/python3.9/site-packages/airflow/example_dags/example_latest_only.py
[2023-08-28 23:17:27,724] {processor.py:651} INFO - DAG(s) dict_keys(['latest_only']) retrieved from /home/linuxlite/Documentos/airflow/venv/lib/python3.9/site-packages/airflow/example_dags/example_latest_only.py
[2023-08-28 23:17:27,745] {logging_mixin.py:115} INFO - [2023-08-28 23:17:27,745] {dag.py:2379} INFO - Sync 1 DAGs
[2023-08-28 23:17:27,769] {logging_mixin.py:115} INFO - [2023-08-28 23:17:27,769] {dag.py:2927} INFO - Setting next_dagrun for latest_only to 2023-08-28T22:17:27.769109+00:00, run_after=2023-08-29T02:17:27.769109+00:00
[2023-08-28 23:17:27,781] {processor.py:161} INFO - Processing /home/linuxlite/Documentos/airflow/venv/lib/python3.9/site-packages/airflow/example_dags/example_latest_only.py took 0.069 seconds
[2023-08-28 23:18:04,939] {processor.py:153} INFO - Started process (PID=61264) to work on /home/linuxlite/Documentos/airflow/venv/lib/python3.9/site-packages/airflow/example_dags/example_latest_only.py
[2023-08-28 23:18:04,940] {processor.py:641} INFO - Processing file /home/linuxlite/Documentos/airflow/venv/lib/python3.9/site-packages/airflow/example_dags/example_latest_only.py for tasks to queue
[2023-08-28 23:18:04,941] {logging_mixin.py:115} INFO - [2023-08-28 23:18:04,941] {dagbag.py:507} INFO - Filling up the DagBag from /home/linuxlite/Documentos/airflow/venv/lib/python3.9/site-packages/airflow/example_dags/example_latest_only.py
[2023-08-28 23:18:04,946] {processor.py:651} INFO - DAG(s) dict_keys(['latest_only']) retrieved from /home/linuxlite/Documentos/airflow/venv/lib/python3.9/site-packages/airflow/example_dags/example_latest_only.py
[2023-08-28 23:18:04,962] {logging_mixin.py:115} INFO - [2023-08-28 23:18:04,962] {dag.py:2379} INFO - Sync 1 DAGs
[2023-08-28 23:18:04,979] {logging_mixin.py:115} INFO - [2023-08-28 23:18:04,979] {dag.py:2927} INFO - Setting next_dagrun for latest_only to 2023-08-28T22:18:04.978768+00:00, run_after=2023-08-29T02:18:04.978768+00:00
[2023-08-28 23:18:04,991] {processor.py:161} INFO - Processing /home/linuxlite/Documentos/airflow/venv/lib/python3.9/site-packages/airflow/example_dags/example_latest_only.py took 0.055 seconds
[2023-08-28 23:18:38,754] {processor.py:153} INFO - Started process (PID=61522) to work on /home/linuxlite/Documentos/airflow/venv/lib/python3.9/site-packages/airflow/example_dags/example_latest_only.py
[2023-08-28 23:18:38,754] {processor.py:641} INFO - Processing file /home/linuxlite/Documentos/airflow/venv/lib/python3.9/site-packages/airflow/example_dags/example_latest_only.py for tasks to queue
[2023-08-28 23:18:38,755] {logging_mixin.py:115} INFO - [2023-08-28 23:18:38,755] {dagbag.py:507} INFO - Filling up the DagBag from /home/linuxlite/Documentos/airflow/venv/lib/python3.9/site-packages/airflow/example_dags/example_latest_only.py
[2023-08-28 23:18:38,760] {processor.py:651} INFO - DAG(s) dict_keys(['latest_only']) retrieved from /home/linuxlite/Documentos/airflow/venv/lib/python3.9/site-packages/airflow/example_dags/example_latest_only.py
[2023-08-28 23:18:38,776] {logging_mixin.py:115} INFO - [2023-08-28 23:18:38,776] {dag.py:2379} INFO - Sync 1 DAGs
[2023-08-28 23:18:38,794] {logging_mixin.py:115} INFO - [2023-08-28 23:18:38,794] {dag.py:2927} INFO - Setting next_dagrun for latest_only to 2023-08-28T22:18:38.794535+00:00, run_after=2023-08-29T02:18:38.794535+00:00
[2023-08-28 23:18:38,810] {processor.py:161} INFO - Processing /home/linuxlite/Documentos/airflow/venv/lib/python3.9/site-packages/airflow/example_dags/example_latest_only.py took 0.059 seconds
[2023-08-28 23:19:17,375] {processor.py:153} INFO - Started process (PID=61576) to work on /home/linuxlite/Documentos/airflow/venv/lib/python3.9/site-packages/airflow/example_dags/example_latest_only.py
[2023-08-28 23:19:17,375] {processor.py:641} INFO - Processing file /home/linuxlite/Documentos/airflow/venv/lib/python3.9/site-packages/airflow/example_dags/example_latest_only.py for tasks to queue
[2023-08-28 23:19:17,376] {logging_mixin.py:115} INFO - [2023-08-28 23:19:17,376] {dagbag.py:507} INFO - Filling up the DagBag from /home/linuxlite/Documentos/airflow/venv/lib/python3.9/site-packages/airflow/example_dags/example_latest_only.py
[2023-08-28 23:19:17,381] {processor.py:651} INFO - DAG(s) dict_keys(['latest_only']) retrieved from /home/linuxlite/Documentos/airflow/venv/lib/python3.9/site-packages/airflow/example_dags/example_latest_only.py
[2023-08-28 23:19:17,397] {logging_mixin.py:115} INFO - [2023-08-28 23:19:17,397] {dag.py:2379} INFO - Sync 1 DAGs
[2023-08-28 23:19:17,416] {logging_mixin.py:115} INFO - [2023-08-28 23:19:17,416] {dag.py:2927} INFO - Setting next_dagrun for latest_only to 2023-08-28T22:19:17.415733+00:00, run_after=2023-08-29T02:19:17.415733+00:00
[2023-08-28 23:19:17,427] {processor.py:161} INFO - Processing /home/linuxlite/Documentos/airflow/venv/lib/python3.9/site-packages/airflow/example_dags/example_latest_only.py took 0.056 seconds
[2023-08-28 23:19:50,742] {processor.py:153} INFO - Started process (PID=61636) to work on /home/linuxlite/Documentos/airflow/venv/lib/python3.9/site-packages/airflow/example_dags/example_latest_only.py
[2023-08-28 23:19:50,742] {processor.py:641} INFO - Processing file /home/linuxlite/Documentos/airflow/venv/lib/python3.9/site-packages/airflow/example_dags/example_latest_only.py for tasks to queue
[2023-08-28 23:19:50,743] {logging_mixin.py:115} INFO - [2023-08-28 23:19:50,743] {dagbag.py:507} INFO - Filling up the DagBag from /home/linuxlite/Documentos/airflow/venv/lib/python3.9/site-packages/airflow/example_dags/example_latest_only.py
[2023-08-28 23:19:50,747] {processor.py:651} INFO - DAG(s) dict_keys(['latest_only']) retrieved from /home/linuxlite/Documentos/airflow/venv/lib/python3.9/site-packages/airflow/example_dags/example_latest_only.py
[2023-08-28 23:19:50,763] {logging_mixin.py:115} INFO - [2023-08-28 23:19:50,763] {dag.py:2379} INFO - Sync 1 DAGs
[2023-08-28 23:19:50,782] {logging_mixin.py:115} INFO - [2023-08-28 23:19:50,782] {dag.py:2927} INFO - Setting next_dagrun for latest_only to 2023-08-28T22:19:50.781633+00:00, run_after=2023-08-29T02:19:50.781633+00:00
[2023-08-28 23:19:50,794] {processor.py:161} INFO - Processing /home/linuxlite/Documentos/airflow/venv/lib/python3.9/site-packages/airflow/example_dags/example_latest_only.py took 0.055 seconds
[2023-08-28 23:20:29,141] {processor.py:153} INFO - Started process (PID=61736) to work on /home/linuxlite/Documentos/airflow/venv/lib/python3.9/site-packages/airflow/example_dags/example_latest_only.py
[2023-08-28 23:20:29,143] {processor.py:641} INFO - Processing file /home/linuxlite/Documentos/airflow/venv/lib/python3.9/site-packages/airflow/example_dags/example_latest_only.py for tasks to queue
[2023-08-28 23:20:29,144] {logging_mixin.py:115} INFO - [2023-08-28 23:20:29,144] {dagbag.py:507} INFO - Filling up the DagBag from /home/linuxlite/Documentos/airflow/venv/lib/python3.9/site-packages/airflow/example_dags/example_latest_only.py
[2023-08-28 23:20:29,151] {processor.py:651} INFO - DAG(s) dict_keys(['latest_only']) retrieved from /home/linuxlite/Documentos/airflow/venv/lib/python3.9/site-packages/airflow/example_dags/example_latest_only.py
[2023-08-28 23:20:29,170] {logging_mixin.py:115} INFO - [2023-08-28 23:20:29,169] {dag.py:2379} INFO - Sync 1 DAGs
[2023-08-28 23:20:29,185] {logging_mixin.py:115} INFO - [2023-08-28 23:20:29,185] {dag.py:2927} INFO - Setting next_dagrun for latest_only to 2023-08-28T22:20:29.185435+00:00, run_after=2023-08-29T02:20:29.185435+00:00
[2023-08-28 23:20:29,198] {processor.py:161} INFO - Processing /home/linuxlite/Documentos/airflow/venv/lib/python3.9/site-packages/airflow/example_dags/example_latest_only.py took 0.061 seconds
[2023-08-28 23:21:03,264] {processor.py:153} INFO - Started process (PID=61773) to work on /home/linuxlite/Documentos/airflow/venv/lib/python3.9/site-packages/airflow/example_dags/example_latest_only.py
[2023-08-28 23:21:03,265] {processor.py:641} INFO - Processing file /home/linuxlite/Documentos/airflow/venv/lib/python3.9/site-packages/airflow/example_dags/example_latest_only.py for tasks to queue
[2023-08-28 23:21:03,265] {logging_mixin.py:115} INFO - [2023-08-28 23:21:03,265] {dagbag.py:507} INFO - Filling up the DagBag from /home/linuxlite/Documentos/airflow/venv/lib/python3.9/site-packages/airflow/example_dags/example_latest_only.py
[2023-08-28 23:21:03,270] {processor.py:651} INFO - DAG(s) dict_keys(['latest_only']) retrieved from /home/linuxlite/Documentos/airflow/venv/lib/python3.9/site-packages/airflow/example_dags/example_latest_only.py
[2023-08-28 23:21:03,289] {logging_mixin.py:115} INFO - [2023-08-28 23:21:03,289] {dag.py:2379} INFO - Sync 1 DAGs
[2023-08-28 23:21:03,304] {logging_mixin.py:115} INFO - [2023-08-28 23:21:03,304] {dag.py:2927} INFO - Setting next_dagrun for latest_only to 2023-08-28T22:21:03.304073+00:00, run_after=2023-08-29T02:21:03.304073+00:00
[2023-08-28 23:21:03,317] {processor.py:161} INFO - Processing /home/linuxlite/Documentos/airflow/venv/lib/python3.9/site-packages/airflow/example_dags/example_latest_only.py took 0.056 seconds
[2023-08-28 23:21:38,656] {processor.py:153} INFO - Started process (PID=61821) to work on /home/linuxlite/Documentos/airflow/venv/lib/python3.9/site-packages/airflow/example_dags/example_latest_only.py
[2023-08-28 23:21:38,657] {processor.py:641} INFO - Processing file /home/linuxlite/Documentos/airflow/venv/lib/python3.9/site-packages/airflow/example_dags/example_latest_only.py for tasks to queue
[2023-08-28 23:21:38,658] {logging_mixin.py:115} INFO - [2023-08-28 23:21:38,658] {dagbag.py:507} INFO - Filling up the DagBag from /home/linuxlite/Documentos/airflow/venv/lib/python3.9/site-packages/airflow/example_dags/example_latest_only.py
[2023-08-28 23:21:38,664] {processor.py:651} INFO - DAG(s) dict_keys(['latest_only']) retrieved from /home/linuxlite/Documentos/airflow/venv/lib/python3.9/site-packages/airflow/example_dags/example_latest_only.py
[2023-08-28 23:21:38,683] {logging_mixin.py:115} INFO - [2023-08-28 23:21:38,683] {dag.py:2379} INFO - Sync 1 DAGs
[2023-08-28 23:21:38,699] {logging_mixin.py:115} INFO - [2023-08-28 23:21:38,699] {dag.py:2927} INFO - Setting next_dagrun for latest_only to 2023-08-28T22:21:38.699582+00:00, run_after=2023-08-29T02:21:38.699582+00:00
[2023-08-28 23:21:38,713] {processor.py:161} INFO - Processing /home/linuxlite/Documentos/airflow/venv/lib/python3.9/site-packages/airflow/example_dags/example_latest_only.py took 0.060 seconds
[2023-08-28 23:22:12,762] {processor.py:153} INFO - Started process (PID=61875) to work on /home/linuxlite/Documentos/airflow/venv/lib/python3.9/site-packages/airflow/example_dags/example_latest_only.py
[2023-08-28 23:22:12,763] {processor.py:641} INFO - Processing file /home/linuxlite/Documentos/airflow/venv/lib/python3.9/site-packages/airflow/example_dags/example_latest_only.py for tasks to queue
[2023-08-28 23:22:12,764] {logging_mixin.py:115} INFO - [2023-08-28 23:22:12,764] {dagbag.py:507} INFO - Filling up the DagBag from /home/linuxlite/Documentos/airflow/venv/lib/python3.9/site-packages/airflow/example_dags/example_latest_only.py
[2023-08-28 23:22:12,769] {processor.py:651} INFO - DAG(s) dict_keys(['latest_only']) retrieved from /home/linuxlite/Documentos/airflow/venv/lib/python3.9/site-packages/airflow/example_dags/example_latest_only.py
[2023-08-28 23:22:12,789] {logging_mixin.py:115} INFO - [2023-08-28 23:22:12,789] {dag.py:2379} INFO - Sync 1 DAGs
[2023-08-28 23:22:12,803] {logging_mixin.py:115} INFO - [2023-08-28 23:22:12,803] {dag.py:2927} INFO - Setting next_dagrun for latest_only to 2023-08-28T22:22:12.802968+00:00, run_after=2023-08-29T02:22:12.802968+00:00
[2023-08-28 23:22:12,814] {processor.py:161} INFO - Processing /home/linuxlite/Documentos/airflow/venv/lib/python3.9/site-packages/airflow/example_dags/example_latest_only.py took 0.055 seconds
[2023-08-28 23:22:45,905] {processor.py:153} INFO - Started process (PID=61914) to work on /home/linuxlite/Documentos/airflow/venv/lib/python3.9/site-packages/airflow/example_dags/example_latest_only.py
[2023-08-28 23:22:45,906] {processor.py:641} INFO - Processing file /home/linuxlite/Documentos/airflow/venv/lib/python3.9/site-packages/airflow/example_dags/example_latest_only.py for tasks to queue
[2023-08-28 23:22:45,907] {logging_mixin.py:115} INFO - [2023-08-28 23:22:45,907] {dagbag.py:507} INFO - Filling up the DagBag from /home/linuxlite/Documentos/airflow/venv/lib/python3.9/site-packages/airflow/example_dags/example_latest_only.py
[2023-08-28 23:22:45,914] {processor.py:651} INFO - DAG(s) dict_keys(['latest_only']) retrieved from /home/linuxlite/Documentos/airflow/venv/lib/python3.9/site-packages/airflow/example_dags/example_latest_only.py
[2023-08-28 23:22:45,937] {logging_mixin.py:115} INFO - [2023-08-28 23:22:45,937] {dag.py:2379} INFO - Sync 1 DAGs
[2023-08-28 23:22:45,956] {logging_mixin.py:115} INFO - [2023-08-28 23:22:45,956] {dag.py:2927} INFO - Setting next_dagrun for latest_only to 2023-08-28T22:22:45.956051+00:00, run_after=2023-08-29T02:22:45.956051+00:00
[2023-08-28 23:22:45,970] {processor.py:161} INFO - Processing /home/linuxlite/Documentos/airflow/venv/lib/python3.9/site-packages/airflow/example_dags/example_latest_only.py took 0.068 seconds
[2023-08-28 23:23:21,438] {processor.py:153} INFO - Started process (PID=61955) to work on /home/linuxlite/Documentos/airflow/venv/lib/python3.9/site-packages/airflow/example_dags/example_latest_only.py
[2023-08-28 23:23:21,439] {processor.py:641} INFO - Processing file /home/linuxlite/Documentos/airflow/venv/lib/python3.9/site-packages/airflow/example_dags/example_latest_only.py for tasks to queue
[2023-08-28 23:23:21,440] {logging_mixin.py:115} INFO - [2023-08-28 23:23:21,440] {dagbag.py:507} INFO - Filling up the DagBag from /home/linuxlite/Documentos/airflow/venv/lib/python3.9/site-packages/airflow/example_dags/example_latest_only.py
[2023-08-28 23:23:21,446] {processor.py:651} INFO - DAG(s) dict_keys(['latest_only']) retrieved from /home/linuxlite/Documentos/airflow/venv/lib/python3.9/site-packages/airflow/example_dags/example_latest_only.py
[2023-08-28 23:23:21,464] {logging_mixin.py:115} INFO - [2023-08-28 23:23:21,464] {dag.py:2379} INFO - Sync 1 DAGs
[2023-08-28 23:23:21,480] {logging_mixin.py:115} INFO - [2023-08-28 23:23:21,480] {dag.py:2927} INFO - Setting next_dagrun for latest_only to 2023-08-28T22:23:21.479996+00:00, run_after=2023-08-29T02:23:21.479996+00:00
[2023-08-28 23:23:21,491] {processor.py:161} INFO - Processing /home/linuxlite/Documentos/airflow/venv/lib/python3.9/site-packages/airflow/example_dags/example_latest_only.py took 0.056 seconds
[2023-08-28 23:23:59,097] {processor.py:153} INFO - Started process (PID=62000) to work on /home/linuxlite/Documentos/airflow/venv/lib/python3.9/site-packages/airflow/example_dags/example_latest_only.py
[2023-08-28 23:23:59,098] {processor.py:641} INFO - Processing file /home/linuxlite/Documentos/airflow/venv/lib/python3.9/site-packages/airflow/example_dags/example_latest_only.py for tasks to queue
[2023-08-28 23:23:59,099] {logging_mixin.py:115} INFO - [2023-08-28 23:23:59,099] {dagbag.py:507} INFO - Filling up the DagBag from /home/linuxlite/Documentos/airflow/venv/lib/python3.9/site-packages/airflow/example_dags/example_latest_only.py
[2023-08-28 23:23:59,105] {processor.py:651} INFO - DAG(s) dict_keys(['latest_only']) retrieved from /home/linuxlite/Documentos/airflow/venv/lib/python3.9/site-packages/airflow/example_dags/example_latest_only.py
[2023-08-28 23:23:59,124] {logging_mixin.py:115} INFO - [2023-08-28 23:23:59,123] {dag.py:2379} INFO - Sync 1 DAGs
[2023-08-28 23:23:59,139] {logging_mixin.py:115} INFO - [2023-08-28 23:23:59,138] {dag.py:2927} INFO - Setting next_dagrun for latest_only to 2023-08-28T22:23:59.138710+00:00, run_after=2023-08-29T02:23:59.138710+00:00
[2023-08-28 23:23:59,151] {processor.py:161} INFO - Processing /home/linuxlite/Documentos/airflow/venv/lib/python3.9/site-packages/airflow/example_dags/example_latest_only.py took 0.057 seconds
[2023-08-28 23:24:35,264] {processor.py:153} INFO - Started process (PID=62041) to work on /home/linuxlite/Documentos/airflow/venv/lib/python3.9/site-packages/airflow/example_dags/example_latest_only.py
[2023-08-28 23:24:35,266] {processor.py:641} INFO - Processing file /home/linuxlite/Documentos/airflow/venv/lib/python3.9/site-packages/airflow/example_dags/example_latest_only.py for tasks to queue
[2023-08-28 23:24:35,266] {logging_mixin.py:115} INFO - [2023-08-28 23:24:35,266] {dagbag.py:507} INFO - Filling up the DagBag from /home/linuxlite/Documentos/airflow/venv/lib/python3.9/site-packages/airflow/example_dags/example_latest_only.py
[2023-08-28 23:24:35,273] {processor.py:651} INFO - DAG(s) dict_keys(['latest_only']) retrieved from /home/linuxlite/Documentos/airflow/venv/lib/python3.9/site-packages/airflow/example_dags/example_latest_only.py
[2023-08-28 23:24:35,293] {logging_mixin.py:115} INFO - [2023-08-28 23:24:35,292] {dag.py:2379} INFO - Sync 1 DAGs
[2023-08-28 23:24:35,310] {logging_mixin.py:115} INFO - [2023-08-28 23:24:35,309] {dag.py:2927} INFO - Setting next_dagrun for latest_only to 2023-08-28T22:24:35.309750+00:00, run_after=2023-08-29T02:24:35.309750+00:00
[2023-08-28 23:24:35,323] {processor.py:161} INFO - Processing /home/linuxlite/Documentos/airflow/venv/lib/python3.9/site-packages/airflow/example_dags/example_latest_only.py took 0.062 seconds
[2023-08-28 23:25:11,437] {processor.py:153} INFO - Started process (PID=62147) to work on /home/linuxlite/Documentos/airflow/venv/lib/python3.9/site-packages/airflow/example_dags/example_latest_only.py
[2023-08-28 23:25:11,438] {processor.py:641} INFO - Processing file /home/linuxlite/Documentos/airflow/venv/lib/python3.9/site-packages/airflow/example_dags/example_latest_only.py for tasks to queue
[2023-08-28 23:25:11,439] {logging_mixin.py:115} INFO - [2023-08-28 23:25:11,439] {dagbag.py:507} INFO - Filling up the DagBag from /home/linuxlite/Documentos/airflow/venv/lib/python3.9/site-packages/airflow/example_dags/example_latest_only.py
[2023-08-28 23:25:11,445] {processor.py:651} INFO - DAG(s) dict_keys(['latest_only']) retrieved from /home/linuxlite/Documentos/airflow/venv/lib/python3.9/site-packages/airflow/example_dags/example_latest_only.py
[2023-08-28 23:25:11,468] {logging_mixin.py:115} INFO - [2023-08-28 23:25:11,468] {dag.py:2379} INFO - Sync 1 DAGs
[2023-08-28 23:25:11,496] {logging_mixin.py:115} INFO - [2023-08-28 23:25:11,494] {dag.py:2927} INFO - Setting next_dagrun for latest_only to 2023-08-28T22:25:11.494427+00:00, run_after=2023-08-29T02:25:11.494427+00:00
[2023-08-28 23:25:11,512] {processor.py:161} INFO - Processing /home/linuxlite/Documentos/airflow/venv/lib/python3.9/site-packages/airflow/example_dags/example_latest_only.py took 0.078 seconds
[2023-08-28 23:25:46,193] {processor.py:153} INFO - Started process (PID=62184) to work on /home/linuxlite/Documentos/airflow/venv/lib/python3.9/site-packages/airflow/example_dags/example_latest_only.py
[2023-08-28 23:25:46,194] {processor.py:641} INFO - Processing file /home/linuxlite/Documentos/airflow/venv/lib/python3.9/site-packages/airflow/example_dags/example_latest_only.py for tasks to queue
[2023-08-28 23:25:46,195] {logging_mixin.py:115} INFO - [2023-08-28 23:25:46,195] {dagbag.py:507} INFO - Filling up the DagBag from /home/linuxlite/Documentos/airflow/venv/lib/python3.9/site-packages/airflow/example_dags/example_latest_only.py
[2023-08-28 23:25:46,201] {processor.py:651} INFO - DAG(s) dict_keys(['latest_only']) retrieved from /home/linuxlite/Documentos/airflow/venv/lib/python3.9/site-packages/airflow/example_dags/example_latest_only.py
[2023-08-28 23:25:46,221] {logging_mixin.py:115} INFO - [2023-08-28 23:25:46,221] {dag.py:2379} INFO - Sync 1 DAGs
[2023-08-28 23:25:46,238] {logging_mixin.py:115} INFO - [2023-08-28 23:25:46,237] {dag.py:2927} INFO - Setting next_dagrun for latest_only to 2023-08-28T22:25:46.237599+00:00, run_after=2023-08-29T02:25:46.237599+00:00
[2023-08-28 23:25:46,250] {processor.py:161} INFO - Processing /home/linuxlite/Documentos/airflow/venv/lib/python3.9/site-packages/airflow/example_dags/example_latest_only.py took 0.061 seconds
[2023-08-28 23:26:21,908] {processor.py:153} INFO - Started process (PID=62233) to work on /home/linuxlite/Documentos/airflow/venv/lib/python3.9/site-packages/airflow/example_dags/example_latest_only.py
[2023-08-28 23:26:21,910] {processor.py:641} INFO - Processing file /home/linuxlite/Documentos/airflow/venv/lib/python3.9/site-packages/airflow/example_dags/example_latest_only.py for tasks to queue
[2023-08-28 23:26:21,910] {logging_mixin.py:115} INFO - [2023-08-28 23:26:21,910] {dagbag.py:507} INFO - Filling up the DagBag from /home/linuxlite/Documentos/airflow/venv/lib/python3.9/site-packages/airflow/example_dags/example_latest_only.py
[2023-08-28 23:26:21,915] {processor.py:651} INFO - DAG(s) dict_keys(['latest_only']) retrieved from /home/linuxlite/Documentos/airflow/venv/lib/python3.9/site-packages/airflow/example_dags/example_latest_only.py
[2023-08-28 23:26:21,935] {logging_mixin.py:115} INFO - [2023-08-28 23:26:21,935] {dag.py:2379} INFO - Sync 1 DAGs
[2023-08-28 23:26:21,951] {logging_mixin.py:115} INFO - [2023-08-28 23:26:21,951] {dag.py:2927} INFO - Setting next_dagrun for latest_only to 2023-08-28T22:26:21.950982+00:00, run_after=2023-08-29T02:26:21.950982+00:00
[2023-08-28 23:26:21,964] {processor.py:161} INFO - Processing /home/linuxlite/Documentos/airflow/venv/lib/python3.9/site-packages/airflow/example_dags/example_latest_only.py took 0.060 seconds
[2023-08-28 23:26:56,155] {processor.py:153} INFO - Started process (PID=62272) to work on /home/linuxlite/Documentos/airflow/venv/lib/python3.9/site-packages/airflow/example_dags/example_latest_only.py
[2023-08-28 23:26:56,156] {processor.py:641} INFO - Processing file /home/linuxlite/Documentos/airflow/venv/lib/python3.9/site-packages/airflow/example_dags/example_latest_only.py for tasks to queue
[2023-08-28 23:26:56,157] {logging_mixin.py:115} INFO - [2023-08-28 23:26:56,157] {dagbag.py:507} INFO - Filling up the DagBag from /home/linuxlite/Documentos/airflow/venv/lib/python3.9/site-packages/airflow/example_dags/example_latest_only.py
[2023-08-28 23:26:56,164] {processor.py:651} INFO - DAG(s) dict_keys(['latest_only']) retrieved from /home/linuxlite/Documentos/airflow/venv/lib/python3.9/site-packages/airflow/example_dags/example_latest_only.py
[2023-08-28 23:26:56,183] {logging_mixin.py:115} INFO - [2023-08-28 23:26:56,182] {dag.py:2379} INFO - Sync 1 DAGs
[2023-08-28 23:26:56,199] {logging_mixin.py:115} INFO - [2023-08-28 23:26:56,199] {dag.py:2927} INFO - Setting next_dagrun for latest_only to 2023-08-28T22:26:56.199237+00:00, run_after=2023-08-29T02:26:56.199237+00:00
[2023-08-28 23:26:56,210] {processor.py:161} INFO - Processing /home/linuxlite/Documentos/airflow/venv/lib/python3.9/site-packages/airflow/example_dags/example_latest_only.py took 0.058 seconds
[2023-08-28 23:27:31,491] {processor.py:153} INFO - Started process (PID=62327) to work on /home/linuxlite/Documentos/airflow/venv/lib/python3.9/site-packages/airflow/example_dags/example_latest_only.py
[2023-08-28 23:27:31,492] {processor.py:641} INFO - Processing file /home/linuxlite/Documentos/airflow/venv/lib/python3.9/site-packages/airflow/example_dags/example_latest_only.py for tasks to queue
[2023-08-28 23:27:31,493] {logging_mixin.py:115} INFO - [2023-08-28 23:27:31,493] {dagbag.py:507} INFO - Filling up the DagBag from /home/linuxlite/Documentos/airflow/venv/lib/python3.9/site-packages/airflow/example_dags/example_latest_only.py
[2023-08-28 23:27:31,501] {processor.py:651} INFO - DAG(s) dict_keys(['latest_only']) retrieved from /home/linuxlite/Documentos/airflow/venv/lib/python3.9/site-packages/airflow/example_dags/example_latest_only.py
[2023-08-28 23:27:31,521] {logging_mixin.py:115} INFO - [2023-08-28 23:27:31,521] {dag.py:2379} INFO - Sync 1 DAGs
[2023-08-28 23:27:31,537] {logging_mixin.py:115} INFO - [2023-08-28 23:27:31,537] {dag.py:2927} INFO - Setting next_dagrun for latest_only to 2023-08-28T22:27:31.537193+00:00, run_after=2023-08-29T02:27:31.537193+00:00
[2023-08-28 23:27:31,550] {processor.py:161} INFO - Processing /home/linuxlite/Documentos/airflow/venv/lib/python3.9/site-packages/airflow/example_dags/example_latest_only.py took 0.067 seconds
