[2023-08-28 23:11:12,774] {processor.py:153} INFO - Started process (PID=60043) to work on /home/linuxlite/Documentos/airflow/venv/lib/python3.9/site-packages/airflow/example_dags/example_bash_operator.py
[2023-08-28 23:11:12,775] {processor.py:641} INFO - Processing file /home/linuxlite/Documentos/airflow/venv/lib/python3.9/site-packages/airflow/example_dags/example_bash_operator.py for tasks to queue
[2023-08-28 23:11:12,776] {logging_mixin.py:115} INFO - [2023-08-28 23:11:12,775] {dagbag.py:507} INFO - Filling up the DagBag from /home/linuxlite/Documentos/airflow/venv/lib/python3.9/site-packages/airflow/example_dags/example_bash_operator.py
[2023-08-28 23:11:12,794] {processor.py:651} INFO - DAG(s) dict_keys(['example_bash_operator']) retrieved from /home/linuxlite/Documentos/airflow/venv/lib/python3.9/site-packages/airflow/example_dags/example_bash_operator.py
[2023-08-28 23:11:12,817] {logging_mixin.py:115} INFO - [2023-08-28 23:11:12,817] {dag.py:2379} INFO - Sync 1 DAGs
[2023-08-28 23:11:12,844] {logging_mixin.py:115} INFO - [2023-08-28 23:11:12,843] {dag.py:2927} INFO - Setting next_dagrun for example_bash_operator to 2023-08-28T00:00:00+00:00, run_after=2023-08-29T00:00:00+00:00
[2023-08-28 23:11:12,864] {processor.py:161} INFO - Processing /home/linuxlite/Documentos/airflow/venv/lib/python3.9/site-packages/airflow/example_dags/example_bash_operator.py took 0.094 seconds
[2023-08-28 23:11:49,997] {processor.py:153} INFO - Started process (PID=60081) to work on /home/linuxlite/Documentos/airflow/venv/lib/python3.9/site-packages/airflow/example_dags/example_bash_operator.py
[2023-08-28 23:11:49,998] {processor.py:641} INFO - Processing file /home/linuxlite/Documentos/airflow/venv/lib/python3.9/site-packages/airflow/example_dags/example_bash_operator.py for tasks to queue
[2023-08-28 23:11:49,998] {logging_mixin.py:115} INFO - [2023-08-28 23:11:49,998] {dagbag.py:507} INFO - Filling up the DagBag from /home/linuxlite/Documentos/airflow/venv/lib/python3.9/site-packages/airflow/example_dags/example_bash_operator.py
[2023-08-28 23:11:50,010] {processor.py:651} INFO - DAG(s) dict_keys(['example_bash_operator']) retrieved from /home/linuxlite/Documentos/airflow/venv/lib/python3.9/site-packages/airflow/example_dags/example_bash_operator.py
[2023-08-28 23:11:50,028] {logging_mixin.py:115} INFO - [2023-08-28 23:11:50,027] {dag.py:2379} INFO - Sync 1 DAGs
[2023-08-28 23:11:50,051] {logging_mixin.py:115} INFO - [2023-08-28 23:11:50,050] {dag.py:2927} INFO - Setting next_dagrun for example_bash_operator to 2023-08-28T00:00:00+00:00, run_after=2023-08-29T00:00:00+00:00
[2023-08-28 23:11:50,068] {processor.py:161} INFO - Processing /home/linuxlite/Documentos/airflow/venv/lib/python3.9/site-packages/airflow/example_dags/example_bash_operator.py took 0.074 seconds
[2023-08-28 23:12:23,737] {processor.py:153} INFO - Started process (PID=60123) to work on /home/linuxlite/Documentos/airflow/venv/lib/python3.9/site-packages/airflow/example_dags/example_bash_operator.py
[2023-08-28 23:12:23,738] {processor.py:641} INFO - Processing file /home/linuxlite/Documentos/airflow/venv/lib/python3.9/site-packages/airflow/example_dags/example_bash_operator.py for tasks to queue
[2023-08-28 23:12:23,738] {logging_mixin.py:115} INFO - [2023-08-28 23:12:23,738] {dagbag.py:507} INFO - Filling up the DagBag from /home/linuxlite/Documentos/airflow/venv/lib/python3.9/site-packages/airflow/example_dags/example_bash_operator.py
[2023-08-28 23:12:23,752] {processor.py:651} INFO - DAG(s) dict_keys(['example_bash_operator']) retrieved from /home/linuxlite/Documentos/airflow/venv/lib/python3.9/site-packages/airflow/example_dags/example_bash_operator.py
[2023-08-28 23:12:23,772] {logging_mixin.py:115} INFO - [2023-08-28 23:12:23,772] {dag.py:2379} INFO - Sync 1 DAGs
[2023-08-28 23:12:23,795] {logging_mixin.py:115} INFO - [2023-08-28 23:12:23,795] {dag.py:2927} INFO - Setting next_dagrun for example_bash_operator to 2023-08-28T00:00:00+00:00, run_after=2023-08-29T00:00:00+00:00
[2023-08-28 23:12:23,813] {processor.py:161} INFO - Processing /home/linuxlite/Documentos/airflow/venv/lib/python3.9/site-packages/airflow/example_dags/example_bash_operator.py took 0.079 seconds
[2023-08-28 23:12:59,298] {processor.py:153} INFO - Started process (PID=60162) to work on /home/linuxlite/Documentos/airflow/venv/lib/python3.9/site-packages/airflow/example_dags/example_bash_operator.py
[2023-08-28 23:12:59,299] {processor.py:641} INFO - Processing file /home/linuxlite/Documentos/airflow/venv/lib/python3.9/site-packages/airflow/example_dags/example_bash_operator.py for tasks to queue
[2023-08-28 23:12:59,299] {logging_mixin.py:115} INFO - [2023-08-28 23:12:59,299] {dagbag.py:507} INFO - Filling up the DagBag from /home/linuxlite/Documentos/airflow/venv/lib/python3.9/site-packages/airflow/example_dags/example_bash_operator.py
[2023-08-28 23:12:59,312] {processor.py:651} INFO - DAG(s) dict_keys(['example_bash_operator']) retrieved from /home/linuxlite/Documentos/airflow/venv/lib/python3.9/site-packages/airflow/example_dags/example_bash_operator.py
[2023-08-28 23:12:59,327] {logging_mixin.py:115} INFO - [2023-08-28 23:12:59,327] {dag.py:2379} INFO - Sync 1 DAGs
[2023-08-28 23:12:59,348] {logging_mixin.py:115} INFO - [2023-08-28 23:12:59,348] {dag.py:2927} INFO - Setting next_dagrun for example_bash_operator to 2023-08-28T00:00:00+00:00, run_after=2023-08-29T00:00:00+00:00
[2023-08-28 23:12:59,360] {processor.py:161} INFO - Processing /home/linuxlite/Documentos/airflow/venv/lib/python3.9/site-packages/airflow/example_dags/example_bash_operator.py took 0.065 seconds
[2023-08-28 23:13:37,226] {processor.py:153} INFO - Started process (PID=60206) to work on /home/linuxlite/Documentos/airflow/venv/lib/python3.9/site-packages/airflow/example_dags/example_bash_operator.py
[2023-08-28 23:13:37,227] {processor.py:641} INFO - Processing file /home/linuxlite/Documentos/airflow/venv/lib/python3.9/site-packages/airflow/example_dags/example_bash_operator.py for tasks to queue
[2023-08-28 23:13:37,228] {logging_mixin.py:115} INFO - [2023-08-28 23:13:37,227] {dagbag.py:507} INFO - Filling up the DagBag from /home/linuxlite/Documentos/airflow/venv/lib/python3.9/site-packages/airflow/example_dags/example_bash_operator.py
[2023-08-28 23:13:37,240] {processor.py:651} INFO - DAG(s) dict_keys(['example_bash_operator']) retrieved from /home/linuxlite/Documentos/airflow/venv/lib/python3.9/site-packages/airflow/example_dags/example_bash_operator.py
[2023-08-28 23:13:37,256] {logging_mixin.py:115} INFO - [2023-08-28 23:13:37,256] {dag.py:2379} INFO - Sync 1 DAGs
[2023-08-28 23:13:37,272] {logging_mixin.py:115} INFO - [2023-08-28 23:13:37,272] {dag.py:2927} INFO - Setting next_dagrun for example_bash_operator to 2023-08-28T00:00:00+00:00, run_after=2023-08-29T00:00:00+00:00
[2023-08-28 23:13:37,282] {processor.py:161} INFO - Processing /home/linuxlite/Documentos/airflow/venv/lib/python3.9/site-packages/airflow/example_dags/example_bash_operator.py took 0.060 seconds
[2023-08-28 23:14:18,453] {processor.py:153} INFO - Started process (PID=60253) to work on /home/linuxlite/Documentos/airflow/venv/lib/python3.9/site-packages/airflow/example_dags/example_bash_operator.py
[2023-08-28 23:14:18,453] {processor.py:641} INFO - Processing file /home/linuxlite/Documentos/airflow/venv/lib/python3.9/site-packages/airflow/example_dags/example_bash_operator.py for tasks to queue
[2023-08-28 23:14:18,454] {logging_mixin.py:115} INFO - [2023-08-28 23:14:18,454] {dagbag.py:507} INFO - Filling up the DagBag from /home/linuxlite/Documentos/airflow/venv/lib/python3.9/site-packages/airflow/example_dags/example_bash_operator.py
[2023-08-28 23:14:18,466] {processor.py:651} INFO - DAG(s) dict_keys(['example_bash_operator']) retrieved from /home/linuxlite/Documentos/airflow/venv/lib/python3.9/site-packages/airflow/example_dags/example_bash_operator.py
[2023-08-28 23:14:18,484] {logging_mixin.py:115} INFO - [2023-08-28 23:14:18,483] {dag.py:2379} INFO - Sync 1 DAGs
[2023-08-28 23:14:18,505] {logging_mixin.py:115} INFO - [2023-08-28 23:14:18,505] {dag.py:2927} INFO - Setting next_dagrun for example_bash_operator to 2023-08-28T00:00:00+00:00, run_after=2023-08-29T00:00:00+00:00
[2023-08-28 23:14:18,518] {processor.py:161} INFO - Processing /home/linuxlite/Documentos/airflow/venv/lib/python3.9/site-packages/airflow/example_dags/example_bash_operator.py took 0.069 seconds
[2023-08-28 23:14:56,826] {processor.py:153} INFO - Started process (PID=60307) to work on /home/linuxlite/Documentos/airflow/venv/lib/python3.9/site-packages/airflow/example_dags/example_bash_operator.py
[2023-08-28 23:14:56,827] {processor.py:641} INFO - Processing file /home/linuxlite/Documentos/airflow/venv/lib/python3.9/site-packages/airflow/example_dags/example_bash_operator.py for tasks to queue
[2023-08-28 23:14:56,828] {logging_mixin.py:115} INFO - [2023-08-28 23:14:56,828] {dagbag.py:507} INFO - Filling up the DagBag from /home/linuxlite/Documentos/airflow/venv/lib/python3.9/site-packages/airflow/example_dags/example_bash_operator.py
[2023-08-28 23:14:56,841] {processor.py:651} INFO - DAG(s) dict_keys(['example_bash_operator']) retrieved from /home/linuxlite/Documentos/airflow/venv/lib/python3.9/site-packages/airflow/example_dags/example_bash_operator.py
[2023-08-28 23:14:56,870] {logging_mixin.py:115} INFO - [2023-08-28 23:14:56,870] {dag.py:2379} INFO - Sync 1 DAGs
[2023-08-28 23:14:56,896] {logging_mixin.py:115} INFO - [2023-08-28 23:14:56,896] {dag.py:2927} INFO - Setting next_dagrun for example_bash_operator to 2023-08-28T00:00:00+00:00, run_after=2023-08-29T00:00:00+00:00
[2023-08-28 23:14:56,915] {processor.py:161} INFO - Processing /home/linuxlite/Documentos/airflow/venv/lib/python3.9/site-packages/airflow/example_dags/example_bash_operator.py took 0.093 seconds
[2023-08-28 23:15:32,255] {processor.py:153} INFO - Started process (PID=60554) to work on /home/linuxlite/Documentos/airflow/venv/lib/python3.9/site-packages/airflow/example_dags/example_bash_operator.py
[2023-08-28 23:15:32,256] {processor.py:641} INFO - Processing file /home/linuxlite/Documentos/airflow/venv/lib/python3.9/site-packages/airflow/example_dags/example_bash_operator.py for tasks to queue
[2023-08-28 23:15:32,256] {logging_mixin.py:115} INFO - [2023-08-28 23:15:32,256] {dagbag.py:507} INFO - Filling up the DagBag from /home/linuxlite/Documentos/airflow/venv/lib/python3.9/site-packages/airflow/example_dags/example_bash_operator.py
[2023-08-28 23:15:32,269] {processor.py:651} INFO - DAG(s) dict_keys(['example_bash_operator']) retrieved from /home/linuxlite/Documentos/airflow/venv/lib/python3.9/site-packages/airflow/example_dags/example_bash_operator.py
[2023-08-28 23:15:32,288] {logging_mixin.py:115} INFO - [2023-08-28 23:15:32,287] {dag.py:2379} INFO - Sync 1 DAGs
[2023-08-28 23:15:32,304] {logging_mixin.py:115} INFO - [2023-08-28 23:15:32,303] {dag.py:2927} INFO - Setting next_dagrun for example_bash_operator to 2023-08-28T00:00:00+00:00, run_after=2023-08-29T00:00:00+00:00
[2023-08-28 23:15:32,316] {processor.py:161} INFO - Processing /home/linuxlite/Documentos/airflow/venv/lib/python3.9/site-packages/airflow/example_dags/example_bash_operator.py took 0.067 seconds
[2023-08-28 23:16:10,634] {processor.py:153} INFO - Started process (PID=60594) to work on /home/linuxlite/Documentos/airflow/venv/lib/python3.9/site-packages/airflow/example_dags/example_bash_operator.py
[2023-08-28 23:16:10,635] {processor.py:641} INFO - Processing file /home/linuxlite/Documentos/airflow/venv/lib/python3.9/site-packages/airflow/example_dags/example_bash_operator.py for tasks to queue
[2023-08-28 23:16:10,635] {logging_mixin.py:115} INFO - [2023-08-28 23:16:10,635] {dagbag.py:507} INFO - Filling up the DagBag from /home/linuxlite/Documentos/airflow/venv/lib/python3.9/site-packages/airflow/example_dags/example_bash_operator.py
[2023-08-28 23:16:10,646] {processor.py:651} INFO - DAG(s) dict_keys(['example_bash_operator']) retrieved from /home/linuxlite/Documentos/airflow/venv/lib/python3.9/site-packages/airflow/example_dags/example_bash_operator.py
[2023-08-28 23:16:10,663] {logging_mixin.py:115} INFO - [2023-08-28 23:16:10,663] {dag.py:2379} INFO - Sync 1 DAGs
[2023-08-28 23:16:10,678] {logging_mixin.py:115} INFO - [2023-08-28 23:16:10,678] {dag.py:2927} INFO - Setting next_dagrun for example_bash_operator to 2023-08-28T00:00:00+00:00, run_after=2023-08-29T00:00:00+00:00
[2023-08-28 23:16:10,689] {processor.py:161} INFO - Processing /home/linuxlite/Documentos/airflow/venv/lib/python3.9/site-packages/airflow/example_dags/example_bash_operator.py took 0.058 seconds
[2023-08-28 23:16:45,446] {processor.py:153} INFO - Started process (PID=60807) to work on /home/linuxlite/Documentos/airflow/venv/lib/python3.9/site-packages/airflow/example_dags/example_bash_operator.py
[2023-08-28 23:16:45,447] {processor.py:641} INFO - Processing file /home/linuxlite/Documentos/airflow/venv/lib/python3.9/site-packages/airflow/example_dags/example_bash_operator.py for tasks to queue
[2023-08-28 23:16:45,448] {logging_mixin.py:115} INFO - [2023-08-28 23:16:45,447] {dagbag.py:507} INFO - Filling up the DagBag from /home/linuxlite/Documentos/airflow/venv/lib/python3.9/site-packages/airflow/example_dags/example_bash_operator.py
[2023-08-28 23:16:45,475] {processor.py:651} INFO - DAG(s) dict_keys(['example_bash_operator']) retrieved from /home/linuxlite/Documentos/airflow/venv/lib/python3.9/site-packages/airflow/example_dags/example_bash_operator.py
[2023-08-28 23:16:45,516] {logging_mixin.py:115} INFO - [2023-08-28 23:16:45,516] {dag.py:2379} INFO - Sync 1 DAGs
[2023-08-28 23:16:45,570] {logging_mixin.py:115} INFO - [2023-08-28 23:16:45,570] {dag.py:2927} INFO - Setting next_dagrun for example_bash_operator to 2023-08-28T00:00:00+00:00, run_after=2023-08-29T00:00:00+00:00
[2023-08-28 23:16:45,595] {processor.py:161} INFO - Processing /home/linuxlite/Documentos/airflow/venv/lib/python3.9/site-packages/airflow/example_dags/example_bash_operator.py took 0.155 seconds
[2023-08-28 23:17:23,609] {processor.py:153} INFO - Started process (PID=60849) to work on /home/linuxlite/Documentos/airflow/venv/lib/python3.9/site-packages/airflow/example_dags/example_bash_operator.py
[2023-08-28 23:17:23,610] {processor.py:641} INFO - Processing file /home/linuxlite/Documentos/airflow/venv/lib/python3.9/site-packages/airflow/example_dags/example_bash_operator.py for tasks to queue
[2023-08-28 23:17:23,611] {logging_mixin.py:115} INFO - [2023-08-28 23:17:23,611] {dagbag.py:507} INFO - Filling up the DagBag from /home/linuxlite/Documentos/airflow/venv/lib/python3.9/site-packages/airflow/example_dags/example_bash_operator.py
[2023-08-28 23:17:23,623] {processor.py:651} INFO - DAG(s) dict_keys(['example_bash_operator']) retrieved from /home/linuxlite/Documentos/airflow/venv/lib/python3.9/site-packages/airflow/example_dags/example_bash_operator.py
[2023-08-28 23:17:23,643] {logging_mixin.py:115} INFO - [2023-08-28 23:17:23,643] {dag.py:2379} INFO - Sync 1 DAGs
[2023-08-28 23:17:23,662] {logging_mixin.py:115} INFO - [2023-08-28 23:17:23,662] {dag.py:2927} INFO - Setting next_dagrun for example_bash_operator to 2023-08-28T00:00:00+00:00, run_after=2023-08-29T00:00:00+00:00
[2023-08-28 23:17:23,674] {processor.py:161} INFO - Processing /home/linuxlite/Documentos/airflow/venv/lib/python3.9/site-packages/airflow/example_dags/example_bash_operator.py took 0.068 seconds
[2023-08-28 23:17:59,825] {processor.py:153} INFO - Started process (PID=61151) to work on /home/linuxlite/Documentos/airflow/venv/lib/python3.9/site-packages/airflow/example_dags/example_bash_operator.py
[2023-08-28 23:17:59,827] {processor.py:641} INFO - Processing file /home/linuxlite/Documentos/airflow/venv/lib/python3.9/site-packages/airflow/example_dags/example_bash_operator.py for tasks to queue
[2023-08-28 23:17:59,828] {logging_mixin.py:115} INFO - [2023-08-28 23:17:59,828] {dagbag.py:507} INFO - Filling up the DagBag from /home/linuxlite/Documentos/airflow/venv/lib/python3.9/site-packages/airflow/example_dags/example_bash_operator.py
[2023-08-28 23:17:59,841] {processor.py:651} INFO - DAG(s) dict_keys(['example_bash_operator']) retrieved from /home/linuxlite/Documentos/airflow/venv/lib/python3.9/site-packages/airflow/example_dags/example_bash_operator.py
[2023-08-28 23:17:59,861] {logging_mixin.py:115} INFO - [2023-08-28 23:17:59,861] {dag.py:2379} INFO - Sync 1 DAGs
[2023-08-28 23:17:59,881] {logging_mixin.py:115} INFO - [2023-08-28 23:17:59,880] {dag.py:2927} INFO - Setting next_dagrun for example_bash_operator to 2023-08-28T00:00:00+00:00, run_after=2023-08-29T00:00:00+00:00
[2023-08-28 23:17:59,899] {processor.py:161} INFO - Processing /home/linuxlite/Documentos/airflow/venv/lib/python3.9/site-packages/airflow/example_dags/example_bash_operator.py took 0.080 seconds
[2023-08-28 23:18:35,728] {processor.py:153} INFO - Started process (PID=61518) to work on /home/linuxlite/Documentos/airflow/venv/lib/python3.9/site-packages/airflow/example_dags/example_bash_operator.py
[2023-08-28 23:18:35,729] {processor.py:641} INFO - Processing file /home/linuxlite/Documentos/airflow/venv/lib/python3.9/site-packages/airflow/example_dags/example_bash_operator.py for tasks to queue
[2023-08-28 23:18:35,729] {logging_mixin.py:115} INFO - [2023-08-28 23:18:35,729] {dagbag.py:507} INFO - Filling up the DagBag from /home/linuxlite/Documentos/airflow/venv/lib/python3.9/site-packages/airflow/example_dags/example_bash_operator.py
[2023-08-28 23:18:35,740] {processor.py:651} INFO - DAG(s) dict_keys(['example_bash_operator']) retrieved from /home/linuxlite/Documentos/airflow/venv/lib/python3.9/site-packages/airflow/example_dags/example_bash_operator.py
[2023-08-28 23:18:35,758] {logging_mixin.py:115} INFO - [2023-08-28 23:18:35,758] {dag.py:2379} INFO - Sync 1 DAGs
[2023-08-28 23:18:35,775] {logging_mixin.py:115} INFO - [2023-08-28 23:18:35,775] {dag.py:2927} INFO - Setting next_dagrun for example_bash_operator to 2023-08-28T00:00:00+00:00, run_after=2023-08-29T00:00:00+00:00
[2023-08-28 23:18:35,786] {processor.py:161} INFO - Processing /home/linuxlite/Documentos/airflow/venv/lib/python3.9/site-packages/airflow/example_dags/example_bash_operator.py took 0.061 seconds
[2023-08-28 23:19:13,378] {processor.py:153} INFO - Started process (PID=61565) to work on /home/linuxlite/Documentos/airflow/venv/lib/python3.9/site-packages/airflow/example_dags/example_bash_operator.py
[2023-08-28 23:19:13,379] {processor.py:641} INFO - Processing file /home/linuxlite/Documentos/airflow/venv/lib/python3.9/site-packages/airflow/example_dags/example_bash_operator.py for tasks to queue
[2023-08-28 23:19:13,380] {logging_mixin.py:115} INFO - [2023-08-28 23:19:13,380] {dagbag.py:507} INFO - Filling up the DagBag from /home/linuxlite/Documentos/airflow/venv/lib/python3.9/site-packages/airflow/example_dags/example_bash_operator.py
[2023-08-28 23:19:13,390] {processor.py:651} INFO - DAG(s) dict_keys(['example_bash_operator']) retrieved from /home/linuxlite/Documentos/airflow/venv/lib/python3.9/site-packages/airflow/example_dags/example_bash_operator.py
[2023-08-28 23:19:13,407] {logging_mixin.py:115} INFO - [2023-08-28 23:19:13,407] {dag.py:2379} INFO - Sync 1 DAGs
[2023-08-28 23:19:13,422] {logging_mixin.py:115} INFO - [2023-08-28 23:19:13,422] {dag.py:2927} INFO - Setting next_dagrun for example_bash_operator to 2023-08-28T00:00:00+00:00, run_after=2023-08-29T00:00:00+00:00
[2023-08-28 23:19:13,434] {processor.py:161} INFO - Processing /home/linuxlite/Documentos/airflow/venv/lib/python3.9/site-packages/airflow/example_dags/example_bash_operator.py took 0.059 seconds
[2023-08-28 23:19:47,494] {processor.py:153} INFO - Started process (PID=61627) to work on /home/linuxlite/Documentos/airflow/venv/lib/python3.9/site-packages/airflow/example_dags/example_bash_operator.py
[2023-08-28 23:19:47,495] {processor.py:641} INFO - Processing file /home/linuxlite/Documentos/airflow/venv/lib/python3.9/site-packages/airflow/example_dags/example_bash_operator.py for tasks to queue
[2023-08-28 23:19:47,495] {logging_mixin.py:115} INFO - [2023-08-28 23:19:47,495] {dagbag.py:507} INFO - Filling up the DagBag from /home/linuxlite/Documentos/airflow/venv/lib/python3.9/site-packages/airflow/example_dags/example_bash_operator.py
[2023-08-28 23:19:47,507] {processor.py:651} INFO - DAG(s) dict_keys(['example_bash_operator']) retrieved from /home/linuxlite/Documentos/airflow/venv/lib/python3.9/site-packages/airflow/example_dags/example_bash_operator.py
[2023-08-28 23:19:47,525] {logging_mixin.py:115} INFO - [2023-08-28 23:19:47,525] {dag.py:2379} INFO - Sync 1 DAGs
[2023-08-28 23:19:47,540] {logging_mixin.py:115} INFO - [2023-08-28 23:19:47,540] {dag.py:2927} INFO - Setting next_dagrun for example_bash_operator to 2023-08-28T00:00:00+00:00, run_after=2023-08-29T00:00:00+00:00
[2023-08-28 23:19:47,553] {processor.py:161} INFO - Processing /home/linuxlite/Documentos/airflow/venv/lib/python3.9/site-packages/airflow/example_dags/example_bash_operator.py took 0.062 seconds
[2023-08-28 23:20:24,144] {processor.py:153} INFO - Started process (PID=61731) to work on /home/linuxlite/Documentos/airflow/venv/lib/python3.9/site-packages/airflow/example_dags/example_bash_operator.py
[2023-08-28 23:20:24,144] {processor.py:641} INFO - Processing file /home/linuxlite/Documentos/airflow/venv/lib/python3.9/site-packages/airflow/example_dags/example_bash_operator.py for tasks to queue
[2023-08-28 23:20:24,145] {logging_mixin.py:115} INFO - [2023-08-28 23:20:24,145] {dagbag.py:507} INFO - Filling up the DagBag from /home/linuxlite/Documentos/airflow/venv/lib/python3.9/site-packages/airflow/example_dags/example_bash_operator.py
[2023-08-28 23:20:24,160] {processor.py:651} INFO - DAG(s) dict_keys(['example_bash_operator']) retrieved from /home/linuxlite/Documentos/airflow/venv/lib/python3.9/site-packages/airflow/example_dags/example_bash_operator.py
[2023-08-28 23:20:24,184] {logging_mixin.py:115} INFO - [2023-08-28 23:20:24,184] {dag.py:2379} INFO - Sync 1 DAGs
[2023-08-28 23:20:24,209] {logging_mixin.py:115} INFO - [2023-08-28 23:20:24,208] {dag.py:2927} INFO - Setting next_dagrun for example_bash_operator to 2023-08-28T00:00:00+00:00, run_after=2023-08-29T00:00:00+00:00
[2023-08-28 23:20:24,219] {processor.py:161} INFO - Processing /home/linuxlite/Documentos/airflow/venv/lib/python3.9/site-packages/airflow/example_dags/example_bash_operator.py took 0.081 seconds
[2023-08-28 23:20:59,554] {processor.py:153} INFO - Started process (PID=61769) to work on /home/linuxlite/Documentos/airflow/venv/lib/python3.9/site-packages/airflow/example_dags/example_bash_operator.py
[2023-08-28 23:20:59,555] {processor.py:641} INFO - Processing file /home/linuxlite/Documentos/airflow/venv/lib/python3.9/site-packages/airflow/example_dags/example_bash_operator.py for tasks to queue
[2023-08-28 23:20:59,556] {logging_mixin.py:115} INFO - [2023-08-28 23:20:59,556] {dagbag.py:507} INFO - Filling up the DagBag from /home/linuxlite/Documentos/airflow/venv/lib/python3.9/site-packages/airflow/example_dags/example_bash_operator.py
[2023-08-28 23:20:59,570] {processor.py:651} INFO - DAG(s) dict_keys(['example_bash_operator']) retrieved from /home/linuxlite/Documentos/airflow/venv/lib/python3.9/site-packages/airflow/example_dags/example_bash_operator.py
[2023-08-28 23:20:59,589] {logging_mixin.py:115} INFO - [2023-08-28 23:20:59,588] {dag.py:2379} INFO - Sync 1 DAGs
[2023-08-28 23:20:59,604] {logging_mixin.py:115} INFO - [2023-08-28 23:20:59,604] {dag.py:2927} INFO - Setting next_dagrun for example_bash_operator to 2023-08-28T00:00:00+00:00, run_after=2023-08-29T00:00:00+00:00
[2023-08-28 23:20:59,617] {processor.py:161} INFO - Processing /home/linuxlite/Documentos/airflow/venv/lib/python3.9/site-packages/airflow/example_dags/example_bash_operator.py took 0.069 seconds
[2023-08-28 23:21:34,654] {processor.py:153} INFO - Started process (PID=61816) to work on /home/linuxlite/Documentos/airflow/venv/lib/python3.9/site-packages/airflow/example_dags/example_bash_operator.py
[2023-08-28 23:21:34,656] {processor.py:641} INFO - Processing file /home/linuxlite/Documentos/airflow/venv/lib/python3.9/site-packages/airflow/example_dags/example_bash_operator.py for tasks to queue
[2023-08-28 23:21:34,656] {logging_mixin.py:115} INFO - [2023-08-28 23:21:34,656] {dagbag.py:507} INFO - Filling up the DagBag from /home/linuxlite/Documentos/airflow/venv/lib/python3.9/site-packages/airflow/example_dags/example_bash_operator.py
[2023-08-28 23:21:34,667] {processor.py:651} INFO - DAG(s) dict_keys(['example_bash_operator']) retrieved from /home/linuxlite/Documentos/airflow/venv/lib/python3.9/site-packages/airflow/example_dags/example_bash_operator.py
[2023-08-28 23:21:34,688] {logging_mixin.py:115} INFO - [2023-08-28 23:21:34,688] {dag.py:2379} INFO - Sync 1 DAGs
[2023-08-28 23:21:34,704] {logging_mixin.py:115} INFO - [2023-08-28 23:21:34,704] {dag.py:2927} INFO - Setting next_dagrun for example_bash_operator to 2023-08-28T00:00:00+00:00, run_after=2023-08-29T00:00:00+00:00
[2023-08-28 23:21:34,718] {processor.py:161} INFO - Processing /home/linuxlite/Documentos/airflow/venv/lib/python3.9/site-packages/airflow/example_dags/example_bash_operator.py took 0.067 seconds
[2023-08-28 23:22:09,959] {processor.py:153} INFO - Started process (PID=61872) to work on /home/linuxlite/Documentos/airflow/venv/lib/python3.9/site-packages/airflow/example_dags/example_bash_operator.py
[2023-08-28 23:22:09,961] {processor.py:641} INFO - Processing file /home/linuxlite/Documentos/airflow/venv/lib/python3.9/site-packages/airflow/example_dags/example_bash_operator.py for tasks to queue
[2023-08-28 23:22:09,961] {logging_mixin.py:115} INFO - [2023-08-28 23:22:09,961] {dagbag.py:507} INFO - Filling up the DagBag from /home/linuxlite/Documentos/airflow/venv/lib/python3.9/site-packages/airflow/example_dags/example_bash_operator.py
[2023-08-28 23:22:09,972] {processor.py:651} INFO - DAG(s) dict_keys(['example_bash_operator']) retrieved from /home/linuxlite/Documentos/airflow/venv/lib/python3.9/site-packages/airflow/example_dags/example_bash_operator.py
[2023-08-28 23:22:09,992] {logging_mixin.py:115} INFO - [2023-08-28 23:22:09,992] {dag.py:2379} INFO - Sync 1 DAGs
[2023-08-28 23:22:10,010] {logging_mixin.py:115} INFO - [2023-08-28 23:22:10,010] {dag.py:2927} INFO - Setting next_dagrun for example_bash_operator to 2023-08-28T00:00:00+00:00, run_after=2023-08-29T00:00:00+00:00
[2023-08-28 23:22:10,023] {processor.py:161} INFO - Processing /home/linuxlite/Documentos/airflow/venv/lib/python3.9/site-packages/airflow/example_dags/example_bash_operator.py took 0.067 seconds
[2023-08-28 23:22:47,049] {processor.py:153} INFO - Started process (PID=61915) to work on /home/linuxlite/Documentos/airflow/venv/lib/python3.9/site-packages/airflow/example_dags/example_bash_operator.py
[2023-08-28 23:22:47,051] {processor.py:641} INFO - Processing file /home/linuxlite/Documentos/airflow/venv/lib/python3.9/site-packages/airflow/example_dags/example_bash_operator.py for tasks to queue
[2023-08-28 23:22:47,051] {logging_mixin.py:115} INFO - [2023-08-28 23:22:47,051] {dagbag.py:507} INFO - Filling up the DagBag from /home/linuxlite/Documentos/airflow/venv/lib/python3.9/site-packages/airflow/example_dags/example_bash_operator.py
[2023-08-28 23:22:47,065] {processor.py:651} INFO - DAG(s) dict_keys(['example_bash_operator']) retrieved from /home/linuxlite/Documentos/airflow/venv/lib/python3.9/site-packages/airflow/example_dags/example_bash_operator.py
[2023-08-28 23:22:47,088] {logging_mixin.py:115} INFO - [2023-08-28 23:22:47,087] {dag.py:2379} INFO - Sync 1 DAGs
[2023-08-28 23:22:47,107] {logging_mixin.py:115} INFO - [2023-08-28 23:22:47,107] {dag.py:2927} INFO - Setting next_dagrun for example_bash_operator to 2023-08-28T00:00:00+00:00, run_after=2023-08-29T00:00:00+00:00
[2023-08-28 23:22:47,122] {processor.py:161} INFO - Processing /home/linuxlite/Documentos/airflow/venv/lib/python3.9/site-packages/airflow/example_dags/example_bash_operator.py took 0.078 seconds
[2023-08-28 23:23:28,135] {processor.py:153} INFO - Started process (PID=61961) to work on /home/linuxlite/Documentos/airflow/venv/lib/python3.9/site-packages/airflow/example_dags/example_bash_operator.py
[2023-08-28 23:23:28,137] {processor.py:641} INFO - Processing file /home/linuxlite/Documentos/airflow/venv/lib/python3.9/site-packages/airflow/example_dags/example_bash_operator.py for tasks to queue
[2023-08-28 23:23:28,138] {logging_mixin.py:115} INFO - [2023-08-28 23:23:28,138] {dagbag.py:507} INFO - Filling up the DagBag from /home/linuxlite/Documentos/airflow/venv/lib/python3.9/site-packages/airflow/example_dags/example_bash_operator.py
[2023-08-28 23:23:28,149] {processor.py:651} INFO - DAG(s) dict_keys(['example_bash_operator']) retrieved from /home/linuxlite/Documentos/airflow/venv/lib/python3.9/site-packages/airflow/example_dags/example_bash_operator.py
[2023-08-28 23:23:28,171] {logging_mixin.py:115} INFO - [2023-08-28 23:23:28,170] {dag.py:2379} INFO - Sync 1 DAGs
[2023-08-28 23:23:28,193] {logging_mixin.py:115} INFO - [2023-08-28 23:23:28,193] {dag.py:2927} INFO - Setting next_dagrun for example_bash_operator to 2023-08-28T00:00:00+00:00, run_after=2023-08-29T00:00:00+00:00
[2023-08-28 23:23:28,207] {processor.py:161} INFO - Processing /home/linuxlite/Documentos/airflow/venv/lib/python3.9/site-packages/airflow/example_dags/example_bash_operator.py took 0.074 seconds
[2023-08-28 23:24:03,864] {processor.py:153} INFO - Started process (PID=62005) to work on /home/linuxlite/Documentos/airflow/venv/lib/python3.9/site-packages/airflow/example_dags/example_bash_operator.py
[2023-08-28 23:24:03,865] {processor.py:641} INFO - Processing file /home/linuxlite/Documentos/airflow/venv/lib/python3.9/site-packages/airflow/example_dags/example_bash_operator.py for tasks to queue
[2023-08-28 23:24:03,865] {logging_mixin.py:115} INFO - [2023-08-28 23:24:03,865] {dagbag.py:507} INFO - Filling up the DagBag from /home/linuxlite/Documentos/airflow/venv/lib/python3.9/site-packages/airflow/example_dags/example_bash_operator.py
[2023-08-28 23:24:03,877] {processor.py:651} INFO - DAG(s) dict_keys(['example_bash_operator']) retrieved from /home/linuxlite/Documentos/airflow/venv/lib/python3.9/site-packages/airflow/example_dags/example_bash_operator.py
[2023-08-28 23:24:03,894] {logging_mixin.py:115} INFO - [2023-08-28 23:24:03,894] {dag.py:2379} INFO - Sync 1 DAGs
[2023-08-28 23:24:03,910] {logging_mixin.py:115} INFO - [2023-08-28 23:24:03,910] {dag.py:2927} INFO - Setting next_dagrun for example_bash_operator to 2023-08-28T00:00:00+00:00, run_after=2023-08-29T00:00:00+00:00
[2023-08-28 23:24:03,922] {processor.py:161} INFO - Processing /home/linuxlite/Documentos/airflow/venv/lib/python3.9/site-packages/airflow/example_dags/example_bash_operator.py took 0.061 seconds
[2023-08-28 23:24:40,464] {processor.py:153} INFO - Started process (PID=62052) to work on /home/linuxlite/Documentos/airflow/venv/lib/python3.9/site-packages/airflow/example_dags/example_bash_operator.py
[2023-08-28 23:24:40,465] {processor.py:641} INFO - Processing file /home/linuxlite/Documentos/airflow/venv/lib/python3.9/site-packages/airflow/example_dags/example_bash_operator.py for tasks to queue
[2023-08-28 23:24:40,466] {logging_mixin.py:115} INFO - [2023-08-28 23:24:40,466] {dagbag.py:507} INFO - Filling up the DagBag from /home/linuxlite/Documentos/airflow/venv/lib/python3.9/site-packages/airflow/example_dags/example_bash_operator.py
[2023-08-28 23:24:40,477] {processor.py:651} INFO - DAG(s) dict_keys(['example_bash_operator']) retrieved from /home/linuxlite/Documentos/airflow/venv/lib/python3.9/site-packages/airflow/example_dags/example_bash_operator.py
[2023-08-28 23:24:40,495] {logging_mixin.py:115} INFO - [2023-08-28 23:24:40,495] {dag.py:2379} INFO - Sync 1 DAGs
[2023-08-28 23:24:40,511] {logging_mixin.py:115} INFO - [2023-08-28 23:24:40,511] {dag.py:2927} INFO - Setting next_dagrun for example_bash_operator to 2023-08-28T00:00:00+00:00, run_after=2023-08-29T00:00:00+00:00
[2023-08-28 23:24:40,521] {processor.py:161} INFO - Processing /home/linuxlite/Documentos/airflow/venv/lib/python3.9/site-packages/airflow/example_dags/example_bash_operator.py took 0.060 seconds
[2023-08-28 23:25:15,339] {processor.py:153} INFO - Started process (PID=62152) to work on /home/linuxlite/Documentos/airflow/venv/lib/python3.9/site-packages/airflow/example_dags/example_bash_operator.py
[2023-08-28 23:25:15,340] {processor.py:641} INFO - Processing file /home/linuxlite/Documentos/airflow/venv/lib/python3.9/site-packages/airflow/example_dags/example_bash_operator.py for tasks to queue
[2023-08-28 23:25:15,341] {logging_mixin.py:115} INFO - [2023-08-28 23:25:15,341] {dagbag.py:507} INFO - Filling up the DagBag from /home/linuxlite/Documentos/airflow/venv/lib/python3.9/site-packages/airflow/example_dags/example_bash_operator.py
[2023-08-28 23:25:15,358] {processor.py:651} INFO - DAG(s) dict_keys(['example_bash_operator']) retrieved from /home/linuxlite/Documentos/airflow/venv/lib/python3.9/site-packages/airflow/example_dags/example_bash_operator.py
[2023-08-28 23:25:15,375] {logging_mixin.py:115} INFO - [2023-08-28 23:25:15,374] {dag.py:2379} INFO - Sync 1 DAGs
[2023-08-28 23:25:15,393] {logging_mixin.py:115} INFO - [2023-08-28 23:25:15,393] {dag.py:2927} INFO - Setting next_dagrun for example_bash_operator to 2023-08-28T00:00:00+00:00, run_after=2023-08-29T00:00:00+00:00
[2023-08-28 23:25:15,404] {processor.py:161} INFO - Processing /home/linuxlite/Documentos/airflow/venv/lib/python3.9/site-packages/airflow/example_dags/example_bash_operator.py took 0.068 seconds
[2023-08-28 23:25:51,658] {processor.py:153} INFO - Started process (PID=62190) to work on /home/linuxlite/Documentos/airflow/venv/lib/python3.9/site-packages/airflow/example_dags/example_bash_operator.py
[2023-08-28 23:25:51,658] {processor.py:641} INFO - Processing file /home/linuxlite/Documentos/airflow/venv/lib/python3.9/site-packages/airflow/example_dags/example_bash_operator.py for tasks to queue
[2023-08-28 23:25:51,659] {logging_mixin.py:115} INFO - [2023-08-28 23:25:51,659] {dagbag.py:507} INFO - Filling up the DagBag from /home/linuxlite/Documentos/airflow/venv/lib/python3.9/site-packages/airflow/example_dags/example_bash_operator.py
[2023-08-28 23:25:51,685] {processor.py:651} INFO - DAG(s) dict_keys(['example_bash_operator']) retrieved from /home/linuxlite/Documentos/airflow/venv/lib/python3.9/site-packages/airflow/example_dags/example_bash_operator.py
[2023-08-28 23:25:51,702] {logging_mixin.py:115} INFO - [2023-08-28 23:25:51,702] {dag.py:2379} INFO - Sync 1 DAGs
[2023-08-28 23:25:51,719] {logging_mixin.py:115} INFO - [2023-08-28 23:25:51,719] {dag.py:2927} INFO - Setting next_dagrun for example_bash_operator to 2023-08-28T00:00:00+00:00, run_after=2023-08-29T00:00:00+00:00
[2023-08-28 23:25:51,729] {processor.py:161} INFO - Processing /home/linuxlite/Documentos/airflow/venv/lib/python3.9/site-packages/airflow/example_dags/example_bash_operator.py took 0.075 seconds
[2023-08-28 23:26:30,445] {processor.py:153} INFO - Started process (PID=62241) to work on /home/linuxlite/Documentos/airflow/venv/lib/python3.9/site-packages/airflow/example_dags/example_bash_operator.py
[2023-08-28 23:26:30,446] {processor.py:641} INFO - Processing file /home/linuxlite/Documentos/airflow/venv/lib/python3.9/site-packages/airflow/example_dags/example_bash_operator.py for tasks to queue
[2023-08-28 23:26:30,448] {logging_mixin.py:115} INFO - [2023-08-28 23:26:30,448] {dagbag.py:507} INFO - Filling up the DagBag from /home/linuxlite/Documentos/airflow/venv/lib/python3.9/site-packages/airflow/example_dags/example_bash_operator.py
[2023-08-28 23:26:30,466] {processor.py:651} INFO - DAG(s) dict_keys(['example_bash_operator']) retrieved from /home/linuxlite/Documentos/airflow/venv/lib/python3.9/site-packages/airflow/example_dags/example_bash_operator.py
[2023-08-28 23:26:30,483] {logging_mixin.py:115} INFO - [2023-08-28 23:26:30,482] {dag.py:2379} INFO - Sync 1 DAGs
[2023-08-28 23:26:30,500] {logging_mixin.py:115} INFO - [2023-08-28 23:26:30,499] {dag.py:2927} INFO - Setting next_dagrun for example_bash_operator to 2023-08-28T00:00:00+00:00, run_after=2023-08-29T00:00:00+00:00
[2023-08-28 23:26:30,512] {processor.py:161} INFO - Processing /home/linuxlite/Documentos/airflow/venv/lib/python3.9/site-packages/airflow/example_dags/example_bash_operator.py took 0.070 seconds
[2023-08-28 23:27:06,165] {processor.py:153} INFO - Started process (PID=62300) to work on /home/linuxlite/Documentos/airflow/venv/lib/python3.9/site-packages/airflow/example_dags/example_bash_operator.py
[2023-08-28 23:27:06,166] {processor.py:641} INFO - Processing file /home/linuxlite/Documentos/airflow/venv/lib/python3.9/site-packages/airflow/example_dags/example_bash_operator.py for tasks to queue
[2023-08-28 23:27:06,166] {logging_mixin.py:115} INFO - [2023-08-28 23:27:06,166] {dagbag.py:507} INFO - Filling up the DagBag from /home/linuxlite/Documentos/airflow/venv/lib/python3.9/site-packages/airflow/example_dags/example_bash_operator.py
[2023-08-28 23:27:06,184] {processor.py:651} INFO - DAG(s) dict_keys(['example_bash_operator']) retrieved from /home/linuxlite/Documentos/airflow/venv/lib/python3.9/site-packages/airflow/example_dags/example_bash_operator.py
[2023-08-28 23:27:06,198] {logging_mixin.py:115} INFO - [2023-08-28 23:27:06,198] {dag.py:2379} INFO - Sync 1 DAGs
[2023-08-28 23:27:06,214] {logging_mixin.py:115} INFO - [2023-08-28 23:27:06,214] {dag.py:2927} INFO - Setting next_dagrun for example_bash_operator to 2023-08-28T00:00:00+00:00, run_after=2023-08-29T00:00:00+00:00
[2023-08-28 23:27:06,224] {processor.py:161} INFO - Processing /home/linuxlite/Documentos/airflow/venv/lib/python3.9/site-packages/airflow/example_dags/example_bash_operator.py took 0.065 seconds
[2023-08-28 23:27:40,940] {processor.py:153} INFO - Started process (PID=62347) to work on /home/linuxlite/Documentos/airflow/venv/lib/python3.9/site-packages/airflow/example_dags/example_bash_operator.py
[2023-08-28 23:27:40,941] {processor.py:641} INFO - Processing file /home/linuxlite/Documentos/airflow/venv/lib/python3.9/site-packages/airflow/example_dags/example_bash_operator.py for tasks to queue
[2023-08-28 23:27:40,941] {logging_mixin.py:115} INFO - [2023-08-28 23:27:40,941] {dagbag.py:507} INFO - Filling up the DagBag from /home/linuxlite/Documentos/airflow/venv/lib/python3.9/site-packages/airflow/example_dags/example_bash_operator.py
[2023-08-28 23:27:40,959] {processor.py:651} INFO - DAG(s) dict_keys(['example_bash_operator']) retrieved from /home/linuxlite/Documentos/airflow/venv/lib/python3.9/site-packages/airflow/example_dags/example_bash_operator.py
[2023-08-28 23:27:40,977] {logging_mixin.py:115} INFO - [2023-08-28 23:27:40,977] {dag.py:2379} INFO - Sync 1 DAGs
[2023-08-28 23:27:40,996] {logging_mixin.py:115} INFO - [2023-08-28 23:27:40,996] {dag.py:2927} INFO - Setting next_dagrun for example_bash_operator to 2023-08-28T00:00:00+00:00, run_after=2023-08-29T00:00:00+00:00
[2023-08-28 23:27:41,011] {processor.py:161} INFO - Processing /home/linuxlite/Documentos/airflow/venv/lib/python3.9/site-packages/airflow/example_dags/example_bash_operator.py took 0.076 seconds
