[2023-08-28 23:10:55,874] {processor.py:153} INFO - Started process (PID=59975) to work on /home/linuxlite/Documentos/airflow/venv/lib/python3.9/site-packages/airflow/example_dags/example_short_circuit_operator.py
[2023-08-28 23:10:55,874] {processor.py:641} INFO - Processing file /home/linuxlite/Documentos/airflow/venv/lib/python3.9/site-packages/airflow/example_dags/example_short_circuit_operator.py for tasks to queue
[2023-08-28 23:10:55,875] {logging_mixin.py:115} INFO - [2023-08-28 23:10:55,875] {dagbag.py:507} INFO - Filling up the DagBag from /home/linuxlite/Documentos/airflow/venv/lib/python3.9/site-packages/airflow/example_dags/example_short_circuit_operator.py
[2023-08-28 23:10:55,886] {processor.py:651} INFO - DAG(s) dict_keys(['example_short_circuit_operator']) retrieved from /home/linuxlite/Documentos/airflow/venv/lib/python3.9/site-packages/airflow/example_dags/example_short_circuit_operator.py
[2023-08-28 23:10:55,905] {logging_mixin.py:115} INFO - [2023-08-28 23:10:55,905] {dag.py:2379} INFO - Sync 1 DAGs
[2023-08-28 23:10:55,926] {logging_mixin.py:115} INFO - [2023-08-28 23:10:55,926] {dag.py:2927} INFO - Setting next_dagrun for example_short_circuit_operator to 2023-08-28T02:10:55.926042+00:00, run_after=2023-08-29T02:10:55.926042+00:00
[2023-08-28 23:10:55,940] {processor.py:161} INFO - Processing /home/linuxlite/Documentos/airflow/venv/lib/python3.9/site-packages/airflow/example_dags/example_short_circuit_operator.py took 0.070 seconds
[2023-08-28 23:11:32,168] {processor.py:153} INFO - Started process (PID=60063) to work on /home/linuxlite/Documentos/airflow/venv/lib/python3.9/site-packages/airflow/example_dags/example_short_circuit_operator.py
[2023-08-28 23:11:32,169] {processor.py:641} INFO - Processing file /home/linuxlite/Documentos/airflow/venv/lib/python3.9/site-packages/airflow/example_dags/example_short_circuit_operator.py for tasks to queue
[2023-08-28 23:11:32,169] {logging_mixin.py:115} INFO - [2023-08-28 23:11:32,169] {dagbag.py:507} INFO - Filling up the DagBag from /home/linuxlite/Documentos/airflow/venv/lib/python3.9/site-packages/airflow/example_dags/example_short_circuit_operator.py
[2023-08-28 23:11:32,179] {processor.py:651} INFO - DAG(s) dict_keys(['example_short_circuit_operator']) retrieved from /home/linuxlite/Documentos/airflow/venv/lib/python3.9/site-packages/airflow/example_dags/example_short_circuit_operator.py
[2023-08-28 23:11:32,197] {logging_mixin.py:115} INFO - [2023-08-28 23:11:32,197] {dag.py:2379} INFO - Sync 1 DAGs
[2023-08-28 23:11:32,216] {logging_mixin.py:115} INFO - [2023-08-28 23:11:32,216] {dag.py:2927} INFO - Setting next_dagrun for example_short_circuit_operator to 2023-08-28T02:11:32.216402+00:00, run_after=2023-08-29T02:11:32.216402+00:00
[2023-08-28 23:11:32,228] {processor.py:161} INFO - Processing /home/linuxlite/Documentos/airflow/venv/lib/python3.9/site-packages/airflow/example_dags/example_short_circuit_operator.py took 0.063 seconds
[2023-08-28 23:12:06,634] {processor.py:153} INFO - Started process (PID=60099) to work on /home/linuxlite/Documentos/airflow/venv/lib/python3.9/site-packages/airflow/example_dags/example_short_circuit_operator.py
[2023-08-28 23:12:06,635] {processor.py:641} INFO - Processing file /home/linuxlite/Documentos/airflow/venv/lib/python3.9/site-packages/airflow/example_dags/example_short_circuit_operator.py for tasks to queue
[2023-08-28 23:12:06,635] {logging_mixin.py:115} INFO - [2023-08-28 23:12:06,635] {dagbag.py:507} INFO - Filling up the DagBag from /home/linuxlite/Documentos/airflow/venv/lib/python3.9/site-packages/airflow/example_dags/example_short_circuit_operator.py
[2023-08-28 23:12:06,645] {processor.py:651} INFO - DAG(s) dict_keys(['example_short_circuit_operator']) retrieved from /home/linuxlite/Documentos/airflow/venv/lib/python3.9/site-packages/airflow/example_dags/example_short_circuit_operator.py
[2023-08-28 23:12:06,663] {logging_mixin.py:115} INFO - [2023-08-28 23:12:06,663] {dag.py:2379} INFO - Sync 1 DAGs
[2023-08-28 23:12:06,683] {logging_mixin.py:115} INFO - [2023-08-28 23:12:06,683] {dag.py:2927} INFO - Setting next_dagrun for example_short_circuit_operator to 2023-08-28T02:12:06.683163+00:00, run_after=2023-08-29T02:12:06.683163+00:00
[2023-08-28 23:12:06,696] {processor.py:161} INFO - Processing /home/linuxlite/Documentos/airflow/venv/lib/python3.9/site-packages/airflow/example_dags/example_short_circuit_operator.py took 0.065 seconds
[2023-08-28 23:12:41,618] {processor.py:153} INFO - Started process (PID=60144) to work on /home/linuxlite/Documentos/airflow/venv/lib/python3.9/site-packages/airflow/example_dags/example_short_circuit_operator.py
[2023-08-28 23:12:41,619] {processor.py:641} INFO - Processing file /home/linuxlite/Documentos/airflow/venv/lib/python3.9/site-packages/airflow/example_dags/example_short_circuit_operator.py for tasks to queue
[2023-08-28 23:12:41,620] {logging_mixin.py:115} INFO - [2023-08-28 23:12:41,620] {dagbag.py:507} INFO - Filling up the DagBag from /home/linuxlite/Documentos/airflow/venv/lib/python3.9/site-packages/airflow/example_dags/example_short_circuit_operator.py
[2023-08-28 23:12:41,629] {processor.py:651} INFO - DAG(s) dict_keys(['example_short_circuit_operator']) retrieved from /home/linuxlite/Documentos/airflow/venv/lib/python3.9/site-packages/airflow/example_dags/example_short_circuit_operator.py
[2023-08-28 23:12:41,647] {logging_mixin.py:115} INFO - [2023-08-28 23:12:41,647] {dag.py:2379} INFO - Sync 1 DAGs
[2023-08-28 23:12:41,666] {logging_mixin.py:115} INFO - [2023-08-28 23:12:41,666] {dag.py:2927} INFO - Setting next_dagrun for example_short_circuit_operator to 2023-08-28T02:12:41.666127+00:00, run_after=2023-08-29T02:12:41.666127+00:00
[2023-08-28 23:12:41,679] {processor.py:161} INFO - Processing /home/linuxlite/Documentos/airflow/venv/lib/python3.9/site-packages/airflow/example_dags/example_short_circuit_operator.py took 0.065 seconds
[2023-08-28 23:13:16,668] {processor.py:153} INFO - Started process (PID=60179) to work on /home/linuxlite/Documentos/airflow/venv/lib/python3.9/site-packages/airflow/example_dags/example_short_circuit_operator.py
[2023-08-28 23:13:16,669] {processor.py:641} INFO - Processing file /home/linuxlite/Documentos/airflow/venv/lib/python3.9/site-packages/airflow/example_dags/example_short_circuit_operator.py for tasks to queue
[2023-08-28 23:13:16,669] {logging_mixin.py:115} INFO - [2023-08-28 23:13:16,669] {dagbag.py:507} INFO - Filling up the DagBag from /home/linuxlite/Documentos/airflow/venv/lib/python3.9/site-packages/airflow/example_dags/example_short_circuit_operator.py
[2023-08-28 23:13:16,682] {processor.py:651} INFO - DAG(s) dict_keys(['example_short_circuit_operator']) retrieved from /home/linuxlite/Documentos/airflow/venv/lib/python3.9/site-packages/airflow/example_dags/example_short_circuit_operator.py
[2023-08-28 23:13:16,702] {logging_mixin.py:115} INFO - [2023-08-28 23:13:16,702] {dag.py:2379} INFO - Sync 1 DAGs
[2023-08-28 23:13:16,722] {logging_mixin.py:115} INFO - [2023-08-28 23:13:16,722] {dag.py:2927} INFO - Setting next_dagrun for example_short_circuit_operator to 2023-08-28T02:13:16.721808+00:00, run_after=2023-08-29T02:13:16.721808+00:00
[2023-08-28 23:13:16,735] {processor.py:161} INFO - Processing /home/linuxlite/Documentos/airflow/venv/lib/python3.9/site-packages/airflow/example_dags/example_short_circuit_operator.py took 0.071 seconds
[2023-08-28 23:13:51,156] {processor.py:153} INFO - Started process (PID=60222) to work on /home/linuxlite/Documentos/airflow/venv/lib/python3.9/site-packages/airflow/example_dags/example_short_circuit_operator.py
[2023-08-28 23:13:51,157] {processor.py:641} INFO - Processing file /home/linuxlite/Documentos/airflow/venv/lib/python3.9/site-packages/airflow/example_dags/example_short_circuit_operator.py for tasks to queue
[2023-08-28 23:13:51,157] {logging_mixin.py:115} INFO - [2023-08-28 23:13:51,157] {dagbag.py:507} INFO - Filling up the DagBag from /home/linuxlite/Documentos/airflow/venv/lib/python3.9/site-packages/airflow/example_dags/example_short_circuit_operator.py
[2023-08-28 23:13:51,167] {processor.py:651} INFO - DAG(s) dict_keys(['example_short_circuit_operator']) retrieved from /home/linuxlite/Documentos/airflow/venv/lib/python3.9/site-packages/airflow/example_dags/example_short_circuit_operator.py
[2023-08-28 23:13:51,186] {logging_mixin.py:115} INFO - [2023-08-28 23:13:51,185] {dag.py:2379} INFO - Sync 1 DAGs
[2023-08-28 23:13:51,203] {logging_mixin.py:115} INFO - [2023-08-28 23:13:51,203] {dag.py:2927} INFO - Setting next_dagrun for example_short_circuit_operator to 2023-08-28T02:13:51.202944+00:00, run_after=2023-08-29T02:13:51.202944+00:00
[2023-08-28 23:13:51,215] {processor.py:161} INFO - Processing /home/linuxlite/Documentos/airflow/venv/lib/python3.9/site-packages/airflow/example_dags/example_short_circuit_operator.py took 0.063 seconds
[2023-08-28 23:14:26,408] {processor.py:153} INFO - Started process (PID=60269) to work on /home/linuxlite/Documentos/airflow/venv/lib/python3.9/site-packages/airflow/example_dags/example_short_circuit_operator.py
[2023-08-28 23:14:26,409] {processor.py:641} INFO - Processing file /home/linuxlite/Documentos/airflow/venv/lib/python3.9/site-packages/airflow/example_dags/example_short_circuit_operator.py for tasks to queue
[2023-08-28 23:14:26,410] {logging_mixin.py:115} INFO - [2023-08-28 23:14:26,410] {dagbag.py:507} INFO - Filling up the DagBag from /home/linuxlite/Documentos/airflow/venv/lib/python3.9/site-packages/airflow/example_dags/example_short_circuit_operator.py
[2023-08-28 23:14:26,419] {processor.py:651} INFO - DAG(s) dict_keys(['example_short_circuit_operator']) retrieved from /home/linuxlite/Documentos/airflow/venv/lib/python3.9/site-packages/airflow/example_dags/example_short_circuit_operator.py
[2023-08-28 23:14:26,438] {logging_mixin.py:115} INFO - [2023-08-28 23:14:26,437] {dag.py:2379} INFO - Sync 1 DAGs
[2023-08-28 23:14:26,461] {logging_mixin.py:115} INFO - [2023-08-28 23:14:26,461] {dag.py:2927} INFO - Setting next_dagrun for example_short_circuit_operator to 2023-08-28T02:14:26.461492+00:00, run_after=2023-08-29T02:14:26.461492+00:00
[2023-08-28 23:14:26,477] {processor.py:161} INFO - Processing /home/linuxlite/Documentos/airflow/venv/lib/python3.9/site-packages/airflow/example_dags/example_short_circuit_operator.py took 0.073 seconds
[2023-08-28 23:15:02,261] {processor.py:153} INFO - Started process (PID=60364) to work on /home/linuxlite/Documentos/airflow/venv/lib/python3.9/site-packages/airflow/example_dags/example_short_circuit_operator.py
[2023-08-28 23:15:02,263] {processor.py:641} INFO - Processing file /home/linuxlite/Documentos/airflow/venv/lib/python3.9/site-packages/airflow/example_dags/example_short_circuit_operator.py for tasks to queue
[2023-08-28 23:15:02,264] {logging_mixin.py:115} INFO - [2023-08-28 23:15:02,264] {dagbag.py:507} INFO - Filling up the DagBag from /home/linuxlite/Documentos/airflow/venv/lib/python3.9/site-packages/airflow/example_dags/example_short_circuit_operator.py
[2023-08-28 23:15:02,286] {processor.py:651} INFO - DAG(s) dict_keys(['example_short_circuit_operator']) retrieved from /home/linuxlite/Documentos/airflow/venv/lib/python3.9/site-packages/airflow/example_dags/example_short_circuit_operator.py
[2023-08-28 23:15:02,342] {logging_mixin.py:115} INFO - [2023-08-28 23:15:02,342] {dag.py:2379} INFO - Sync 1 DAGs
[2023-08-28 23:15:02,383] {logging_mixin.py:115} INFO - [2023-08-28 23:15:02,382] {dag.py:2927} INFO - Setting next_dagrun for example_short_circuit_operator to 2023-08-28T02:15:02.381054+00:00, run_after=2023-08-29T02:15:02.381054+00:00
[2023-08-28 23:15:02,419] {processor.py:161} INFO - Processing /home/linuxlite/Documentos/airflow/venv/lib/python3.9/site-packages/airflow/example_dags/example_short_circuit_operator.py took 0.164 seconds
[2023-08-28 23:15:34,984] {processor.py:153} INFO - Started process (PID=60557) to work on /home/linuxlite/Documentos/airflow/venv/lib/python3.9/site-packages/airflow/example_dags/example_short_circuit_operator.py
[2023-08-28 23:15:34,985] {processor.py:641} INFO - Processing file /home/linuxlite/Documentos/airflow/venv/lib/python3.9/site-packages/airflow/example_dags/example_short_circuit_operator.py for tasks to queue
[2023-08-28 23:15:34,986] {logging_mixin.py:115} INFO - [2023-08-28 23:15:34,986] {dagbag.py:507} INFO - Filling up the DagBag from /home/linuxlite/Documentos/airflow/venv/lib/python3.9/site-packages/airflow/example_dags/example_short_circuit_operator.py
[2023-08-28 23:15:35,004] {processor.py:651} INFO - DAG(s) dict_keys(['example_short_circuit_operator']) retrieved from /home/linuxlite/Documentos/airflow/venv/lib/python3.9/site-packages/airflow/example_dags/example_short_circuit_operator.py
[2023-08-28 23:15:35,033] {logging_mixin.py:115} INFO - [2023-08-28 23:15:35,033] {dag.py:2379} INFO - Sync 1 DAGs
[2023-08-28 23:15:35,060] {logging_mixin.py:115} INFO - [2023-08-28 23:15:35,060] {dag.py:2927} INFO - Setting next_dagrun for example_short_circuit_operator to 2023-08-28T02:15:35.060412+00:00, run_after=2023-08-29T02:15:35.060412+00:00
[2023-08-28 23:15:35,085] {processor.py:161} INFO - Processing /home/linuxlite/Documentos/airflow/venv/lib/python3.9/site-packages/airflow/example_dags/example_short_circuit_operator.py took 0.106 seconds
[2023-08-28 23:16:09,502] {processor.py:153} INFO - Started process (PID=60593) to work on /home/linuxlite/Documentos/airflow/venv/lib/python3.9/site-packages/airflow/example_dags/example_short_circuit_operator.py
[2023-08-28 23:16:09,503] {processor.py:641} INFO - Processing file /home/linuxlite/Documentos/airflow/venv/lib/python3.9/site-packages/airflow/example_dags/example_short_circuit_operator.py for tasks to queue
[2023-08-28 23:16:09,504] {logging_mixin.py:115} INFO - [2023-08-28 23:16:09,504] {dagbag.py:507} INFO - Filling up the DagBag from /home/linuxlite/Documentos/airflow/venv/lib/python3.9/site-packages/airflow/example_dags/example_short_circuit_operator.py
[2023-08-28 23:16:09,512] {processor.py:651} INFO - DAG(s) dict_keys(['example_short_circuit_operator']) retrieved from /home/linuxlite/Documentos/airflow/venv/lib/python3.9/site-packages/airflow/example_dags/example_short_circuit_operator.py
[2023-08-28 23:16:09,531] {logging_mixin.py:115} INFO - [2023-08-28 23:16:09,531] {dag.py:2379} INFO - Sync 1 DAGs
[2023-08-28 23:16:09,546] {logging_mixin.py:115} INFO - [2023-08-28 23:16:09,546] {dag.py:2927} INFO - Setting next_dagrun for example_short_circuit_operator to 2023-08-28T02:16:09.546321+00:00, run_after=2023-08-29T02:16:09.546321+00:00
[2023-08-28 23:16:09,557] {processor.py:161} INFO - Processing /home/linuxlite/Documentos/airflow/venv/lib/python3.9/site-packages/airflow/example_dags/example_short_circuit_operator.py took 0.059 seconds
[2023-08-28 23:16:44,307] {processor.py:153} INFO - Started process (PID=60777) to work on /home/linuxlite/Documentos/airflow/venv/lib/python3.9/site-packages/airflow/example_dags/example_short_circuit_operator.py
[2023-08-28 23:16:44,307] {processor.py:641} INFO - Processing file /home/linuxlite/Documentos/airflow/venv/lib/python3.9/site-packages/airflow/example_dags/example_short_circuit_operator.py for tasks to queue
[2023-08-28 23:16:44,308] {logging_mixin.py:115} INFO - [2023-08-28 23:16:44,308] {dagbag.py:507} INFO - Filling up the DagBag from /home/linuxlite/Documentos/airflow/venv/lib/python3.9/site-packages/airflow/example_dags/example_short_circuit_operator.py
[2023-08-28 23:16:44,317] {processor.py:651} INFO - DAG(s) dict_keys(['example_short_circuit_operator']) retrieved from /home/linuxlite/Documentos/airflow/venv/lib/python3.9/site-packages/airflow/example_dags/example_short_circuit_operator.py
[2023-08-28 23:16:44,339] {logging_mixin.py:115} INFO - [2023-08-28 23:16:44,339] {dag.py:2379} INFO - Sync 1 DAGs
[2023-08-28 23:16:44,356] {logging_mixin.py:115} INFO - [2023-08-28 23:16:44,356] {dag.py:2927} INFO - Setting next_dagrun for example_short_circuit_operator to 2023-08-28T02:16:44.355843+00:00, run_after=2023-08-29T02:16:44.355843+00:00
[2023-08-28 23:16:44,369] {processor.py:161} INFO - Processing /home/linuxlite/Documentos/airflow/venv/lib/python3.9/site-packages/airflow/example_dags/example_short_circuit_operator.py took 0.066 seconds
[2023-08-28 23:17:18,468] {processor.py:153} INFO - Started process (PID=60842) to work on /home/linuxlite/Documentos/airflow/venv/lib/python3.9/site-packages/airflow/example_dags/example_short_circuit_operator.py
[2023-08-28 23:17:18,469] {processor.py:641} INFO - Processing file /home/linuxlite/Documentos/airflow/venv/lib/python3.9/site-packages/airflow/example_dags/example_short_circuit_operator.py for tasks to queue
[2023-08-28 23:17:18,470] {logging_mixin.py:115} INFO - [2023-08-28 23:17:18,470] {dagbag.py:507} INFO - Filling up the DagBag from /home/linuxlite/Documentos/airflow/venv/lib/python3.9/site-packages/airflow/example_dags/example_short_circuit_operator.py
[2023-08-28 23:17:18,482] {processor.py:651} INFO - DAG(s) dict_keys(['example_short_circuit_operator']) retrieved from /home/linuxlite/Documentos/airflow/venv/lib/python3.9/site-packages/airflow/example_dags/example_short_circuit_operator.py
[2023-08-28 23:17:18,518] {logging_mixin.py:115} INFO - [2023-08-28 23:17:18,517] {dag.py:2379} INFO - Sync 1 DAGs
[2023-08-28 23:17:18,538] {logging_mixin.py:115} INFO - [2023-08-28 23:17:18,538] {dag.py:2927} INFO - Setting next_dagrun for example_short_circuit_operator to 2023-08-28T02:17:18.538413+00:00, run_after=2023-08-29T02:17:18.538413+00:00
[2023-08-28 23:17:18,553] {processor.py:161} INFO - Processing /home/linuxlite/Documentos/airflow/venv/lib/python3.9/site-packages/airflow/example_dags/example_short_circuit_operator.py took 0.090 seconds
[2023-08-28 23:17:55,828] {processor.py:153} INFO - Started process (PID=61067) to work on /home/linuxlite/Documentos/airflow/venv/lib/python3.9/site-packages/airflow/example_dags/example_short_circuit_operator.py
[2023-08-28 23:17:55,830] {processor.py:641} INFO - Processing file /home/linuxlite/Documentos/airflow/venv/lib/python3.9/site-packages/airflow/example_dags/example_short_circuit_operator.py for tasks to queue
[2023-08-28 23:17:55,832] {logging_mixin.py:115} INFO - [2023-08-28 23:17:55,831] {dagbag.py:507} INFO - Filling up the DagBag from /home/linuxlite/Documentos/airflow/venv/lib/python3.9/site-packages/airflow/example_dags/example_short_circuit_operator.py
[2023-08-28 23:17:55,844] {processor.py:651} INFO - DAG(s) dict_keys(['example_short_circuit_operator']) retrieved from /home/linuxlite/Documentos/airflow/venv/lib/python3.9/site-packages/airflow/example_dags/example_short_circuit_operator.py
[2023-08-28 23:17:55,864] {logging_mixin.py:115} INFO - [2023-08-28 23:17:55,864] {dag.py:2379} INFO - Sync 1 DAGs
[2023-08-28 23:17:55,879] {logging_mixin.py:115} INFO - [2023-08-28 23:17:55,879] {dag.py:2927} INFO - Setting next_dagrun for example_short_circuit_operator to 2023-08-28T02:17:55.879215+00:00, run_after=2023-08-29T02:17:55.879215+00:00
[2023-08-28 23:17:55,890] {processor.py:161} INFO - Processing /home/linuxlite/Documentos/airflow/venv/lib/python3.9/site-packages/airflow/example_dags/example_short_circuit_operator.py took 0.069 seconds
[2023-08-28 23:18:30,677] {processor.py:153} INFO - Started process (PID=61469) to work on /home/linuxlite/Documentos/airflow/venv/lib/python3.9/site-packages/airflow/example_dags/example_short_circuit_operator.py
[2023-08-28 23:18:30,678] {processor.py:641} INFO - Processing file /home/linuxlite/Documentos/airflow/venv/lib/python3.9/site-packages/airflow/example_dags/example_short_circuit_operator.py for tasks to queue
[2023-08-28 23:18:30,679] {logging_mixin.py:115} INFO - [2023-08-28 23:18:30,679] {dagbag.py:507} INFO - Filling up the DagBag from /home/linuxlite/Documentos/airflow/venv/lib/python3.9/site-packages/airflow/example_dags/example_short_circuit_operator.py
[2023-08-28 23:18:30,690] {processor.py:651} INFO - DAG(s) dict_keys(['example_short_circuit_operator']) retrieved from /home/linuxlite/Documentos/airflow/venv/lib/python3.9/site-packages/airflow/example_dags/example_short_circuit_operator.py
[2023-08-28 23:18:30,709] {logging_mixin.py:115} INFO - [2023-08-28 23:18:30,709] {dag.py:2379} INFO - Sync 1 DAGs
[2023-08-28 23:18:30,724] {logging_mixin.py:115} INFO - [2023-08-28 23:18:30,724] {dag.py:2927} INFO - Setting next_dagrun for example_short_circuit_operator to 2023-08-28T02:18:30.723866+00:00, run_after=2023-08-29T02:18:30.723866+00:00
[2023-08-28 23:18:30,735] {processor.py:161} INFO - Processing /home/linuxlite/Documentos/airflow/venv/lib/python3.9/site-packages/airflow/example_dags/example_short_circuit_operator.py took 0.063 seconds
[2023-08-28 23:19:06,502] {processor.py:153} INFO - Started process (PID=61554) to work on /home/linuxlite/Documentos/airflow/venv/lib/python3.9/site-packages/airflow/example_dags/example_short_circuit_operator.py
[2023-08-28 23:19:06,503] {processor.py:641} INFO - Processing file /home/linuxlite/Documentos/airflow/venv/lib/python3.9/site-packages/airflow/example_dags/example_short_circuit_operator.py for tasks to queue
[2023-08-28 23:19:06,504] {logging_mixin.py:115} INFO - [2023-08-28 23:19:06,504] {dagbag.py:507} INFO - Filling up the DagBag from /home/linuxlite/Documentos/airflow/venv/lib/python3.9/site-packages/airflow/example_dags/example_short_circuit_operator.py
[2023-08-28 23:19:06,514] {processor.py:651} INFO - DAG(s) dict_keys(['example_short_circuit_operator']) retrieved from /home/linuxlite/Documentos/airflow/venv/lib/python3.9/site-packages/airflow/example_dags/example_short_circuit_operator.py
[2023-08-28 23:19:06,537] {logging_mixin.py:115} INFO - [2023-08-28 23:19:06,537] {dag.py:2379} INFO - Sync 1 DAGs
[2023-08-28 23:19:06,557] {logging_mixin.py:115} INFO - [2023-08-28 23:19:06,557] {dag.py:2927} INFO - Setting next_dagrun for example_short_circuit_operator to 2023-08-28T02:19:06.557624+00:00, run_after=2023-08-29T02:19:06.557624+00:00
[2023-08-28 23:19:06,572] {processor.py:161} INFO - Processing /home/linuxlite/Documentos/airflow/venv/lib/python3.9/site-packages/airflow/example_dags/example_short_circuit_operator.py took 0.076 seconds
[2023-08-28 23:19:39,471] {processor.py:153} INFO - Started process (PID=61614) to work on /home/linuxlite/Documentos/airflow/venv/lib/python3.9/site-packages/airflow/example_dags/example_short_circuit_operator.py
[2023-08-28 23:19:39,472] {processor.py:641} INFO - Processing file /home/linuxlite/Documentos/airflow/venv/lib/python3.9/site-packages/airflow/example_dags/example_short_circuit_operator.py for tasks to queue
[2023-08-28 23:19:39,472] {logging_mixin.py:115} INFO - [2023-08-28 23:19:39,472] {dagbag.py:507} INFO - Filling up the DagBag from /home/linuxlite/Documentos/airflow/venv/lib/python3.9/site-packages/airflow/example_dags/example_short_circuit_operator.py
[2023-08-28 23:19:39,481] {processor.py:651} INFO - DAG(s) dict_keys(['example_short_circuit_operator']) retrieved from /home/linuxlite/Documentos/airflow/venv/lib/python3.9/site-packages/airflow/example_dags/example_short_circuit_operator.py
[2023-08-28 23:19:39,499] {logging_mixin.py:115} INFO - [2023-08-28 23:19:39,499] {dag.py:2379} INFO - Sync 1 DAGs
[2023-08-28 23:19:39,514] {logging_mixin.py:115} INFO - [2023-08-28 23:19:39,514] {dag.py:2927} INFO - Setting next_dagrun for example_short_circuit_operator to 2023-08-28T02:19:39.514165+00:00, run_after=2023-08-29T02:19:39.514165+00:00
[2023-08-28 23:19:39,525] {processor.py:161} INFO - Processing /home/linuxlite/Documentos/airflow/venv/lib/python3.9/site-packages/airflow/example_dags/example_short_circuit_operator.py took 0.057 seconds
[2023-08-28 23:20:13,952] {processor.py:153} INFO - Started process (PID=61721) to work on /home/linuxlite/Documentos/airflow/venv/lib/python3.9/site-packages/airflow/example_dags/example_short_circuit_operator.py
[2023-08-28 23:20:13,954] {processor.py:641} INFO - Processing file /home/linuxlite/Documentos/airflow/venv/lib/python3.9/site-packages/airflow/example_dags/example_short_circuit_operator.py for tasks to queue
[2023-08-28 23:20:13,954] {logging_mixin.py:115} INFO - [2023-08-28 23:20:13,954] {dagbag.py:507} INFO - Filling up the DagBag from /home/linuxlite/Documentos/airflow/venv/lib/python3.9/site-packages/airflow/example_dags/example_short_circuit_operator.py
[2023-08-28 23:20:13,965] {processor.py:651} INFO - DAG(s) dict_keys(['example_short_circuit_operator']) retrieved from /home/linuxlite/Documentos/airflow/venv/lib/python3.9/site-packages/airflow/example_dags/example_short_circuit_operator.py
[2023-08-28 23:20:13,985] {logging_mixin.py:115} INFO - [2023-08-28 23:20:13,985] {dag.py:2379} INFO - Sync 1 DAGs
[2023-08-28 23:20:14,000] {logging_mixin.py:115} INFO - [2023-08-28 23:20:14,000] {dag.py:2927} INFO - Setting next_dagrun for example_short_circuit_operator to 2023-08-28T02:20:14.000008+00:00, run_after=2023-08-29T02:20:14.000008+00:00
[2023-08-28 23:20:14,012] {processor.py:161} INFO - Processing /home/linuxlite/Documentos/airflow/venv/lib/python3.9/site-packages/airflow/example_dags/example_short_circuit_operator.py took 0.063 seconds
[2023-08-28 23:20:48,137] {processor.py:153} INFO - Started process (PID=61757) to work on /home/linuxlite/Documentos/airflow/venv/lib/python3.9/site-packages/airflow/example_dags/example_short_circuit_operator.py
[2023-08-28 23:20:48,138] {processor.py:641} INFO - Processing file /home/linuxlite/Documentos/airflow/venv/lib/python3.9/site-packages/airflow/example_dags/example_short_circuit_operator.py for tasks to queue
[2023-08-28 23:20:48,138] {logging_mixin.py:115} INFO - [2023-08-28 23:20:48,138] {dagbag.py:507} INFO - Filling up the DagBag from /home/linuxlite/Documentos/airflow/venv/lib/python3.9/site-packages/airflow/example_dags/example_short_circuit_operator.py
[2023-08-28 23:20:48,150] {processor.py:651} INFO - DAG(s) dict_keys(['example_short_circuit_operator']) retrieved from /home/linuxlite/Documentos/airflow/venv/lib/python3.9/site-packages/airflow/example_dags/example_short_circuit_operator.py
[2023-08-28 23:20:48,169] {logging_mixin.py:115} INFO - [2023-08-28 23:20:48,169] {dag.py:2379} INFO - Sync 1 DAGs
[2023-08-28 23:20:48,185] {logging_mixin.py:115} INFO - [2023-08-28 23:20:48,185] {dag.py:2927} INFO - Setting next_dagrun for example_short_circuit_operator to 2023-08-28T02:20:48.185258+00:00, run_after=2023-08-29T02:20:48.185258+00:00
[2023-08-28 23:20:48,198] {processor.py:161} INFO - Processing /home/linuxlite/Documentos/airflow/venv/lib/python3.9/site-packages/airflow/example_dags/example_short_circuit_operator.py took 0.065 seconds
[2023-08-28 23:21:20,964] {processor.py:153} INFO - Started process (PID=61797) to work on /home/linuxlite/Documentos/airflow/venv/lib/python3.9/site-packages/airflow/example_dags/example_short_circuit_operator.py
[2023-08-28 23:21:20,965] {processor.py:641} INFO - Processing file /home/linuxlite/Documentos/airflow/venv/lib/python3.9/site-packages/airflow/example_dags/example_short_circuit_operator.py for tasks to queue
[2023-08-28 23:21:20,965] {logging_mixin.py:115} INFO - [2023-08-28 23:21:20,965] {dagbag.py:507} INFO - Filling up the DagBag from /home/linuxlite/Documentos/airflow/venv/lib/python3.9/site-packages/airflow/example_dags/example_short_circuit_operator.py
[2023-08-28 23:21:20,978] {processor.py:651} INFO - DAG(s) dict_keys(['example_short_circuit_operator']) retrieved from /home/linuxlite/Documentos/airflow/venv/lib/python3.9/site-packages/airflow/example_dags/example_short_circuit_operator.py
[2023-08-28 23:21:21,000] {logging_mixin.py:115} INFO - [2023-08-28 23:21:21,000] {dag.py:2379} INFO - Sync 1 DAGs
[2023-08-28 23:21:21,016] {logging_mixin.py:115} INFO - [2023-08-28 23:21:21,016] {dag.py:2927} INFO - Setting next_dagrun for example_short_circuit_operator to 2023-08-28T02:21:21.016081+00:00, run_after=2023-08-29T02:21:21.016081+00:00
[2023-08-28 23:21:21,029] {processor.py:161} INFO - Processing /home/linuxlite/Documentos/airflow/venv/lib/python3.9/site-packages/airflow/example_dags/example_short_circuit_operator.py took 0.071 seconds
[2023-08-28 23:21:54,225] {processor.py:153} INFO - Started process (PID=61855) to work on /home/linuxlite/Documentos/airflow/venv/lib/python3.9/site-packages/airflow/example_dags/example_short_circuit_operator.py
[2023-08-28 23:21:54,226] {processor.py:641} INFO - Processing file /home/linuxlite/Documentos/airflow/venv/lib/python3.9/site-packages/airflow/example_dags/example_short_circuit_operator.py for tasks to queue
[2023-08-28 23:21:54,227] {logging_mixin.py:115} INFO - [2023-08-28 23:21:54,227] {dagbag.py:507} INFO - Filling up the DagBag from /home/linuxlite/Documentos/airflow/venv/lib/python3.9/site-packages/airflow/example_dags/example_short_circuit_operator.py
[2023-08-28 23:21:54,239] {processor.py:651} INFO - DAG(s) dict_keys(['example_short_circuit_operator']) retrieved from /home/linuxlite/Documentos/airflow/venv/lib/python3.9/site-packages/airflow/example_dags/example_short_circuit_operator.py
[2023-08-28 23:21:54,260] {logging_mixin.py:115} INFO - [2023-08-28 23:21:54,260] {dag.py:2379} INFO - Sync 1 DAGs
[2023-08-28 23:21:54,274] {logging_mixin.py:115} INFO - [2023-08-28 23:21:54,274] {dag.py:2927} INFO - Setting next_dagrun for example_short_circuit_operator to 2023-08-28T02:21:54.274632+00:00, run_after=2023-08-29T02:21:54.274632+00:00
[2023-08-28 23:21:54,287] {processor.py:161} INFO - Processing /home/linuxlite/Documentos/airflow/venv/lib/python3.9/site-packages/airflow/example_dags/example_short_circuit_operator.py took 0.068 seconds
[2023-08-28 23:22:30,466] {processor.py:153} INFO - Started process (PID=61893) to work on /home/linuxlite/Documentos/airflow/venv/lib/python3.9/site-packages/airflow/example_dags/example_short_circuit_operator.py
[2023-08-28 23:22:30,467] {processor.py:641} INFO - Processing file /home/linuxlite/Documentos/airflow/venv/lib/python3.9/site-packages/airflow/example_dags/example_short_circuit_operator.py for tasks to queue
[2023-08-28 23:22:30,467] {logging_mixin.py:115} INFO - [2023-08-28 23:22:30,467] {dagbag.py:507} INFO - Filling up the DagBag from /home/linuxlite/Documentos/airflow/venv/lib/python3.9/site-packages/airflow/example_dags/example_short_circuit_operator.py
[2023-08-28 23:22:30,477] {processor.py:651} INFO - DAG(s) dict_keys(['example_short_circuit_operator']) retrieved from /home/linuxlite/Documentos/airflow/venv/lib/python3.9/site-packages/airflow/example_dags/example_short_circuit_operator.py
[2023-08-28 23:22:30,496] {logging_mixin.py:115} INFO - [2023-08-28 23:22:30,496] {dag.py:2379} INFO - Sync 1 DAGs
[2023-08-28 23:22:30,514] {logging_mixin.py:115} INFO - [2023-08-28 23:22:30,514] {dag.py:2927} INFO - Setting next_dagrun for example_short_circuit_operator to 2023-08-28T02:22:30.513758+00:00, run_after=2023-08-29T02:22:30.513758+00:00
[2023-08-28 23:22:30,526] {processor.py:161} INFO - Processing /home/linuxlite/Documentos/airflow/venv/lib/python3.9/site-packages/airflow/example_dags/example_short_circuit_operator.py took 0.063 seconds
[2023-08-28 23:23:06,505] {processor.py:153} INFO - Started process (PID=61934) to work on /home/linuxlite/Documentos/airflow/venv/lib/python3.9/site-packages/airflow/example_dags/example_short_circuit_operator.py
[2023-08-28 23:23:06,506] {processor.py:641} INFO - Processing file /home/linuxlite/Documentos/airflow/venv/lib/python3.9/site-packages/airflow/example_dags/example_short_circuit_operator.py for tasks to queue
[2023-08-28 23:23:06,506] {logging_mixin.py:115} INFO - [2023-08-28 23:23:06,506] {dagbag.py:507} INFO - Filling up the DagBag from /home/linuxlite/Documentos/airflow/venv/lib/python3.9/site-packages/airflow/example_dags/example_short_circuit_operator.py
[2023-08-28 23:23:06,516] {processor.py:651} INFO - DAG(s) dict_keys(['example_short_circuit_operator']) retrieved from /home/linuxlite/Documentos/airflow/venv/lib/python3.9/site-packages/airflow/example_dags/example_short_circuit_operator.py
[2023-08-28 23:23:06,534] {logging_mixin.py:115} INFO - [2023-08-28 23:23:06,534] {dag.py:2379} INFO - Sync 1 DAGs
[2023-08-28 23:23:06,548] {logging_mixin.py:115} INFO - [2023-08-28 23:23:06,548] {dag.py:2927} INFO - Setting next_dagrun for example_short_circuit_operator to 2023-08-28T02:23:06.548484+00:00, run_after=2023-08-29T02:23:06.548484+00:00
[2023-08-28 23:23:06,559] {processor.py:161} INFO - Processing /home/linuxlite/Documentos/airflow/venv/lib/python3.9/site-packages/airflow/example_dags/example_short_circuit_operator.py took 0.057 seconds
[2023-08-28 23:23:41,308] {processor.py:153} INFO - Started process (PID=61975) to work on /home/linuxlite/Documentos/airflow/venv/lib/python3.9/site-packages/airflow/example_dags/example_short_circuit_operator.py
[2023-08-28 23:23:41,310] {processor.py:641} INFO - Processing file /home/linuxlite/Documentos/airflow/venv/lib/python3.9/site-packages/airflow/example_dags/example_short_circuit_operator.py for tasks to queue
[2023-08-28 23:23:41,310] {logging_mixin.py:115} INFO - [2023-08-28 23:23:41,310] {dagbag.py:507} INFO - Filling up the DagBag from /home/linuxlite/Documentos/airflow/venv/lib/python3.9/site-packages/airflow/example_dags/example_short_circuit_operator.py
[2023-08-28 23:23:41,324] {processor.py:651} INFO - DAG(s) dict_keys(['example_short_circuit_operator']) retrieved from /home/linuxlite/Documentos/airflow/venv/lib/python3.9/site-packages/airflow/example_dags/example_short_circuit_operator.py
[2023-08-28 23:23:41,344] {logging_mixin.py:115} INFO - [2023-08-28 23:23:41,344] {dag.py:2379} INFO - Sync 1 DAGs
[2023-08-28 23:23:41,359] {logging_mixin.py:115} INFO - [2023-08-28 23:23:41,359] {dag.py:2927} INFO - Setting next_dagrun for example_short_circuit_operator to 2023-08-28T02:23:41.358897+00:00, run_after=2023-08-29T02:23:41.358897+00:00
[2023-08-28 23:23:41,370] {processor.py:161} INFO - Processing /home/linuxlite/Documentos/airflow/venv/lib/python3.9/site-packages/airflow/example_dags/example_short_circuit_operator.py took 0.067 seconds
[2023-08-28 23:24:17,723] {processor.py:153} INFO - Started process (PID=62018) to work on /home/linuxlite/Documentos/airflow/venv/lib/python3.9/site-packages/airflow/example_dags/example_short_circuit_operator.py
[2023-08-28 23:24:17,724] {processor.py:641} INFO - Processing file /home/linuxlite/Documentos/airflow/venv/lib/python3.9/site-packages/airflow/example_dags/example_short_circuit_operator.py for tasks to queue
[2023-08-28 23:24:17,725] {logging_mixin.py:115} INFO - [2023-08-28 23:24:17,725] {dagbag.py:507} INFO - Filling up the DagBag from /home/linuxlite/Documentos/airflow/venv/lib/python3.9/site-packages/airflow/example_dags/example_short_circuit_operator.py
[2023-08-28 23:24:17,736] {processor.py:651} INFO - DAG(s) dict_keys(['example_short_circuit_operator']) retrieved from /home/linuxlite/Documentos/airflow/venv/lib/python3.9/site-packages/airflow/example_dags/example_short_circuit_operator.py
[2023-08-28 23:24:17,755] {logging_mixin.py:115} INFO - [2023-08-28 23:24:17,755] {dag.py:2379} INFO - Sync 1 DAGs
[2023-08-28 23:24:17,771] {logging_mixin.py:115} INFO - [2023-08-28 23:24:17,771] {dag.py:2927} INFO - Setting next_dagrun for example_short_circuit_operator to 2023-08-28T02:24:17.771119+00:00, run_after=2023-08-29T02:24:17.771119+00:00
[2023-08-28 23:24:17,783] {processor.py:161} INFO - Processing /home/linuxlite/Documentos/airflow/venv/lib/python3.9/site-packages/airflow/example_dags/example_short_circuit_operator.py took 0.067 seconds
[2023-08-28 23:24:50,806] {processor.py:153} INFO - Started process (PID=62067) to work on /home/linuxlite/Documentos/airflow/venv/lib/python3.9/site-packages/airflow/example_dags/example_short_circuit_operator.py
[2023-08-28 23:24:50,806] {processor.py:641} INFO - Processing file /home/linuxlite/Documentos/airflow/venv/lib/python3.9/site-packages/airflow/example_dags/example_short_circuit_operator.py for tasks to queue
[2023-08-28 23:24:50,806] {logging_mixin.py:115} INFO - [2023-08-28 23:24:50,806] {dagbag.py:507} INFO - Filling up the DagBag from /home/linuxlite/Documentos/airflow/venv/lib/python3.9/site-packages/airflow/example_dags/example_short_circuit_operator.py
[2023-08-28 23:24:50,815] {processor.py:651} INFO - DAG(s) dict_keys(['example_short_circuit_operator']) retrieved from /home/linuxlite/Documentos/airflow/venv/lib/python3.9/site-packages/airflow/example_dags/example_short_circuit_operator.py
[2023-08-28 23:24:50,836] {logging_mixin.py:115} INFO - [2023-08-28 23:24:50,836] {dag.py:2379} INFO - Sync 1 DAGs
[2023-08-28 23:24:50,851] {logging_mixin.py:115} INFO - [2023-08-28 23:24:50,851] {dag.py:2927} INFO - Setting next_dagrun for example_short_circuit_operator to 2023-08-28T02:24:50.851536+00:00, run_after=2023-08-29T02:24:50.851536+00:00
[2023-08-28 23:24:50,863] {processor.py:161} INFO - Processing /home/linuxlite/Documentos/airflow/venv/lib/python3.9/site-packages/airflow/example_dags/example_short_circuit_operator.py took 0.061 seconds
[2023-08-28 23:25:24,497] {processor.py:153} INFO - Started process (PID=62162) to work on /home/linuxlite/Documentos/airflow/venv/lib/python3.9/site-packages/airflow/example_dags/example_short_circuit_operator.py
[2023-08-28 23:25:24,498] {processor.py:641} INFO - Processing file /home/linuxlite/Documentos/airflow/venv/lib/python3.9/site-packages/airflow/example_dags/example_short_circuit_operator.py for tasks to queue
[2023-08-28 23:25:24,499] {logging_mixin.py:115} INFO - [2023-08-28 23:25:24,498] {dagbag.py:507} INFO - Filling up the DagBag from /home/linuxlite/Documentos/airflow/venv/lib/python3.9/site-packages/airflow/example_dags/example_short_circuit_operator.py
[2023-08-28 23:25:24,511] {processor.py:651} INFO - DAG(s) dict_keys(['example_short_circuit_operator']) retrieved from /home/linuxlite/Documentos/airflow/venv/lib/python3.9/site-packages/airflow/example_dags/example_short_circuit_operator.py
[2023-08-28 23:25:24,528] {logging_mixin.py:115} INFO - [2023-08-28 23:25:24,528] {dag.py:2379} INFO - Sync 1 DAGs
[2023-08-28 23:25:24,544] {logging_mixin.py:115} INFO - [2023-08-28 23:25:24,544] {dag.py:2927} INFO - Setting next_dagrun for example_short_circuit_operator to 2023-08-28T02:25:24.543648+00:00, run_after=2023-08-29T02:25:24.543648+00:00
[2023-08-28 23:25:24,555] {processor.py:161} INFO - Processing /home/linuxlite/Documentos/airflow/venv/lib/python3.9/site-packages/airflow/example_dags/example_short_circuit_operator.py took 0.062 seconds
[2023-08-28 23:25:57,625] {processor.py:153} INFO - Started process (PID=62197) to work on /home/linuxlite/Documentos/airflow/venv/lib/python3.9/site-packages/airflow/example_dags/example_short_circuit_operator.py
[2023-08-28 23:25:57,627] {processor.py:641} INFO - Processing file /home/linuxlite/Documentos/airflow/venv/lib/python3.9/site-packages/airflow/example_dags/example_short_circuit_operator.py for tasks to queue
[2023-08-28 23:25:57,628] {logging_mixin.py:115} INFO - [2023-08-28 23:25:57,628] {dagbag.py:507} INFO - Filling up the DagBag from /home/linuxlite/Documentos/airflow/venv/lib/python3.9/site-packages/airflow/example_dags/example_short_circuit_operator.py
[2023-08-28 23:25:57,656] {processor.py:651} INFO - DAG(s) dict_keys(['example_short_circuit_operator']) retrieved from /home/linuxlite/Documentos/airflow/venv/lib/python3.9/site-packages/airflow/example_dags/example_short_circuit_operator.py
[2023-08-28 23:25:57,703] {logging_mixin.py:115} INFO - [2023-08-28 23:25:57,701] {dag.py:2379} INFO - Sync 1 DAGs
[2023-08-28 23:25:57,751] {logging_mixin.py:115} INFO - [2023-08-28 23:25:57,750] {dag.py:2927} INFO - Setting next_dagrun for example_short_circuit_operator to 2023-08-28T02:25:57.750185+00:00, run_after=2023-08-29T02:25:57.750185+00:00
[2023-08-28 23:25:57,780] {processor.py:161} INFO - Processing /home/linuxlite/Documentos/airflow/venv/lib/python3.9/site-packages/airflow/example_dags/example_short_circuit_operator.py took 0.162 seconds
[2023-08-28 23:26:33,846] {processor.py:153} INFO - Started process (PID=62244) to work on /home/linuxlite/Documentos/airflow/venv/lib/python3.9/site-packages/airflow/example_dags/example_short_circuit_operator.py
[2023-08-28 23:26:33,847] {processor.py:641} INFO - Processing file /home/linuxlite/Documentos/airflow/venv/lib/python3.9/site-packages/airflow/example_dags/example_short_circuit_operator.py for tasks to queue
[2023-08-28 23:26:33,848] {logging_mixin.py:115} INFO - [2023-08-28 23:26:33,848] {dagbag.py:507} INFO - Filling up the DagBag from /home/linuxlite/Documentos/airflow/venv/lib/python3.9/site-packages/airflow/example_dags/example_short_circuit_operator.py
[2023-08-28 23:26:33,859] {processor.py:651} INFO - DAG(s) dict_keys(['example_short_circuit_operator']) retrieved from /home/linuxlite/Documentos/airflow/venv/lib/python3.9/site-packages/airflow/example_dags/example_short_circuit_operator.py
[2023-08-28 23:26:33,875] {logging_mixin.py:115} INFO - [2023-08-28 23:26:33,875] {dag.py:2379} INFO - Sync 1 DAGs
[2023-08-28 23:26:33,890] {logging_mixin.py:115} INFO - [2023-08-28 23:26:33,890] {dag.py:2927} INFO - Setting next_dagrun for example_short_circuit_operator to 2023-08-28T02:26:33.890204+00:00, run_after=2023-08-29T02:26:33.890204+00:00
[2023-08-28 23:26:33,902] {processor.py:161} INFO - Processing /home/linuxlite/Documentos/airflow/venv/lib/python3.9/site-packages/airflow/example_dags/example_short_circuit_operator.py took 0.059 seconds
[2023-08-28 23:27:07,590] {processor.py:153} INFO - Started process (PID=62302) to work on /home/linuxlite/Documentos/airflow/venv/lib/python3.9/site-packages/airflow/example_dags/example_short_circuit_operator.py
[2023-08-28 23:27:07,591] {processor.py:641} INFO - Processing file /home/linuxlite/Documentos/airflow/venv/lib/python3.9/site-packages/airflow/example_dags/example_short_circuit_operator.py for tasks to queue
[2023-08-28 23:27:07,592] {logging_mixin.py:115} INFO - [2023-08-28 23:27:07,592] {dagbag.py:507} INFO - Filling up the DagBag from /home/linuxlite/Documentos/airflow/venv/lib/python3.9/site-packages/airflow/example_dags/example_short_circuit_operator.py
[2023-08-28 23:27:07,606] {processor.py:651} INFO - DAG(s) dict_keys(['example_short_circuit_operator']) retrieved from /home/linuxlite/Documentos/airflow/venv/lib/python3.9/site-packages/airflow/example_dags/example_short_circuit_operator.py
[2023-08-28 23:27:07,627] {logging_mixin.py:115} INFO - [2023-08-28 23:27:07,627] {dag.py:2379} INFO - Sync 1 DAGs
[2023-08-28 23:27:07,648] {logging_mixin.py:115} INFO - [2023-08-28 23:27:07,648] {dag.py:2927} INFO - Setting next_dagrun for example_short_circuit_operator to 2023-08-28T02:27:07.647641+00:00, run_after=2023-08-29T02:27:07.647641+00:00
[2023-08-28 23:27:07,659] {processor.py:161} INFO - Processing /home/linuxlite/Documentos/airflow/venv/lib/python3.9/site-packages/airflow/example_dags/example_short_circuit_operator.py took 0.074 seconds
[2023-08-28 23:27:43,811] {processor.py:153} INFO - Started process (PID=62350) to work on /home/linuxlite/Documentos/airflow/venv/lib/python3.9/site-packages/airflow/example_dags/example_short_circuit_operator.py
[2023-08-28 23:27:43,812] {processor.py:641} INFO - Processing file /home/linuxlite/Documentos/airflow/venv/lib/python3.9/site-packages/airflow/example_dags/example_short_circuit_operator.py for tasks to queue
[2023-08-28 23:27:43,813] {logging_mixin.py:115} INFO - [2023-08-28 23:27:43,812] {dagbag.py:507} INFO - Filling up the DagBag from /home/linuxlite/Documentos/airflow/venv/lib/python3.9/site-packages/airflow/example_dags/example_short_circuit_operator.py
[2023-08-28 23:27:43,828] {processor.py:651} INFO - DAG(s) dict_keys(['example_short_circuit_operator']) retrieved from /home/linuxlite/Documentos/airflow/venv/lib/python3.9/site-packages/airflow/example_dags/example_short_circuit_operator.py
[2023-08-28 23:27:43,850] {logging_mixin.py:115} INFO - [2023-08-28 23:27:43,850] {dag.py:2379} INFO - Sync 1 DAGs
[2023-08-28 23:27:43,872] {logging_mixin.py:115} INFO - [2023-08-28 23:27:43,872] {dag.py:2927} INFO - Setting next_dagrun for example_short_circuit_operator to 2023-08-28T02:27:43.871662+00:00, run_after=2023-08-29T02:27:43.871662+00:00
[2023-08-28 23:27:43,886] {processor.py:161} INFO - Processing /home/linuxlite/Documentos/airflow/venv/lib/python3.9/site-packages/airflow/example_dags/example_short_circuit_operator.py took 0.079 seconds
