[2023-08-28 23:10:58,594] {processor.py:153} INFO - Started process (PID=59978) to work on /home/linuxlite/Documentos/airflow/venv/lib/python3.9/site-packages/airflow/example_dags/example_complex.py
[2023-08-28 23:10:58,595] {processor.py:641} INFO - Processing file /home/linuxlite/Documentos/airflow/venv/lib/python3.9/site-packages/airflow/example_dags/example_complex.py for tasks to queue
[2023-08-28 23:10:58,595] {logging_mixin.py:115} INFO - [2023-08-28 23:10:58,595] {dagbag.py:507} INFO - Filling up the DagBag from /home/linuxlite/Documentos/airflow/venv/lib/python3.9/site-packages/airflow/example_dags/example_complex.py
[2023-08-28 23:10:58,609] {processor.py:651} INFO - DAG(s) dict_keys(['example_complex']) retrieved from /home/linuxlite/Documentos/airflow/venv/lib/python3.9/site-packages/airflow/example_dags/example_complex.py
[2023-08-28 23:10:58,635] {logging_mixin.py:115} INFO - [2023-08-28 23:10:58,635] {dag.py:2379} INFO - Sync 1 DAGs
[2023-08-28 23:10:58,650] {logging_mixin.py:115} INFO - [2023-08-28 23:10:58,650] {dag.py:2927} INFO - Setting next_dagrun for example_complex to None, run_after=None
[2023-08-28 23:10:58,662] {processor.py:161} INFO - Processing /home/linuxlite/Documentos/airflow/venv/lib/python3.9/site-packages/airflow/example_dags/example_complex.py took 0.072 seconds
[2023-08-28 23:11:35,579] {processor.py:153} INFO - Started process (PID=60066) to work on /home/linuxlite/Documentos/airflow/venv/lib/python3.9/site-packages/airflow/example_dags/example_complex.py
[2023-08-28 23:11:35,580] {processor.py:641} INFO - Processing file /home/linuxlite/Documentos/airflow/venv/lib/python3.9/site-packages/airflow/example_dags/example_complex.py for tasks to queue
[2023-08-28 23:11:35,580] {logging_mixin.py:115} INFO - [2023-08-28 23:11:35,580] {dagbag.py:507} INFO - Filling up the DagBag from /home/linuxlite/Documentos/airflow/venv/lib/python3.9/site-packages/airflow/example_dags/example_complex.py
[2023-08-28 23:11:35,590] {processor.py:651} INFO - DAG(s) dict_keys(['example_complex']) retrieved from /home/linuxlite/Documentos/airflow/venv/lib/python3.9/site-packages/airflow/example_dags/example_complex.py
[2023-08-28 23:11:35,613] {logging_mixin.py:115} INFO - [2023-08-28 23:11:35,613] {dag.py:2379} INFO - Sync 1 DAGs
[2023-08-28 23:11:35,635] {logging_mixin.py:115} INFO - [2023-08-28 23:11:35,635] {dag.py:2927} INFO - Setting next_dagrun for example_complex to None, run_after=None
[2023-08-28 23:11:35,646] {processor.py:161} INFO - Processing /home/linuxlite/Documentos/airflow/venv/lib/python3.9/site-packages/airflow/example_dags/example_complex.py took 0.071 seconds
[2023-08-28 23:12:09,403] {processor.py:153} INFO - Started process (PID=60102) to work on /home/linuxlite/Documentos/airflow/venv/lib/python3.9/site-packages/airflow/example_dags/example_complex.py
[2023-08-28 23:12:09,404] {processor.py:641} INFO - Processing file /home/linuxlite/Documentos/airflow/venv/lib/python3.9/site-packages/airflow/example_dags/example_complex.py for tasks to queue
[2023-08-28 23:12:09,404] {logging_mixin.py:115} INFO - [2023-08-28 23:12:09,404] {dagbag.py:507} INFO - Filling up the DagBag from /home/linuxlite/Documentos/airflow/venv/lib/python3.9/site-packages/airflow/example_dags/example_complex.py
[2023-08-28 23:12:09,415] {processor.py:651} INFO - DAG(s) dict_keys(['example_complex']) retrieved from /home/linuxlite/Documentos/airflow/venv/lib/python3.9/site-packages/airflow/example_dags/example_complex.py
[2023-08-28 23:12:09,438] {logging_mixin.py:115} INFO - [2023-08-28 23:12:09,438] {dag.py:2379} INFO - Sync 1 DAGs
[2023-08-28 23:12:09,455] {logging_mixin.py:115} INFO - [2023-08-28 23:12:09,455] {dag.py:2927} INFO - Setting next_dagrun for example_complex to None, run_after=None
[2023-08-28 23:12:09,468] {processor.py:161} INFO - Processing /home/linuxlite/Documentos/airflow/venv/lib/python3.9/site-packages/airflow/example_dags/example_complex.py took 0.068 seconds
[2023-08-28 23:12:43,711] {processor.py:153} INFO - Started process (PID=60147) to work on /home/linuxlite/Documentos/airflow/venv/lib/python3.9/site-packages/airflow/example_dags/example_complex.py
[2023-08-28 23:12:43,713] {processor.py:641} INFO - Processing file /home/linuxlite/Documentos/airflow/venv/lib/python3.9/site-packages/airflow/example_dags/example_complex.py for tasks to queue
[2023-08-28 23:12:43,714] {logging_mixin.py:115} INFO - [2023-08-28 23:12:43,714] {dagbag.py:507} INFO - Filling up the DagBag from /home/linuxlite/Documentos/airflow/venv/lib/python3.9/site-packages/airflow/example_dags/example_complex.py
[2023-08-28 23:12:43,724] {processor.py:651} INFO - DAG(s) dict_keys(['example_complex']) retrieved from /home/linuxlite/Documentos/airflow/venv/lib/python3.9/site-packages/airflow/example_dags/example_complex.py
[2023-08-28 23:12:43,748] {logging_mixin.py:115} INFO - [2023-08-28 23:12:43,748] {dag.py:2379} INFO - Sync 1 DAGs
[2023-08-28 23:12:43,763] {logging_mixin.py:115} INFO - [2023-08-28 23:12:43,763] {dag.py:2927} INFO - Setting next_dagrun for example_complex to None, run_after=None
[2023-08-28 23:12:43,776] {processor.py:161} INFO - Processing /home/linuxlite/Documentos/airflow/venv/lib/python3.9/site-packages/airflow/example_dags/example_complex.py took 0.073 seconds
[2023-08-28 23:13:20,143] {processor.py:153} INFO - Started process (PID=60182) to work on /home/linuxlite/Documentos/airflow/venv/lib/python3.9/site-packages/airflow/example_dags/example_complex.py
[2023-08-28 23:13:20,144] {processor.py:641} INFO - Processing file /home/linuxlite/Documentos/airflow/venv/lib/python3.9/site-packages/airflow/example_dags/example_complex.py for tasks to queue
[2023-08-28 23:13:20,145] {logging_mixin.py:115} INFO - [2023-08-28 23:13:20,145] {dagbag.py:507} INFO - Filling up the DagBag from /home/linuxlite/Documentos/airflow/venv/lib/python3.9/site-packages/airflow/example_dags/example_complex.py
[2023-08-28 23:13:20,155] {processor.py:651} INFO - DAG(s) dict_keys(['example_complex']) retrieved from /home/linuxlite/Documentos/airflow/venv/lib/python3.9/site-packages/airflow/example_dags/example_complex.py
[2023-08-28 23:13:20,177] {logging_mixin.py:115} INFO - [2023-08-28 23:13:20,177] {dag.py:2379} INFO - Sync 1 DAGs
[2023-08-28 23:13:20,191] {logging_mixin.py:115} INFO - [2023-08-28 23:13:20,191] {dag.py:2927} INFO - Setting next_dagrun for example_complex to None, run_after=None
[2023-08-28 23:13:20,201] {processor.py:161} INFO - Processing /home/linuxlite/Documentos/airflow/venv/lib/python3.9/site-packages/airflow/example_dags/example_complex.py took 0.063 seconds
[2023-08-28 23:13:53,646] {processor.py:153} INFO - Started process (PID=60226) to work on /home/linuxlite/Documentos/airflow/venv/lib/python3.9/site-packages/airflow/example_dags/example_complex.py
[2023-08-28 23:13:53,647] {processor.py:641} INFO - Processing file /home/linuxlite/Documentos/airflow/venv/lib/python3.9/site-packages/airflow/example_dags/example_complex.py for tasks to queue
[2023-08-28 23:13:53,647] {logging_mixin.py:115} INFO - [2023-08-28 23:13:53,647] {dagbag.py:507} INFO - Filling up the DagBag from /home/linuxlite/Documentos/airflow/venv/lib/python3.9/site-packages/airflow/example_dags/example_complex.py
[2023-08-28 23:13:53,660] {processor.py:651} INFO - DAG(s) dict_keys(['example_complex']) retrieved from /home/linuxlite/Documentos/airflow/venv/lib/python3.9/site-packages/airflow/example_dags/example_complex.py
[2023-08-28 23:13:53,685] {logging_mixin.py:115} INFO - [2023-08-28 23:13:53,685] {dag.py:2379} INFO - Sync 1 DAGs
[2023-08-28 23:13:53,705] {logging_mixin.py:115} INFO - [2023-08-28 23:13:53,705] {dag.py:2927} INFO - Setting next_dagrun for example_complex to None, run_after=None
[2023-08-28 23:13:53,718] {processor.py:161} INFO - Processing /home/linuxlite/Documentos/airflow/venv/lib/python3.9/site-packages/airflow/example_dags/example_complex.py took 0.075 seconds
[2023-08-28 23:14:29,165] {processor.py:153} INFO - Started process (PID=60272) to work on /home/linuxlite/Documentos/airflow/venv/lib/python3.9/site-packages/airflow/example_dags/example_complex.py
[2023-08-28 23:14:29,166] {processor.py:641} INFO - Processing file /home/linuxlite/Documentos/airflow/venv/lib/python3.9/site-packages/airflow/example_dags/example_complex.py for tasks to queue
[2023-08-28 23:14:29,166] {logging_mixin.py:115} INFO - [2023-08-28 23:14:29,166] {dagbag.py:507} INFO - Filling up the DagBag from /home/linuxlite/Documentos/airflow/venv/lib/python3.9/site-packages/airflow/example_dags/example_complex.py
[2023-08-28 23:14:29,177] {processor.py:651} INFO - DAG(s) dict_keys(['example_complex']) retrieved from /home/linuxlite/Documentos/airflow/venv/lib/python3.9/site-packages/airflow/example_dags/example_complex.py
[2023-08-28 23:14:29,200] {logging_mixin.py:115} INFO - [2023-08-28 23:14:29,200] {dag.py:2379} INFO - Sync 1 DAGs
[2023-08-28 23:14:29,219] {logging_mixin.py:115} INFO - [2023-08-28 23:14:29,219] {dag.py:2927} INFO - Setting next_dagrun for example_complex to None, run_after=None
[2023-08-28 23:14:29,232] {processor.py:161} INFO - Processing /home/linuxlite/Documentos/airflow/venv/lib/python3.9/site-packages/airflow/example_dags/example_complex.py took 0.070 seconds
[2023-08-28 23:15:05,735] {processor.py:153} INFO - Started process (PID=60368) to work on /home/linuxlite/Documentos/airflow/venv/lib/python3.9/site-packages/airflow/example_dags/example_complex.py
[2023-08-28 23:15:05,736] {processor.py:641} INFO - Processing file /home/linuxlite/Documentos/airflow/venv/lib/python3.9/site-packages/airflow/example_dags/example_complex.py for tasks to queue
[2023-08-28 23:15:05,736] {logging_mixin.py:115} INFO - [2023-08-28 23:15:05,736] {dagbag.py:507} INFO - Filling up the DagBag from /home/linuxlite/Documentos/airflow/venv/lib/python3.9/site-packages/airflow/example_dags/example_complex.py
[2023-08-28 23:15:05,749] {processor.py:651} INFO - DAG(s) dict_keys(['example_complex']) retrieved from /home/linuxlite/Documentos/airflow/venv/lib/python3.9/site-packages/airflow/example_dags/example_complex.py
[2023-08-28 23:15:05,773] {logging_mixin.py:115} INFO - [2023-08-28 23:15:05,773] {dag.py:2379} INFO - Sync 1 DAGs
[2023-08-28 23:15:05,790] {logging_mixin.py:115} INFO - [2023-08-28 23:15:05,790] {dag.py:2927} INFO - Setting next_dagrun for example_complex to None, run_after=None
[2023-08-28 23:15:05,813] {processor.py:161} INFO - Processing /home/linuxlite/Documentos/airflow/venv/lib/python3.9/site-packages/airflow/example_dags/example_complex.py took 0.082 seconds
[2023-08-28 23:15:40,229] {processor.py:153} INFO - Started process (PID=60561) to work on /home/linuxlite/Documentos/airflow/venv/lib/python3.9/site-packages/airflow/example_dags/example_complex.py
[2023-08-28 23:15:40,230] {processor.py:641} INFO - Processing file /home/linuxlite/Documentos/airflow/venv/lib/python3.9/site-packages/airflow/example_dags/example_complex.py for tasks to queue
[2023-08-28 23:15:40,231] {logging_mixin.py:115} INFO - [2023-08-28 23:15:40,230] {dagbag.py:507} INFO - Filling up the DagBag from /home/linuxlite/Documentos/airflow/venv/lib/python3.9/site-packages/airflow/example_dags/example_complex.py
[2023-08-28 23:15:40,243] {processor.py:651} INFO - DAG(s) dict_keys(['example_complex']) retrieved from /home/linuxlite/Documentos/airflow/venv/lib/python3.9/site-packages/airflow/example_dags/example_complex.py
[2023-08-28 23:15:40,269] {logging_mixin.py:115} INFO - [2023-08-28 23:15:40,269] {dag.py:2379} INFO - Sync 1 DAGs
[2023-08-28 23:15:40,296] {logging_mixin.py:115} INFO - [2023-08-28 23:15:40,296] {dag.py:2927} INFO - Setting next_dagrun for example_complex to None, run_after=None
[2023-08-28 23:15:40,329] {processor.py:161} INFO - Processing /home/linuxlite/Documentos/airflow/venv/lib/python3.9/site-packages/airflow/example_dags/example_complex.py took 0.103 seconds
[2023-08-28 23:16:14,073] {processor.py:153} INFO - Started process (PID=60598) to work on /home/linuxlite/Documentos/airflow/venv/lib/python3.9/site-packages/airflow/example_dags/example_complex.py
[2023-08-28 23:16:14,074] {processor.py:641} INFO - Processing file /home/linuxlite/Documentos/airflow/venv/lib/python3.9/site-packages/airflow/example_dags/example_complex.py for tasks to queue
[2023-08-28 23:16:14,075] {logging_mixin.py:115} INFO - [2023-08-28 23:16:14,075] {dagbag.py:507} INFO - Filling up the DagBag from /home/linuxlite/Documentos/airflow/venv/lib/python3.9/site-packages/airflow/example_dags/example_complex.py
[2023-08-28 23:16:14,092] {processor.py:651} INFO - DAG(s) dict_keys(['example_complex']) retrieved from /home/linuxlite/Documentos/airflow/venv/lib/python3.9/site-packages/airflow/example_dags/example_complex.py
[2023-08-28 23:16:14,113] {logging_mixin.py:115} INFO - [2023-08-28 23:16:14,113] {dag.py:2379} INFO - Sync 1 DAGs
[2023-08-28 23:16:14,128] {logging_mixin.py:115} INFO - [2023-08-28 23:16:14,128] {dag.py:2927} INFO - Setting next_dagrun for example_complex to None, run_after=None
[2023-08-28 23:16:14,139] {processor.py:161} INFO - Processing /home/linuxlite/Documentos/airflow/venv/lib/python3.9/site-packages/airflow/example_dags/example_complex.py took 0.072 seconds
[2023-08-28 23:16:48,611] {processor.py:153} INFO - Started process (PID=60811) to work on /home/linuxlite/Documentos/airflow/venv/lib/python3.9/site-packages/airflow/example_dags/example_complex.py
[2023-08-28 23:16:48,613] {processor.py:641} INFO - Processing file /home/linuxlite/Documentos/airflow/venv/lib/python3.9/site-packages/airflow/example_dags/example_complex.py for tasks to queue
[2023-08-28 23:16:48,616] {logging_mixin.py:115} INFO - [2023-08-28 23:16:48,616] {dagbag.py:507} INFO - Filling up the DagBag from /home/linuxlite/Documentos/airflow/venv/lib/python3.9/site-packages/airflow/example_dags/example_complex.py
[2023-08-28 23:16:48,627] {processor.py:651} INFO - DAG(s) dict_keys(['example_complex']) retrieved from /home/linuxlite/Documentos/airflow/venv/lib/python3.9/site-packages/airflow/example_dags/example_complex.py
[2023-08-28 23:16:48,649] {logging_mixin.py:115} INFO - [2023-08-28 23:16:48,649] {dag.py:2379} INFO - Sync 1 DAGs
[2023-08-28 23:16:48,666] {logging_mixin.py:115} INFO - [2023-08-28 23:16:48,666] {dag.py:2927} INFO - Setting next_dagrun for example_complex to None, run_after=None
[2023-08-28 23:16:48,681] {processor.py:161} INFO - Processing /home/linuxlite/Documentos/airflow/venv/lib/python3.9/site-packages/airflow/example_dags/example_complex.py took 0.072 seconds
[2023-08-28 23:17:23,146] {processor.py:153} INFO - Started process (PID=60848) to work on /home/linuxlite/Documentos/airflow/venv/lib/python3.9/site-packages/airflow/example_dags/example_complex.py
[2023-08-28 23:17:23,147] {processor.py:641} INFO - Processing file /home/linuxlite/Documentos/airflow/venv/lib/python3.9/site-packages/airflow/example_dags/example_complex.py for tasks to queue
[2023-08-28 23:17:23,148] {logging_mixin.py:115} INFO - [2023-08-28 23:17:23,148] {dagbag.py:507} INFO - Filling up the DagBag from /home/linuxlite/Documentos/airflow/venv/lib/python3.9/site-packages/airflow/example_dags/example_complex.py
[2023-08-28 23:17:23,161] {processor.py:651} INFO - DAG(s) dict_keys(['example_complex']) retrieved from /home/linuxlite/Documentos/airflow/venv/lib/python3.9/site-packages/airflow/example_dags/example_complex.py
[2023-08-28 23:17:23,185] {logging_mixin.py:115} INFO - [2023-08-28 23:17:23,185] {dag.py:2379} INFO - Sync 1 DAGs
[2023-08-28 23:17:23,203] {logging_mixin.py:115} INFO - [2023-08-28 23:17:23,203] {dag.py:2927} INFO - Setting next_dagrun for example_complex to None, run_after=None
[2023-08-28 23:17:23,218] {processor.py:161} INFO - Processing /home/linuxlite/Documentos/airflow/venv/lib/python3.9/site-packages/airflow/example_dags/example_complex.py took 0.077 seconds
[2023-08-28 23:17:59,236] {processor.py:153} INFO - Started process (PID=61150) to work on /home/linuxlite/Documentos/airflow/venv/lib/python3.9/site-packages/airflow/example_dags/example_complex.py
[2023-08-28 23:17:59,238] {processor.py:641} INFO - Processing file /home/linuxlite/Documentos/airflow/venv/lib/python3.9/site-packages/airflow/example_dags/example_complex.py for tasks to queue
[2023-08-28 23:17:59,239] {logging_mixin.py:115} INFO - [2023-08-28 23:17:59,239] {dagbag.py:507} INFO - Filling up the DagBag from /home/linuxlite/Documentos/airflow/venv/lib/python3.9/site-packages/airflow/example_dags/example_complex.py
[2023-08-28 23:17:59,251] {processor.py:651} INFO - DAG(s) dict_keys(['example_complex']) retrieved from /home/linuxlite/Documentos/airflow/venv/lib/python3.9/site-packages/airflow/example_dags/example_complex.py
[2023-08-28 23:17:59,272] {logging_mixin.py:115} INFO - [2023-08-28 23:17:59,272] {dag.py:2379} INFO - Sync 1 DAGs
[2023-08-28 23:17:59,288] {logging_mixin.py:115} INFO - [2023-08-28 23:17:59,288] {dag.py:2927} INFO - Setting next_dagrun for example_complex to None, run_after=None
[2023-08-28 23:17:59,301] {processor.py:161} INFO - Processing /home/linuxlite/Documentos/airflow/venv/lib/python3.9/site-packages/airflow/example_dags/example_complex.py took 0.067 seconds
[2023-08-28 23:18:34,493] {processor.py:153} INFO - Started process (PID=61493) to work on /home/linuxlite/Documentos/airflow/venv/lib/python3.9/site-packages/airflow/example_dags/example_complex.py
[2023-08-28 23:18:34,494] {processor.py:641} INFO - Processing file /home/linuxlite/Documentos/airflow/venv/lib/python3.9/site-packages/airflow/example_dags/example_complex.py for tasks to queue
[2023-08-28 23:18:34,494] {logging_mixin.py:115} INFO - [2023-08-28 23:18:34,494] {dagbag.py:507} INFO - Filling up the DagBag from /home/linuxlite/Documentos/airflow/venv/lib/python3.9/site-packages/airflow/example_dags/example_complex.py
[2023-08-28 23:18:34,510] {processor.py:651} INFO - DAG(s) dict_keys(['example_complex']) retrieved from /home/linuxlite/Documentos/airflow/venv/lib/python3.9/site-packages/airflow/example_dags/example_complex.py
[2023-08-28 23:18:34,539] {logging_mixin.py:115} INFO - [2023-08-28 23:18:34,539] {dag.py:2379} INFO - Sync 1 DAGs
[2023-08-28 23:18:34,568] {logging_mixin.py:115} INFO - [2023-08-28 23:18:34,568] {dag.py:2927} INFO - Setting next_dagrun for example_complex to None, run_after=None
[2023-08-28 23:18:34,591] {processor.py:161} INFO - Processing /home/linuxlite/Documentos/airflow/venv/lib/python3.9/site-packages/airflow/example_dags/example_complex.py took 0.103 seconds
[2023-08-28 23:19:09,069] {processor.py:153} INFO - Started process (PID=61557) to work on /home/linuxlite/Documentos/airflow/venv/lib/python3.9/site-packages/airflow/example_dags/example_complex.py
[2023-08-28 23:19:09,070] {processor.py:641} INFO - Processing file /home/linuxlite/Documentos/airflow/venv/lib/python3.9/site-packages/airflow/example_dags/example_complex.py for tasks to queue
[2023-08-28 23:19:09,071] {logging_mixin.py:115} INFO - [2023-08-28 23:19:09,071] {dagbag.py:507} INFO - Filling up the DagBag from /home/linuxlite/Documentos/airflow/venv/lib/python3.9/site-packages/airflow/example_dags/example_complex.py
[2023-08-28 23:19:09,084] {processor.py:651} INFO - DAG(s) dict_keys(['example_complex']) retrieved from /home/linuxlite/Documentos/airflow/venv/lib/python3.9/site-packages/airflow/example_dags/example_complex.py
[2023-08-28 23:19:09,107] {logging_mixin.py:115} INFO - [2023-08-28 23:19:09,107] {dag.py:2379} INFO - Sync 1 DAGs
[2023-08-28 23:19:09,126] {logging_mixin.py:115} INFO - [2023-08-28 23:19:09,126] {dag.py:2927} INFO - Setting next_dagrun for example_complex to None, run_after=None
[2023-08-28 23:19:09,139] {processor.py:161} INFO - Processing /home/linuxlite/Documentos/airflow/venv/lib/python3.9/site-packages/airflow/example_dags/example_complex.py took 0.074 seconds
[2023-08-28 23:19:42,870] {processor.py:153} INFO - Started process (PID=61622) to work on /home/linuxlite/Documentos/airflow/venv/lib/python3.9/site-packages/airflow/example_dags/example_complex.py
[2023-08-28 23:19:42,871] {processor.py:641} INFO - Processing file /home/linuxlite/Documentos/airflow/venv/lib/python3.9/site-packages/airflow/example_dags/example_complex.py for tasks to queue
[2023-08-28 23:19:42,872] {logging_mixin.py:115} INFO - [2023-08-28 23:19:42,872] {dagbag.py:507} INFO - Filling up the DagBag from /home/linuxlite/Documentos/airflow/venv/lib/python3.9/site-packages/airflow/example_dags/example_complex.py
[2023-08-28 23:19:42,884] {processor.py:651} INFO - DAG(s) dict_keys(['example_complex']) retrieved from /home/linuxlite/Documentos/airflow/venv/lib/python3.9/site-packages/airflow/example_dags/example_complex.py
[2023-08-28 23:19:42,904] {logging_mixin.py:115} INFO - [2023-08-28 23:19:42,904] {dag.py:2379} INFO - Sync 1 DAGs
[2023-08-28 23:19:42,920] {logging_mixin.py:115} INFO - [2023-08-28 23:19:42,920] {dag.py:2927} INFO - Setting next_dagrun for example_complex to None, run_after=None
[2023-08-28 23:19:42,931] {processor.py:161} INFO - Processing /home/linuxlite/Documentos/airflow/venv/lib/python3.9/site-packages/airflow/example_dags/example_complex.py took 0.065 seconds
[2023-08-28 23:20:16,635] {processor.py:153} INFO - Started process (PID=61724) to work on /home/linuxlite/Documentos/airflow/venv/lib/python3.9/site-packages/airflow/example_dags/example_complex.py
[2023-08-28 23:20:16,635] {processor.py:641} INFO - Processing file /home/linuxlite/Documentos/airflow/venv/lib/python3.9/site-packages/airflow/example_dags/example_complex.py for tasks to queue
[2023-08-28 23:20:16,636] {logging_mixin.py:115} INFO - [2023-08-28 23:20:16,636] {dagbag.py:507} INFO - Filling up the DagBag from /home/linuxlite/Documentos/airflow/venv/lib/python3.9/site-packages/airflow/example_dags/example_complex.py
[2023-08-28 23:20:16,655] {processor.py:651} INFO - DAG(s) dict_keys(['example_complex']) retrieved from /home/linuxlite/Documentos/airflow/venv/lib/python3.9/site-packages/airflow/example_dags/example_complex.py
[2023-08-28 23:20:16,694] {logging_mixin.py:115} INFO - [2023-08-28 23:20:16,693] {dag.py:2379} INFO - Sync 1 DAGs
[2023-08-28 23:20:16,724] {logging_mixin.py:115} INFO - [2023-08-28 23:20:16,724] {dag.py:2927} INFO - Setting next_dagrun for example_complex to None, run_after=None
[2023-08-28 23:20:16,753] {processor.py:161} INFO - Processing /home/linuxlite/Documentos/airflow/venv/lib/python3.9/site-packages/airflow/example_dags/example_complex.py took 0.123 seconds
[2023-08-28 23:20:49,868] {processor.py:153} INFO - Started process (PID=61760) to work on /home/linuxlite/Documentos/airflow/venv/lib/python3.9/site-packages/airflow/example_dags/example_complex.py
[2023-08-28 23:20:49,869] {processor.py:641} INFO - Processing file /home/linuxlite/Documentos/airflow/venv/lib/python3.9/site-packages/airflow/example_dags/example_complex.py for tasks to queue
[2023-08-28 23:20:49,870] {logging_mixin.py:115} INFO - [2023-08-28 23:20:49,870] {dagbag.py:507} INFO - Filling up the DagBag from /home/linuxlite/Documentos/airflow/venv/lib/python3.9/site-packages/airflow/example_dags/example_complex.py
[2023-08-28 23:20:49,880] {processor.py:651} INFO - DAG(s) dict_keys(['example_complex']) retrieved from /home/linuxlite/Documentos/airflow/venv/lib/python3.9/site-packages/airflow/example_dags/example_complex.py
[2023-08-28 23:20:49,901] {logging_mixin.py:115} INFO - [2023-08-28 23:20:49,901] {dag.py:2379} INFO - Sync 1 DAGs
[2023-08-28 23:20:49,916] {logging_mixin.py:115} INFO - [2023-08-28 23:20:49,916] {dag.py:2927} INFO - Setting next_dagrun for example_complex to None, run_after=None
[2023-08-28 23:20:49,928] {processor.py:161} INFO - Processing /home/linuxlite/Documentos/airflow/venv/lib/python3.9/site-packages/airflow/example_dags/example_complex.py took 0.063 seconds
[2023-08-28 23:21:28,390] {processor.py:153} INFO - Started process (PID=61804) to work on /home/linuxlite/Documentos/airflow/venv/lib/python3.9/site-packages/airflow/example_dags/example_complex.py
[2023-08-28 23:21:28,392] {processor.py:641} INFO - Processing file /home/linuxlite/Documentos/airflow/venv/lib/python3.9/site-packages/airflow/example_dags/example_complex.py for tasks to queue
[2023-08-28 23:21:28,393] {logging_mixin.py:115} INFO - [2023-08-28 23:21:28,393] {dagbag.py:507} INFO - Filling up the DagBag from /home/linuxlite/Documentos/airflow/venv/lib/python3.9/site-packages/airflow/example_dags/example_complex.py
[2023-08-28 23:21:28,411] {processor.py:651} INFO - DAG(s) dict_keys(['example_complex']) retrieved from /home/linuxlite/Documentos/airflow/venv/lib/python3.9/site-packages/airflow/example_dags/example_complex.py
[2023-08-28 23:21:28,433] {logging_mixin.py:115} INFO - [2023-08-28 23:21:28,433] {dag.py:2379} INFO - Sync 1 DAGs
[2023-08-28 23:21:28,448] {logging_mixin.py:115} INFO - [2023-08-28 23:21:28,448] {dag.py:2927} INFO - Setting next_dagrun for example_complex to None, run_after=None
[2023-08-28 23:21:28,458] {processor.py:161} INFO - Processing /home/linuxlite/Documentos/airflow/venv/lib/python3.9/site-packages/airflow/example_dags/example_complex.py took 0.076 seconds
[2023-08-28 23:22:01,493] {processor.py:153} INFO - Started process (PID=61862) to work on /home/linuxlite/Documentos/airflow/venv/lib/python3.9/site-packages/airflow/example_dags/example_complex.py
[2023-08-28 23:22:01,493] {processor.py:641} INFO - Processing file /home/linuxlite/Documentos/airflow/venv/lib/python3.9/site-packages/airflow/example_dags/example_complex.py for tasks to queue
[2023-08-28 23:22:01,494] {logging_mixin.py:115} INFO - [2023-08-28 23:22:01,494] {dagbag.py:507} INFO - Filling up the DagBag from /home/linuxlite/Documentos/airflow/venv/lib/python3.9/site-packages/airflow/example_dags/example_complex.py
[2023-08-28 23:22:01,506] {processor.py:651} INFO - DAG(s) dict_keys(['example_complex']) retrieved from /home/linuxlite/Documentos/airflow/venv/lib/python3.9/site-packages/airflow/example_dags/example_complex.py
[2023-08-28 23:22:01,531] {logging_mixin.py:115} INFO - [2023-08-28 23:22:01,531] {dag.py:2379} INFO - Sync 1 DAGs
[2023-08-28 23:22:01,551] {logging_mixin.py:115} INFO - [2023-08-28 23:22:01,551] {dag.py:2927} INFO - Setting next_dagrun for example_complex to None, run_after=None
[2023-08-28 23:22:01,564] {processor.py:161} INFO - Processing /home/linuxlite/Documentos/airflow/venv/lib/python3.9/site-packages/airflow/example_dags/example_complex.py took 0.074 seconds
[2023-08-28 23:22:33,334] {processor.py:153} INFO - Started process (PID=61899) to work on /home/linuxlite/Documentos/airflow/venv/lib/python3.9/site-packages/airflow/example_dags/example_complex.py
[2023-08-28 23:22:33,335] {processor.py:641} INFO - Processing file /home/linuxlite/Documentos/airflow/venv/lib/python3.9/site-packages/airflow/example_dags/example_complex.py for tasks to queue
[2023-08-28 23:22:33,336] {logging_mixin.py:115} INFO - [2023-08-28 23:22:33,336] {dagbag.py:507} INFO - Filling up the DagBag from /home/linuxlite/Documentos/airflow/venv/lib/python3.9/site-packages/airflow/example_dags/example_complex.py
[2023-08-28 23:22:33,347] {processor.py:651} INFO - DAG(s) dict_keys(['example_complex']) retrieved from /home/linuxlite/Documentos/airflow/venv/lib/python3.9/site-packages/airflow/example_dags/example_complex.py
[2023-08-28 23:22:33,369] {logging_mixin.py:115} INFO - [2023-08-28 23:22:33,368] {dag.py:2379} INFO - Sync 1 DAGs
[2023-08-28 23:22:33,385] {logging_mixin.py:115} INFO - [2023-08-28 23:22:33,385] {dag.py:2927} INFO - Setting next_dagrun for example_complex to None, run_after=None
[2023-08-28 23:22:33,397] {processor.py:161} INFO - Processing /home/linuxlite/Documentos/airflow/venv/lib/python3.9/site-packages/airflow/example_dags/example_complex.py took 0.066 seconds
[2023-08-28 23:23:09,365] {processor.py:153} INFO - Started process (PID=61943) to work on /home/linuxlite/Documentos/airflow/venv/lib/python3.9/site-packages/airflow/example_dags/example_complex.py
[2023-08-28 23:23:09,366] {processor.py:641} INFO - Processing file /home/linuxlite/Documentos/airflow/venv/lib/python3.9/site-packages/airflow/example_dags/example_complex.py for tasks to queue
[2023-08-28 23:23:09,366] {logging_mixin.py:115} INFO - [2023-08-28 23:23:09,366] {dagbag.py:507} INFO - Filling up the DagBag from /home/linuxlite/Documentos/airflow/venv/lib/python3.9/site-packages/airflow/example_dags/example_complex.py
[2023-08-28 23:23:09,377] {processor.py:651} INFO - DAG(s) dict_keys(['example_complex']) retrieved from /home/linuxlite/Documentos/airflow/venv/lib/python3.9/site-packages/airflow/example_dags/example_complex.py
[2023-08-28 23:23:09,400] {logging_mixin.py:115} INFO - [2023-08-28 23:23:09,400] {dag.py:2379} INFO - Sync 1 DAGs
[2023-08-28 23:23:09,415] {logging_mixin.py:115} INFO - [2023-08-28 23:23:09,415] {dag.py:2927} INFO - Setting next_dagrun for example_complex to None, run_after=None
[2023-08-28 23:23:09,425] {processor.py:161} INFO - Processing /home/linuxlite/Documentos/airflow/venv/lib/python3.9/site-packages/airflow/example_dags/example_complex.py took 0.064 seconds
[2023-08-28 23:23:43,971] {processor.py:153} INFO - Started process (PID=61978) to work on /home/linuxlite/Documentos/airflow/venv/lib/python3.9/site-packages/airflow/example_dags/example_complex.py
[2023-08-28 23:23:43,972] {processor.py:641} INFO - Processing file /home/linuxlite/Documentos/airflow/venv/lib/python3.9/site-packages/airflow/example_dags/example_complex.py for tasks to queue
[2023-08-28 23:23:43,973] {logging_mixin.py:115} INFO - [2023-08-28 23:23:43,973] {dagbag.py:507} INFO - Filling up the DagBag from /home/linuxlite/Documentos/airflow/venv/lib/python3.9/site-packages/airflow/example_dags/example_complex.py
[2023-08-28 23:23:43,984] {processor.py:651} INFO - DAG(s) dict_keys(['example_complex']) retrieved from /home/linuxlite/Documentos/airflow/venv/lib/python3.9/site-packages/airflow/example_dags/example_complex.py
[2023-08-28 23:23:44,011] {logging_mixin.py:115} INFO - [2023-08-28 23:23:44,011] {dag.py:2379} INFO - Sync 1 DAGs
[2023-08-28 23:23:44,029] {logging_mixin.py:115} INFO - [2023-08-28 23:23:44,029] {dag.py:2927} INFO - Setting next_dagrun for example_complex to None, run_after=None
[2023-08-28 23:23:44,041] {processor.py:161} INFO - Processing /home/linuxlite/Documentos/airflow/venv/lib/python3.9/site-packages/airflow/example_dags/example_complex.py took 0.074 seconds
[2023-08-28 23:24:20,131] {processor.py:153} INFO - Started process (PID=62021) to work on /home/linuxlite/Documentos/airflow/venv/lib/python3.9/site-packages/airflow/example_dags/example_complex.py
[2023-08-28 23:24:20,132] {processor.py:641} INFO - Processing file /home/linuxlite/Documentos/airflow/venv/lib/python3.9/site-packages/airflow/example_dags/example_complex.py for tasks to queue
[2023-08-28 23:24:20,133] {logging_mixin.py:115} INFO - [2023-08-28 23:24:20,133] {dagbag.py:507} INFO - Filling up the DagBag from /home/linuxlite/Documentos/airflow/venv/lib/python3.9/site-packages/airflow/example_dags/example_complex.py
[2023-08-28 23:24:20,144] {processor.py:651} INFO - DAG(s) dict_keys(['example_complex']) retrieved from /home/linuxlite/Documentos/airflow/venv/lib/python3.9/site-packages/airflow/example_dags/example_complex.py
[2023-08-28 23:24:20,169] {logging_mixin.py:115} INFO - [2023-08-28 23:24:20,169] {dag.py:2379} INFO - Sync 1 DAGs
[2023-08-28 23:24:20,185] {logging_mixin.py:115} INFO - [2023-08-28 23:24:20,185] {dag.py:2927} INFO - Setting next_dagrun for example_complex to None, run_after=None
[2023-08-28 23:24:20,197] {processor.py:161} INFO - Processing /home/linuxlite/Documentos/airflow/venv/lib/python3.9/site-packages/airflow/example_dags/example_complex.py took 0.069 seconds
[2023-08-28 23:24:56,078] {processor.py:153} INFO - Started process (PID=62080) to work on /home/linuxlite/Documentos/airflow/venv/lib/python3.9/site-packages/airflow/example_dags/example_complex.py
[2023-08-28 23:24:56,079] {processor.py:641} INFO - Processing file /home/linuxlite/Documentos/airflow/venv/lib/python3.9/site-packages/airflow/example_dags/example_complex.py for tasks to queue
[2023-08-28 23:24:56,081] {logging_mixin.py:115} INFO - [2023-08-28 23:24:56,081] {dagbag.py:507} INFO - Filling up the DagBag from /home/linuxlite/Documentos/airflow/venv/lib/python3.9/site-packages/airflow/example_dags/example_complex.py
[2023-08-28 23:24:56,092] {processor.py:651} INFO - DAG(s) dict_keys(['example_complex']) retrieved from /home/linuxlite/Documentos/airflow/venv/lib/python3.9/site-packages/airflow/example_dags/example_complex.py
[2023-08-28 23:24:56,115] {logging_mixin.py:115} INFO - [2023-08-28 23:24:56,115] {dag.py:2379} INFO - Sync 1 DAGs
[2023-08-28 23:24:56,131] {logging_mixin.py:115} INFO - [2023-08-28 23:24:56,131] {dag.py:2927} INFO - Setting next_dagrun for example_complex to None, run_after=None
[2023-08-28 23:24:56,142] {processor.py:161} INFO - Processing /home/linuxlite/Documentos/airflow/venv/lib/python3.9/site-packages/airflow/example_dags/example_complex.py took 0.068 seconds
[2023-08-28 23:25:31,894] {processor.py:153} INFO - Started process (PID=62169) to work on /home/linuxlite/Documentos/airflow/venv/lib/python3.9/site-packages/airflow/example_dags/example_complex.py
[2023-08-28 23:25:31,895] {processor.py:641} INFO - Processing file /home/linuxlite/Documentos/airflow/venv/lib/python3.9/site-packages/airflow/example_dags/example_complex.py for tasks to queue
[2023-08-28 23:25:31,896] {logging_mixin.py:115} INFO - [2023-08-28 23:25:31,895] {dagbag.py:507} INFO - Filling up the DagBag from /home/linuxlite/Documentos/airflow/venv/lib/python3.9/site-packages/airflow/example_dags/example_complex.py
[2023-08-28 23:25:31,911] {processor.py:651} INFO - DAG(s) dict_keys(['example_complex']) retrieved from /home/linuxlite/Documentos/airflow/venv/lib/python3.9/site-packages/airflow/example_dags/example_complex.py
[2023-08-28 23:25:31,928] {logging_mixin.py:115} INFO - [2023-08-28 23:25:31,928] {dag.py:2379} INFO - Sync 1 DAGs
[2023-08-28 23:25:31,942] {logging_mixin.py:115} INFO - [2023-08-28 23:25:31,942] {dag.py:2927} INFO - Setting next_dagrun for example_complex to None, run_after=None
[2023-08-28 23:25:31,953] {processor.py:161} INFO - Processing /home/linuxlite/Documentos/airflow/venv/lib/python3.9/site-packages/airflow/example_dags/example_complex.py took 0.063 seconds
[2023-08-28 23:26:06,767] {processor.py:153} INFO - Started process (PID=62212) to work on /home/linuxlite/Documentos/airflow/venv/lib/python3.9/site-packages/airflow/example_dags/example_complex.py
[2023-08-28 23:26:06,768] {processor.py:641} INFO - Processing file /home/linuxlite/Documentos/airflow/venv/lib/python3.9/site-packages/airflow/example_dags/example_complex.py for tasks to queue
[2023-08-28 23:26:06,769] {logging_mixin.py:115} INFO - [2023-08-28 23:26:06,769] {dagbag.py:507} INFO - Filling up the DagBag from /home/linuxlite/Documentos/airflow/venv/lib/python3.9/site-packages/airflow/example_dags/example_complex.py
[2023-08-28 23:26:06,786] {processor.py:651} INFO - DAG(s) dict_keys(['example_complex']) retrieved from /home/linuxlite/Documentos/airflow/venv/lib/python3.9/site-packages/airflow/example_dags/example_complex.py
[2023-08-28 23:26:06,807] {logging_mixin.py:115} INFO - [2023-08-28 23:26:06,806] {dag.py:2379} INFO - Sync 1 DAGs
[2023-08-28 23:26:06,822] {logging_mixin.py:115} INFO - [2023-08-28 23:26:06,821] {dag.py:2927} INFO - Setting next_dagrun for example_complex to None, run_after=None
[2023-08-28 23:26:06,832] {processor.py:161} INFO - Processing /home/linuxlite/Documentos/airflow/venv/lib/python3.9/site-packages/airflow/example_dags/example_complex.py took 0.069 seconds
[2023-08-28 23:26:41,865] {processor.py:153} INFO - Started process (PID=62256) to work on /home/linuxlite/Documentos/airflow/venv/lib/python3.9/site-packages/airflow/example_dags/example_complex.py
[2023-08-28 23:26:41,866] {processor.py:641} INFO - Processing file /home/linuxlite/Documentos/airflow/venv/lib/python3.9/site-packages/airflow/example_dags/example_complex.py for tasks to queue
[2023-08-28 23:26:41,867] {logging_mixin.py:115} INFO - [2023-08-28 23:26:41,867] {dagbag.py:507} INFO - Filling up the DagBag from /home/linuxlite/Documentos/airflow/venv/lib/python3.9/site-packages/airflow/example_dags/example_complex.py
[2023-08-28 23:26:41,882] {processor.py:651} INFO - DAG(s) dict_keys(['example_complex']) retrieved from /home/linuxlite/Documentos/airflow/venv/lib/python3.9/site-packages/airflow/example_dags/example_complex.py
[2023-08-28 23:26:41,902] {logging_mixin.py:115} INFO - [2023-08-28 23:26:41,902] {dag.py:2379} INFO - Sync 1 DAGs
[2023-08-28 23:26:41,919] {logging_mixin.py:115} INFO - [2023-08-28 23:26:41,919] {dag.py:2927} INFO - Setting next_dagrun for example_complex to None, run_after=None
[2023-08-28 23:26:41,932] {processor.py:161} INFO - Processing /home/linuxlite/Documentos/airflow/venv/lib/python3.9/site-packages/airflow/example_dags/example_complex.py took 0.070 seconds
[2023-08-28 23:27:19,008] {processor.py:153} INFO - Started process (PID=62313) to work on /home/linuxlite/Documentos/airflow/venv/lib/python3.9/site-packages/airflow/example_dags/example_complex.py
[2023-08-28 23:27:19,009] {processor.py:641} INFO - Processing file /home/linuxlite/Documentos/airflow/venv/lib/python3.9/site-packages/airflow/example_dags/example_complex.py for tasks to queue
[2023-08-28 23:27:19,009] {logging_mixin.py:115} INFO - [2023-08-28 23:27:19,009] {dagbag.py:507} INFO - Filling up the DagBag from /home/linuxlite/Documentos/airflow/venv/lib/python3.9/site-packages/airflow/example_dags/example_complex.py
[2023-08-28 23:27:19,023] {processor.py:651} INFO - DAG(s) dict_keys(['example_complex']) retrieved from /home/linuxlite/Documentos/airflow/venv/lib/python3.9/site-packages/airflow/example_dags/example_complex.py
[2023-08-28 23:27:19,043] {logging_mixin.py:115} INFO - [2023-08-28 23:27:19,043] {dag.py:2379} INFO - Sync 1 DAGs
[2023-08-28 23:27:19,061] {logging_mixin.py:115} INFO - [2023-08-28 23:27:19,060] {dag.py:2927} INFO - Setting next_dagrun for example_complex to None, run_after=None
[2023-08-28 23:27:19,074] {processor.py:161} INFO - Processing /home/linuxlite/Documentos/airflow/venv/lib/python3.9/site-packages/airflow/example_dags/example_complex.py took 0.069 seconds
