[2023-08-28 23:11:01,360] {processor.py:153} INFO - Started process (PID=59981) to work on /home/linuxlite/Documentos/airflow/venv/lib/python3.9/site-packages/airflow/example_dags/example_nested_branch_dag.py
[2023-08-28 23:11:01,361] {processor.py:641} INFO - Processing file /home/linuxlite/Documentos/airflow/venv/lib/python3.9/site-packages/airflow/example_dags/example_nested_branch_dag.py for tasks to queue
[2023-08-28 23:11:01,361] {logging_mixin.py:115} INFO - [2023-08-28 23:11:01,361] {dagbag.py:507} INFO - Filling up the DagBag from /home/linuxlite/Documentos/airflow/venv/lib/python3.9/site-packages/airflow/example_dags/example_nested_branch_dag.py
[2023-08-28 23:11:01,373] {processor.py:651} INFO - DAG(s) dict_keys(['example_nested_branch_dag']) retrieved from /home/linuxlite/Documentos/airflow/venv/lib/python3.9/site-packages/airflow/example_dags/example_nested_branch_dag.py
[2023-08-28 23:11:01,389] {logging_mixin.py:115} INFO - [2023-08-28 23:11:01,389] {dag.py:2379} INFO - Sync 1 DAGs
[2023-08-28 23:11:01,407] {logging_mixin.py:115} INFO - [2023-08-28 23:11:01,407] {dag.py:2927} INFO - Setting next_dagrun for example_nested_branch_dag to 2023-08-28T00:00:00+00:00, run_after=2023-08-29T00:00:00+00:00
[2023-08-28 23:11:01,418] {processor.py:161} INFO - Processing /home/linuxlite/Documentos/airflow/venv/lib/python3.9/site-packages/airflow/example_dags/example_nested_branch_dag.py took 0.065 seconds
[2023-08-28 23:11:38,567] {processor.py:153} INFO - Started process (PID=60069) to work on /home/linuxlite/Documentos/airflow/venv/lib/python3.9/site-packages/airflow/example_dags/example_nested_branch_dag.py
[2023-08-28 23:11:38,567] {processor.py:641} INFO - Processing file /home/linuxlite/Documentos/airflow/venv/lib/python3.9/site-packages/airflow/example_dags/example_nested_branch_dag.py for tasks to queue
[2023-08-28 23:11:38,568] {logging_mixin.py:115} INFO - [2023-08-28 23:11:38,568] {dagbag.py:507} INFO - Filling up the DagBag from /home/linuxlite/Documentos/airflow/venv/lib/python3.9/site-packages/airflow/example_dags/example_nested_branch_dag.py
[2023-08-28 23:11:38,579] {processor.py:651} INFO - DAG(s) dict_keys(['example_nested_branch_dag']) retrieved from /home/linuxlite/Documentos/airflow/venv/lib/python3.9/site-packages/airflow/example_dags/example_nested_branch_dag.py
[2023-08-28 23:11:38,595] {logging_mixin.py:115} INFO - [2023-08-28 23:11:38,595] {dag.py:2379} INFO - Sync 1 DAGs
[2023-08-28 23:11:38,617] {logging_mixin.py:115} INFO - [2023-08-28 23:11:38,617] {dag.py:2927} INFO - Setting next_dagrun for example_nested_branch_dag to 2023-08-28T00:00:00+00:00, run_after=2023-08-29T00:00:00+00:00
[2023-08-28 23:11:38,629] {processor.py:161} INFO - Processing /home/linuxlite/Documentos/airflow/venv/lib/python3.9/site-packages/airflow/example_dags/example_nested_branch_dag.py took 0.066 seconds
[2023-08-28 23:12:12,023] {processor.py:153} INFO - Started process (PID=60105) to work on /home/linuxlite/Documentos/airflow/venv/lib/python3.9/site-packages/airflow/example_dags/example_nested_branch_dag.py
[2023-08-28 23:12:12,024] {processor.py:641} INFO - Processing file /home/linuxlite/Documentos/airflow/venv/lib/python3.9/site-packages/airflow/example_dags/example_nested_branch_dag.py for tasks to queue
[2023-08-28 23:12:12,025] {logging_mixin.py:115} INFO - [2023-08-28 23:12:12,025] {dagbag.py:507} INFO - Filling up the DagBag from /home/linuxlite/Documentos/airflow/venv/lib/python3.9/site-packages/airflow/example_dags/example_nested_branch_dag.py
[2023-08-28 23:12:12,037] {processor.py:651} INFO - DAG(s) dict_keys(['example_nested_branch_dag']) retrieved from /home/linuxlite/Documentos/airflow/venv/lib/python3.9/site-packages/airflow/example_dags/example_nested_branch_dag.py
[2023-08-28 23:12:12,054] {logging_mixin.py:115} INFO - [2023-08-28 23:12:12,054] {dag.py:2379} INFO - Sync 1 DAGs
[2023-08-28 23:12:12,073] {logging_mixin.py:115} INFO - [2023-08-28 23:12:12,073] {dag.py:2927} INFO - Setting next_dagrun for example_nested_branch_dag to 2023-08-28T00:00:00+00:00, run_after=2023-08-29T00:00:00+00:00
[2023-08-28 23:12:12,084] {processor.py:161} INFO - Processing /home/linuxlite/Documentos/airflow/venv/lib/python3.9/site-packages/airflow/example_dags/example_nested_branch_dag.py took 0.067 seconds
[2023-08-28 23:12:46,728] {processor.py:153} INFO - Started process (PID=60150) to work on /home/linuxlite/Documentos/airflow/venv/lib/python3.9/site-packages/airflow/example_dags/example_nested_branch_dag.py
[2023-08-28 23:12:46,729] {processor.py:641} INFO - Processing file /home/linuxlite/Documentos/airflow/venv/lib/python3.9/site-packages/airflow/example_dags/example_nested_branch_dag.py for tasks to queue
[2023-08-28 23:12:46,730] {logging_mixin.py:115} INFO - [2023-08-28 23:12:46,730] {dagbag.py:507} INFO - Filling up the DagBag from /home/linuxlite/Documentos/airflow/venv/lib/python3.9/site-packages/airflow/example_dags/example_nested_branch_dag.py
[2023-08-28 23:12:46,741] {processor.py:651} INFO - DAG(s) dict_keys(['example_nested_branch_dag']) retrieved from /home/linuxlite/Documentos/airflow/venv/lib/python3.9/site-packages/airflow/example_dags/example_nested_branch_dag.py
[2023-08-28 23:12:46,774] {logging_mixin.py:115} INFO - [2023-08-28 23:12:46,774] {dag.py:2379} INFO - Sync 1 DAGs
[2023-08-28 23:12:46,805] {logging_mixin.py:115} INFO - [2023-08-28 23:12:46,805] {dag.py:2927} INFO - Setting next_dagrun for example_nested_branch_dag to 2023-08-28T00:00:00+00:00, run_after=2023-08-29T00:00:00+00:00
[2023-08-28 23:12:46,818] {processor.py:161} INFO - Processing /home/linuxlite/Documentos/airflow/venv/lib/python3.9/site-packages/airflow/example_dags/example_nested_branch_dag.py took 0.094 seconds
[2023-08-28 23:13:24,383] {processor.py:153} INFO - Started process (PID=60186) to work on /home/linuxlite/Documentos/airflow/venv/lib/python3.9/site-packages/airflow/example_dags/example_nested_branch_dag.py
[2023-08-28 23:13:24,384] {processor.py:641} INFO - Processing file /home/linuxlite/Documentos/airflow/venv/lib/python3.9/site-packages/airflow/example_dags/example_nested_branch_dag.py for tasks to queue
[2023-08-28 23:13:24,385] {logging_mixin.py:115} INFO - [2023-08-28 23:13:24,385] {dagbag.py:507} INFO - Filling up the DagBag from /home/linuxlite/Documentos/airflow/venv/lib/python3.9/site-packages/airflow/example_dags/example_nested_branch_dag.py
[2023-08-28 23:13:24,395] {processor.py:651} INFO - DAG(s) dict_keys(['example_nested_branch_dag']) retrieved from /home/linuxlite/Documentos/airflow/venv/lib/python3.9/site-packages/airflow/example_dags/example_nested_branch_dag.py
[2023-08-28 23:13:24,411] {logging_mixin.py:115} INFO - [2023-08-28 23:13:24,411] {dag.py:2379} INFO - Sync 1 DAGs
[2023-08-28 23:13:24,430] {logging_mixin.py:115} INFO - [2023-08-28 23:13:24,429] {dag.py:2927} INFO - Setting next_dagrun for example_nested_branch_dag to 2023-08-28T00:00:00+00:00, run_after=2023-08-29T00:00:00+00:00
[2023-08-28 23:13:24,440] {processor.py:161} INFO - Processing /home/linuxlite/Documentos/airflow/venv/lib/python3.9/site-packages/airflow/example_dags/example_nested_branch_dag.py took 0.062 seconds
[2023-08-28 23:13:57,527] {processor.py:153} INFO - Started process (PID=60232) to work on /home/linuxlite/Documentos/airflow/venv/lib/python3.9/site-packages/airflow/example_dags/example_nested_branch_dag.py
[2023-08-28 23:13:57,529] {processor.py:641} INFO - Processing file /home/linuxlite/Documentos/airflow/venv/lib/python3.9/site-packages/airflow/example_dags/example_nested_branch_dag.py for tasks to queue
[2023-08-28 23:13:57,530] {logging_mixin.py:115} INFO - [2023-08-28 23:13:57,530] {dagbag.py:507} INFO - Filling up the DagBag from /home/linuxlite/Documentos/airflow/venv/lib/python3.9/site-packages/airflow/example_dags/example_nested_branch_dag.py
[2023-08-28 23:13:57,563] {processor.py:651} INFO - DAG(s) dict_keys(['example_nested_branch_dag']) retrieved from /home/linuxlite/Documentos/airflow/venv/lib/python3.9/site-packages/airflow/example_dags/example_nested_branch_dag.py
[2023-08-28 23:13:57,612] {logging_mixin.py:115} INFO - [2023-08-28 23:13:57,611] {dag.py:2379} INFO - Sync 1 DAGs
[2023-08-28 23:13:57,673] {logging_mixin.py:115} INFO - [2023-08-28 23:13:57,673] {dag.py:2927} INFO - Setting next_dagrun for example_nested_branch_dag to 2023-08-28T00:00:00+00:00, run_after=2023-08-29T00:00:00+00:00
[2023-08-28 23:13:57,692] {processor.py:161} INFO - Processing /home/linuxlite/Documentos/airflow/venv/lib/python3.9/site-packages/airflow/example_dags/example_nested_branch_dag.py took 0.177 seconds
[2023-08-28 23:14:34,082] {processor.py:153} INFO - Started process (PID=60280) to work on /home/linuxlite/Documentos/airflow/venv/lib/python3.9/site-packages/airflow/example_dags/example_nested_branch_dag.py
[2023-08-28 23:14:34,083] {processor.py:641} INFO - Processing file /home/linuxlite/Documentos/airflow/venv/lib/python3.9/site-packages/airflow/example_dags/example_nested_branch_dag.py for tasks to queue
[2023-08-28 23:14:34,083] {logging_mixin.py:115} INFO - [2023-08-28 23:14:34,083] {dagbag.py:507} INFO - Filling up the DagBag from /home/linuxlite/Documentos/airflow/venv/lib/python3.9/site-packages/airflow/example_dags/example_nested_branch_dag.py
[2023-08-28 23:14:34,093] {processor.py:651} INFO - DAG(s) dict_keys(['example_nested_branch_dag']) retrieved from /home/linuxlite/Documentos/airflow/venv/lib/python3.9/site-packages/airflow/example_dags/example_nested_branch_dag.py
[2023-08-28 23:14:34,113] {logging_mixin.py:115} INFO - [2023-08-28 23:14:34,113] {dag.py:2379} INFO - Sync 1 DAGs
[2023-08-28 23:14:34,147] {logging_mixin.py:115} INFO - [2023-08-28 23:14:34,146] {dag.py:2927} INFO - Setting next_dagrun for example_nested_branch_dag to 2023-08-28T00:00:00+00:00, run_after=2023-08-29T00:00:00+00:00
[2023-08-28 23:14:34,161] {processor.py:161} INFO - Processing /home/linuxlite/Documentos/airflow/venv/lib/python3.9/site-packages/airflow/example_dags/example_nested_branch_dag.py took 0.082 seconds
[2023-08-28 23:15:09,401] {processor.py:153} INFO - Started process (PID=60423) to work on /home/linuxlite/Documentos/airflow/venv/lib/python3.9/site-packages/airflow/example_dags/example_nested_branch_dag.py
[2023-08-28 23:15:09,402] {processor.py:641} INFO - Processing file /home/linuxlite/Documentos/airflow/venv/lib/python3.9/site-packages/airflow/example_dags/example_nested_branch_dag.py for tasks to queue
[2023-08-28 23:15:09,403] {logging_mixin.py:115} INFO - [2023-08-28 23:15:09,403] {dagbag.py:507} INFO - Filling up the DagBag from /home/linuxlite/Documentos/airflow/venv/lib/python3.9/site-packages/airflow/example_dags/example_nested_branch_dag.py
[2023-08-28 23:15:09,413] {processor.py:651} INFO - DAG(s) dict_keys(['example_nested_branch_dag']) retrieved from /home/linuxlite/Documentos/airflow/venv/lib/python3.9/site-packages/airflow/example_dags/example_nested_branch_dag.py
[2023-08-28 23:15:09,435] {logging_mixin.py:115} INFO - [2023-08-28 23:15:09,435] {dag.py:2379} INFO - Sync 1 DAGs
[2023-08-28 23:15:09,455] {logging_mixin.py:115} INFO - [2023-08-28 23:15:09,455] {dag.py:2927} INFO - Setting next_dagrun for example_nested_branch_dag to 2023-08-28T00:00:00+00:00, run_after=2023-08-29T00:00:00+00:00
[2023-08-28 23:15:09,469] {processor.py:161} INFO - Processing /home/linuxlite/Documentos/airflow/venv/lib/python3.9/site-packages/airflow/example_dags/example_nested_branch_dag.py took 0.071 seconds
[2023-08-28 23:15:44,930] {processor.py:153} INFO - Started process (PID=60565) to work on /home/linuxlite/Documentos/airflow/venv/lib/python3.9/site-packages/airflow/example_dags/example_nested_branch_dag.py
[2023-08-28 23:15:44,931] {processor.py:641} INFO - Processing file /home/linuxlite/Documentos/airflow/venv/lib/python3.9/site-packages/airflow/example_dags/example_nested_branch_dag.py for tasks to queue
[2023-08-28 23:15:44,932] {logging_mixin.py:115} INFO - [2023-08-28 23:15:44,932] {dagbag.py:507} INFO - Filling up the DagBag from /home/linuxlite/Documentos/airflow/venv/lib/python3.9/site-packages/airflow/example_dags/example_nested_branch_dag.py
[2023-08-28 23:15:44,945] {processor.py:651} INFO - DAG(s) dict_keys(['example_nested_branch_dag']) retrieved from /home/linuxlite/Documentos/airflow/venv/lib/python3.9/site-packages/airflow/example_dags/example_nested_branch_dag.py
[2023-08-28 23:15:44,971] {logging_mixin.py:115} INFO - [2023-08-28 23:15:44,971] {dag.py:2379} INFO - Sync 1 DAGs
[2023-08-28 23:15:44,991] {logging_mixin.py:115} INFO - [2023-08-28 23:15:44,991] {dag.py:2927} INFO - Setting next_dagrun for example_nested_branch_dag to 2023-08-28T00:00:00+00:00, run_after=2023-08-29T00:00:00+00:00
[2023-08-28 23:15:45,012] {processor.py:161} INFO - Processing /home/linuxlite/Documentos/airflow/venv/lib/python3.9/site-packages/airflow/example_dags/example_nested_branch_dag.py took 0.086 seconds
[2023-08-28 23:16:17,843] {processor.py:153} INFO - Started process (PID=60602) to work on /home/linuxlite/Documentos/airflow/venv/lib/python3.9/site-packages/airflow/example_dags/example_nested_branch_dag.py
[2023-08-28 23:16:17,845] {processor.py:641} INFO - Processing file /home/linuxlite/Documentos/airflow/venv/lib/python3.9/site-packages/airflow/example_dags/example_nested_branch_dag.py for tasks to queue
[2023-08-28 23:16:17,845] {logging_mixin.py:115} INFO - [2023-08-28 23:16:17,845] {dagbag.py:507} INFO - Filling up the DagBag from /home/linuxlite/Documentos/airflow/venv/lib/python3.9/site-packages/airflow/example_dags/example_nested_branch_dag.py
[2023-08-28 23:16:17,859] {processor.py:651} INFO - DAG(s) dict_keys(['example_nested_branch_dag']) retrieved from /home/linuxlite/Documentos/airflow/venv/lib/python3.9/site-packages/airflow/example_dags/example_nested_branch_dag.py
[2023-08-28 23:16:17,879] {logging_mixin.py:115} INFO - [2023-08-28 23:16:17,878] {dag.py:2379} INFO - Sync 1 DAGs
[2023-08-28 23:16:17,894] {logging_mixin.py:115} INFO - [2023-08-28 23:16:17,894] {dag.py:2927} INFO - Setting next_dagrun for example_nested_branch_dag to 2023-08-28T00:00:00+00:00, run_after=2023-08-29T00:00:00+00:00
[2023-08-28 23:16:17,905] {processor.py:161} INFO - Processing /home/linuxlite/Documentos/airflow/venv/lib/python3.9/site-packages/airflow/example_dags/example_nested_branch_dag.py took 0.070 seconds
[2023-08-28 23:16:52,114] {processor.py:153} INFO - Started process (PID=60814) to work on /home/linuxlite/Documentos/airflow/venv/lib/python3.9/site-packages/airflow/example_dags/example_nested_branch_dag.py
[2023-08-28 23:16:52,115] {processor.py:641} INFO - Processing file /home/linuxlite/Documentos/airflow/venv/lib/python3.9/site-packages/airflow/example_dags/example_nested_branch_dag.py for tasks to queue
[2023-08-28 23:16:52,116] {logging_mixin.py:115} INFO - [2023-08-28 23:16:52,116] {dagbag.py:507} INFO - Filling up the DagBag from /home/linuxlite/Documentos/airflow/venv/lib/python3.9/site-packages/airflow/example_dags/example_nested_branch_dag.py
[2023-08-28 23:16:52,127] {processor.py:651} INFO - DAG(s) dict_keys(['example_nested_branch_dag']) retrieved from /home/linuxlite/Documentos/airflow/venv/lib/python3.9/site-packages/airflow/example_dags/example_nested_branch_dag.py
[2023-08-28 23:16:52,146] {logging_mixin.py:115} INFO - [2023-08-28 23:16:52,146] {dag.py:2379} INFO - Sync 1 DAGs
[2023-08-28 23:16:52,164] {logging_mixin.py:115} INFO - [2023-08-28 23:16:52,164] {dag.py:2927} INFO - Setting next_dagrun for example_nested_branch_dag to 2023-08-28T00:00:00+00:00, run_after=2023-08-29T00:00:00+00:00
[2023-08-28 23:16:52,179] {processor.py:161} INFO - Processing /home/linuxlite/Documentos/airflow/venv/lib/python3.9/site-packages/airflow/example_dags/example_nested_branch_dag.py took 0.068 seconds
[2023-08-28 23:17:26,585] {processor.py:153} INFO - Started process (PID=60852) to work on /home/linuxlite/Documentos/airflow/venv/lib/python3.9/site-packages/airflow/example_dags/example_nested_branch_dag.py
[2023-08-28 23:17:26,585] {processor.py:641} INFO - Processing file /home/linuxlite/Documentos/airflow/venv/lib/python3.9/site-packages/airflow/example_dags/example_nested_branch_dag.py for tasks to queue
[2023-08-28 23:17:26,586] {logging_mixin.py:115} INFO - [2023-08-28 23:17:26,586] {dagbag.py:507} INFO - Filling up the DagBag from /home/linuxlite/Documentos/airflow/venv/lib/python3.9/site-packages/airflow/example_dags/example_nested_branch_dag.py
[2023-08-28 23:17:26,596] {processor.py:651} INFO - DAG(s) dict_keys(['example_nested_branch_dag']) retrieved from /home/linuxlite/Documentos/airflow/venv/lib/python3.9/site-packages/airflow/example_dags/example_nested_branch_dag.py
[2023-08-28 23:17:26,615] {logging_mixin.py:115} INFO - [2023-08-28 23:17:26,615] {dag.py:2379} INFO - Sync 1 DAGs
[2023-08-28 23:17:26,634] {logging_mixin.py:115} INFO - [2023-08-28 23:17:26,634] {dag.py:2927} INFO - Setting next_dagrun for example_nested_branch_dag to 2023-08-28T00:00:00+00:00, run_after=2023-08-29T00:00:00+00:00
[2023-08-28 23:17:26,647] {processor.py:161} INFO - Processing /home/linuxlite/Documentos/airflow/venv/lib/python3.9/site-packages/airflow/example_dags/example_nested_branch_dag.py took 0.065 seconds
[2023-08-28 23:18:03,806] {processor.py:153} INFO - Started process (PID=61263) to work on /home/linuxlite/Documentos/airflow/venv/lib/python3.9/site-packages/airflow/example_dags/example_nested_branch_dag.py
[2023-08-28 23:18:03,807] {processor.py:641} INFO - Processing file /home/linuxlite/Documentos/airflow/venv/lib/python3.9/site-packages/airflow/example_dags/example_nested_branch_dag.py for tasks to queue
[2023-08-28 23:18:03,808] {logging_mixin.py:115} INFO - [2023-08-28 23:18:03,808] {dagbag.py:507} INFO - Filling up the DagBag from /home/linuxlite/Documentos/airflow/venv/lib/python3.9/site-packages/airflow/example_dags/example_nested_branch_dag.py
[2023-08-28 23:18:03,818] {processor.py:651} INFO - DAG(s) dict_keys(['example_nested_branch_dag']) retrieved from /home/linuxlite/Documentos/airflow/venv/lib/python3.9/site-packages/airflow/example_dags/example_nested_branch_dag.py
[2023-08-28 23:18:03,836] {logging_mixin.py:115} INFO - [2023-08-28 23:18:03,836] {dag.py:2379} INFO - Sync 1 DAGs
[2023-08-28 23:18:03,852] {logging_mixin.py:115} INFO - [2023-08-28 23:18:03,851] {dag.py:2927} INFO - Setting next_dagrun for example_nested_branch_dag to 2023-08-28T00:00:00+00:00, run_after=2023-08-29T00:00:00+00:00
[2023-08-28 23:18:03,863] {processor.py:161} INFO - Processing /home/linuxlite/Documentos/airflow/venv/lib/python3.9/site-packages/airflow/example_dags/example_nested_branch_dag.py took 0.059 seconds
[2023-08-28 23:18:37,619] {processor.py:153} INFO - Started process (PID=61521) to work on /home/linuxlite/Documentos/airflow/venv/lib/python3.9/site-packages/airflow/example_dags/example_nested_branch_dag.py
[2023-08-28 23:18:37,620] {processor.py:641} INFO - Processing file /home/linuxlite/Documentos/airflow/venv/lib/python3.9/site-packages/airflow/example_dags/example_nested_branch_dag.py for tasks to queue
[2023-08-28 23:18:37,621] {logging_mixin.py:115} INFO - [2023-08-28 23:18:37,620] {dagbag.py:507} INFO - Filling up the DagBag from /home/linuxlite/Documentos/airflow/venv/lib/python3.9/site-packages/airflow/example_dags/example_nested_branch_dag.py
[2023-08-28 23:18:37,630] {processor.py:651} INFO - DAG(s) dict_keys(['example_nested_branch_dag']) retrieved from /home/linuxlite/Documentos/airflow/venv/lib/python3.9/site-packages/airflow/example_dags/example_nested_branch_dag.py
[2023-08-28 23:18:37,649] {logging_mixin.py:115} INFO - [2023-08-28 23:18:37,649] {dag.py:2379} INFO - Sync 1 DAGs
[2023-08-28 23:18:37,666] {logging_mixin.py:115} INFO - [2023-08-28 23:18:37,665] {dag.py:2927} INFO - Setting next_dagrun for example_nested_branch_dag to 2023-08-28T00:00:00+00:00, run_after=2023-08-29T00:00:00+00:00
[2023-08-28 23:18:37,676] {processor.py:161} INFO - Processing /home/linuxlite/Documentos/airflow/venv/lib/python3.9/site-packages/airflow/example_dags/example_nested_branch_dag.py took 0.060 seconds
[2023-08-28 23:19:12,240] {processor.py:153} INFO - Started process (PID=61564) to work on /home/linuxlite/Documentos/airflow/venv/lib/python3.9/site-packages/airflow/example_dags/example_nested_branch_dag.py
[2023-08-28 23:19:12,241] {processor.py:641} INFO - Processing file /home/linuxlite/Documentos/airflow/venv/lib/python3.9/site-packages/airflow/example_dags/example_nested_branch_dag.py for tasks to queue
[2023-08-28 23:19:12,242] {logging_mixin.py:115} INFO - [2023-08-28 23:19:12,242] {dagbag.py:507} INFO - Filling up the DagBag from /home/linuxlite/Documentos/airflow/venv/lib/python3.9/site-packages/airflow/example_dags/example_nested_branch_dag.py
[2023-08-28 23:19:12,254] {processor.py:651} INFO - DAG(s) dict_keys(['example_nested_branch_dag']) retrieved from /home/linuxlite/Documentos/airflow/venv/lib/python3.9/site-packages/airflow/example_dags/example_nested_branch_dag.py
[2023-08-28 23:19:12,273] {logging_mixin.py:115} INFO - [2023-08-28 23:19:12,273] {dag.py:2379} INFO - Sync 1 DAGs
[2023-08-28 23:19:12,290] {logging_mixin.py:115} INFO - [2023-08-28 23:19:12,290] {dag.py:2927} INFO - Setting next_dagrun for example_nested_branch_dag to 2023-08-28T00:00:00+00:00, run_after=2023-08-29T00:00:00+00:00
[2023-08-28 23:19:12,301] {processor.py:161} INFO - Processing /home/linuxlite/Documentos/airflow/venv/lib/python3.9/site-packages/airflow/example_dags/example_nested_branch_dag.py took 0.066 seconds
[2023-08-28 23:19:46,367] {processor.py:153} INFO - Started process (PID=61626) to work on /home/linuxlite/Documentos/airflow/venv/lib/python3.9/site-packages/airflow/example_dags/example_nested_branch_dag.py
[2023-08-28 23:19:46,368] {processor.py:641} INFO - Processing file /home/linuxlite/Documentos/airflow/venv/lib/python3.9/site-packages/airflow/example_dags/example_nested_branch_dag.py for tasks to queue
[2023-08-28 23:19:46,369] {logging_mixin.py:115} INFO - [2023-08-28 23:19:46,368] {dagbag.py:507} INFO - Filling up the DagBag from /home/linuxlite/Documentos/airflow/venv/lib/python3.9/site-packages/airflow/example_dags/example_nested_branch_dag.py
[2023-08-28 23:19:46,381] {processor.py:651} INFO - DAG(s) dict_keys(['example_nested_branch_dag']) retrieved from /home/linuxlite/Documentos/airflow/venv/lib/python3.9/site-packages/airflow/example_dags/example_nested_branch_dag.py
[2023-08-28 23:19:46,400] {logging_mixin.py:115} INFO - [2023-08-28 23:19:46,399] {dag.py:2379} INFO - Sync 1 DAGs
[2023-08-28 23:19:46,417] {logging_mixin.py:115} INFO - [2023-08-28 23:19:46,417] {dag.py:2927} INFO - Setting next_dagrun for example_nested_branch_dag to 2023-08-28T00:00:00+00:00, run_after=2023-08-29T00:00:00+00:00
[2023-08-28 23:19:46,430] {processor.py:161} INFO - Processing /home/linuxlite/Documentos/airflow/venv/lib/python3.9/site-packages/airflow/example_dags/example_nested_branch_dag.py took 0.070 seconds
[2023-08-28 23:20:23,662] {processor.py:153} INFO - Started process (PID=61730) to work on /home/linuxlite/Documentos/airflow/venv/lib/python3.9/site-packages/airflow/example_dags/example_nested_branch_dag.py
[2023-08-28 23:20:23,663] {processor.py:641} INFO - Processing file /home/linuxlite/Documentos/airflow/venv/lib/python3.9/site-packages/airflow/example_dags/example_nested_branch_dag.py for tasks to queue
[2023-08-28 23:20:23,664] {logging_mixin.py:115} INFO - [2023-08-28 23:20:23,664] {dagbag.py:507} INFO - Filling up the DagBag from /home/linuxlite/Documentos/airflow/venv/lib/python3.9/site-packages/airflow/example_dags/example_nested_branch_dag.py
[2023-08-28 23:20:23,676] {processor.py:651} INFO - DAG(s) dict_keys(['example_nested_branch_dag']) retrieved from /home/linuxlite/Documentos/airflow/venv/lib/python3.9/site-packages/airflow/example_dags/example_nested_branch_dag.py
[2023-08-28 23:20:23,695] {logging_mixin.py:115} INFO - [2023-08-28 23:20:23,695] {dag.py:2379} INFO - Sync 1 DAGs
[2023-08-28 23:20:23,712] {logging_mixin.py:115} INFO - [2023-08-28 23:20:23,712] {dag.py:2927} INFO - Setting next_dagrun for example_nested_branch_dag to 2023-08-28T00:00:00+00:00, run_after=2023-08-29T00:00:00+00:00
[2023-08-28 23:20:23,723] {processor.py:161} INFO - Processing /home/linuxlite/Documentos/airflow/venv/lib/python3.9/site-packages/airflow/example_dags/example_nested_branch_dag.py took 0.066 seconds
[2023-08-28 23:20:58,418] {processor.py:153} INFO - Started process (PID=61768) to work on /home/linuxlite/Documentos/airflow/venv/lib/python3.9/site-packages/airflow/example_dags/example_nested_branch_dag.py
[2023-08-28 23:20:58,419] {processor.py:641} INFO - Processing file /home/linuxlite/Documentos/airflow/venv/lib/python3.9/site-packages/airflow/example_dags/example_nested_branch_dag.py for tasks to queue
[2023-08-28 23:20:58,419] {logging_mixin.py:115} INFO - [2023-08-28 23:20:58,419] {dagbag.py:507} INFO - Filling up the DagBag from /home/linuxlite/Documentos/airflow/venv/lib/python3.9/site-packages/airflow/example_dags/example_nested_branch_dag.py
[2023-08-28 23:20:58,429] {processor.py:651} INFO - DAG(s) dict_keys(['example_nested_branch_dag']) retrieved from /home/linuxlite/Documentos/airflow/venv/lib/python3.9/site-packages/airflow/example_dags/example_nested_branch_dag.py
[2023-08-28 23:20:58,446] {logging_mixin.py:115} INFO - [2023-08-28 23:20:58,446] {dag.py:2379} INFO - Sync 1 DAGs
[2023-08-28 23:20:58,462] {logging_mixin.py:115} INFO - [2023-08-28 23:20:58,462] {dag.py:2927} INFO - Setting next_dagrun for example_nested_branch_dag to 2023-08-28T00:00:00+00:00, run_after=2023-08-29T00:00:00+00:00
[2023-08-28 23:20:58,474] {processor.py:161} INFO - Processing /home/linuxlite/Documentos/airflow/venv/lib/python3.9/site-packages/airflow/example_dags/example_nested_branch_dag.py took 0.059 seconds
[2023-08-28 23:21:33,519] {processor.py:153} INFO - Started process (PID=61815) to work on /home/linuxlite/Documentos/airflow/venv/lib/python3.9/site-packages/airflow/example_dags/example_nested_branch_dag.py
[2023-08-28 23:21:33,520] {processor.py:641} INFO - Processing file /home/linuxlite/Documentos/airflow/venv/lib/python3.9/site-packages/airflow/example_dags/example_nested_branch_dag.py for tasks to queue
[2023-08-28 23:21:33,521] {logging_mixin.py:115} INFO - [2023-08-28 23:21:33,521] {dagbag.py:507} INFO - Filling up the DagBag from /home/linuxlite/Documentos/airflow/venv/lib/python3.9/site-packages/airflow/example_dags/example_nested_branch_dag.py
[2023-08-28 23:21:33,531] {processor.py:651} INFO - DAG(s) dict_keys(['example_nested_branch_dag']) retrieved from /home/linuxlite/Documentos/airflow/venv/lib/python3.9/site-packages/airflow/example_dags/example_nested_branch_dag.py
[2023-08-28 23:21:33,552] {logging_mixin.py:115} INFO - [2023-08-28 23:21:33,552] {dag.py:2379} INFO - Sync 1 DAGs
[2023-08-28 23:21:33,573] {logging_mixin.py:115} INFO - [2023-08-28 23:21:33,573] {dag.py:2927} INFO - Setting next_dagrun for example_nested_branch_dag to 2023-08-28T00:00:00+00:00, run_after=2023-08-29T00:00:00+00:00
[2023-08-28 23:21:33,589] {processor.py:161} INFO - Processing /home/linuxlite/Documentos/airflow/venv/lib/python3.9/site-packages/airflow/example_dags/example_nested_branch_dag.py took 0.073 seconds
[2023-08-28 23:22:07,207] {processor.py:153} INFO - Started process (PID=61869) to work on /home/linuxlite/Documentos/airflow/venv/lib/python3.9/site-packages/airflow/example_dags/example_nested_branch_dag.py
[2023-08-28 23:22:07,208] {processor.py:641} INFO - Processing file /home/linuxlite/Documentos/airflow/venv/lib/python3.9/site-packages/airflow/example_dags/example_nested_branch_dag.py for tasks to queue
[2023-08-28 23:22:07,208] {logging_mixin.py:115} INFO - [2023-08-28 23:22:07,208] {dagbag.py:507} INFO - Filling up the DagBag from /home/linuxlite/Documentos/airflow/venv/lib/python3.9/site-packages/airflow/example_dags/example_nested_branch_dag.py
[2023-08-28 23:22:07,219] {processor.py:651} INFO - DAG(s) dict_keys(['example_nested_branch_dag']) retrieved from /home/linuxlite/Documentos/airflow/venv/lib/python3.9/site-packages/airflow/example_dags/example_nested_branch_dag.py
[2023-08-28 23:22:07,240] {logging_mixin.py:115} INFO - [2023-08-28 23:22:07,240] {dag.py:2379} INFO - Sync 1 DAGs
[2023-08-28 23:22:07,258] {logging_mixin.py:115} INFO - [2023-08-28 23:22:07,257] {dag.py:2927} INFO - Setting next_dagrun for example_nested_branch_dag to 2023-08-28T00:00:00+00:00, run_after=2023-08-29T00:00:00+00:00
[2023-08-28 23:22:07,270] {processor.py:161} INFO - Processing /home/linuxlite/Documentos/airflow/venv/lib/python3.9/site-packages/airflow/example_dags/example_nested_branch_dag.py took 0.067 seconds
[2023-08-28 23:22:43,163] {processor.py:153} INFO - Started process (PID=61910) to work on /home/linuxlite/Documentos/airflow/venv/lib/python3.9/site-packages/airflow/example_dags/example_nested_branch_dag.py
[2023-08-28 23:22:43,164] {processor.py:641} INFO - Processing file /home/linuxlite/Documentos/airflow/venv/lib/python3.9/site-packages/airflow/example_dags/example_nested_branch_dag.py for tasks to queue
[2023-08-28 23:22:43,165] {logging_mixin.py:115} INFO - [2023-08-28 23:22:43,165] {dagbag.py:507} INFO - Filling up the DagBag from /home/linuxlite/Documentos/airflow/venv/lib/python3.9/site-packages/airflow/example_dags/example_nested_branch_dag.py
[2023-08-28 23:22:43,176] {processor.py:651} INFO - DAG(s) dict_keys(['example_nested_branch_dag']) retrieved from /home/linuxlite/Documentos/airflow/venv/lib/python3.9/site-packages/airflow/example_dags/example_nested_branch_dag.py
[2023-08-28 23:22:43,194] {logging_mixin.py:115} INFO - [2023-08-28 23:22:43,194] {dag.py:2379} INFO - Sync 1 DAGs
[2023-08-28 23:22:43,211] {logging_mixin.py:115} INFO - [2023-08-28 23:22:43,211] {dag.py:2927} INFO - Setting next_dagrun for example_nested_branch_dag to 2023-08-28T00:00:00+00:00, run_after=2023-08-29T00:00:00+00:00
[2023-08-28 23:22:43,222] {processor.py:161} INFO - Processing /home/linuxlite/Documentos/airflow/venv/lib/python3.9/site-packages/airflow/example_dags/example_nested_branch_dag.py took 0.064 seconds
[2023-08-28 23:23:20,732] {processor.py:153} INFO - Started process (PID=61954) to work on /home/linuxlite/Documentos/airflow/venv/lib/python3.9/site-packages/airflow/example_dags/example_nested_branch_dag.py
[2023-08-28 23:23:20,733] {processor.py:641} INFO - Processing file /home/linuxlite/Documentos/airflow/venv/lib/python3.9/site-packages/airflow/example_dags/example_nested_branch_dag.py for tasks to queue
[2023-08-28 23:23:20,733] {logging_mixin.py:115} INFO - [2023-08-28 23:23:20,733] {dagbag.py:507} INFO - Filling up the DagBag from /home/linuxlite/Documentos/airflow/venv/lib/python3.9/site-packages/airflow/example_dags/example_nested_branch_dag.py
[2023-08-28 23:23:20,744] {processor.py:651} INFO - DAG(s) dict_keys(['example_nested_branch_dag']) retrieved from /home/linuxlite/Documentos/airflow/venv/lib/python3.9/site-packages/airflow/example_dags/example_nested_branch_dag.py
[2023-08-28 23:23:20,764] {logging_mixin.py:115} INFO - [2023-08-28 23:23:20,763] {dag.py:2379} INFO - Sync 1 DAGs
[2023-08-28 23:23:20,781] {logging_mixin.py:115} INFO - [2023-08-28 23:23:20,781] {dag.py:2927} INFO - Setting next_dagrun for example_nested_branch_dag to 2023-08-28T00:00:00+00:00, run_after=2023-08-29T00:00:00+00:00
[2023-08-28 23:23:20,794] {processor.py:161} INFO - Processing /home/linuxlite/Documentos/airflow/venv/lib/python3.9/site-packages/airflow/example_dags/example_nested_branch_dag.py took 0.065 seconds
[2023-08-28 23:23:57,962] {processor.py:153} INFO - Started process (PID=61994) to work on /home/linuxlite/Documentos/airflow/venv/lib/python3.9/site-packages/airflow/example_dags/example_nested_branch_dag.py
[2023-08-28 23:23:57,963] {processor.py:641} INFO - Processing file /home/linuxlite/Documentos/airflow/venv/lib/python3.9/site-packages/airflow/example_dags/example_nested_branch_dag.py for tasks to queue
[2023-08-28 23:23:57,963] {logging_mixin.py:115} INFO - [2023-08-28 23:23:57,963] {dagbag.py:507} INFO - Filling up the DagBag from /home/linuxlite/Documentos/airflow/venv/lib/python3.9/site-packages/airflow/example_dags/example_nested_branch_dag.py
[2023-08-28 23:23:57,973] {processor.py:651} INFO - DAG(s) dict_keys(['example_nested_branch_dag']) retrieved from /home/linuxlite/Documentos/airflow/venv/lib/python3.9/site-packages/airflow/example_dags/example_nested_branch_dag.py
[2023-08-28 23:23:57,991] {logging_mixin.py:115} INFO - [2023-08-28 23:23:57,991] {dag.py:2379} INFO - Sync 1 DAGs
[2023-08-28 23:23:58,007] {logging_mixin.py:115} INFO - [2023-08-28 23:23:58,007] {dag.py:2927} INFO - Setting next_dagrun for example_nested_branch_dag to 2023-08-28T00:00:00+00:00, run_after=2023-08-29T00:00:00+00:00
[2023-08-28 23:23:58,019] {processor.py:161} INFO - Processing /home/linuxlite/Documentos/airflow/venv/lib/python3.9/site-packages/airflow/example_dags/example_nested_branch_dag.py took 0.060 seconds
[2023-08-28 23:24:34,136] {processor.py:153} INFO - Started process (PID=62040) to work on /home/linuxlite/Documentos/airflow/venv/lib/python3.9/site-packages/airflow/example_dags/example_nested_branch_dag.py
[2023-08-28 23:24:34,138] {processor.py:641} INFO - Processing file /home/linuxlite/Documentos/airflow/venv/lib/python3.9/site-packages/airflow/example_dags/example_nested_branch_dag.py for tasks to queue
[2023-08-28 23:24:34,139] {logging_mixin.py:115} INFO - [2023-08-28 23:24:34,139] {dagbag.py:507} INFO - Filling up the DagBag from /home/linuxlite/Documentos/airflow/venv/lib/python3.9/site-packages/airflow/example_dags/example_nested_branch_dag.py
[2023-08-28 23:24:34,153] {processor.py:651} INFO - DAG(s) dict_keys(['example_nested_branch_dag']) retrieved from /home/linuxlite/Documentos/airflow/venv/lib/python3.9/site-packages/airflow/example_dags/example_nested_branch_dag.py
[2023-08-28 23:24:34,174] {logging_mixin.py:115} INFO - [2023-08-28 23:24:34,174] {dag.py:2379} INFO - Sync 1 DAGs
[2023-08-28 23:24:34,192] {logging_mixin.py:115} INFO - [2023-08-28 23:24:34,191] {dag.py:2927} INFO - Setting next_dagrun for example_nested_branch_dag to 2023-08-28T00:00:00+00:00, run_after=2023-08-29T00:00:00+00:00
[2023-08-28 23:24:34,202] {processor.py:161} INFO - Processing /home/linuxlite/Documentos/airflow/venv/lib/python3.9/site-packages/airflow/example_dags/example_nested_branch_dag.py took 0.072 seconds
[2023-08-28 23:25:10,306] {processor.py:153} INFO - Started process (PID=62146) to work on /home/linuxlite/Documentos/airflow/venv/lib/python3.9/site-packages/airflow/example_dags/example_nested_branch_dag.py
[2023-08-28 23:25:10,307] {processor.py:641} INFO - Processing file /home/linuxlite/Documentos/airflow/venv/lib/python3.9/site-packages/airflow/example_dags/example_nested_branch_dag.py for tasks to queue
[2023-08-28 23:25:10,307] {logging_mixin.py:115} INFO - [2023-08-28 23:25:10,307] {dagbag.py:507} INFO - Filling up the DagBag from /home/linuxlite/Documentos/airflow/venv/lib/python3.9/site-packages/airflow/example_dags/example_nested_branch_dag.py
[2023-08-28 23:25:10,320] {processor.py:651} INFO - DAG(s) dict_keys(['example_nested_branch_dag']) retrieved from /home/linuxlite/Documentos/airflow/venv/lib/python3.9/site-packages/airflow/example_dags/example_nested_branch_dag.py
[2023-08-28 23:25:10,341] {logging_mixin.py:115} INFO - [2023-08-28 23:25:10,341] {dag.py:2379} INFO - Sync 1 DAGs
[2023-08-28 23:25:10,362] {logging_mixin.py:115} INFO - [2023-08-28 23:25:10,362] {dag.py:2927} INFO - Setting next_dagrun for example_nested_branch_dag to 2023-08-28T00:00:00+00:00, run_after=2023-08-29T00:00:00+00:00
[2023-08-28 23:25:10,376] {processor.py:161} INFO - Processing /home/linuxlite/Documentos/airflow/venv/lib/python3.9/site-packages/airflow/example_dags/example_nested_branch_dag.py took 0.073 seconds
[2023-08-28 23:25:45,063] {processor.py:153} INFO - Started process (PID=62183) to work on /home/linuxlite/Documentos/airflow/venv/lib/python3.9/site-packages/airflow/example_dags/example_nested_branch_dag.py
[2023-08-28 23:25:45,065] {processor.py:641} INFO - Processing file /home/linuxlite/Documentos/airflow/venv/lib/python3.9/site-packages/airflow/example_dags/example_nested_branch_dag.py for tasks to queue
[2023-08-28 23:25:45,066] {logging_mixin.py:115} INFO - [2023-08-28 23:25:45,065] {dagbag.py:507} INFO - Filling up the DagBag from /home/linuxlite/Documentos/airflow/venv/lib/python3.9/site-packages/airflow/example_dags/example_nested_branch_dag.py
[2023-08-28 23:25:45,082] {processor.py:651} INFO - DAG(s) dict_keys(['example_nested_branch_dag']) retrieved from /home/linuxlite/Documentos/airflow/venv/lib/python3.9/site-packages/airflow/example_dags/example_nested_branch_dag.py
[2023-08-28 23:25:45,102] {logging_mixin.py:115} INFO - [2023-08-28 23:25:45,101] {dag.py:2379} INFO - Sync 1 DAGs
[2023-08-28 23:25:45,120] {logging_mixin.py:115} INFO - [2023-08-28 23:25:45,120] {dag.py:2927} INFO - Setting next_dagrun for example_nested_branch_dag to 2023-08-28T00:00:00+00:00, run_after=2023-08-29T00:00:00+00:00
[2023-08-28 23:25:45,133] {processor.py:161} INFO - Processing /home/linuxlite/Documentos/airflow/venv/lib/python3.9/site-packages/airflow/example_dags/example_nested_branch_dag.py took 0.073 seconds
[2023-08-28 23:26:20,768] {processor.py:153} INFO - Started process (PID=62232) to work on /home/linuxlite/Documentos/airflow/venv/lib/python3.9/site-packages/airflow/example_dags/example_nested_branch_dag.py
[2023-08-28 23:26:20,769] {processor.py:641} INFO - Processing file /home/linuxlite/Documentos/airflow/venv/lib/python3.9/site-packages/airflow/example_dags/example_nested_branch_dag.py for tasks to queue
[2023-08-28 23:26:20,770] {logging_mixin.py:115} INFO - [2023-08-28 23:26:20,769] {dagbag.py:507} INFO - Filling up the DagBag from /home/linuxlite/Documentos/airflow/venv/lib/python3.9/site-packages/airflow/example_dags/example_nested_branch_dag.py
[2023-08-28 23:26:20,784] {processor.py:651} INFO - DAG(s) dict_keys(['example_nested_branch_dag']) retrieved from /home/linuxlite/Documentos/airflow/venv/lib/python3.9/site-packages/airflow/example_dags/example_nested_branch_dag.py
[2023-08-28 23:26:20,800] {logging_mixin.py:115} INFO - [2023-08-28 23:26:20,800] {dag.py:2379} INFO - Sync 1 DAGs
[2023-08-28 23:26:20,819] {logging_mixin.py:115} INFO - [2023-08-28 23:26:20,819] {dag.py:2927} INFO - Setting next_dagrun for example_nested_branch_dag to 2023-08-28T00:00:00+00:00, run_after=2023-08-29T00:00:00+00:00
[2023-08-28 23:26:20,830] {processor.py:161} INFO - Processing /home/linuxlite/Documentos/airflow/venv/lib/python3.9/site-packages/airflow/example_dags/example_nested_branch_dag.py took 0.066 seconds
[2023-08-28 23:26:55,407] {processor.py:153} INFO - Started process (PID=62271) to work on /home/linuxlite/Documentos/airflow/venv/lib/python3.9/site-packages/airflow/example_dags/example_nested_branch_dag.py
[2023-08-28 23:26:55,408] {processor.py:641} INFO - Processing file /home/linuxlite/Documentos/airflow/venv/lib/python3.9/site-packages/airflow/example_dags/example_nested_branch_dag.py for tasks to queue
[2023-08-28 23:26:55,408] {logging_mixin.py:115} INFO - [2023-08-28 23:26:55,408] {dagbag.py:507} INFO - Filling up the DagBag from /home/linuxlite/Documentos/airflow/venv/lib/python3.9/site-packages/airflow/example_dags/example_nested_branch_dag.py
[2023-08-28 23:26:55,423] {processor.py:651} INFO - DAG(s) dict_keys(['example_nested_branch_dag']) retrieved from /home/linuxlite/Documentos/airflow/venv/lib/python3.9/site-packages/airflow/example_dags/example_nested_branch_dag.py
[2023-08-28 23:26:55,439] {logging_mixin.py:115} INFO - [2023-08-28 23:26:55,439] {dag.py:2379} INFO - Sync 1 DAGs
[2023-08-28 23:26:55,457] {logging_mixin.py:115} INFO - [2023-08-28 23:26:55,457] {dag.py:2927} INFO - Setting next_dagrun for example_nested_branch_dag to 2023-08-28T00:00:00+00:00, run_after=2023-08-29T00:00:00+00:00
[2023-08-28 23:26:55,468] {processor.py:161} INFO - Processing /home/linuxlite/Documentos/airflow/venv/lib/python3.9/site-packages/airflow/example_dags/example_nested_branch_dag.py took 0.066 seconds
[2023-08-28 23:27:30,346] {processor.py:153} INFO - Started process (PID=62326) to work on /home/linuxlite/Documentos/airflow/venv/lib/python3.9/site-packages/airflow/example_dags/example_nested_branch_dag.py
[2023-08-28 23:27:30,347] {processor.py:641} INFO - Processing file /home/linuxlite/Documentos/airflow/venv/lib/python3.9/site-packages/airflow/example_dags/example_nested_branch_dag.py for tasks to queue
[2023-08-28 23:27:30,348] {logging_mixin.py:115} INFO - [2023-08-28 23:27:30,348] {dagbag.py:507} INFO - Filling up the DagBag from /home/linuxlite/Documentos/airflow/venv/lib/python3.9/site-packages/airflow/example_dags/example_nested_branch_dag.py
[2023-08-28 23:27:30,360] {processor.py:651} INFO - DAG(s) dict_keys(['example_nested_branch_dag']) retrieved from /home/linuxlite/Documentos/airflow/venv/lib/python3.9/site-packages/airflow/example_dags/example_nested_branch_dag.py
[2023-08-28 23:27:30,374] {logging_mixin.py:115} INFO - [2023-08-28 23:27:30,374] {dag.py:2379} INFO - Sync 1 DAGs
[2023-08-28 23:27:30,391] {logging_mixin.py:115} INFO - [2023-08-28 23:27:30,391] {dag.py:2927} INFO - Setting next_dagrun for example_nested_branch_dag to 2023-08-28T00:00:00+00:00, run_after=2023-08-29T00:00:00+00:00
[2023-08-28 23:27:30,401] {processor.py:161} INFO - Processing /home/linuxlite/Documentos/airflow/venv/lib/python3.9/site-packages/airflow/example_dags/example_nested_branch_dag.py took 0.058 seconds
