[2023-08-28 23:10:40,895] {processor.py:153} INFO - Started process (PID=59857) to work on /home/linuxlite/Documentos/airflow/venv/lib/python3.9/site-packages/airflow/example_dags/tutorial_taskflow_api_etl.py
[2023-08-28 23:10:40,896] {processor.py:641} INFO - Processing file /home/linuxlite/Documentos/airflow/venv/lib/python3.9/site-packages/airflow/example_dags/tutorial_taskflow_api_etl.py for tasks to queue
[2023-08-28 23:10:40,896] {logging_mixin.py:115} INFO - [2023-08-28 23:10:40,896] {dagbag.py:507} INFO - Filling up the DagBag from /home/linuxlite/Documentos/airflow/venv/lib/python3.9/site-packages/airflow/example_dags/tutorial_taskflow_api_etl.py
[2023-08-28 23:10:40,916] {processor.py:651} INFO - DAG(s) dict_keys(['tutorial_taskflow_api_etl']) retrieved from /home/linuxlite/Documentos/airflow/venv/lib/python3.9/site-packages/airflow/example_dags/tutorial_taskflow_api_etl.py
[2023-08-28 23:10:40,979] {logging_mixin.py:115} INFO - [2023-08-28 23:10:40,979] {dag.py:2379} INFO - Sync 1 DAGs
[2023-08-28 23:10:40,997] {logging_mixin.py:115} INFO - [2023-08-28 23:10:40,996] {dag.py:2927} INFO - Setting next_dagrun for tutorial_taskflow_api_etl to None, run_after=None
[2023-08-28 23:10:41,014] {processor.py:161} INFO - Processing /home/linuxlite/Documentos/airflow/venv/lib/python3.9/site-packages/airflow/example_dags/tutorial_taskflow_api_etl.py took 0.123 seconds
[2023-08-28 23:11:16,642] {processor.py:153} INFO - Started process (PID=60046) to work on /home/linuxlite/Documentos/airflow/venv/lib/python3.9/site-packages/airflow/example_dags/tutorial_taskflow_api_etl.py
[2023-08-28 23:11:16,644] {processor.py:641} INFO - Processing file /home/linuxlite/Documentos/airflow/venv/lib/python3.9/site-packages/airflow/example_dags/tutorial_taskflow_api_etl.py for tasks to queue
[2023-08-28 23:11:16,644] {logging_mixin.py:115} INFO - [2023-08-28 23:11:16,644] {dagbag.py:507} INFO - Filling up the DagBag from /home/linuxlite/Documentos/airflow/venv/lib/python3.9/site-packages/airflow/example_dags/tutorial_taskflow_api_etl.py
[2023-08-28 23:11:16,663] {processor.py:651} INFO - DAG(s) dict_keys(['tutorial_taskflow_api_etl']) retrieved from /home/linuxlite/Documentos/airflow/venv/lib/python3.9/site-packages/airflow/example_dags/tutorial_taskflow_api_etl.py
[2023-08-28 23:11:16,712] {logging_mixin.py:115} INFO - [2023-08-28 23:11:16,712] {dag.py:2379} INFO - Sync 1 DAGs
[2023-08-28 23:11:16,726] {logging_mixin.py:115} INFO - [2023-08-28 23:11:16,726] {dag.py:2927} INFO - Setting next_dagrun for tutorial_taskflow_api_etl to None, run_after=None
[2023-08-28 23:11:16,742] {processor.py:161} INFO - Processing /home/linuxlite/Documentos/airflow/venv/lib/python3.9/site-packages/airflow/example_dags/tutorial_taskflow_api_etl.py took 0.105 seconds
[2023-08-28 23:11:51,684] {processor.py:153} INFO - Started process (PID=60083) to work on /home/linuxlite/Documentos/airflow/venv/lib/python3.9/site-packages/airflow/example_dags/tutorial_taskflow_api_etl.py
[2023-08-28 23:11:51,685] {processor.py:641} INFO - Processing file /home/linuxlite/Documentos/airflow/venv/lib/python3.9/site-packages/airflow/example_dags/tutorial_taskflow_api_etl.py for tasks to queue
[2023-08-28 23:11:51,685] {logging_mixin.py:115} INFO - [2023-08-28 23:11:51,685] {dagbag.py:507} INFO - Filling up the DagBag from /home/linuxlite/Documentos/airflow/venv/lib/python3.9/site-packages/airflow/example_dags/tutorial_taskflow_api_etl.py
[2023-08-28 23:11:51,702] {processor.py:651} INFO - DAG(s) dict_keys(['tutorial_taskflow_api_etl']) retrieved from /home/linuxlite/Documentos/airflow/venv/lib/python3.9/site-packages/airflow/example_dags/tutorial_taskflow_api_etl.py
[2023-08-28 23:11:51,725] {logging_mixin.py:115} INFO - [2023-08-28 23:11:51,725] {dag.py:2379} INFO - Sync 1 DAGs
[2023-08-28 23:11:51,748] {logging_mixin.py:115} INFO - [2023-08-28 23:11:51,748] {dag.py:2927} INFO - Setting next_dagrun for tutorial_taskflow_api_etl to None, run_after=None
[2023-08-28 23:11:51,764] {processor.py:161} INFO - Processing /home/linuxlite/Documentos/airflow/venv/lib/python3.9/site-packages/airflow/example_dags/tutorial_taskflow_api_etl.py took 0.084 seconds
[2023-08-28 23:12:26,029] {processor.py:153} INFO - Started process (PID=60125) to work on /home/linuxlite/Documentos/airflow/venv/lib/python3.9/site-packages/airflow/example_dags/tutorial_taskflow_api_etl.py
[2023-08-28 23:12:26,030] {processor.py:641} INFO - Processing file /home/linuxlite/Documentos/airflow/venv/lib/python3.9/site-packages/airflow/example_dags/tutorial_taskflow_api_etl.py for tasks to queue
[2023-08-28 23:12:26,031] {logging_mixin.py:115} INFO - [2023-08-28 23:12:26,031] {dagbag.py:507} INFO - Filling up the DagBag from /home/linuxlite/Documentos/airflow/venv/lib/python3.9/site-packages/airflow/example_dags/tutorial_taskflow_api_etl.py
[2023-08-28 23:12:26,051] {processor.py:651} INFO - DAG(s) dict_keys(['tutorial_taskflow_api_etl']) retrieved from /home/linuxlite/Documentos/airflow/venv/lib/python3.9/site-packages/airflow/example_dags/tutorial_taskflow_api_etl.py
[2023-08-28 23:12:26,091] {logging_mixin.py:115} INFO - [2023-08-28 23:12:26,091] {dag.py:2379} INFO - Sync 1 DAGs
[2023-08-28 23:12:26,103] {logging_mixin.py:115} INFO - [2023-08-28 23:12:26,103] {dag.py:2927} INFO - Setting next_dagrun for tutorial_taskflow_api_etl to None, run_after=None
[2023-08-28 23:12:26,114] {processor.py:161} INFO - Processing /home/linuxlite/Documentos/airflow/venv/lib/python3.9/site-packages/airflow/example_dags/tutorial_taskflow_api_etl.py took 0.090 seconds
[2023-08-28 23:13:01,227] {processor.py:153} INFO - Started process (PID=60164) to work on /home/linuxlite/Documentos/airflow/venv/lib/python3.9/site-packages/airflow/example_dags/tutorial_taskflow_api_etl.py
[2023-08-28 23:13:01,228] {processor.py:641} INFO - Processing file /home/linuxlite/Documentos/airflow/venv/lib/python3.9/site-packages/airflow/example_dags/tutorial_taskflow_api_etl.py for tasks to queue
[2023-08-28 23:13:01,228] {logging_mixin.py:115} INFO - [2023-08-28 23:13:01,228] {dagbag.py:507} INFO - Filling up the DagBag from /home/linuxlite/Documentos/airflow/venv/lib/python3.9/site-packages/airflow/example_dags/tutorial_taskflow_api_etl.py
[2023-08-28 23:13:01,244] {processor.py:651} INFO - DAG(s) dict_keys(['tutorial_taskflow_api_etl']) retrieved from /home/linuxlite/Documentos/airflow/venv/lib/python3.9/site-packages/airflow/example_dags/tutorial_taskflow_api_etl.py
[2023-08-28 23:13:01,261] {logging_mixin.py:115} INFO - [2023-08-28 23:13:01,261] {dag.py:2379} INFO - Sync 1 DAGs
[2023-08-28 23:13:01,276] {logging_mixin.py:115} INFO - [2023-08-28 23:13:01,276] {dag.py:2927} INFO - Setting next_dagrun for tutorial_taskflow_api_etl to None, run_after=None
[2023-08-28 23:13:01,288] {processor.py:161} INFO - Processing /home/linuxlite/Documentos/airflow/venv/lib/python3.9/site-packages/airflow/example_dags/tutorial_taskflow_api_etl.py took 0.065 seconds
[2023-08-28 23:13:33,375] {processor.py:153} INFO - Started process (PID=60201) to work on /home/linuxlite/Documentos/airflow/venv/lib/python3.9/site-packages/airflow/example_dags/tutorial_taskflow_api_etl.py
[2023-08-28 23:13:33,377] {processor.py:641} INFO - Processing file /home/linuxlite/Documentos/airflow/venv/lib/python3.9/site-packages/airflow/example_dags/tutorial_taskflow_api_etl.py for tasks to queue
[2023-08-28 23:13:33,377] {logging_mixin.py:115} INFO - [2023-08-28 23:13:33,377] {dagbag.py:507} INFO - Filling up the DagBag from /home/linuxlite/Documentos/airflow/venv/lib/python3.9/site-packages/airflow/example_dags/tutorial_taskflow_api_etl.py
[2023-08-28 23:13:33,394] {processor.py:651} INFO - DAG(s) dict_keys(['tutorial_taskflow_api_etl']) retrieved from /home/linuxlite/Documentos/airflow/venv/lib/python3.9/site-packages/airflow/example_dags/tutorial_taskflow_api_etl.py
[2023-08-28 23:13:33,437] {logging_mixin.py:115} INFO - [2023-08-28 23:13:33,437] {dag.py:2379} INFO - Sync 1 DAGs
[2023-08-28 23:13:33,449] {logging_mixin.py:115} INFO - [2023-08-28 23:13:33,449] {dag.py:2927} INFO - Setting next_dagrun for tutorial_taskflow_api_etl to None, run_after=None
[2023-08-28 23:13:33,463] {processor.py:161} INFO - Processing /home/linuxlite/Documentos/airflow/venv/lib/python3.9/site-packages/airflow/example_dags/tutorial_taskflow_api_etl.py took 0.091 seconds
[2023-08-28 23:14:08,262] {processor.py:153} INFO - Started process (PID=60242) to work on /home/linuxlite/Documentos/airflow/venv/lib/python3.9/site-packages/airflow/example_dags/tutorial_taskflow_api_etl.py
[2023-08-28 23:14:08,263] {processor.py:641} INFO - Processing file /home/linuxlite/Documentos/airflow/venv/lib/python3.9/site-packages/airflow/example_dags/tutorial_taskflow_api_etl.py for tasks to queue
[2023-08-28 23:14:08,264] {logging_mixin.py:115} INFO - [2023-08-28 23:14:08,264] {dagbag.py:507} INFO - Filling up the DagBag from /home/linuxlite/Documentos/airflow/venv/lib/python3.9/site-packages/airflow/example_dags/tutorial_taskflow_api_etl.py
[2023-08-28 23:14:08,280] {processor.py:651} INFO - DAG(s) dict_keys(['tutorial_taskflow_api_etl']) retrieved from /home/linuxlite/Documentos/airflow/venv/lib/python3.9/site-packages/airflow/example_dags/tutorial_taskflow_api_etl.py
[2023-08-28 23:14:08,322] {logging_mixin.py:115} INFO - [2023-08-28 23:14:08,322] {dag.py:2379} INFO - Sync 1 DAGs
[2023-08-28 23:14:08,336] {logging_mixin.py:115} INFO - [2023-08-28 23:14:08,336] {dag.py:2927} INFO - Setting next_dagrun for tutorial_taskflow_api_etl to None, run_after=None
[2023-08-28 23:14:08,349] {processor.py:161} INFO - Processing /home/linuxlite/Documentos/airflow/venv/lib/python3.9/site-packages/airflow/example_dags/tutorial_taskflow_api_etl.py took 0.090 seconds
[2023-08-28 23:14:44,220] {processor.py:153} INFO - Started process (PID=60292) to work on /home/linuxlite/Documentos/airflow/venv/lib/python3.9/site-packages/airflow/example_dags/tutorial_taskflow_api_etl.py
[2023-08-28 23:14:44,221] {processor.py:641} INFO - Processing file /home/linuxlite/Documentos/airflow/venv/lib/python3.9/site-packages/airflow/example_dags/tutorial_taskflow_api_etl.py for tasks to queue
[2023-08-28 23:14:44,221] {logging_mixin.py:115} INFO - [2023-08-28 23:14:44,221] {dagbag.py:507} INFO - Filling up the DagBag from /home/linuxlite/Documentos/airflow/venv/lib/python3.9/site-packages/airflow/example_dags/tutorial_taskflow_api_etl.py
[2023-08-28 23:14:44,236] {processor.py:651} INFO - DAG(s) dict_keys(['tutorial_taskflow_api_etl']) retrieved from /home/linuxlite/Documentos/airflow/venv/lib/python3.9/site-packages/airflow/example_dags/tutorial_taskflow_api_etl.py
[2023-08-28 23:14:44,274] {logging_mixin.py:115} INFO - [2023-08-28 23:14:44,273] {dag.py:2379} INFO - Sync 1 DAGs
[2023-08-28 23:14:44,285] {logging_mixin.py:115} INFO - [2023-08-28 23:14:44,285] {dag.py:2927} INFO - Setting next_dagrun for tutorial_taskflow_api_etl to None, run_after=None
[2023-08-28 23:14:44,297] {processor.py:161} INFO - Processing /home/linuxlite/Documentos/airflow/venv/lib/python3.9/site-packages/airflow/example_dags/tutorial_taskflow_api_etl.py took 0.080 seconds
[2023-08-28 23:15:18,139] {processor.py:153} INFO - Started process (PID=60539) to work on /home/linuxlite/Documentos/airflow/venv/lib/python3.9/site-packages/airflow/example_dags/tutorial_taskflow_api_etl.py
[2023-08-28 23:15:18,140] {processor.py:641} INFO - Processing file /home/linuxlite/Documentos/airflow/venv/lib/python3.9/site-packages/airflow/example_dags/tutorial_taskflow_api_etl.py for tasks to queue
[2023-08-28 23:15:18,141] {logging_mixin.py:115} INFO - [2023-08-28 23:15:18,140] {dagbag.py:507} INFO - Filling up the DagBag from /home/linuxlite/Documentos/airflow/venv/lib/python3.9/site-packages/airflow/example_dags/tutorial_taskflow_api_etl.py
[2023-08-28 23:15:18,162] {processor.py:651} INFO - DAG(s) dict_keys(['tutorial_taskflow_api_etl']) retrieved from /home/linuxlite/Documentos/airflow/venv/lib/python3.9/site-packages/airflow/example_dags/tutorial_taskflow_api_etl.py
[2023-08-28 23:15:18,208] {logging_mixin.py:115} INFO - [2023-08-28 23:15:18,207] {dag.py:2379} INFO - Sync 1 DAGs
[2023-08-28 23:15:18,227] {logging_mixin.py:115} INFO - [2023-08-28 23:15:18,227] {dag.py:2927} INFO - Setting next_dagrun for tutorial_taskflow_api_etl to None, run_after=None
[2023-08-28 23:15:18,241] {processor.py:161} INFO - Processing /home/linuxlite/Documentos/airflow/venv/lib/python3.9/site-packages/airflow/example_dags/tutorial_taskflow_api_etl.py took 0.107 seconds
[2023-08-28 23:15:50,668] {processor.py:153} INFO - Started process (PID=60572) to work on /home/linuxlite/Documentos/airflow/venv/lib/python3.9/site-packages/airflow/example_dags/tutorial_taskflow_api_etl.py
[2023-08-28 23:15:50,669] {processor.py:641} INFO - Processing file /home/linuxlite/Documentos/airflow/venv/lib/python3.9/site-packages/airflow/example_dags/tutorial_taskflow_api_etl.py for tasks to queue
[2023-08-28 23:15:50,669] {logging_mixin.py:115} INFO - [2023-08-28 23:15:50,669] {dagbag.py:507} INFO - Filling up the DagBag from /home/linuxlite/Documentos/airflow/venv/lib/python3.9/site-packages/airflow/example_dags/tutorial_taskflow_api_etl.py
[2023-08-28 23:15:50,689] {processor.py:651} INFO - DAG(s) dict_keys(['tutorial_taskflow_api_etl']) retrieved from /home/linuxlite/Documentos/airflow/venv/lib/python3.9/site-packages/airflow/example_dags/tutorial_taskflow_api_etl.py
[2023-08-28 23:15:50,707] {logging_mixin.py:115} INFO - [2023-08-28 23:15:50,706] {dag.py:2379} INFO - Sync 1 DAGs
[2023-08-28 23:15:50,726] {logging_mixin.py:115} INFO - [2023-08-28 23:15:50,726] {dag.py:2927} INFO - Setting next_dagrun for tutorial_taskflow_api_etl to None, run_after=None
[2023-08-28 23:15:50,741] {processor.py:161} INFO - Processing /home/linuxlite/Documentos/airflow/venv/lib/python3.9/site-packages/airflow/example_dags/tutorial_taskflow_api_etl.py took 0.078 seconds
[2023-08-28 23:16:22,974] {processor.py:153} INFO - Started process (PID=60607) to work on /home/linuxlite/Documentos/airflow/venv/lib/python3.9/site-packages/airflow/example_dags/tutorial_taskflow_api_etl.py
[2023-08-28 23:16:22,975] {processor.py:641} INFO - Processing file /home/linuxlite/Documentos/airflow/venv/lib/python3.9/site-packages/airflow/example_dags/tutorial_taskflow_api_etl.py for tasks to queue
[2023-08-28 23:16:22,976] {logging_mixin.py:115} INFO - [2023-08-28 23:16:22,975] {dagbag.py:507} INFO - Filling up the DagBag from /home/linuxlite/Documentos/airflow/venv/lib/python3.9/site-packages/airflow/example_dags/tutorial_taskflow_api_etl.py
[2023-08-28 23:16:22,997] {processor.py:651} INFO - DAG(s) dict_keys(['tutorial_taskflow_api_etl']) retrieved from /home/linuxlite/Documentos/airflow/venv/lib/python3.9/site-packages/airflow/example_dags/tutorial_taskflow_api_etl.py
[2023-08-28 23:16:23,012] {logging_mixin.py:115} INFO - [2023-08-28 23:16:23,012] {dag.py:2379} INFO - Sync 1 DAGs
[2023-08-28 23:16:23,028] {logging_mixin.py:115} INFO - [2023-08-28 23:16:23,027] {dag.py:2927} INFO - Setting next_dagrun for tutorial_taskflow_api_etl to None, run_after=None
[2023-08-28 23:16:23,039] {processor.py:161} INFO - Processing /home/linuxlite/Documentos/airflow/venv/lib/python3.9/site-packages/airflow/example_dags/tutorial_taskflow_api_etl.py took 0.069 seconds
[2023-08-28 23:16:55,056] {processor.py:153} INFO - Started process (PID=60817) to work on /home/linuxlite/Documentos/airflow/venv/lib/python3.9/site-packages/airflow/example_dags/tutorial_taskflow_api_etl.py
[2023-08-28 23:16:55,058] {processor.py:641} INFO - Processing file /home/linuxlite/Documentos/airflow/venv/lib/python3.9/site-packages/airflow/example_dags/tutorial_taskflow_api_etl.py for tasks to queue
[2023-08-28 23:16:55,059] {logging_mixin.py:115} INFO - [2023-08-28 23:16:55,059] {dagbag.py:507} INFO - Filling up the DagBag from /home/linuxlite/Documentos/airflow/venv/lib/python3.9/site-packages/airflow/example_dags/tutorial_taskflow_api_etl.py
[2023-08-28 23:16:55,104] {processor.py:651} INFO - DAG(s) dict_keys(['tutorial_taskflow_api_etl']) retrieved from /home/linuxlite/Documentos/airflow/venv/lib/python3.9/site-packages/airflow/example_dags/tutorial_taskflow_api_etl.py
[2023-08-28 23:16:55,123] {logging_mixin.py:115} INFO - [2023-08-28 23:16:55,123] {dag.py:2379} INFO - Sync 1 DAGs
[2023-08-28 23:16:55,141] {logging_mixin.py:115} INFO - [2023-08-28 23:16:55,141] {dag.py:2927} INFO - Setting next_dagrun for tutorial_taskflow_api_etl to None, run_after=None
[2023-08-28 23:16:55,157] {processor.py:161} INFO - Processing /home/linuxlite/Documentos/airflow/venv/lib/python3.9/site-packages/airflow/example_dags/tutorial_taskflow_api_etl.py took 0.110 seconds
[2023-08-28 23:17:29,899] {processor.py:153} INFO - Started process (PID=60856) to work on /home/linuxlite/Documentos/airflow/venv/lib/python3.9/site-packages/airflow/example_dags/tutorial_taskflow_api_etl.py
[2023-08-28 23:17:29,900] {processor.py:641} INFO - Processing file /home/linuxlite/Documentos/airflow/venv/lib/python3.9/site-packages/airflow/example_dags/tutorial_taskflow_api_etl.py for tasks to queue
[2023-08-28 23:17:29,900] {logging_mixin.py:115} INFO - [2023-08-28 23:17:29,900] {dagbag.py:507} INFO - Filling up the DagBag from /home/linuxlite/Documentos/airflow/venv/lib/python3.9/site-packages/airflow/example_dags/tutorial_taskflow_api_etl.py
[2023-08-28 23:17:29,922] {processor.py:651} INFO - DAG(s) dict_keys(['tutorial_taskflow_api_etl']) retrieved from /home/linuxlite/Documentos/airflow/venv/lib/python3.9/site-packages/airflow/example_dags/tutorial_taskflow_api_etl.py
[2023-08-28 23:17:29,939] {logging_mixin.py:115} INFO - [2023-08-28 23:17:29,939] {dag.py:2379} INFO - Sync 1 DAGs
[2023-08-28 23:17:29,958] {logging_mixin.py:115} INFO - [2023-08-28 23:17:29,958] {dag.py:2927} INFO - Setting next_dagrun for tutorial_taskflow_api_etl to None, run_after=None
[2023-08-28 23:17:29,971] {processor.py:161} INFO - Processing /home/linuxlite/Documentos/airflow/venv/lib/python3.9/site-packages/airflow/example_dags/tutorial_taskflow_api_etl.py took 0.076 seconds
[2023-08-28 23:18:00,302] {processor.py:153} INFO - Started process (PID=61152) to work on /home/linuxlite/Documentos/airflow/venv/lib/python3.9/site-packages/airflow/example_dags/tutorial_taskflow_api_etl.py
[2023-08-28 23:18:00,303] {processor.py:641} INFO - Processing file /home/linuxlite/Documentos/airflow/venv/lib/python3.9/site-packages/airflow/example_dags/tutorial_taskflow_api_etl.py for tasks to queue
[2023-08-28 23:18:00,304] {logging_mixin.py:115} INFO - [2023-08-28 23:18:00,304] {dagbag.py:507} INFO - Filling up the DagBag from /home/linuxlite/Documentos/airflow/venv/lib/python3.9/site-packages/airflow/example_dags/tutorial_taskflow_api_etl.py
[2023-08-28 23:18:00,323] {processor.py:651} INFO - DAG(s) dict_keys(['tutorial_taskflow_api_etl']) retrieved from /home/linuxlite/Documentos/airflow/venv/lib/python3.9/site-packages/airflow/example_dags/tutorial_taskflow_api_etl.py
[2023-08-28 23:18:00,343] {logging_mixin.py:115} INFO - [2023-08-28 23:18:00,343] {dag.py:2379} INFO - Sync 1 DAGs
[2023-08-28 23:18:00,358] {logging_mixin.py:115} INFO - [2023-08-28 23:18:00,358] {dag.py:2927} INFO - Setting next_dagrun for tutorial_taskflow_api_etl to None, run_after=None
[2023-08-28 23:18:00,370] {processor.py:161} INFO - Processing /home/linuxlite/Documentos/airflow/venv/lib/python3.9/site-packages/airflow/example_dags/tutorial_taskflow_api_etl.py took 0.072 seconds
[2023-08-28 23:18:31,091] {processor.py:153} INFO - Started process (PID=61470) to work on /home/linuxlite/Documentos/airflow/venv/lib/python3.9/site-packages/airflow/example_dags/tutorial_taskflow_api_etl.py
[2023-08-28 23:18:31,092] {processor.py:641} INFO - Processing file /home/linuxlite/Documentos/airflow/venv/lib/python3.9/site-packages/airflow/example_dags/tutorial_taskflow_api_etl.py for tasks to queue
[2023-08-28 23:18:31,093] {logging_mixin.py:115} INFO - [2023-08-28 23:18:31,093] {dagbag.py:507} INFO - Filling up the DagBag from /home/linuxlite/Documentos/airflow/venv/lib/python3.9/site-packages/airflow/example_dags/tutorial_taskflow_api_etl.py
[2023-08-28 23:18:31,116] {processor.py:651} INFO - DAG(s) dict_keys(['tutorial_taskflow_api_etl']) retrieved from /home/linuxlite/Documentos/airflow/venv/lib/python3.9/site-packages/airflow/example_dags/tutorial_taskflow_api_etl.py
[2023-08-28 23:18:31,136] {logging_mixin.py:115} INFO - [2023-08-28 23:18:31,135] {dag.py:2379} INFO - Sync 1 DAGs
[2023-08-28 23:18:31,155] {logging_mixin.py:115} INFO - [2023-08-28 23:18:31,155] {dag.py:2927} INFO - Setting next_dagrun for tutorial_taskflow_api_etl to None, run_after=None
[2023-08-28 23:18:31,171] {processor.py:161} INFO - Processing /home/linuxlite/Documentos/airflow/venv/lib/python3.9/site-packages/airflow/example_dags/tutorial_taskflow_api_etl.py took 0.085 seconds
[2023-08-28 23:19:03,094] {processor.py:153} INFO - Started process (PID=61551) to work on /home/linuxlite/Documentos/airflow/venv/lib/python3.9/site-packages/airflow/example_dags/tutorial_taskflow_api_etl.py
[2023-08-28 23:19:03,094] {processor.py:641} INFO - Processing file /home/linuxlite/Documentos/airflow/venv/lib/python3.9/site-packages/airflow/example_dags/tutorial_taskflow_api_etl.py for tasks to queue
[2023-08-28 23:19:03,095] {logging_mixin.py:115} INFO - [2023-08-28 23:19:03,094] {dagbag.py:507} INFO - Filling up the DagBag from /home/linuxlite/Documentos/airflow/venv/lib/python3.9/site-packages/airflow/example_dags/tutorial_taskflow_api_etl.py
[2023-08-28 23:19:03,114] {processor.py:651} INFO - DAG(s) dict_keys(['tutorial_taskflow_api_etl']) retrieved from /home/linuxlite/Documentos/airflow/venv/lib/python3.9/site-packages/airflow/example_dags/tutorial_taskflow_api_etl.py
[2023-08-28 23:19:03,130] {logging_mixin.py:115} INFO - [2023-08-28 23:19:03,130] {dag.py:2379} INFO - Sync 1 DAGs
[2023-08-28 23:19:03,147] {logging_mixin.py:115} INFO - [2023-08-28 23:19:03,147] {dag.py:2927} INFO - Setting next_dagrun for tutorial_taskflow_api_etl to None, run_after=None
[2023-08-28 23:19:03,159] {processor.py:161} INFO - Processing /home/linuxlite/Documentos/airflow/venv/lib/python3.9/site-packages/airflow/example_dags/tutorial_taskflow_api_etl.py took 0.069 seconds
[2023-08-28 23:19:33,937] {processor.py:153} INFO - Started process (PID=61599) to work on /home/linuxlite/Documentos/airflow/venv/lib/python3.9/site-packages/airflow/example_dags/tutorial_taskflow_api_etl.py
[2023-08-28 23:19:33,938] {processor.py:641} INFO - Processing file /home/linuxlite/Documentos/airflow/venv/lib/python3.9/site-packages/airflow/example_dags/tutorial_taskflow_api_etl.py for tasks to queue
[2023-08-28 23:19:33,939] {logging_mixin.py:115} INFO - [2023-08-28 23:19:33,939] {dagbag.py:507} INFO - Filling up the DagBag from /home/linuxlite/Documentos/airflow/venv/lib/python3.9/site-packages/airflow/example_dags/tutorial_taskflow_api_etl.py
[2023-08-28 23:19:33,959] {processor.py:651} INFO - DAG(s) dict_keys(['tutorial_taskflow_api_etl']) retrieved from /home/linuxlite/Documentos/airflow/venv/lib/python3.9/site-packages/airflow/example_dags/tutorial_taskflow_api_etl.py
[2023-08-28 23:19:33,973] {logging_mixin.py:115} INFO - [2023-08-28 23:19:33,973] {dag.py:2379} INFO - Sync 1 DAGs
[2023-08-28 23:19:33,987] {logging_mixin.py:115} INFO - [2023-08-28 23:19:33,987] {dag.py:2927} INFO - Setting next_dagrun for tutorial_taskflow_api_etl to None, run_after=None
[2023-08-28 23:19:33,999] {processor.py:161} INFO - Processing /home/linuxlite/Documentos/airflow/venv/lib/python3.9/site-packages/airflow/example_dags/tutorial_taskflow_api_etl.py took 0.065 seconds
[2023-08-28 23:20:08,199] {processor.py:153} INFO - Started process (PID=61715) to work on /home/linuxlite/Documentos/airflow/venv/lib/python3.9/site-packages/airflow/example_dags/tutorial_taskflow_api_etl.py
[2023-08-28 23:20:08,200] {processor.py:641} INFO - Processing file /home/linuxlite/Documentos/airflow/venv/lib/python3.9/site-packages/airflow/example_dags/tutorial_taskflow_api_etl.py for tasks to queue
[2023-08-28 23:20:08,201] {logging_mixin.py:115} INFO - [2023-08-28 23:20:08,201] {dagbag.py:507} INFO - Filling up the DagBag from /home/linuxlite/Documentos/airflow/venv/lib/python3.9/site-packages/airflow/example_dags/tutorial_taskflow_api_etl.py
[2023-08-28 23:20:08,247] {processor.py:651} INFO - DAG(s) dict_keys(['tutorial_taskflow_api_etl']) retrieved from /home/linuxlite/Documentos/airflow/venv/lib/python3.9/site-packages/airflow/example_dags/tutorial_taskflow_api_etl.py
[2023-08-28 23:20:08,299] {logging_mixin.py:115} INFO - [2023-08-28 23:20:08,298] {dag.py:2379} INFO - Sync 1 DAGs
[2023-08-28 23:20:08,314] {logging_mixin.py:115} INFO - [2023-08-28 23:20:08,313] {dag.py:2927} INFO - Setting next_dagrun for tutorial_taskflow_api_etl to None, run_after=None
[2023-08-28 23:20:08,326] {processor.py:161} INFO - Processing /home/linuxlite/Documentos/airflow/venv/lib/python3.9/site-packages/airflow/example_dags/tutorial_taskflow_api_etl.py took 0.130 seconds
[2023-08-28 23:20:41,858] {processor.py:153} INFO - Started process (PID=61749) to work on /home/linuxlite/Documentos/airflow/venv/lib/python3.9/site-packages/airflow/example_dags/tutorial_taskflow_api_etl.py
[2023-08-28 23:20:41,859] {processor.py:641} INFO - Processing file /home/linuxlite/Documentos/airflow/venv/lib/python3.9/site-packages/airflow/example_dags/tutorial_taskflow_api_etl.py for tasks to queue
[2023-08-28 23:20:41,859] {logging_mixin.py:115} INFO - [2023-08-28 23:20:41,859] {dagbag.py:507} INFO - Filling up the DagBag from /home/linuxlite/Documentos/airflow/venv/lib/python3.9/site-packages/airflow/example_dags/tutorial_taskflow_api_etl.py
[2023-08-28 23:20:41,879] {processor.py:651} INFO - DAG(s) dict_keys(['tutorial_taskflow_api_etl']) retrieved from /home/linuxlite/Documentos/airflow/venv/lib/python3.9/site-packages/airflow/example_dags/tutorial_taskflow_api_etl.py
[2023-08-28 23:20:41,893] {logging_mixin.py:115} INFO - [2023-08-28 23:20:41,893] {dag.py:2379} INFO - Sync 1 DAGs
[2023-08-28 23:20:41,908] {logging_mixin.py:115} INFO - [2023-08-28 23:20:41,908] {dag.py:2927} INFO - Setting next_dagrun for tutorial_taskflow_api_etl to None, run_after=None
[2023-08-28 23:20:41,919] {processor.py:161} INFO - Processing /home/linuxlite/Documentos/airflow/venv/lib/python3.9/site-packages/airflow/example_dags/tutorial_taskflow_api_etl.py took 0.064 seconds
[2023-08-28 23:21:15,890] {processor.py:153} INFO - Started process (PID=61791) to work on /home/linuxlite/Documentos/airflow/venv/lib/python3.9/site-packages/airflow/example_dags/tutorial_taskflow_api_etl.py
[2023-08-28 23:21:15,891] {processor.py:641} INFO - Processing file /home/linuxlite/Documentos/airflow/venv/lib/python3.9/site-packages/airflow/example_dags/tutorial_taskflow_api_etl.py for tasks to queue
[2023-08-28 23:21:15,892] {logging_mixin.py:115} INFO - [2023-08-28 23:21:15,892] {dagbag.py:507} INFO - Filling up the DagBag from /home/linuxlite/Documentos/airflow/venv/lib/python3.9/site-packages/airflow/example_dags/tutorial_taskflow_api_etl.py
[2023-08-28 23:21:15,911] {processor.py:651} INFO - DAG(s) dict_keys(['tutorial_taskflow_api_etl']) retrieved from /home/linuxlite/Documentos/airflow/venv/lib/python3.9/site-packages/airflow/example_dags/tutorial_taskflow_api_etl.py
[2023-08-28 23:21:15,925] {logging_mixin.py:115} INFO - [2023-08-28 23:21:15,924] {dag.py:2379} INFO - Sync 1 DAGs
[2023-08-28 23:21:15,939] {logging_mixin.py:115} INFO - [2023-08-28 23:21:15,939] {dag.py:2927} INFO - Setting next_dagrun for tutorial_taskflow_api_etl to None, run_after=None
[2023-08-28 23:21:15,949] {processor.py:161} INFO - Processing /home/linuxlite/Documentos/airflow/venv/lib/python3.9/site-packages/airflow/example_dags/tutorial_taskflow_api_etl.py took 0.062 seconds
[2023-08-28 23:21:46,675] {processor.py:153} INFO - Started process (PID=61847) to work on /home/linuxlite/Documentos/airflow/venv/lib/python3.9/site-packages/airflow/example_dags/tutorial_taskflow_api_etl.py
[2023-08-28 23:21:46,678] {processor.py:641} INFO - Processing file /home/linuxlite/Documentos/airflow/venv/lib/python3.9/site-packages/airflow/example_dags/tutorial_taskflow_api_etl.py for tasks to queue
[2023-08-28 23:21:46,679] {logging_mixin.py:115} INFO - [2023-08-28 23:21:46,679] {dagbag.py:507} INFO - Filling up the DagBag from /home/linuxlite/Documentos/airflow/venv/lib/python3.9/site-packages/airflow/example_dags/tutorial_taskflow_api_etl.py
[2023-08-28 23:21:46,736] {processor.py:651} INFO - DAG(s) dict_keys(['tutorial_taskflow_api_etl']) retrieved from /home/linuxlite/Documentos/airflow/venv/lib/python3.9/site-packages/airflow/example_dags/tutorial_taskflow_api_etl.py
[2023-08-28 23:21:46,776] {logging_mixin.py:115} INFO - [2023-08-28 23:21:46,776] {dag.py:2379} INFO - Sync 1 DAGs
[2023-08-28 23:21:46,810] {logging_mixin.py:115} INFO - [2023-08-28 23:21:46,810] {dag.py:2927} INFO - Setting next_dagrun for tutorial_taskflow_api_etl to None, run_after=None
[2023-08-28 23:21:46,827] {processor.py:161} INFO - Processing /home/linuxlite/Documentos/airflow/venv/lib/python3.9/site-packages/airflow/example_dags/tutorial_taskflow_api_etl.py took 0.157 seconds
[2023-08-28 23:22:19,055] {processor.py:153} INFO - Started process (PID=61881) to work on /home/linuxlite/Documentos/airflow/venv/lib/python3.9/site-packages/airflow/example_dags/tutorial_taskflow_api_etl.py
[2023-08-28 23:22:19,056] {processor.py:641} INFO - Processing file /home/linuxlite/Documentos/airflow/venv/lib/python3.9/site-packages/airflow/example_dags/tutorial_taskflow_api_etl.py for tasks to queue
[2023-08-28 23:22:19,057] {logging_mixin.py:115} INFO - [2023-08-28 23:22:19,057] {dagbag.py:507} INFO - Filling up the DagBag from /home/linuxlite/Documentos/airflow/venv/lib/python3.9/site-packages/airflow/example_dags/tutorial_taskflow_api_etl.py
[2023-08-28 23:22:19,081] {processor.py:651} INFO - DAG(s) dict_keys(['tutorial_taskflow_api_etl']) retrieved from /home/linuxlite/Documentos/airflow/venv/lib/python3.9/site-packages/airflow/example_dags/tutorial_taskflow_api_etl.py
[2023-08-28 23:22:19,100] {logging_mixin.py:115} INFO - [2023-08-28 23:22:19,100] {dag.py:2379} INFO - Sync 1 DAGs
[2023-08-28 23:22:19,120] {logging_mixin.py:115} INFO - [2023-08-28 23:22:19,120] {dag.py:2927} INFO - Setting next_dagrun for tutorial_taskflow_api_etl to None, run_after=None
[2023-08-28 23:22:19,138] {processor.py:161} INFO - Processing /home/linuxlite/Documentos/airflow/venv/lib/python3.9/site-packages/airflow/example_dags/tutorial_taskflow_api_etl.py took 0.086 seconds
[2023-08-28 23:22:53,302] {processor.py:153} INFO - Started process (PID=61921) to work on /home/linuxlite/Documentos/airflow/venv/lib/python3.9/site-packages/airflow/example_dags/tutorial_taskflow_api_etl.py
[2023-08-28 23:22:53,303] {processor.py:641} INFO - Processing file /home/linuxlite/Documentos/airflow/venv/lib/python3.9/site-packages/airflow/example_dags/tutorial_taskflow_api_etl.py for tasks to queue
[2023-08-28 23:22:53,303] {logging_mixin.py:115} INFO - [2023-08-28 23:22:53,303] {dagbag.py:507} INFO - Filling up the DagBag from /home/linuxlite/Documentos/airflow/venv/lib/python3.9/site-packages/airflow/example_dags/tutorial_taskflow_api_etl.py
[2023-08-28 23:22:53,323] {processor.py:651} INFO - DAG(s) dict_keys(['tutorial_taskflow_api_etl']) retrieved from /home/linuxlite/Documentos/airflow/venv/lib/python3.9/site-packages/airflow/example_dags/tutorial_taskflow_api_etl.py
[2023-08-28 23:22:53,338] {logging_mixin.py:115} INFO - [2023-08-28 23:22:53,338] {dag.py:2379} INFO - Sync 1 DAGs
[2023-08-28 23:22:53,354] {logging_mixin.py:115} INFO - [2023-08-28 23:22:53,354] {dag.py:2927} INFO - Setting next_dagrun for tutorial_taskflow_api_etl to None, run_after=None
[2023-08-28 23:22:53,365] {processor.py:161} INFO - Processing /home/linuxlite/Documentos/airflow/venv/lib/python3.9/site-packages/airflow/example_dags/tutorial_taskflow_api_etl.py took 0.067 seconds
[2023-08-28 23:23:29,274] {processor.py:153} INFO - Started process (PID=61962) to work on /home/linuxlite/Documentos/airflow/venv/lib/python3.9/site-packages/airflow/example_dags/tutorial_taskflow_api_etl.py
[2023-08-28 23:23:29,276] {processor.py:641} INFO - Processing file /home/linuxlite/Documentos/airflow/venv/lib/python3.9/site-packages/airflow/example_dags/tutorial_taskflow_api_etl.py for tasks to queue
[2023-08-28 23:23:29,276] {logging_mixin.py:115} INFO - [2023-08-28 23:23:29,276] {dagbag.py:507} INFO - Filling up the DagBag from /home/linuxlite/Documentos/airflow/venv/lib/python3.9/site-packages/airflow/example_dags/tutorial_taskflow_api_etl.py
[2023-08-28 23:23:29,297] {processor.py:651} INFO - DAG(s) dict_keys(['tutorial_taskflow_api_etl']) retrieved from /home/linuxlite/Documentos/airflow/venv/lib/python3.9/site-packages/airflow/example_dags/tutorial_taskflow_api_etl.py
[2023-08-28 23:23:29,314] {logging_mixin.py:115} INFO - [2023-08-28 23:23:29,314] {dag.py:2379} INFO - Sync 1 DAGs
[2023-08-28 23:23:29,330] {logging_mixin.py:115} INFO - [2023-08-28 23:23:29,330] {dag.py:2927} INFO - Setting next_dagrun for tutorial_taskflow_api_etl to None, run_after=None
[2023-08-28 23:23:29,342] {processor.py:161} INFO - Processing /home/linuxlite/Documentos/airflow/venv/lib/python3.9/site-packages/airflow/example_dags/tutorial_taskflow_api_etl.py took 0.073 seconds
[2023-08-28 23:24:00,233] {processor.py:153} INFO - Started process (PID=62001) to work on /home/linuxlite/Documentos/airflow/venv/lib/python3.9/site-packages/airflow/example_dags/tutorial_taskflow_api_etl.py
[2023-08-28 23:24:00,234] {processor.py:641} INFO - Processing file /home/linuxlite/Documentos/airflow/venv/lib/python3.9/site-packages/airflow/example_dags/tutorial_taskflow_api_etl.py for tasks to queue
[2023-08-28 23:24:00,235] {logging_mixin.py:115} INFO - [2023-08-28 23:24:00,234] {dagbag.py:507} INFO - Filling up the DagBag from /home/linuxlite/Documentos/airflow/venv/lib/python3.9/site-packages/airflow/example_dags/tutorial_taskflow_api_etl.py
[2023-08-28 23:24:00,253] {processor.py:651} INFO - DAG(s) dict_keys(['tutorial_taskflow_api_etl']) retrieved from /home/linuxlite/Documentos/airflow/venv/lib/python3.9/site-packages/airflow/example_dags/tutorial_taskflow_api_etl.py
[2023-08-28 23:24:00,268] {logging_mixin.py:115} INFO - [2023-08-28 23:24:00,268] {dag.py:2379} INFO - Sync 1 DAGs
[2023-08-28 23:24:00,282] {logging_mixin.py:115} INFO - [2023-08-28 23:24:00,282] {dag.py:2927} INFO - Setting next_dagrun for tutorial_taskflow_api_etl to None, run_after=None
[2023-08-28 23:24:00,294] {processor.py:161} INFO - Processing /home/linuxlite/Documentos/airflow/venv/lib/python3.9/site-packages/airflow/example_dags/tutorial_taskflow_api_etl.py took 0.064 seconds
[2023-08-28 23:24:31,423] {processor.py:153} INFO - Started process (PID=62036) to work on /home/linuxlite/Documentos/airflow/venv/lib/python3.9/site-packages/airflow/example_dags/tutorial_taskflow_api_etl.py
[2023-08-28 23:24:31,424] {processor.py:641} INFO - Processing file /home/linuxlite/Documentos/airflow/venv/lib/python3.9/site-packages/airflow/example_dags/tutorial_taskflow_api_etl.py for tasks to queue
[2023-08-28 23:24:31,424] {logging_mixin.py:115} INFO - [2023-08-28 23:24:31,424] {dagbag.py:507} INFO - Filling up the DagBag from /home/linuxlite/Documentos/airflow/venv/lib/python3.9/site-packages/airflow/example_dags/tutorial_taskflow_api_etl.py
[2023-08-28 23:24:31,449] {processor.py:651} INFO - DAG(s) dict_keys(['tutorial_taskflow_api_etl']) retrieved from /home/linuxlite/Documentos/airflow/venv/lib/python3.9/site-packages/airflow/example_dags/tutorial_taskflow_api_etl.py
[2023-08-28 23:24:31,485] {logging_mixin.py:115} INFO - [2023-08-28 23:24:31,485] {dag.py:2379} INFO - Sync 1 DAGs
[2023-08-28 23:24:31,498] {logging_mixin.py:115} INFO - [2023-08-28 23:24:31,498] {dag.py:2927} INFO - Setting next_dagrun for tutorial_taskflow_api_etl to None, run_after=None
[2023-08-28 23:24:31,510] {processor.py:161} INFO - Processing /home/linuxlite/Documentos/airflow/venv/lib/python3.9/site-packages/airflow/example_dags/tutorial_taskflow_api_etl.py took 0.093 seconds
[2023-08-28 23:25:03,918] {processor.py:153} INFO - Started process (PID=62140) to work on /home/linuxlite/Documentos/airflow/venv/lib/python3.9/site-packages/airflow/example_dags/tutorial_taskflow_api_etl.py
[2023-08-28 23:25:03,919] {processor.py:641} INFO - Processing file /home/linuxlite/Documentos/airflow/venv/lib/python3.9/site-packages/airflow/example_dags/tutorial_taskflow_api_etl.py for tasks to queue
[2023-08-28 23:25:03,919] {logging_mixin.py:115} INFO - [2023-08-28 23:25:03,919] {dagbag.py:507} INFO - Filling up the DagBag from /home/linuxlite/Documentos/airflow/venv/lib/python3.9/site-packages/airflow/example_dags/tutorial_taskflow_api_etl.py
[2023-08-28 23:25:03,939] {processor.py:651} INFO - DAG(s) dict_keys(['tutorial_taskflow_api_etl']) retrieved from /home/linuxlite/Documentos/airflow/venv/lib/python3.9/site-packages/airflow/example_dags/tutorial_taskflow_api_etl.py
[2023-08-28 23:25:03,978] {logging_mixin.py:115} INFO - [2023-08-28 23:25:03,977] {dag.py:2379} INFO - Sync 1 DAGs
[2023-08-28 23:25:03,992] {logging_mixin.py:115} INFO - [2023-08-28 23:25:03,992] {dag.py:2927} INFO - Setting next_dagrun for tutorial_taskflow_api_etl to None, run_after=None
[2023-08-28 23:25:04,005] {processor.py:161} INFO - Processing /home/linuxlite/Documentos/airflow/venv/lib/python3.9/site-packages/airflow/example_dags/tutorial_taskflow_api_etl.py took 0.091 seconds
[2023-08-28 23:25:36,524] {processor.py:153} INFO - Started process (PID=62175) to work on /home/linuxlite/Documentos/airflow/venv/lib/python3.9/site-packages/airflow/example_dags/tutorial_taskflow_api_etl.py
[2023-08-28 23:25:36,525] {processor.py:641} INFO - Processing file /home/linuxlite/Documentos/airflow/venv/lib/python3.9/site-packages/airflow/example_dags/tutorial_taskflow_api_etl.py for tasks to queue
[2023-08-28 23:25:36,526] {logging_mixin.py:115} INFO - [2023-08-28 23:25:36,526] {dagbag.py:507} INFO - Filling up the DagBag from /home/linuxlite/Documentos/airflow/venv/lib/python3.9/site-packages/airflow/example_dags/tutorial_taskflow_api_etl.py
[2023-08-28 23:25:36,549] {processor.py:651} INFO - DAG(s) dict_keys(['tutorial_taskflow_api_etl']) retrieved from /home/linuxlite/Documentos/airflow/venv/lib/python3.9/site-packages/airflow/example_dags/tutorial_taskflow_api_etl.py
[2023-08-28 23:25:36,585] {logging_mixin.py:115} INFO - [2023-08-28 23:25:36,585] {dag.py:2379} INFO - Sync 1 DAGs
[2023-08-28 23:25:36,598] {logging_mixin.py:115} INFO - [2023-08-28 23:25:36,598] {dag.py:2927} INFO - Setting next_dagrun for tutorial_taskflow_api_etl to None, run_after=None
[2023-08-28 23:25:36,609] {processor.py:161} INFO - Processing /home/linuxlite/Documentos/airflow/venv/lib/python3.9/site-packages/airflow/example_dags/tutorial_taskflow_api_etl.py took 0.090 seconds
[2023-08-28 23:26:09,633] {processor.py:153} INFO - Started process (PID=62215) to work on /home/linuxlite/Documentos/airflow/venv/lib/python3.9/site-packages/airflow/example_dags/tutorial_taskflow_api_etl.py
[2023-08-28 23:26:09,634] {processor.py:641} INFO - Processing file /home/linuxlite/Documentos/airflow/venv/lib/python3.9/site-packages/airflow/example_dags/tutorial_taskflow_api_etl.py for tasks to queue
[2023-08-28 23:26:09,634] {logging_mixin.py:115} INFO - [2023-08-28 23:26:09,634] {dagbag.py:507} INFO - Filling up the DagBag from /home/linuxlite/Documentos/airflow/venv/lib/python3.9/site-packages/airflow/example_dags/tutorial_taskflow_api_etl.py
[2023-08-28 23:26:09,654] {processor.py:651} INFO - DAG(s) dict_keys(['tutorial_taskflow_api_etl']) retrieved from /home/linuxlite/Documentos/airflow/venv/lib/python3.9/site-packages/airflow/example_dags/tutorial_taskflow_api_etl.py
[2023-08-28 23:26:09,669] {logging_mixin.py:115} INFO - [2023-08-28 23:26:09,669] {dag.py:2379} INFO - Sync 1 DAGs
[2023-08-28 23:26:09,685] {logging_mixin.py:115} INFO - [2023-08-28 23:26:09,685] {dag.py:2927} INFO - Setting next_dagrun for tutorial_taskflow_api_etl to None, run_after=None
[2023-08-28 23:26:09,695] {processor.py:161} INFO - Processing /home/linuxlite/Documentos/airflow/venv/lib/python3.9/site-packages/airflow/example_dags/tutorial_taskflow_api_etl.py took 0.066 seconds
[2023-08-28 23:26:40,726] {processor.py:153} INFO - Started process (PID=62255) to work on /home/linuxlite/Documentos/airflow/venv/lib/python3.9/site-packages/airflow/example_dags/tutorial_taskflow_api_etl.py
[2023-08-28 23:26:40,727] {processor.py:641} INFO - Processing file /home/linuxlite/Documentos/airflow/venv/lib/python3.9/site-packages/airflow/example_dags/tutorial_taskflow_api_etl.py for tasks to queue
[2023-08-28 23:26:40,727] {logging_mixin.py:115} INFO - [2023-08-28 23:26:40,727] {dagbag.py:507} INFO - Filling up the DagBag from /home/linuxlite/Documentos/airflow/venv/lib/python3.9/site-packages/airflow/example_dags/tutorial_taskflow_api_etl.py
[2023-08-28 23:26:40,749] {processor.py:651} INFO - DAG(s) dict_keys(['tutorial_taskflow_api_etl']) retrieved from /home/linuxlite/Documentos/airflow/venv/lib/python3.9/site-packages/airflow/example_dags/tutorial_taskflow_api_etl.py
[2023-08-28 23:26:40,765] {logging_mixin.py:115} INFO - [2023-08-28 23:26:40,765] {dag.py:2379} INFO - Sync 1 DAGs
[2023-08-28 23:26:40,782] {logging_mixin.py:115} INFO - [2023-08-28 23:26:40,782] {dag.py:2927} INFO - Setting next_dagrun for tutorial_taskflow_api_etl to None, run_after=None
[2023-08-28 23:26:40,795] {processor.py:161} INFO - Processing /home/linuxlite/Documentos/airflow/venv/lib/python3.9/site-packages/airflow/example_dags/tutorial_taskflow_api_etl.py took 0.073 seconds
[2023-08-28 23:27:11,585] {processor.py:153} INFO - Started process (PID=62306) to work on /home/linuxlite/Documentos/airflow/venv/lib/python3.9/site-packages/airflow/example_dags/tutorial_taskflow_api_etl.py
[2023-08-28 23:27:11,585] {processor.py:641} INFO - Processing file /home/linuxlite/Documentos/airflow/venv/lib/python3.9/site-packages/airflow/example_dags/tutorial_taskflow_api_etl.py for tasks to queue
[2023-08-28 23:27:11,586] {logging_mixin.py:115} INFO - [2023-08-28 23:27:11,586] {dagbag.py:507} INFO - Filling up the DagBag from /home/linuxlite/Documentos/airflow/venv/lib/python3.9/site-packages/airflow/example_dags/tutorial_taskflow_api_etl.py
[2023-08-28 23:27:11,606] {processor.py:651} INFO - DAG(s) dict_keys(['tutorial_taskflow_api_etl']) retrieved from /home/linuxlite/Documentos/airflow/venv/lib/python3.9/site-packages/airflow/example_dags/tutorial_taskflow_api_etl.py
[2023-08-28 23:27:11,623] {logging_mixin.py:115} INFO - [2023-08-28 23:27:11,623] {dag.py:2379} INFO - Sync 1 DAGs
[2023-08-28 23:27:11,644] {logging_mixin.py:115} INFO - [2023-08-28 23:27:11,644] {dag.py:2927} INFO - Setting next_dagrun for tutorial_taskflow_api_etl to None, run_after=None
[2023-08-28 23:27:11,657] {processor.py:161} INFO - Processing /home/linuxlite/Documentos/airflow/venv/lib/python3.9/site-packages/airflow/example_dags/tutorial_taskflow_api_etl.py took 0.075 seconds
[2023-08-28 23:27:42,101] {processor.py:153} INFO - Started process (PID=62348) to work on /home/linuxlite/Documentos/airflow/venv/lib/python3.9/site-packages/airflow/example_dags/tutorial_taskflow_api_etl.py
[2023-08-28 23:27:42,102] {processor.py:641} INFO - Processing file /home/linuxlite/Documentos/airflow/venv/lib/python3.9/site-packages/airflow/example_dags/tutorial_taskflow_api_etl.py for tasks to queue
[2023-08-28 23:27:42,103] {logging_mixin.py:115} INFO - [2023-08-28 23:27:42,102] {dagbag.py:507} INFO - Filling up the DagBag from /home/linuxlite/Documentos/airflow/venv/lib/python3.9/site-packages/airflow/example_dags/tutorial_taskflow_api_etl.py
[2023-08-28 23:27:42,139] {processor.py:651} INFO - DAG(s) dict_keys(['tutorial_taskflow_api_etl']) retrieved from /home/linuxlite/Documentos/airflow/venv/lib/python3.9/site-packages/airflow/example_dags/tutorial_taskflow_api_etl.py
[2023-08-28 23:27:42,157] {logging_mixin.py:115} INFO - [2023-08-28 23:27:42,156] {dag.py:2379} INFO - Sync 1 DAGs
[2023-08-28 23:27:42,180] {logging_mixin.py:115} INFO - [2023-08-28 23:27:42,180] {dag.py:2927} INFO - Setting next_dagrun for tutorial_taskflow_api_etl to None, run_after=None
[2023-08-28 23:27:42,195] {processor.py:161} INFO - Processing /home/linuxlite/Documentos/airflow/venv/lib/python3.9/site-packages/airflow/example_dags/tutorial_taskflow_api_etl.py took 0.101 seconds
