[2023-08-28 23:10:44,455] {processor.py:153} INFO - Started process (PID=59911) to work on /home/linuxlite/Documentos/airflow/venv/lib/python3.9/site-packages/airflow/example_dags/tutorial_etl_dag.py
[2023-08-28 23:10:44,458] {processor.py:641} INFO - Processing file /home/linuxlite/Documentos/airflow/venv/lib/python3.9/site-packages/airflow/example_dags/tutorial_etl_dag.py for tasks to queue
[2023-08-28 23:10:44,459] {logging_mixin.py:115} INFO - [2023-08-28 23:10:44,459] {dagbag.py:507} INFO - Filling up the DagBag from /home/linuxlite/Documentos/airflow/venv/lib/python3.9/site-packages/airflow/example_dags/tutorial_etl_dag.py
[2023-08-28 23:10:44,571] {processor.py:651} INFO - DAG(s) dict_keys(['tutorial_etl_dag']) retrieved from /home/linuxlite/Documentos/airflow/venv/lib/python3.9/site-packages/airflow/example_dags/tutorial_etl_dag.py
[2023-08-28 23:10:44,645] {logging_mixin.py:115} INFO - [2023-08-28 23:10:44,644] {dag.py:2379} INFO - Sync 1 DAGs
[2023-08-28 23:10:44,748] {logging_mixin.py:115} INFO - [2023-08-28 23:10:44,748] {dag.py:2927} INFO - Setting next_dagrun for tutorial_etl_dag to None, run_after=None
[2023-08-28 23:10:44,793] {processor.py:161} INFO - Processing /home/linuxlite/Documentos/airflow/venv/lib/python3.9/site-packages/airflow/example_dags/tutorial_etl_dag.py took 0.344 seconds
[2023-08-28 23:11:20,150] {processor.py:153} INFO - Started process (PID=60049) to work on /home/linuxlite/Documentos/airflow/venv/lib/python3.9/site-packages/airflow/example_dags/tutorial_etl_dag.py
[2023-08-28 23:11:20,151] {processor.py:641} INFO - Processing file /home/linuxlite/Documentos/airflow/venv/lib/python3.9/site-packages/airflow/example_dags/tutorial_etl_dag.py for tasks to queue
[2023-08-28 23:11:20,151] {logging_mixin.py:115} INFO - [2023-08-28 23:11:20,151] {dagbag.py:507} INFO - Filling up the DagBag from /home/linuxlite/Documentos/airflow/venv/lib/python3.9/site-packages/airflow/example_dags/tutorial_etl_dag.py
[2023-08-28 23:11:20,159] {processor.py:651} INFO - DAG(s) dict_keys(['tutorial_etl_dag']) retrieved from /home/linuxlite/Documentos/airflow/venv/lib/python3.9/site-packages/airflow/example_dags/tutorial_etl_dag.py
[2023-08-28 23:11:20,175] {logging_mixin.py:115} INFO - [2023-08-28 23:11:20,175] {dag.py:2379} INFO - Sync 1 DAGs
[2023-08-28 23:11:20,194] {logging_mixin.py:115} INFO - [2023-08-28 23:11:20,193] {dag.py:2927} INFO - Setting next_dagrun for tutorial_etl_dag to None, run_after=None
[2023-08-28 23:11:20,204] {processor.py:161} INFO - Processing /home/linuxlite/Documentos/airflow/venv/lib/python3.9/site-packages/airflow/example_dags/tutorial_etl_dag.py took 0.057 seconds
[2023-08-28 23:11:55,119] {processor.py:153} INFO - Started process (PID=60087) to work on /home/linuxlite/Documentos/airflow/venv/lib/python3.9/site-packages/airflow/example_dags/tutorial_etl_dag.py
[2023-08-28 23:11:55,120] {processor.py:641} INFO - Processing file /home/linuxlite/Documentos/airflow/venv/lib/python3.9/site-packages/airflow/example_dags/tutorial_etl_dag.py for tasks to queue
[2023-08-28 23:11:55,120] {logging_mixin.py:115} INFO - [2023-08-28 23:11:55,120] {dagbag.py:507} INFO - Filling up the DagBag from /home/linuxlite/Documentos/airflow/venv/lib/python3.9/site-packages/airflow/example_dags/tutorial_etl_dag.py
[2023-08-28 23:11:55,128] {processor.py:651} INFO - DAG(s) dict_keys(['tutorial_etl_dag']) retrieved from /home/linuxlite/Documentos/airflow/venv/lib/python3.9/site-packages/airflow/example_dags/tutorial_etl_dag.py
[2023-08-28 23:11:55,143] {logging_mixin.py:115} INFO - [2023-08-28 23:11:55,143] {dag.py:2379} INFO - Sync 1 DAGs
[2023-08-28 23:11:55,159] {logging_mixin.py:115} INFO - [2023-08-28 23:11:55,159] {dag.py:2927} INFO - Setting next_dagrun for tutorial_etl_dag to None, run_after=None
[2023-08-28 23:11:55,170] {processor.py:161} INFO - Processing /home/linuxlite/Documentos/airflow/venv/lib/python3.9/site-packages/airflow/example_dags/tutorial_etl_dag.py took 0.054 seconds
[2023-08-28 23:12:28,904] {processor.py:153} INFO - Started process (PID=60131) to work on /home/linuxlite/Documentos/airflow/venv/lib/python3.9/site-packages/airflow/example_dags/tutorial_etl_dag.py
[2023-08-28 23:12:28,906] {processor.py:641} INFO - Processing file /home/linuxlite/Documentos/airflow/venv/lib/python3.9/site-packages/airflow/example_dags/tutorial_etl_dag.py for tasks to queue
[2023-08-28 23:12:28,906] {logging_mixin.py:115} INFO - [2023-08-28 23:12:28,906] {dagbag.py:507} INFO - Filling up the DagBag from /home/linuxlite/Documentos/airflow/venv/lib/python3.9/site-packages/airflow/example_dags/tutorial_etl_dag.py
[2023-08-28 23:12:28,916] {processor.py:651} INFO - DAG(s) dict_keys(['tutorial_etl_dag']) retrieved from /home/linuxlite/Documentos/airflow/venv/lib/python3.9/site-packages/airflow/example_dags/tutorial_etl_dag.py
[2023-08-28 23:12:28,932] {logging_mixin.py:115} INFO - [2023-08-28 23:12:28,931] {dag.py:2379} INFO - Sync 1 DAGs
[2023-08-28 23:12:28,947] {logging_mixin.py:115} INFO - [2023-08-28 23:12:28,947] {dag.py:2927} INFO - Setting next_dagrun for tutorial_etl_dag to None, run_after=None
[2023-08-28 23:12:28,958] {processor.py:161} INFO - Processing /home/linuxlite/Documentos/airflow/venv/lib/python3.9/site-packages/airflow/example_dags/tutorial_etl_dag.py took 0.059 seconds
[2023-08-28 23:13:03,975] {processor.py:153} INFO - Started process (PID=60167) to work on /home/linuxlite/Documentos/airflow/venv/lib/python3.9/site-packages/airflow/example_dags/tutorial_etl_dag.py
[2023-08-28 23:13:03,976] {processor.py:641} INFO - Processing file /home/linuxlite/Documentos/airflow/venv/lib/python3.9/site-packages/airflow/example_dags/tutorial_etl_dag.py for tasks to queue
[2023-08-28 23:13:03,977] {logging_mixin.py:115} INFO - [2023-08-28 23:13:03,977] {dagbag.py:507} INFO - Filling up the DagBag from /home/linuxlite/Documentos/airflow/venv/lib/python3.9/site-packages/airflow/example_dags/tutorial_etl_dag.py
[2023-08-28 23:13:03,984] {processor.py:651} INFO - DAG(s) dict_keys(['tutorial_etl_dag']) retrieved from /home/linuxlite/Documentos/airflow/venv/lib/python3.9/site-packages/airflow/example_dags/tutorial_etl_dag.py
[2023-08-28 23:13:04,000] {logging_mixin.py:115} INFO - [2023-08-28 23:13:04,000] {dag.py:2379} INFO - Sync 1 DAGs
[2023-08-28 23:13:04,019] {logging_mixin.py:115} INFO - [2023-08-28 23:13:04,019] {dag.py:2927} INFO - Setting next_dagrun for tutorial_etl_dag to None, run_after=None
[2023-08-28 23:13:04,031] {processor.py:161} INFO - Processing /home/linuxlite/Documentos/airflow/venv/lib/python3.9/site-packages/airflow/example_dags/tutorial_etl_dag.py took 0.059 seconds
[2023-08-28 23:13:38,366] {processor.py:153} INFO - Started process (PID=60208) to work on /home/linuxlite/Documentos/airflow/venv/lib/python3.9/site-packages/airflow/example_dags/tutorial_etl_dag.py
[2023-08-28 23:13:38,367] {processor.py:641} INFO - Processing file /home/linuxlite/Documentos/airflow/venv/lib/python3.9/site-packages/airflow/example_dags/tutorial_etl_dag.py for tasks to queue
[2023-08-28 23:13:38,371] {logging_mixin.py:115} INFO - [2023-08-28 23:13:38,369] {dagbag.py:507} INFO - Filling up the DagBag from /home/linuxlite/Documentos/airflow/venv/lib/python3.9/site-packages/airflow/example_dags/tutorial_etl_dag.py
[2023-08-28 23:13:38,380] {processor.py:651} INFO - DAG(s) dict_keys(['tutorial_etl_dag']) retrieved from /home/linuxlite/Documentos/airflow/venv/lib/python3.9/site-packages/airflow/example_dags/tutorial_etl_dag.py
[2023-08-28 23:13:38,397] {logging_mixin.py:115} INFO - [2023-08-28 23:13:38,397] {dag.py:2379} INFO - Sync 1 DAGs
[2023-08-28 23:13:38,414] {logging_mixin.py:115} INFO - [2023-08-28 23:13:38,414] {dag.py:2927} INFO - Setting next_dagrun for tutorial_etl_dag to None, run_after=None
[2023-08-28 23:13:38,424] {processor.py:161} INFO - Processing /home/linuxlite/Documentos/airflow/venv/lib/python3.9/site-packages/airflow/example_dags/tutorial_etl_dag.py took 0.065 seconds
[2023-08-28 23:14:12,767] {processor.py:153} INFO - Started process (PID=60247) to work on /home/linuxlite/Documentos/airflow/venv/lib/python3.9/site-packages/airflow/example_dags/tutorial_etl_dag.py
[2023-08-28 23:14:12,768] {processor.py:641} INFO - Processing file /home/linuxlite/Documentos/airflow/venv/lib/python3.9/site-packages/airflow/example_dags/tutorial_etl_dag.py for tasks to queue
[2023-08-28 23:14:12,768] {logging_mixin.py:115} INFO - [2023-08-28 23:14:12,768] {dagbag.py:507} INFO - Filling up the DagBag from /home/linuxlite/Documentos/airflow/venv/lib/python3.9/site-packages/airflow/example_dags/tutorial_etl_dag.py
[2023-08-28 23:14:12,777] {processor.py:651} INFO - DAG(s) dict_keys(['tutorial_etl_dag']) retrieved from /home/linuxlite/Documentos/airflow/venv/lib/python3.9/site-packages/airflow/example_dags/tutorial_etl_dag.py
[2023-08-28 23:14:12,792] {logging_mixin.py:115} INFO - [2023-08-28 23:14:12,792] {dag.py:2379} INFO - Sync 1 DAGs
[2023-08-28 23:14:12,807] {logging_mixin.py:115} INFO - [2023-08-28 23:14:12,807] {dag.py:2927} INFO - Setting next_dagrun for tutorial_etl_dag to None, run_after=None
[2023-08-28 23:14:12,817] {processor.py:161} INFO - Processing /home/linuxlite/Documentos/airflow/venv/lib/python3.9/site-packages/airflow/example_dags/tutorial_etl_dag.py took 0.055 seconds
[2023-08-28 23:14:47,762] {processor.py:153} INFO - Started process (PID=60298) to work on /home/linuxlite/Documentos/airflow/venv/lib/python3.9/site-packages/airflow/example_dags/tutorial_etl_dag.py
[2023-08-28 23:14:47,762] {processor.py:641} INFO - Processing file /home/linuxlite/Documentos/airflow/venv/lib/python3.9/site-packages/airflow/example_dags/tutorial_etl_dag.py for tasks to queue
[2023-08-28 23:14:47,763] {logging_mixin.py:115} INFO - [2023-08-28 23:14:47,763] {dagbag.py:507} INFO - Filling up the DagBag from /home/linuxlite/Documentos/airflow/venv/lib/python3.9/site-packages/airflow/example_dags/tutorial_etl_dag.py
[2023-08-28 23:14:47,772] {processor.py:651} INFO - DAG(s) dict_keys(['tutorial_etl_dag']) retrieved from /home/linuxlite/Documentos/airflow/venv/lib/python3.9/site-packages/airflow/example_dags/tutorial_etl_dag.py
[2023-08-28 23:14:47,797] {logging_mixin.py:115} INFO - [2023-08-28 23:14:47,797] {dag.py:2379} INFO - Sync 1 DAGs
[2023-08-28 23:14:47,833] {logging_mixin.py:115} INFO - [2023-08-28 23:14:47,833] {dag.py:2927} INFO - Setting next_dagrun for tutorial_etl_dag to None, run_after=None
[2023-08-28 23:14:47,848] {processor.py:161} INFO - Processing /home/linuxlite/Documentos/airflow/venv/lib/python3.9/site-packages/airflow/example_dags/tutorial_etl_dag.py took 0.090 seconds
[2023-08-28 23:15:20,828] {processor.py:153} INFO - Started process (PID=60542) to work on /home/linuxlite/Documentos/airflow/venv/lib/python3.9/site-packages/airflow/example_dags/tutorial_etl_dag.py
[2023-08-28 23:15:20,830] {processor.py:641} INFO - Processing file /home/linuxlite/Documentos/airflow/venv/lib/python3.9/site-packages/airflow/example_dags/tutorial_etl_dag.py for tasks to queue
[2023-08-28 23:15:20,830] {logging_mixin.py:115} INFO - [2023-08-28 23:15:20,830] {dagbag.py:507} INFO - Filling up the DagBag from /home/linuxlite/Documentos/airflow/venv/lib/python3.9/site-packages/airflow/example_dags/tutorial_etl_dag.py
[2023-08-28 23:15:20,840] {processor.py:651} INFO - DAG(s) dict_keys(['tutorial_etl_dag']) retrieved from /home/linuxlite/Documentos/airflow/venv/lib/python3.9/site-packages/airflow/example_dags/tutorial_etl_dag.py
[2023-08-28 23:15:20,863] {logging_mixin.py:115} INFO - [2023-08-28 23:15:20,863] {dag.py:2379} INFO - Sync 1 DAGs
[2023-08-28 23:15:20,885] {logging_mixin.py:115} INFO - [2023-08-28 23:15:20,884] {dag.py:2927} INFO - Setting next_dagrun for tutorial_etl_dag to None, run_after=None
[2023-08-28 23:15:20,901] {processor.py:161} INFO - Processing /home/linuxlite/Documentos/airflow/venv/lib/python3.9/site-packages/airflow/example_dags/tutorial_etl_dag.py took 0.076 seconds
[2023-08-28 23:15:55,429] {processor.py:153} INFO - Started process (PID=60577) to work on /home/linuxlite/Documentos/airflow/venv/lib/python3.9/site-packages/airflow/example_dags/tutorial_etl_dag.py
[2023-08-28 23:15:55,430] {processor.py:641} INFO - Processing file /home/linuxlite/Documentos/airflow/venv/lib/python3.9/site-packages/airflow/example_dags/tutorial_etl_dag.py for tasks to queue
[2023-08-28 23:15:55,430] {logging_mixin.py:115} INFO - [2023-08-28 23:15:55,430] {dagbag.py:507} INFO - Filling up the DagBag from /home/linuxlite/Documentos/airflow/venv/lib/python3.9/site-packages/airflow/example_dags/tutorial_etl_dag.py
[2023-08-28 23:15:55,439] {processor.py:651} INFO - DAG(s) dict_keys(['tutorial_etl_dag']) retrieved from /home/linuxlite/Documentos/airflow/venv/lib/python3.9/site-packages/airflow/example_dags/tutorial_etl_dag.py
[2023-08-28 23:15:55,457] {logging_mixin.py:115} INFO - [2023-08-28 23:15:55,457] {dag.py:2379} INFO - Sync 1 DAGs
[2023-08-28 23:15:55,472] {logging_mixin.py:115} INFO - [2023-08-28 23:15:55,472] {dag.py:2927} INFO - Setting next_dagrun for tutorial_etl_dag to None, run_after=None
[2023-08-28 23:15:55,483] {processor.py:161} INFO - Processing /home/linuxlite/Documentos/airflow/venv/lib/python3.9/site-packages/airflow/example_dags/tutorial_etl_dag.py took 0.057 seconds
[2023-08-28 23:16:28,043] {processor.py:153} INFO - Started process (PID=60612) to work on /home/linuxlite/Documentos/airflow/venv/lib/python3.9/site-packages/airflow/example_dags/tutorial_etl_dag.py
[2023-08-28 23:16:28,044] {processor.py:641} INFO - Processing file /home/linuxlite/Documentos/airflow/venv/lib/python3.9/site-packages/airflow/example_dags/tutorial_etl_dag.py for tasks to queue
[2023-08-28 23:16:28,044] {logging_mixin.py:115} INFO - [2023-08-28 23:16:28,044] {dagbag.py:507} INFO - Filling up the DagBag from /home/linuxlite/Documentos/airflow/venv/lib/python3.9/site-packages/airflow/example_dags/tutorial_etl_dag.py
[2023-08-28 23:16:28,052] {processor.py:651} INFO - DAG(s) dict_keys(['tutorial_etl_dag']) retrieved from /home/linuxlite/Documentos/airflow/venv/lib/python3.9/site-packages/airflow/example_dags/tutorial_etl_dag.py
[2023-08-28 23:16:28,075] {logging_mixin.py:115} INFO - [2023-08-28 23:16:28,075] {dag.py:2379} INFO - Sync 1 DAGs
[2023-08-28 23:16:28,090] {logging_mixin.py:115} INFO - [2023-08-28 23:16:28,090] {dag.py:2927} INFO - Setting next_dagrun for tutorial_etl_dag to None, run_after=None
[2023-08-28 23:16:28,100] {processor.py:161} INFO - Processing /home/linuxlite/Documentos/airflow/venv/lib/python3.9/site-packages/airflow/example_dags/tutorial_etl_dag.py took 0.060 seconds
[2023-08-28 23:16:59,441] {processor.py:153} INFO - Started process (PID=60823) to work on /home/linuxlite/Documentos/airflow/venv/lib/python3.9/site-packages/airflow/example_dags/tutorial_etl_dag.py
[2023-08-28 23:16:59,442] {processor.py:641} INFO - Processing file /home/linuxlite/Documentos/airflow/venv/lib/python3.9/site-packages/airflow/example_dags/tutorial_etl_dag.py for tasks to queue
[2023-08-28 23:16:59,442] {logging_mixin.py:115} INFO - [2023-08-28 23:16:59,442] {dagbag.py:507} INFO - Filling up the DagBag from /home/linuxlite/Documentos/airflow/venv/lib/python3.9/site-packages/airflow/example_dags/tutorial_etl_dag.py
[2023-08-28 23:16:59,451] {processor.py:651} INFO - DAG(s) dict_keys(['tutorial_etl_dag']) retrieved from /home/linuxlite/Documentos/airflow/venv/lib/python3.9/site-packages/airflow/example_dags/tutorial_etl_dag.py
[2023-08-28 23:16:59,470] {logging_mixin.py:115} INFO - [2023-08-28 23:16:59,470] {dag.py:2379} INFO - Sync 1 DAGs
[2023-08-28 23:16:59,487] {logging_mixin.py:115} INFO - [2023-08-28 23:16:59,486] {dag.py:2927} INFO - Setting next_dagrun for tutorial_etl_dag to None, run_after=None
[2023-08-28 23:16:59,499] {processor.py:161} INFO - Processing /home/linuxlite/Documentos/airflow/venv/lib/python3.9/site-packages/airflow/example_dags/tutorial_etl_dag.py took 0.061 seconds
[2023-08-28 23:17:33,302] {processor.py:153} INFO - Started process (PID=60860) to work on /home/linuxlite/Documentos/airflow/venv/lib/python3.9/site-packages/airflow/example_dags/tutorial_etl_dag.py
[2023-08-28 23:17:33,303] {processor.py:641} INFO - Processing file /home/linuxlite/Documentos/airflow/venv/lib/python3.9/site-packages/airflow/example_dags/tutorial_etl_dag.py for tasks to queue
[2023-08-28 23:17:33,304] {logging_mixin.py:115} INFO - [2023-08-28 23:17:33,304] {dagbag.py:507} INFO - Filling up the DagBag from /home/linuxlite/Documentos/airflow/venv/lib/python3.9/site-packages/airflow/example_dags/tutorial_etl_dag.py
[2023-08-28 23:17:33,313] {processor.py:651} INFO - DAG(s) dict_keys(['tutorial_etl_dag']) retrieved from /home/linuxlite/Documentos/airflow/venv/lib/python3.9/site-packages/airflow/example_dags/tutorial_etl_dag.py
[2023-08-28 23:17:33,333] {logging_mixin.py:115} INFO - [2023-08-28 23:17:33,333] {dag.py:2379} INFO - Sync 1 DAGs
[2023-08-28 23:17:33,348] {logging_mixin.py:115} INFO - [2023-08-28 23:17:33,347] {dag.py:2927} INFO - Setting next_dagrun for tutorial_etl_dag to None, run_after=None
[2023-08-28 23:17:33,358] {processor.py:161} INFO - Processing /home/linuxlite/Documentos/airflow/venv/lib/python3.9/site-packages/airflow/example_dags/tutorial_etl_dag.py took 0.061 seconds
[2023-08-28 23:18:09,372] {processor.py:153} INFO - Started process (PID=61340) to work on /home/linuxlite/Documentos/airflow/venv/lib/python3.9/site-packages/airflow/example_dags/tutorial_etl_dag.py
[2023-08-28 23:18:09,373] {processor.py:641} INFO - Processing file /home/linuxlite/Documentos/airflow/venv/lib/python3.9/site-packages/airflow/example_dags/tutorial_etl_dag.py for tasks to queue
[2023-08-28 23:18:09,373] {logging_mixin.py:115} INFO - [2023-08-28 23:18:09,373] {dagbag.py:507} INFO - Filling up the DagBag from /home/linuxlite/Documentos/airflow/venv/lib/python3.9/site-packages/airflow/example_dags/tutorial_etl_dag.py
[2023-08-28 23:18:09,382] {processor.py:651} INFO - DAG(s) dict_keys(['tutorial_etl_dag']) retrieved from /home/linuxlite/Documentos/airflow/venv/lib/python3.9/site-packages/airflow/example_dags/tutorial_etl_dag.py
[2023-08-28 23:18:09,407] {logging_mixin.py:115} INFO - [2023-08-28 23:18:09,407] {dag.py:2379} INFO - Sync 1 DAGs
[2023-08-28 23:18:09,429] {logging_mixin.py:115} INFO - [2023-08-28 23:18:09,429] {dag.py:2927} INFO - Setting next_dagrun for tutorial_etl_dag to None, run_after=None
[2023-08-28 23:18:09,442] {processor.py:161} INFO - Processing /home/linuxlite/Documentos/airflow/venv/lib/python3.9/site-packages/airflow/example_dags/tutorial_etl_dag.py took 0.077 seconds
[2023-08-28 23:18:42,520] {processor.py:153} INFO - Started process (PID=61526) to work on /home/linuxlite/Documentos/airflow/venv/lib/python3.9/site-packages/airflow/example_dags/tutorial_etl_dag.py
[2023-08-28 23:18:42,521] {processor.py:641} INFO - Processing file /home/linuxlite/Documentos/airflow/venv/lib/python3.9/site-packages/airflow/example_dags/tutorial_etl_dag.py for tasks to queue
[2023-08-28 23:18:42,521] {logging_mixin.py:115} INFO - [2023-08-28 23:18:42,521] {dagbag.py:507} INFO - Filling up the DagBag from /home/linuxlite/Documentos/airflow/venv/lib/python3.9/site-packages/airflow/example_dags/tutorial_etl_dag.py
[2023-08-28 23:18:42,529] {processor.py:651} INFO - DAG(s) dict_keys(['tutorial_etl_dag']) retrieved from /home/linuxlite/Documentos/airflow/venv/lib/python3.9/site-packages/airflow/example_dags/tutorial_etl_dag.py
[2023-08-28 23:18:42,547] {logging_mixin.py:115} INFO - [2023-08-28 23:18:42,547] {dag.py:2379} INFO - Sync 1 DAGs
[2023-08-28 23:18:42,561] {logging_mixin.py:115} INFO - [2023-08-28 23:18:42,561] {dag.py:2927} INFO - Setting next_dagrun for tutorial_etl_dag to None, run_after=None
[2023-08-28 23:18:42,573] {processor.py:161} INFO - Processing /home/linuxlite/Documentos/airflow/venv/lib/python3.9/site-packages/airflow/example_dags/tutorial_etl_dag.py took 0.058 seconds
[2023-08-28 23:19:16,094] {processor.py:153} INFO - Started process (PID=61574) to work on /home/linuxlite/Documentos/airflow/venv/lib/python3.9/site-packages/airflow/example_dags/tutorial_etl_dag.py
[2023-08-28 23:19:16,096] {processor.py:641} INFO - Processing file /home/linuxlite/Documentos/airflow/venv/lib/python3.9/site-packages/airflow/example_dags/tutorial_etl_dag.py for tasks to queue
[2023-08-28 23:19:16,096] {logging_mixin.py:115} INFO - [2023-08-28 23:19:16,096] {dagbag.py:507} INFO - Filling up the DagBag from /home/linuxlite/Documentos/airflow/venv/lib/python3.9/site-packages/airflow/example_dags/tutorial_etl_dag.py
[2023-08-28 23:19:16,105] {processor.py:651} INFO - DAG(s) dict_keys(['tutorial_etl_dag']) retrieved from /home/linuxlite/Documentos/airflow/venv/lib/python3.9/site-packages/airflow/example_dags/tutorial_etl_dag.py
[2023-08-28 23:19:16,122] {logging_mixin.py:115} INFO - [2023-08-28 23:19:16,122] {dag.py:2379} INFO - Sync 1 DAGs
[2023-08-28 23:19:16,138] {logging_mixin.py:115} INFO - [2023-08-28 23:19:16,138] {dag.py:2927} INFO - Setting next_dagrun for tutorial_etl_dag to None, run_after=None
[2023-08-28 23:19:16,155] {processor.py:161} INFO - Processing /home/linuxlite/Documentos/airflow/venv/lib/python3.9/site-packages/airflow/example_dags/tutorial_etl_dag.py took 0.067 seconds
[2023-08-28 23:19:48,470] {processor.py:153} INFO - Started process (PID=61629) to work on /home/linuxlite/Documentos/airflow/venv/lib/python3.9/site-packages/airflow/example_dags/tutorial_etl_dag.py
[2023-08-28 23:19:48,471] {processor.py:641} INFO - Processing file /home/linuxlite/Documentos/airflow/venv/lib/python3.9/site-packages/airflow/example_dags/tutorial_etl_dag.py for tasks to queue
[2023-08-28 23:19:48,471] {logging_mixin.py:115} INFO - [2023-08-28 23:19:48,471] {dagbag.py:507} INFO - Filling up the DagBag from /home/linuxlite/Documentos/airflow/venv/lib/python3.9/site-packages/airflow/example_dags/tutorial_etl_dag.py
[2023-08-28 23:19:48,478] {processor.py:651} INFO - DAG(s) dict_keys(['tutorial_etl_dag']) retrieved from /home/linuxlite/Documentos/airflow/venv/lib/python3.9/site-packages/airflow/example_dags/tutorial_etl_dag.py
[2023-08-28 23:19:48,497] {logging_mixin.py:115} INFO - [2023-08-28 23:19:48,496] {dag.py:2379} INFO - Sync 1 DAGs
[2023-08-28 23:19:48,513] {logging_mixin.py:115} INFO - [2023-08-28 23:19:48,512] {dag.py:2927} INFO - Setting next_dagrun for tutorial_etl_dag to None, run_after=None
[2023-08-28 23:19:48,524] {processor.py:161} INFO - Processing /home/linuxlite/Documentos/airflow/venv/lib/python3.9/site-packages/airflow/example_dags/tutorial_etl_dag.py took 0.058 seconds
[2023-08-28 23:20:21,275] {processor.py:153} INFO - Started process (PID=61728) to work on /home/linuxlite/Documentos/airflow/venv/lib/python3.9/site-packages/airflow/example_dags/tutorial_etl_dag.py
[2023-08-28 23:20:21,275] {processor.py:641} INFO - Processing file /home/linuxlite/Documentos/airflow/venv/lib/python3.9/site-packages/airflow/example_dags/tutorial_etl_dag.py for tasks to queue
[2023-08-28 23:20:21,276] {logging_mixin.py:115} INFO - [2023-08-28 23:20:21,276] {dagbag.py:507} INFO - Filling up the DagBag from /home/linuxlite/Documentos/airflow/venv/lib/python3.9/site-packages/airflow/example_dags/tutorial_etl_dag.py
[2023-08-28 23:20:21,283] {processor.py:651} INFO - DAG(s) dict_keys(['tutorial_etl_dag']) retrieved from /home/linuxlite/Documentos/airflow/venv/lib/python3.9/site-packages/airflow/example_dags/tutorial_etl_dag.py
[2023-08-28 23:20:21,308] {logging_mixin.py:115} INFO - [2023-08-28 23:20:21,308] {dag.py:2379} INFO - Sync 1 DAGs
[2023-08-28 23:20:21,326] {logging_mixin.py:115} INFO - [2023-08-28 23:20:21,326] {dag.py:2927} INFO - Setting next_dagrun for tutorial_etl_dag to None, run_after=None
[2023-08-28 23:20:21,341] {processor.py:161} INFO - Processing /home/linuxlite/Documentos/airflow/venv/lib/python3.9/site-packages/airflow/example_dags/tutorial_etl_dag.py took 0.070 seconds
[2023-08-28 23:20:54,404] {processor.py:153} INFO - Started process (PID=61764) to work on /home/linuxlite/Documentos/airflow/venv/lib/python3.9/site-packages/airflow/example_dags/tutorial_etl_dag.py
[2023-08-28 23:20:54,405] {processor.py:641} INFO - Processing file /home/linuxlite/Documentos/airflow/venv/lib/python3.9/site-packages/airflow/example_dags/tutorial_etl_dag.py for tasks to queue
[2023-08-28 23:20:54,405] {logging_mixin.py:115} INFO - [2023-08-28 23:20:54,405] {dagbag.py:507} INFO - Filling up the DagBag from /home/linuxlite/Documentos/airflow/venv/lib/python3.9/site-packages/airflow/example_dags/tutorial_etl_dag.py
[2023-08-28 23:20:54,413] {processor.py:651} INFO - DAG(s) dict_keys(['tutorial_etl_dag']) retrieved from /home/linuxlite/Documentos/airflow/venv/lib/python3.9/site-packages/airflow/example_dags/tutorial_etl_dag.py
[2023-08-28 23:20:54,430] {logging_mixin.py:115} INFO - [2023-08-28 23:20:54,430] {dag.py:2379} INFO - Sync 1 DAGs
[2023-08-28 23:20:54,446] {logging_mixin.py:115} INFO - [2023-08-28 23:20:54,446] {dag.py:2927} INFO - Setting next_dagrun for tutorial_etl_dag to None, run_after=None
[2023-08-28 23:20:54,458] {processor.py:161} INFO - Processing /home/linuxlite/Documentos/airflow/venv/lib/python3.9/site-packages/airflow/example_dags/tutorial_etl_dag.py took 0.057 seconds
[2023-08-28 23:21:27,252] {processor.py:153} INFO - Started process (PID=61803) to work on /home/linuxlite/Documentos/airflow/venv/lib/python3.9/site-packages/airflow/example_dags/tutorial_etl_dag.py
[2023-08-28 23:21:27,253] {processor.py:641} INFO - Processing file /home/linuxlite/Documentos/airflow/venv/lib/python3.9/site-packages/airflow/example_dags/tutorial_etl_dag.py for tasks to queue
[2023-08-28 23:21:27,254] {logging_mixin.py:115} INFO - [2023-08-28 23:21:27,254] {dagbag.py:507} INFO - Filling up the DagBag from /home/linuxlite/Documentos/airflow/venv/lib/python3.9/site-packages/airflow/example_dags/tutorial_etl_dag.py
[2023-08-28 23:21:27,267] {processor.py:651} INFO - DAG(s) dict_keys(['tutorial_etl_dag']) retrieved from /home/linuxlite/Documentos/airflow/venv/lib/python3.9/site-packages/airflow/example_dags/tutorial_etl_dag.py
[2023-08-28 23:21:27,290] {logging_mixin.py:115} INFO - [2023-08-28 23:21:27,290] {dag.py:2379} INFO - Sync 1 DAGs
[2023-08-28 23:21:27,305] {logging_mixin.py:115} INFO - [2023-08-28 23:21:27,305] {dag.py:2927} INFO - Setting next_dagrun for tutorial_etl_dag to None, run_after=None
[2023-08-28 23:21:27,318] {processor.py:161} INFO - Processing /home/linuxlite/Documentos/airflow/venv/lib/python3.9/site-packages/airflow/example_dags/tutorial_etl_dag.py took 0.073 seconds
[2023-08-28 23:22:00,360] {processor.py:153} INFO - Started process (PID=61861) to work on /home/linuxlite/Documentos/airflow/venv/lib/python3.9/site-packages/airflow/example_dags/tutorial_etl_dag.py
[2023-08-28 23:22:00,361] {processor.py:641} INFO - Processing file /home/linuxlite/Documentos/airflow/venv/lib/python3.9/site-packages/airflow/example_dags/tutorial_etl_dag.py for tasks to queue
[2023-08-28 23:22:00,362] {logging_mixin.py:115} INFO - [2023-08-28 23:22:00,362] {dagbag.py:507} INFO - Filling up the DagBag from /home/linuxlite/Documentos/airflow/venv/lib/python3.9/site-packages/airflow/example_dags/tutorial_etl_dag.py
[2023-08-28 23:22:00,370] {processor.py:651} INFO - DAG(s) dict_keys(['tutorial_etl_dag']) retrieved from /home/linuxlite/Documentos/airflow/venv/lib/python3.9/site-packages/airflow/example_dags/tutorial_etl_dag.py
[2023-08-28 23:22:00,390] {logging_mixin.py:115} INFO - [2023-08-28 23:22:00,390] {dag.py:2379} INFO - Sync 1 DAGs
[2023-08-28 23:22:00,407] {logging_mixin.py:115} INFO - [2023-08-28 23:22:00,407] {dag.py:2927} INFO - Setting next_dagrun for tutorial_etl_dag to None, run_after=None
[2023-08-28 23:22:00,418] {processor.py:161} INFO - Processing /home/linuxlite/Documentos/airflow/venv/lib/python3.9/site-packages/airflow/example_dags/tutorial_etl_dag.py took 0.060 seconds
[2023-08-28 23:22:31,896] {processor.py:153} INFO - Started process (PID=61895) to work on /home/linuxlite/Documentos/airflow/venv/lib/python3.9/site-packages/airflow/example_dags/tutorial_etl_dag.py
[2023-08-28 23:22:31,897] {processor.py:641} INFO - Processing file /home/linuxlite/Documentos/airflow/venv/lib/python3.9/site-packages/airflow/example_dags/tutorial_etl_dag.py for tasks to queue
[2023-08-28 23:22:31,898] {logging_mixin.py:115} INFO - [2023-08-28 23:22:31,898] {dagbag.py:507} INFO - Filling up the DagBag from /home/linuxlite/Documentos/airflow/venv/lib/python3.9/site-packages/airflow/example_dags/tutorial_etl_dag.py
[2023-08-28 23:22:31,906] {processor.py:651} INFO - DAG(s) dict_keys(['tutorial_etl_dag']) retrieved from /home/linuxlite/Documentos/airflow/venv/lib/python3.9/site-packages/airflow/example_dags/tutorial_etl_dag.py
[2023-08-28 23:22:31,927] {logging_mixin.py:115} INFO - [2023-08-28 23:22:31,926] {dag.py:2379} INFO - Sync 1 DAGs
[2023-08-28 23:22:31,944] {logging_mixin.py:115} INFO - [2023-08-28 23:22:31,944] {dag.py:2927} INFO - Setting next_dagrun for tutorial_etl_dag to None, run_after=None
[2023-08-28 23:22:31,957] {processor.py:161} INFO - Processing /home/linuxlite/Documentos/airflow/venv/lib/python3.9/site-packages/airflow/example_dags/tutorial_etl_dag.py took 0.064 seconds
[2023-08-28 23:23:04,226] {processor.py:153} INFO - Started process (PID=61932) to work on /home/linuxlite/Documentos/airflow/venv/lib/python3.9/site-packages/airflow/example_dags/tutorial_etl_dag.py
[2023-08-28 23:23:04,229] {processor.py:641} INFO - Processing file /home/linuxlite/Documentos/airflow/venv/lib/python3.9/site-packages/airflow/example_dags/tutorial_etl_dag.py for tasks to queue
[2023-08-28 23:23:04,230] {logging_mixin.py:115} INFO - [2023-08-28 23:23:04,230] {dagbag.py:507} INFO - Filling up the DagBag from /home/linuxlite/Documentos/airflow/venv/lib/python3.9/site-packages/airflow/example_dags/tutorial_etl_dag.py
[2023-08-28 23:23:04,240] {processor.py:651} INFO - DAG(s) dict_keys(['tutorial_etl_dag']) retrieved from /home/linuxlite/Documentos/airflow/venv/lib/python3.9/site-packages/airflow/example_dags/tutorial_etl_dag.py
[2023-08-28 23:23:04,260] {logging_mixin.py:115} INFO - [2023-08-28 23:23:04,260] {dag.py:2379} INFO - Sync 1 DAGs
[2023-08-28 23:23:04,275] {logging_mixin.py:115} INFO - [2023-08-28 23:23:04,275] {dag.py:2927} INFO - Setting next_dagrun for tutorial_etl_dag to None, run_after=None
[2023-08-28 23:23:04,288] {processor.py:161} INFO - Processing /home/linuxlite/Documentos/airflow/venv/lib/python3.9/site-packages/airflow/example_dags/tutorial_etl_dag.py took 0.067 seconds
[2023-08-28 23:23:36,159] {processor.py:153} INFO - Started process (PID=61970) to work on /home/linuxlite/Documentos/airflow/venv/lib/python3.9/site-packages/airflow/example_dags/tutorial_etl_dag.py
[2023-08-28 23:23:36,159] {processor.py:641} INFO - Processing file /home/linuxlite/Documentos/airflow/venv/lib/python3.9/site-packages/airflow/example_dags/tutorial_etl_dag.py for tasks to queue
[2023-08-28 23:23:36,160] {logging_mixin.py:115} INFO - [2023-08-28 23:23:36,160] {dagbag.py:507} INFO - Filling up the DagBag from /home/linuxlite/Documentos/airflow/venv/lib/python3.9/site-packages/airflow/example_dags/tutorial_etl_dag.py
[2023-08-28 23:23:36,168] {processor.py:651} INFO - DAG(s) dict_keys(['tutorial_etl_dag']) retrieved from /home/linuxlite/Documentos/airflow/venv/lib/python3.9/site-packages/airflow/example_dags/tutorial_etl_dag.py
[2023-08-28 23:23:36,189] {logging_mixin.py:115} INFO - [2023-08-28 23:23:36,189] {dag.py:2379} INFO - Sync 1 DAGs
[2023-08-28 23:23:36,205] {logging_mixin.py:115} INFO - [2023-08-28 23:23:36,205] {dag.py:2927} INFO - Setting next_dagrun for tutorial_etl_dag to None, run_after=None
[2023-08-28 23:23:36,217] {processor.py:161} INFO - Processing /home/linuxlite/Documentos/airflow/venv/lib/python3.9/site-packages/airflow/example_dags/tutorial_etl_dag.py took 0.061 seconds
[2023-08-28 23:24:11,121] {processor.py:153} INFO - Started process (PID=62012) to work on /home/linuxlite/Documentos/airflow/venv/lib/python3.9/site-packages/airflow/example_dags/tutorial_etl_dag.py
[2023-08-28 23:24:11,122] {processor.py:641} INFO - Processing file /home/linuxlite/Documentos/airflow/venv/lib/python3.9/site-packages/airflow/example_dags/tutorial_etl_dag.py for tasks to queue
[2023-08-28 23:24:11,122] {logging_mixin.py:115} INFO - [2023-08-28 23:24:11,122] {dagbag.py:507} INFO - Filling up the DagBag from /home/linuxlite/Documentos/airflow/venv/lib/python3.9/site-packages/airflow/example_dags/tutorial_etl_dag.py
[2023-08-28 23:24:11,133] {processor.py:651} INFO - DAG(s) dict_keys(['tutorial_etl_dag']) retrieved from /home/linuxlite/Documentos/airflow/venv/lib/python3.9/site-packages/airflow/example_dags/tutorial_etl_dag.py
[2023-08-28 23:24:11,155] {logging_mixin.py:115} INFO - [2023-08-28 23:24:11,155] {dag.py:2379} INFO - Sync 1 DAGs
[2023-08-28 23:24:11,179] {logging_mixin.py:115} INFO - [2023-08-28 23:24:11,179] {dag.py:2927} INFO - Setting next_dagrun for tutorial_etl_dag to None, run_after=None
[2023-08-28 23:24:11,191] {processor.py:161} INFO - Processing /home/linuxlite/Documentos/airflow/venv/lib/python3.9/site-packages/airflow/example_dags/tutorial_etl_dag.py took 0.074 seconds
[2023-08-28 23:24:42,197] {processor.py:153} INFO - Started process (PID=62054) to work on /home/linuxlite/Documentos/airflow/venv/lib/python3.9/site-packages/airflow/example_dags/tutorial_etl_dag.py
[2023-08-28 23:24:42,198] {processor.py:641} INFO - Processing file /home/linuxlite/Documentos/airflow/venv/lib/python3.9/site-packages/airflow/example_dags/tutorial_etl_dag.py for tasks to queue
[2023-08-28 23:24:42,198] {logging_mixin.py:115} INFO - [2023-08-28 23:24:42,198] {dagbag.py:507} INFO - Filling up the DagBag from /home/linuxlite/Documentos/airflow/venv/lib/python3.9/site-packages/airflow/example_dags/tutorial_etl_dag.py
[2023-08-28 23:24:42,207] {processor.py:651} INFO - DAG(s) dict_keys(['tutorial_etl_dag']) retrieved from /home/linuxlite/Documentos/airflow/venv/lib/python3.9/site-packages/airflow/example_dags/tutorial_etl_dag.py
[2023-08-28 23:24:42,230] {logging_mixin.py:115} INFO - [2023-08-28 23:24:42,230] {dag.py:2379} INFO - Sync 1 DAGs
[2023-08-28 23:24:42,246] {logging_mixin.py:115} INFO - [2023-08-28 23:24:42,246] {dag.py:2927} INFO - Setting next_dagrun for tutorial_etl_dag to None, run_after=None
[2023-08-28 23:24:42,260] {processor.py:161} INFO - Processing /home/linuxlite/Documentos/airflow/venv/lib/python3.9/site-packages/airflow/example_dags/tutorial_etl_dag.py took 0.066 seconds
[2023-08-28 23:25:12,929] {processor.py:153} INFO - Started process (PID=62149) to work on /home/linuxlite/Documentos/airflow/venv/lib/python3.9/site-packages/airflow/example_dags/tutorial_etl_dag.py
[2023-08-28 23:25:12,930] {processor.py:641} INFO - Processing file /home/linuxlite/Documentos/airflow/venv/lib/python3.9/site-packages/airflow/example_dags/tutorial_etl_dag.py for tasks to queue
[2023-08-28 23:25:12,931] {logging_mixin.py:115} INFO - [2023-08-28 23:25:12,931] {dagbag.py:507} INFO - Filling up the DagBag from /home/linuxlite/Documentos/airflow/venv/lib/python3.9/site-packages/airflow/example_dags/tutorial_etl_dag.py
[2023-08-28 23:25:12,939] {processor.py:651} INFO - DAG(s) dict_keys(['tutorial_etl_dag']) retrieved from /home/linuxlite/Documentos/airflow/venv/lib/python3.9/site-packages/airflow/example_dags/tutorial_etl_dag.py
[2023-08-28 23:25:12,957] {logging_mixin.py:115} INFO - [2023-08-28 23:25:12,957] {dag.py:2379} INFO - Sync 1 DAGs
[2023-08-28 23:25:12,972] {logging_mixin.py:115} INFO - [2023-08-28 23:25:12,972] {dag.py:2927} INFO - Setting next_dagrun for tutorial_etl_dag to None, run_after=None
[2023-08-28 23:25:12,983] {processor.py:161} INFO - Processing /home/linuxlite/Documentos/airflow/venv/lib/python3.9/site-packages/airflow/example_dags/tutorial_etl_dag.py took 0.059 seconds
[2023-08-28 23:25:43,919] {processor.py:153} INFO - Started process (PID=62182) to work on /home/linuxlite/Documentos/airflow/venv/lib/python3.9/site-packages/airflow/example_dags/tutorial_etl_dag.py
[2023-08-28 23:25:43,921] {processor.py:641} INFO - Processing file /home/linuxlite/Documentos/airflow/venv/lib/python3.9/site-packages/airflow/example_dags/tutorial_etl_dag.py for tasks to queue
[2023-08-28 23:25:43,922] {logging_mixin.py:115} INFO - [2023-08-28 23:25:43,921] {dagbag.py:507} INFO - Filling up the DagBag from /home/linuxlite/Documentos/airflow/venv/lib/python3.9/site-packages/airflow/example_dags/tutorial_etl_dag.py
[2023-08-28 23:25:43,934] {processor.py:651} INFO - DAG(s) dict_keys(['tutorial_etl_dag']) retrieved from /home/linuxlite/Documentos/airflow/venv/lib/python3.9/site-packages/airflow/example_dags/tutorial_etl_dag.py
[2023-08-28 23:25:43,954] {logging_mixin.py:115} INFO - [2023-08-28 23:25:43,954] {dag.py:2379} INFO - Sync 1 DAGs
[2023-08-28 23:25:43,973] {logging_mixin.py:115} INFO - [2023-08-28 23:25:43,972] {dag.py:2927} INFO - Setting next_dagrun for tutorial_etl_dag to None, run_after=None
[2023-08-28 23:25:43,988] {processor.py:161} INFO - Processing /home/linuxlite/Documentos/airflow/venv/lib/python3.9/site-packages/airflow/example_dags/tutorial_etl_dag.py took 0.075 seconds
[2023-08-28 23:26:15,923] {processor.py:153} INFO - Started process (PID=62222) to work on /home/linuxlite/Documentos/airflow/venv/lib/python3.9/site-packages/airflow/example_dags/tutorial_etl_dag.py
[2023-08-28 23:26:15,924] {processor.py:641} INFO - Processing file /home/linuxlite/Documentos/airflow/venv/lib/python3.9/site-packages/airflow/example_dags/tutorial_etl_dag.py for tasks to queue
[2023-08-28 23:26:15,925] {logging_mixin.py:115} INFO - [2023-08-28 23:26:15,925] {dagbag.py:507} INFO - Filling up the DagBag from /home/linuxlite/Documentos/airflow/venv/lib/python3.9/site-packages/airflow/example_dags/tutorial_etl_dag.py
[2023-08-28 23:26:15,935] {processor.py:651} INFO - DAG(s) dict_keys(['tutorial_etl_dag']) retrieved from /home/linuxlite/Documentos/airflow/venv/lib/python3.9/site-packages/airflow/example_dags/tutorial_etl_dag.py
[2023-08-28 23:26:15,954] {logging_mixin.py:115} INFO - [2023-08-28 23:26:15,954] {dag.py:2379} INFO - Sync 1 DAGs
[2023-08-28 23:26:15,970] {logging_mixin.py:115} INFO - [2023-08-28 23:26:15,970] {dag.py:2927} INFO - Setting next_dagrun for tutorial_etl_dag to None, run_after=None
[2023-08-28 23:26:15,981] {processor.py:161} INFO - Processing /home/linuxlite/Documentos/airflow/venv/lib/python3.9/site-packages/airflow/example_dags/tutorial_etl_dag.py took 0.064 seconds
[2023-08-28 23:26:50,405] {processor.py:153} INFO - Started process (PID=62266) to work on /home/linuxlite/Documentos/airflow/venv/lib/python3.9/site-packages/airflow/example_dags/tutorial_etl_dag.py
[2023-08-28 23:26:50,405] {processor.py:641} INFO - Processing file /home/linuxlite/Documentos/airflow/venv/lib/python3.9/site-packages/airflow/example_dags/tutorial_etl_dag.py for tasks to queue
[2023-08-28 23:26:50,406] {logging_mixin.py:115} INFO - [2023-08-28 23:26:50,406] {dagbag.py:507} INFO - Filling up the DagBag from /home/linuxlite/Documentos/airflow/venv/lib/python3.9/site-packages/airflow/example_dags/tutorial_etl_dag.py
[2023-08-28 23:26:50,413] {processor.py:651} INFO - DAG(s) dict_keys(['tutorial_etl_dag']) retrieved from /home/linuxlite/Documentos/airflow/venv/lib/python3.9/site-packages/airflow/example_dags/tutorial_etl_dag.py
[2023-08-28 23:26:50,430] {logging_mixin.py:115} INFO - [2023-08-28 23:26:50,430] {dag.py:2379} INFO - Sync 1 DAGs
[2023-08-28 23:26:50,444] {logging_mixin.py:115} INFO - [2023-08-28 23:26:50,444] {dag.py:2927} INFO - Setting next_dagrun for tutorial_etl_dag to None, run_after=None
[2023-08-28 23:26:50,456] {processor.py:161} INFO - Processing /home/linuxlite/Documentos/airflow/venv/lib/python3.9/site-packages/airflow/example_dags/tutorial_etl_dag.py took 0.055 seconds
[2023-08-28 23:27:21,882] {processor.py:153} INFO - Started process (PID=62316) to work on /home/linuxlite/Documentos/airflow/venv/lib/python3.9/site-packages/airflow/example_dags/tutorial_etl_dag.py
[2023-08-28 23:27:21,883] {processor.py:641} INFO - Processing file /home/linuxlite/Documentos/airflow/venv/lib/python3.9/site-packages/airflow/example_dags/tutorial_etl_dag.py for tasks to queue
[2023-08-28 23:27:21,884] {logging_mixin.py:115} INFO - [2023-08-28 23:27:21,884] {dagbag.py:507} INFO - Filling up the DagBag from /home/linuxlite/Documentos/airflow/venv/lib/python3.9/site-packages/airflow/example_dags/tutorial_etl_dag.py
[2023-08-28 23:27:21,894] {processor.py:651} INFO - DAG(s) dict_keys(['tutorial_etl_dag']) retrieved from /home/linuxlite/Documentos/airflow/venv/lib/python3.9/site-packages/airflow/example_dags/tutorial_etl_dag.py
[2023-08-28 23:27:21,918] {logging_mixin.py:115} INFO - [2023-08-28 23:27:21,918] {dag.py:2379} INFO - Sync 1 DAGs
[2023-08-28 23:27:21,938] {logging_mixin.py:115} INFO - [2023-08-28 23:27:21,938] {dag.py:2927} INFO - Setting next_dagrun for tutorial_etl_dag to None, run_after=None
[2023-08-28 23:27:21,950] {processor.py:161} INFO - Processing /home/linuxlite/Documentos/airflow/venv/lib/python3.9/site-packages/airflow/example_dags/tutorial_etl_dag.py took 0.073 seconds
