[2023-08-28 23:10:43,312] {processor.py:153} INFO - Started process (PID=59910) to work on /home/linuxlite/Documentos/airflow/venv/lib/python3.9/site-packages/airflow/example_dags/tutorial.py
[2023-08-28 23:10:43,312] {processor.py:641} INFO - Processing file /home/linuxlite/Documentos/airflow/venv/lib/python3.9/site-packages/airflow/example_dags/tutorial.py for tasks to queue
[2023-08-28 23:10:43,312] {logging_mixin.py:115} INFO - [2023-08-28 23:10:43,312] {dagbag.py:507} INFO - Filling up the DagBag from /home/linuxlite/Documentos/airflow/venv/lib/python3.9/site-packages/airflow/example_dags/tutorial.py
[2023-08-28 23:10:43,319] {processor.py:651} INFO - DAG(s) dict_keys(['tutorial']) retrieved from /home/linuxlite/Documentos/airflow/venv/lib/python3.9/site-packages/airflow/example_dags/tutorial.py
[2023-08-28 23:10:43,335] {logging_mixin.py:115} INFO - [2023-08-28 23:10:43,335] {dag.py:2379} INFO - Sync 1 DAGs
[2023-08-28 23:10:43,353] {logging_mixin.py:115} INFO - [2023-08-28 23:10:43,353] {dag.py:2927} INFO - Setting next_dagrun for tutorial to 2023-08-28T02:10:43.353558+00:00, run_after=2023-08-29T02:10:43.353558+00:00
[2023-08-28 23:10:43,367] {processor.py:161} INFO - Processing /home/linuxlite/Documentos/airflow/venv/lib/python3.9/site-packages/airflow/example_dags/tutorial.py took 0.059 seconds
[2023-08-28 23:11:19,016] {processor.py:153} INFO - Started process (PID=60048) to work on /home/linuxlite/Documentos/airflow/venv/lib/python3.9/site-packages/airflow/example_dags/tutorial.py
[2023-08-28 23:11:19,017] {processor.py:641} INFO - Processing file /home/linuxlite/Documentos/airflow/venv/lib/python3.9/site-packages/airflow/example_dags/tutorial.py for tasks to queue
[2023-08-28 23:11:19,017] {logging_mixin.py:115} INFO - [2023-08-28 23:11:19,017] {dagbag.py:507} INFO - Filling up the DagBag from /home/linuxlite/Documentos/airflow/venv/lib/python3.9/site-packages/airflow/example_dags/tutorial.py
[2023-08-28 23:11:19,023] {processor.py:651} INFO - DAG(s) dict_keys(['tutorial']) retrieved from /home/linuxlite/Documentos/airflow/venv/lib/python3.9/site-packages/airflow/example_dags/tutorial.py
[2023-08-28 23:11:19,042] {logging_mixin.py:115} INFO - [2023-08-28 23:11:19,042] {dag.py:2379} INFO - Sync 1 DAGs
[2023-08-28 23:11:19,063] {logging_mixin.py:115} INFO - [2023-08-28 23:11:19,062] {dag.py:2927} INFO - Setting next_dagrun for tutorial to 2023-08-28T02:11:19.062710+00:00, run_after=2023-08-29T02:11:19.062710+00:00
[2023-08-28 23:11:19,073] {processor.py:161} INFO - Processing /home/linuxlite/Documentos/airflow/venv/lib/python3.9/site-packages/airflow/example_dags/tutorial.py took 0.061 seconds
[2023-08-28 23:11:53,984] {processor.py:153} INFO - Started process (PID=60086) to work on /home/linuxlite/Documentos/airflow/venv/lib/python3.9/site-packages/airflow/example_dags/tutorial.py
[2023-08-28 23:11:53,985] {processor.py:641} INFO - Processing file /home/linuxlite/Documentos/airflow/venv/lib/python3.9/site-packages/airflow/example_dags/tutorial.py for tasks to queue
[2023-08-28 23:11:53,986] {logging_mixin.py:115} INFO - [2023-08-28 23:11:53,986] {dagbag.py:507} INFO - Filling up the DagBag from /home/linuxlite/Documentos/airflow/venv/lib/python3.9/site-packages/airflow/example_dags/tutorial.py
[2023-08-28 23:11:53,993] {processor.py:651} INFO - DAG(s) dict_keys(['tutorial']) retrieved from /home/linuxlite/Documentos/airflow/venv/lib/python3.9/site-packages/airflow/example_dags/tutorial.py
[2023-08-28 23:11:54,010] {logging_mixin.py:115} INFO - [2023-08-28 23:11:54,010] {dag.py:2379} INFO - Sync 1 DAGs
[2023-08-28 23:11:54,029] {logging_mixin.py:115} INFO - [2023-08-28 23:11:54,028] {dag.py:2927} INFO - Setting next_dagrun for tutorial to 2023-08-28T02:11:54.028331+00:00, run_after=2023-08-29T02:11:54.028331+00:00
[2023-08-28 23:11:54,043] {processor.py:161} INFO - Processing /home/linuxlite/Documentos/airflow/venv/lib/python3.9/site-packages/airflow/example_dags/tutorial.py took 0.063 seconds
[2023-08-28 23:12:27,884] {processor.py:153} INFO - Started process (PID=60130) to work on /home/linuxlite/Documentos/airflow/venv/lib/python3.9/site-packages/airflow/example_dags/tutorial.py
[2023-08-28 23:12:27,887] {processor.py:641} INFO - Processing file /home/linuxlite/Documentos/airflow/venv/lib/python3.9/site-packages/airflow/example_dags/tutorial.py for tasks to queue
[2023-08-28 23:12:27,891] {logging_mixin.py:115} INFO - [2023-08-28 23:12:27,891] {dagbag.py:507} INFO - Filling up the DagBag from /home/linuxlite/Documentos/airflow/venv/lib/python3.9/site-packages/airflow/example_dags/tutorial.py
[2023-08-28 23:12:27,898] {processor.py:651} INFO - DAG(s) dict_keys(['tutorial']) retrieved from /home/linuxlite/Documentos/airflow/venv/lib/python3.9/site-packages/airflow/example_dags/tutorial.py
[2023-08-28 23:12:27,930] {logging_mixin.py:115} INFO - [2023-08-28 23:12:27,930] {dag.py:2379} INFO - Sync 1 DAGs
[2023-08-28 23:12:27,955] {logging_mixin.py:115} INFO - [2023-08-28 23:12:27,955] {dag.py:2927} INFO - Setting next_dagrun for tutorial to 2023-08-28T02:12:27.955373+00:00, run_after=2023-08-29T02:12:27.955373+00:00
[2023-08-28 23:12:27,981] {processor.py:161} INFO - Processing /home/linuxlite/Documentos/airflow/venv/lib/python3.9/site-packages/airflow/example_dags/tutorial.py took 0.105 seconds
[2023-08-28 23:13:02,851] {processor.py:153} INFO - Started process (PID=60166) to work on /home/linuxlite/Documentos/airflow/venv/lib/python3.9/site-packages/airflow/example_dags/tutorial.py
[2023-08-28 23:13:02,852] {processor.py:641} INFO - Processing file /home/linuxlite/Documentos/airflow/venv/lib/python3.9/site-packages/airflow/example_dags/tutorial.py for tasks to queue
[2023-08-28 23:13:02,853] {logging_mixin.py:115} INFO - [2023-08-28 23:13:02,853] {dagbag.py:507} INFO - Filling up the DagBag from /home/linuxlite/Documentos/airflow/venv/lib/python3.9/site-packages/airflow/example_dags/tutorial.py
[2023-08-28 23:13:02,861] {processor.py:651} INFO - DAG(s) dict_keys(['tutorial']) retrieved from /home/linuxlite/Documentos/airflow/venv/lib/python3.9/site-packages/airflow/example_dags/tutorial.py
[2023-08-28 23:13:02,878] {logging_mixin.py:115} INFO - [2023-08-28 23:13:02,877] {dag.py:2379} INFO - Sync 1 DAGs
[2023-08-28 23:13:02,894] {logging_mixin.py:115} INFO - [2023-08-28 23:13:02,894] {dag.py:2927} INFO - Setting next_dagrun for tutorial to 2023-08-28T02:13:02.894175+00:00, run_after=2023-08-29T02:13:02.894175+00:00
[2023-08-28 23:13:02,905] {processor.py:161} INFO - Processing /home/linuxlite/Documentos/airflow/venv/lib/python3.9/site-packages/airflow/example_dags/tutorial.py took 0.060 seconds
[2023-08-28 23:13:35,665] {processor.py:153} INFO - Started process (PID=60203) to work on /home/linuxlite/Documentos/airflow/venv/lib/python3.9/site-packages/airflow/example_dags/tutorial.py
[2023-08-28 23:13:35,666] {processor.py:641} INFO - Processing file /home/linuxlite/Documentos/airflow/venv/lib/python3.9/site-packages/airflow/example_dags/tutorial.py for tasks to queue
[2023-08-28 23:13:35,666] {logging_mixin.py:115} INFO - [2023-08-28 23:13:35,666] {dagbag.py:507} INFO - Filling up the DagBag from /home/linuxlite/Documentos/airflow/venv/lib/python3.9/site-packages/airflow/example_dags/tutorial.py
[2023-08-28 23:13:35,672] {processor.py:651} INFO - DAG(s) dict_keys(['tutorial']) retrieved from /home/linuxlite/Documentos/airflow/venv/lib/python3.9/site-packages/airflow/example_dags/tutorial.py
[2023-08-28 23:13:35,689] {logging_mixin.py:115} INFO - [2023-08-28 23:13:35,689] {dag.py:2379} INFO - Sync 1 DAGs
[2023-08-28 23:13:35,713] {logging_mixin.py:115} INFO - [2023-08-28 23:13:35,713] {dag.py:2927} INFO - Setting next_dagrun for tutorial to 2023-08-28T02:13:35.713376+00:00, run_after=2023-08-29T02:13:35.713376+00:00
[2023-08-28 23:13:35,727] {processor.py:161} INFO - Processing /home/linuxlite/Documentos/airflow/venv/lib/python3.9/site-packages/airflow/example_dags/tutorial.py took 0.065 seconds
[2023-08-28 23:14:10,542] {processor.py:153} INFO - Started process (PID=60244) to work on /home/linuxlite/Documentos/airflow/venv/lib/python3.9/site-packages/airflow/example_dags/tutorial.py
[2023-08-28 23:14:10,543] {processor.py:641} INFO - Processing file /home/linuxlite/Documentos/airflow/venv/lib/python3.9/site-packages/airflow/example_dags/tutorial.py for tasks to queue
[2023-08-28 23:14:10,544] {logging_mixin.py:115} INFO - [2023-08-28 23:14:10,544] {dagbag.py:507} INFO - Filling up the DagBag from /home/linuxlite/Documentos/airflow/venv/lib/python3.9/site-packages/airflow/example_dags/tutorial.py
[2023-08-28 23:14:10,551] {processor.py:651} INFO - DAG(s) dict_keys(['tutorial']) retrieved from /home/linuxlite/Documentos/airflow/venv/lib/python3.9/site-packages/airflow/example_dags/tutorial.py
[2023-08-28 23:14:10,567] {logging_mixin.py:115} INFO - [2023-08-28 23:14:10,567] {dag.py:2379} INFO - Sync 1 DAGs
[2023-08-28 23:14:10,584] {logging_mixin.py:115} INFO - [2023-08-28 23:14:10,584] {dag.py:2927} INFO - Setting next_dagrun for tutorial to 2023-08-28T02:14:10.583752+00:00, run_after=2023-08-29T02:14:10.583752+00:00
[2023-08-28 23:14:10,596] {processor.py:161} INFO - Processing /home/linuxlite/Documentos/airflow/venv/lib/python3.9/site-packages/airflow/example_dags/tutorial.py took 0.058 seconds
[2023-08-28 23:14:46,507] {processor.py:153} INFO - Started process (PID=60294) to work on /home/linuxlite/Documentos/airflow/venv/lib/python3.9/site-packages/airflow/example_dags/tutorial.py
[2023-08-28 23:14:46,509] {processor.py:641} INFO - Processing file /home/linuxlite/Documentos/airflow/venv/lib/python3.9/site-packages/airflow/example_dags/tutorial.py for tasks to queue
[2023-08-28 23:14:46,510] {logging_mixin.py:115} INFO - [2023-08-28 23:14:46,509] {dagbag.py:507} INFO - Filling up the DagBag from /home/linuxlite/Documentos/airflow/venv/lib/python3.9/site-packages/airflow/example_dags/tutorial.py
[2023-08-28 23:14:46,523] {processor.py:651} INFO - DAG(s) dict_keys(['tutorial']) retrieved from /home/linuxlite/Documentos/airflow/venv/lib/python3.9/site-packages/airflow/example_dags/tutorial.py
[2023-08-28 23:14:46,550] {logging_mixin.py:115} INFO - [2023-08-28 23:14:46,550] {dag.py:2379} INFO - Sync 1 DAGs
[2023-08-28 23:14:46,580] {logging_mixin.py:115} INFO - [2023-08-28 23:14:46,580] {dag.py:2927} INFO - Setting next_dagrun for tutorial to 2023-08-28T02:14:46.579713+00:00, run_after=2023-08-29T02:14:46.579713+00:00
[2023-08-28 23:14:46,602] {processor.py:161} INFO - Processing /home/linuxlite/Documentos/airflow/venv/lib/python3.9/site-packages/airflow/example_dags/tutorial.py took 0.100 seconds
[2023-08-28 23:15:19,683] {processor.py:153} INFO - Started process (PID=60541) to work on /home/linuxlite/Documentos/airflow/venv/lib/python3.9/site-packages/airflow/example_dags/tutorial.py
[2023-08-28 23:15:19,684] {processor.py:641} INFO - Processing file /home/linuxlite/Documentos/airflow/venv/lib/python3.9/site-packages/airflow/example_dags/tutorial.py for tasks to queue
[2023-08-28 23:15:19,685] {logging_mixin.py:115} INFO - [2023-08-28 23:15:19,685] {dagbag.py:507} INFO - Filling up the DagBag from /home/linuxlite/Documentos/airflow/venv/lib/python3.9/site-packages/airflow/example_dags/tutorial.py
[2023-08-28 23:15:19,691] {processor.py:651} INFO - DAG(s) dict_keys(['tutorial']) retrieved from /home/linuxlite/Documentos/airflow/venv/lib/python3.9/site-packages/airflow/example_dags/tutorial.py
[2023-08-28 23:15:19,713] {logging_mixin.py:115} INFO - [2023-08-28 23:15:19,713] {dag.py:2379} INFO - Sync 1 DAGs
[2023-08-28 23:15:19,736] {logging_mixin.py:115} INFO - [2023-08-28 23:15:19,736] {dag.py:2927} INFO - Setting next_dagrun for tutorial to 2023-08-28T02:15:19.735755+00:00, run_after=2023-08-29T02:15:19.735755+00:00
[2023-08-28 23:15:19,751] {processor.py:161} INFO - Processing /home/linuxlite/Documentos/airflow/venv/lib/python3.9/site-packages/airflow/example_dags/tutorial.py took 0.071 seconds
[2023-08-28 23:15:53,015] {processor.py:153} INFO - Started process (PID=60574) to work on /home/linuxlite/Documentos/airflow/venv/lib/python3.9/site-packages/airflow/example_dags/tutorial.py
[2023-08-28 23:15:53,018] {processor.py:641} INFO - Processing file /home/linuxlite/Documentos/airflow/venv/lib/python3.9/site-packages/airflow/example_dags/tutorial.py for tasks to queue
[2023-08-28 23:15:53,019] {logging_mixin.py:115} INFO - [2023-08-28 23:15:53,019] {dagbag.py:507} INFO - Filling up the DagBag from /home/linuxlite/Documentos/airflow/venv/lib/python3.9/site-packages/airflow/example_dags/tutorial.py
[2023-08-28 23:15:53,028] {processor.py:651} INFO - DAG(s) dict_keys(['tutorial']) retrieved from /home/linuxlite/Documentos/airflow/venv/lib/python3.9/site-packages/airflow/example_dags/tutorial.py
[2023-08-28 23:15:53,052] {logging_mixin.py:115} INFO - [2023-08-28 23:15:53,052] {dag.py:2379} INFO - Sync 1 DAGs
[2023-08-28 23:15:53,075] {logging_mixin.py:115} INFO - [2023-08-28 23:15:53,075] {dag.py:2927} INFO - Setting next_dagrun for tutorial to 2023-08-28T02:15:53.074923+00:00, run_after=2023-08-29T02:15:53.074923+00:00
[2023-08-28 23:15:53,088] {processor.py:161} INFO - Processing /home/linuxlite/Documentos/airflow/venv/lib/python3.9/site-packages/airflow/example_dags/tutorial.py took 0.076 seconds
[2023-08-28 23:16:26,907] {processor.py:153} INFO - Started process (PID=60611) to work on /home/linuxlite/Documentos/airflow/venv/lib/python3.9/site-packages/airflow/example_dags/tutorial.py
[2023-08-28 23:16:26,908] {processor.py:641} INFO - Processing file /home/linuxlite/Documentos/airflow/venv/lib/python3.9/site-packages/airflow/example_dags/tutorial.py for tasks to queue
[2023-08-28 23:16:26,909] {logging_mixin.py:115} INFO - [2023-08-28 23:16:26,909] {dagbag.py:507} INFO - Filling up the DagBag from /home/linuxlite/Documentos/airflow/venv/lib/python3.9/site-packages/airflow/example_dags/tutorial.py
[2023-08-28 23:16:26,916] {processor.py:651} INFO - DAG(s) dict_keys(['tutorial']) retrieved from /home/linuxlite/Documentos/airflow/venv/lib/python3.9/site-packages/airflow/example_dags/tutorial.py
[2023-08-28 23:16:26,935] {logging_mixin.py:115} INFO - [2023-08-28 23:16:26,935] {dag.py:2379} INFO - Sync 1 DAGs
[2023-08-28 23:16:26,953] {logging_mixin.py:115} INFO - [2023-08-28 23:16:26,952] {dag.py:2927} INFO - Setting next_dagrun for tutorial to 2023-08-28T02:16:26.952694+00:00, run_after=2023-08-29T02:16:26.952694+00:00
[2023-08-28 23:16:26,964] {processor.py:161} INFO - Processing /home/linuxlite/Documentos/airflow/venv/lib/python3.9/site-packages/airflow/example_dags/tutorial.py took 0.063 seconds
[2023-08-28 23:16:59,039] {processor.py:153} INFO - Started process (PID=60822) to work on /home/linuxlite/Documentos/airflow/venv/lib/python3.9/site-packages/airflow/example_dags/tutorial.py
[2023-08-28 23:16:59,040] {processor.py:641} INFO - Processing file /home/linuxlite/Documentos/airflow/venv/lib/python3.9/site-packages/airflow/example_dags/tutorial.py for tasks to queue
[2023-08-28 23:16:59,041] {logging_mixin.py:115} INFO - [2023-08-28 23:16:59,040] {dagbag.py:507} INFO - Filling up the DagBag from /home/linuxlite/Documentos/airflow/venv/lib/python3.9/site-packages/airflow/example_dags/tutorial.py
[2023-08-28 23:16:59,050] {processor.py:651} INFO - DAG(s) dict_keys(['tutorial']) retrieved from /home/linuxlite/Documentos/airflow/venv/lib/python3.9/site-packages/airflow/example_dags/tutorial.py
[2023-08-28 23:16:59,072] {logging_mixin.py:115} INFO - [2023-08-28 23:16:59,072] {dag.py:2379} INFO - Sync 1 DAGs
[2023-08-28 23:16:59,092] {logging_mixin.py:115} INFO - [2023-08-28 23:16:59,092] {dag.py:2927} INFO - Setting next_dagrun for tutorial to 2023-08-28T02:16:59.091955+00:00, run_after=2023-08-29T02:16:59.091955+00:00
[2023-08-28 23:16:59,104] {processor.py:161} INFO - Processing /home/linuxlite/Documentos/airflow/venv/lib/python3.9/site-packages/airflow/example_dags/tutorial.py took 0.072 seconds
[2023-08-28 23:17:32,169] {processor.py:153} INFO - Started process (PID=60859) to work on /home/linuxlite/Documentos/airflow/venv/lib/python3.9/site-packages/airflow/example_dags/tutorial.py
[2023-08-28 23:17:32,170] {processor.py:641} INFO - Processing file /home/linuxlite/Documentos/airflow/venv/lib/python3.9/site-packages/airflow/example_dags/tutorial.py for tasks to queue
[2023-08-28 23:17:32,171] {logging_mixin.py:115} INFO - [2023-08-28 23:17:32,171] {dagbag.py:507} INFO - Filling up the DagBag from /home/linuxlite/Documentos/airflow/venv/lib/python3.9/site-packages/airflow/example_dags/tutorial.py
[2023-08-28 23:17:32,178] {processor.py:651} INFO - DAG(s) dict_keys(['tutorial']) retrieved from /home/linuxlite/Documentos/airflow/venv/lib/python3.9/site-packages/airflow/example_dags/tutorial.py
[2023-08-28 23:17:32,195] {logging_mixin.py:115} INFO - [2023-08-28 23:17:32,195] {dag.py:2379} INFO - Sync 1 DAGs
[2023-08-28 23:17:32,212] {logging_mixin.py:115} INFO - [2023-08-28 23:17:32,212] {dag.py:2927} INFO - Setting next_dagrun for tutorial to 2023-08-28T02:17:32.211789+00:00, run_after=2023-08-29T02:17:32.211789+00:00
[2023-08-28 23:17:32,223] {processor.py:161} INFO - Processing /home/linuxlite/Documentos/airflow/venv/lib/python3.9/site-packages/airflow/example_dags/tutorial.py took 0.058 seconds
[2023-08-28 23:18:08,237] {processor.py:153} INFO - Started process (PID=61330) to work on /home/linuxlite/Documentos/airflow/venv/lib/python3.9/site-packages/airflow/example_dags/tutorial.py
[2023-08-28 23:18:08,238] {processor.py:641} INFO - Processing file /home/linuxlite/Documentos/airflow/venv/lib/python3.9/site-packages/airflow/example_dags/tutorial.py for tasks to queue
[2023-08-28 23:18:08,238] {logging_mixin.py:115} INFO - [2023-08-28 23:18:08,238] {dagbag.py:507} INFO - Filling up the DagBag from /home/linuxlite/Documentos/airflow/venv/lib/python3.9/site-packages/airflow/example_dags/tutorial.py
[2023-08-28 23:18:08,244] {processor.py:651} INFO - DAG(s) dict_keys(['tutorial']) retrieved from /home/linuxlite/Documentos/airflow/venv/lib/python3.9/site-packages/airflow/example_dags/tutorial.py
[2023-08-28 23:18:08,259] {logging_mixin.py:115} INFO - [2023-08-28 23:18:08,259] {dag.py:2379} INFO - Sync 1 DAGs
[2023-08-28 23:18:08,276] {logging_mixin.py:115} INFO - [2023-08-28 23:18:08,276] {dag.py:2927} INFO - Setting next_dagrun for tutorial to 2023-08-28T02:18:08.276367+00:00, run_after=2023-08-29T02:18:08.276367+00:00
[2023-08-28 23:18:08,287] {processor.py:161} INFO - Processing /home/linuxlite/Documentos/airflow/venv/lib/python3.9/site-packages/airflow/example_dags/tutorial.py took 0.053 seconds
[2023-08-28 23:18:41,376] {processor.py:153} INFO - Started process (PID=61525) to work on /home/linuxlite/Documentos/airflow/venv/lib/python3.9/site-packages/airflow/example_dags/tutorial.py
[2023-08-28 23:18:41,376] {processor.py:641} INFO - Processing file /home/linuxlite/Documentos/airflow/venv/lib/python3.9/site-packages/airflow/example_dags/tutorial.py for tasks to queue
[2023-08-28 23:18:41,377] {logging_mixin.py:115} INFO - [2023-08-28 23:18:41,377] {dagbag.py:507} INFO - Filling up the DagBag from /home/linuxlite/Documentos/airflow/venv/lib/python3.9/site-packages/airflow/example_dags/tutorial.py
[2023-08-28 23:18:41,383] {processor.py:651} INFO - DAG(s) dict_keys(['tutorial']) retrieved from /home/linuxlite/Documentos/airflow/venv/lib/python3.9/site-packages/airflow/example_dags/tutorial.py
[2023-08-28 23:18:41,400] {logging_mixin.py:115} INFO - [2023-08-28 23:18:41,400] {dag.py:2379} INFO - Sync 1 DAGs
[2023-08-28 23:18:41,420] {logging_mixin.py:115} INFO - [2023-08-28 23:18:41,420] {dag.py:2927} INFO - Setting next_dagrun for tutorial to 2023-08-28T02:18:41.419791+00:00, run_after=2023-08-29T02:18:41.419791+00:00
[2023-08-28 23:18:41,432] {processor.py:161} INFO - Processing /home/linuxlite/Documentos/airflow/venv/lib/python3.9/site-packages/airflow/example_dags/tutorial.py took 0.059 seconds
[2023-08-28 23:19:15,656] {processor.py:153} INFO - Started process (PID=61573) to work on /home/linuxlite/Documentos/airflow/venv/lib/python3.9/site-packages/airflow/example_dags/tutorial.py
[2023-08-28 23:19:15,657] {processor.py:641} INFO - Processing file /home/linuxlite/Documentos/airflow/venv/lib/python3.9/site-packages/airflow/example_dags/tutorial.py for tasks to queue
[2023-08-28 23:19:15,658] {logging_mixin.py:115} INFO - [2023-08-28 23:19:15,658] {dagbag.py:507} INFO - Filling up the DagBag from /home/linuxlite/Documentos/airflow/venv/lib/python3.9/site-packages/airflow/example_dags/tutorial.py
[2023-08-28 23:19:15,666] {processor.py:651} INFO - DAG(s) dict_keys(['tutorial']) retrieved from /home/linuxlite/Documentos/airflow/venv/lib/python3.9/site-packages/airflow/example_dags/tutorial.py
[2023-08-28 23:19:15,686] {logging_mixin.py:115} INFO - [2023-08-28 23:19:15,686] {dag.py:2379} INFO - Sync 1 DAGs
[2023-08-28 23:19:15,704] {logging_mixin.py:115} INFO - [2023-08-28 23:19:15,704] {dag.py:2927} INFO - Setting next_dagrun for tutorial to 2023-08-28T02:19:15.704556+00:00, run_after=2023-08-29T02:19:15.704556+00:00
[2023-08-28 23:19:15,716] {processor.py:161} INFO - Processing /home/linuxlite/Documentos/airflow/venv/lib/python3.9/site-packages/airflow/example_dags/tutorial.py took 0.064 seconds
[2023-08-28 23:19:48,227] {processor.py:153} INFO - Started process (PID=61628) to work on /home/linuxlite/Documentos/airflow/venv/lib/python3.9/site-packages/airflow/example_dags/tutorial.py
[2023-08-28 23:19:48,228] {processor.py:641} INFO - Processing file /home/linuxlite/Documentos/airflow/venv/lib/python3.9/site-packages/airflow/example_dags/tutorial.py for tasks to queue
[2023-08-28 23:19:48,229] {logging_mixin.py:115} INFO - [2023-08-28 23:19:48,229] {dagbag.py:507} INFO - Filling up the DagBag from /home/linuxlite/Documentos/airflow/venv/lib/python3.9/site-packages/airflow/example_dags/tutorial.py
[2023-08-28 23:19:48,236] {processor.py:651} INFO - DAG(s) dict_keys(['tutorial']) retrieved from /home/linuxlite/Documentos/airflow/venv/lib/python3.9/site-packages/airflow/example_dags/tutorial.py
[2023-08-28 23:19:48,252] {logging_mixin.py:115} INFO - [2023-08-28 23:19:48,252] {dag.py:2379} INFO - Sync 1 DAGs
[2023-08-28 23:19:48,269] {logging_mixin.py:115} INFO - [2023-08-28 23:19:48,269] {dag.py:2927} INFO - Setting next_dagrun for tutorial to 2023-08-28T02:19:48.269482+00:00, run_after=2023-08-29T02:19:48.269482+00:00
[2023-08-28 23:19:48,280] {processor.py:161} INFO - Processing /home/linuxlite/Documentos/airflow/venv/lib/python3.9/site-packages/airflow/example_dags/tutorial.py took 0.058 seconds
[2023-08-28 23:20:20,140] {processor.py:153} INFO - Started process (PID=61727) to work on /home/linuxlite/Documentos/airflow/venv/lib/python3.9/site-packages/airflow/example_dags/tutorial.py
[2023-08-28 23:20:20,141] {processor.py:641} INFO - Processing file /home/linuxlite/Documentos/airflow/venv/lib/python3.9/site-packages/airflow/example_dags/tutorial.py for tasks to queue
[2023-08-28 23:20:20,142] {logging_mixin.py:115} INFO - [2023-08-28 23:20:20,142] {dagbag.py:507} INFO - Filling up the DagBag from /home/linuxlite/Documentos/airflow/venv/lib/python3.9/site-packages/airflow/example_dags/tutorial.py
[2023-08-28 23:20:20,148] {processor.py:651} INFO - DAG(s) dict_keys(['tutorial']) retrieved from /home/linuxlite/Documentos/airflow/venv/lib/python3.9/site-packages/airflow/example_dags/tutorial.py
[2023-08-28 23:20:20,169] {logging_mixin.py:115} INFO - [2023-08-28 23:20:20,169] {dag.py:2379} INFO - Sync 1 DAGs
[2023-08-28 23:20:20,185] {logging_mixin.py:115} INFO - [2023-08-28 23:20:20,185] {dag.py:2927} INFO - Setting next_dagrun for tutorial to 2023-08-28T02:20:20.185098+00:00, run_after=2023-08-29T02:20:20.185098+00:00
[2023-08-28 23:20:20,196] {processor.py:161} INFO - Processing /home/linuxlite/Documentos/airflow/venv/lib/python3.9/site-packages/airflow/example_dags/tutorial.py took 0.059 seconds
[2023-08-28 23:20:53,279] {processor.py:153} INFO - Started process (PID=61763) to work on /home/linuxlite/Documentos/airflow/venv/lib/python3.9/site-packages/airflow/example_dags/tutorial.py
[2023-08-28 23:20:53,280] {processor.py:641} INFO - Processing file /home/linuxlite/Documentos/airflow/venv/lib/python3.9/site-packages/airflow/example_dags/tutorial.py for tasks to queue
[2023-08-28 23:20:53,281] {logging_mixin.py:115} INFO - [2023-08-28 23:20:53,281] {dagbag.py:507} INFO - Filling up the DagBag from /home/linuxlite/Documentos/airflow/venv/lib/python3.9/site-packages/airflow/example_dags/tutorial.py
[2023-08-28 23:20:53,288] {processor.py:651} INFO - DAG(s) dict_keys(['tutorial']) retrieved from /home/linuxlite/Documentos/airflow/venv/lib/python3.9/site-packages/airflow/example_dags/tutorial.py
[2023-08-28 23:20:53,306] {logging_mixin.py:115} INFO - [2023-08-28 23:20:53,306] {dag.py:2379} INFO - Sync 1 DAGs
[2023-08-28 23:20:53,321] {logging_mixin.py:115} INFO - [2023-08-28 23:20:53,321] {dag.py:2927} INFO - Setting next_dagrun for tutorial to 2023-08-28T02:20:53.321036+00:00, run_after=2023-08-29T02:20:53.321036+00:00
[2023-08-28 23:20:53,332] {processor.py:161} INFO - Processing /home/linuxlite/Documentos/airflow/venv/lib/python3.9/site-packages/airflow/example_dags/tutorial.py took 0.058 seconds
[2023-08-28 23:21:26,108] {processor.py:153} INFO - Started process (PID=61802) to work on /home/linuxlite/Documentos/airflow/venv/lib/python3.9/site-packages/airflow/example_dags/tutorial.py
[2023-08-28 23:21:26,110] {processor.py:641} INFO - Processing file /home/linuxlite/Documentos/airflow/venv/lib/python3.9/site-packages/airflow/example_dags/tutorial.py for tasks to queue
[2023-08-28 23:21:26,110] {logging_mixin.py:115} INFO - [2023-08-28 23:21:26,110] {dagbag.py:507} INFO - Filling up the DagBag from /home/linuxlite/Documentos/airflow/venv/lib/python3.9/site-packages/airflow/example_dags/tutorial.py
[2023-08-28 23:21:26,120] {processor.py:651} INFO - DAG(s) dict_keys(['tutorial']) retrieved from /home/linuxlite/Documentos/airflow/venv/lib/python3.9/site-packages/airflow/example_dags/tutorial.py
[2023-08-28 23:21:26,144] {logging_mixin.py:115} INFO - [2023-08-28 23:21:26,144] {dag.py:2379} INFO - Sync 1 DAGs
[2023-08-28 23:21:26,159] {logging_mixin.py:115} INFO - [2023-08-28 23:21:26,159] {dag.py:2927} INFO - Setting next_dagrun for tutorial to 2023-08-28T02:21:26.159343+00:00, run_after=2023-08-29T02:21:26.159343+00:00
[2023-08-28 23:21:26,169] {processor.py:161} INFO - Processing /home/linuxlite/Documentos/airflow/venv/lib/python3.9/site-packages/airflow/example_dags/tutorial.py took 0.068 seconds
[2023-08-28 23:21:57,086] {processor.py:153} INFO - Started process (PID=61858) to work on /home/linuxlite/Documentos/airflow/venv/lib/python3.9/site-packages/airflow/example_dags/tutorial.py
[2023-08-28 23:21:57,087] {processor.py:641} INFO - Processing file /home/linuxlite/Documentos/airflow/venv/lib/python3.9/site-packages/airflow/example_dags/tutorial.py for tasks to queue
[2023-08-28 23:21:57,088] {logging_mixin.py:115} INFO - [2023-08-28 23:21:57,088] {dagbag.py:507} INFO - Filling up the DagBag from /home/linuxlite/Documentos/airflow/venv/lib/python3.9/site-packages/airflow/example_dags/tutorial.py
[2023-08-28 23:21:57,095] {processor.py:651} INFO - DAG(s) dict_keys(['tutorial']) retrieved from /home/linuxlite/Documentos/airflow/venv/lib/python3.9/site-packages/airflow/example_dags/tutorial.py
[2023-08-28 23:21:57,114] {logging_mixin.py:115} INFO - [2023-08-28 23:21:57,114] {dag.py:2379} INFO - Sync 1 DAGs
[2023-08-28 23:21:57,129] {logging_mixin.py:115} INFO - [2023-08-28 23:21:57,129] {dag.py:2927} INFO - Setting next_dagrun for tutorial to 2023-08-28T02:21:57.128615+00:00, run_after=2023-08-29T02:21:57.128615+00:00
[2023-08-28 23:21:57,141] {processor.py:161} INFO - Processing /home/linuxlite/Documentos/airflow/venv/lib/python3.9/site-packages/airflow/example_dags/tutorial.py took 0.058 seconds
[2023-08-28 23:22:28,195] {processor.py:153} INFO - Started process (PID=61891) to work on /home/linuxlite/Documentos/airflow/venv/lib/python3.9/site-packages/airflow/example_dags/tutorial.py
[2023-08-28 23:22:28,196] {processor.py:641} INFO - Processing file /home/linuxlite/Documentos/airflow/venv/lib/python3.9/site-packages/airflow/example_dags/tutorial.py for tasks to queue
[2023-08-28 23:22:28,197] {logging_mixin.py:115} INFO - [2023-08-28 23:22:28,196] {dagbag.py:507} INFO - Filling up the DagBag from /home/linuxlite/Documentos/airflow/venv/lib/python3.9/site-packages/airflow/example_dags/tutorial.py
[2023-08-28 23:22:28,203] {processor.py:651} INFO - DAG(s) dict_keys(['tutorial']) retrieved from /home/linuxlite/Documentos/airflow/venv/lib/python3.9/site-packages/airflow/example_dags/tutorial.py
[2023-08-28 23:22:28,223] {logging_mixin.py:115} INFO - [2023-08-28 23:22:28,223] {dag.py:2379} INFO - Sync 1 DAGs
[2023-08-28 23:22:28,239] {logging_mixin.py:115} INFO - [2023-08-28 23:22:28,239] {dag.py:2927} INFO - Setting next_dagrun for tutorial to 2023-08-28T02:22:28.239155+00:00, run_after=2023-08-29T02:22:28.239155+00:00
[2023-08-28 23:22:28,252] {processor.py:161} INFO - Processing /home/linuxlite/Documentos/airflow/venv/lib/python3.9/site-packages/airflow/example_dags/tutorial.py took 0.061 seconds
[2023-08-28 23:23:00,223] {processor.py:153} INFO - Started process (PID=61928) to work on /home/linuxlite/Documentos/airflow/venv/lib/python3.9/site-packages/airflow/example_dags/tutorial.py
[2023-08-28 23:23:00,224] {processor.py:641} INFO - Processing file /home/linuxlite/Documentos/airflow/venv/lib/python3.9/site-packages/airflow/example_dags/tutorial.py for tasks to queue
[2023-08-28 23:23:00,225] {logging_mixin.py:115} INFO - [2023-08-28 23:23:00,225] {dagbag.py:507} INFO - Filling up the DagBag from /home/linuxlite/Documentos/airflow/venv/lib/python3.9/site-packages/airflow/example_dags/tutorial.py
[2023-08-28 23:23:00,233] {processor.py:651} INFO - DAG(s) dict_keys(['tutorial']) retrieved from /home/linuxlite/Documentos/airflow/venv/lib/python3.9/site-packages/airflow/example_dags/tutorial.py
[2023-08-28 23:23:00,251] {logging_mixin.py:115} INFO - [2023-08-28 23:23:00,251] {dag.py:2379} INFO - Sync 1 DAGs
[2023-08-28 23:23:00,267] {logging_mixin.py:115} INFO - [2023-08-28 23:23:00,267] {dag.py:2927} INFO - Setting next_dagrun for tutorial to 2023-08-28T02:23:00.266808+00:00, run_after=2023-08-29T02:23:00.266808+00:00
[2023-08-28 23:23:00,278] {processor.py:161} INFO - Processing /home/linuxlite/Documentos/airflow/venv/lib/python3.9/site-packages/airflow/example_dags/tutorial.py took 0.059 seconds
[2023-08-28 23:23:35,016] {processor.py:153} INFO - Started process (PID=61969) to work on /home/linuxlite/Documentos/airflow/venv/lib/python3.9/site-packages/airflow/example_dags/tutorial.py
[2023-08-28 23:23:35,017] {processor.py:641} INFO - Processing file /home/linuxlite/Documentos/airflow/venv/lib/python3.9/site-packages/airflow/example_dags/tutorial.py for tasks to queue
[2023-08-28 23:23:35,018] {logging_mixin.py:115} INFO - [2023-08-28 23:23:35,018] {dagbag.py:507} INFO - Filling up the DagBag from /home/linuxlite/Documentos/airflow/venv/lib/python3.9/site-packages/airflow/example_dags/tutorial.py
[2023-08-28 23:23:35,024] {processor.py:651} INFO - DAG(s) dict_keys(['tutorial']) retrieved from /home/linuxlite/Documentos/airflow/venv/lib/python3.9/site-packages/airflow/example_dags/tutorial.py
[2023-08-28 23:23:35,046] {logging_mixin.py:115} INFO - [2023-08-28 23:23:35,046] {dag.py:2379} INFO - Sync 1 DAGs
[2023-08-28 23:23:35,063] {logging_mixin.py:115} INFO - [2023-08-28 23:23:35,063] {dag.py:2927} INFO - Setting next_dagrun for tutorial to 2023-08-28T02:23:35.063208+00:00, run_after=2023-08-29T02:23:35.063208+00:00
[2023-08-28 23:23:35,074] {processor.py:161} INFO - Processing /home/linuxlite/Documentos/airflow/venv/lib/python3.9/site-packages/airflow/example_dags/tutorial.py took 0.061 seconds
[2023-08-28 23:24:10,531] {processor.py:153} INFO - Started process (PID=62011) to work on /home/linuxlite/Documentos/airflow/venv/lib/python3.9/site-packages/airflow/example_dags/tutorial.py
[2023-08-28 23:24:10,532] {processor.py:641} INFO - Processing file /home/linuxlite/Documentos/airflow/venv/lib/python3.9/site-packages/airflow/example_dags/tutorial.py for tasks to queue
[2023-08-28 23:24:10,533] {logging_mixin.py:115} INFO - [2023-08-28 23:24:10,533] {dagbag.py:507} INFO - Filling up the DagBag from /home/linuxlite/Documentos/airflow/venv/lib/python3.9/site-packages/airflow/example_dags/tutorial.py
[2023-08-28 23:24:10,541] {processor.py:651} INFO - DAG(s) dict_keys(['tutorial']) retrieved from /home/linuxlite/Documentos/airflow/venv/lib/python3.9/site-packages/airflow/example_dags/tutorial.py
[2023-08-28 23:24:10,560] {logging_mixin.py:115} INFO - [2023-08-28 23:24:10,560] {dag.py:2379} INFO - Sync 1 DAGs
[2023-08-28 23:24:10,575] {logging_mixin.py:115} INFO - [2023-08-28 23:24:10,575] {dag.py:2927} INFO - Setting next_dagrun for tutorial to 2023-08-28T02:24:10.575210+00:00, run_after=2023-08-29T02:24:10.575210+00:00
[2023-08-28 23:24:10,587] {processor.py:161} INFO - Processing /home/linuxlite/Documentos/airflow/venv/lib/python3.9/site-packages/airflow/example_dags/tutorial.py took 0.060 seconds
[2023-08-28 23:24:41,594] {processor.py:153} INFO - Started process (PID=62053) to work on /home/linuxlite/Documentos/airflow/venv/lib/python3.9/site-packages/airflow/example_dags/tutorial.py
[2023-08-28 23:24:41,595] {processor.py:641} INFO - Processing file /home/linuxlite/Documentos/airflow/venv/lib/python3.9/site-packages/airflow/example_dags/tutorial.py for tasks to queue
[2023-08-28 23:24:41,596] {logging_mixin.py:115} INFO - [2023-08-28 23:24:41,596] {dagbag.py:507} INFO - Filling up the DagBag from /home/linuxlite/Documentos/airflow/venv/lib/python3.9/site-packages/airflow/example_dags/tutorial.py
[2023-08-28 23:24:41,602] {processor.py:651} INFO - DAG(s) dict_keys(['tutorial']) retrieved from /home/linuxlite/Documentos/airflow/venv/lib/python3.9/site-packages/airflow/example_dags/tutorial.py
[2023-08-28 23:24:41,621] {logging_mixin.py:115} INFO - [2023-08-28 23:24:41,620] {dag.py:2379} INFO - Sync 1 DAGs
[2023-08-28 23:24:41,635] {logging_mixin.py:115} INFO - [2023-08-28 23:24:41,635] {dag.py:2927} INFO - Setting next_dagrun for tutorial to 2023-08-28T02:24:41.635486+00:00, run_after=2023-08-29T02:24:41.635486+00:00
[2023-08-28 23:24:41,647] {processor.py:161} INFO - Processing /home/linuxlite/Documentos/airflow/venv/lib/python3.9/site-packages/airflow/example_dags/tutorial.py took 0.056 seconds
[2023-08-28 23:25:12,580] {processor.py:153} INFO - Started process (PID=62148) to work on /home/linuxlite/Documentos/airflow/venv/lib/python3.9/site-packages/airflow/example_dags/tutorial.py
[2023-08-28 23:25:12,581] {processor.py:641} INFO - Processing file /home/linuxlite/Documentos/airflow/venv/lib/python3.9/site-packages/airflow/example_dags/tutorial.py for tasks to queue
[2023-08-28 23:25:12,582] {logging_mixin.py:115} INFO - [2023-08-28 23:25:12,582] {dagbag.py:507} INFO - Filling up the DagBag from /home/linuxlite/Documentos/airflow/venv/lib/python3.9/site-packages/airflow/example_dags/tutorial.py
[2023-08-28 23:25:12,588] {processor.py:651} INFO - DAG(s) dict_keys(['tutorial']) retrieved from /home/linuxlite/Documentos/airflow/venv/lib/python3.9/site-packages/airflow/example_dags/tutorial.py
[2023-08-28 23:25:12,608] {logging_mixin.py:115} INFO - [2023-08-28 23:25:12,608] {dag.py:2379} INFO - Sync 1 DAGs
[2023-08-28 23:25:12,622] {logging_mixin.py:115} INFO - [2023-08-28 23:25:12,622] {dag.py:2927} INFO - Setting next_dagrun for tutorial to 2023-08-28T02:25:12.622160+00:00, run_after=2023-08-29T02:25:12.622160+00:00
[2023-08-28 23:25:12,635] {processor.py:161} INFO - Processing /home/linuxlite/Documentos/airflow/venv/lib/python3.9/site-packages/airflow/example_dags/tutorial.py took 0.059 seconds
[2023-08-28 23:25:43,326] {processor.py:153} INFO - Started process (PID=62181) to work on /home/linuxlite/Documentos/airflow/venv/lib/python3.9/site-packages/airflow/example_dags/tutorial.py
[2023-08-28 23:25:43,328] {processor.py:641} INFO - Processing file /home/linuxlite/Documentos/airflow/venv/lib/python3.9/site-packages/airflow/example_dags/tutorial.py for tasks to queue
[2023-08-28 23:25:43,329] {logging_mixin.py:115} INFO - [2023-08-28 23:25:43,329] {dagbag.py:507} INFO - Filling up the DagBag from /home/linuxlite/Documentos/airflow/venv/lib/python3.9/site-packages/airflow/example_dags/tutorial.py
[2023-08-28 23:25:43,338] {processor.py:651} INFO - DAG(s) dict_keys(['tutorial']) retrieved from /home/linuxlite/Documentos/airflow/venv/lib/python3.9/site-packages/airflow/example_dags/tutorial.py
[2023-08-28 23:25:43,357] {logging_mixin.py:115} INFO - [2023-08-28 23:25:43,357] {dag.py:2379} INFO - Sync 1 DAGs
[2023-08-28 23:25:43,373] {logging_mixin.py:115} INFO - [2023-08-28 23:25:43,373] {dag.py:2927} INFO - Setting next_dagrun for tutorial to 2023-08-28T02:25:43.372935+00:00, run_after=2023-08-29T02:25:43.372935+00:00
[2023-08-28 23:25:43,385] {processor.py:161} INFO - Processing /home/linuxlite/Documentos/airflow/venv/lib/python3.9/site-packages/airflow/example_dags/tutorial.py took 0.066 seconds
[2023-08-28 23:26:14,774] {processor.py:153} INFO - Started process (PID=62221) to work on /home/linuxlite/Documentos/airflow/venv/lib/python3.9/site-packages/airflow/example_dags/tutorial.py
[2023-08-28 23:26:14,775] {processor.py:641} INFO - Processing file /home/linuxlite/Documentos/airflow/venv/lib/python3.9/site-packages/airflow/example_dags/tutorial.py for tasks to queue
[2023-08-28 23:26:14,775] {logging_mixin.py:115} INFO - [2023-08-28 23:26:14,775] {dagbag.py:507} INFO - Filling up the DagBag from /home/linuxlite/Documentos/airflow/venv/lib/python3.9/site-packages/airflow/example_dags/tutorial.py
[2023-08-28 23:26:14,781] {processor.py:651} INFO - DAG(s) dict_keys(['tutorial']) retrieved from /home/linuxlite/Documentos/airflow/venv/lib/python3.9/site-packages/airflow/example_dags/tutorial.py
[2023-08-28 23:26:14,799] {logging_mixin.py:115} INFO - [2023-08-28 23:26:14,799] {dag.py:2379} INFO - Sync 1 DAGs
[2023-08-28 23:26:14,814] {logging_mixin.py:115} INFO - [2023-08-28 23:26:14,814] {dag.py:2927} INFO - Setting next_dagrun for tutorial to 2023-08-28T02:26:14.814450+00:00, run_after=2023-08-29T02:26:14.814450+00:00
[2023-08-28 23:26:14,826] {processor.py:161} INFO - Processing /home/linuxlite/Documentos/airflow/venv/lib/python3.9/site-packages/airflow/example_dags/tutorial.py took 0.055 seconds
[2023-08-28 23:26:45,862] {processor.py:153} INFO - Started process (PID=62260) to work on /home/linuxlite/Documentos/airflow/venv/lib/python3.9/site-packages/airflow/example_dags/tutorial.py
[2023-08-28 23:26:45,863] {processor.py:641} INFO - Processing file /home/linuxlite/Documentos/airflow/venv/lib/python3.9/site-packages/airflow/example_dags/tutorial.py for tasks to queue
[2023-08-28 23:26:45,864] {logging_mixin.py:115} INFO - [2023-08-28 23:26:45,864] {dagbag.py:507} INFO - Filling up the DagBag from /home/linuxlite/Documentos/airflow/venv/lib/python3.9/site-packages/airflow/example_dags/tutorial.py
[2023-08-28 23:26:45,870] {processor.py:651} INFO - DAG(s) dict_keys(['tutorial']) retrieved from /home/linuxlite/Documentos/airflow/venv/lib/python3.9/site-packages/airflow/example_dags/tutorial.py
[2023-08-28 23:26:45,888] {logging_mixin.py:115} INFO - [2023-08-28 23:26:45,888] {dag.py:2379} INFO - Sync 1 DAGs
[2023-08-28 23:26:45,904] {logging_mixin.py:115} INFO - [2023-08-28 23:26:45,904] {dag.py:2927} INFO - Setting next_dagrun for tutorial to 2023-08-28T02:26:45.903922+00:00, run_after=2023-08-29T02:26:45.903922+00:00
[2023-08-28 23:26:45,914] {processor.py:161} INFO - Processing /home/linuxlite/Documentos/airflow/venv/lib/python3.9/site-packages/airflow/example_dags/tutorial.py took 0.054 seconds
[2023-08-28 23:27:17,874] {processor.py:153} INFO - Started process (PID=62312) to work on /home/linuxlite/Documentos/airflow/venv/lib/python3.9/site-packages/airflow/example_dags/tutorial.py
[2023-08-28 23:27:17,875] {processor.py:641} INFO - Processing file /home/linuxlite/Documentos/airflow/venv/lib/python3.9/site-packages/airflow/example_dags/tutorial.py for tasks to queue
[2023-08-28 23:27:17,875] {logging_mixin.py:115} INFO - [2023-08-28 23:27:17,875] {dagbag.py:507} INFO - Filling up the DagBag from /home/linuxlite/Documentos/airflow/venv/lib/python3.9/site-packages/airflow/example_dags/tutorial.py
[2023-08-28 23:27:17,881] {processor.py:651} INFO - DAG(s) dict_keys(['tutorial']) retrieved from /home/linuxlite/Documentos/airflow/venv/lib/python3.9/site-packages/airflow/example_dags/tutorial.py
[2023-08-28 23:27:17,898] {logging_mixin.py:115} INFO - [2023-08-28 23:27:17,898] {dag.py:2379} INFO - Sync 1 DAGs
[2023-08-28 23:27:17,914] {logging_mixin.py:115} INFO - [2023-08-28 23:27:17,914] {dag.py:2927} INFO - Setting next_dagrun for tutorial to 2023-08-28T02:27:17.914182+00:00, run_after=2023-08-29T02:27:17.914182+00:00
[2023-08-28 23:27:17,925] {processor.py:161} INFO - Processing /home/linuxlite/Documentos/airflow/venv/lib/python3.9/site-packages/airflow/example_dags/tutorial.py took 0.054 seconds
