[2023-08-18 18:35:27,243] {processor.py:153} INFO - Started process (PID=18480) to work on /home/linuxlite/Documentos/airflow/venv/lib/python3.9/site-packages/airflow/example_dags/subdags/subdag.py
[2023-08-18 18:35:27,244] {processor.py:641} INFO - Processing file /home/linuxlite/Documentos/airflow/venv/lib/python3.9/site-packages/airflow/example_dags/subdags/subdag.py for tasks to queue
[2023-08-18 18:35:27,245] {logging_mixin.py:115} INFO - [2023-08-18 18:35:27,245] {dagbag.py:507} INFO - Filling up the DagBag from /home/linuxlite/Documentos/airflow/venv/lib/python3.9/site-packages/airflow/example_dags/subdags/subdag.py
[2023-08-18 18:35:27,249] {processor.py:653} WARNING - No viable dags retrieved from /home/linuxlite/Documentos/airflow/venv/lib/python3.9/site-packages/airflow/example_dags/subdags/subdag.py
[2023-08-18 18:35:27,361] {processor.py:161} INFO - Processing /home/linuxlite/Documentos/airflow/venv/lib/python3.9/site-packages/airflow/example_dags/subdags/subdag.py took 0.157 seconds
[2023-08-18 18:40:01,653] {processor.py:153} INFO - Started process (PID=19346) to work on /home/linuxlite/Documentos/airflow/venv/lib/python3.9/site-packages/airflow/example_dags/subdags/subdag.py
[2023-08-18 18:40:01,655] {processor.py:641} INFO - Processing file /home/linuxlite/Documentos/airflow/venv/lib/python3.9/site-packages/airflow/example_dags/subdags/subdag.py for tasks to queue
[2023-08-18 18:40:01,655] {logging_mixin.py:115} INFO - [2023-08-18 18:40:01,655] {dagbag.py:507} INFO - Filling up the DagBag from /home/linuxlite/Documentos/airflow/venv/lib/python3.9/site-packages/airflow/example_dags/subdags/subdag.py
[2023-08-18 18:40:01,657] {processor.py:653} WARNING - No viable dags retrieved from /home/linuxlite/Documentos/airflow/venv/lib/python3.9/site-packages/airflow/example_dags/subdags/subdag.py
[2023-08-18 18:40:01,679] {processor.py:161} INFO - Processing /home/linuxlite/Documentos/airflow/venv/lib/python3.9/site-packages/airflow/example_dags/subdags/subdag.py took 0.031 seconds
[2023-08-18 18:40:48,678] {processor.py:153} INFO - Started process (PID=19654) to work on /home/linuxlite/Documentos/airflow/venv/lib/python3.9/site-packages/airflow/example_dags/subdags/subdag.py
[2023-08-18 18:40:48,679] {processor.py:641} INFO - Processing file /home/linuxlite/Documentos/airflow/venv/lib/python3.9/site-packages/airflow/example_dags/subdags/subdag.py for tasks to queue
[2023-08-18 18:40:48,680] {logging_mixin.py:115} INFO - [2023-08-18 18:40:48,680] {dagbag.py:507} INFO - Filling up the DagBag from /home/linuxlite/Documentos/airflow/venv/lib/python3.9/site-packages/airflow/example_dags/subdags/subdag.py
[2023-08-18 18:40:48,683] {processor.py:653} WARNING - No viable dags retrieved from /home/linuxlite/Documentos/airflow/venv/lib/python3.9/site-packages/airflow/example_dags/subdags/subdag.py
[2023-08-18 18:40:48,719] {processor.py:161} INFO - Processing /home/linuxlite/Documentos/airflow/venv/lib/python3.9/site-packages/airflow/example_dags/subdags/subdag.py took 0.048 seconds
[2023-08-18 18:41:28,802] {processor.py:153} INFO - Started process (PID=19823) to work on /home/linuxlite/Documentos/airflow/venv/lib/python3.9/site-packages/airflow/example_dags/subdags/subdag.py
[2023-08-18 18:41:28,809] {processor.py:641} INFO - Processing file /home/linuxlite/Documentos/airflow/venv/lib/python3.9/site-packages/airflow/example_dags/subdags/subdag.py for tasks to queue
[2023-08-18 18:41:28,810] {logging_mixin.py:115} INFO - [2023-08-18 18:41:28,809] {dagbag.py:507} INFO - Filling up the DagBag from /home/linuxlite/Documentos/airflow/venv/lib/python3.9/site-packages/airflow/example_dags/subdags/subdag.py
[2023-08-18 18:41:28,812] {processor.py:653} WARNING - No viable dags retrieved from /home/linuxlite/Documentos/airflow/venv/lib/python3.9/site-packages/airflow/example_dags/subdags/subdag.py
[2023-08-18 18:41:28,865] {processor.py:161} INFO - Processing /home/linuxlite/Documentos/airflow/venv/lib/python3.9/site-packages/airflow/example_dags/subdags/subdag.py took 0.082 seconds
[2023-08-18 18:42:11,167] {processor.py:153} INFO - Started process (PID=20059) to work on /home/linuxlite/Documentos/airflow/venv/lib/python3.9/site-packages/airflow/example_dags/subdags/subdag.py
[2023-08-18 18:42:11,186] {processor.py:641} INFO - Processing file /home/linuxlite/Documentos/airflow/venv/lib/python3.9/site-packages/airflow/example_dags/subdags/subdag.py for tasks to queue
[2023-08-18 18:42:11,188] {logging_mixin.py:115} INFO - [2023-08-18 18:42:11,188] {dagbag.py:507} INFO - Filling up the DagBag from /home/linuxlite/Documentos/airflow/venv/lib/python3.9/site-packages/airflow/example_dags/subdags/subdag.py
[2023-08-18 18:42:11,193] {processor.py:653} WARNING - No viable dags retrieved from /home/linuxlite/Documentos/airflow/venv/lib/python3.9/site-packages/airflow/example_dags/subdags/subdag.py
[2023-08-18 18:42:11,251] {processor.py:161} INFO - Processing /home/linuxlite/Documentos/airflow/venv/lib/python3.9/site-packages/airflow/example_dags/subdags/subdag.py took 0.093 seconds
