[2023-08-21 10:40:20,919] {taskinstance.py:1159} INFO - Dependencies all met for <TaskInstance: dados_climaticos.cria_pasta scheduled__2023-08-14T00:00:00+00:00 [queued]>
[2023-08-21 10:40:20,925] {taskinstance.py:1159} INFO - Dependencies all met for <TaskInstance: dados_climaticos.cria_pasta scheduled__2023-08-14T00:00:00+00:00 [queued]>
[2023-08-21 10:40:20,925] {taskinstance.py:1356} INFO - 
--------------------------------------------------------------------------------
[2023-08-21 10:40:20,925] {taskinstance.py:1357} INFO - Starting attempt 1 of 1
[2023-08-21 10:40:20,925] {taskinstance.py:1358} INFO - 
--------------------------------------------------------------------------------
[2023-08-21 10:40:20,938] {taskinstance.py:1377} INFO - Executing <Task(BashOperator): cria_pasta> on 2023-08-14 00:00:00+00:00
[2023-08-21 10:40:20,943] {standard_task_runner.py:52} INFO - Started process 97332 to run task
[2023-08-21 10:40:20,955] {standard_task_runner.py:79} INFO - Running: ['airflow', 'tasks', 'run', 'dados_climaticos', 'cria_pasta', 'scheduled__2023-08-14T00:00:00+00:00', '--job-id', '15', '--raw', '--subdir', 'DAGS_FOLDER/dados_climaticos.py', '--cfg-path', '/tmp/tmpn0uluvnp', '--error-file', '/tmp/tmpbv9w12sg']
[2023-08-21 10:40:20,956] {standard_task_runner.py:80} INFO - Job 15: Subtask cria_pasta
[2023-08-21 10:40:21,031] {task_command.py:370} INFO - Running <TaskInstance: dados_climaticos.cria_pasta scheduled__2023-08-14T00:00:00+00:00 [running]> on host linuxlite-virtual-machine
[2023-08-21 10:40:21,159] {taskinstance.py:1569} INFO - Exporting the following env vars:
AIRFLOW_CTX_DAG_OWNER=airflow
AIRFLOW_CTX_DAG_ID=dados_climaticos
AIRFLOW_CTX_TASK_ID=cria_pasta
AIRFLOW_CTX_EXECUTION_DATE=2023-08-14T00:00:00+00:00
AIRFLOW_CTX_TRY_NUMBER=1
AIRFLOW_CTX_DAG_RUN_ID=scheduled__2023-08-14T00:00:00+00:00
[2023-08-21 10:40:21,160] {subprocess.py:62} INFO - Tmp dir root location: 
 /tmp
[2023-08-21 10:40:21,160] {subprocess.py:74} INFO - Running command: ['bash', '-c', 'mkdir -p "/home/linuxlite/Documentos/airflow/semana=2023-08-21"']
[2023-08-21 10:40:21,168] {subprocess.py:85} INFO - Output:
[2023-08-21 10:40:21,209] {subprocess.py:96} INFO - Command exited with return code 0
[2023-08-21 10:40:21,297] {taskinstance.py:1395} INFO - Marking task as SUCCESS. dag_id=dados_climaticos, task_id=cria_pasta, execution_date=20230814T000000, start_date=20230821T134020, end_date=20230821T134021
[2023-08-21 10:40:21,354] {local_task_job.py:156} INFO - Task exited with return code 0
[2023-08-21 10:40:21,394] {local_task_job.py:273} INFO - 1 downstream tasks scheduled from follow-on schedule check
