[2023-08-18 18:45:26,386] {taskinstance.py:1159} INFO - Dependencies all met for <TaskInstance: dados_climaticos.extrai_dados manual__2023-08-18T21:45:19.472749+00:00 [queued]>
[2023-08-18 18:45:26,393] {taskinstance.py:1159} INFO - Dependencies all met for <TaskInstance: dados_climaticos.extrai_dados manual__2023-08-18T21:45:19.472749+00:00 [queued]>
[2023-08-18 18:45:26,393] {taskinstance.py:1356} INFO - 
--------------------------------------------------------------------------------
[2023-08-18 18:45:26,394] {taskinstance.py:1357} INFO - Starting attempt 1 of 1
[2023-08-18 18:45:26,396] {taskinstance.py:1358} INFO - 
--------------------------------------------------------------------------------
[2023-08-18 18:45:26,416] {taskinstance.py:1377} INFO - Executing <Task(PythonOperator): extrai_dados> on 2023-08-18 21:45:19.472749+00:00
[2023-08-18 18:45:26,420] {standard_task_runner.py:52} INFO - Started process 4824 to run task
[2023-08-18 18:45:26,435] {standard_task_runner.py:79} INFO - Running: ['airflow', 'tasks', 'run', 'dados_climaticos', 'extrai_dados', 'manual__2023-08-18T21:45:19.472749+00:00', '--job-id', '12', '--raw', '--subdir', 'DAGS_FOLDER/dados_climaticos.py', '--cfg-path', '/tmp/tmpjfrw55cc', '--error-file', '/tmp/tmpzcthc36s']
[2023-08-18 18:45:26,436] {standard_task_runner.py:80} INFO - Job 12: Subtask extrai_dados
[2023-08-18 18:45:26,499] {task_command.py:370} INFO - Running <TaskInstance: dados_climaticos.extrai_dados manual__2023-08-18T21:45:19.472749+00:00 [running]> on host linuxlite-virtual-machine
[2023-08-18 18:45:26,560] {taskinstance.py:1569} INFO - Exporting the following env vars:
AIRFLOW_CTX_DAG_OWNER=airflow
AIRFLOW_CTX_DAG_ID=dados_climaticos
AIRFLOW_CTX_TASK_ID=extrai_dados
AIRFLOW_CTX_EXECUTION_DATE=2023-08-18T21:45:19.472749+00:00
AIRFLOW_CTX_TRY_NUMBER=1
AIRFLOW_CTX_DAG_RUN_ID=manual__2023-08-18T21:45:19.472749+00:00
[2023-08-18 18:45:27,594] {python.py:173} INFO - Done. Returned value was: None
[2023-08-18 18:45:27,601] {taskinstance.py:1395} INFO - Marking task as SUCCESS. dag_id=dados_climaticos, task_id=extrai_dados, execution_date=20230818T214519, start_date=20230818T214526, end_date=20230818T214527
[2023-08-18 18:45:27,613] {local_task_job.py:156} INFO - Task exited with return code 0
[2023-08-18 18:45:27,631] {local_task_job.py:273} INFO - 0 downstream tasks scheduled from follow-on schedule check
